Connected to the target VM, address: '127.0.0.1:62309', transport: 'socket'
Loading 'file:/C:/Java/8080-emulator/src/main/resources/lik/roms/01_zagr.bin' into [C000:C7FF]
Loading 'file:/C:/Java/8080-emulator/src/main/resources/lik/roms/02_mon-1m.bin' into [C800:CFFF]
Loading 'file:/C:/Java/8080-emulator/src/main/resources/lik/roms/03_mon-1m_basicLik.bin' into [D000:D7FF]
Loading 'file:/C:/Java/8080-emulator/src/main/resources/lik/roms/04_basicLik.bin' into [D800:DFFF]
Loading 'file:/C:/Java/8080-emulator/src/main/resources/lik/roms/05_basicLik.bin' into [E000:E7FF]
Loading 'file:/C:/Java/8080-emulator/src/main/resources/lik/roms/06_basicLik.bin' into [E800:EFFF]
Loading 'file:/C:/Java/8080-emulator/src/main/resources/test/8080ex1/8080ex1.mem' into [0000:11BE]
[0] [1] [2] [3] [4] [5] [6] [7] [8] [9] [10] [11] [12] [13] [14] [15] 0000  C3 13 00  JMP 0013    (1)  BC:0000  DE:0000  HL:0000  AF:0046  SP:7FFD  PC:0000
0013  11 ED 0C  LXI D,0CED  (1)  BC:0000  DE:0000  HL:0000  AF:0046  SP:7FFD  PC:0013
0016  CD A1 0C  CALL 0CA1   (1)  BC:0000  DE:0CED  HL:0000  AF:0046  SP:7FFD  PC:0016
0CA1  C5        PUSH B      (2)  BC:0000  DE:0CED  HL:0000  AF:0046  SP:7FFB  PC:0CA1
0CA2  D5        PUSH D      (2)  BC:0000  DE:0CED  HL:0000  AF:0046  SP:7FF9  PC:0CA2
0CA3  E5        PUSH H      (2)  BC:0000  DE:0CED  HL:0000  AF:0046  SP:7FF7  PC:0CA3
0CA4  F5        PUSH PSW    (2)  BC:0000  DE:0CED  HL:0000  AF:0046  SP:7FF5  PC:0CA4
0CA5  EB        XCHG        (2)  BC:0000  DE:0CED  HL:0000  AF:0046  SP:7FF3  PC:0CA5
0CA6  7E        MOV A,M     (2)  BC:0000  DE:0000  HL:0CED  AF:0046  SP:7FF3  PC:0CA6
0CA7  FE 24     CPI 24      (2)  BC:0000  DE:0000  HL:0CED  AF:0D46  SP:7FF3  PC:0CA7
0CA9  CA B4 0C  JZ 0CB4     (2)  BC:0000  DE:0000  HL:0CED  AF:0D93  SP:7FF3  PC:0CA9
0CAC  7E        MOV A,M     (2)  BC:0000  DE:0000  HL:0CED  AF:0D93  SP:7FF3  PC:0CAC
0CAD  CD B9 0C  CALL 0CB9   (2)  BC:0000  DE:0000  HL:0CED  AF:0D93  SP:7FF3  PC:0CAD
0CB9  C5        PUSH B      (3)  BC:0000  DE:0000  HL:0CED  AF:0D93  SP:7FF1  PC:0CB9
0CBA  D5        PUSH D      (3)  BC:0000  DE:0000  HL:0CED  AF:0D93  SP:7FEF  PC:0CBA
0CBB  E5        PUSH H      (3)  BC:0000  DE:0000  HL:0CED  AF:0D93  SP:7FED  PC:0CBB
0CBC  F5        PUSH PSW    (3)  BC:0000  DE:0000  HL:0CED  AF:0D93  SP:7FEB  PC:0CBC
0CBD  4F        MOV C,A     (3)  BC:0000  DE:0000  HL:0CED  AF:0D93  SP:7FE9  PC:0CBD
0CBE  CD 37 C0  CALL C037   (3)  BC:000D  DE:0000  HL:0CED  AF:0D93  SP:7FE9  PC:0CBE
0CC1  F1        POP PSW     (3)  BC:000D  DE:0000  HL:0CED  AF:0D93  SP:7FE9  PC:0CC1
0CC2  E1        POP H       (3)  BC:000D  DE:0000  HL:0CED  AF:0D93  SP:7FEB  PC:0CC2
0CC3  D1        POP D       (3)  BC:000D  DE:0000  HL:0CED  AF:0D93  SP:7FED  PC:0CC3
0CC4  C1        POP B       (3)  BC:000D  DE:0000  HL:0CED  AF:0D93  SP:7FEF  PC:0CC4
0CC5  C9        RET         (3)  BC:0000  DE:0000  HL:0CED  AF:0D93  SP:7FF1  PC:0CC5
0CB0  23        INX H       (2)  BC:0000  DE:0000  HL:0CED  AF:0D93  SP:7FF3  PC:0CB0
0CB1  C3 A6 0C  JMP 0CA6    (2)  BC:0000  DE:0000  HL:0CEE  AF:0D93  SP:7FF3  PC:0CB1
0CA6  7E        MOV A,M     (2)  BC:0000  DE:0000  HL:0CEE  AF:0D93  SP:7FF3  PC:0CA6
0CA7  FE 24     CPI 24      (2)  BC:0000  DE:0000  HL:0CEE  AF:0A93  SP:7FF3  PC:0CA7
0CA9  CA B4 0C  JZ 0CB4     (2)  BC:0000  DE:0000  HL:0CEE  AF:0A93  SP:7FF3  PC:0CA9
0CAC  7E        MOV A,M     (2)  BC:0000  DE:0000  HL:0CEE  AF:0A93  SP:7FF3  PC:0CAC
0CAD  CD B9 0C  CALL 0CB9   (2)  BC:0000  DE:0000  HL:0CEE  AF:0A93  SP:7FF3  PC:0CAD
0CB9  C5        PUSH B      (3)  BC:0000  DE:0000  HL:0CEE  AF:0A93  SP:7FF1  PC:0CB9
0CBA  D5        PUSH D      (3)  BC:0000  DE:0000  HL:0CEE  AF:0A93  SP:7FEF  PC:0CBA
0CBB  E5        PUSH H      (3)  BC:0000  DE:0000  HL:0CEE  AF:0A93  SP:7FED  PC:0CBB
0CBC  F5        PUSH PSW    (3)  BC:0000  DE:0000  HL:0CEE  AF:0A93  SP:7FEB  PC:0CBC
0CBD  4F        MOV C,A     (3)  BC:0000  DE:0000  HL:0CEE  AF:0A93  SP:7FE9  PC:0CBD
0CBE  CD 37 C0  CALL C037   (3)  BC:000A  DE:0000  HL:0CEE  AF:0A93  SP:7FE9  PC:0CBE
0CC1  F1        POP PSW     (3)  BC:000A  DE:0000  HL:0CEE  AF:0A93  SP:7FE9  PC:0CC1
0CC2  E1        POP H       (3)  BC:000A  DE:0000  HL:0CEE  AF:0A93  SP:7FEB  PC:0CC2
0CC3  D1        POP D       (3)  BC:000A  DE:0000  HL:0CEE  AF:0A93  SP:7FED  PC:0CC3
0CC4  C1        POP B       (3)  BC:000A  DE:0000  HL:0CEE  AF:0A93  SP:7FEF  PC:0CC4
0CC5  C9        RET         (3)  BC:0000  DE:0000  HL:0CEE  AF:0A93  SP:7FF1  PC:0CC5
0CB0  23        INX H       (2)  BC:0000  DE:0000  HL:0CEE  AF:0A93  SP:7FF3  PC:0CB0
0CB1  C3 A6 0C  JMP 0CA6    (2)  BC:0000  DE:0000  HL:0CEF  AF:0A93  SP:7FF3  PC:0CB1
0CA6  7E        MOV A,M     (2)  BC:0000  DE:0000  HL:0CEF  AF:0A93  SP:7FF3  PC:0CA6
0CA7  FE 24     CPI 24      (2)  BC:0000  DE:0000  HL:0CEF  AF:3893  SP:7FF3  PC:0CA7
0CA9  CA B4 0C  JZ 0CB4     (2)  BC:0000  DE:0000  HL:0CEF  AF:3816  SP:7FF3  PC:0CA9
0CAC  7E        MOV A,M     (2)  BC:0000  DE:0000  HL:0CEF  AF:3816  SP:7FF3  PC:0CAC
0CAD  CD B9 0C  CALL 0CB9   (2)  BC:0000  DE:0000  HL:0CEF  AF:3816  SP:7FF3  PC:0CAD
0CB9  C5        PUSH B      (3)  BC:0000  DE:0000  HL:0CEF  AF:3816  SP:7FF1  PC:0CB9
0CBA  D5        PUSH D      (3)  BC:0000  DE:0000  HL:0CEF  AF:3816  SP:7FEF  PC:0CBA
0CBB  E5        PUSH H      (3)  BC:0000  DE:0000  HL:0CEF  AF:3816  SP:7FED  PC:0CBB
0CBC  F5        PUSH PSW    (3)  BC:0000  DE:0000  HL:0CEF  AF:3816  SP:7FEB  PC:0CBC
0CBD  4F        MOV C,A     (3)  BC:0000  DE:0000  HL:0CEF  AF:3816  SP:7FE9  PC:0CBD
0CBE  CD 37 C0  CALL C037   (3)  BC:0038  DE:0000  HL:0CEF  AF:3816  SP:7FE9  PC:0CBE
0CC1  F1        POP PSW     (3)  BC:0038  DE:0000  HL:0CEF  AF:3816  SP:7FE9  PC:0CC1
0CC2  E1        POP H       (3)  BC:0038  DE:0000  HL:0CEF  AF:3816  SP:7FEB  PC:0CC2
0CC3  D1        POP D       (3)  BC:0038  DE:0000  HL:0CEF  AF:3816  SP:7FED  PC:0CC3
0CC4  C1        POP B       (3)  BC:0038  DE:0000  HL:0CEF  AF:3816  SP:7FEF  PC:0CC4
0CC5  C9        RET         (3)  BC:0000  DE:0000  HL:0CEF  AF:3816  SP:7FF1  PC:0CC5
0CB0  23        INX H       (2)  BC:0000  DE:0000  HL:0CEF  AF:3816  SP:7FF3  PC:0CB0
0CB1  C3 A6 0C  JMP 0CA6    (2)  BC:0000  DE:0000  HL:0CF0  AF:3816  SP:7FF3  PC:0CB1
0CA6  7E        MOV A,M     (2)  BC:0000  DE:0000  HL:0CF0  AF:3816  SP:7FF3  PC:0CA6
0CA7  FE 24     CPI 24      (2)  BC:0000  DE:0000  HL:0CF0  AF:3016  SP:7FF3  PC:0CA7
0CA9  CA B4 0C  JZ 0CB4     (2)  BC:0000  DE:0000  HL:0CF0  AF:3006  SP:7FF3  PC:0CA9
0CAC  7E        MOV A,M     (2)  BC:0000  DE:0000  HL:0CF0  AF:3006  SP:7FF3  PC:0CAC
0CAD  CD B9 0C  CALL 0CB9   (2)  BC:0000  DE:0000  HL:0CF0  AF:3006  SP:7FF3  PC:0CAD
0CB9  C5        PUSH B      (3)  BC:0000  DE:0000  HL:0CF0  AF:3006  SP:7FF1  PC:0CB9
0CBA  D5        PUSH D      (3)  BC:0000  DE:0000  HL:0CF0  AF:3006  SP:7FEF  PC:0CBA
0CBB  E5        PUSH H      (3)  BC:0000  DE:0000  HL:0CF0  AF:3006  SP:7FED  PC:0CBB
0CBC  F5        PUSH PSW    (3)  BC:0000  DE:0000  HL:0CF0  AF:3006  SP:7FEB  PC:0CBC
0CBD  4F        MOV C,A     (3)  BC:0000  DE:0000  HL:0CF0  AF:3006  SP:7FE9  PC:0CBD
0CBE  CD 37 C0  CALL C037   (3)  BC:0030  DE:0000  HL:0CF0  AF:3006  SP:7FE9  PC:0CBE
0CC1  F1        POP PSW     (3)  BC:0030  DE:0000  HL:0CF0  AF:3006  SP:7FE9  PC:0CC1
0CC2  E1        POP H       (3)  BC:0030  DE:0000  HL:0CF0  AF:3006  SP:7FEB  PC:0CC2
0CC3  D1        POP D       (3)  BC:0030  DE:0000  HL:0CF0  AF:3006  SP:7FED  PC:0CC3
0CC4  C1        POP B       (3)  BC:0030  DE:0000  HL:0CF0  AF:3006  SP:7FEF  PC:0CC4
0CC5  C9        RET         (3)  BC:0000  DE:0000  HL:0CF0  AF:3006  SP:7FF1  PC:0CC5
0CB0  23        INX H       (2)  BC:0000  DE:0000  HL:0CF0  AF:3006  SP:7FF3  PC:0CB0
0CB1  C3 A6 0C  JMP 0CA6    (2)  BC:0000  DE:0000  HL:0CF1  AF:3006  SP:7FF3  PC:0CB1
0CA6  7E        MOV A,M     (2)  BC:0000  DE:0000  HL:0CF1  AF:3006  SP:7FF3  PC:0CA6
0CA7  FE 24     CPI 24      (2)  BC:0000  DE:0000  HL:0CF1  AF:3806  SP:7FF3  PC:0CA7
0CA9  CA B4 0C  JZ 0CB4     (2)  BC:0000  DE:0000  HL:0CF1  AF:3816  SP:7FF3  PC:0CA9
0CAC  7E        MOV A,M     (2)  BC:0000  DE:0000  HL:0CF1  AF:3816  SP:7FF3  PC:0CAC
0CAD  CD B9 0C  CALL 0CB9   (2)  BC:0000  DE:0000  HL:0CF1  AF:3816  SP:7FF3  PC:0CAD
0CB9  C5        PUSH B      (3)  BC:0000  DE:0000  HL:0CF1  AF:3816  SP:7FF1  PC:0CB9
0CBA  D5        PUSH D      (3)  BC:0000  DE:0000  HL:0CF1  AF:3816  SP:7FEF  PC:0CBA
0CBB  E5        PUSH H      (3)  BC:0000  DE:0000  HL:0CF1  AF:3816  SP:7FED  PC:0CBB
0CBC  F5        PUSH PSW    (3)  BC:0000  DE:0000  HL:0CF1  AF:3816  SP:7FEB  PC:0CBC
0CBD  4F        MOV C,A     (3)  BC:0000  DE:0000  HL:0CF1  AF:3816  SP:7FE9  PC:0CBD
0CBE  CD 37 C0  CALL C037   (3)  BC:0038  DE:0000  HL:0CF1  AF:3816  SP:7FE9  PC:0CBE
0CC1  F1        POP PSW     (3)  BC:0038  DE:0000  HL:0CF1  AF:3816  SP:7FE9  PC:0CC1
0CC2  E1        POP H       (3)  BC:0038  DE:0000  HL:0CF1  AF:3816  SP:7FEB  PC:0CC2
0CC3  D1        POP D       (3)  BC:0038  DE:0000  HL:0CF1  AF:3816  SP:7FED  PC:0CC3
0CC4  C1        POP B       (3)  BC:0038  DE:0000  HL:0CF1  AF:3816  SP:7FEF  PC:0CC4
0CC5  C9        RET         (3)  BC:0000  DE:0000  HL:0CF1  AF:3816  SP:7FF1  PC:0CC5
0CB0  23        INX H       (2)  BC:0000  DE:0000  HL:0CF1  AF:3816  SP:7FF3  PC:0CB0
0CB1  C3 A6 0C  JMP 0CA6    (2)  BC:0000  DE:0000  HL:0CF2  AF:3816  SP:7FF3  PC:0CB1
0CA6  7E        MOV A,M     (2)  BC:0000  DE:0000  HL:0CF2  AF:3816  SP:7FF3  PC:0CA6
0CA7  FE 24     CPI 24      (2)  BC:0000  DE:0000  HL:0CF2  AF:3016  SP:7FF3  PC:0CA7
0CA9  CA B4 0C  JZ 0CB4     (2)  BC:0000  DE:0000  HL:0CF2  AF:3006  SP:7FF3  PC:0CA9
0CAC  7E        MOV A,M     (2)  BC:0000  DE:0000  HL:0CF2  AF:3006  SP:7FF3  PC:0CAC
0CAD  CD B9 0C  CALL 0CB9   (2)  BC:0000  DE:0000  HL:0CF2  AF:3006  SP:7FF3  PC:0CAD
0CB9  C5        PUSH B      (3)  BC:0000  DE:0000  HL:0CF2  AF:3006  SP:7FF1  PC:0CB9
0CBA  D5        PUSH D      (3)  BC:0000  DE:0000  HL:0CF2  AF:3006  SP:7FEF  PC:0CBA
0CBB  E5        PUSH H      (3)  BC:0000  DE:0000  HL:0CF2  AF:3006  SP:7FED  PC:0CBB
0CBC  F5        PUSH PSW    (3)  BC:0000  DE:0000  HL:0CF2  AF:3006  SP:7FEB  PC:0CBC
0CBD  4F        MOV C,A     (3)  BC:0000  DE:0000  HL:0CF2  AF:3006  SP:7FE9  PC:0CBD
0CBE  CD 37 C0  CALL C037   (3)  BC:0030  DE:0000  HL:0CF2  AF:3006  SP:7FE9  PC:0CBE
0CC1  F1        POP PSW     (3)  BC:0030  DE:0000  HL:0CF2  AF:3006  SP:7FE9  PC:0CC1
0CC2  E1        POP H       (3)  BC:0030  DE:0000  HL:0CF2  AF:3006  SP:7FEB  PC:0CC2
0CC3  D1        POP D       (3)  BC:0030  DE:0000  HL:0CF2  AF:3006  SP:7FED  PC:0CC3
0CC4  C1        POP B       (3)  BC:0030  DE:0000  HL:0CF2  AF:3006  SP:7FEF  PC:0CC4
0CC5  C9        RET         (3)  BC:0000  DE:0000  HL:0CF2  AF:3006  SP:7FF1  PC:0CC5
0CB0  23        INX H       (2)  BC:0000  DE:0000  HL:0CF2  AF:3006  SP:7FF3  PC:0CB0
0CB1  C3 A6 0C  JMP 0CA6    (2)  BC:0000  DE:0000  HL:0CF3  AF:3006  SP:7FF3  PC:0CB1
0CA6  7E        MOV A,M     (2)  BC:0000  DE:0000  HL:0CF3  AF:3006  SP:7FF3  PC:0CA6
0CA7  FE 24     CPI 24      (2)  BC:0000  DE:0000  HL:0CF3  AF:2006  SP:7FF3  PC:0CA7
0CA9  CA B4 0C  JZ 0CB4     (2)  BC:0000  DE:0000  HL:0CF3  AF:2087  SP:7FF3  PC:0CA9
0CAC  7E        MOV A,M     (2)  BC:0000  DE:0000  HL:0CF3  AF:2087  SP:7FF3  PC:0CAC
0CAD  CD B9 0C  CALL 0CB9   (2)  BC:0000  DE:0000  HL:0CF3  AF:2087  SP:7FF3  PC:0CAD
0CB9  C5        PUSH B      (3)  BC:0000  DE:0000  HL:0CF3  AF:2087  SP:7FF1  PC:0CB9
0CBA  D5        PUSH D      (3)  BC:0000  DE:0000  HL:0CF3  AF:2087  SP:7FEF  PC:0CBA
0CBB  E5        PUSH H      (3)  BC:0000  DE:0000  HL:0CF3  AF:2087  SP:7FED  PC:0CBB
0CBC  F5        PUSH PSW    (3)  BC:0000  DE:0000  HL:0CF3  AF:2087  SP:7FEB  PC:0CBC
0CBD  4F        MOV C,A     (3)  BC:0000  DE:0000  HL:0CF3  AF:2087  SP:7FE9  PC:0CBD
0CBE  CD 37 C0  CALL C037   (3)  BC:0020  DE:0000  HL:0CF3  AF:2087  SP:7FE9  PC:0CBE
0CC1  F1        POP PSW     (3)  BC:0020  DE:0000  HL:0CF3  AF:2087  SP:7FE9  PC:0CC1
0CC2  E1        POP H       (3)  BC:0020  DE:0000  HL:0CF3  AF:2087  SP:7FEB  PC:0CC2
0CC3  D1        POP D       (3)  BC:0020  DE:0000  HL:0CF3  AF:2087  SP:7FED  PC:0CC3
0CC4  C1        POP B       (3)  BC:0020  DE:0000  HL:0CF3  AF:2087  SP:7FEF  PC:0CC4
0CC5  C9        RET         (3)  BC:0000  DE:0000  HL:0CF3  AF:2087  SP:7FF1  PC:0CC5
0CB0  23        INX H       (2)  BC:0000  DE:0000  HL:0CF3  AF:2087  SP:7FF3  PC:0CB0
0CB1  C3 A6 0C  JMP 0CA6    (2)  BC:0000  DE:0000  HL:0CF4  AF:2087  SP:7FF3  PC:0CB1
0CA6  7E        MOV A,M     (2)  BC:0000  DE:0000  HL:0CF4  AF:2087  SP:7FF3  PC:0CA6
0CA7  FE 24     CPI 24      (2)  BC:0000  DE:0000  HL:0CF4  AF:4987  SP:7FF3  PC:0CA7
0CA9  CA B4 0C  JZ 0CB4     (2)  BC:0000  DE:0000  HL:0CF4  AF:4912  SP:7FF3  PC:0CA9
0CAC  7E        MOV A,M     (2)  BC:0000  DE:0000  HL:0CF4  AF:4912  SP:7FF3  PC:0CAC
0CAD  CD B9 0C  CALL 0CB9   (2)  BC:0000  DE:0000  HL:0CF4  AF:4912  SP:7FF3  PC:0CAD
0CB9  C5        PUSH B      (3)  BC:0000  DE:0000  HL:0CF4  AF:4912  SP:7FF1  PC:0CB9
0CBA  D5        PUSH D      (3)  BC:0000  DE:0000  HL:0CF4  AF:4912  SP:7FEF  PC:0CBA
0CBB  E5        PUSH H      (3)  BC:0000  DE:0000  HL:0CF4  AF:4912  SP:7FED  PC:0CBB
0CBC  F5        PUSH PSW    (3)  BC:0000  DE:0000  HL:0CF4  AF:4912  SP:7FEB  PC:0CBC
0CBD  4F        MOV C,A     (3)  BC:0000  DE:0000  HL:0CF4  AF:4912  SP:7FE9  PC:0CBD
0CBE  CD 37 C0  CALL C037   (3)  BC:0049  DE:0000  HL:0CF4  AF:4912  SP:7FE9  PC:0CBE
0CC1  F1        POP PSW     (3)  BC:0049  DE:0000  HL:0CF4  AF:4912  SP:7FE9  PC:0CC1
0CC2  E1        POP H       (3)  BC:0049  DE:0000  HL:0CF4  AF:4912  SP:7FEB  PC:0CC2
0CC3  D1        POP D       (3)  BC:0049  DE:0000  HL:0CF4  AF:4912  SP:7FED  PC:0CC3
0CC4  C1        POP B       (3)  BC:0049  DE:0000  HL:0CF4  AF:4912  SP:7FEF  PC:0CC4
0CC5  C9        RET         (3)  BC:0000  DE:0000  HL:0CF4  AF:4912  SP:7FF1  PC:0CC5
0CB0  23        INX H       (2)  BC:0000  DE:0000  HL:0CF4  AF:4912  SP:7FF3  PC:0CB0
0CB1  C3 A6 0C  JMP 0CA6    (2)  BC:0000  DE:0000  HL:0CF5  AF:4912  SP:7FF3  PC:0CB1
0CA6  7E        MOV A,M     (2)  BC:0000  DE:0000  HL:0CF5  AF:4912  SP:7FF3  PC:0CA6
0CA7  FE 24     CPI 24      (2)  BC:0000  DE:0000  HL:0CF5  AF:4E12  SP:7FF3  PC:0CA7
0CA9  CA B4 0C  JZ 0CB4     (2)  BC:0000  DE:0000  HL:0CF5  AF:4E12  SP:7FF3  PC:0CA9
0CAC  7E        MOV A,M     (2)  BC:0000  DE:0000  HL:0CF5  AF:4E12  SP:7FF3  PC:0CAC
0CAD  CD B9 0C  CALL 0CB9   (2)  BC:0000  DE:0000  HL:0CF5  AF:4E12  SP:7FF3  PC:0CAD
0CB9  C5        PUSH B      (3)  BC:0000  DE:0000  HL:0CF5  AF:4E12  SP:7FF1  PC:0CB9
0CBA  D5        PUSH D      (3)  BC:0000  DE:0000  HL:0CF5  AF:4E12  SP:7FEF  PC:0CBA
0CBB  E5        PUSH H      (3)  BC:0000  DE:0000  HL:0CF5  AF:4E12  SP:7FED  PC:0CBB
0CBC  F5        PUSH PSW    (3)  BC:0000  DE:0000  HL:0CF5  AF:4E12  SP:7FEB  PC:0CBC
0CBD  4F        MOV C,A     (3)  BC:0000  DE:0000  HL:0CF5  AF:4E12  SP:7FE9  PC:0CBD
0CBE  CD 37 C0  CALL C037   (3)  BC:004E  DE:0000  HL:0CF5  AF:4E12  SP:7FE9  PC:0CBE
0CC1  F1        POP PSW     (3)  BC:004E  DE:0000  HL:0CF5  AF:4E12  SP:7FE9  PC:0CC1
0CC2  E1        POP H       (3)  BC:004E  DE:0000  HL:0CF5  AF:4E12  SP:7FEB  PC:0CC2
0CC3  D1        POP D       (3)  BC:004E  DE:0000  HL:0CF5  AF:4E12  SP:7FED  PC:0CC3
0CC4  C1        POP B       (3)  BC:004E  DE:0000  HL:0CF5  AF:4E12  SP:7FEF  PC:0CC4
0CC5  C9        RET         (3)  BC:0000  DE:0000  HL:0CF5  AF:4E12  SP:7FF1  PC:0CC5
0CB0  23        INX H       (2)  BC:0000  DE:0000  HL:0CF5  AF:4E12  SP:7FF3  PC:0CB0
0CB1  C3 A6 0C  JMP 0CA6    (2)  BC:0000  DE:0000  HL:0CF6  AF:4E12  SP:7FF3  PC:0CB1
0CA6  7E        MOV A,M     (2)  BC:0000  DE:0000  HL:0CF6  AF:4E12  SP:7FF3  PC:0CA6
0CA7  FE 24     CPI 24      (2)  BC:0000  DE:0000  HL:0CF6  AF:5312  SP:7FF3  PC:0CA7
0CA9  CA B4 0C  JZ 0CB4     (2)  BC:0000  DE:0000  HL:0CF6  AF:5302  SP:7FF3  PC:0CA9
0CAC  7E        MOV A,M     (2)  BC:0000  DE:0000  HL:0CF6  AF:5302  SP:7FF3  PC:0CAC
0CAD  CD B9 0C  CALL 0CB9   (2)  BC:0000  DE:0000  HL:0CF6  AF:5302  SP:7FF3  PC:0CAD
0CB9  C5        PUSH B      (3)  BC:0000  DE:0000  HL:0CF6  AF:5302  SP:7FF1  PC:0CB9
0CBA  D5        PUSH D      (3)  BC:0000  DE:0000  HL:0CF6  AF:5302  SP:7FEF  PC:0CBA
0CBB  E5        PUSH H      (3)  BC:0000  DE:0000  HL:0CF6  AF:5302  SP:7FED  PC:0CBB
0CBC  F5        PUSH PSW    (3)  BC:0000  DE:0000  HL:0CF6  AF:5302  SP:7FEB  PC:0CBC
0CBD  4F        MOV C,A     (3)  BC:0000  DE:0000  HL:0CF6  AF:5302  SP:7FE9  PC:0CBD
0CBE  CD 37 C0  CALL C037   (3)  BC:0053  DE:0000  HL:0CF6  AF:5302  SP:7FE9  PC:0CBE
0CC1  F1        POP PSW     (3)  BC:0053  DE:0000  HL:0CF6  AF:5302  SP:7FE9  PC:0CC1
0CC2  E1        POP H       (3)  BC:0053  DE:0000  HL:0CF6  AF:5302  SP:7FEB  PC:0CC2
0CC3  D1        POP D       (3)  BC:0053  DE:0000  HL:0CF6  AF:5302  SP:7FED  PC:0CC3
0CC4  C1        POP B       (3)  BC:0053  DE:0000  HL:0CF6  AF:5302  SP:7FEF  PC:0CC4
0CC5  C9        RET         (3)  BC:0000  DE:0000  HL:0CF6  AF:5302  SP:7FF1  PC:0CC5
0CB0  23        INX H       (2)  BC:0000  DE:0000  HL:0CF6  AF:5302  SP:7FF3  PC:0CB0
0CB1  C3 A6 0C  JMP 0CA6    (2)  BC:0000  DE:0000  HL:0CF7  AF:5302  SP:7FF3  PC:0CB1
0CA6  7E        MOV A,M     (2)  BC:0000  DE:0000  HL:0CF7  AF:5302  SP:7FF3  PC:0CA6
0CA7  FE 24     CPI 24      (2)  BC:0000  DE:0000  HL:0CF7  AF:5402  SP:7FF3  PC:0CA7
0CA9  CA B4 0C  JZ 0CB4     (2)  BC:0000  DE:0000  HL:0CF7  AF:5416  SP:7FF3  PC:0CA9
0CAC  7E        MOV A,M     (2)  BC:0000  DE:0000  HL:0CF7  AF:5416  SP:7FF3  PC:0CAC
0CAD  CD B9 0C  CALL 0CB9   (2)  BC:0000  DE:0000  HL:0CF7  AF:5416  SP:7FF3  PC:0CAD
0CB9  C5        PUSH B      (3)  BC:0000  DE:0000  HL:0CF7  AF:5416  SP:7FF1  PC:0CB9
0CBA  D5        PUSH D      (3)  BC:0000  DE:0000  HL:0CF7  AF:5416  SP:7FEF  PC:0CBA
0CBB  E5        PUSH H      (3)  BC:0000  DE:0000  HL:0CF7  AF:5416  SP:7FED  PC:0CBB
0CBC  F5        PUSH PSW    (3)  BC:0000  DE:0000  HL:0CF7  AF:5416  SP:7FEB  PC:0CBC
0CBD  4F        MOV C,A     (3)  BC:0000  DE:0000  HL:0CF7  AF:5416  SP:7FE9  PC:0CBD
0CBE  CD 37 C0  CALL C037   (3)  BC:0054  DE:0000  HL:0CF7  AF:5416  SP:7FE9  PC:0CBE
0CC1  F1        POP PSW     (3)  BC:0054  DE:0000  HL:0CF7  AF:5416  SP:7FE9  PC:0CC1
0CC2  E1        POP H       (3)  BC:0054  DE:0000  HL:0CF7  AF:5416  SP:7FEB  PC:0CC2
0CC3  D1        POP D       (3)  BC:0054  DE:0000  HL:0CF7  AF:5416  SP:7FED  PC:0CC3
0CC4  C1        POP B       (3)  BC:0054  DE:0000  HL:0CF7  AF:5416  SP:7FEF  PC:0CC4
0CC5  C9        RET         (3)  BC:0000  DE:0000  HL:0CF7  AF:5416  SP:7FF1  PC:0CC5
0CB0  23        INX H       (2)  BC:0000  DE:0000  HL:0CF7  AF:5416  SP:7FF3  PC:0CB0
0CB1  C3 A6 0C  JMP 0CA6    (2)  BC:0000  DE:0000  HL:0CF8  AF:5416  SP:7FF3  PC:0CB1
0CA6  7E        MOV A,M     (2)  BC:0000  DE:0000  HL:0CF8  AF:5416  SP:7FF3  PC:0CA6
0CA7  FE 24     CPI 24      (2)  BC:0000  DE:0000  HL:0CF8  AF:5216  SP:7FF3  PC:0CA7
0CA9  CA B4 0C  JZ 0CB4     (2)  BC:0000  DE:0000  HL:0CF8  AF:5206  SP:7FF3  PC:0CA9
0CAC  7E        MOV A,M     (2)  BC:0000  DE:0000  HL:0CF8  AF:5206  SP:7FF3  PC:0CAC
0CAD  CD B9 0C  CALL 0CB9   (2)  BC:0000  DE:0000  HL:0CF8  AF:5206  SP:7FF3  PC:0CAD
0CB9  C5        PUSH B      (3)  BC:0000  DE:0000  HL:0CF8  AF:5206  SP:7FF1  PC:0CB9
0CBA  D5        PUSH D      (3)  BC:0000  DE:0000  HL:0CF8  AF:5206  SP:7FEF  PC:0CBA
0CBB  E5        PUSH H      (3)  BC:0000  DE:0000  HL:0CF8  AF:5206  SP:7FED  PC:0CBB
0CBC  F5        PUSH PSW    (3)  BC:0000  DE:0000  HL:0CF8  AF:5206  SP:7FEB  PC:0CBC
0CBD  4F        MOV C,A     (3)  BC:0000  DE:0000  HL:0CF8  AF:5206  SP:7FE9  PC:0CBD
0CBE  CD 37 C0  CALL C037   (3)  BC:0052  DE:0000  HL:0CF8  AF:5206  SP:7FE9  PC:0CBE
0CC1  F1        POP PSW     (3)  BC:0052  DE:0000  HL:0CF8  AF:5206  SP:7FE9  PC:0CC1
0CC2  E1        POP H       (3)  BC:0052  DE:0000  HL:0CF8  AF:5206  SP:7FEB  PC:0CC2
0CC3  D1        POP D       (3)  BC:0052  DE:0000  HL:0CF8  AF:5206  SP:7FED  PC:0CC3
0CC4  C1        POP B       (3)  BC:0052  DE:0000  HL:0CF8  AF:5206  SP:7FEF  PC:0CC4
0CC5  C9        RET         (3)  BC:0000  DE:0000  HL:0CF8  AF:5206  SP:7FF1  PC:0CC5
0CB0  23        INX H       (2)  BC:0000  DE:0000  HL:0CF8  AF:5206  SP:7FF3  PC:0CB0
0CB1  C3 A6 0C  JMP 0CA6    (2)  BC:0000  DE:0000  HL:0CF9  AF:5206  SP:7FF3  PC:0CB1
0CA6  7E        MOV A,M     (2)  BC:0000  DE:0000  HL:0CF9  AF:5206  SP:7FF3  PC:0CA6
0CA7  FE 24     CPI 24      (2)  BC:0000  DE:0000  HL:0CF9  AF:5506  SP:7FF3  PC:0CA7
0CA9  CA B4 0C  JZ 0CB4     (2)  BC:0000  DE:0000  HL:0CF9  AF:5512  SP:7FF3  PC:0CA9
0CAC  7E        MOV A,M     (2)  BC:0000  DE:0000  HL:0CF9  AF:5512  SP:7FF3  PC:0CAC
0CAD  CD B9 0C  CALL 0CB9   (2)  BC:0000  DE:0000  HL:0CF9  AF:5512  SP:7FF3  PC:0CAD
0CB9  C5        PUSH B      (3)  BC:0000  DE:0000  HL:0CF9  AF:5512  SP:7FF1  PC:0CB9
0CBA  D5        PUSH D      (3)  BC:0000  DE:0000  HL:0CF9  AF:5512  SP:7FEF  PC:0CBA
0CBB  E5        PUSH H      (3)  BC:0000  DE:0000  HL:0CF9  AF:5512  SP:7FED  PC:0CBB
0CBC  F5        PUSH PSW    (3)  BC:0000  DE:0000  HL:0CF9  AF:5512  SP:7FEB  PC:0CBC
0CBD  4F        MOV C,A     (3)  BC:0000  DE:0000  HL:0CF9  AF:5512  SP:7FE9  PC:0CBD
0CBE  CD 37 C0  CALL C037   (3)  BC:0055  DE:0000  HL:0CF9  AF:5512  SP:7FE9  PC:0CBE
0CC1  F1        POP PSW     (3)  BC:0055  DE:0000  HL:0CF9  AF:5512  SP:7FE9  PC:0CC1
0CC2  E1        POP H       (3)  BC:0055  DE:0000  HL:0CF9  AF:5512  SP:7FEB  PC:0CC2
0CC3  D1        POP D       (3)  BC:0055  DE:0000  HL:0CF9  AF:5512  SP:7FED  PC:0CC3
0CC4  C1        POP B       (3)  BC:0055  DE:0000  HL:0CF9  AF:5512  SP:7FEF  PC:0CC4
0CC5  C9        RET         (3)  BC:0000  DE:0000  HL:0CF9  AF:5512  SP:7FF1  PC:0CC5
0CB0  23        INX H       (2)  BC:0000  DE:0000  HL:0CF9  AF:5512  SP:7FF3  PC:0CB0
0CB1  C3 A6 0C  JMP 0CA6    (2)  BC:0000  DE:0000  HL:0CFA  AF:5512  SP:7FF3  PC:0CB1
0CA6  7E        MOV A,M     (2)  BC:0000  DE:0000  HL:0CFA  AF:5512  SP:7FF3  PC:0CA6
0CA7  FE 24     CPI 24      (2)  BC:0000  DE:0000  HL:0CFA  AF:4312  SP:7FF3  PC:0CA7
0CA9  CA B4 0C  JZ 0CB4     (2)  BC:0000  DE:0000  HL:0CFA  AF:4302  SP:7FF3  PC:0CA9
0CAC  7E        MOV A,M     (2)  BC:0000  DE:0000  HL:0CFA  AF:4302  SP:7FF3  PC:0CAC
0CAD  CD B9 0C  CALL 0CB9   (2)  BC:0000  DE:0000  HL:0CFA  AF:4302  SP:7FF3  PC:0CAD
0CB9  C5        PUSH B      (3)  BC:0000  DE:0000  HL:0CFA  AF:4302  SP:7FF1  PC:0CB9
0CBA  D5        PUSH D      (3)  BC:0000  DE:0000  HL:0CFA  AF:4302  SP:7FEF  PC:0CBA
0CBB  E5        PUSH H      (3)  BC:0000  DE:0000  HL:0CFA  AF:4302  SP:7FED  PC:0CBB
0CBC  F5        PUSH PSW    (3)  BC:0000  DE:0000  HL:0CFA  AF:4302  SP:7FEB  PC:0CBC
0CBD  4F        MOV C,A     (3)  BC:0000  DE:0000  HL:0CFA  AF:4302  SP:7FE9  PC:0CBD
0CBE  CD 37 C0  CALL C037   (3)  BC:0043  DE:0000  HL:0CFA  AF:4302  SP:7FE9  PC:0CBE
0CC1  F1        POP PSW     (3)  BC:0043  DE:0000  HL:0CFA  AF:4302  SP:7FE9  PC:0CC1
0CC2  E1        POP H       (3)  BC:0043  DE:0000  HL:0CFA  AF:4302  SP:7FEB  PC:0CC2
0CC3  D1        POP D       (3)  BC:0043  DE:0000  HL:0CFA  AF:4302  SP:7FED  PC:0CC3
0CC4  C1        POP B       (3)  BC:0043  DE:0000  HL:0CFA  AF:4302  SP:7FEF  PC:0CC4
0CC5  C9        RET         (3)  BC:0000  DE:0000  HL:0CFA  AF:4302  SP:7FF1  PC:0CC5
0CB0  23        INX H       (2)  BC:0000  DE:0000  HL:0CFA  AF:4302  SP:7FF3  PC:0CB0
0CB1  C3 A6 0C  JMP 0CA6    (2)  BC:0000  DE:0000  HL:0CFB  AF:4302  SP:7FF3  PC:0CB1
0CA6  7E        MOV A,M     (2)  BC:0000  DE:0000  HL:0CFB  AF:4302  SP:7FF3  PC:0CA6
0CA7  FE 24     CPI 24      (2)  BC:0000  DE:0000  HL:0CFB  AF:5402  SP:7FF3  PC:0CA7
0CA9  CA B4 0C  JZ 0CB4     (2)  BC:0000  DE:0000  HL:0CFB  AF:5416  SP:7FF3  PC:0CA9
0CAC  7E        MOV A,M     (2)  BC:0000  DE:0000  HL:0CFB  AF:5416  SP:7FF3  PC:0CAC
0CAD  CD B9 0C  CALL 0CB9   (2)  BC:0000  DE:0000  HL:0CFB  AF:5416  SP:7FF3  PC:0CAD
0CB9  C5        PUSH B      (3)  BC:0000  DE:0000  HL:0CFB  AF:5416  SP:7FF1  PC:0CB9
0CBA  D5        PUSH D      (3)  BC:0000  DE:0000  HL:0CFB  AF:5416  SP:7FEF  PC:0CBA
0CBB  E5        PUSH H      (3)  BC:0000  DE:0000  HL:0CFB  AF:5416  SP:7FED  PC:0CBB
0CBC  F5        PUSH PSW    (3)  BC:0000  DE:0000  HL:0CFB  AF:5416  SP:7FEB  PC:0CBC
0CBD  4F        MOV C,A     (3)  BC:0000  DE:0000  HL:0CFB  AF:5416  SP:7FE9  PC:0CBD
0CBE  CD 37 C0  CALL C037   (3)  BC:0054  DE:0000  HL:0CFB  AF:5416  SP:7FE9  PC:0CBE
0CC1  F1        POP PSW     (3)  BC:0054  DE:0000  HL:0CFB  AF:5416  SP:7FE9  PC:0CC1
0CC2  E1        POP H       (3)  BC:0054  DE:0000  HL:0CFB  AF:5416  SP:7FEB  PC:0CC2
0CC3  D1        POP D       (3)  BC:0054  DE:0000  HL:0CFB  AF:5416  SP:7FED  PC:0CC3
0CC4  C1        POP B       (3)  BC:0054  DE:0000  HL:0CFB  AF:5416  SP:7FEF  PC:0CC4
0CC5  C9        RET         (3)  BC:0000  DE:0000  HL:0CFB  AF:5416  SP:7FF1  PC:0CC5
0CB0  23        INX H       (2)  BC:0000  DE:0000  HL:0CFB  AF:5416  SP:7FF3  PC:0CB0
0CB1  C3 A6 0C  JMP 0CA6    (2)  BC:0000  DE:0000  HL:0CFC  AF:5416  SP:7FF3  PC:0CB1
0CA6  7E        MOV A,M     (2)  BC:0000  DE:0000  HL:0CFC  AF:5416  SP:7FF3  PC:0CA6
0CA7  FE 24     CPI 24      (2)  BC:0000  DE:0000  HL:0CFC  AF:4916  SP:7FF3  PC:0CA7
0CA9  CA B4 0C  JZ 0CB4     (2)  BC:0000  DE:0000  HL:0CFC  AF:4912  SP:7FF3  PC:0CA9
0CAC  7E        MOV A,M     (2)  BC:0000  DE:0000  HL:0CFC  AF:4912  SP:7FF3  PC:0CAC
0CAD  CD B9 0C  CALL 0CB9   (2)  BC:0000  DE:0000  HL:0CFC  AF:4912  SP:7FF3  PC:0CAD
0CB9  C5        PUSH B      (3)  BC:0000  DE:0000  HL:0CFC  AF:4912  SP:7FF1  PC:0CB9
0CBA  D5        PUSH D      (3)  BC:0000  DE:0000  HL:0CFC  AF:4912  SP:7FEF  PC:0CBA
0CBB  E5        PUSH H      (3)  BC:0000  DE:0000  HL:0CFC  AF:4912  SP:7FED  PC:0CBB
0CBC  F5        PUSH PSW    (3)  BC:0000  DE:0000  HL:0CFC  AF:4912  SP:7FEB  PC:0CBC
0CBD  4F        MOV C,A     (3)  BC:0000  DE:0000  HL:0CFC  AF:4912  SP:7FE9  PC:0CBD
0CBE  CD 37 C0  CALL C037   (3)  BC:0049  DE:0000  HL:0CFC  AF:4912  SP:7FE9  PC:0CBE
0CC1  F1        POP PSW     (3)  BC:0049  DE:0000  HL:0CFC  AF:4912  SP:7FE9  PC:0CC1
0CC2  E1        POP H       (3)  BC:0049  DE:0000  HL:0CFC  AF:4912  SP:7FEB  PC:0CC2
0CC3  D1        POP D       (3)  BC:0049  DE:0000  HL:0CFC  AF:4912  SP:7FED  PC:0CC3
0CC4  C1        POP B       (3)  BC:0049  DE:0000  HL:0CFC  AF:4912  SP:7FEF  PC:0CC4
0CC5  C9        RET         (3)  BC:0000  DE:0000  HL:0CFC  AF:4912  SP:7FF1  PC:0CC5
0CB0  23        INX H       (2)  BC:0000  DE:0000  HL:0CFC  AF:4912  SP:7FF3  PC:0CB0
0CB1  C3 A6 0C  JMP 0CA6    (2)  BC:0000  DE:0000  HL:0CFD  AF:4912  SP:7FF3  PC:0CB1
0CA6  7E        MOV A,M     (2)  BC:0000  DE:0000  HL:0CFD  AF:4912  SP:7FF3  PC:0CA6
0CA7  FE 24     CPI 24      (2)  BC:0000  DE:0000  HL:0CFD  AF:4F12  SP:7FF3  PC:0CA7
0CA9  CA B4 0C  JZ 0CB4     (2)  BC:0000  DE:0000  HL:0CFD  AF:4F16  SP:7FF3  PC:0CA9
0CAC  7E        MOV A,M     (2)  BC:0000  DE:0000  HL:0CFD  AF:4F16  SP:7FF3  PC:0CAC
0CAD  CD B9 0C  CALL 0CB9   (2)  BC:0000  DE:0000  HL:0CFD  AF:4F16  SP:7FF3  PC:0CAD
0CB9  C5        PUSH B      (3)  BC:0000  DE:0000  HL:0CFD  AF:4F16  SP:7FF1  PC:0CB9
0CBA  D5        PUSH D      (3)  BC:0000  DE:0000  HL:0CFD  AF:4F16  SP:7FEF  PC:0CBA
0CBB  E5        PUSH H      (3)  BC:0000  DE:0000  HL:0CFD  AF:4F16  SP:7FED  PC:0CBB
0CBC  F5        PUSH PSW    (3)  BC:0000  DE:0000  HL:0CFD  AF:4F16  SP:7FEB  PC:0CBC
0CBD  4F        MOV C,A     (3)  BC:0000  DE:0000  HL:0CFD  AF:4F16  SP:7FE9  PC:0CBD
0CBE  CD 37 C0  CALL C037   (3)  BC:004F  DE:0000  HL:0CFD  AF:4F16  SP:7FE9  PC:0CBE
0CC1  F1        POP PSW     (3)  BC:004F  DE:0000  HL:0CFD  AF:4F16  SP:7FE9  PC:0CC1
0CC2  E1        POP H       (3)  BC:004F  DE:0000  HL:0CFD  AF:4F16  SP:7FEB  PC:0CC2
0CC3  D1        POP D       (3)  BC:004F  DE:0000  HL:0CFD  AF:4F16  SP:7FED  PC:0CC3
0CC4  C1        POP B       (3)  BC:004F  DE:0000  HL:0CFD  AF:4F16  SP:7FEF  PC:0CC4
0CC5  C9        RET         (3)  BC:0000  DE:0000  HL:0CFD  AF:4F16  SP:7FF1  PC:0CC5
0CB0  23        INX H       (2)  BC:0000  DE:0000  HL:0CFD  AF:4F16  SP:7FF3  PC:0CB0
0CB1  C3 A6 0C  JMP 0CA6    (2)  BC:0000  DE:0000  HL:0CFE  AF:4F16  SP:7FF3  PC:0CB1
0CA6  7E        MOV A,M     (2)  BC:0000  DE:0000  HL:0CFE  AF:4F16  SP:7FF3  PC:0CA6
0CA7  FE 24     CPI 24      (2)  BC:0000  DE:0000  HL:0CFE  AF:4E16  SP:7FF3  PC:0CA7
0CA9  CA B4 0C  JZ 0CB4     (2)  BC:0000  DE:0000  HL:0CFE  AF:4E12  SP:7FF3  PC:0CA9
0CAC  7E        MOV A,M     (2)  BC:0000  DE:0000  HL:0CFE  AF:4E12  SP:7FF3  PC:0CAC
0CAD  CD B9 0C  CALL 0CB9   (2)  BC:0000  DE:0000  HL:0CFE  AF:4E12  SP:7FF3  PC:0CAD
0CB9  C5        PUSH B      (3)  BC:0000  DE:0000  HL:0CFE  AF:4E12  SP:7FF1  PC:0CB9
0CBA  D5        PUSH D      (3)  BC:0000  DE:0000  HL:0CFE  AF:4E12  SP:7FEF  PC:0CBA
0CBB  E5        PUSH H      (3)  BC:0000  DE:0000  HL:0CFE  AF:4E12  SP:7FED  PC:0CBB
0CBC  F5        PUSH PSW    (3)  BC:0000  DE:0000  HL:0CFE  AF:4E12  SP:7FEB  PC:0CBC
0CBD  4F        MOV C,A     (3)  BC:0000  DE:0000  HL:0CFE  AF:4E12  SP:7FE9  PC:0CBD
0CBE  CD 37 C0  CALL C037   (3)  BC:004E  DE:0000  HL:0CFE  AF:4E12  SP:7FE9  PC:0CBE
0CC1  F1        POP PSW     (3)  BC:004E  DE:0000  HL:0CFE  AF:4E12  SP:7FE9  PC:0CC1
0CC2  E1        POP H       (3)  BC:004E  DE:0000  HL:0CFE  AF:4E12  SP:7FEB  PC:0CC2
0CC3  D1        POP D       (3)  BC:004E  DE:0000  HL:0CFE  AF:4E12  SP:7FED  PC:0CC3
0CC4  C1        POP B       (3)  BC:004E  DE:0000  HL:0CFE  AF:4E12  SP:7FEF  PC:0CC4
0CC5  C9        RET         (3)  BC:0000  DE:0000  HL:0CFE  AF:4E12  SP:7FF1  PC:0CC5
0CB0  23        INX H       (2)  BC:0000  DE:0000  HL:0CFE  AF:4E12  SP:7FF3  PC:0CB0
0CB1  C3 A6 0C  JMP 0CA6    (2)  BC:0000  DE:0000  HL:0CFF  AF:4E12  SP:7FF3  PC:0CB1
0CA6  7E        MOV A,M     (2)  BC:0000  DE:0000  HL:0CFF  AF:4E12  SP:7FF3  PC:0CA6
0CA7  FE 24     CPI 24      (2)  BC:0000  DE:0000  HL:0CFF  AF:2012  SP:7FF3  PC:0CA7
0CA9  CA B4 0C  JZ 0CB4     (2)  BC:0000  DE:0000  HL:0CFF  AF:2087  SP:7FF3  PC:0CA9
0CAC  7E        MOV A,M     (2)  BC:0000  DE:0000  HL:0CFF  AF:2087  SP:7FF3  PC:0CAC
0CAD  CD B9 0C  CALL 0CB9   (2)  BC:0000  DE:0000  HL:0CFF  AF:2087  SP:7FF3  PC:0CAD
0CB9  C5        PUSH B      (3)  BC:0000  DE:0000  HL:0CFF  AF:2087  SP:7FF1  PC:0CB9
0CBA  D5        PUSH D      (3)  BC:0000  DE:0000  HL:0CFF  AF:2087  SP:7FEF  PC:0CBA
0CBB  E5        PUSH H      (3)  BC:0000  DE:0000  HL:0CFF  AF:2087  SP:7FED  PC:0CBB
0CBC  F5        PUSH PSW    (3)  BC:0000  DE:0000  HL:0CFF  AF:2087  SP:7FEB  PC:0CBC
0CBD  4F        MOV C,A     (3)  BC:0000  DE:0000  HL:0CFF  AF:2087  SP:7FE9  PC:0CBD
0CBE  CD 37 C0  CALL C037   (3)  BC:0020  DE:0000  HL:0CFF  AF:2087  SP:7FE9  PC:0CBE
0CC1  F1        POP PSW     (3)  BC:0020  DE:0000  HL:0CFF  AF:2087  SP:7FE9  PC:0CC1
0CC2  E1        POP H       (3)  BC:0020  DE:0000  HL:0CFF  AF:2087  SP:7FEB  PC:0CC2
0CC3  D1        POP D       (3)  BC:0020  DE:0000  HL:0CFF  AF:2087  SP:7FED  PC:0CC3
0CC4  C1        POP B       (3)  BC:0020  DE:0000  HL:0CFF  AF:2087  SP:7FEF  PC:0CC4
0CC5  C9        RET         (3)  BC:0000  DE:0000  HL:0CFF  AF:2087  SP:7FF1  PC:0CC5
0CB0  23        INX H       (2)  BC:0000  DE:0000  HL:0CFF  AF:2087  SP:7FF3  PC:0CB0
0CB1  C3 A6 0C  JMP 0CA6    (2)  BC:0000  DE:0000  HL:0D00  AF:2087  SP:7FF3  PC:0CB1
0CA6  7E        MOV A,M     (2)  BC:0000  DE:0000  HL:0D00  AF:2087  SP:7FF3  PC:0CA6
0CA7  FE 24     CPI 24      (2)  BC:0000  DE:0000  HL:0D00  AF:4587  SP:7FF3  PC:0CA7
0CA9  CA B4 0C  JZ 0CB4     (2)  BC:0000  DE:0000  HL:0D00  AF:4516  SP:7FF3  PC:0CA9
0CAC  7E        MOV A,M     (2)  BC:0000  DE:0000  HL:0D00  AF:4516  SP:7FF3  PC:0CAC
0CAD  CD B9 0C  CALL 0CB9   (2)  BC:0000  DE:0000  HL:0D00  AF:4516  SP:7FF3  PC:0CAD
0CB9  C5        PUSH B      (3)  BC:0000  DE:0000  HL:0D00  AF:4516  SP:7FF1  PC:0CB9
0CBA  D5        PUSH D      (3)  BC:0000  DE:0000  HL:0D00  AF:4516  SP:7FEF  PC:0CBA
0CBB  E5        PUSH H      (3)  BC:0000  DE:0000  HL:0D00  AF:4516  SP:7FED  PC:0CBB
0CBC  F5        PUSH PSW    (3)  BC:0000  DE:0000  HL:0D00  AF:4516  SP:7FEB  PC:0CBC
0CBD  4F        MOV C,A     (3)  BC:0000  DE:0000  HL:0D00  AF:4516  SP:7FE9  PC:0CBD
0CBE  CD 37 C0  CALL C037   (3)  BC:0045  DE:0000  HL:0D00  AF:4516  SP:7FE9  PC:0CBE
0CC1  F1        POP PSW     (3)  BC:0045  DE:0000  HL:0D00  AF:4516  SP:7FE9  PC:0CC1
0CC2  E1        POP H       (3)  BC:0045  DE:0000  HL:0D00  AF:4516  SP:7FEB  PC:0CC2
0CC3  D1        POP D       (3)  BC:0045  DE:0000  HL:0D00  AF:4516  SP:7FED  PC:0CC3
0CC4  C1        POP B       (3)  BC:0045  DE:0000  HL:0D00  AF:4516  SP:7FEF  PC:0CC4
0CC5  C9        RET         (3)  BC:0000  DE:0000  HL:0D00  AF:4516  SP:7FF1  PC:0CC5
0CB0  23        INX H       (2)  BC:0000  DE:0000  HL:0D00  AF:4516  SP:7FF3  PC:0CB0
0CB1  C3 A6 0C  JMP 0CA6    (2)  BC:0000  DE:0000  HL:0D01  AF:4516  SP:7FF3  PC:0CB1
0CA6  7E        MOV A,M     (2)  BC:0000  DE:0000  HL:0D01  AF:4516  SP:7FF3  PC:0CA6
0CA7  FE 24     CPI 24      (2)  BC:0000  DE:0000  HL:0D01  AF:5816  SP:7FF3  PC:0CA7
0CA9  CA B4 0C  JZ 0CB4     (2)  BC:0000  DE:0000  HL:0D01  AF:5812  SP:7FF3  PC:0CA9
0CAC  7E        MOV A,M     (2)  BC:0000  DE:0000  HL:0D01  AF:5812  SP:7FF3  PC:0CAC
0CAD  CD B9 0C  CALL 0CB9   (2)  BC:0000  DE:0000  HL:0D01  AF:5812  SP:7FF3  PC:0CAD
0CB9  C5        PUSH B      (3)  BC:0000  DE:0000  HL:0D01  AF:5812  SP:7FF1  PC:0CB9
0CBA  D5        PUSH D      (3)  BC:0000  DE:0000  HL:0D01  AF:5812  SP:7FEF  PC:0CBA
0CBB  E5        PUSH H      (3)  BC:0000  DE:0000  HL:0D01  AF:5812  SP:7FED  PC:0CBB
0CBC  F5        PUSH PSW    (3)  BC:0000  DE:0000  HL:0D01  AF:5812  SP:7FEB  PC:0CBC
0CBD  4F        MOV C,A     (3)  BC:0000  DE:0000  HL:0D01  AF:5812  SP:7FE9  PC:0CBD
0CBE  CD 37 C0  CALL C037   (3)  BC:0058  DE:0000  HL:0D01  AF:5812  SP:7FE9  PC:0CBE
0CC1  F1        POP PSW     (3)  BC:0058  DE:0000  HL:0D01  AF:5812  SP:7FE9  PC:0CC1
0CC2  E1        POP H       (3)  BC:0058  DE:0000  HL:0D01  AF:5812  SP:7FEB  PC:0CC2
0CC3  D1        POP D       (3)  BC:0058  DE:0000  HL:0D01  AF:5812  SP:7FED  PC:0CC3
0CC4  C1        POP B       (3)  BC:0058  DE:0000  HL:0D01  AF:5812  SP:7FEF  PC:0CC4
0CC5  C9        RET         (3)  BC:0000  DE:0000  HL:0D01  AF:5812  SP:7FF1  PC:0CC5
0CB0  23        INX H       (2)  BC:0000  DE:0000  HL:0D01  AF:5812  SP:7FF3  PC:0CB0
0CB1  C3 A6 0C  JMP 0CA6    (2)  BC:0000  DE:0000  HL:0D02  AF:5812  SP:7FF3  PC:0CB1
0CA6  7E        MOV A,M     (2)  BC:0000  DE:0000  HL:0D02  AF:5812  SP:7FF3  PC:0CA6
0CA7  FE 24     CPI 24      (2)  BC:0000  DE:0000  HL:0D02  AF:4512  SP:7FF3  PC:0CA7
0CA9  CA B4 0C  JZ 0CB4     (2)  BC:0000  DE:0000  HL:0D02  AF:4516  SP:7FF3  PC:0CA9
0CAC  7E        MOV A,M     (2)  BC:0000  DE:0000  HL:0D02  AF:4516  SP:7FF3  PC:0CAC
0CAD  CD B9 0C  CALL 0CB9   (2)  BC:0000  DE:0000  HL:0D02  AF:4516  SP:7FF3  PC:0CAD
0CB9  C5        PUSH B      (3)  BC:0000  DE:0000  HL:0D02  AF:4516  SP:7FF1  PC:0CB9
0CBA  D5        PUSH D      (3)  BC:0000  DE:0000  HL:0D02  AF:4516  SP:7FEF  PC:0CBA
0CBB  E5        PUSH H      (3)  BC:0000  DE:0000  HL:0D02  AF:4516  SP:7FED  PC:0CBB
0CBC  F5        PUSH PSW    (3)  BC:0000  DE:0000  HL:0D02  AF:4516  SP:7FEB  PC:0CBC
0CBD  4F        MOV C,A     (3)  BC:0000  DE:0000  HL:0D02  AF:4516  SP:7FE9  PC:0CBD
0CBE  CD 37 C0  CALL C037   (3)  BC:0045  DE:0000  HL:0D02  AF:4516  SP:7FE9  PC:0CBE
0CC1  F1        POP PSW     (3)  BC:0045  DE:0000  HL:0D02  AF:4516  SP:7FE9  PC:0CC1
0CC2  E1        POP H       (3)  BC:0045  DE:0000  HL:0D02  AF:4516  SP:7FEB  PC:0CC2
0CC3  D1        POP D       (3)  BC:0045  DE:0000  HL:0D02  AF:4516  SP:7FED  PC:0CC3
0CC4  C1        POP B       (3)  BC:0045  DE:0000  HL:0D02  AF:4516  SP:7FEF  PC:0CC4
0CC5  C9        RET         (3)  BC:0000  DE:0000  HL:0D02  AF:4516  SP:7FF1  PC:0CC5
0CB0  23        INX H       (2)  BC:0000  DE:0000  HL:0D02  AF:4516  SP:7FF3  PC:0CB0
0CB1  C3 A6 0C  JMP 0CA6    (2)  BC:0000  DE:0000  HL:0D03  AF:4516  SP:7FF3  PC:0CB1
0CA6  7E        MOV A,M     (2)  BC:0000  DE:0000  HL:0D03  AF:4516  SP:7FF3  PC:0CA6
0CA7  FE 24     CPI 24      (2)  BC:0000  DE:0000  HL:0D03  AF:5216  SP:7FF3  PC:0CA7
0CA9  CA B4 0C  JZ 0CB4     (2)  BC:0000  DE:0000  HL:0D03  AF:5206  SP:7FF3  PC:0CA9
0CAC  7E        MOV A,M     (2)  BC:0000  DE:0000  HL:0D03  AF:5206  SP:7FF3  PC:0CAC
0CAD  CD B9 0C  CALL 0CB9   (2)  BC:0000  DE:0000  HL:0D03  AF:5206  SP:7FF3  PC:0CAD
0CB9  C5        PUSH B      (3)  BC:0000  DE:0000  HL:0D03  AF:5206  SP:7FF1  PC:0CB9
0CBA  D5        PUSH D      (3)  BC:0000  DE:0000  HL:0D03  AF:5206  SP:7FEF  PC:0CBA
0CBB  E5        PUSH H      (3)  BC:0000  DE:0000  HL:0D03  AF:5206  SP:7FED  PC:0CBB
0CBC  F5        PUSH PSW    (3)  BC:0000  DE:0000  HL:0D03  AF:5206  SP:7FEB  PC:0CBC
0CBD  4F        MOV C,A     (3)  BC:0000  DE:0000  HL:0D03  AF:5206  SP:7FE9  PC:0CBD
0CBE  CD 37 C0  CALL C037   (3)  BC:0052  DE:0000  HL:0D03  AF:5206  SP:7FE9  PC:0CBE
0CC1  F1        POP PSW     (3)  BC:0052  DE:0000  HL:0D03  AF:5206  SP:7FE9  PC:0CC1
0CC2  E1        POP H       (3)  BC:0052  DE:0000  HL:0D03  AF:5206  SP:7FEB  PC:0CC2
0CC3  D1        POP D       (3)  BC:0052  DE:0000  HL:0D03  AF:5206  SP:7FED  PC:0CC3
0CC4  C1        POP B       (3)  BC:0052  DE:0000  HL:0D03  AF:5206  SP:7FEF  PC:0CC4
0CC5  C9        RET         (3)  BC:0000  DE:0000  HL:0D03  AF:5206  SP:7FF1  PC:0CC5
0CB0  23        INX H       (2)  BC:0000  DE:0000  HL:0D03  AF:5206  SP:7FF3  PC:0CB0
0CB1  C3 A6 0C  JMP 0CA6    (2)  BC:0000  DE:0000  HL:0D04  AF:5206  SP:7FF3  PC:0CB1
0CA6  7E        MOV A,M     (2)  BC:0000  DE:0000  HL:0D04  AF:5206  SP:7FF3  PC:0CA6
0CA7  FE 24     CPI 24      (2)  BC:0000  DE:0000  HL:0D04  AF:4306  SP:7FF3  PC:0CA7
0CA9  CA B4 0C  JZ 0CB4     (2)  BC:0000  DE:0000  HL:0D04  AF:4302  SP:7FF3  PC:0CA9
0CAC  7E        MOV A,M     (2)  BC:0000  DE:0000  HL:0D04  AF:4302  SP:7FF3  PC:0CAC
0CAD  CD B9 0C  CALL 0CB9   (2)  BC:0000  DE:0000  HL:0D04  AF:4302  SP:7FF3  PC:0CAD
0CB9  C5        PUSH B      (3)  BC:0000  DE:0000  HL:0D04  AF:4302  SP:7FF1  PC:0CB9
0CBA  D5        PUSH D      (3)  BC:0000  DE:0000  HL:0D04  AF:4302  SP:7FEF  PC:0CBA
0CBB  E5        PUSH H      (3)  BC:0000  DE:0000  HL:0D04  AF:4302  SP:7FED  PC:0CBB
0CBC  F5        PUSH PSW    (3)  BC:0000  DE:0000  HL:0D04  AF:4302  SP:7FEB  PC:0CBC
0CBD  4F        MOV C,A     (3)  BC:0000  DE:0000  HL:0D04  AF:4302  SP:7FE9  PC:0CBD
0CBE  CD 37 C0  CALL C037   (3)  BC:0043  DE:0000  HL:0D04  AF:4302  SP:7FE9  PC:0CBE
0CC1  F1        POP PSW     (3)  BC:0043  DE:0000  HL:0D04  AF:4302  SP:7FE9  PC:0CC1
0CC2  E1        POP H       (3)  BC:0043  DE:0000  HL:0D04  AF:4302  SP:7FEB  PC:0CC2
0CC3  D1        POP D       (3)  BC:0043  DE:0000  HL:0D04  AF:4302  SP:7FED  PC:0CC3
0CC4  C1        POP B       (3)  BC:0043  DE:0000  HL:0D04  AF:4302  SP:7FEF  PC:0CC4
0CC5  C9        RET         (3)  BC:0000  DE:0000  HL:0D04  AF:4302  SP:7FF1  PC:0CC5
0CB0  23        INX H       (2)  BC:0000  DE:0000  HL:0D04  AF:4302  SP:7FF3  PC:0CB0
0CB1  C3 A6 0C  JMP 0CA6    (2)  BC:0000  DE:0000  HL:0D05  AF:4302  SP:7FF3  PC:0CB1
0CA6  7E        MOV A,M     (2)  BC:0000  DE:0000  HL:0D05  AF:4302  SP:7FF3  PC:0CA6
0CA7  FE 24     CPI 24      (2)  BC:0000  DE:0000  HL:0D05  AF:4902  SP:7FF3  PC:0CA7
0CA9  CA B4 0C  JZ 0CB4     (2)  BC:0000  DE:0000  HL:0D05  AF:4912  SP:7FF3  PC:0CA9
0CAC  7E        MOV A,M     (2)  BC:0000  DE:0000  HL:0D05  AF:4912  SP:7FF3  PC:0CAC
0CAD  CD B9 0C  CALL 0CB9   (2)  BC:0000  DE:0000  HL:0D05  AF:4912  SP:7FF3  PC:0CAD
0CB9  C5        PUSH B      (3)  BC:0000  DE:0000  HL:0D05  AF:4912  SP:7FF1  PC:0CB9
0CBA  D5        PUSH D      (3)  BC:0000  DE:0000  HL:0D05  AF:4912  SP:7FEF  PC:0CBA
0CBB  E5        PUSH H      (3)  BC:0000  DE:0000  HL:0D05  AF:4912  SP:7FED  PC:0CBB
0CBC  F5        PUSH PSW    (3)  BC:0000  DE:0000  HL:0D05  AF:4912  SP:7FEB  PC:0CBC
0CBD  4F        MOV C,A     (3)  BC:0000  DE:0000  HL:0D05  AF:4912  SP:7FE9  PC:0CBD
0CBE  CD 37 C0  CALL C037   (3)  BC:0049  DE:0000  HL:0D05  AF:4912  SP:7FE9  PC:0CBE
0CC1  F1        POP PSW     (3)  BC:0049  DE:0000  HL:0D05  AF:4912  SP:7FE9  PC:0CC1
0CC2  E1        POP H       (3)  BC:0049  DE:0000  HL:0D05  AF:4912  SP:7FEB  PC:0CC2
0CC3  D1        POP D       (3)  BC:0049  DE:0000  HL:0D05  AF:4912  SP:7FED  PC:0CC3
0CC4  C1        POP B       (3)  BC:0049  DE:0000  HL:0D05  AF:4912  SP:7FEF  PC:0CC4
0CC5  C9        RET         (3)  BC:0000  DE:0000  HL:0D05  AF:4912  SP:7FF1  PC:0CC5
0CB0  23        INX H       (2)  BC:0000  DE:0000  HL:0D05  AF:4912  SP:7FF3  PC:0CB0
0CB1  C3 A6 0C  JMP 0CA6    (2)  BC:0000  DE:0000  HL:0D06  AF:4912  SP:7FF3  PC:0CB1
0CA6  7E        MOV A,M     (2)  BC:0000  DE:0000  HL:0D06  AF:4912  SP:7FF3  PC:0CA6
0CA7  FE 24     CPI 24      (2)  BC:0000  DE:0000  HL:0D06  AF:5312  SP:7FF3  PC:0CA7
0CA9  CA B4 0C  JZ 0CB4     (2)  BC:0000  DE:0000  HL:0D06  AF:5302  SP:7FF3  PC:0CA9
0CAC  7E        MOV A,M     (2)  BC:0000  DE:0000  HL:0D06  AF:5302  SP:7FF3  PC:0CAC
0CAD  CD B9 0C  CALL 0CB9   (2)  BC:0000  DE:0000  HL:0D06  AF:5302  SP:7FF3  PC:0CAD
0CB9  C5        PUSH B      (3)  BC:0000  DE:0000  HL:0D06  AF:5302  SP:7FF1  PC:0CB9
0CBA  D5        PUSH D      (3)  BC:0000  DE:0000  HL:0D06  AF:5302  SP:7FEF  PC:0CBA
0CBB  E5        PUSH H      (3)  BC:0000  DE:0000  HL:0D06  AF:5302  SP:7FED  PC:0CBB
0CBC  F5        PUSH PSW    (3)  BC:0000  DE:0000  HL:0D06  AF:5302  SP:7FEB  PC:0CBC
0CBD  4F        MOV C,A     (3)  BC:0000  DE:0000  HL:0D06  AF:5302  SP:7FE9  PC:0CBD
0CBE  CD 37 C0  CALL C037   (3)  BC:0053  DE:0000  HL:0D06  AF:5302  SP:7FE9  PC:0CBE
0CC1  F1        POP PSW     (3)  BC:0053  DE:0000  HL:0D06  AF:5302  SP:7FE9  PC:0CC1
0CC2  E1        POP H       (3)  BC:0053  DE:0000  HL:0D06  AF:5302  SP:7FEB  PC:0CC2
0CC3  D1        POP D       (3)  BC:0053  DE:0000  HL:0D06  AF:5302  SP:7FED  PC:0CC3
0CC4  C1        POP B       (3)  BC:0053  DE:0000  HL:0D06  AF:5302  SP:7FEF  PC:0CC4
0CC5  C9        RET         (3)  BC:0000  DE:0000  HL:0D06  AF:5302  SP:7FF1  PC:0CC5
0CB0  23        INX H       (2)  BC:0000  DE:0000  HL:0D06  AF:5302  SP:7FF3  PC:0CB0
0CB1  C3 A6 0C  JMP 0CA6    (2)  BC:0000  DE:0000  HL:0D07  AF:5302  SP:7FF3  PC:0CB1
0CA6  7E        MOV A,M     (2)  BC:0000  DE:0000  HL:0D07  AF:5302  SP:7FF3  PC:0CA6
0CA7  FE 24     CPI 24      (2)  BC:0000  DE:0000  HL:0D07  AF:4502  SP:7FF3  PC:0CA7
0CA9  CA B4 0C  JZ 0CB4     (2)  BC:0000  DE:0000  HL:0D07  AF:4516  SP:7FF3  PC:0CA9
0CAC  7E        MOV A,M     (2)  BC:0000  DE:0000  HL:0D07  AF:4516  SP:7FF3  PC:0CAC
0CAD  CD B9 0C  CALL 0CB9   (2)  BC:0000  DE:0000  HL:0D07  AF:4516  SP:7FF3  PC:0CAD
0CB9  C5        PUSH B      (3)  BC:0000  DE:0000  HL:0D07  AF:4516  SP:7FF1  PC:0CB9
0CBA  D5        PUSH D      (3)  BC:0000  DE:0000  HL:0D07  AF:4516  SP:7FEF  PC:0CBA
0CBB  E5        PUSH H      (3)  BC:0000  DE:0000  HL:0D07  AF:4516  SP:7FED  PC:0CBB
0CBC  F5        PUSH PSW    (3)  BC:0000  DE:0000  HL:0D07  AF:4516  SP:7FEB  PC:0CBC
0CBD  4F        MOV C,A     (3)  BC:0000  DE:0000  HL:0D07  AF:4516  SP:7FE9  PC:0CBD
0CBE  CD 37 C0  CALL C037   (3)  BC:0045  DE:0000  HL:0D07  AF:4516  SP:7FE9  PC:0CBE
0CC1  F1        POP PSW     (3)  BC:0045  DE:0000  HL:0D07  AF:4516  SP:7FE9  PC:0CC1
0CC2  E1        POP H       (3)  BC:0045  DE:0000  HL:0D07  AF:4516  SP:7FEB  PC:0CC2
0CC3  D1        POP D       (3)  BC:0045  DE:0000  HL:0D07  AF:4516  SP:7FED  PC:0CC3
0CC4  C1        POP B       (3)  BC:0045  DE:0000  HL:0D07  AF:4516  SP:7FEF  PC:0CC4
0CC5  C9        RET         (3)  BC:0000  DE:0000  HL:0D07  AF:4516  SP:7FF1  PC:0CC5
0CB0  23        INX H       (2)  BC:0000  DE:0000  HL:0D07  AF:4516  SP:7FF3  PC:0CB0
0CB1  C3 A6 0C  JMP 0CA6    (2)  BC:0000  DE:0000  HL:0D08  AF:4516  SP:7FF3  PC:0CB1
0CA6  7E        MOV A,M     (2)  BC:0000  DE:0000  HL:0D08  AF:4516  SP:7FF3  PC:0CA6
0CA7  FE 24     CPI 24      (2)  BC:0000  DE:0000  HL:0D08  AF:5216  SP:7FF3  PC:0CA7
0CA9  CA B4 0C  JZ 0CB4     (2)  BC:0000  DE:0000  HL:0D08  AF:5206  SP:7FF3  PC:0CA9
0CAC  7E        MOV A,M     (2)  BC:0000  DE:0000  HL:0D08  AF:5206  SP:7FF3  PC:0CAC
0CAD  CD B9 0C  CALL 0CB9   (2)  BC:0000  DE:0000  HL:0D08  AF:5206  SP:7FF3  PC:0CAD
0CB9  C5        PUSH B      (3)  BC:0000  DE:0000  HL:0D08  AF:5206  SP:7FF1  PC:0CB9
0CBA  D5        PUSH D      (3)  BC:0000  DE:0000  HL:0D08  AF:5206  SP:7FEF  PC:0CBA
0CBB  E5        PUSH H      (3)  BC:0000  DE:0000  HL:0D08  AF:5206  SP:7FED  PC:0CBB
0CBC  F5        PUSH PSW    (3)  BC:0000  DE:0000  HL:0D08  AF:5206  SP:7FEB  PC:0CBC
0CBD  4F        MOV C,A     (3)  BC:0000  DE:0000  HL:0D08  AF:5206  SP:7FE9  PC:0CBD
0CBE  CD 37 C0  CALL C037   (3)  BC:0052  DE:0000  HL:0D08  AF:5206  SP:7FE9  PC:0CBE
0CC1  F1        POP PSW     (3)  BC:0052  DE:0000  HL:0D08  AF:5206  SP:7FE9  PC:0CC1
0CC2  E1        POP H       (3)  BC:0052  DE:0000  HL:0D08  AF:5206  SP:7FEB  PC:0CC2
0CC3  D1        POP D       (3)  BC:0052  DE:0000  HL:0D08  AF:5206  SP:7FED  PC:0CC3
0CC4  C1        POP B       (3)  BC:0052  DE:0000  HL:0D08  AF:5206  SP:7FEF  PC:0CC4
0CC5  C9        RET         (3)  BC:0000  DE:0000  HL:0D08  AF:5206  SP:7FF1  PC:0CC5
0CB0  23        INX H       (2)  BC:0000  DE:0000  HL:0D08  AF:5206  SP:7FF3  PC:0CB0
0CB1  C3 A6 0C  JMP 0CA6    (2)  BC:0000  DE:0000  HL:0D09  AF:5206  SP:7FF3  PC:0CB1
0CA6  7E        MOV A,M     (2)  BC:0000  DE:0000  HL:0D09  AF:5206  SP:7FF3  PC:0CA6
0CA7  FE 24     CPI 24      (2)  BC:0000  DE:0000  HL:0D09  AF:2006  SP:7FF3  PC:0CA7
0CA9  CA B4 0C  JZ 0CB4     (2)  BC:0000  DE:0000  HL:0D09  AF:2087  SP:7FF3  PC:0CA9
0CAC  7E        MOV A,M     (2)  BC:0000  DE:0000  HL:0D09  AF:2087  SP:7FF3  PC:0CAC
0CAD  CD B9 0C  CALL 0CB9   (2)  BC:0000  DE:0000  HL:0D09  AF:2087  SP:7FF3  PC:0CAD
0CB9  C5        PUSH B      (3)  BC:0000  DE:0000  HL:0D09  AF:2087  SP:7FF1  PC:0CB9
0CBA  D5        PUSH D      (3)  BC:0000  DE:0000  HL:0D09  AF:2087  SP:7FEF  PC:0CBA
0CBB  E5        PUSH H      (3)  BC:0000  DE:0000  HL:0D09  AF:2087  SP:7FED  PC:0CBB
0CBC  F5        PUSH PSW    (3)  BC:0000  DE:0000  HL:0D09  AF:2087  SP:7FEB  PC:0CBC
0CBD  4F        MOV C,A     (3)  BC:0000  DE:0000  HL:0D09  AF:2087  SP:7FE9  PC:0CBD
0CBE  CD 37 C0  CALL C037   (3)  BC:0020  DE:0000  HL:0D09  AF:2087  SP:7FE9  PC:0CBE
0CC1  F1        POP PSW     (3)  BC:0020  DE:0000  HL:0D09  AF:2087  SP:7FE9  PC:0CC1
0CC2  E1        POP H       (3)  BC:0020  DE:0000  HL:0D09  AF:2087  SP:7FEB  PC:0CC2
0CC3  D1        POP D       (3)  BC:0020  DE:0000  HL:0D09  AF:2087  SP:7FED  PC:0CC3
0CC4  C1        POP B       (3)  BC:0020  DE:0000  HL:0D09  AF:2087  SP:7FEF  PC:0CC4
0CC5  C9        RET         (3)  BC:0000  DE:0000  HL:0D09  AF:2087  SP:7FF1  PC:0CC5
0CB0  23        INX H       (2)  BC:0000  DE:0000  HL:0D09  AF:2087  SP:7FF3  PC:0CB0
0CB1  C3 A6 0C  JMP 0CA6    (2)  BC:0000  DE:0000  HL:0D0A  AF:2087  SP:7FF3  PC:0CB1
0CA6  7E        MOV A,M     (2)  BC:0000  DE:0000  HL:0D0A  AF:2087  SP:7FF3  PC:0CA6
0CA7  FE 24     CPI 24      (2)  BC:0000  DE:0000  HL:0D0A  AF:2887  SP:7FF3  PC:0CA7
0CA9  CA B4 0C  JZ 0CB4     (2)  BC:0000  DE:0000  HL:0D0A  AF:2812  SP:7FF3  PC:0CA9
0CAC  7E        MOV A,M     (2)  BC:0000  DE:0000  HL:0D0A  AF:2812  SP:7FF3  PC:0CAC
0CAD  CD B9 0C  CALL 0CB9   (2)  BC:0000  DE:0000  HL:0D0A  AF:2812  SP:7FF3  PC:0CAD
0CB9  C5        PUSH B      (3)  BC:0000  DE:0000  HL:0D0A  AF:2812  SP:7FF1  PC:0CB9
0CBA  D5        PUSH D      (3)  BC:0000  DE:0000  HL:0D0A  AF:2812  SP:7FEF  PC:0CBA
0CBB  E5        PUSH H      (3)  BC:0000  DE:0000  HL:0D0A  AF:2812  SP:7FED  PC:0CBB
0CBC  F5        PUSH PSW    (3)  BC:0000  DE:0000  HL:0D0A  AF:2812  SP:7FEB  PC:0CBC
0CBD  4F        MOV C,A     (3)  BC:0000  DE:0000  HL:0D0A  AF:2812  SP:7FE9  PC:0CBD
0CBE  CD 37 C0  CALL C037   (3)  BC:0028  DE:0000  HL:0D0A  AF:2812  SP:7FE9  PC:0CBE
0CC1  F1        POP PSW     (3)  BC:0028  DE:0000  HL:0D0A  AF:2812  SP:7FE9  PC:0CC1
0CC2  E1        POP H       (3)  BC:0028  DE:0000  HL:0D0A  AF:2812  SP:7FEB  PC:0CC2
0CC3  D1        POP D       (3)  BC:0028  DE:0000  HL:0D0A  AF:2812  SP:7FED  PC:0CC3
0CC4  C1        POP B       (3)  BC:0028  DE:0000  HL:0D0A  AF:2812  SP:7FEF  PC:0CC4
0CC5  C9        RET         (3)  BC:0000  DE:0000  HL:0D0A  AF:2812  SP:7FF1  PC:0CC5
0CB0  23        INX H       (2)  BC:0000  DE:0000  HL:0D0A  AF:2812  SP:7FF3  PC:0CB0
0CB1  C3 A6 0C  JMP 0CA6    (2)  BC:0000  DE:0000  HL:0D0B  AF:2812  SP:7FF3  PC:0CB1
0CA6  7E        MOV A,M     (2)  BC:0000  DE:0000  HL:0D0B  AF:2812  SP:7FF3  PC:0CA6
0CA7  FE 24     CPI 24      (2)  BC:0000  DE:0000  HL:0D0B  AF:4B12  SP:7FF3  PC:0CA7
0CA9  CA B4 0C  JZ 0CB4     (2)  BC:0000  DE:0000  HL:0D0B  AF:4B16  SP:7FF3  PC:0CA9
0CAC  7E        MOV A,M     (2)  BC:0000  DE:0000  HL:0D0B  AF:4B16  SP:7FF3  PC:0CAC
0CAD  CD B9 0C  CALL 0CB9   (2)  BC:0000  DE:0000  HL:0D0B  AF:4B16  SP:7FF3  PC:0CAD
0CB9  C5        PUSH B      (3)  BC:0000  DE:0000  HL:0D0B  AF:4B16  SP:7FF1  PC:0CB9
0CBA  D5        PUSH D      (3)  BC:0000  DE:0000  HL:0D0B  AF:4B16  SP:7FEF  PC:0CBA
0CBB  E5        PUSH H      (3)  BC:0000  DE:0000  HL:0D0B  AF:4B16  SP:7FED  PC:0CBB
0CBC  F5        PUSH PSW    (3)  BC:0000  DE:0000  HL:0D0B  AF:4B16  SP:7FEB  PC:0CBC
0CBD  4F        MOV C,A     (3)  BC:0000  DE:0000  HL:0D0B  AF:4B16  SP:7FE9  PC:0CBD
0CBE  CD 37 C0  CALL C037   (3)  BC:004B  DE:0000  HL:0D0B  AF:4B16  SP:7FE9  PC:0CBE
0CC1  F1        POP PSW     (3)  BC:004B  DE:0000  HL:0D0B  AF:4B16  SP:7FE9  PC:0CC1
0CC2  E1        POP H       (3)  BC:004B  DE:0000  HL:0D0B  AF:4B16  SP:7FEB  PC:0CC2
0CC3  D1        POP D       (3)  BC:004B  DE:0000  HL:0D0B  AF:4B16  SP:7FED  PC:0CC3
0CC4  C1        POP B       (3)  BC:004B  DE:0000  HL:0D0B  AF:4B16  SP:7FEF  PC:0CC4
0CC5  C9        RET         (3)  BC:0000  DE:0000  HL:0D0B  AF:4B16  SP:7FF1  PC:0CC5
0CB0  23        INX H       (2)  BC:0000  DE:0000  HL:0D0B  AF:4B16  SP:7FF3  PC:0CB0
0CB1  C3 A6 0C  JMP 0CA6    (2)  BC:0000  DE:0000  HL:0D0C  AF:4B16  SP:7FF3  PC:0CB1
0CA6  7E        MOV A,M     (2)  BC:0000  DE:0000  HL:0D0C  AF:4B16  SP:7FF3  PC:0CA6
0CA7  FE 24     CPI 24      (2)  BC:0000  DE:0000  HL:0D0C  AF:5216  SP:7FF3  PC:0CA7
0CA9  CA B4 0C  JZ 0CB4     (2)  BC:0000  DE:0000  HL:0D0C  AF:5206  SP:7FF3  PC:0CA9
0CAC  7E        MOV A,M     (2)  BC:0000  DE:0000  HL:0D0C  AF:5206  SP:7FF3  PC:0CAC
0CAD  CD B9 0C  CALL 0CB9   (2)  BC:0000  DE:0000  HL:0D0C  AF:5206  SP:7FF3  PC:0CAD
0CB9  C5        PUSH B      (3)  BC:0000  DE:0000  HL:0D0C  AF:5206  SP:7FF1  PC:0CB9
0CBA  D5        PUSH D      (3)  BC:0000  DE:0000  HL:0D0C  AF:5206  SP:7FEF  PC:0CBA
0CBB  E5        PUSH H      (3)  BC:0000  DE:0000  HL:0D0C  AF:5206  SP:7FED  PC:0CBB
0CBC  F5        PUSH PSW    (3)  BC:0000  DE:0000  HL:0D0C  AF:5206  SP:7FEB  PC:0CBC
0CBD  4F        MOV C,A     (3)  BC:0000  DE:0000  HL:0D0C  AF:5206  SP:7FE9  PC:0CBD
0CBE  CD 37 C0  CALL C037   (3)  BC:0052  DE:0000  HL:0D0C  AF:5206  SP:7FE9  PC:0CBE
0CC1  F1        POP PSW     (3)  BC:0052  DE:0000  HL:0D0C  AF:5206  SP:7FE9  PC:0CC1
0CC2  E1        POP H       (3)  BC:0052  DE:0000  HL:0D0C  AF:5206  SP:7FEB  PC:0CC2
0CC3  D1        POP D       (3)  BC:0052  DE:0000  HL:0D0C  AF:5206  SP:7FED  PC:0CC3
0CC4  C1        POP B       (3)  BC:0052  DE:0000  HL:0D0C  AF:5206  SP:7FEF  PC:0CC4
0CC5  C9        RET         (3)  BC:0000  DE:0000  HL:0D0C  AF:5206  SP:7FF1  PC:0CC5
0CB0  23        INX H       (2)  BC:0000  DE:0000  HL:0D0C  AF:5206  SP:7FF3  PC:0CB0
0CB1  C3 A6 0C  JMP 0CA6    (2)  BC:0000  DE:0000  HL:0D0D  AF:5206  SP:7FF3  PC:0CB1
0CA6  7E        MOV A,M     (2)  BC:0000  DE:0000  HL:0D0D  AF:5206  SP:7FF3  PC:0CA6
0CA7  FE 24     CPI 24      (2)  BC:0000  DE:0000  HL:0D0D  AF:3506  SP:7FF3  PC:0CA7
0CA9  CA B4 0C  JZ 0CB4     (2)  BC:0000  DE:0000  HL:0D0D  AF:3516  SP:7FF3  PC:0CA9
0CAC  7E        MOV A,M     (2)  BC:0000  DE:0000  HL:0D0D  AF:3516  SP:7FF3  PC:0CAC
0CAD  CD B9 0C  CALL 0CB9   (2)  BC:0000  DE:0000  HL:0D0D  AF:3516  SP:7FF3  PC:0CAD
0CB9  C5        PUSH B      (3)  BC:0000  DE:0000  HL:0D0D  AF:3516  SP:7FF1  PC:0CB9
0CBA  D5        PUSH D      (3)  BC:0000  DE:0000  HL:0D0D  AF:3516  SP:7FEF  PC:0CBA
0CBB  E5        PUSH H      (3)  BC:0000  DE:0000  HL:0D0D  AF:3516  SP:7FED  PC:0CBB
0CBC  F5        PUSH PSW    (3)  BC:0000  DE:0000  HL:0D0D  AF:3516  SP:7FEB  PC:0CBC
0CBD  4F        MOV C,A     (3)  BC:0000  DE:0000  HL:0D0D  AF:3516  SP:7FE9  PC:0CBD
0CBE  CD 37 C0  CALL C037   (3)  BC:0035  DE:0000  HL:0D0D  AF:3516  SP:7FE9  PC:0CBE
0CC1  F1        POP PSW     (3)  BC:0035  DE:0000  HL:0D0D  AF:3516  SP:7FE9  PC:0CC1
0CC2  E1        POP H       (3)  BC:0035  DE:0000  HL:0D0D  AF:3516  SP:7FEB  PC:0CC2
0CC3  D1        POP D       (3)  BC:0035  DE:0000  HL:0D0D  AF:3516  SP:7FED  PC:0CC3
0CC4  C1        POP B       (3)  BC:0035  DE:0000  HL:0D0D  AF:3516  SP:7FEF  PC:0CC4
0CC5  C9        RET         (3)  BC:0000  DE:0000  HL:0D0D  AF:3516  SP:7FF1  PC:0CC5
0CB0  23        INX H       (2)  BC:0000  DE:0000  HL:0D0D  AF:3516  SP:7FF3  PC:0CB0
0CB1  C3 A6 0C  JMP 0CA6    (2)  BC:0000  DE:0000  HL:0D0E  AF:3516  SP:7FF3  PC:0CB1
0CA6  7E        MOV A,M     (2)  BC:0000  DE:0000  HL:0D0E  AF:3516  SP:7FF3  PC:0CA6
0CA7  FE 24     CPI 24      (2)  BC:0000  DE:0000  HL:0D0E  AF:3816  SP:7FF3  PC:0CA7
0CA9  CA B4 0C  JZ 0CB4     (2)  BC:0000  DE:0000  HL:0D0E  AF:3816  SP:7FF3  PC:0CA9
0CAC  7E        MOV A,M     (2)  BC:0000  DE:0000  HL:0D0E  AF:3816  SP:7FF3  PC:0CAC
0CAD  CD B9 0C  CALL 0CB9   (2)  BC:0000  DE:0000  HL:0D0E  AF:3816  SP:7FF3  PC:0CAD
0CB9  C5        PUSH B      (3)  BC:0000  DE:0000  HL:0D0E  AF:3816  SP:7FF1  PC:0CB9
0CBA  D5        PUSH D      (3)  BC:0000  DE:0000  HL:0D0E  AF:3816  SP:7FEF  PC:0CBA
0CBB  E5        PUSH H      (3)  BC:0000  DE:0000  HL:0D0E  AF:3816  SP:7FED  PC:0CBB
0CBC  F5        PUSH PSW    (3)  BC:0000  DE:0000  HL:0D0E  AF:3816  SP:7FEB  PC:0CBC
0CBD  4F        MOV C,A     (3)  BC:0000  DE:0000  HL:0D0E  AF:3816  SP:7FE9  PC:0CBD
0CBE  CD 37 C0  CALL C037   (3)  BC:0038  DE:0000  HL:0D0E  AF:3816  SP:7FE9  PC:0CBE
0CC1  F1        POP PSW     (3)  BC:0038  DE:0000  HL:0D0E  AF:3816  SP:7FE9  PC:0CC1
0CC2  E1        POP H       (3)  BC:0038  DE:0000  HL:0D0E  AF:3816  SP:7FEB  PC:0CC2
0CC3  D1        POP D       (3)  BC:0038  DE:0000  HL:0D0E  AF:3816  SP:7FED  PC:0CC3
0CC4  C1        POP B       (3)  BC:0038  DE:0000  HL:0D0E  AF:3816  SP:7FEF  PC:0CC4
0CC5  C9        RET         (3)  BC:0000  DE:0000  HL:0D0E  AF:3816  SP:7FF1  PC:0CC5
0CB0  23        INX H       (2)  BC:0000  DE:0000  HL:0D0E  AF:3816  SP:7FF3  PC:0CB0
0CB1  C3 A6 0C  JMP 0CA6    (2)  BC:0000  DE:0000  HL:0D0F  AF:3816  SP:7FF3  PC:0CB1
0CA6  7E        MOV A,M     (2)  BC:0000  DE:0000  HL:0D0F  AF:3816  SP:7FF3  PC:0CA6
0CA7  FE 24     CPI 24      (2)  BC:0000  DE:0000  HL:0D0F  AF:3016  SP:7FF3  PC:0CA7
0CA9  CA B4 0C  JZ 0CB4     (2)  BC:0000  DE:0000  HL:0D0F  AF:3006  SP:7FF3  PC:0CA9
0CAC  7E        MOV A,M     (2)  BC:0000  DE:0000  HL:0D0F  AF:3006  SP:7FF3  PC:0CAC
0CAD  CD B9 0C  CALL 0CB9   (2)  BC:0000  DE:0000  HL:0D0F  AF:3006  SP:7FF3  PC:0CAD
0CB9  C5        PUSH B      (3)  BC:0000  DE:0000  HL:0D0F  AF:3006  SP:7FF1  PC:0CB9
0CBA  D5        PUSH D      (3)  BC:0000  DE:0000  HL:0D0F  AF:3006  SP:7FEF  PC:0CBA
0CBB  E5        PUSH H      (3)  BC:0000  DE:0000  HL:0D0F  AF:3006  SP:7FED  PC:0CBB
0CBC  F5        PUSH PSW    (3)  BC:0000  DE:0000  HL:0D0F  AF:3006  SP:7FEB  PC:0CBC
0CBD  4F        MOV C,A     (3)  BC:0000  DE:0000  HL:0D0F  AF:3006  SP:7FE9  PC:0CBD
0CBE  CD 37 C0  CALL C037   (3)  BC:0030  DE:0000  HL:0D0F  AF:3006  SP:7FE9  PC:0CBE
0CC1  F1        POP PSW     (3)  BC:0030  DE:0000  HL:0D0F  AF:3006  SP:7FE9  PC:0CC1
0CC2  E1        POP H       (3)  BC:0030  DE:0000  HL:0D0F  AF:3006  SP:7FEB  PC:0CC2
0CC3  D1        POP D       (3)  BC:0030  DE:0000  HL:0D0F  AF:3006  SP:7FED  PC:0CC3
0CC4  C1        POP B       (3)  BC:0030  DE:0000  HL:0D0F  AF:3006  SP:7FEF  PC:0CC4
0CC5  C9        RET         (3)  BC:0000  DE:0000  HL:0D0F  AF:3006  SP:7FF1  PC:0CC5
0CB0  23        INX H       (2)  BC:0000  DE:0000  HL:0D0F  AF:3006  SP:7FF3  PC:0CB0
0CB1  C3 A6 0C  JMP 0CA6    (2)  BC:0000  DE:0000  HL:0D10  AF:3006  SP:7FF3  PC:0CB1
0CA6  7E        MOV A,M     (2)  BC:0000  DE:0000  HL:0D10  AF:3006  SP:7FF3  PC:0CA6
0CA7  FE 24     CPI 24      (2)  BC:0000  DE:0000  HL:0D10  AF:5606  SP:7FF3  PC:0CA7
0CA9  CA B4 0C  JZ 0CB4     (2)  BC:0000  DE:0000  HL:0D10  AF:5612  SP:7FF3  PC:0CA9
0CAC  7E        MOV A,M     (2)  BC:0000  DE:0000  HL:0D10  AF:5612  SP:7FF3  PC:0CAC
0CAD  CD B9 0C  CALL 0CB9   (2)  BC:0000  DE:0000  HL:0D10  AF:5612  SP:7FF3  PC:0CAD
0CB9  C5        PUSH B      (3)  BC:0000  DE:0000  HL:0D10  AF:5612  SP:7FF1  PC:0CB9
0CBA  D5        PUSH D      (3)  BC:0000  DE:0000  HL:0D10  AF:5612  SP:7FEF  PC:0CBA
0CBB  E5        PUSH H      (3)  BC:0000  DE:0000  HL:0D10  AF:5612  SP:7FED  PC:0CBB
0CBC  F5        PUSH PSW    (3)  BC:0000  DE:0000  HL:0D10  AF:5612  SP:7FEB  PC:0CBC
0CBD  4F        MOV C,A     (3)  BC:0000  DE:0000  HL:0D10  AF:5612  SP:7FE9  PC:0CBD
0CBE  CD 37 C0  CALL C037   (3)  BC:0056  DE:0000  HL:0D10  AF:5612  SP:7FE9  PC:0CBE
0CC1  F1        POP PSW     (3)  BC:0056  DE:0000  HL:0D10  AF:5612  SP:7FE9  PC:0CC1
0CC2  E1        POP H       (3)  BC:0056  DE:0000  HL:0D10  AF:5612  SP:7FEB  PC:0CC2
0CC3  D1        POP D       (3)  BC:0056  DE:0000  HL:0D10  AF:5612  SP:7FED  PC:0CC3
0CC4  C1        POP B       (3)  BC:0056  DE:0000  HL:0D10  AF:5612  SP:7FEF  PC:0CC4
0CC5  C9        RET         (3)  BC:0000  DE:0000  HL:0D10  AF:5612  SP:7FF1  PC:0CC5
0CB0  23        INX H       (2)  BC:0000  DE:0000  HL:0D10  AF:5612  SP:7FF3  PC:0CB0
0CB1  C3 A6 0C  JMP 0CA6    (2)  BC:0000  DE:0000  HL:0D11  AF:5612  SP:7FF3  PC:0CB1
0CA6  7E        MOV A,M     (2)  BC:0000  DE:0000  HL:0D11  AF:5612  SP:7FF3  PC:0CA6
0CA7  FE 24     CPI 24      (2)  BC:0000  DE:0000  HL:0D11  AF:4D12  SP:7FF3  PC:0CA7
0CA9  CA B4 0C  JZ 0CB4     (2)  BC:0000  DE:0000  HL:0D11  AF:4D12  SP:7FF3  PC:0CA9
0CAC  7E        MOV A,M     (2)  BC:0000  DE:0000  HL:0D11  AF:4D12  SP:7FF3  PC:0CAC
0CAD  CD B9 0C  CALL 0CB9   (2)  BC:0000  DE:0000  HL:0D11  AF:4D12  SP:7FF3  PC:0CAD
0CB9  C5        PUSH B      (3)  BC:0000  DE:0000  HL:0D11  AF:4D12  SP:7FF1  PC:0CB9
0CBA  D5        PUSH D      (3)  BC:0000  DE:0000  HL:0D11  AF:4D12  SP:7FEF  PC:0CBA
0CBB  E5        PUSH H      (3)  BC:0000  DE:0000  HL:0D11  AF:4D12  SP:7FED  PC:0CBB
0CBC  F5        PUSH PSW    (3)  BC:0000  DE:0000  HL:0D11  AF:4D12  SP:7FEB  PC:0CBC
0CBD  4F        MOV C,A     (3)  BC:0000  DE:0000  HL:0D11  AF:4D12  SP:7FE9  PC:0CBD
0CBE  CD 37 C0  CALL C037   (3)  BC:004D  DE:0000  HL:0D11  AF:4D12  SP:7FE9  PC:0CBE
0CC1  F1        POP PSW     (3)  BC:004D  DE:0000  HL:0D11  AF:4D12  SP:7FE9  PC:0CC1
0CC2  E1        POP H       (3)  BC:004D  DE:0000  HL:0D11  AF:4D12  SP:7FEB  PC:0CC2
0CC3  D1        POP D       (3)  BC:004D  DE:0000  HL:0D11  AF:4D12  SP:7FED  PC:0CC3
0CC4  C1        POP B       (3)  BC:004D  DE:0000  HL:0D11  AF:4D12  SP:7FEF  PC:0CC4
0CC5  C9        RET         (3)  BC:0000  DE:0000  HL:0D11  AF:4D12  SP:7FF1  PC:0CC5
0CB0  23        INX H       (2)  BC:0000  DE:0000  HL:0D11  AF:4D12  SP:7FF3  PC:0CB0
0CB1  C3 A6 0C  JMP 0CA6    (2)  BC:0000  DE:0000  HL:0D12  AF:4D12  SP:7FF3  PC:0CB1
0CA6  7E        MOV A,M     (2)  BC:0000  DE:0000  HL:0D12  AF:4D12  SP:7FF3  PC:0CA6
0CA7  FE 24     CPI 24      (2)  BC:0000  DE:0000  HL:0D12  AF:3812  SP:7FF3  PC:0CA7
0CA9  CA B4 0C  JZ 0CB4     (2)  BC:0000  DE:0000  HL:0D12  AF:3816  SP:7FF3  PC:0CA9
0CAC  7E        MOV A,M     (2)  BC:0000  DE:0000  HL:0D12  AF:3816  SP:7FF3  PC:0CAC
0CAD  CD B9 0C  CALL 0CB9   (2)  BC:0000  DE:0000  HL:0D12  AF:3816  SP:7FF3  PC:0CAD
0CB9  C5        PUSH B      (3)  BC:0000  DE:0000  HL:0D12  AF:3816  SP:7FF1  PC:0CB9
0CBA  D5        PUSH D      (3)  BC:0000  DE:0000  HL:0D12  AF:3816  SP:7FEF  PC:0CBA
0CBB  E5        PUSH H      (3)  BC:0000  DE:0000  HL:0D12  AF:3816  SP:7FED  PC:0CBB
0CBC  F5        PUSH PSW    (3)  BC:0000  DE:0000  HL:0D12  AF:3816  SP:7FEB  PC:0CBC
0CBD  4F        MOV C,A     (3)  BC:0000  DE:0000  HL:0D12  AF:3816  SP:7FE9  PC:0CBD
0CBE  CD 37 C0  CALL C037   (3)  BC:0038  DE:0000  HL:0D12  AF:3816  SP:7FE9  PC:0CBE
0CC1  F1        POP PSW     (3)  BC:0038  DE:0000  HL:0D12  AF:3816  SP:7FE9  PC:0CC1
0CC2  E1        POP H       (3)  BC:0038  DE:0000  HL:0D12  AF:3816  SP:7FEB  PC:0CC2
0CC3  D1        POP D       (3)  BC:0038  DE:0000  HL:0D12  AF:3816  SP:7FED  PC:0CC3
0CC4  C1        POP B       (3)  BC:0038  DE:0000  HL:0D12  AF:3816  SP:7FEF  PC:0CC4
0CC5  C9        RET         (3)  BC:0000  DE:0000  HL:0D12  AF:3816  SP:7FF1  PC:0CC5
0CB0  23        INX H       (2)  BC:0000  DE:0000  HL:0D12  AF:3816  SP:7FF3  PC:0CB0
0CB1  C3 A6 0C  JMP 0CA6    (2)  BC:0000  DE:0000  HL:0D13  AF:3816  SP:7FF3  PC:0CB1
0CA6  7E        MOV A,M     (2)  BC:0000  DE:0000  HL:0D13  AF:3816  SP:7FF3  PC:0CA6
0CA7  FE 24     CPI 24      (2)  BC:0000  DE:0000  HL:0D13  AF:3016  SP:7FF3  PC:0CA7
0CA9  CA B4 0C  JZ 0CB4     (2)  BC:0000  DE:0000  HL:0D13  AF:3006  SP:7FF3  PC:0CA9
0CAC  7E        MOV A,M     (2)  BC:0000  DE:0000  HL:0D13  AF:3006  SP:7FF3  PC:0CAC
0CAD  CD B9 0C  CALL 0CB9   (2)  BC:0000  DE:0000  HL:0D13  AF:3006  SP:7FF3  PC:0CAD
0CB9  C5        PUSH B      (3)  BC:0000  DE:0000  HL:0D13  AF:3006  SP:7FF1  PC:0CB9
0CBA  D5        PUSH D      (3)  BC:0000  DE:0000  HL:0D13  AF:3006  SP:7FEF  PC:0CBA
0CBB  E5        PUSH H      (3)  BC:0000  DE:0000  HL:0D13  AF:3006  SP:7FED  PC:0CBB
0CBC  F5        PUSH PSW    (3)  BC:0000  DE:0000  HL:0D13  AF:3006  SP:7FEB  PC:0CBC
0CBD  4F        MOV C,A     (3)  BC:0000  DE:0000  HL:0D13  AF:3006  SP:7FE9  PC:0CBD
0CBE  CD 37 C0  CALL C037   (3)  BC:0030  DE:0000  HL:0D13  AF:3006  SP:7FE9  PC:0CBE
0CC1  F1        POP PSW     (3)  BC:0030  DE:0000  HL:0D13  AF:3006  SP:7FE9  PC:0CC1
0CC2  E1        POP H       (3)  BC:0030  DE:0000  HL:0D13  AF:3006  SP:7FEB  PC:0CC2
0CC3  D1        POP D       (3)  BC:0030  DE:0000  HL:0D13  AF:3006  SP:7FED  PC:0CC3
0CC4  C1        POP B       (3)  BC:0030  DE:0000  HL:0D13  AF:3006  SP:7FEF  PC:0CC4
0CC5  C9        RET         (3)  BC:0000  DE:0000  HL:0D13  AF:3006  SP:7FF1  PC:0CC5
0CB0  23        INX H       (2)  BC:0000  DE:0000  HL:0D13  AF:3006  SP:7FF3  PC:0CB0
0CB1  C3 A6 0C  JMP 0CA6    (2)  BC:0000  DE:0000  HL:0D14  AF:3006  SP:7FF3  PC:0CB1
0CA6  7E        MOV A,M     (2)  BC:0000  DE:0000  HL:0D14  AF:3006  SP:7FF3  PC:0CA6
0CA7  FE 24     CPI 24      (2)  BC:0000  DE:0000  HL:0D14  AF:4106  SP:7FF3  PC:0CA7
0CA9  CA B4 0C  JZ 0CB4     (2)  BC:0000  DE:0000  HL:0D14  AF:4106  SP:7FF3  PC:0CA9
0CAC  7E        MOV A,M     (2)  BC:0000  DE:0000  HL:0D14  AF:4106  SP:7FF3  PC:0CAC
0CAD  CD B9 0C  CALL 0CB9   (2)  BC:0000  DE:0000  HL:0D14  AF:4106  SP:7FF3  PC:0CAD
0CB9  C5        PUSH B      (3)  BC:0000  DE:0000  HL:0D14  AF:4106  SP:7FF1  PC:0CB9
0CBA  D5        PUSH D      (3)  BC:0000  DE:0000  HL:0D14  AF:4106  SP:7FEF  PC:0CBA
0CBB  E5        PUSH H      (3)  BC:0000  DE:0000  HL:0D14  AF:4106  SP:7FED  PC:0CBB
0CBC  F5        PUSH PSW    (3)  BC:0000  DE:0000  HL:0D14  AF:4106  SP:7FEB  PC:0CBC
0CBD  4F        MOV C,A     (3)  BC:0000  DE:0000  HL:0D14  AF:4106  SP:7FE9  PC:0CBD
0CBE  CD 37 C0  CALL C037   (3)  BC:0041  DE:0000  HL:0D14  AF:4106  SP:7FE9  PC:0CBE
0CC1  F1        POP PSW     (3)  BC:0041  DE:0000  HL:0D14  AF:4106  SP:7FE9  PC:0CC1
0CC2  E1        POP H       (3)  BC:0041  DE:0000  HL:0D14  AF:4106  SP:7FEB  PC:0CC2
0CC3  D1        POP D       (3)  BC:0041  DE:0000  HL:0D14  AF:4106  SP:7FED  PC:0CC3
0CC4  C1        POP B       (3)  BC:0041  DE:0000  HL:0D14  AF:4106  SP:7FEF  PC:0CC4
0CC5  C9        RET         (3)  BC:0000  DE:0000  HL:0D14  AF:4106  SP:7FF1  PC:0CC5
0CB0  23        INX H       (2)  BC:0000  DE:0000  HL:0D14  AF:4106  SP:7FF3  PC:0CB0
0CB1  C3 A6 0C  JMP 0CA6    (2)  BC:0000  DE:0000  HL:0D15  AF:4106  SP:7FF3  PC:0CB1
0CA6  7E        MOV A,M     (2)  BC:0000  DE:0000  HL:0D15  AF:4106  SP:7FF3  PC:0CA6
0CA7  FE 24     CPI 24      (2)  BC:0000  DE:0000  HL:0D15  AF:2006  SP:7FF3  PC:0CA7
0CA9  CA B4 0C  JZ 0CB4     (2)  BC:0000  DE:0000  HL:0D15  AF:2087  SP:7FF3  PC:0CA9
0CAC  7E        MOV A,M     (2)  BC:0000  DE:0000  HL:0D15  AF:2087  SP:7FF3  PC:0CAC
0CAD  CD B9 0C  CALL 0CB9   (2)  BC:0000  DE:0000  HL:0D15  AF:2087  SP:7FF3  PC:0CAD
0CB9  C5        PUSH B      (3)  BC:0000  DE:0000  HL:0D15  AF:2087  SP:7FF1  PC:0CB9
0CBA  D5        PUSH D      (3)  BC:0000  DE:0000  HL:0D15  AF:2087  SP:7FEF  PC:0CBA
0CBB  E5        PUSH H      (3)  BC:0000  DE:0000  HL:0D15  AF:2087  SP:7FED  PC:0CBB
0CBC  F5        PUSH PSW    (3)  BC:0000  DE:0000  HL:0D15  AF:2087  SP:7FEB  PC:0CBC
0CBD  4F        MOV C,A     (3)  BC:0000  DE:0000  HL:0D15  AF:2087  SP:7FE9  PC:0CBD
0CBE  CD 37 C0  CALL C037   (3)  BC:0020  DE:0000  HL:0D15  AF:2087  SP:7FE9  PC:0CBE
0CC1  F1        POP PSW     (3)  BC:0020  DE:0000  HL:0D15  AF:2087  SP:7FE9  PC:0CC1
0CC2  E1        POP H       (3)  BC:0020  DE:0000  HL:0D15  AF:2087  SP:7FEB  PC:0CC2
0CC3  D1        POP D       (3)  BC:0020  DE:0000  HL:0D15  AF:2087  SP:7FED  PC:0CC3
0CC4  C1        POP B       (3)  BC:0020  DE:0000  HL:0D15  AF:2087  SP:7FEF  PC:0CC4
0CC5  C9        RET         (3)  BC:0000  DE:0000  HL:0D15  AF:2087  SP:7FF1  PC:0CC5
0CB0  23        INX H       (2)  BC:0000  DE:0000  HL:0D15  AF:2087  SP:7FF3  PC:0CB0
0CB1  C3 A6 0C  JMP 0CA6    (2)  BC:0000  DE:0000  HL:0D16  AF:2087  SP:7FF3  PC:0CB1
0CA6  7E        MOV A,M     (2)  BC:0000  DE:0000  HL:0D16  AF:2087  SP:7FF3  PC:0CA6
0CA7  FE 24     CPI 24      (2)  BC:0000  DE:0000  HL:0D16  AF:4387  SP:7FF3  PC:0CA7
0CA9  CA B4 0C  JZ 0CB4     (2)  BC:0000  DE:0000  HL:0D16  AF:4302  SP:7FF3  PC:0CA9
0CAC  7E        MOV A,M     (2)  BC:0000  DE:0000  HL:0D16  AF:4302  SP:7FF3  PC:0CAC
0CAD  CD B9 0C  CALL 0CB9   (2)  BC:0000  DE:0000  HL:0D16  AF:4302  SP:7FF3  PC:0CAD
0CB9  C5        PUSH B      (3)  BC:0000  DE:0000  HL:0D16  AF:4302  SP:7FF1  PC:0CB9
0CBA  D5        PUSH D      (3)  BC:0000  DE:0000  HL:0D16  AF:4302  SP:7FEF  PC:0CBA
0CBB  E5        PUSH H      (3)  BC:0000  DE:0000  HL:0D16  AF:4302  SP:7FED  PC:0CBB
0CBC  F5        PUSH PSW    (3)  BC:0000  DE:0000  HL:0D16  AF:4302  SP:7FEB  PC:0CBC
0CBD  4F        MOV C,A     (3)  BC:0000  DE:0000  HL:0D16  AF:4302  SP:7FE9  PC:0CBD
0CBE  CD 37 C0  CALL C037   (3)  BC:0043  DE:0000  HL:0D16  AF:4302  SP:7FE9  PC:0CBE
0CC1  F1        POP PSW     (3)  BC:0043  DE:0000  HL:0D16  AF:4302  SP:7FE9  PC:0CC1
0CC2  E1        POP H       (3)  BC:0043  DE:0000  HL:0D16  AF:4302  SP:7FEB  PC:0CC2
0CC3  D1        POP D       (3)  BC:0043  DE:0000  HL:0D16  AF:4302  SP:7FED  PC:0CC3
0CC4  C1        POP B       (3)  BC:0043  DE:0000  HL:0D16  AF:4302  SP:7FEF  PC:0CC4
0CC5  C9        RET         (3)  BC:0000  DE:0000  HL:0D16  AF:4302  SP:7FF1  PC:0CC5
0CB0  23        INX H       (2)  BC:0000  DE:0000  HL:0D16  AF:4302  SP:7FF3  PC:0CB0
0CB1  C3 A6 0C  JMP 0CA6    (2)  BC:0000  DE:0000  HL:0D17  AF:4302  SP:7FF3  PC:0CB1
0CA6  7E        MOV A,M     (2)  BC:0000  DE:0000  HL:0D17  AF:4302  SP:7FF3  PC:0CA6
0CA7  FE 24     CPI 24      (2)  BC:0000  DE:0000  HL:0D17  AF:5002  SP:7FF3  PC:0CA7
0CA9  CA B4 0C  JZ 0CB4     (2)  BC:0000  DE:0000  HL:0D17  AF:5002  SP:7FF3  PC:0CA9
0CAC  7E        MOV A,M     (2)  BC:0000  DE:0000  HL:0D17  AF:5002  SP:7FF3  PC:0CAC
0CAD  CD B9 0C  CALL 0CB9   (2)  BC:0000  DE:0000  HL:0D17  AF:5002  SP:7FF3  PC:0CAD
0CB9  C5        PUSH B      (3)  BC:0000  DE:0000  HL:0D17  AF:5002  SP:7FF1  PC:0CB9
0CBA  D5        PUSH D      (3)  BC:0000  DE:0000  HL:0D17  AF:5002  SP:7FEF  PC:0CBA
0CBB  E5        PUSH H      (3)  BC:0000  DE:0000  HL:0D17  AF:5002  SP:7FED  PC:0CBB
0CBC  F5        PUSH PSW    (3)  BC:0000  DE:0000  HL:0D17  AF:5002  SP:7FEB  PC:0CBC
0CBD  4F        MOV C,A     (3)  BC:0000  DE:0000  HL:0D17  AF:5002  SP:7FE9  PC:0CBD
0CBE  CD 37 C0  CALL C037   (3)  BC:0050  DE:0000  HL:0D17  AF:5002  SP:7FE9  PC:0CBE
0CC1  F1        POP PSW     (3)  BC:0050  DE:0000  HL:0D17  AF:5002  SP:7FE9  PC:0CC1
0CC2  E1        POP H       (3)  BC:0050  DE:0000  HL:0D17  AF:5002  SP:7FEB  PC:0CC2
0CC3  D1        POP D       (3)  BC:0050  DE:0000  HL:0D17  AF:5002  SP:7FED  PC:0CC3
0CC4  C1        POP B       (3)  BC:0050  DE:0000  HL:0D17  AF:5002  SP:7FEF  PC:0CC4
0CC5  C9        RET         (3)  BC:0000  DE:0000  HL:0D17  AF:5002  SP:7FF1  PC:0CC5
0CB0  23        INX H       (2)  BC:0000  DE:0000  HL:0D17  AF:5002  SP:7FF3  PC:0CB0
0CB1  C3 A6 0C  JMP 0CA6    (2)  BC:0000  DE:0000  HL:0D18  AF:5002  SP:7FF3  PC:0CB1
0CA6  7E        MOV A,M     (2)  BC:0000  DE:0000  HL:0D18  AF:5002  SP:7FF3  PC:0CA6
0CA7  FE 24     CPI 24      (2)  BC:0000  DE:0000  HL:0D18  AF:5502  SP:7FF3  PC:0CA7
0CA9  CA B4 0C  JZ 0CB4     (2)  BC:0000  DE:0000  HL:0D18  AF:5512  SP:7FF3  PC:0CA9
0CAC  7E        MOV A,M     (2)  BC:0000  DE:0000  HL:0D18  AF:5512  SP:7FF3  PC:0CAC
0CAD  CD B9 0C  CALL 0CB9   (2)  BC:0000  DE:0000  HL:0D18  AF:5512  SP:7FF3  PC:0CAD
0CB9  C5        PUSH B      (3)  BC:0000  DE:0000  HL:0D18  AF:5512  SP:7FF1  PC:0CB9
0CBA  D5        PUSH D      (3)  BC:0000  DE:0000  HL:0D18  AF:5512  SP:7FEF  PC:0CBA
0CBB  E5        PUSH H      (3)  BC:0000  DE:0000  HL:0D18  AF:5512  SP:7FED  PC:0CBB
0CBC  F5        PUSH PSW    (3)  BC:0000  DE:0000  HL:0D18  AF:5512  SP:7FEB  PC:0CBC
0CBD  4F        MOV C,A     (3)  BC:0000  DE:0000  HL:0D18  AF:5512  SP:7FE9  PC:0CBD
0CBE  CD 37 C0  CALL C037   (3)  BC:0055  DE:0000  HL:0D18  AF:5512  SP:7FE9  PC:0CBE
0CC1  F1        POP PSW     (3)  BC:0055  DE:0000  HL:0D18  AF:5512  SP:7FE9  PC:0CC1
0CC2  E1        POP H       (3)  BC:0055  DE:0000  HL:0D18  AF:5512  SP:7FEB  PC:0CC2
0CC3  D1        POP D       (3)  BC:0055  DE:0000  HL:0D18  AF:5512  SP:7FED  PC:0CC3
0CC4  C1        POP B       (3)  BC:0055  DE:0000  HL:0D18  AF:5512  SP:7FEF  PC:0CC4
0CC5  C9        RET         (3)  BC:0000  DE:0000  HL:0D18  AF:5512  SP:7FF1  PC:0CC5
0CB0  23        INX H       (2)  BC:0000  DE:0000  HL:0D18  AF:5512  SP:7FF3  PC:0CB0
0CB1  C3 A6 0C  JMP 0CA6    (2)  BC:0000  DE:0000  HL:0D19  AF:5512  SP:7FF3  PC:0CB1
0CA6  7E        MOV A,M     (2)  BC:0000  DE:0000  HL:0D19  AF:5512  SP:7FF3  PC:0CA6
0CA7  FE 24     CPI 24      (2)  BC:0000  DE:0000  HL:0D19  AF:2912  SP:7FF3  PC:0CA7
0CA9  CA B4 0C  JZ 0CB4     (2)  BC:0000  DE:0000  HL:0D19  AF:2916  SP:7FF3  PC:0CA9
0CAC  7E        MOV A,M     (2)  BC:0000  DE:0000  HL:0D19  AF:2916  SP:7FF3  PC:0CAC
0CAD  CD B9 0C  CALL 0CB9   (2)  BC:0000  DE:0000  HL:0D19  AF:2916  SP:7FF3  PC:0CAD
0CB9  C5        PUSH B      (3)  BC:0000  DE:0000  HL:0D19  AF:2916  SP:7FF1  PC:0CB9
0CBA  D5        PUSH D      (3)  BC:0000  DE:0000  HL:0D19  AF:2916  SP:7FEF  PC:0CBA
0CBB  E5        PUSH H      (3)  BC:0000  DE:0000  HL:0D19  AF:2916  SP:7FED  PC:0CBB
0CBC  F5        PUSH PSW    (3)  BC:0000  DE:0000  HL:0D19  AF:2916  SP:7FEB  PC:0CBC
0CBD  4F        MOV C,A     (3)  BC:0000  DE:0000  HL:0D19  AF:2916  SP:7FE9  PC:0CBD
0CBE  CD 37 C0  CALL C037   (3)  BC:0029  DE:0000  HL:0D19  AF:2916  SP:7FE9  PC:0CBE
0CC1  F1        POP PSW     (3)  BC:0029  DE:0000  HL:0D19  AF:2916  SP:7FE9  PC:0CC1
0CC2  E1        POP H       (3)  BC:0029  DE:0000  HL:0D19  AF:2916  SP:7FEB  PC:0CC2
0CC3  D1        POP D       (3)  BC:0029  DE:0000  HL:0D19  AF:2916  SP:7FED  PC:0CC3
0CC4  C1        POP B       (3)  BC:0029  DE:0000  HL:0D19  AF:2916  SP:7FEF  PC:0CC4
0CC5  C9        RET         (3)  BC:0000  DE:0000  HL:0D19  AF:2916  SP:7FF1  PC:0CC5
0CB0  23        INX H       (2)  BC:0000  DE:0000  HL:0D19  AF:2916  SP:7FF3  PC:0CB0
0CB1  C3 A6 0C  JMP 0CA6    (2)  BC:0000  DE:0000  HL:0D1A  AF:2916  SP:7FF3  PC:0CB1
0CA6  7E        MOV A,M     (2)  BC:0000  DE:0000  HL:0D1A  AF:2916  SP:7FF3  PC:0CA6
0CA7  FE 24     CPI 24      (2)  BC:0000  DE:0000  HL:0D1A  AF:0D16  SP:7FF3  PC:0CA7
0CA9  CA B4 0C  JZ 0CB4     (2)  BC:0000  DE:0000  HL:0D1A  AF:0D93  SP:7FF3  PC:0CA9
0CAC  7E        MOV A,M     (2)  BC:0000  DE:0000  HL:0D1A  AF:0D93  SP:7FF3  PC:0CAC
0CAD  CD B9 0C  CALL 0CB9   (2)  BC:0000  DE:0000  HL:0D1A  AF:0D93  SP:7FF3  PC:0CAD
0CB9  C5        PUSH B      (3)  BC:0000  DE:0000  HL:0D1A  AF:0D93  SP:7FF1  PC:0CB9
0CBA  D5        PUSH D      (3)  BC:0000  DE:0000  HL:0D1A  AF:0D93  SP:7FEF  PC:0CBA
0CBB  E5        PUSH H      (3)  BC:0000  DE:0000  HL:0D1A  AF:0D93  SP:7FED  PC:0CBB
0CBC  F5        PUSH PSW    (3)  BC:0000  DE:0000  HL:0D1A  AF:0D93  SP:7FEB  PC:0CBC
0CBD  4F        MOV C,A     (3)  BC:0000  DE:0000  HL:0D1A  AF:0D93  SP:7FE9  PC:0CBD
0CBE  CD 37 C0  CALL C037   (3)  BC:000D  DE:0000  HL:0D1A  AF:0D93  SP:7FE9  PC:0CBE
0CC1  F1        POP PSW     (3)  BC:000D  DE:0000  HL:0D1A  AF:0D93  SP:7FE9  PC:0CC1
0CC2  E1        POP H       (3)  BC:000D  DE:0000  HL:0D1A  AF:0D93  SP:7FEB  PC:0CC2
0CC3  D1        POP D       (3)  BC:000D  DE:0000  HL:0D1A  AF:0D93  SP:7FED  PC:0CC3
0CC4  C1        POP B       (3)  BC:000D  DE:0000  HL:0D1A  AF:0D93  SP:7FEF  PC:0CC4
0CC5  C9        RET         (3)  BC:0000  DE:0000  HL:0D1A  AF:0D93  SP:7FF1  PC:0CC5
0CB0  23        INX H       (2)  BC:0000  DE:0000  HL:0D1A  AF:0D93  SP:7FF3  PC:0CB0
0CB1  C3 A6 0C  JMP 0CA6    (2)  BC:0000  DE:0000  HL:0D1B  AF:0D93  SP:7FF3  PC:0CB1
0CA6  7E        MOV A,M     (2)  BC:0000  DE:0000  HL:0D1B  AF:0D93  SP:7FF3  PC:0CA6
0CA7  FE 24     CPI 24      (2)  BC:0000  DE:0000  HL:0D1B  AF:0A93  SP:7FF3  PC:0CA7
0CA9  CA B4 0C  JZ 0CB4     (2)  BC:0000  DE:0000  HL:0D1B  AF:0A93  SP:7FF3  PC:0CA9
0CAC  7E        MOV A,M     (2)  BC:0000  DE:0000  HL:0D1B  AF:0A93  SP:7FF3  PC:0CAC
0CAD  CD B9 0C  CALL 0CB9   (2)  BC:0000  DE:0000  HL:0D1B  AF:0A93  SP:7FF3  PC:0CAD
0CB9  C5        PUSH B      (3)  BC:0000  DE:0000  HL:0D1B  AF:0A93  SP:7FF1  PC:0CB9
0CBA  D5        PUSH D      (3)  BC:0000  DE:0000  HL:0D1B  AF:0A93  SP:7FEF  PC:0CBA
0CBB  E5        PUSH H      (3)  BC:0000  DE:0000  HL:0D1B  AF:0A93  SP:7FED  PC:0CBB
0CBC  F5        PUSH PSW    (3)  BC:0000  DE:0000  HL:0D1B  AF:0A93  SP:7FEB  PC:0CBC
0CBD  4F        MOV C,A     (3)  BC:0000  DE:0000  HL:0D1B  AF:0A93  SP:7FE9  PC:0CBD
0CBE  CD 37 C0  CALL C037   (3)  BC:000A  DE:0000  HL:0D1B  AF:0A93  SP:7FE9  PC:0CBE
0CC1  F1        POP PSW     (3)  BC:000A  DE:0000  HL:0D1B  AF:0A93  SP:7FE9  PC:0CC1
0CC2  E1        POP H       (3)  BC:000A  DE:0000  HL:0D1B  AF:0A93  SP:7FEB  PC:0CC2
0CC3  D1        POP D       (3)  BC:000A  DE:0000  HL:0D1B  AF:0A93  SP:7FED  PC:0CC3
0CC4  C1        POP B       (3)  BC:000A  DE:0000  HL:0D1B  AF:0A93  SP:7FEF  PC:0CC4
0CC5  C9        RET         (3)  BC:0000  DE:0000  HL:0D1B  AF:0A93  SP:7FF1  PC:0CC5
0CB0  23        INX H       (2)  BC:0000  DE:0000  HL:0D1B  AF:0A93  SP:7FF3  PC:0CB0
0CB1  C3 A6 0C  JMP 0CA6    (2)  BC:0000  DE:0000  HL:0D1C  AF:0A93  SP:7FF3  PC:0CB1
0CA6  7E        MOV A,M     (2)  BC:0000  DE:0000  HL:0D1C  AF:0A93  SP:7FF3  PC:0CA6
0CA7  FE 24     CPI 24      (2)  BC:0000  DE:0000  HL:0D1C  AF:2493  SP:7FF3  PC:0CA7
0CA9  CA B4 0C  JZ 0CB4     (2)  BC:0000  DE:0000  HL:0D1C  AF:2456  SP:7FF3  PC:0CA9
0CB4  F1        POP PSW     (2)  BC:0000  DE:0000  HL:0D1C  AF:2456  SP:7FF3  PC:0CB4
0CB5  E1        POP H       (2)  BC:0000  DE:0000  HL:0D1C  AF:0046  SP:7FF5  PC:0CB5
0CB6  D1        POP D       (2)  BC:0000  DE:0000  HL:0000  AF:0046  SP:7FF7  PC:0CB6
0CB7  C1        POP B       (2)  BC:0000  DE:0CED  HL:0000  AF:0046  SP:7FF9  PC:0CB7
0CB8  C9        RET         (2)  BC:0000  DE:0CED  HL:0000  AF:0046  SP:7FFB  PC:0CB8
0019  21 32 00  LXI H,0032  (1)  BC:0000  DE:0CED  HL:0000  AF:0046  SP:7FFD  PC:0019
001C  7E        MOV A,M     (1)  BC:0000  DE:0CED  HL:0032  AF:0046  SP:7FFD  PC:001C
001D  23        INX H       (1)  BC:0000  DE:0CED  HL:0032  AF:6646  SP:7FFD  PC:001D
001E  B6        ORA M       (1)  BC:0000  DE:0CED  HL:0033  AF:6646  SP:7FFD  PC:001E
001F  CA 29 00  JZ 0029     (1)  BC:0000  DE:0CED  HL:0033  AF:6606  SP:7FFD  PC:001F
0022  2B        DCX H       (1)  BC:0000  DE:0CED  HL:0033  AF:6606  SP:7FFD  PC:0022
0023  CD AD 09  CALL 09AD   (1)  BC:0000  DE:0CED  HL:0032  AF:6606  SP:7FFD  PC:0023
09AD  E5        PUSH H      (2)  BC:0000  DE:0CED  HL:0032  AF:6606  SP:7FFB  PC:09AD
09AE  7E        MOV A,M     (2)  BC:0000  DE:0CED  HL:0032  AF:6606  SP:7FF9  PC:09AE
09AF  23        INX H       (2)  BC:0000  DE:0CED  HL:0032  AF:6606  SP:7FF9  PC:09AF
09B0  66        MOV H,M     (2)  BC:0000  DE:0CED  HL:0033  AF:6606  SP:7FF9  PC:09B0
09B1  6F        MOV L,A     (2)  BC:0000  DE:0CED  HL:0033  AF:6606  SP:7FF9  PC:09B1
09B2  7E        MOV A,M     (2)  BC:0000  DE:0CED  HL:0066  AF:6606  SP:7FF9  PC:09B2
09B3  32 56 0C  STA 0C56    (2)  BC:0000  DE:0CED  HL:0066  AF:FF06  SP:7FF9  PC:09B3
09B6  23        INX H       (2)  BC:0000  DE:0CED  HL:0066  AF:FF06  SP:7FF9  PC:09B6
09B7  E5        PUSH H      (2)  BC:0000  DE:0CED  HL:0067  AF:FF06  SP:7FF9  PC:09B7
09B8  11 14 00  LXI D,0014  (2)  BC:0000  DE:0CED  HL:0067  AF:FF06  SP:7FF7  PC:09B8
09BB  19        DAD D       (2)  BC:0000  DE:0014  HL:0067  AF:FF06  SP:7FF7  PC:09BB
09BC  11 B5 0B  LXI D,0BB5  (2)  BC:0000  DE:0014  HL:007B  AF:FF06  SP:7FF7  PC:09BC
09BF  CD 24 0B  CALL 0B24   (2)  BC:0000  DE:0BB5  HL:007B  AF:FF06  SP:7FF7  PC:09BF
0B24  D5        PUSH D      (3)  BC:0000  DE:0BB5  HL:007B  AF:FF06  SP:7FF5  PC:0B24
0B25  EB        XCHG        (3)  BC:0000  DE:0BB5  HL:007B  AF:FF06  SP:7FF3  PC:0B25
0B26  01 28 00  LXI B,0028  (3)  BC:0000  DE:007B  HL:0BB5  AF:FF06  SP:7FF3  PC:0B26
0B29  CD 0B 0B  CALL 0B0B   (3)  BC:0028  DE:007B  HL:0BB5  AF:FF06  SP:7FF3  PC:0B29
0B2C  EB        XCHG        (3)  BC:0028  DE:007B  HL:0BB5  AF:FF06  SP:7FF3  PC:0B2C
0B2D  06 14     MVI B,14    (3)  BC:0028  DE:0BB5  HL:007B  AF:FF06  SP:7FF3  PC:0B2D
0B2F  0E 01     MVI C,01    (3)  BC:1428  DE:0BB5  HL:007B  AF:FF06  SP:7FF3  PC:0B2F
0B31  16 00     MVI D,00    (3)  BC:1401  DE:0BB5  HL:007B  AF:FF06  SP:7FF3  PC:0B31
0B33  5E        MOV E,M     (3)  BC:1401  DE:00B5  HL:007B  AF:FF06  SP:7FF3  PC:0B33
0B34  7B        MOV A,E     (3)  BC:1401  DE:0030  HL:007B  AF:FF06  SP:7FF3  PC:0B34
0B35  A1        ANA C       (3)  BC:1401  DE:0030  HL:007B  AF:3006  SP:7FF3  PC:0B35
0B36  CA 3A 0B  JZ 0B3A     (3)  BC:1401  DE:0030  HL:007B  AF:0046  SP:7FF3  PC:0B36
0B3A  79        MOV A,C     (3)  BC:1401  DE:0030  HL:007B  AF:0046  SP:7FF3  PC:0B3A
0B3B  07        RLC         (3)  BC:1401  DE:0030  HL:007B  AF:0146  SP:7FF3  PC:0B3B
0B3C  4F        MOV C,A     (3)  BC:1401  DE:0030  HL:007B  AF:0246  SP:7FF3  PC:0B3C
0B3D  FE 01     CPI 01      (3)  BC:1402  DE:0030  HL:007B  AF:0246  SP:7FF3  PC:0B3D
0B3F  C2 34 0B  JNZ 0B34    (3)  BC:1402  DE:0030  HL:007B  AF:0212  SP:7FF3  PC:0B3F
0B34  7B        MOV A,E     (3)  BC:1402  DE:0030  HL:007B  AF:0212  SP:7FF3  PC:0B34
0B35  A1        ANA C       (3)  BC:1402  DE:0030  HL:007B  AF:3012  SP:7FF3  PC:0B35
0B36  CA 3A 0B  JZ 0B3A     (3)  BC:1402  DE:0030  HL:007B  AF:0046  SP:7FF3  PC:0B36
0B3A  79        MOV A,C     (3)  BC:1402  DE:0030  HL:007B  AF:0046  SP:7FF3  PC:0B3A
0B3B  07        RLC         (3)  BC:1402  DE:0030  HL:007B  AF:0246  SP:7FF3  PC:0B3B
0B3C  4F        MOV C,A     (3)  BC:1402  DE:0030  HL:007B  AF:0446  SP:7FF3  PC:0B3C
0B3D  FE 01     CPI 01      (3)  BC:1404  DE:0030  HL:007B  AF:0446  SP:7FF3  PC:0B3D
0B3F  C2 34 0B  JNZ 0B34    (3)  BC:1404  DE:0030  HL:007B  AF:0416  SP:7FF3  PC:0B3F
0B34  7B        MOV A,E     (3)  BC:1404  DE:0030  HL:007B  AF:0416  SP:7FF3  PC:0B34
0B35  A1        ANA C       (3)  BC:1404  DE:0030  HL:007B  AF:3016  SP:7FF3  PC:0B35
0B36  CA 3A 0B  JZ 0B3A     (3)  BC:1404  DE:0030  HL:007B  AF:0046  SP:7FF3  PC:0B36
0B3A  79        MOV A,C     (3)  BC:1404  DE:0030  HL:007B  AF:0046  SP:7FF3  PC:0B3A
0B3B  07        RLC         (3)  BC:1404  DE:0030  HL:007B  AF:0446  SP:7FF3  PC:0B3B
0B3C  4F        MOV C,A     (3)  BC:1404  DE:0030  HL:007B  AF:0846  SP:7FF3  PC:0B3C
0B3D  FE 01     CPI 01      (3)  BC:1408  DE:0030  HL:007B  AF:0846  SP:7FF3  PC:0B3D
0B3F  C2 34 0B  JNZ 0B34    (3)  BC:1408  DE:0030  HL:007B  AF:0812  SP:7FF3  PC:0B3F
0B34  7B        MOV A,E     (3)  BC:1408  DE:0030  HL:007B  AF:0812  SP:7FF3  PC:0B34
0B35  A1        ANA C       (3)  BC:1408  DE:0030  HL:007B  AF:3012  SP:7FF3  PC:0B35
0B36  CA 3A 0B  JZ 0B3A     (3)  BC:1408  DE:0030  HL:007B  AF:0056  SP:7FF3  PC:0B36
0B3A  79        MOV A,C     (3)  BC:1408  DE:0030  HL:007B  AF:0056  SP:7FF3  PC:0B3A
0B3B  07        RLC         (3)  BC:1408  DE:0030  HL:007B  AF:0856  SP:7FF3  PC:0B3B
0B3C  4F        MOV C,A     (3)  BC:1408  DE:0030  HL:007B  AF:1056  SP:7FF3  PC:0B3C
0B3D  FE 01     CPI 01      (3)  BC:1410  DE:0030  HL:007B  AF:1056  SP:7FF3  PC:0B3D
0B3F  C2 34 0B  JNZ 0B34    (3)  BC:1410  DE:0030  HL:007B  AF:1006  SP:7FF3  PC:0B3F
0B34  7B        MOV A,E     (3)  BC:1410  DE:0030  HL:007B  AF:1006  SP:7FF3  PC:0B34
0B35  A1        ANA C       (3)  BC:1410  DE:0030  HL:007B  AF:3006  SP:7FF3  PC:0B35
0B36  CA 3A 0B  JZ 0B3A     (3)  BC:1410  DE:0030  HL:007B  AF:1002  SP:7FF3  PC:0B36
0B39  14        INR D       (3)  BC:1410  DE:0030  HL:007B  AF:1002  SP:7FF3  PC:0B39
0B3A  79        MOV A,C     (3)  BC:1410  DE:0130  HL:007B  AF:1002  SP:7FF3  PC:0B3A
0B3B  07        RLC         (3)  BC:1410  DE:0130  HL:007B  AF:1002  SP:7FF3  PC:0B3B
0B3C  4F        MOV C,A     (3)  BC:1410  DE:0130  HL:007B  AF:2002  SP:7FF3  PC:0B3C
0B3D  FE 01     CPI 01      (3)  BC:1420  DE:0130  HL:007B  AF:2002  SP:7FF3  PC:0B3D
0B3F  C2 34 0B  JNZ 0B34    (3)  BC:1420  DE:0130  HL:007B  AF:2002  SP:7FF3  PC:0B3F
0B34  7B        MOV A,E     (3)  BC:1420  DE:0130  HL:007B  AF:2002  SP:7FF3  PC:0B34
0B35  A1        ANA C       (3)  BC:1420  DE:0130  HL:007B  AF:3002  SP:7FF3  PC:0B35
0B36  CA 3A 0B  JZ 0B3A     (3)  BC:1420  DE:0130  HL:007B  AF:2002  SP:7FF3  PC:0B36
0B39  14        INR D       (3)  BC:1420  DE:0130  HL:007B  AF:2002  SP:7FF3  PC:0B39
0B3A  79        MOV A,C     (3)  BC:1420  DE:0230  HL:007B  AF:2002  SP:7FF3  PC:0B3A
0B3B  07        RLC         (3)  BC:1420  DE:0230  HL:007B  AF:2002  SP:7FF3  PC:0B3B
0B3C  4F        MOV C,A     (3)  BC:1420  DE:0230  HL:007B  AF:4002  SP:7FF3  PC:0B3C
0B3D  FE 01     CPI 01      (3)  BC:1440  DE:0230  HL:007B  AF:4002  SP:7FF3  PC:0B3D
0B3F  C2 34 0B  JNZ 0B34    (3)  BC:1440  DE:0230  HL:007B  AF:4006  SP:7FF3  PC:0B3F
0B34  7B        MOV A,E     (3)  BC:1440  DE:0230  HL:007B  AF:4006  SP:7FF3  PC:0B34
0B35  A1        ANA C       (3)  BC:1440  DE:0230  HL:007B  AF:3006  SP:7FF3  PC:0B35
0B36  CA 3A 0B  JZ 0B3A     (3)  BC:1440  DE:0230  HL:007B  AF:0046  SP:7FF3  PC:0B36
0B3A  79        MOV A,C     (3)  BC:1440  DE:0230  HL:007B  AF:0046  SP:7FF3  PC:0B3A
0B3B  07        RLC         (3)  BC:1440  DE:0230  HL:007B  AF:4046  SP:7FF3  PC:0B3B
0B3C  4F        MOV C,A     (3)  BC:1440  DE:0230  HL:007B  AF:8046  SP:7FF3  PC:0B3C
0B3D  FE 01     CPI 01      (3)  BC:1480  DE:0230  HL:007B  AF:8046  SP:7FF3  PC:0B3D
0B3F  C2 34 0B  JNZ 0B34    (3)  BC:1480  DE:0230  HL:007B  AF:8002  SP:7FF3  PC:0B3F
0B34  7B        MOV A,E     (3)  BC:1480  DE:0230  HL:007B  AF:8002  SP:7FF3  PC:0B34
0B35  A1        ANA C       (3)  BC:1480  DE:0230  HL:007B  AF:3002  SP:7FF3  PC:0B35
0B36  CA 3A 0B  JZ 0B3A     (3)  BC:1480  DE:0230  HL:007B  AF:0046  SP:7FF3  PC:0B36
0B3A  79        MOV A,C     (3)  BC:1480  DE:0230  HL:007B  AF:0046  SP:7FF3  PC:0B3A
0B3B  07        RLC         (3)  BC:1480  DE:0230  HL:007B  AF:8046  SP:7FF3  PC:0B3B
0B3C  4F        MOV C,A     (3)  BC:1480  DE:0230  HL:007B  AF:0147  SP:7FF3  PC:0B3C
0B3D  FE 01     CPI 01      (3)  BC:1401  DE:0230  HL:007B  AF:0147  SP:7FF3  PC:0B3D
0B3F  C2 34 0B  JNZ 0B34    (3)  BC:1401  DE:0230  HL:007B  AF:0156  SP:7FF3  PC:0B3F
0B42  23        INX H       (3)  BC:1401  DE:0230  HL:007B  AF:0156  SP:7FF3  PC:0B42
0B43  05        DCR B       (3)  BC:1401  DE:0230  HL:007C  AF:0156  SP:7FF3  PC:0B43
0B44  C2 33 0B  JNZ 0B33    (3)  BC:1301  DE:0230  HL:007C  AF:0112  SP:7FF3  PC:0B44
0B33  5E        MOV E,M     (3)  BC:1301  DE:0230  HL:007C  AF:0112  SP:7FF3  PC:0B33
0B34  7B        MOV A,E     (3)  BC:1301  DE:0200  HL:007C  AF:0112  SP:7FF3  PC:0B34
0B35  A1        ANA C       (3)  BC:1301  DE:0200  HL:007C  AF:0012  SP:7FF3  PC:0B35
0B36  CA 3A 0B  JZ 0B3A     (3)  BC:1301  DE:0200  HL:007C  AF:0046  SP:7FF3  PC:0B36
0B3A  79        MOV A,C     (3)  BC:1301  DE:0200  HL:007C  AF:0046  SP:7FF3  PC:0B3A
0B3B  07        RLC         (3)  BC:1301  DE:0200  HL:007C  AF:0146  SP:7FF3  PC:0B3B
0B3C  4F        MOV C,A     (3)  BC:1301  DE:0200  HL:007C  AF:0246  SP:7FF3  PC:0B3C
0B3D  FE 01     CPI 01      (3)  BC:1302  DE:0200  HL:007C  AF:0246  SP:7FF3  PC:0B3D
0B3F  C2 34 0B  JNZ 0B34    (3)  BC:1302  DE:0200  HL:007C  AF:0212  SP:7FF3  PC:0B3F
0B34  7B        MOV A,E     (3)  BC:1302  DE:0200  HL:007C  AF:0212  SP:7FF3  PC:0B34
0B35  A1        ANA C       (3)  BC:1302  DE:0200  HL:007C  AF:0012  SP:7FF3  PC:0B35
0B36  CA 3A 0B  JZ 0B3A     (3)  BC:1302  DE:0200  HL:007C  AF:0046  SP:7FF3  PC:0B36
0B3A  79        MOV A,C     (3)  BC:1302  DE:0200  HL:007C  AF:0046  SP:7FF3  PC:0B3A
0B3B  07        RLC         (3)  BC:1302  DE:0200  HL:007C  AF:0246  SP:7FF3  PC:0B3B
0B3C  4F        MOV C,A     (3)  BC:1302  DE:0200  HL:007C  AF:0446  SP:7FF3  PC:0B3C
0B3D  FE 01     CPI 01      (3)  BC:1304  DE:0200  HL:007C  AF:0446  SP:7FF3  PC:0B3D
0B3F  C2 34 0B  JNZ 0B34    (3)  BC:1304  DE:0200  HL:007C  AF:0416  SP:7FF3  PC:0B3F
0B34  7B        MOV A,E     (3)  BC:1304  DE:0200  HL:007C  AF:0416  SP:7FF3  PC:0B34
0B35  A1        ANA C       (3)  BC:1304  DE:0200  HL:007C  AF:0016  SP:7FF3  PC:0B35
0B36  CA 3A 0B  JZ 0B3A     (3)  BC:1304  DE:0200  HL:007C  AF:0046  SP:7FF3  PC:0B36
0B3A  79        MOV A,C     (3)  BC:1304  DE:0200  HL:007C  AF:0046  SP:7FF3  PC:0B3A
0B3B  07        RLC         (3)  BC:1304  DE:0200  HL:007C  AF:0446  SP:7FF3  PC:0B3B
0B3C  4F        MOV C,A     (3)  BC:1304  DE:0200  HL:007C  AF:0846  SP:7FF3  PC:0B3C
0B3D  FE 01     CPI 01      (3)  BC:1308  DE:0200  HL:007C  AF:0846  SP:7FF3  PC:0B3D
0B3F  C2 34 0B  JNZ 0B34    (3)  BC:1308  DE:0200  HL:007C  AF:0812  SP:7FF3  PC:0B3F
0B34  7B        MOV A,E     (3)  BC:1308  DE:0200  HL:007C  AF:0812  SP:7FF3  PC:0B34
0B35  A1        ANA C       (3)  BC:1308  DE:0200  HL:007C  AF:0012  SP:7FF3  PC:0B35
0B36  CA 3A 0B  JZ 0B3A     (3)  BC:1308  DE:0200  HL:007C  AF:0056  SP:7FF3  PC:0B36
0B3A  79        MOV A,C     (3)  BC:1308  DE:0200  HL:007C  AF:0056  SP:7FF3  PC:0B3A
0B3B  07        RLC         (3)  BC:1308  DE:0200  HL:007C  AF:0856  SP:7FF3  PC:0B3B
0B3C  4F        MOV C,A     (3)  BC:1308  DE:0200  HL:007C  AF:1056  SP:7FF3  PC:0B3C
0B3D  FE 01     CPI 01      (3)  BC:1310  DE:0200  HL:007C  AF:1056  SP:7FF3  PC:0B3D
0B3F  C2 34 0B  JNZ 0B34    (3)  BC:1310  DE:0200  HL:007C  AF:1006  SP:7FF3  PC:0B3F
0B34  7B        MOV A,E     (3)  BC:1310  DE:0200  HL:007C  AF:1006  SP:7FF3  PC:0B34
0B35  A1        ANA C       (3)  BC:1310  DE:0200  HL:007C  AF:0006  SP:7FF3  PC:0B35
0B36  CA 3A 0B  JZ 0B3A     (3)  BC:1310  DE:0200  HL:007C  AF:0046  SP:7FF3  PC:0B36
0B3A  79        MOV A,C     (3)  BC:1310  DE:0200  HL:007C  AF:0046  SP:7FF3  PC:0B3A
0B3B  07        RLC         (3)  BC:1310  DE:0200  HL:007C  AF:1046  SP:7FF3  PC:0B3B
0B3C  4F        MOV C,A     (3)  BC:1310  DE:0200  HL:007C  AF:2046  SP:7FF3  PC:0B3C
0B3D  FE 01     CPI 01      (3)  BC:1320  DE:0200  HL:007C  AF:2046  SP:7FF3  PC:0B3D
0B3F  C2 34 0B  JNZ 0B34    (3)  BC:1320  DE:0200  HL:007C  AF:2002  SP:7FF3  PC:0B3F
0B34  7B        MOV A,E     (3)  BC:1320  DE:0200  HL:007C  AF:2002  SP:7FF3  PC:0B34
0B35  A1        ANA C       (3)  BC:1320  DE:0200  HL:007C  AF:0002  SP:7FF3  PC:0B35
0B36  CA 3A 0B  JZ 0B3A     (3)  BC:1320  DE:0200  HL:007C  AF:0046  SP:7FF3  PC:0B36
0B3A  79        MOV A,C     (3)  BC:1320  DE:0200  HL:007C  AF:0046  SP:7FF3  PC:0B3A
0B3B  07        RLC         (3)  BC:1320  DE:0200  HL:007C  AF:2046  SP:7FF3  PC:0B3B
0B3C  4F        MOV C,A     (3)  BC:1320  DE:0200  HL:007C  AF:4046  SP:7FF3  PC:0B3C
0B3D  FE 01     CPI 01      (3)  BC:1340  DE:0200  HL:007C  AF:4046  SP:7FF3  PC:0B3D
0B3F  C2 34 0B  JNZ 0B34    (3)  BC:1340  DE:0200  HL:007C  AF:4006  SP:7FF3  PC:0B3F
0B34  7B        MOV A,E     (3)  BC:1340  DE:0200  HL:007C  AF:4006  SP:7FF3  PC:0B34
0B35  A1        ANA C       (3)  BC:1340  DE:0200  HL:007C  AF:0006  SP:7FF3  PC:0B35
0B36  CA 3A 0B  JZ 0B3A     (3)  BC:1340  DE:0200  HL:007C  AF:0046  SP:7FF3  PC:0B36
0B3A  79        MOV A,C     (3)  BC:1340  DE:0200  HL:007C  AF:0046  SP:7FF3  PC:0B3A
0B3B  07        RLC         (3)  BC:1340  DE:0200  HL:007C  AF:4046  SP:7FF3  PC:0B3B
0B3C  4F        MOV C,A     (3)  BC:1340  DE:0200  HL:007C  AF:8046  SP:7FF3  PC:0B3C
0B3D  FE 01     CPI 01      (3)  BC:1380  DE:0200  HL:007C  AF:8046  SP:7FF3  PC:0B3D
0B3F  C2 34 0B  JNZ 0B34    (3)  BC:1380  DE:0200  HL:007C  AF:8002  SP:7FF3  PC:0B3F
0B34  7B        MOV A,E     (3)  BC:1380  DE:0200  HL:007C  AF:8002  SP:7FF3  PC:0B34
0B35  A1        ANA C       (3)  BC:1380  DE:0200  HL:007C  AF:0002  SP:7FF3  PC:0B35
0B36  CA 3A 0B  JZ 0B3A     (3)  BC:1380  DE:0200  HL:007C  AF:0046  SP:7FF3  PC:0B36
0B3A  79        MOV A,C     (3)  BC:1380  DE:0200  HL:007C  AF:0046  SP:7FF3  PC:0B3A
0B3B  07        RLC         (3)  BC:1380  DE:0200  HL:007C  AF:8046  SP:7FF3  PC:0B3B
0B3C  4F        MOV C,A     (3)  BC:1380  DE:0200  HL:007C  AF:0147  SP:7FF3  PC:0B3C
0B3D  FE 01     CPI 01      (3)  BC:1301  DE:0200  HL:007C  AF:0147  SP:7FF3  PC:0B3D
0B3F  C2 34 0B  JNZ 0B34    (3)  BC:1301  DE:0200  HL:007C  AF:0156  SP:7FF3  PC:0B3F
0B42  23        INX H       (3)  BC:1301  DE:0200  HL:007C  AF:0156  SP:7FF3  PC:0B42
0B43  05        DCR B       (3)  BC:1301  DE:0200  HL:007D  AF:0156  SP:7FF3  PC:0B43
0B44  C2 33 0B  JNZ 0B33    (3)  BC:1201  DE:0200  HL:007D  AF:0116  SP:7FF3  PC:0B44
0B33  5E        MOV E,M     (3)  BC:1201  DE:0200  HL:007D  AF:0116  SP:7FF3  PC:0B33
0B34  7B        MOV A,E     (3)  BC:1201  DE:0200  HL:007D  AF:0116  SP:7FF3  PC:0B34
0B35  A1        ANA C       (3)  BC:1201  DE:0200  HL:007D  AF:0016  SP:7FF3  PC:0B35
0B36  CA 3A 0B  JZ 0B3A     (3)  BC:1201  DE:0200  HL:007D  AF:0046  SP:7FF3  PC:0B36
0B3A  79        MOV A,C     (3)  BC:1201  DE:0200  HL:007D  AF:0046  SP:7FF3  PC:0B3A
0B3B  07        RLC         (3)  BC:1201  DE:0200  HL:007D  AF:0146  SP:7FF3  PC:0B3B
0B3C  4F        MOV C,A     (3)  BC:1201  DE:0200  HL:007D  AF:0246  SP:7FF3  PC:0B3C
0B3D  FE 01     CPI 01      (3)  BC:1202  DE:0200  HL:007D  AF:0246  SP:7FF3  PC:0B3D
0B3F  C2 34 0B  JNZ 0B34    (3)  BC:1202  DE:0200  HL:007D  AF:0212  SP:7FF3  PC:0B3F
0B34  7B        MOV A,E     (3)  BC:1202  DE:0200  HL:007D  AF:0212  SP:7FF3  PC:0B34
0B35  A1        ANA C       (3)  BC:1202  DE:0200  HL:007D  AF:0012  SP:7FF3  PC:0B35
0B36  CA 3A 0B  JZ 0B3A     (3)  BC:1202  DE:0200  HL:007D  AF:0046  SP:7FF3  PC:0B36
0B3A  79        MOV A,C     (3)  BC:1202  DE:0200  HL:007D  AF:0046  SP:7FF3  PC:0B3A
0B3B  07        RLC         (3)  BC:1202  DE:0200  HL:007D  AF:0246  SP:7FF3  PC:0B3B
0B3C  4F        MOV C,A     (3)  BC:1202  DE:0200  HL:007D  AF:0446  SP:7FF3  PC:0B3C
0B3D  FE 01     CPI 01      (3)  BC:1204  DE:0200  HL:007D  AF:0446  SP:7FF3  PC:0B3D
0B3F  C2 34 0B  JNZ 0B34    (3)  BC:1204  DE:0200  HL:007D  AF:0416  SP:7FF3  PC:0B3F
0B34  7B        MOV A,E     (3)  BC:1204  DE:0200  HL:007D  AF:0416  SP:7FF3  PC:0B34
0B35  A1        ANA C       (3)  BC:1204  DE:0200  HL:007D  AF:0016  SP:7FF3  PC:0B35
0B36  CA 3A 0B  JZ 0B3A     (3)  BC:1204  DE:0200  HL:007D  AF:0046  SP:7FF3  PC:0B36
0B3A  79        MOV A,C     (3)  BC:1204  DE:0200  HL:007D  AF:0046  SP:7FF3  PC:0B3A
0B3B  07        RLC         (3)  BC:1204  DE:0200  HL:007D  AF:0446  SP:7FF3  PC:0B3B
0B3C  4F        MOV C,A     (3)  BC:1204  DE:0200  HL:007D  AF:0846  SP:7FF3  PC:0B3C
0B3D  FE 01     CPI 01      (3)  BC:1208  DE:0200  HL:007D  AF:0846  SP:7FF3  PC:0B3D
0B3F  C2 34 0B  JNZ 0B34    (3)  BC:1208  DE:0200  HL:007D  AF:0812  SP:7FF3  PC:0B3F
0B34  7B        MOV A,E     (3)  BC:1208  DE:0200  HL:007D  AF:0812  SP:7FF3  PC:0B34
0B35  A1        ANA C       (3)  BC:1208  DE:0200  HL:007D  AF:0012  SP:7FF3  PC:0B35
0B36  CA 3A 0B  JZ 0B3A     (3)  BC:1208  DE:0200  HL:007D  AF:0056  SP:7FF3  PC:0B36
0B3A  79        MOV A,C     (3)  BC:1208  DE:0200  HL:007D  AF:0056  SP:7FF3  PC:0B3A
0B3B  07        RLC         (3)  BC:1208  DE:0200  HL:007D  AF:0856  SP:7FF3  PC:0B3B
0B3C  4F        MOV C,A     (3)  BC:1208  DE:0200  HL:007D  AF:1056  SP:7FF3  PC:0B3C
0B3D  FE 01     CPI 01      (3)  BC:1210  DE:0200  HL:007D  AF:1056  SP:7FF3  PC:0B3D
0B3F  C2 34 0B  JNZ 0B34    (3)  BC:1210  DE:0200  HL:007D  AF:1006  SP:7FF3  PC:0B3F
0B34  7B        MOV A,E     (3)  BC:1210  DE:0200  HL:007D  AF:1006  SP:7FF3  PC:0B34
0B35  A1        ANA C       (3)  BC:1210  DE:0200  HL:007D  AF:0006  SP:7FF3  PC:0B35
0B36  CA 3A 0B  JZ 0B3A     (3)  BC:1210  DE:0200  HL:007D  AF:0046  SP:7FF3  PC:0B36
0B3A  79        MOV A,C     (3)  BC:1210  DE:0200  HL:007D  AF:0046  SP:7FF3  PC:0B3A
0B3B  07        RLC         (3)  BC:1210  DE:0200  HL:007D  AF:1046  SP:7FF3  PC:0B3B
0B3C  4F        MOV C,A     (3)  BC:1210  DE:0200  HL:007D  AF:2046  SP:7FF3  PC:0B3C
0B3D  FE 01     CPI 01      (3)  BC:1220  DE:0200  HL:007D  AF:2046  SP:7FF3  PC:0B3D
0B3F  C2 34 0B  JNZ 0B34    (3)  BC:1220  DE:0200  HL:007D  AF:2002  SP:7FF3  PC:0B3F
0B34  7B        MOV A,E     (3)  BC:1220  DE:0200  HL:007D  AF:2002  SP:7FF3  PC:0B34
0B35  A1        ANA C       (3)  BC:1220  DE:0200  HL:007D  AF:0002  SP:7FF3  PC:0B35
0B36  CA 3A 0B  JZ 0B3A     (3)  BC:1220  DE:0200  HL:007D  AF:0046  SP:7FF3  PC:0B36
0B3A  79        MOV A,C     (3)  BC:1220  DE:0200  HL:007D  AF:0046  SP:7FF3  PC:0B3A
0B3B  07        RLC         (3)  BC:1220  DE:0200  HL:007D  AF:2046  SP:7FF3  PC:0B3B
0B3C  4F        MOV C,A     (3)  BC:1220  DE:0200  HL:007D  AF:4046  SP:7FF3  PC:0B3C
0B3D  FE 01     CPI 01      (3)  BC:1240  DE:0200  HL:007D  AF:4046  SP:7FF3  PC:0B3D
0B3F  C2 34 0B  JNZ 0B34    (3)  BC:1240  DE:0200  HL:007D  AF:4006  SP:7FF3  PC:0B3F
0B34  7B        MOV A,E     (3)  BC:1240  DE:0200  HL:007D  AF:4006  SP:7FF3  PC:0B34
0B35  A1        ANA C       (3)  BC:1240  DE:0200  HL:007D  AF:0006  SP:7FF3  PC:0B35
0B36  CA 3A 0B  JZ 0B3A     (3)  BC:1240  DE:0200  HL:007D  AF:0046  SP:7FF3  PC:0B36
0B3A  79        MOV A,C     (3)  BC:1240  DE:0200  HL:007D  AF:0046  SP:7FF3  PC:0B3A
0B3B  07        RLC         (3)  BC:1240  DE:0200  HL:007D  AF:4046  SP:7FF3  PC:0B3B
0B3C  4F        MOV C,A     (3)  BC:1240  DE:0200  HL:007D  AF:8046  SP:7FF3  PC:0B3C
0B3D  FE 01     CPI 01      (3)  BC:1280  DE:0200  HL:007D  AF:8046  SP:7FF3  PC:0B3D
0B3F  C2 34 0B  JNZ 0B34    (3)  BC:1280  DE:0200  HL:007D  AF:8002  SP:7FF3  PC:0B3F
0B34  7B        MOV A,E     (3)  BC:1280  DE:0200  HL:007D  AF:8002  SP:7FF3  PC:0B34
0B35  A1        ANA C       (3)  BC:1280  DE:0200  HL:007D  AF:0002  SP:7FF3  PC:0B35
0B36  CA 3A 0B  JZ 0B3A     (3)  BC:1280  DE:0200  HL:007D  AF:0046  SP:7FF3  PC:0B36
0B3A  79        MOV A,C     (3)  BC:1280  DE:0200  HL:007D  AF:0046  SP:7FF3  PC:0B3A
0B3B  07        RLC         (3)  BC:1280  DE:0200  HL:007D  AF:8046  SP:7FF3  PC:0B3B
0B3C  4F        MOV C,A     (3)  BC:1280  DE:0200  HL:007D  AF:0147  SP:7FF3  PC:0B3C
0B3D  FE 01     CPI 01      (3)  BC:1201  DE:0200  HL:007D  AF:0147  SP:7FF3  PC:0B3D
0B3F  C2 34 0B  JNZ 0B34    (3)  BC:1201  DE:0200  HL:007D  AF:0156  SP:7FF3  PC:0B3F
0B42  23        INX H       (3)  BC:1201  DE:0200  HL:007D  AF:0156  SP:7FF3  PC:0B42
0B43  05        DCR B       (3)  BC:1201  DE:0200  HL:007E  AF:0156  SP:7FF3  PC:0B43
0B44  C2 33 0B  JNZ 0B33    (3)  BC:1101  DE:0200  HL:007E  AF:0116  SP:7FF3  PC:0B44
0B33  5E        MOV E,M     (3)  BC:1101  DE:0200  HL:007E  AF:0116  SP:7FF3  PC:0B33
0B34  7B        MOV A,E     (3)  BC:1101  DE:0200  HL:007E  AF:0116  SP:7FF3  PC:0B34
0B35  A1        ANA C       (3)  BC:1101  DE:0200  HL:007E  AF:0016  SP:7FF3  PC:0B35
0B36  CA 3A 0B  JZ 0B3A     (3)  BC:1101  DE:0200  HL:007E  AF:0046  SP:7FF3  PC:0B36
0B3A  79        MOV A,C     (3)  BC:1101  DE:0200  HL:007E  AF:0046  SP:7FF3  PC:0B3A
0B3B  07        RLC         (3)  BC:1101  DE:0200  HL:007E  AF:0146  SP:7FF3  PC:0B3B
0B3C  4F        MOV C,A     (3)  BC:1101  DE:0200  HL:007E  AF:0246  SP:7FF3  PC:0B3C
0B3D  FE 01     CPI 01      (3)  BC:1102  DE:0200  HL:007E  AF:0246  SP:7FF3  PC:0B3D
0B3F  C2 34 0B  JNZ 0B34    (3)  BC:1102  DE:0200  HL:007E  AF:0212  SP:7FF3  PC:0B3F
0B34  7B        MOV A,E     (3)  BC:1102  DE:0200  HL:007E  AF:0212  SP:7FF3  PC:0B34
0B35  A1        ANA C       (3)  BC:1102  DE:0200  HL:007E  AF:0012  SP:7FF3  PC:0B35
0B36  CA 3A 0B  JZ 0B3A     (3)  BC:1102  DE:0200  HL:007E  AF:0046  SP:7FF3  PC:0B36
0B3A  79        MOV A,C     (3)  BC:1102  DE:0200  HL:007E  AF:0046  SP:7FF3  PC:0B3A
0B3B  07        RLC         (3)  BC:1102  DE:0200  HL:007E  AF:0246  SP:7FF3  PC:0B3B
0B3C  4F        MOV C,A     (3)  BC:1102  DE:0200  HL:007E  AF:0446  SP:7FF3  PC:0B3C
0B3D  FE 01     CPI 01      (3)  BC:1104  DE:0200  HL:007E  AF:0446  SP:7FF3  PC:0B3D
0B3F  C2 34 0B  JNZ 0B34    (3)  BC:1104  DE:0200  HL:007E  AF:0416  SP:7FF3  PC:0B3F
0B34  7B        MOV A,E     (3)  BC:1104  DE:0200  HL:007E  AF:0416  SP:7FF3  PC:0B34
0B35  A1        ANA C       (3)  BC:1104  DE:0200  HL:007E  AF:0016  SP:7FF3  PC:0B35
0B36  CA 3A 0B  JZ 0B3A     (3)  BC:1104  DE:0200  HL:007E  AF:0046  SP:7FF3  PC:0B36
0B3A  79        MOV A,C     (3)  BC:1104  DE:0200  HL:007E  AF:0046  SP:7FF3  PC:0B3A
0B3B  07        RLC         (3)  BC:1104  DE:0200  HL:007E  AF:0446  SP:7FF3  PC:0B3B
0B3C  4F        MOV C,A     (3)  BC:1104  DE:0200  HL:007E  AF:0846  SP:7FF3  PC:0B3C
0B3D  FE 01     CPI 01      (3)  BC:1108  DE:0200  HL:007E  AF:0846  SP:7FF3  PC:0B3D
0B3F  C2 34 0B  JNZ 0B34    (3)  BC:1108  DE:0200  HL:007E  AF:0812  SP:7FF3  PC:0B3F
0B34  7B        MOV A,E     (3)  BC:1108  DE:0200  HL:007E  AF:0812  SP:7FF3  PC:0B34
0B35  A1        ANA C       (3)  BC:1108  DE:0200  HL:007E  AF:0012  SP:7FF3  PC:0B35
0B36  CA 3A 0B  JZ 0B3A     (3)  BC:1108  DE:0200  HL:007E  AF:0056  SP:7FF3  PC:0B36
0B3A  79        MOV A,C     (3)  BC:1108  DE:0200  HL:007E  AF:0056  SP:7FF3  PC:0B3A
0B3B  07        RLC         (3)  BC:1108  DE:0200  HL:007E  AF:0856  SP:7FF3  PC:0B3B
0B3C  4F        MOV C,A     (3)  BC:1108  DE:0200  HL:007E  AF:1056  SP:7FF3  PC:0B3C
0B3D  FE 01     CPI 01      (3)  BC:1110  DE:0200  HL:007E  AF:1056  SP:7FF3  PC:0B3D
0B3F  C2 34 0B  JNZ 0B34    (3)  BC:1110  DE:0200  HL:007E  AF:1006  SP:7FF3  PC:0B3F
0B34  7B        MOV A,E     (3)  BC:1110  DE:0200  HL:007E  AF:1006  SP:7FF3  PC:0B34
0B35  A1        ANA C       (3)  BC:1110  DE:0200  HL:007E  AF:0006  SP:7FF3  PC:0B35
0B36  CA 3A 0B  JZ 0B3A     (3)  BC:1110  DE:0200  HL:007E  AF:0046  SP:7FF3  PC:0B36
0B3A  79        MOV A,C     (3)  BC:1110  DE:0200  HL:007E  AF:0046  SP:7FF3  PC:0B3A
0B3B  07        RLC         (3)  BC:1110  DE:0200  HL:007E  AF:1046  SP:7FF3  PC:0B3B
0B3C  4F        MOV C,A     (3)  BC:1110  DE:0200  HL:007E  AF:2046  SP:7FF3  PC:0B3C
0B3D  FE 01     CPI 01      (3)  BC:1120  DE:0200  HL:007E  AF:2046  SP:7FF3  PC:0B3D
0B3F  C2 34 0B  JNZ 0B34    (3)  BC:1120  DE:0200  HL:007E  AF:2002  SP:7FF3  PC:0B3F
0B34  7B        MOV A,E     (3)  BC:1120  DE:0200  HL:007E  AF:2002  SP:7FF3  PC:0B34
0B35  A1        ANA C       (3)  BC:1120  DE:0200  HL:007E  AF:0002  SP:7FF3  PC:0B35
0B36  CA 3A 0B  JZ 0B3A     (3)  BC:1120  DE:0200  HL:007E  AF:0046  SP:7FF3  PC:0B36
0B3A  79        MOV A,C     (3)  BC:1120  DE:0200  HL:007E  AF:0046  SP:7FF3  PC:0B3A
0B3B  07        RLC         (3)  BC:1120  DE:0200  HL:007E  AF:2046  SP:7FF3  PC:0B3B
0B3C  4F        MOV C,A     (3)  BC:1120  DE:0200  HL:007E  AF:4046  SP:7FF3  PC:0B3C
0B3D  FE 01     CPI 01      (3)  BC:1140  DE:0200  HL:007E  AF:4046  SP:7FF3  PC:0B3D
0B3F  C2 34 0B  JNZ 0B34    (3)  BC:1140  DE:0200  HL:007E  AF:4006  SP:7FF3  PC:0B3F
0B34  7B        MOV A,E     (3)  BC:1140  DE:0200  HL:007E  AF:4006  SP:7FF3  PC:0B34
0B35  A1        ANA C       (3)  BC:1140  DE:0200  HL:007E  AF:0006  SP:7FF3  PC:0B35
0B36  CA 3A 0B  JZ 0B3A     (3)  BC:1140  DE:0200  HL:007E  AF:0046  SP:7FF3  PC:0B36
0B3A  79        MOV A,C     (3)  BC:1140  DE:0200  HL:007E  AF:0046  SP:7FF3  PC:0B3A
0B3B  07        RLC         (3)  BC:1140  DE:0200  HL:007E  AF:4046  SP:7FF3  PC:0B3B
0B3C  4F        MOV C,A     (3)  BC:1140  DE:0200  HL:007E  AF:8046  SP:7FF3  PC:0B3C
0B3D  FE 01     CPI 01      (3)  BC:1180  DE:0200  HL:007E  AF:8046  SP:7FF3  PC:0B3D
0B3F  C2 34 0B  JNZ 0B34    (3)  BC:1180  DE:0200  HL:007E  AF:8002  SP:7FF3  PC:0B3F
0B34  7B        MOV A,E     (3)  BC:1180  DE:0200  HL:007E  AF:8002  SP:7FF3  PC:0B34
0B35  A1        ANA C       (3)  BC:1180  DE:0200  HL:007E  AF:0002  SP:7FF3  PC:0B35
0B36  CA 3A 0B  JZ 0B3A     (3)  BC:1180  DE:0200  HL:007E  AF:0046  SP:7FF3  PC:0B36
0B3A  79        MOV A,C     (3)  BC:1180  DE:0200  HL:007E  AF:0046  SP:7FF3  PC:0B3A
0B3B  07        RLC         (3)  BC:1180  DE:0200  HL:007E  AF:8046  SP:7FF3  PC:0B3B
0B3C  4F        MOV C,A     (3)  BC:1180  DE:0200  HL:007E  AF:0147  SP:7FF3  PC:0B3C
0B3D  FE 01     CPI 01      (3)  BC:1101  DE:0200  HL:007E  AF:0147  SP:7FF3  PC:0B3D
0B3F  C2 34 0B  JNZ 0B34    (3)  BC:1101  DE:0200  HL:007E  AF:0156  SP:7FF3  PC:0B3F
0B42  23        INX H       (3)  BC:1101  DE:0200  HL:007E  AF:0156  SP:7FF3  PC:0B42
0B43  05        DCR B       (3)  BC:1101  DE:0200  HL:007F  AF:0156  SP:7FF3  PC:0B43
0B44  C2 33 0B  JNZ 0B33    (3)  BC:1001  DE:0200  HL:007F  AF:0112  SP:7FF3  PC:0B44
0B33  5E        MOV E,M     (3)  BC:1001  DE:0200  HL:007F  AF:0112  SP:7FF3  PC:0B33
0B34  7B        MOV A,E     (3)  BC:1001  DE:0200  HL:007F  AF:0112  SP:7FF3  PC:0B34
0B35  A1        ANA C       (3)  BC:1001  DE:0200  HL:007F  AF:0012  SP:7FF3  PC:0B35
0B36  CA 3A 0B  JZ 0B3A     (3)  BC:1001  DE:0200  HL:007F  AF:0046  SP:7FF3  PC:0B36
0B3A  79        MOV A,C     (3)  BC:1001  DE:0200  HL:007F  AF:0046  SP:7FF3  PC:0B3A
0B3B  07        RLC         (3)  BC:1001  DE:0200  HL:007F  AF:0146  SP:7FF3  PC:0B3B
0B3C  4F        MOV C,A     (3)  BC:1001  DE:0200  HL:007F  AF:0246  SP:7FF3  PC:0B3C
0B3D  FE 01     CPI 01      (3)  BC:1002  DE:0200  HL:007F  AF:0246  SP:7FF3  PC:0B3D
0B3F  C2 34 0B  JNZ 0B34    (3)  BC:1002  DE:0200  HL:007F  AF:0212  SP:7FF3  PC:0B3F
0B34  7B        MOV A,E     (3)  BC:1002  DE:0200  HL:007F  AF:0212  SP:7FF3  PC:0B34
0B35  A1        ANA C       (3)  BC:1002  DE:0200  HL:007F  AF:0012  SP:7FF3  PC:0B35
0B36  CA 3A 0B  JZ 0B3A     (3)  BC:1002  DE:0200  HL:007F  AF:0046  SP:7FF3  PC:0B36
0B3A  79        MOV A,C     (3)  BC:1002  DE:0200  HL:007F  AF:0046  SP:7FF3  PC:0B3A
0B3B  07        RLC         (3)  BC:1002  DE:0200  HL:007F  AF:0246  SP:7FF3  PC:0B3B
0B3C  4F        MOV C,A     (3)  BC:1002  DE:0200  HL:007F  AF:0446  SP:7FF3  PC:0B3C
0B3D  FE 01     CPI 01      (3)  BC:1004  DE:0200  HL:007F  AF:0446  SP:7FF3  PC:0B3D
0B3F  C2 34 0B  JNZ 0B34    (3)  BC:1004  DE:0200  HL:007F  AF:0416  SP:7FF3  PC:0B3F
0B34  7B        MOV A,E     (3)  BC:1004  DE:0200  HL:007F  AF:0416  SP:7FF3  PC:0B34
0B35  A1        ANA C       (3)  BC:1004  DE:0200  HL:007F  AF:0016  SP:7FF3  PC:0B35
0B36  CA 3A 0B  JZ 0B3A     (3)  BC:1004  DE:0200  HL:007F  AF:0046  SP:7FF3  PC:0B36
0B3A  79        MOV A,C     (3)  BC:1004  DE:0200  HL:007F  AF:0046  SP:7FF3  PC:0B3A
0B3B  07        RLC         (3)  BC:1004  DE:0200  HL:007F  AF:0446  SP:7FF3  PC:0B3B
0B3C  4F        MOV C,A     (3)  BC:1004  DE:0200  HL:007F  AF:0846  SP:7FF3  PC:0B3C
0B3D  FE 01     CPI 01      (3)  BC:1008  DE:0200  HL:007F  AF:0846  SP:7FF3  PC:0B3D
0B3F  C2 34 0B  JNZ 0B34    (3)  BC:1008  DE:0200  HL:007F  AF:0812  SP:7FF3  PC:0B3F
0B34  7B        MOV A,E     (3)  BC:1008  DE:0200  HL:007F  AF:0812  SP:7FF3  PC:0B34
0B35  A1        ANA C       (3)  BC:1008  DE:0200  HL:007F  AF:0012  SP:7FF3  PC:0B35
0B36  CA 3A 0B  JZ 0B3A     (3)  BC:1008  DE:0200  HL:007F  AF:0056  SP:7FF3  PC:0B36
0B3A  79        MOV A,C     (3)  BC:1008  DE:0200  HL:007F  AF:0056  SP:7FF3  PC:0B3A
0B3B  07        RLC         (3)  BC:1008  DE:0200  HL:007F  AF:0856  SP:7FF3  PC:0B3B
0B3C  4F        MOV C,A     (3)  BC:1008  DE:0200  HL:007F  AF:1056  SP:7FF3  PC:0B3C
0B3D  FE 01     CPI 01      (3)  BC:1010  DE:0200  HL:007F  AF:1056  SP:7FF3  PC:0B3D
0B3F  C2 34 0B  JNZ 0B34    (3)  BC:1010  DE:0200  HL:007F  AF:1006  SP:7FF3  PC:0B3F
0B34  7B        MOV A,E     (3)  BC:1010  DE:0200  HL:007F  AF:1006  SP:7FF3  PC:0B34
0B35  A1        ANA C       (3)  BC:1010  DE:0200  HL:007F  AF:0006  SP:7FF3  PC:0B35
0B36  CA 3A 0B  JZ 0B3A     (3)  BC:1010  DE:0200  HL:007F  AF:0046  SP:7FF3  PC:0B36
0B3A  79        MOV A,C     (3)  BC:1010  DE:0200  HL:007F  AF:0046  SP:7FF3  PC:0B3A
0B3B  07        RLC         (3)  BC:1010  DE:0200  HL:007F  AF:1046  SP:7FF3  PC:0B3B
0B3C  4F        MOV C,A     (3)  BC:1010  DE:0200  HL:007F  AF:2046  SP:7FF3  PC:0B3C
0B3D  FE 01     CPI 01      (3)  BC:1020  DE:0200  HL:007F  AF:2046  SP:7FF3  PC:0B3D
0B3F  C2 34 0B  JNZ 0B34    (3)  BC:1020  DE:0200  HL:007F  AF:2002  SP:7FF3  PC:0B3F
0B34  7B        MOV A,E     (3)  BC:1020  DE:0200  HL:007F  AF:2002  SP:7FF3  PC:0B34
0B35  A1        ANA C       (3)  BC:1020  DE:0200  HL:007F  AF:0002  SP:7FF3  PC:0B35
0B36  CA 3A 0B  JZ 0B3A     (3)  BC:1020  DE:0200  HL:007F  AF:0046  SP:7FF3  PC:0B36
0B3A  79        MOV A,C     (3)  BC:1020  DE:0200  HL:007F  AF:0046  SP:7FF3  PC:0B3A
0B3B  07        RLC         (3)  BC:1020  DE:0200  HL:007F  AF:2046  SP:7FF3  PC:0B3B
0B3C  4F        MOV C,A     (3)  BC:1020  DE:0200  HL:007F  AF:4046  SP:7FF3  PC:0B3C
0B3D  FE 01     CPI 01      (3)  BC:1040  DE:0200  HL:007F  AF:4046  SP:7FF3  PC:0B3D
0B3F  C2 34 0B  JNZ 0B34    (3)  BC:1040  DE:0200  HL:007F  AF:4006  SP:7FF3  PC:0B3F
0B34  7B        MOV A,E     (3)  BC:1040  DE:0200  HL:007F  AF:4006  SP:7FF3  PC:0B34
0B35  A1        ANA C       (3)  BC:1040  DE:0200  HL:007F  AF:0006  SP:7FF3  PC:0B35
0B36  CA 3A 0B  JZ 0B3A     (3)  BC:1040  DE:0200  HL:007F  AF:0046  SP:7FF3  PC:0B36
0B3A  79        MOV A,C     (3)  BC:1040  DE:0200  HL:007F  AF:0046  SP:7FF3  PC:0B3A
0B3B  07        RLC         (3)  BC:1040  DE:0200  HL:007F  AF:4046  SP:7FF3  PC:0B3B
0B3C  4F        MOV C,A     (3)  BC:1040  DE:0200  HL:007F  AF:8046  SP:7FF3  PC:0B3C
0B3D  FE 01     CPI 01      (3)  BC:1080  DE:0200  HL:007F  AF:8046  SP:7FF3  PC:0B3D
0B3F  C2 34 0B  JNZ 0B34    (3)  BC:1080  DE:0200  HL:007F  AF:8002  SP:7FF3  PC:0B3F
0B34  7B        MOV A,E     (3)  BC:1080  DE:0200  HL:007F  AF:8002  SP:7FF3  PC:0B34
0B35  A1        ANA C       (3)  BC:1080  DE:0200  HL:007F  AF:0002  SP:7FF3  PC:0B35
0B36  CA 3A 0B  JZ 0B3A     (3)  BC:1080  DE:0200  HL:007F  AF:0046  SP:7FF3  PC:0B36
0B3A  79        MOV A,C     (3)  BC:1080  DE:0200  HL:007F  AF:0046  SP:7FF3  PC:0B3A
0B3B  07        RLC         (3)  BC:1080  DE:0200  HL:007F  AF:8046  SP:7FF3  PC:0B3B
0B3C  4F        MOV C,A     (3)  BC:1080  DE:0200  HL:007F  AF:0147  SP:7FF3  PC:0B3C
0B3D  FE 01     CPI 01      (3)  BC:1001  DE:0200  HL:007F  AF:0147  SP:7FF3  PC:0B3D
0B3F  C2 34 0B  JNZ 0B34    (3)  BC:1001  DE:0200  HL:007F  AF:0156  SP:7FF3  PC:0B3F
0B42  23        INX H       (3)  BC:1001  DE:0200  HL:007F  AF:0156  SP:7FF3  PC:0B42
0B43  05        DCR B       (3)  BC:1001  DE:0200  HL:0080  AF:0156  SP:7FF3  PC:0B43
0B44  C2 33 0B  JNZ 0B33    (3)  BC:0F01  DE:0200  HL:0080  AF:0106  SP:7FF3  PC:0B44
0B33  5E        MOV E,M     (3)  BC:0F01  DE:0200  HL:0080  AF:0106  SP:7FF3  PC:0B33
0B34  7B        MOV A,E     (3)  BC:0F01  DE:0200  HL:0080  AF:0106  SP:7FF3  PC:0B34
0B35  A1        ANA C       (3)  BC:0F01  DE:0200  HL:0080  AF:0006  SP:7FF3  PC:0B35
0B36  CA 3A 0B  JZ 0B3A     (3)  BC:0F01  DE:0200  HL:0080  AF:0046  SP:7FF3  PC:0B36
0B3A  79        MOV A,C     (3)  BC:0F01  DE:0200  HL:0080  AF:0046  SP:7FF3  PC:0B3A
0B3B  07        RLC         (3)  BC:0F01  DE:0200  HL:0080  AF:0146  SP:7FF3  PC:0B3B
0B3C  4F        MOV C,A     (3)  BC:0F01  DE:0200  HL:0080  AF:0246  SP:7FF3  PC:0B3C
0B3D  FE 01     CPI 01      (3)  BC:0F02  DE:0200  HL:0080  AF:0246  SP:7FF3  PC:0B3D
0B3F  C2 34 0B  JNZ 0B34    (3)  BC:0F02  DE:0200  HL:0080  AF:0212  SP:7FF3  PC:0B3F
0B34  7B        MOV A,E     (3)  BC:0F02  DE:0200  HL:0080  AF:0212  SP:7FF3  PC:0B34
0B35  A1        ANA C       (3)  BC:0F02  DE:0200  HL:0080  AF:0012  SP:7FF3  PC:0B35
0B36  CA 3A 0B  JZ 0B3A     (3)  BC:0F02  DE:0200  HL:0080  AF:0046  SP:7FF3  PC:0B36
0B3A  79        MOV A,C     (3)  BC:0F02  DE:0200  HL:0080  AF:0046  SP:7FF3  PC:0B3A
0B3B  07        RLC         (3)  BC:0F02  DE:0200  HL:0080  AF:0246  SP:7FF3  PC:0B3B
0B3C  4F        MOV C,A     (3)  BC:0F02  DE:0200  HL:0080  AF:0446  SP:7FF3  PC:0B3C
0B3D  FE 01     CPI 01      (3)  BC:0F04  DE:0200  HL:0080  AF:0446  SP:7FF3  PC:0B3D
0B3F  C2 34 0B  JNZ 0B34    (3)  BC:0F04  DE:0200  HL:0080  AF:0416  SP:7FF3  PC:0B3F
0B34  7B        MOV A,E     (3)  BC:0F04  DE:0200  HL:0080  AF:0416  SP:7FF3  PC:0B34
0B35  A1        ANA C       (3)  BC:0F04  DE:0200  HL:0080  AF:0016  SP:7FF3  PC:0B35
0B36  CA 3A 0B  JZ 0B3A     (3)  BC:0F04  DE:0200  HL:0080  AF:0046  SP:7FF3  PC:0B36
0B3A  79        MOV A,C     (3)  BC:0F04  DE:0200  HL:0080  AF:0046  SP:7FF3  PC:0B3A
0B3B  07        RLC         (3)  BC:0F04  DE:0200  HL:0080  AF:0446  SP:7FF3  PC:0B3B
0B3C  4F        MOV C,A     (3)  BC:0F04  DE:0200  HL:0080  AF:0846  SP:7FF3  PC:0B3C
0B3D  FE 01     CPI 01      (3)  BC:0F08  DE:0200  HL:0080  AF:0846  SP:7FF3  PC:0B3D
0B3F  C2 34 0B  JNZ 0B34    (3)  BC:0F08  DE:0200  HL:0080  AF:0812  SP:7FF3  PC:0B3F
0B34  7B        MOV A,E     (3)  BC:0F08  DE:0200  HL:0080  AF:0812  SP:7FF3  PC:0B34
0B35  A1        ANA C       (3)  BC:0F08  DE:0200  HL:0080  AF:0012  SP:7FF3  PC:0B35
0B36  CA 3A 0B  JZ 0B3A     (3)  BC:0F08  DE:0200  HL:0080  AF:0056  SP:7FF3  PC:0B36
0B3A  79        MOV A,C     (3)  BC:0F08  DE:0200  HL:0080  AF:0056  SP:7FF3  PC:0B3A
0B3B  07        RLC         (3)  BC:0F08  DE:0200  HL:0080  AF:0856  SP:7FF3  PC:0B3B
0B3C  4F        MOV C,A     (3)  BC:0F08  DE:0200  HL:0080  AF:1056  SP:7FF3  PC:0B3C
0B3D  FE 01     CPI 01      (3)  BC:0F10  DE:0200  HL:0080  AF:1056  SP:7FF3  PC:0B3D
0B3F  C2 34 0B  JNZ 0B34    (3)  BC:0F10  DE:0200  HL:0080  AF:1006  SP:7FF3  PC:0B3F
0B34  7B        MOV A,E     (3)  BC:0F10  DE:0200  HL:0080  AF:1006  SP:7FF3  PC:0B34
0B35  A1        ANA C       (3)  BC:0F10  DE:0200  HL:0080  AF:0006  SP:7FF3  PC:0B35
0B36  CA 3A 0B  JZ 0B3A     (3)  BC:0F10  DE:0200  HL:0080  AF:0046  SP:7FF3  PC:0B36
0B3A  79        MOV A,C     (3)  BC:0F10  DE:0200  HL:0080  AF:0046  SP:7FF3  PC:0B3A
0B3B  07        RLC         (3)  BC:0F10  DE:0200  HL:0080  AF:1046  SP:7FF3  PC:0B3B
0B3C  4F        MOV C,A     (3)  BC:0F10  DE:0200  HL:0080  AF:2046  SP:7FF3  PC:0B3C
0B3D  FE 01     CPI 01      (3)  BC:0F20  DE:0200  HL:0080  AF:2046  SP:7FF3  PC:0B3D
0B3F  C2 34 0B  JNZ 0B34    (3)  BC:0F20  DE:0200  HL:0080  AF:2002  SP:7FF3  PC:0B3F
0B34  7B        MOV A,E     (3)  BC:0F20  DE:0200  HL:0080  AF:2002  SP:7FF3  PC:0B34
0B35  A1        ANA C       (3)  BC:0F20  DE:0200  HL:0080  AF:0002  SP:7FF3  PC:0B35
0B36  CA 3A 0B  JZ 0B3A     (3)  BC:0F20  DE:0200  HL:0080  AF:0046  SP:7FF3  PC:0B36
0B3A  79        MOV A,C     (3)  BC:0F20  DE:0200  HL:0080  AF:0046  SP:7FF3  PC:0B3A
0B3B  07        RLC         (3)  BC:0F20  DE:0200  HL:0080  AF:2046  SP:7FF3  PC:0B3B
0B3C  4F        MOV C,A     (3)  BC:0F20  DE:0200  HL:0080  AF:4046  SP:7FF3  PC:0B3C
0B3D  FE 01     CPI 01      (3)  BC:0F40  DE:0200  HL:0080  AF:4046  SP:7FF3  PC:0B3D
0B3F  C2 34 0B  JNZ 0B34    (3)  BC:0F40  DE:0200  HL:0080  AF:4006  SP:7FF3  PC:0B3F
0B34  7B        MOV A,E     (3)  BC:0F40  DE:0200  HL:0080  AF:4006  SP:7FF3  PC:0B34
0B35  A1        ANA C       (3)  BC:0F40  DE:0200  HL:0080  AF:0006  SP:7FF3  PC:0B35
0B36  CA 3A 0B  JZ 0B3A     (3)  BC:0F40  DE:0200  HL:0080  AF:0046  SP:7FF3  PC:0B36
0B3A  79        MOV A,C     (3)  BC:0F40  DE:0200  HL:0080  AF:0046  SP:7FF3  PC:0B3A
0B3B  07        RLC         (3)  BC:0F40  DE:0200  HL:0080  AF:4046  SP:7FF3  PC:0B3B
0B3C  4F        MOV C,A     (3)  BC:0F40  DE:0200  HL:0080  AF:8046  SP:7FF3  PC:0B3C
0B3D  FE 01     CPI 01      (3)  BC:0F80  DE:0200  HL:0080  AF:8046  SP:7FF3  PC:0B3D
0B3F  C2 34 0B  JNZ 0B34    (3)  BC:0F80  DE:0200  HL:0080  AF:8002  SP:7FF3  PC:0B3F
0B34  7B        MOV A,E     (3)  BC:0F80  DE:0200  HL:0080  AF:8002  SP:7FF3  PC:0B34
0B35  A1        ANA C       (3)  BC:0F80  DE:0200  HL:0080  AF:0002  SP:7FF3  PC:0B35
0B36  CA 3A 0B  JZ 0B3A     (3)  BC:0F80  DE:0200  HL:0080  AF:0046  SP:7FF3  PC:0B36
0B3A  79        MOV A,C     (3)  BC:0F80  DE:0200  HL:0080  AF:0046  SP:7FF3  PC:0B3A
0B3B  07        RLC         (3)  BC:0F80  DE:0200  HL:0080  AF:8046  SP:7FF3  PC:0B3B
0B3C  4F        MOV C,A     (3)  BC:0F80  DE:0200  HL:0080  AF:0147  SP:7FF3  PC:0B3C
0B3D  FE 01     CPI 01      (3)  BC:0F01  DE:0200  HL:0080  AF:0147  SP:7FF3  PC:0B3D
0B3F  C2 34 0B  JNZ 0B34    (3)  BC:0F01  DE:0200  HL:0080  AF:0156  SP:7FF3  PC:0B3F
0B42  23        INX H       (3)  BC:0F01  DE:0200  HL:0080  AF:0156  SP:7FF3  PC:0B42
0B43  05        DCR B       (3)  BC:0F01  DE:0200  HL:0081  AF:0156  SP:7FF3  PC:0B43
0B44  C2 33 0B  JNZ 0B33    (3)  BC:0E01  DE:0200  HL:0081  AF:0112  SP:7FF3  PC:0B44
0B33  5E        MOV E,M     (3)  BC:0E01  DE:0200  HL:0081  AF:0112  SP:7FF3  PC:0B33
0B34  7B        MOV A,E     (3)  BC:0E01  DE:0200  HL:0081  AF:0112  SP:7FF3  PC:0B34
0B35  A1        ANA C       (3)  BC:0E01  DE:0200  HL:0081  AF:0012  SP:7FF3  PC:0B35
0B36  CA 3A 0B  JZ 0B3A     (3)  BC:0E01  DE:0200  HL:0081  AF:0046  SP:7FF3  PC:0B36
0B3A  79        MOV A,C     (3)  BC:0E01  DE:0200  HL:0081  AF:0046  SP:7FF3  PC:0B3A
0B3B  07        RLC         (3)  BC:0E01  DE:0200  HL:0081  AF:0146  SP:7FF3  PC:0B3B
0B3C  4F        MOV C,A     (3)  BC:0E01  DE:0200  HL:0081  AF:0246  SP:7FF3  PC:0B3C
0B3D  FE 01     CPI 01      (3)  BC:0E02  DE:0200  HL:0081  AF:0246  SP:7FF3  PC:0B3D
0B3F  C2 34 0B  JNZ 0B34    (3)  BC:0E02  DE:0200  HL:0081  AF:0212  SP:7FF3  PC:0B3F
0B34  7B        MOV A,E     (3)  BC:0E02  DE:0200  HL:0081  AF:0212  SP:7FF3  PC:0B34
0B35  A1        ANA C       (3)  BC:0E02  DE:0200  HL:0081  AF:0012  SP:7FF3  PC:0B35
0B36  CA 3A 0B  JZ 0B3A     (3)  BC:0E02  DE:0200  HL:0081  AF:0046  SP:7FF3  PC:0B36
0B3A  79        MOV A,C     (3)  BC:0E02  DE:0200  HL:0081  AF:0046  SP:7FF3  PC:0B3A
0B3B  07        RLC         (3)  BC:0E02  DE:0200  HL:0081  AF:0246  SP:7FF3  PC:0B3B
0B3C  4F        MOV C,A     (3)  BC:0E02  DE:0200  HL:0081  AF:0446  SP:7FF3  PC:0B3C
0B3D  FE 01     CPI 01      (3)  BC:0E04  DE:0200  HL:0081  AF:0446  SP:7FF3  PC:0B3D
0B3F  C2 34 0B  JNZ 0B34    (3)  BC:0E04  DE:0200  HL:0081  AF:0416  SP:7FF3  PC:0B3F
0B34  7B        MOV A,E     (3)  BC:0E04  DE:0200  HL:0081  AF:0416  SP:7FF3  PC:0B34
0B35  A1        ANA C       (3)  BC:0E04  DE:0200  HL:0081  AF:0016  SP:7FF3  PC:0B35
0B36  CA 3A 0B  JZ 0B3A     (3)  BC:0E04  DE:0200  HL:0081  AF:0046  SP:7FF3  PC:0B36
0B3A  79        MOV A,C     (3)  BC:0E04  DE:0200  HL:0081  AF:0046  SP:7FF3  PC:0B3A
0B3B  07        RLC         (3)  BC:0E04  DE:0200  HL:0081  AF:0446  SP:7FF3  PC:0B3B
0B3C  4F        MOV C,A     (3)  BC:0E04  DE:0200  HL:0081  AF:0846  SP:7FF3  PC:0B3C
0B3D  FE 01     CPI 01      (3)  BC:0E08  DE:0200  HL:0081  AF:0846  SP:7FF3  PC:0B3D
0B3F  C2 34 0B  JNZ 0B34    (3)  BC:0E08  DE:0200  HL:0081  AF:0812  SP:7FF3  PC:0B3F
0B34  7B        MOV A,E     (3)  BC:0E08  DE:0200  HL:0081  AF:0812  SP:7FF3  PC:0B34
0B35  A1        ANA C       (3)  BC:0E08  DE:0200  HL:0081  AF:0012  SP:7FF3  PC:0B35
0B36  CA 3A 0B  JZ 0B3A     (3)  BC:0E08  DE:0200  HL:0081  AF:0056  SP:7FF3  PC:0B36
0B3A  79        MOV A,C     (3)  BC:0E08  DE:0200  HL:0081  AF:0056  SP:7FF3  PC:0B3A
0B3B  07        RLC         (3)  BC:0E08  DE:0200  HL:0081  AF:0856  SP:7FF3  PC:0B3B
0B3C  4F        MOV C,A     (3)  BC:0E08  DE:0200  HL:0081  AF:1056  SP:7FF3  PC:0B3C
0B3D  FE 01     CPI 01      (3)  BC:0E10  DE:0200  HL:0081  AF:1056  SP:7FF3  PC:0B3D
0B3F  C2 34 0B  JNZ 0B34    (3)  BC:0E10  DE:0200  HL:0081  AF:1006  SP:7FF3  PC:0B3F
0B34  7B        MOV A,E     (3)  BC:0E10  DE:0200  HL:0081  AF:1006  SP:7FF3  PC:0B34
0B35  A1        ANA C       (3)  BC:0E10  DE:0200  HL:0081  AF:0006  SP:7FF3  PC:0B35
0B36  CA 3A 0B  JZ 0B3A     (3)  BC:0E10  DE:0200  HL:0081  AF:0046  SP:7FF3  PC:0B36
0B3A  79        MOV A,C     (3)  BC:0E10  DE:0200  HL:0081  AF:0046  SP:7FF3  PC:0B3A
0B3B  07        RLC         (3)  BC:0E10  DE:0200  HL:0081  AF:1046  SP:7FF3  PC:0B3B
0B3C  4F        MOV C,A     (3)  BC:0E10  DE:0200  HL:0081  AF:2046  SP:7FF3  PC:0B3C
0B3D  FE 01     CPI 01      (3)  BC:0E20  DE:0200  HL:0081  AF:2046  SP:7FF3  PC:0B3D
0B3F  C2 34 0B  JNZ 0B34    (3)  BC:0E20  DE:0200  HL:0081  AF:2002  SP:7FF3  PC:0B3F
0B34  7B        MOV A,E     (3)  BC:0E20  DE:0200  HL:0081  AF:2002  SP:7FF3  PC:0B34
0B35  A1        ANA C       (3)  BC:0E20  DE:0200  HL:0081  AF:0002  SP:7FF3  PC:0B35
0B36  CA 3A 0B  JZ 0B3A     (3)  BC:0E20  DE:0200  HL:0081  AF:0046  SP:7FF3  PC:0B36
0B3A  79        MOV A,C     (3)  BC:0E20  DE:0200  HL:0081  AF:0046  SP:7FF3  PC:0B3A
0B3B  07        RLC         (3)  BC:0E20  DE:0200  HL:0081  AF:2046  SP:7FF3  PC:0B3B
0B3C  4F        MOV C,A     (3)  BC:0E20  DE:0200  HL:0081  AF:4046  SP:7FF3  PC:0B3C
0B3D  FE 01     CPI 01      (3)  BC:0E40  DE:0200  HL:0081  AF:4046  SP:7FF3  PC:0B3D
0B3F  C2 34 0B  JNZ 0B34    (3)  BC:0E40  DE:0200  HL:0081  AF:4006  SP:7FF3  PC:0B3F
0B34  7B        MOV A,E     (3)  BC:0E40  DE:0200  HL:0081  AF:4006  SP:7FF3  PC:0B34
0B35  A1        ANA C       (3)  BC:0E40  DE:0200  HL:0081  AF:0006  SP:7FF3  PC:0B35
0B36  CA 3A 0B  JZ 0B3A     (3)  BC:0E40  DE:0200  HL:0081  AF:0046  SP:7FF3  PC:0B36
0B3A  79        MOV A,C     (3)  BC:0E40  DE:0200  HL:0081  AF:0046  SP:7FF3  PC:0B3A
0B3B  07        RLC         (3)  BC:0E40  DE:0200  HL:0081  AF:4046  SP:7FF3  PC:0B3B
0B3C  4F        MOV C,A     (3)  BC:0E40  DE:0200  HL:0081  AF:8046  SP:7FF3  PC:0B3C
0B3D  FE 01     CPI 01      (3)  BC:0E80  DE:0200  HL:0081  AF:8046  SP:7FF3  PC:0B3D
0B3F  C2 34 0B  JNZ 0B34    (3)  BC:0E80  DE:0200  HL:0081  AF:8002  SP:7FF3  PC:0B3F
0B34  7B        MOV A,E     (3)  BC:0E80  DE:0200  HL:0081  AF:8002  SP:7FF3  PC:0B34
0B35  A1        ANA C       (3)  BC:0E80  DE:0200  HL:0081  AF:0002  SP:7FF3  PC:0B35
0B36  CA 3A 0B  JZ 0B3A     (3)  BC:0E80  DE:0200  HL:0081  AF:0046  SP:7FF3  PC:0B36
0B3A  79        MOV A,C     (3)  BC:0E80  DE:0200  HL:0081  AF:0046  SP:7FF3  PC:0B3A
0B3B  07        RLC         (3)  BC:0E80  DE:0200  HL:0081  AF:8046  SP:7FF3  PC:0B3B
0B3C  4F        MOV C,A     (3)  BC:0E80  DE:0200  HL:0081  AF:0147  SP:7FF3  PC:0B3C
0B3D  FE 01     CPI 01      (3)  BC:0E01  DE:0200  HL:0081  AF:0147  SP:7FF3  PC:0B3D
0B3F  C2 34 0B  JNZ 0B34    (3)  BC:0E01  DE:0200  HL:0081  AF:0156  SP:7FF3  PC:0B3F
0B42  23        INX H       (3)  BC:0E01  DE:0200  HL:0081  AF:0156  SP:7FF3  PC:0B42
0B43  05        DCR B       (3)  BC:0E01  DE:0200  HL:0082  AF:0156  SP:7FF3  PC:0B43
0B44  C2 33 0B  JNZ 0B33    (3)  BC:0D01  DE:0200  HL:0082  AF:0112  SP:7FF3  PC:0B44
0B33  5E        MOV E,M     (3)  BC:0D01  DE:0200  HL:0082  AF:0112  SP:7FF3  PC:0B33
0B34  7B        MOV A,E     (3)  BC:0D01  DE:0200  HL:0082  AF:0112  SP:7FF3  PC:0B34
0B35  A1        ANA C       (3)  BC:0D01  DE:0200  HL:0082  AF:0012  SP:7FF3  PC:0B35
0B36  CA 3A 0B  JZ 0B3A     (3)  BC:0D01  DE:0200  HL:0082  AF:0046  SP:7FF3  PC:0B36
0B3A  79        MOV A,C     (3)  BC:0D01  DE:0200  HL:0082  AF:0046  SP:7FF3  PC:0B3A
0B3B  07        RLC         (3)  BC:0D01  DE:0200  HL:0082  AF:0146  SP:7FF3  PC:0B3B
0B3C  4F        MOV C,A     (3)  BC:0D01  DE:0200  HL:0082  AF:0246  SP:7FF3  PC:0B3C
0B3D  FE 01     CPI 01      (3)  BC:0D02  DE:0200  HL:0082  AF:0246  SP:7FF3  PC:0B3D
0B3F  C2 34 0B  JNZ 0B34    (3)  BC:0D02  DE:0200  HL:0082  AF:0212  SP:7FF3  PC:0B3F
0B34  7B        MOV A,E     (3)  BC:0D02  DE:0200  HL:0082  AF:0212  SP:7FF3  PC:0B34
0B35  A1        ANA C       (3)  BC:0D02  DE:0200  HL:0082  AF:0012  SP:7FF3  PC:0B35
0B36  CA 3A 0B  JZ 0B3A     (3)  BC:0D02  DE:0200  HL:0082  AF:0046  SP:7FF3  PC:0B36
0B3A  79        MOV A,C     (3)  BC:0D02  DE:0200  HL:0082  AF:0046  SP:7FF3  PC:0B3A
0B3B  07        RLC         (3)  BC:0D02  DE:0200  HL:0082  AF:0246  SP:7FF3  PC:0B3B
0B3C  4F        MOV C,A     (3)  BC:0D02  DE:0200  HL:0082  AF:0446  SP:7FF3  PC:0B3C
0B3D  FE 01     CPI 01      (3)  BC:0D04  DE:0200  HL:0082  AF:0446  SP:7FF3  PC:0B3D
0B3F  C2 34 0B  JNZ 0B34    (3)  BC:0D04  DE:0200  HL:0082  AF:0416  SP:7FF3  PC:0B3F
0B34  7B        MOV A,E     (3)  BC:0D04  DE:0200  HL:0082  AF:0416  SP:7FF3  PC:0B34
0B35  A1        ANA C       (3)  BC:0D04  DE:0200  HL:0082  AF:0016  SP:7FF3  PC:0B35
0B36  CA 3A 0B  JZ 0B3A     (3)  BC:0D04  DE:0200  HL:0082  AF:0046  SP:7FF3  PC:0B36
0B3A  79        MOV A,C     (3)  BC:0D04  DE:0200  HL:0082  AF:0046  SP:7FF3  PC:0B3A
0B3B  07        RLC         (3)  BC:0D04  DE:0200  HL:0082  AF:0446  SP:7FF3  PC:0B3B
0B3C  4F        MOV C,A     (3)  BC:0D04  DE:0200  HL:0082  AF:0846  SP:7FF3  PC:0B3C
0B3D  FE 01     CPI 01      (3)  BC:0D08  DE:0200  HL:0082  AF:0846  SP:7FF3  PC:0B3D
0B3F  C2 34 0B  JNZ 0B34    (3)  BC:0D08  DE:0200  HL:0082  AF:0812  SP:7FF3  PC:0B3F
0B34  7B        MOV A,E     (3)  BC:0D08  DE:0200  HL:0082  AF:0812  SP:7FF3  PC:0B34
0B35  A1        ANA C       (3)  BC:0D08  DE:0200  HL:0082  AF:0012  SP:7FF3  PC:0B35
0B36  CA 3A 0B  JZ 0B3A     (3)  BC:0D08  DE:0200  HL:0082  AF:0056  SP:7FF3  PC:0B36
0B3A  79        MOV A,C     (3)  BC:0D08  DE:0200  HL:0082  AF:0056  SP:7FF3  PC:0B3A
0B3B  07        RLC         (3)  BC:0D08  DE:0200  HL:0082  AF:0856  SP:7FF3  PC:0B3B
0B3C  4F        MOV C,A     (3)  BC:0D08  DE:0200  HL:0082  AF:1056  SP:7FF3  PC:0B3C
0B3D  FE 01     CPI 01      (3)  BC:0D10  DE:0200  HL:0082  AF:1056  SP:7FF3  PC:0B3D
0B3F  C2 34 0B  JNZ 0B34    (3)  BC:0D10  DE:0200  HL:0082  AF:1006  SP:7FF3  PC:0B3F
0B34  7B        MOV A,E     (3)  BC:0D10  DE:0200  HL:0082  AF:1006  SP:7FF3  PC:0B34
0B35  A1        ANA C       (3)  BC:0D10  DE:0200  HL:0082  AF:0006  SP:7FF3  PC:0B35
0B36  CA 3A 0B  JZ 0B3A     (3)  BC:0D10  DE:0200  HL:0082  AF:0046  SP:7FF3  PC:0B36
0B3A  79        MOV A,C     (3)  BC:0D10  DE:0200  HL:0082  AF:0046  SP:7FF3  PC:0B3A
0B3B  07        RLC         (3)  BC:0D10  DE:0200  HL:0082  AF:1046  SP:7FF3  PC:0B3B
0B3C  4F        MOV C,A     (3)  BC:0D10  DE:0200  HL:0082  AF:2046  SP:7FF3  PC:0B3C
0B3D  FE 01     CPI 01      (3)  BC:0D20  DE:0200  HL:0082  AF:2046  SP:7FF3  PC:0B3D
0B3F  C2 34 0B  JNZ 0B34    (3)  BC:0D20  DE:0200  HL:0082  AF:2002  SP:7FF3  PC:0B3F
0B34  7B        MOV A,E     (3)  BC:0D20  DE:0200  HL:0082  AF:2002  SP:7FF3  PC:0B34
0B35  A1        ANA C       (3)  BC:0D20  DE:0200  HL:0082  AF:0002  SP:7FF3  PC:0B35
0B36  CA 3A 0B  JZ 0B3A     (3)  BC:0D20  DE:0200  HL:0082  AF:0046  SP:7FF3  PC:0B36
0B3A  79        MOV A,C     (3)  BC:0D20  DE:0200  HL:0082  AF:0046  SP:7FF3  PC:0B3A
0B3B  07        RLC         (3)  BC:0D20  DE:0200  HL:0082  AF:2046  SP:7FF3  PC:0B3B
0B3C  4F        MOV C,A     (3)  BC:0D20  DE:0200  HL:0082  AF:4046  SP:7FF3  PC:0B3C
0B3D  FE 01     CPI 01      (3)  BC:0D40  DE:0200  HL:0082  AF:4046  SP:7FF3  PC:0B3D
0B3F  C2 34 0B  JNZ 0B34    (3)  BC:0D40  DE:0200  HL:0082  AF:4006  SP:7FF3  PC:0B3F
0B34  7B        MOV A,E     (3)  BC:0D40  DE:0200  HL:0082  AF:4006  SP:7FF3  PC:0B34
0B35  A1        ANA C       (3)  BC:0D40  DE:0200  HL:0082  AF:0006  SP:7FF3  PC:0B35
0B36  CA 3A 0B  JZ 0B3A     (3)  BC:0D40  DE:0200  HL:0082  AF:0046  SP:7FF3  PC:0B36
0B3A  79        MOV A,C     (3)  BC:0D40  DE:0200  HL:0082  AF:0046  SP:7FF3  PC:0B3A
0B3B  07        RLC         (3)  BC:0D40  DE:0200  HL:0082  AF:4046  SP:7FF3  PC:0B3B
0B3C  4F        MOV C,A     (3)  BC:0D40  DE:0200  HL:0082  AF:8046  SP:7FF3  PC:0B3C
0B3D  FE 01     CPI 01      (3)  BC:0D80  DE:0200  HL:0082  AF:8046  SP:7FF3  PC:0B3D
0B3F  C2 34 0B  JNZ 0B34    (3)  BC:0D80  DE:0200  HL:0082  AF:8002  SP:7FF3  PC:0B3F
0B34  7B        MOV A,E     (3)  BC:0D80  DE:0200  HL:0082  AF:8002  SP:7FF3  PC:0B34
0B35  A1        ANA C       (3)  BC:0D80  DE:0200  HL:0082  AF:0002  SP:7FF3  PC:0B35
0B36  CA 3A 0B  JZ 0B3A     (3)  BC:0D80  DE:0200  HL:0082  AF:0046  SP:7FF3  PC:0B36
0B3A  79        MOV A,C     (3)  BC:0D80  DE:0200  HL:0082  AF:0046  SP:7FF3  PC:0B3A
0B3B  07        RLC         (3)  BC:0D80  DE:0200  HL:0082  AF:8046  SP:7FF3  PC:0B3B
0B3C  4F        MOV C,A     (3)  BC:0D80  DE:0200  HL:0082  AF:0147  SP:7FF3  PC:0B3C
0B3D  FE 01     CPI 01      (3)  BC:0D01  DE:0200  HL:0082  AF:0147  SP:7FF3  PC:0B3D
0B3F  C2 34 0B  JNZ 0B34    (3)  BC:0D01  DE:0200  HL:0082  AF:0156  SP:7FF3  PC:0B3F
0B42  23        INX H       (3)  BC:0D01  DE:0200  HL:0082  AF:0156  SP:7FF3  PC:0B42
0B43  05        DCR B       (3)  BC:0D01  DE:0200  HL:0083  AF:0156  SP:7FF3  PC:0B43
0B44  C2 33 0B  JNZ 0B33    (3)  BC:0C01  DE:0200  HL:0083  AF:0116  SP:7FF3  PC:0B44
0B33  5E        MOV E,M     (3)  BC:0C01  DE:0200  HL:0083  AF:0116  SP:7FF3  PC:0B33
0B34  7B        MOV A,E     (3)  BC:0C01  DE:0200  HL:0083  AF:0116  SP:7FF3  PC:0B34
0B35  A1        ANA C       (3)  BC:0C01  DE:0200  HL:0083  AF:0016  SP:7FF3  PC:0B35
0B36  CA 3A 0B  JZ 0B3A     (3)  BC:0C01  DE:0200  HL:0083  AF:0046  SP:7FF3  PC:0B36
0B3A  79        MOV A,C     (3)  BC:0C01  DE:0200  HL:0083  AF:0046  SP:7FF3  PC:0B3A
0B3B  07        RLC         (3)  BC:0C01  DE:0200  HL:0083  AF:0146  SP:7FF3  PC:0B3B
0B3C  4F        MOV C,A     (3)  BC:0C01  DE:0200  HL:0083  AF:0246  SP:7FF3  PC:0B3C
0B3D  FE 01     CPI 01      (3)  BC:0C02  DE:0200  HL:0083  AF:0246  SP:7FF3  PC:0B3D
0B3F  C2 34 0B  JNZ 0B34    (3)  BC:0C02  DE:0200  HL:0083  AF:0212  SP:7FF3  PC:0B3F
0B34  7B        MOV A,E     (3)  BC:0C02  DE:0200  HL:0083  AF:0212  SP:7FF3  PC:0B34
0B35  A1        ANA C       (3)  BC:0C02  DE:0200  HL:0083  AF:0012  SP:7FF3  PC:0B35
0B36  CA 3A 0B  JZ 0B3A     (3)  BC:0C02  DE:0200  HL:0083  AF:0046  SP:7FF3  PC:0B36
0B3A  79        MOV A,C     (3)  BC:0C02  DE:0200  HL:0083  AF:0046  SP:7FF3  PC:0B3A
0B3B  07        RLC         (3)  BC:0C02  DE:0200  HL:0083  AF:0246  SP:7FF3  PC:0B3B
0B3C  4F        MOV C,A     (3)  BC:0C02  DE:0200  HL:0083  AF:0446  SP:7FF3  PC:0B3C
0B3D  FE 01     CPI 01      (3)  BC:0C04  DE:0200  HL:0083  AF:0446  SP:7FF3  PC:0B3D
0B3F  C2 34 0B  JNZ 0B34    (3)  BC:0C04  DE:0200  HL:0083  AF:0416  SP:7FF3  PC:0B3F
0B34  7B        MOV A,E     (3)  BC:0C04  DE:0200  HL:0083  AF:0416  SP:7FF3  PC:0B34
0B35  A1        ANA C       (3)  BC:0C04  DE:0200  HL:0083  AF:0016  SP:7FF3  PC:0B35
0B36  CA 3A 0B  JZ 0B3A     (3)  BC:0C04  DE:0200  HL:0083  AF:0046  SP:7FF3  PC:0B36
0B3A  79        MOV A,C     (3)  BC:0C04  DE:0200  HL:0083  AF:0046  SP:7FF3  PC:0B3A
0B3B  07        RLC         (3)  BC:0C04  DE:0200  HL:0083  AF:0446  SP:7FF3  PC:0B3B
0B3C  4F        MOV C,A     (3)  BC:0C04  DE:0200  HL:0083  AF:0846  SP:7FF3  PC:0B3C
0B3D  FE 01     CPI 01      (3)  BC:0C08  DE:0200  HL:0083  AF:0846  SP:7FF3  PC:0B3D
0B3F  C2 34 0B  JNZ 0B34    (3)  BC:0C08  DE:0200  HL:0083  AF:0812  SP:7FF3  PC:0B3F
0B34  7B        MOV A,E     (3)  BC:0C08  DE:0200  HL:0083  AF:0812  SP:7FF3  PC:0B34
0B35  A1        ANA C       (3)  BC:0C08  DE:0200  HL:0083  AF:0012  SP:7FF3  PC:0B35
0B36  CA 3A 0B  JZ 0B3A     (3)  BC:0C08  DE:0200  HL:0083  AF:0056  SP:7FF3  PC:0B36
0B3A  79        MOV A,C     (3)  BC:0C08  DE:0200  HL:0083  AF:0056  SP:7FF3  PC:0B3A
0B3B  07        RLC         (3)  BC:0C08  DE:0200  HL:0083  AF:0856  SP:7FF3  PC:0B3B
0B3C  4F        MOV C,A     (3)  BC:0C08  DE:0200  HL:0083  AF:1056  SP:7FF3  PC:0B3C
0B3D  FE 01     CPI 01      (3)  BC:0C10  DE:0200  HL:0083  AF:1056  SP:7FF3  PC:0B3D
0B3F  C2 34 0B  JNZ 0B34    (3)  BC:0C10  DE:0200  HL:0083  AF:1006  SP:7FF3  PC:0B3F
0B34  7B        MOV A,E     (3)  BC:0C10  DE:0200  HL:0083  AF:1006  SP:7FF3  PC:0B34
0B35  A1        ANA C       (3)  BC:0C10  DE:0200  HL:0083  AF:0006  SP:7FF3  PC:0B35
0B36  CA 3A 0B  JZ 0B3A     (3)  BC:0C10  DE:0200  HL:0083  AF:0046  SP:7FF3  PC:0B36
0B3A  79        MOV A,C     (3)  BC:0C10  DE:0200  HL:0083  AF:0046  SP:7FF3  PC:0B3A
0B3B  07        RLC         (3)  BC:0C10  DE:0200  HL:0083  AF:1046  SP:7FF3  PC:0B3B
0B3C  4F        MOV C,A     (3)  BC:0C10  DE:0200  HL:0083  AF:2046  SP:7FF3  PC:0B3C
0B3D  FE 01     CPI 01      (3)  BC:0C20  DE:0200  HL:0083  AF:2046  SP:7FF3  PC:0B3D
0B3F  C2 34 0B  JNZ 0B34    (3)  BC:0C20  DE:0200  HL:0083  AF:2002  SP:7FF3  PC:0B3F
0B34  7B        MOV A,E     (3)  BC:0C20  DE:0200  HL:0083  AF:2002  SP:7FF3  PC:0B34
0B35  A1        ANA C       (3)  BC:0C20  DE:0200  HL:0083  AF:0002  SP:7FF3  PC:0B35
0B36  CA 3A 0B  JZ 0B3A     (3)  BC:0C20  DE:0200  HL:0083  AF:0046  SP:7FF3  PC:0B36
0B3A  79        MOV A,C     (3)  BC:0C20  DE:0200  HL:0083  AF:0046  SP:7FF3  PC:0B3A
0B3B  07        RLC         (3)  BC:0C20  DE:0200  HL:0083  AF:2046  SP:7FF3  PC:0B3B
0B3C  4F        MOV C,A     (3)  BC:0C20  DE:0200  HL:0083  AF:4046  SP:7FF3  PC:0B3C
0B3D  FE 01     CPI 01      (3)  BC:0C40  DE:0200  HL:0083  AF:4046  SP:7FF3  PC:0B3D
0B3F  C2 34 0B  JNZ 0B34    (3)  BC:0C40  DE:0200  HL:0083  AF:4006  SP:7FF3  PC:0B3F
0B34  7B        MOV A,E     (3)  BC:0C40  DE:0200  HL:0083  AF:4006  SP:7FF3  PC:0B34
0B35  A1        ANA C       (3)  BC:0C40  DE:0200  HL:0083  AF:0006  SP:7FF3  PC:0B35
0B36  CA 3A 0B  JZ 0B3A     (3)  BC:0C40  DE:0200  HL:0083  AF:0046  SP:7FF3  PC:0B36
0B3A  79        MOV A,C     (3)  BC:0C40  DE:0200  HL:0083  AF:0046  SP:7FF3  PC:0B3A
0B3B  07        RLC         (3)  BC:0C40  DE:0200  HL:0083  AF:4046  SP:7FF3  PC:0B3B
0B3C  4F        MOV C,A     (3)  BC:0C40  DE:0200  HL:0083  AF:8046  SP:7FF3  PC:0B3C
0B3D  FE 01     CPI 01      (3)  BC:0C80  DE:0200  HL:0083  AF:8046  SP:7FF3  PC:0B3D
0B3F  C2 34 0B  JNZ 0B34    (3)  BC:0C80  DE:0200  HL:0083  AF:8002  SP:7FF3  PC:0B3F
0B34  7B        MOV A,E     (3)  BC:0C80  DE:0200  HL:0083  AF:8002  SP:7FF3  PC:0B34
0B35  A1        ANA C       (3)  BC:0C80  DE:0200  HL:0083  AF:0002  SP:7FF3  PC:0B35
0B36  CA 3A 0B  JZ 0B3A     (3)  BC:0C80  DE:0200  HL:0083  AF:0046  SP:7FF3  PC:0B36
0B3A  79        MOV A,C     (3)  BC:0C80  DE:0200  HL:0083  AF:0046  SP:7FF3  PC:0B3A
0B3B  07        RLC         (3)  BC:0C80  DE:0200  HL:0083  AF:8046  SP:7FF3  PC:0B3B
0B3C  4F        MOV C,A     (3)  BC:0C80  DE:0200  HL:0083  AF:0147  SP:7FF3  PC:0B3C
0B3D  FE 01     CPI 01      (3)  BC:0C01  DE:0200  HL:0083  AF:0147  SP:7FF3  PC:0B3D
0B3F  C2 34 0B  JNZ 0B34    (3)  BC:0C01  DE:0200  HL:0083  AF:0156  SP:7FF3  PC:0B3F
0B42  23        INX H       (3)  BC:0C01  DE:0200  HL:0083  AF:0156  SP:7FF3  PC:0B42
0B43  05        DCR B       (3)  BC:0C01  DE:0200  HL:0084  AF:0156  SP:7FF3  PC:0B43
0B44  C2 33 0B  JNZ 0B33    (3)  BC:0B01  DE:0200  HL:0084  AF:0112  SP:7FF3  PC:0B44
0B33  5E        MOV E,M     (3)  BC:0B01  DE:0200  HL:0084  AF:0112  SP:7FF3  PC:0B33
0B34  7B        MOV A,E     (3)  BC:0B01  DE:0200  HL:0084  AF:0112  SP:7FF3  PC:0B34
0B35  A1        ANA C       (3)  BC:0B01  DE:0200  HL:0084  AF:0012  SP:7FF3  PC:0B35
0B36  CA 3A 0B  JZ 0B3A     (3)  BC:0B01  DE:0200  HL:0084  AF:0046  SP:7FF3  PC:0B36
0B3A  79        MOV A,C     (3)  BC:0B01  DE:0200  HL:0084  AF:0046  SP:7FF3  PC:0B3A
0B3B  07        RLC         (3)  BC:0B01  DE:0200  HL:0084  AF:0146  SP:7FF3  PC:0B3B
0B3C  4F        MOV C,A     (3)  BC:0B01  DE:0200  HL:0084  AF:0246  SP:7FF3  PC:0B3C
0B3D  FE 01     CPI 01      (3)  BC:0B02  DE:0200  HL:0084  AF:0246  SP:7FF3  PC:0B3D
0B3F  C2 34 0B  JNZ 0B34    (3)  BC:0B02  DE:0200  HL:0084  AF:0212  SP:7FF3  PC:0B3F
0B34  7B        MOV A,E     (3)  BC:0B02  DE:0200  HL:0084  AF:0212  SP:7FF3  PC:0B34
0B35  A1        ANA C       (3)  BC:0B02  DE:0200  HL:0084  AF:0012  SP:7FF3  PC:0B35
0B36  CA 3A 0B  JZ 0B3A     (3)  BC:0B02  DE:0200  HL:0084  AF:0046  SP:7FF3  PC:0B36
0B3A  79        MOV A,C     (3)  BC:0B02  DE:0200  HL:0084  AF:0046  SP:7FF3  PC:0B3A
0B3B  07        RLC         (3)  BC:0B02  DE:0200  HL:0084  AF:0246  SP:7FF3  PC:0B3B
0B3C  4F        MOV C,A     (3)  BC:0B02  DE:0200  HL:0084  AF:0446  SP:7FF3  PC:0B3C
0B3D  FE 01     CPI 01      (3)  BC:0B04  DE:0200  HL:0084  AF:0446  SP:7FF3  PC:0B3D
0B3F  C2 34 0B  JNZ 0B34    (3)  BC:0B04  DE:0200  HL:0084  AF:0416  SP:7FF3  PC:0B3F
0B34  7B        MOV A,E     (3)  BC:0B04  DE:0200  HL:0084  AF:0416  SP:7FF3  PC:0B34
0B35  A1        ANA C       (3)  BC:0B04  DE:0200  HL:0084  AF:0016  SP:7FF3  PC:0B35
0B36  CA 3A 0B  JZ 0B3A     (3)  BC:0B04  DE:0200  HL:0084  AF:0046  SP:7FF3  PC:0B36
0B3A  79        MOV A,C     (3)  BC:0B04  DE:0200  HL:0084  AF:0046  SP:7FF3  PC:0B3A
0B3B  07        RLC         (3)  BC:0B04  DE:0200  HL:0084  AF:0446  SP:7FF3  PC:0B3B
0B3C  4F        MOV C,A     (3)  BC:0B04  DE:0200  HL:0084  AF:0846  SP:7FF3  PC:0B3C
0B3D  FE 01     CPI 01      (3)  BC:0B08  DE:0200  HL:0084  AF:0846  SP:7FF3  PC:0B3D
0B3F  C2 34 0B  JNZ 0B34    (3)  BC:0B08  DE:0200  HL:0084  AF:0812  SP:7FF3  PC:0B3F
0B34  7B        MOV A,E     (3)  BC:0B08  DE:0200  HL:0084  AF:0812  SP:7FF3  PC:0B34
0B35  A1        ANA C       (3)  BC:0B08  DE:0200  HL:0084  AF:0012  SP:7FF3  PC:0B35
0B36  CA 3A 0B  JZ 0B3A     (3)  BC:0B08  DE:0200  HL:0084  AF:0056  SP:7FF3  PC:0B36
0B3A  79        MOV A,C     (3)  BC:0B08  DE:0200  HL:0084  AF:0056  SP:7FF3  PC:0B3A
0B3B  07        RLC         (3)  BC:0B08  DE:0200  HL:0084  AF:0856  SP:7FF3  PC:0B3B
0B3C  4F        MOV C,A     (3)  BC:0B08  DE:0200  HL:0084  AF:1056  SP:7FF3  PC:0B3C
0B3D  FE 01     CPI 01      (3)  BC:0B10  DE:0200  HL:0084  AF:1056  SP:7FF3  PC:0B3D
0B3F  C2 34 0B  JNZ 0B34    (3)  BC:0B10  DE:0200  HL:0084  AF:1006  SP:7FF3  PC:0B3F
0B34  7B        MOV A,E     (3)  BC:0B10  DE:0200  HL:0084  AF:1006  SP:7FF3  PC:0B34
0B35  A1        ANA C       (3)  BC:0B10  DE:0200  HL:0084  AF:0006  SP:7FF3  PC:0B35
0B36  CA 3A 0B  JZ 0B3A     (3)  BC:0B10  DE:0200  HL:0084  AF:0046  SP:7FF3  PC:0B36
0B3A  79        MOV A,C     (3)  BC:0B10  DE:0200  HL:0084  AF:0046  SP:7FF3  PC:0B3A
0B3B  07        RLC         (3)  BC:0B10  DE:0200  HL:0084  AF:1046  SP:7FF3  PC:0B3B
0B3C  4F        MOV C,A     (3)  BC:0B10  DE:0200  HL:0084  AF:2046  SP:7FF3  PC:0B3C
0B3D  FE 01     CPI 01      (3)  BC:0B20  DE:0200  HL:0084  AF:2046  SP:7FF3  PC:0B3D
0B3F  C2 34 0B  JNZ 0B34    (3)  BC:0B20  DE:0200  HL:0084  AF:2002  SP:7FF3  PC:0B3F
0B34  7B        MOV A,E     (3)  BC:0B20  DE:0200  HL:0084  AF:2002  SP:7FF3  PC:0B34
0B35  A1        ANA C       (3)  BC:0B20  DE:0200  HL:0084  AF:0002  SP:7FF3  PC:0B35
0B36  CA 3A 0B  JZ 0B3A     (3)  BC:0B20  DE:0200  HL:0084  AF:0046  SP:7FF3  PC:0B36
0B3A  79        MOV A,C     (3)  BC:0B20  DE:0200  HL:0084  AF:0046  SP:7FF3  PC:0B3A
0B3B  07        RLC         (3)  BC:0B20  DE:0200  HL:0084  AF:2046  SP:7FF3  PC:0B3B
0B3C  4F        MOV C,A     (3)  BC:0B20  DE:0200  HL:0084  AF:4046  SP:7FF3  PC:0B3C
0B3D  FE 01     CPI 01      (3)  BC:0B40  DE:0200  HL:0084  AF:4046  SP:7FF3  PC:0B3D
0B3F  C2 34 0B  JNZ 0B34    (3)  BC:0B40  DE:0200  HL:0084  AF:4006  SP:7FF3  PC:0B3F
0B34  7B        MOV A,E     (3)  BC:0B40  DE:0200  HL:0084  AF:4006  SP:7FF3  PC:0B34
0B35  A1        ANA C       (3)  BC:0B40  DE:0200  HL:0084  AF:0006  SP:7FF3  PC:0B35
0B36  CA 3A 0B  JZ 0B3A     (3)  BC:0B40  DE:0200  HL:0084  AF:0046  SP:7FF3  PC:0B36
0B3A  79        MOV A,C     (3)  BC:0B40  DE:0200  HL:0084  AF:0046  SP:7FF3  PC:0B3A
0B3B  07        RLC         (3)  BC:0B40  DE:0200  HL:0084  AF:4046  SP:7FF3  PC:0B3B
0B3C  4F        MOV C,A     (3)  BC:0B40  DE:0200  HL:0084  AF:8046  SP:7FF3  PC:0B3C
0B3D  FE 01     CPI 01      (3)  BC:0B80  DE:0200  HL:0084  AF:8046  SP:7FF3  PC:0B3D
0B3F  C2 34 0B  JNZ 0B34    (3)  BC:0B80  DE:0200  HL:0084  AF:8002  SP:7FF3  PC:0B3F
0B34  7B        MOV A,E     (3)  BC:0B80  DE:0200  HL:0084  AF:8002  SP:7FF3  PC:0B34
0B35  A1        ANA C       (3)  BC:0B80  DE:0200  HL:0084  AF:0002  SP:7FF3  PC:0B35
0B36  CA 3A 0B  JZ 0B3A     (3)  BC:0B80  DE:0200  HL:0084  AF:0046  SP:7FF3  PC:0B36
0B3A  79        MOV A,C     (3)  BC:0B80  DE:0200  HL:0084  AF:0046  SP:7FF3  PC:0B3A
0B3B  07        RLC         (3)  BC:0B80  DE:0200  HL:0084  AF:8046  SP:7FF3  PC:0B3B
0B3C  4F        MOV C,A     (3)  BC:0B80  DE:0200  HL:0084  AF:0147  SP:7FF3  PC:0B3C
0B3D  FE 01     CPI 01      (3)  BC:0B01  DE:0200  HL:0084  AF:0147  SP:7FF3  PC:0B3D
0B3F  C2 34 0B  JNZ 0B34    (3)  BC:0B01  DE:0200  HL:0084  AF:0156  SP:7FF3  PC:0B3F
0B42  23        INX H       (3)  BC:0B01  DE:0200  HL:0084  AF:0156  SP:7FF3  PC:0B42
0B43  05        DCR B       (3)  BC:0B01  DE:0200  HL:0085  AF:0156  SP:7FF3  PC:0B43
0B44  C2 33 0B  JNZ 0B33    (3)  BC:0A01  DE:0200  HL:0085  AF:0116  SP:7FF3  PC:0B44
0B33  5E        MOV E,M     (3)  BC:0A01  DE:0200  HL:0085  AF:0116  SP:7FF3  PC:0B33
0B34  7B        MOV A,E     (3)  BC:0A01  DE:0200  HL:0085  AF:0116  SP:7FF3  PC:0B34
0B35  A1        ANA C       (3)  BC:0A01  DE:0200  HL:0085  AF:0016  SP:7FF3  PC:0B35
0B36  CA 3A 0B  JZ 0B3A     (3)  BC:0A01  DE:0200  HL:0085  AF:0046  SP:7FF3  PC:0B36
0B3A  79        MOV A,C     (3)  BC:0A01  DE:0200  HL:0085  AF:0046  SP:7FF3  PC:0B3A
0B3B  07        RLC         (3)  BC:0A01  DE:0200  HL:0085  AF:0146  SP:7FF3  PC:0B3B
0B3C  4F        MOV C,A     (3)  BC:0A01  DE:0200  HL:0085  AF:0246  SP:7FF3  PC:0B3C
0B3D  FE 01     CPI 01      (3)  BC:0A02  DE:0200  HL:0085  AF:0246  SP:7FF3  PC:0B3D
0B3F  C2 34 0B  JNZ 0B34    (3)  BC:0A02  DE:0200  HL:0085  AF:0212  SP:7FF3  PC:0B3F
0B34  7B        MOV A,E     (3)  BC:0A02  DE:0200  HL:0085  AF:0212  SP:7FF3  PC:0B34
0B35  A1        ANA C       (3)  BC:0A02  DE:0200  HL:0085  AF:0012  SP:7FF3  PC:0B35
0B36  CA 3A 0B  JZ 0B3A     (3)  BC:0A02  DE:0200  HL:0085  AF:0046  SP:7FF3  PC:0B36
0B3A  79        MOV A,C     (3)  BC:0A02  DE:0200  HL:0085  AF:0046  SP:7FF3  PC:0B3A
0B3B  07        RLC         (3)  BC:0A02  DE:0200  HL:0085  AF:0246  SP:7FF3  PC:0B3B
0B3C  4F        MOV C,A     (3)  BC:0A02  DE:0200  HL:0085  AF:0446  SP:7FF3  PC:0B3C
0B3D  FE 01     CPI 01      (3)  BC:0A04  DE:0200  HL:0085  AF:0446  SP:7FF3  PC:0B3D
0B3F  C2 34 0B  JNZ 0B34    (3)  BC:0A04  DE:0200  HL:0085  AF:0416  SP:7FF3  PC:0B3F
0B34  7B        MOV A,E     (3)  BC:0A04  DE:0200  HL:0085  AF:0416  SP:7FF3  PC:0B34
0B35  A1        ANA C       (3)  BC:0A04  DE:0200  HL:0085  AF:0016  SP:7FF3  PC:0B35
0B36  CA 3A 0B  JZ 0B3A     (3)  BC:0A04  DE:0200  HL:0085  AF:0046  SP:7FF3  PC:0B36
0B3A  79        MOV A,C     (3)  BC:0A04  DE:0200  HL:0085  AF:0046  SP:7FF3  PC:0B3A
0B3B  07        RLC         (3)  BC:0A04  DE:0200  HL:0085  AF:0446  SP:7FF3  PC:0B3B
0B3C  4F        MOV C,A     (3)  BC:0A04  DE:0200  HL:0085  AF:0846  SP:7FF3  PC:0B3C
0B3D  FE 01     CPI 01      (3)  BC:0A08  DE:0200  HL:0085  AF:0846  SP:7FF3  PC:0B3D
0B3F  C2 34 0B  JNZ 0B34    (3)  BC:0A08  DE:0200  HL:0085  AF:0812  SP:7FF3  PC:0B3F
0B34  7B        MOV A,E     (3)  BC:0A08  DE:0200  HL:0085  AF:0812  SP:7FF3  PC:0B34
0B35  A1        ANA C       (3)  BC:0A08  DE:0200  HL:0085  AF:0012  SP:7FF3  PC:0B35
0B36  CA 3A 0B  JZ 0B3A     (3)  BC:0A08  DE:0200  HL:0085  AF:0056  SP:7FF3  PC:0B36
0B3A  79        MOV A,C     (3)  BC:0A08  DE:0200  HL:0085  AF:0056  SP:7FF3  PC:0B3A
0B3B  07        RLC         (3)  BC:0A08  DE:0200  HL:0085  AF:0856  SP:7FF3  PC:0B3B
0B3C  4F        MOV C,A     (3)  BC:0A08  DE:0200  HL:0085  AF:1056  SP:7FF3  PC:0B3C
0B3D  FE 01     CPI 01      (3)  BC:0A10  DE:0200  HL:0085  AF:1056  SP:7FF3  PC:0B3D
0B3F  C2 34 0B  JNZ 0B34    (3)  BC:0A10  DE:0200  HL:0085  AF:1006  SP:7FF3  PC:0B3F
0B34  7B        MOV A,E     (3)  BC:0A10  DE:0200  HL:0085  AF:1006  SP:7FF3  PC:0B34
0B35  A1        ANA C       (3)  BC:0A10  DE:0200  HL:0085  AF:0006  SP:7FF3  PC:0B35
0B36  CA 3A 0B  JZ 0B3A     (3)  BC:0A10  DE:0200  HL:0085  AF:0046  SP:7FF3  PC:0B36
0B3A  79        MOV A,C     (3)  BC:0A10  DE:0200  HL:0085  AF:0046  SP:7FF3  PC:0B3A
0B3B  07        RLC         (3)  BC:0A10  DE:0200  HL:0085  AF:1046  SP:7FF3  PC:0B3B
0B3C  4F        MOV C,A     (3)  BC:0A10  DE:0200  HL:0085  AF:2046  SP:7FF3  PC:0B3C
0B3D  FE 01     CPI 01      (3)  BC:0A20  DE:0200  HL:0085  AF:2046  SP:7FF3  PC:0B3D
0B3F  C2 34 0B  JNZ 0B34    (3)  BC:0A20  DE:0200  HL:0085  AF:2002  SP:7FF3  PC:0B3F
0B34  7B        MOV A,E     (3)  BC:0A20  DE:0200  HL:0085  AF:2002  SP:7FF3  PC:0B34
0B35  A1        ANA C       (3)  BC:0A20  DE:0200  HL:0085  AF:0002  SP:7FF3  PC:0B35
0B36  CA 3A 0B  JZ 0B3A     (3)  BC:0A20  DE:0200  HL:0085  AF:0046  SP:7FF3  PC:0B36
0B3A  79        MOV A,C     (3)  BC:0A20  DE:0200  HL:0085  AF:0046  SP:7FF3  PC:0B3A
0B3B  07        RLC         (3)  BC:0A20  DE:0200  HL:0085  AF:2046  SP:7FF3  PC:0B3B
0B3C  4F        MOV C,A     (3)  BC:0A20  DE:0200  HL:0085  AF:4046  SP:7FF3  PC:0B3C
0B3D  FE 01     CPI 01      (3)  BC:0A40  DE:0200  HL:0085  AF:4046  SP:7FF3  PC:0B3D
0B3F  C2 34 0B  JNZ 0B34    (3)  BC:0A40  DE:0200  HL:0085  AF:4006  SP:7FF3  PC:0B3F
0B34  7B        MOV A,E     (3)  BC:0A40  DE:0200  HL:0085  AF:4006  SP:7FF3  PC:0B34
0B35  A1        ANA C       (3)  BC:0A40  DE:0200  HL:0085  AF:0006  SP:7FF3  PC:0B35
0B36  CA 3A 0B  JZ 0B3A     (3)  BC:0A40  DE:0200  HL:0085  AF:0046  SP:7FF3  PC:0B36
0B3A  79        MOV A,C     (3)  BC:0A40  DE:0200  HL:0085  AF:0046  SP:7FF3  PC:0B3A
0B3B  07        RLC         (3)  BC:0A40  DE:0200  HL:0085  AF:4046  SP:7FF3  PC:0B3B
0B3C  4F        MOV C,A     (3)  BC:0A40  DE:0200  HL:0085  AF:8046  SP:7FF3  PC:0B3C
0B3D  FE 01     CPI 01      (3)  BC:0A80  DE:0200  HL:0085  AF:8046  SP:7FF3  PC:0B3D
0B3F  C2 34 0B  JNZ 0B34    (3)  BC:0A80  DE:0200  HL:0085  AF:8002  SP:7FF3  PC:0B3F
0B34  7B        MOV A,E     (3)  BC:0A80  DE:0200  HL:0085  AF:8002  SP:7FF3  PC:0B34
0B35  A1        ANA C       (3)  BC:0A80  DE:0200  HL:0085  AF:0002  SP:7FF3  PC:0B35
0B36  CA 3A 0B  JZ 0B3A     (3)  BC:0A80  DE:0200  HL:0085  AF:0046  SP:7FF3  PC:0B36
0B3A  79        MOV A,C     (3)  BC:0A80  DE:0200  HL:0085  AF:0046  SP:7FF3  PC:0B3A
0B3B  07        RLC         (3)  BC:0A80  DE:0200  HL:0085  AF:8046  SP:7FF3  PC:0B3B
0B3C  4F        MOV C,A     (3)  BC:0A80  DE:0200  HL:0085  AF:0147  SP:7FF3  PC:0B3C
0B3D  FE 01     CPI 01      (3)  BC:0A01  DE:0200  HL:0085  AF:0147  SP:7FF3  PC:0B3D
0B3F  C2 34 0B  JNZ 0B34    (3)  BC:0A01  DE:0200  HL:0085  AF:0156  SP:7FF3  PC:0B3F
0B42  23        INX H       (3)  BC:0A01  DE:0200  HL:0085  AF:0156  SP:7FF3  PC:0B42
0B43  05        DCR B       (3)  BC:0A01  DE:0200  HL:0086  AF:0156  SP:7FF3  PC:0B43
0B44  C2 33 0B  JNZ 0B33    (3)  BC:0901  DE:0200  HL:0086  AF:0116  SP:7FF3  PC:0B44
0B33  5E        MOV E,M     (3)  BC:0901  DE:0200  HL:0086  AF:0116  SP:7FF3  PC:0B33
0B34  7B        MOV A,E     (3)  BC:0901  DE:0200  HL:0086  AF:0116  SP:7FF3  PC:0B34
0B35  A1        ANA C       (3)  BC:0901  DE:0200  HL:0086  AF:0016  SP:7FF3  PC:0B35
0B36  CA 3A 0B  JZ 0B3A     (3)  BC:0901  DE:0200  HL:0086  AF:0046  SP:7FF3  PC:0B36
0B3A  79        MOV A,C     (3)  BC:0901  DE:0200  HL:0086  AF:0046  SP:7FF3  PC:0B3A
0B3B  07        RLC         (3)  BC:0901  DE:0200  HL:0086  AF:0146  SP:7FF3  PC:0B3B
0B3C  4F        MOV C,A     (3)  BC:0901  DE:0200  HL:0086  AF:0246  SP:7FF3  PC:0B3C
0B3D  FE 01     CPI 01      (3)  BC:0902  DE:0200  HL:0086  AF:0246  SP:7FF3  PC:0B3D
0B3F  C2 34 0B  JNZ 0B34    (3)  BC:0902  DE:0200  HL:0086  AF:0212  SP:7FF3  PC:0B3F
0B34  7B        MOV A,E     (3)  BC:0902  DE:0200  HL:0086  AF:0212  SP:7FF3  PC:0B34
0B35  A1        ANA C       (3)  BC:0902  DE:0200  HL:0086  AF:0012  SP:7FF3  PC:0B35
0B36  CA 3A 0B  JZ 0B3A     (3)  BC:0902  DE:0200  HL:0086  AF:0046  SP:7FF3  PC:0B36
0B3A  79        MOV A,C     (3)  BC:0902  DE:0200  HL:0086  AF:0046  SP:7FF3  PC:0B3A
0B3B  07        RLC         (3)  BC:0902  DE:0200  HL:0086  AF:0246  SP:7FF3  PC:0B3B
0B3C  4F        MOV C,A     (3)  BC:0902  DE:0200  HL:0086  AF:0446  SP:7FF3  PC:0B3C
0B3D  FE 01     CPI 01      (3)  BC:0904  DE:0200  HL:0086  AF:0446  SP:7FF3  PC:0B3D
0B3F  C2 34 0B  JNZ 0B34    (3)  BC:0904  DE:0200  HL:0086  AF:0416  SP:7FF3  PC:0B3F
0B34  7B        MOV A,E     (3)  BC:0904  DE:0200  HL:0086  AF:0416  SP:7FF3  PC:0B34
0B35  A1        ANA C       (3)  BC:0904  DE:0200  HL:0086  AF:0016  SP:7FF3  PC:0B35
0B36  CA 3A 0B  JZ 0B3A     (3)  BC:0904  DE:0200  HL:0086  AF:0046  SP:7FF3  PC:0B36
0B3A  79        MOV A,C     (3)  BC:0904  DE:0200  HL:0086  AF:0046  SP:7FF3  PC:0B3A
0B3B  07        RLC         (3)  BC:0904  DE:0200  HL:0086  AF:0446  SP:7FF3  PC:0B3B
0B3C  4F        MOV C,A     (3)  BC:0904  DE:0200  HL:0086  AF:0846  SP:7FF3  PC:0B3C
0B3D  FE 01     CPI 01      (3)  BC:0908  DE:0200  HL:0086  AF:0846  SP:7FF3  PC:0B3D
0B3F  C2 34 0B  JNZ 0B34    (3)  BC:0908  DE:0200  HL:0086  AF:0812  SP:7FF3  PC:0B3F
0B34  7B        MOV A,E     (3)  BC:0908  DE:0200  HL:0086  AF:0812  SP:7FF3  PC:0B34
0B35  A1        ANA C       (3)  BC:0908  DE:0200  HL:0086  AF:0012  SP:7FF3  PC:0B35
0B36  CA 3A 0B  JZ 0B3A     (3)  BC:0908  DE:0200  HL:0086  AF:0056  SP:7FF3  PC:0B36
0B3A  79        MOV A,C     (3)  BC:0908  DE:0200  HL:0086  AF:0056  SP:7FF3  PC:0B3A
0B3B  07        RLC         (3)  BC:0908  DE:0200  HL:0086  AF:0856  SP:7FF3  PC:0B3B
0B3C  4F        MOV C,A     (3)  BC:0908  DE:0200  HL:0086  AF:1056  SP:7FF3  PC:0B3C
0B3D  FE 01     CPI 01      (3)  BC:0910  DE:0200  HL:0086  AF:1056  SP:7FF3  PC:0B3D
0B3F  C2 34 0B  JNZ 0B34    (3)  BC:0910  DE:0200  HL:0086  AF:1006  SP:7FF3  PC:0B3F
0B34  7B        MOV A,E     (3)  BC:0910  DE:0200  HL:0086  AF:1006  SP:7FF3  PC:0B34
0B35  A1        ANA C       (3)  BC:0910  DE:0200  HL:0086  AF:0006  SP:7FF3  PC:0B35
0B36  CA 3A 0B  JZ 0B3A     (3)  BC:0910  DE:0200  HL:0086  AF:0046  SP:7FF3  PC:0B36
0B3A  79        MOV A,C     (3)  BC:0910  DE:0200  HL:0086  AF:0046  SP:7FF3  PC:0B3A
0B3B  07        RLC         (3)  BC:0910  DE:0200  HL:0086  AF:1046  SP:7FF3  PC:0B3B
0B3C  4F        MOV C,A     (3)  BC:0910  DE:0200  HL:0086  AF:2046  SP:7FF3  PC:0B3C
0B3D  FE 01     CPI 01      (3)  BC:0920  DE:0200  HL:0086  AF:2046  SP:7FF3  PC:0B3D
0B3F  C2 34 0B  JNZ 0B34    (3)  BC:0920  DE:0200  HL:0086  AF:2002  SP:7FF3  PC:0B3F
0B34  7B        MOV A,E     (3)  BC:0920  DE:0200  HL:0086  AF:2002  SP:7FF3  PC:0B34
0B35  A1        ANA C       (3)  BC:0920  DE:0200  HL:0086  AF:0002  SP:7FF3  PC:0B35
0B36  CA 3A 0B  JZ 0B3A     (3)  BC:0920  DE:0200  HL:0086  AF:0046  SP:7FF3  PC:0B36
0B3A  79        MOV A,C     (3)  BC:0920  DE:0200  HL:0086  AF:0046  SP:7FF3  PC:0B3A
0B3B  07        RLC         (3)  BC:0920  DE:0200  HL:0086  AF:2046  SP:7FF3  PC:0B3B
0B3C  4F        MOV C,A     (3)  BC:0920  DE:0200  HL:0086  AF:4046  SP:7FF3  PC:0B3C
0B3D  FE 01     CPI 01      (3)  BC:0940  DE:0200  HL:0086  AF:4046  SP:7FF3  PC:0B3D
0B3F  C2 34 0B  JNZ 0B34    (3)  BC:0940  DE:0200  HL:0086  AF:4006  SP:7FF3  PC:0B3F
0B34  7B        MOV A,E     (3)  BC:0940  DE:0200  HL:0086  AF:4006  SP:7FF3  PC:0B34
0B35  A1        ANA C       (3)  BC:0940  DE:0200  HL:0086  AF:0006  SP:7FF3  PC:0B35
0B36  CA 3A 0B  JZ 0B3A     (3)  BC:0940  DE:0200  HL:0086  AF:0046  SP:7FF3  PC:0B36
0B3A  79        MOV A,C     (3)  BC:0940  DE:0200  HL:0086  AF:0046  SP:7FF3  PC:0B3A
0B3B  07        RLC         (3)  BC:0940  DE:0200  HL:0086  AF:4046  SP:7FF3  PC:0B3B
0B3C  4F        MOV C,A     (3)  BC:0940  DE:0200  HL:0086  AF:8046  SP:7FF3  PC:0B3C
0B3D  FE 01     CPI 01      (3)  BC:0980  DE:0200  HL:0086  AF:8046  SP:7FF3  PC:0B3D
0B3F  C2 34 0B  JNZ 0B34    (3)  BC:0980  DE:0200  HL:0086  AF:8002  SP:7FF3  PC:0B3F
0B34  7B        MOV A,E     (3)  BC:0980  DE:0200  HL:0086  AF:8002  SP:7FF3  PC:0B34
0B35  A1        ANA C       (3)  BC:0980  DE:0200  HL:0086  AF:0002  SP:7FF3  PC:0B35
0B36  CA 3A 0B  JZ 0B3A     (3)  BC:0980  DE:0200  HL:0086  AF:0046  SP:7FF3  PC:0B36
0B3A  79        MOV A,C     (3)  BC:0980  DE:0200  HL:0086  AF:0046  SP:7FF3  PC:0B3A
0B3B  07        RLC         (3)  BC:0980  DE:0200  HL:0086  AF:8046  SP:7FF3  PC:0B3B
0B3C  4F        MOV C,A     (3)  BC:0980  DE:0200  HL:0086  AF:0147  SP:7FF3  PC:0B3C
0B3D  FE 01     CPI 01      (3)  BC:0901  DE:0200  HL:0086  AF:0147  SP:7FF3  PC:0B3D
0B3F  C2 34 0B  JNZ 0B34    (3)  BC:0901  DE:0200  HL:0086  AF:0156  SP:7FF3  PC:0B3F
0B42  23        INX H       (3)  BC:0901  DE:0200  HL:0086  AF:0156  SP:7FF3  PC:0B42
0B43  05        DCR B       (3)  BC:0901  DE:0200  HL:0087  AF:0156  SP:7FF3  PC:0B43
0B44  C2 33 0B  JNZ 0B33    (3)  BC:0801  DE:0200  HL:0087  AF:0112  SP:7FF3  PC:0B44
0B33  5E        MOV E,M     (3)  BC:0801  DE:0200  HL:0087  AF:0112  SP:7FF3  PC:0B33
0B34  7B        MOV A,E     (3)  BC:0801  DE:0221  HL:0087  AF:0112  SP:7FF3  PC:0B34
0B35  A1        ANA C       (3)  BC:0801  DE:0221  HL:0087  AF:2112  SP:7FF3  PC:0B35
0B36  CA 3A 0B  JZ 0B3A     (3)  BC:0801  DE:0221  HL:0087  AF:0102  SP:7FF3  PC:0B36
0B39  14        INR D       (3)  BC:0801  DE:0221  HL:0087  AF:0102  SP:7FF3  PC:0B39
0B3A  79        MOV A,C     (3)  BC:0801  DE:0321  HL:0087  AF:0106  SP:7FF3  PC:0B3A
0B3B  07        RLC         (3)  BC:0801  DE:0321  HL:0087  AF:0106  SP:7FF3  PC:0B3B
0B3C  4F        MOV C,A     (3)  BC:0801  DE:0321  HL:0087  AF:0206  SP:7FF3  PC:0B3C
0B3D  FE 01     CPI 01      (3)  BC:0802  DE:0321  HL:0087  AF:0206  SP:7FF3  PC:0B3D
0B3F  C2 34 0B  JNZ 0B34    (3)  BC:0802  DE:0321  HL:0087  AF:0212  SP:7FF3  PC:0B3F
0B34  7B        MOV A,E     (3)  BC:0802  DE:0321  HL:0087  AF:0212  SP:7FF3  PC:0B34
0B35  A1        ANA C       (3)  BC:0802  DE:0321  HL:0087  AF:2112  SP:7FF3  PC:0B35
0B36  CA 3A 0B  JZ 0B3A     (3)  BC:0802  DE:0321  HL:0087  AF:0046  SP:7FF3  PC:0B36
0B3A  79        MOV A,C     (3)  BC:0802  DE:0321  HL:0087  AF:0046  SP:7FF3  PC:0B3A
0B3B  07        RLC         (3)  BC:0802  DE:0321  HL:0087  AF:0246  SP:7FF3  PC:0B3B
0B3C  4F        MOV C,A     (3)  BC:0802  DE:0321  HL:0087  AF:0446  SP:7FF3  PC:0B3C
0B3D  FE 01     CPI 01      (3)  BC:0804  DE:0321  HL:0087  AF:0446  SP:7FF3  PC:0B3D
0B3F  C2 34 0B  JNZ 0B34    (3)  BC:0804  DE:0321  HL:0087  AF:0416  SP:7FF3  PC:0B3F
0B34  7B        MOV A,E     (3)  BC:0804  DE:0321  HL:0087  AF:0416  SP:7FF3  PC:0B34
0B35  A1        ANA C       (3)  BC:0804  DE:0321  HL:0087  AF:2116  SP:7FF3  PC:0B35
0B36  CA 3A 0B  JZ 0B3A     (3)  BC:0804  DE:0321  HL:0087  AF:0046  SP:7FF3  PC:0B36
0B3A  79        MOV A,C     (3)  BC:0804  DE:0321  HL:0087  AF:0046  SP:7FF3  PC:0B3A
0B3B  07        RLC         (3)  BC:0804  DE:0321  HL:0087  AF:0446  SP:7FF3  PC:0B3B
0B3C  4F        MOV C,A     (3)  BC:0804  DE:0321  HL:0087  AF:0846  SP:7FF3  PC:0B3C
0B3D  FE 01     CPI 01      (3)  BC:0808  DE:0321  HL:0087  AF:0846  SP:7FF3  PC:0B3D
0B3F  C2 34 0B  JNZ 0B34    (3)  BC:0808  DE:0321  HL:0087  AF:0812  SP:7FF3  PC:0B3F
0B34  7B        MOV A,E     (3)  BC:0808  DE:0321  HL:0087  AF:0812  SP:7FF3  PC:0B34
0B35  A1        ANA C       (3)  BC:0808  DE:0321  HL:0087  AF:2112  SP:7FF3  PC:0B35
0B36  CA 3A 0B  JZ 0B3A     (3)  BC:0808  DE:0321  HL:0087  AF:0056  SP:7FF3  PC:0B36
0B3A  79        MOV A,C     (3)  BC:0808  DE:0321  HL:0087  AF:0056  SP:7FF3  PC:0B3A
0B3B  07        RLC         (3)  BC:0808  DE:0321  HL:0087  AF:0856  SP:7FF3  PC:0B3B
0B3C  4F        MOV C,A     (3)  BC:0808  DE:0321  HL:0087  AF:1056  SP:7FF3  PC:0B3C
0B3D  FE 01     CPI 01      (3)  BC:0810  DE:0321  HL:0087  AF:1056  SP:7FF3  PC:0B3D
0B3F  C2 34 0B  JNZ 0B34    (3)  BC:0810  DE:0321  HL:0087  AF:1006  SP:7FF3  PC:0B3F
0B34  7B        MOV A,E     (3)  BC:0810  DE:0321  HL:0087  AF:1006  SP:7FF3  PC:0B34
0B35  A1        ANA C       (3)  BC:0810  DE:0321  HL:0087  AF:2106  SP:7FF3  PC:0B35
0B36  CA 3A 0B  JZ 0B3A     (3)  BC:0810  DE:0321  HL:0087  AF:0046  SP:7FF3  PC:0B36
0B3A  79        MOV A,C     (3)  BC:0810  DE:0321  HL:0087  AF:0046  SP:7FF3  PC:0B3A
0B3B  07        RLC         (3)  BC:0810  DE:0321  HL:0087  AF:1046  SP:7FF3  PC:0B3B
0B3C  4F        MOV C,A     (3)  BC:0810  DE:0321  HL:0087  AF:2046  SP:7FF3  PC:0B3C
0B3D  FE 01     CPI 01      (3)  BC:0820  DE:0321  HL:0087  AF:2046  SP:7FF3  PC:0B3D
0B3F  C2 34 0B  JNZ 0B34    (3)  BC:0820  DE:0321  HL:0087  AF:2002  SP:7FF3  PC:0B3F
0B34  7B        MOV A,E     (3)  BC:0820  DE:0321  HL:0087  AF:2002  SP:7FF3  PC:0B34
0B35  A1        ANA C       (3)  BC:0820  DE:0321  HL:0087  AF:2102  SP:7FF3  PC:0B35
0B36  CA 3A 0B  JZ 0B3A     (3)  BC:0820  DE:0321  HL:0087  AF:2002  SP:7FF3  PC:0B36
0B39  14        INR D       (3)  BC:0820  DE:0321  HL:0087  AF:2002  SP:7FF3  PC:0B39
0B3A  79        MOV A,C     (3)  BC:0820  DE:0421  HL:0087  AF:2002  SP:7FF3  PC:0B3A
0B3B  07        RLC         (3)  BC:0820  DE:0421  HL:0087  AF:2002  SP:7FF3  PC:0B3B
0B3C  4F        MOV C,A     (3)  BC:0820  DE:0421  HL:0087  AF:4002  SP:7FF3  PC:0B3C
0B3D  FE 01     CPI 01      (3)  BC:0840  DE:0421  HL:0087  AF:4002  SP:7FF3  PC:0B3D
0B3F  C2 34 0B  JNZ 0B34    (3)  BC:0840  DE:0421  HL:0087  AF:4006  SP:7FF3  PC:0B3F
0B34  7B        MOV A,E     (3)  BC:0840  DE:0421  HL:0087  AF:4006  SP:7FF3  PC:0B34
0B35  A1        ANA C       (3)  BC:0840  DE:0421  HL:0087  AF:2106  SP:7FF3  PC:0B35
0B36  CA 3A 0B  JZ 0B3A     (3)  BC:0840  DE:0421  HL:0087  AF:0046  SP:7FF3  PC:0B36
0B3A  79        MOV A,C     (3)  BC:0840  DE:0421  HL:0087  AF:0046  SP:7FF3  PC:0B3A
0B3B  07        RLC         (3)  BC:0840  DE:0421  HL:0087  AF:4046  SP:7FF3  PC:0B3B
0B3C  4F        MOV C,A     (3)  BC:0840  DE:0421  HL:0087  AF:8046  SP:7FF3  PC:0B3C
0B3D  FE 01     CPI 01      (3)  BC:0880  DE:0421  HL:0087  AF:8046  SP:7FF3  PC:0B3D
0B3F  C2 34 0B  JNZ 0B34    (3)  BC:0880  DE:0421  HL:0087  AF:8002  SP:7FF3  PC:0B3F
0B34  7B        MOV A,E     (3)  BC:0880  DE:0421  HL:0087  AF:8002  SP:7FF3  PC:0B34
0B35  A1        ANA C       (3)  BC:0880  DE:0421  HL:0087  AF:2102  SP:7FF3  PC:0B35
0B36  CA 3A 0B  JZ 0B3A     (3)  BC:0880  DE:0421  HL:0087  AF:0046  SP:7FF3  PC:0B36
0B3A  79        MOV A,C     (3)  BC:0880  DE:0421  HL:0087  AF:0046  SP:7FF3  PC:0B3A
0B3B  07        RLC         (3)  BC:0880  DE:0421  HL:0087  AF:8046  SP:7FF3  PC:0B3B
0B3C  4F        MOV C,A     (3)  BC:0880  DE:0421  HL:0087  AF:0147  SP:7FF3  PC:0B3C
0B3D  FE 01     CPI 01      (3)  BC:0801  DE:0421  HL:0087  AF:0147  SP:7FF3  PC:0B3D
0B3F  C2 34 0B  JNZ 0B34    (3)  BC:0801  DE:0421  HL:0087  AF:0156  SP:7FF3  PC:0B3F
0B42  23        INX H       (3)  BC:0801  DE:0421  HL:0087  AF:0156  SP:7FF3  PC:0B42
0B43  05        DCR B       (3)  BC:0801  DE:0421  HL:0088  AF:0156  SP:7FF3  PC:0B43
0B44  C2 33 0B  JNZ 0B33    (3)  BC:0701  DE:0421  HL:0088  AF:0112  SP:7FF3  PC:0B44
0B33  5E        MOV E,M     (3)  BC:0701  DE:0421  HL:0088  AF:0112  SP:7FF3  PC:0B33
0B34  7B        MOV A,E     (3)  BC:0701  DE:04F8  HL:0088  AF:0112  SP:7FF3  PC:0B34
0B35  A1        ANA C       (3)  BC:0701  DE:04F8  HL:0088  AF:F812  SP:7FF3  PC:0B35
0B36  CA 3A 0B  JZ 0B3A     (3)  BC:0701  DE:04F8  HL:0088  AF:0056  SP:7FF3  PC:0B36
0B3A  79        MOV A,C     (3)  BC:0701  DE:04F8  HL:0088  AF:0056  SP:7FF3  PC:0B3A
0B3B  07        RLC         (3)  BC:0701  DE:04F8  HL:0088  AF:0156  SP:7FF3  PC:0B3B
0B3C  4F        MOV C,A     (3)  BC:0701  DE:04F8  HL:0088  AF:0256  SP:7FF3  PC:0B3C
0B3D  FE 01     CPI 01      (3)  BC:0702  DE:04F8  HL:0088  AF:0256  SP:7FF3  PC:0B3D
0B3F  C2 34 0B  JNZ 0B34    (3)  BC:0702  DE:04F8  HL:0088  AF:0212  SP:7FF3  PC:0B3F
0B34  7B        MOV A,E     (3)  BC:0702  DE:04F8  HL:0088  AF:0212  SP:7FF3  PC:0B34
0B35  A1        ANA C       (3)  BC:0702  DE:04F8  HL:0088  AF:F812  SP:7FF3  PC:0B35
0B36  CA 3A 0B  JZ 0B3A     (3)  BC:0702  DE:04F8  HL:0088  AF:0056  SP:7FF3  PC:0B36
0B3A  79        MOV A,C     (3)  BC:0702  DE:04F8  HL:0088  AF:0056  SP:7FF3  PC:0B3A
0B3B  07        RLC         (3)  BC:0702  DE:04F8  HL:0088  AF:0256  SP:7FF3  PC:0B3B
0B3C  4F        MOV C,A     (3)  BC:0702  DE:04F8  HL:0088  AF:0456  SP:7FF3  PC:0B3C
0B3D  FE 01     CPI 01      (3)  BC:0704  DE:04F8  HL:0088  AF:0456  SP:7FF3  PC:0B3D
0B3F  C2 34 0B  JNZ 0B34    (3)  BC:0704  DE:04F8  HL:0088  AF:0416  SP:7FF3  PC:0B3F
0B34  7B        MOV A,E     (3)  BC:0704  DE:04F8  HL:0088  AF:0416  SP:7FF3  PC:0B34
0B35  A1        ANA C       (3)  BC:0704  DE:04F8  HL:0088  AF:F816  SP:7FF3  PC:0B35
0B36  CA 3A 0B  JZ 0B3A     (3)  BC:0704  DE:04F8  HL:0088  AF:0056  SP:7FF3  PC:0B36
0B3A  79        MOV A,C     (3)  BC:0704  DE:04F8  HL:0088  AF:0056  SP:7FF3  PC:0B3A
0B3B  07        RLC         (3)  BC:0704  DE:04F8  HL:0088  AF:0456  SP:7FF3  PC:0B3B
0B3C  4F        MOV C,A     (3)  BC:0704  DE:04F8  HL:0088  AF:0856  SP:7FF3  PC:0B3C
0B3D  FE 01     CPI 01      (3)  BC:0708  DE:04F8  HL:0088  AF:0856  SP:7FF3  PC:0B3D
0B3F  C2 34 0B  JNZ 0B34    (3)  BC:0708  DE:04F8  HL:0088  AF:0812  SP:7FF3  PC:0B3F
0B34  7B        MOV A,E     (3)  BC:0708  DE:04F8  HL:0088  AF:0812  SP:7FF3  PC:0B34
0B35  A1        ANA C       (3)  BC:0708  DE:04F8  HL:0088  AF:F812  SP:7FF3  PC:0B35
0B36  CA 3A 0B  JZ 0B3A     (3)  BC:0708  DE:04F8  HL:0088  AF:0812  SP:7FF3  PC:0B36
0B39  14        INR D       (3)  BC:0708  DE:04F8  HL:0088  AF:0812  SP:7FF3  PC:0B39
0B3A  79        MOV A,C     (3)  BC:0708  DE:05F8  HL:0088  AF:0806  SP:7FF3  PC:0B3A
0B3B  07        RLC         (3)  BC:0708  DE:05F8  HL:0088  AF:0806  SP:7FF3  PC:0B3B
0B3C  4F        MOV C,A     (3)  BC:0708  DE:05F8  HL:0088  AF:1006  SP:7FF3  PC:0B3C
0B3D  FE 01     CPI 01      (3)  BC:0710  DE:05F8  HL:0088  AF:1006  SP:7FF3  PC:0B3D
0B3F  C2 34 0B  JNZ 0B34    (3)  BC:0710  DE:05F8  HL:0088  AF:1006  SP:7FF3  PC:0B3F
0B34  7B        MOV A,E     (3)  BC:0710  DE:05F8  HL:0088  AF:1006  SP:7FF3  PC:0B34
0B35  A1        ANA C       (3)  BC:0710  DE:05F8  HL:0088  AF:F806  SP:7FF3  PC:0B35
0B36  CA 3A 0B  JZ 0B3A     (3)  BC:0710  DE:05F8  HL:0088  AF:1012  SP:7FF3  PC:0B36
0B39  14        INR D       (3)  BC:0710  DE:05F8  HL:0088  AF:1012  SP:7FF3  PC:0B39
0B3A  79        MOV A,C     (3)  BC:0710  DE:06F8  HL:0088  AF:1006  SP:7FF3  PC:0B3A
0B3B  07        RLC         (3)  BC:0710  DE:06F8  HL:0088  AF:1006  SP:7FF3  PC:0B3B
0B3C  4F        MOV C,A     (3)  BC:0710  DE:06F8  HL:0088  AF:2006  SP:7FF3  PC:0B3C
0B3D  FE 01     CPI 01      (3)  BC:0720  DE:06F8  HL:0088  AF:2006  SP:7FF3  PC:0B3D
0B3F  C2 34 0B  JNZ 0B34    (3)  BC:0720  DE:06F8  HL:0088  AF:2002  SP:7FF3  PC:0B3F
0B34  7B        MOV A,E     (3)  BC:0720  DE:06F8  HL:0088  AF:2002  SP:7FF3  PC:0B34
0B35  A1        ANA C       (3)  BC:0720  DE:06F8  HL:0088  AF:F802  SP:7FF3  PC:0B35
0B36  CA 3A 0B  JZ 0B3A     (3)  BC:0720  DE:06F8  HL:0088  AF:2012  SP:7FF3  PC:0B36
0B39  14        INR D       (3)  BC:0720  DE:06F8  HL:0088  AF:2012  SP:7FF3  PC:0B39
0B3A  79        MOV A,C     (3)  BC:0720  DE:07F8  HL:0088  AF:2002  SP:7FF3  PC:0B3A
0B3B  07        RLC         (3)  BC:0720  DE:07F8  HL:0088  AF:2002  SP:7FF3  PC:0B3B
0B3C  4F        MOV C,A     (3)  BC:0720  DE:07F8  HL:0088  AF:4002  SP:7FF3  PC:0B3C
0B3D  FE 01     CPI 01      (3)  BC:0740  DE:07F8  HL:0088  AF:4002  SP:7FF3  PC:0B3D
0B3F  C2 34 0B  JNZ 0B34    (3)  BC:0740  DE:07F8  HL:0088  AF:4006  SP:7FF3  PC:0B3F
0B34  7B        MOV A,E     (3)  BC:0740  DE:07F8  HL:0088  AF:4006  SP:7FF3  PC:0B34
0B35  A1        ANA C       (3)  BC:0740  DE:07F8  HL:0088  AF:F806  SP:7FF3  PC:0B35
0B36  CA 3A 0B  JZ 0B3A     (3)  BC:0740  DE:07F8  HL:0088  AF:4012  SP:7FF3  PC:0B36
0B39  14        INR D       (3)  BC:0740  DE:07F8  HL:0088  AF:4012  SP:7FF3  PC:0B39
0B3A  79        MOV A,C     (3)  BC:0740  DE:08F8  HL:0088  AF:4002  SP:7FF3  PC:0B3A
0B3B  07        RLC         (3)  BC:0740  DE:08F8  HL:0088  AF:4002  SP:7FF3  PC:0B3B
0B3C  4F        MOV C,A     (3)  BC:0740  DE:08F8  HL:0088  AF:8002  SP:7FF3  PC:0B3C
0B3D  FE 01     CPI 01      (3)  BC:0780  DE:08F8  HL:0088  AF:8002  SP:7FF3  PC:0B3D
0B3F  C2 34 0B  JNZ 0B34    (3)  BC:0780  DE:08F8  HL:0088  AF:8002  SP:7FF3  PC:0B3F
0B34  7B        MOV A,E     (3)  BC:0780  DE:08F8  HL:0088  AF:8002  SP:7FF3  PC:0B34
0B35  A1        ANA C       (3)  BC:0780  DE:08F8  HL:0088  AF:F802  SP:7FF3  PC:0B35
0B36  CA 3A 0B  JZ 0B3A     (3)  BC:0780  DE:08F8  HL:0088  AF:8092  SP:7FF3  PC:0B36
0B39  14        INR D       (3)  BC:0780  DE:08F8  HL:0088  AF:8092  SP:7FF3  PC:0B39
0B3A  79        MOV A,C     (3)  BC:0780  DE:09F8  HL:0088  AF:8006  SP:7FF3  PC:0B3A
0B3B  07        RLC         (3)  BC:0780  DE:09F8  HL:0088  AF:8006  SP:7FF3  PC:0B3B
0B3C  4F        MOV C,A     (3)  BC:0780  DE:09F8  HL:0088  AF:0107  SP:7FF3  PC:0B3C
0B3D  FE 01     CPI 01      (3)  BC:0701  DE:09F8  HL:0088  AF:0107  SP:7FF3  PC:0B3D
0B3F  C2 34 0B  JNZ 0B34    (3)  BC:0701  DE:09F8  HL:0088  AF:0156  SP:7FF3  PC:0B3F
0B42  23        INX H       (3)  BC:0701  DE:09F8  HL:0088  AF:0156  SP:7FF3  PC:0B42
0B43  05        DCR B       (3)  BC:0701  DE:09F8  HL:0089  AF:0156  SP:7FF3  PC:0B43
0B44  C2 33 0B  JNZ 0B33    (3)  BC:0601  DE:09F8  HL:0089  AF:0116  SP:7FF3  PC:0B44
0B33  5E        MOV E,M     (3)  BC:0601  DE:09F8  HL:0089  AF:0116  SP:7FF3  PC:0B33
0B34  7B        MOV A,E     (3)  BC:0601  DE:0900  HL:0089  AF:0116  SP:7FF3  PC:0B34
0B35  A1        ANA C       (3)  BC:0601  DE:0900  HL:0089  AF:0016  SP:7FF3  PC:0B35
0B36  CA 3A 0B  JZ 0B3A     (3)  BC:0601  DE:0900  HL:0089  AF:0046  SP:7FF3  PC:0B36
0B3A  79        MOV A,C     (3)  BC:0601  DE:0900  HL:0089  AF:0046  SP:7FF3  PC:0B3A
0B3B  07        RLC         (3)  BC:0601  DE:0900  HL:0089  AF:0146  SP:7FF3  PC:0B3B
0B3C  4F        MOV C,A     (3)  BC:0601  DE:0900  HL:0089  AF:0246  SP:7FF3  PC:0B3C
0B3D  FE 01     CPI 01      (3)  BC:0602  DE:0900  HL:0089  AF:0246  SP:7FF3  PC:0B3D
0B3F  C2 34 0B  JNZ 0B34    (3)  BC:0602  DE:0900  HL:0089  AF:0212  SP:7FF3  PC:0B3F
0B34  7B        MOV A,E     (3)  BC:0602  DE:0900  HL:0089  AF:0212  SP:7FF3  PC:0B34
0B35  A1        ANA C       (3)  BC:0602  DE:0900  HL:0089  AF:0012  SP:7FF3  PC:0B35
0B36  CA 3A 0B  JZ 0B3A     (3)  BC:0602  DE:0900  HL:0089  AF:0046  SP:7FF3  PC:0B36
0B3A  79        MOV A,C     (3)  BC:0602  DE:0900  HL:0089  AF:0046  SP:7FF3  PC:0B3A
0B3B  07        RLC         (3)  BC:0602  DE:0900  HL:0089  AF:0246  SP:7FF3  PC:0B3B
0B3C  4F        MOV C,A     (3)  BC:0602  DE:0900  HL:0089  AF:0446  SP:7FF3  PC:0B3C
0B3D  FE 01     CPI 01      (3)  BC:0604  DE:0900  HL:0089  AF:0446  SP:7FF3  PC:0B3D
0B3F  C2 34 0B  JNZ 0B34    (3)  BC:0604  DE:0900  HL:0089  AF:0416  SP:7FF3  PC:0B3F
0B34  7B        MOV A,E     (3)  BC:0604  DE:0900  HL:0089  AF:0416  SP:7FF3  PC:0B34
0B35  A1        ANA C       (3)  BC:0604  DE:0900  HL:0089  AF:0016  SP:7FF3  PC:0B35
0B36  CA 3A 0B  JZ 0B3A     (3)  BC:0604  DE:0900  HL:0089  AF:0046  SP:7FF3  PC:0B36
0B3A  79        MOV A,C     (3)  BC:0604  DE:0900  HL:0089  AF:0046  SP:7FF3  PC:0B3A
0B3B  07        RLC         (3)  BC:0604  DE:0900  HL:0089  AF:0446  SP:7FF3  PC:0B3B
0B3C  4F        MOV C,A     (3)  BC:0604  DE:0900  HL:0089  AF:0846  SP:7FF3  PC:0B3C
0B3D  FE 01     CPI 01      (3)  BC:0608  DE:0900  HL:0089  AF:0846  SP:7FF3  PC:0B3D
0B3F  C2 34 0B  JNZ 0B34    (3)  BC:0608  DE:0900  HL:0089  AF:0812  SP:7FF3  PC:0B3F
0B34  7B        MOV A,E     (3)  BC:0608  DE:0900  HL:0089  AF:0812  SP:7FF3  PC:0B34
0B35  A1        ANA C       (3)  BC:0608  DE:0900  HL:0089  AF:0012  SP:7FF3  PC:0B35
0B36  CA 3A 0B  JZ 0B3A     (3)  BC:0608  DE:0900  HL:0089  AF:0056  SP:7FF3  PC:0B36
0B3A  79        MOV A,C     (3)  BC:0608  DE:0900  HL:0089  AF:0056  SP:7FF3  PC:0B3A
0B3B  07        RLC         (3)  BC:0608  DE:0900  HL:0089  AF:0856  SP:7FF3  PC:0B3B
0B3C  4F        MOV C,A     (3)  BC:0608  DE:0900  HL:0089  AF:1056  SP:7FF3  PC:0B3C
0B3D  FE 01     CPI 01      (3)  BC:0610  DE:0900  HL:0089  AF:1056  SP:7FF3  PC:0B3D
0B3F  C2 34 0B  JNZ 0B34    (3)  BC:0610  DE:0900  HL:0089  AF:1006  SP:7FF3  PC:0B3F
0B34  7B        MOV A,E     (3)  BC:0610  DE:0900  HL:0089  AF:1006  SP:7FF3  PC:0B34
0B35  A1        ANA C       (3)  BC:0610  DE:0900  HL:0089  AF:0006  SP:7FF3  PC:0B35
0B36  CA 3A 0B  JZ 0B3A     (3)  BC:0610  DE:0900  HL:0089  AF:0046  SP:7FF3  PC:0B36
0B3A  79        MOV A,C     (3)  BC:0610  DE:0900  HL:0089  AF:0046  SP:7FF3  PC:0B3A
0B3B  07        RLC         (3)  BC:0610  DE:0900  HL:0089  AF:1046  SP:7FF3  PC:0B3B
0B3C  4F        MOV C,A     (3)  BC:0610  DE:0900  HL:0089  AF:2046  SP:7FF3  PC:0B3C
0B3D  FE 01     CPI 01      (3)  BC:0620  DE:0900  HL:0089  AF:2046  SP:7FF3  PC:0B3D
0B3F  C2 34 0B  JNZ 0B34    (3)  BC:0620  DE:0900  HL:0089  AF:2002  SP:7FF3  PC:0B3F
0B34  7B        MOV A,E     (3)  BC:0620  DE:0900  HL:0089  AF:2002  SP:7FF3  PC:0B34
0B35  A1        ANA C       (3)  BC:0620  DE:0900  HL:0089  AF:0002  SP:7FF3  PC:0B35
0B36  CA 3A 0B  JZ 0B3A     (3)  BC:0620  DE:0900  HL:0089  AF:0046  SP:7FF3  PC:0B36
0B3A  79        MOV A,C     (3)  BC:0620  DE:0900  HL:0089  AF:0046  SP:7FF3  PC:0B3A
0B3B  07        RLC         (3)  BC:0620  DE:0900  HL:0089  AF:2046  SP:7FF3  PC:0B3B
0B3C  4F        MOV C,A     (3)  BC:0620  DE:0900  HL:0089  AF:4046  SP:7FF3  PC:0B3C
0B3D  FE 01     CPI 01      (3)  BC:0640  DE:0900  HL:0089  AF:4046  SP:7FF3  PC:0B3D
0B3F  C2 34 0B  JNZ 0B34    (3)  BC:0640  DE:0900  HL:0089  AF:4006  SP:7FF3  PC:0B3F
0B34  7B        MOV A,E     (3)  BC:0640  DE:0900  HL:0089  AF:4006  SP:7FF3  PC:0B34
0B35  A1        ANA C       (3)  BC:0640  DE:0900  HL:0089  AF:0006  SP:7FF3  PC:0B35
0B36  CA 3A 0B  JZ 0B3A     (3)  BC:0640  DE:0900  HL:0089  AF:0046  SP:7FF3  PC:0B36
0B3A  79        MOV A,C     (3)  BC:0640  DE:0900  HL:0089  AF:0046  SP:7FF3  PC:0B3A
0B3B  07        RLC         (3)  BC:0640  DE:0900  HL:0089  AF:4046  SP:7FF3  PC:0B3B
0B3C  4F        MOV C,A     (3)  BC:0640  DE:0900  HL:0089  AF:8046  SP:7FF3  PC:0B3C
0B3D  FE 01     CPI 01      (3)  BC:0680  DE:0900  HL:0089  AF:8046  SP:7FF3  PC:0B3D
0B3F  C2 34 0B  JNZ 0B34    (3)  BC:0680  DE:0900  HL:0089  AF:8002  SP:7FF3  PC:0B3F
0B34  7B        MOV A,E     (3)  BC:0680  DE:0900  HL:0089  AF:8002  SP:7FF3  PC:0B34
0B35  A1        ANA C       (3)  BC:0680  DE:0900  HL:0089  AF:0002  SP:7FF3  PC:0B35
0B36  CA 3A 0B  JZ 0B3A     (3)  BC:0680  DE:0900  HL:0089  AF:0046  SP:7FF3  PC:0B36
0B3A  79        MOV A,C     (3)  BC:0680  DE:0900  HL:0089  AF:0046  SP:7FF3  PC:0B3A
0B3B  07        RLC         (3)  BC:0680  DE:0900  HL:0089  AF:8046  SP:7FF3  PC:0B3B
0B3C  4F        MOV C,A     (3)  BC:0680  DE:0900  HL:0089  AF:0147  SP:7FF3  PC:0B3C
0B3D  FE 01     CPI 01      (3)  BC:0601  DE:0900  HL:0089  AF:0147  SP:7FF3  PC:0B3D
0B3F  C2 34 0B  JNZ 0B34    (3)  BC:0601  DE:0900  HL:0089  AF:0156  SP:7FF3  PC:0B3F
0B42  23        INX H       (3)  BC:0601  DE:0900  HL:0089  AF:0156  SP:7FF3  PC:0B42
0B43  05        DCR B       (3)  BC:0601  DE:0900  HL:008A  AF:0156  SP:7FF3  PC:0B43
0B44  C2 33 0B  JNZ 0B33    (3)  BC:0501  DE:0900  HL:008A  AF:0116  SP:7FF3  PC:0B44
0B33  5E        MOV E,M     (3)  BC:0501  DE:0900  HL:008A  AF:0116  SP:7FF3  PC:0B33
0B34  7B        MOV A,E     (3)  BC:0501  DE:0900  HL:008A  AF:0116  SP:7FF3  PC:0B34
0B35  A1        ANA C       (3)  BC:0501  DE:0900  HL:008A  AF:0016  SP:7FF3  PC:0B35
0B36  CA 3A 0B  JZ 0B3A     (3)  BC:0501  DE:0900  HL:008A  AF:0046  SP:7FF3  PC:0B36
0B3A  79        MOV A,C     (3)  BC:0501  DE:0900  HL:008A  AF:0046  SP:7FF3  PC:0B3A
0B3B  07        RLC         (3)  BC:0501  DE:0900  HL:008A  AF:0146  SP:7FF3  PC:0B3B
0B3C  4F        MOV C,A     (3)  BC:0501  DE:0900  HL:008A  AF:0246  SP:7FF3  PC:0B3C
0B3D  FE 01     CPI 01      (3)  BC:0502  DE:0900  HL:008A  AF:0246  SP:7FF3  PC:0B3D
0B3F  C2 34 0B  JNZ 0B34    (3)  BC:0502  DE:0900  HL:008A  AF:0212  SP:7FF3  PC:0B3F
0B34  7B        MOV A,E     (3)  BC:0502  DE:0900  HL:008A  AF:0212  SP:7FF3  PC:0B34
0B35  A1        ANA C       (3)  BC:0502  DE:0900  HL:008A  AF:0012  SP:7FF3  PC:0B35
0B36  CA 3A 0B  JZ 0B3A     (3)  BC:0502  DE:0900  HL:008A  AF:0046  SP:7FF3  PC:0B36
0B3A  79        MOV A,C     (3)  BC:0502  DE:0900  HL:008A  AF:0046  SP:7FF3  PC:0B3A
0B3B  07        RLC         (3)  BC:0502  DE:0900  HL:008A  AF:0246  SP:7FF3  PC:0B3B
0B3C  4F        MOV C,A     (3)  BC:0502  DE:0900  HL:008A  AF:0446  SP:7FF3  PC:0B3C
0B3D  FE 01     CPI 01      (3)  BC:0504  DE:0900  HL:008A  AF:0446  SP:7FF3  PC:0B3D
0B3F  C2 34 0B  JNZ 0B34    (3)  BC:0504  DE:0900  HL:008A  AF:0416  SP:7FF3  PC:0B3F
0B34  7B        MOV A,E     (3)  BC:0504  DE:0900  HL:008A  AF:0416  SP:7FF3  PC:0B34
0B35  A1        ANA C       (3)  BC:0504  DE:0900  HL:008A  AF:0016  SP:7FF3  PC:0B35
0B36  CA 3A 0B  JZ 0B3A     (3)  BC:0504  DE:0900  HL:008A  AF:0046  SP:7FF3  PC:0B36
0B3A  79        MOV A,C     (3)  BC:0504  DE:0900  HL:008A  AF:0046  SP:7FF3  PC:0B3A
0B3B  07        RLC         (3)  BC:0504  DE:0900  HL:008A  AF:0446  SP:7FF3  PC:0B3B
0B3C  4F        MOV C,A     (3)  BC:0504  DE:0900  HL:008A  AF:0846  SP:7FF3  PC:0B3C
0B3D  FE 01     CPI 01      (3)  BC:0508  DE:0900  HL:008A  AF:0846  SP:7FF3  PC:0B3D
0B3F  C2 34 0B  JNZ 0B34    (3)  BC:0508  DE:0900  HL:008A  AF:0812  SP:7FF3  PC:0B3F
0B34  7B        MOV A,E     (3)  BC:0508  DE:0900  HL:008A  AF:0812  SP:7FF3  PC:0B34
0B35  A1        ANA C       (3)  BC:0508  DE:0900  HL:008A  AF:0012  SP:7FF3  PC:0B35
0B36  CA 3A 0B  JZ 0B3A     (3)  BC:0508  DE:0900  HL:008A  AF:0056  SP:7FF3  PC:0B36
0B3A  79        MOV A,C     (3)  BC:0508  DE:0900  HL:008A  AF:0056  SP:7FF3  PC:0B3A
0B3B  07        RLC         (3)  BC:0508  DE:0900  HL:008A  AF:0856  SP:7FF3  PC:0B3B
0B3C  4F        MOV C,A     (3)  BC:0508  DE:0900  HL:008A  AF:1056  SP:7FF3  PC:0B3C
0B3D  FE 01     CPI 01      (3)  BC:0510  DE:0900  HL:008A  AF:1056  SP:7FF3  PC:0B3D
0B3F  C2 34 0B  JNZ 0B34    (3)  BC:0510  DE:0900  HL:008A  AF:1006  SP:7FF3  PC:0B3F
0B34  7B        MOV A,E     (3)  BC:0510  DE:0900  HL:008A  AF:1006  SP:7FF3  PC:0B34
0B35  A1        ANA C       (3)  BC:0510  DE:0900  HL:008A  AF:0006  SP:7FF3  PC:0B35
0B36  CA 3A 0B  JZ 0B3A     (3)  BC:0510  DE:0900  HL:008A  AF:0046  SP:7FF3  PC:0B36
0B3A  79        MOV A,C     (3)  BC:0510  DE:0900  HL:008A  AF:0046  SP:7FF3  PC:0B3A
0B3B  07        RLC         (3)  BC:0510  DE:0900  HL:008A  AF:1046  SP:7FF3  PC:0B3B
0B3C  4F        MOV C,A     (3)  BC:0510  DE:0900  HL:008A  AF:2046  SP:7FF3  PC:0B3C
0B3D  FE 01     CPI 01      (3)  BC:0520  DE:0900  HL:008A  AF:2046  SP:7FF3  PC:0B3D
0B3F  C2 34 0B  JNZ 0B34    (3)  BC:0520  DE:0900  HL:008A  AF:2002  SP:7FF3  PC:0B3F
0B34  7B        MOV A,E     (3)  BC:0520  DE:0900  HL:008A  AF:2002  SP:7FF3  PC:0B34
0B35  A1        ANA C       (3)  BC:0520  DE:0900  HL:008A  AF:0002  SP:7FF3  PC:0B35
0B36  CA 3A 0B  JZ 0B3A     (3)  BC:0520  DE:0900  HL:008A  AF:0046  SP:7FF3  PC:0B36
0B3A  79        MOV A,C     (3)  BC:0520  DE:0900  HL:008A  AF:0046  SP:7FF3  PC:0B3A
0B3B  07        RLC         (3)  BC:0520  DE:0900  HL:008A  AF:2046  SP:7FF3  PC:0B3B
0B3C  4F        MOV C,A     (3)  BC:0520  DE:0900  HL:008A  AF:4046  SP:7FF3  PC:0B3C
0B3D  FE 01     CPI 01      (3)  BC:0540  DE:0900  HL:008A  AF:4046  SP:7FF3  PC:0B3D
0B3F  C2 34 0B  JNZ 0B34    (3)  BC:0540  DE:0900  HL:008A  AF:4006  SP:7FF3  PC:0B3F
0B34  7B        MOV A,E     (3)  BC:0540  DE:0900  HL:008A  AF:4006  SP:7FF3  PC:0B34
0B35  A1        ANA C       (3)  BC:0540  DE:0900  HL:008A  AF:0006  SP:7FF3  PC:0B35
0B36  CA 3A 0B  JZ 0B3A     (3)  BC:0540  DE:0900  HL:008A  AF:0046  SP:7FF3  PC:0B36
0B3A  79        MOV A,C     (3)  BC:0540  DE:0900  HL:008A  AF:0046  SP:7FF3  PC:0B3A
0B3B  07        RLC         (3)  BC:0540  DE:0900  HL:008A  AF:4046  SP:7FF3  PC:0B3B
0B3C  4F        MOV C,A     (3)  BC:0540  DE:0900  HL:008A  AF:8046  SP:7FF3  PC:0B3C
0B3D  FE 01     CPI 01      (3)  BC:0580  DE:0900  HL:008A  AF:8046  SP:7FF3  PC:0B3D
0B3F  C2 34 0B  JNZ 0B34    (3)  BC:0580  DE:0900  HL:008A  AF:8002  SP:7FF3  PC:0B3F
0B34  7B        MOV A,E     (3)  BC:0580  DE:0900  HL:008A  AF:8002  SP:7FF3  PC:0B34
0B35  A1        ANA C       (3)  BC:0580  DE:0900  HL:008A  AF:0002  SP:7FF3  PC:0B35
0B36  CA 3A 0B  JZ 0B3A     (3)  BC:0580  DE:0900  HL:008A  AF:0046  SP:7FF3  PC:0B36
0B3A  79        MOV A,C     (3)  BC:0580  DE:0900  HL:008A  AF:0046  SP:7FF3  PC:0B3A
0B3B  07        RLC         (3)  BC:0580  DE:0900  HL:008A  AF:8046  SP:7FF3  PC:0B3B
0B3C  4F        MOV C,A     (3)  BC:0580  DE:0900  HL:008A  AF:0147  SP:7FF3  PC:0B3C
0B3D  FE 01     CPI 01      (3)  BC:0501  DE:0900  HL:008A  AF:0147  SP:7FF3  PC:0B3D
0B3F  C2 34 0B  JNZ 0B34    (3)  BC:0501  DE:0900  HL:008A  AF:0156  SP:7FF3  PC:0B3F
0B42  23        INX H       (3)  BC:0501  DE:0900  HL:008A  AF:0156  SP:7FF3  PC:0B42
0B43  05        DCR B       (3)  BC:0501  DE:0900  HL:008B  AF:0156  SP:7FF3  PC:0B43
0B44  C2 33 0B  JNZ 0B33    (3)  BC:0401  DE:0900  HL:008B  AF:0112  SP:7FF3  PC:0B44
0B33  5E        MOV E,M     (3)  BC:0401  DE:0900  HL:008B  AF:0112  SP:7FF3  PC:0B33
0B34  7B        MOV A,E     (3)  BC:0401  DE:0900  HL:008B  AF:0112  SP:7FF3  PC:0B34
0B35  A1        ANA C       (3)  BC:0401  DE:0900  HL:008B  AF:0012  SP:7FF3  PC:0B35
0B36  CA 3A 0B  JZ 0B3A     (3)  BC:0401  DE:0900  HL:008B  AF:0046  SP:7FF3  PC:0B36
0B3A  79        MOV A,C     (3)  BC:0401  DE:0900  HL:008B  AF:0046  SP:7FF3  PC:0B3A
0B3B  07        RLC         (3)  BC:0401  DE:0900  HL:008B  AF:0146  SP:7FF3  PC:0B3B
0B3C  4F        MOV C,A     (3)  BC:0401  DE:0900  HL:008B  AF:0246  SP:7FF3  PC:0B3C
0B3D  FE 01     CPI 01      (3)  BC:0402  DE:0900  HL:008B  AF:0246  SP:7FF3  PC:0B3D
0B3F  C2 34 0B  JNZ 0B34    (3)  BC:0402  DE:0900  HL:008B  AF:0212  SP:7FF3  PC:0B3F
0B34  7B        MOV A,E     (3)  BC:0402  DE:0900  HL:008B  AF:0212  SP:7FF3  PC:0B34
0B35  A1        ANA C       (3)  BC:0402  DE:0900  HL:008B  AF:0012  SP:7FF3  PC:0B35
0B36  CA 3A 0B  JZ 0B3A     (3)  BC:0402  DE:0900  HL:008B  AF:0046  SP:7FF3  PC:0B36
0B3A  79        MOV A,C     (3)  BC:0402  DE:0900  HL:008B  AF:0046  SP:7FF3  PC:0B3A
0B3B  07        RLC         (3)  BC:0402  DE:0900  HL:008B  AF:0246  SP:7FF3  PC:0B3B
0B3C  4F        MOV C,A     (3)  BC:0402  DE:0900  HL:008B  AF:0446  SP:7FF3  PC:0B3C
0B3D  FE 01     CPI 01      (3)  BC:0404  DE:0900  HL:008B  AF:0446  SP:7FF3  PC:0B3D
0B3F  C2 34 0B  JNZ 0B34    (3)  BC:0404  DE:0900  HL:008B  AF:0416  SP:7FF3  PC:0B3F
0B34  7B        MOV A,E     (3)  BC:0404  DE:0900  HL:008B  AF:0416  SP:7FF3  PC:0B34
0B35  A1        ANA C       (3)  BC:0404  DE:0900  HL:008B  AF:0016  SP:7FF3  PC:0B35
0B36  CA 3A 0B  JZ 0B3A     (3)  BC:0404  DE:0900  HL:008B  AF:0046  SP:7FF3  PC:0B36
0B3A  79        MOV A,C     (3)  BC:0404  DE:0900  HL:008B  AF:0046  SP:7FF3  PC:0B3A
0B3B  07        RLC         (3)  BC:0404  DE:0900  HL:008B  AF:0446  SP:7FF3  PC:0B3B
0B3C  4F        MOV C,A     (3)  BC:0404  DE:0900  HL:008B  AF:0846  SP:7FF3  PC:0B3C
0B3D  FE 01     CPI 01      (3)  BC:0408  DE:0900  HL:008B  AF:0846  SP:7FF3  PC:0B3D
0B3F  C2 34 0B  JNZ 0B34    (3)  BC:0408  DE:0900  HL:008B  AF:0812  SP:7FF3  PC:0B3F
0B34  7B        MOV A,E     (3)  BC:0408  DE:0900  HL:008B  AF:0812  SP:7FF3  PC:0B34
0B35  A1        ANA C       (3)  BC:0408  DE:0900  HL:008B  AF:0012  SP:7FF3  PC:0B35
0B36  CA 3A 0B  JZ 0B3A     (3)  BC:0408  DE:0900  HL:008B  AF:0056  SP:7FF3  PC:0B36
0B3A  79        MOV A,C     (3)  BC:0408  DE:0900  HL:008B  AF:0056  SP:7FF3  PC:0B3A
0B3B  07        RLC         (3)  BC:0408  DE:0900  HL:008B  AF:0856  SP:7FF3  PC:0B3B
0B3C  4F        MOV C,A     (3)  BC:0408  DE:0900  HL:008B  AF:1056  SP:7FF3  PC:0B3C
0B3D  FE 01     CPI 01      (3)  BC:0410  DE:0900  HL:008B  AF:1056  SP:7FF3  PC:0B3D
0B3F  C2 34 0B  JNZ 0B34    (3)  BC:0410  DE:0900  HL:008B  AF:1006  SP:7FF3  PC:0B3F
0B34  7B        MOV A,E     (3)  BC:0410  DE:0900  HL:008B  AF:1006  SP:7FF3  PC:0B34
0B35  A1        ANA C       (3)  BC:0410  DE:0900  HL:008B  AF:0006  SP:7FF3  PC:0B35
0B36  CA 3A 0B  JZ 0B3A     (3)  BC:0410  DE:0900  HL:008B  AF:0046  SP:7FF3  PC:0B36
0B3A  79        MOV A,C     (3)  BC:0410  DE:0900  HL:008B  AF:0046  SP:7FF3  PC:0B3A
0B3B  07        RLC         (3)  BC:0410  DE:0900  HL:008B  AF:1046  SP:7FF3  PC:0B3B
0B3C  4F        MOV C,A     (3)  BC:0410  DE:0900  HL:008B  AF:2046  SP:7FF3  PC:0B3C
0B3D  FE 01     CPI 01      (3)  BC:0420  DE:0900  HL:008B  AF:2046  SP:7FF3  PC:0B3D
0B3F  C2 34 0B  JNZ 0B34    (3)  BC:0420  DE:0900  HL:008B  AF:2002  SP:7FF3  PC:0B3F
0B34  7B        MOV A,E     (3)  BC:0420  DE:0900  HL:008B  AF:2002  SP:7FF3  PC:0B34
0B35  A1        ANA C       (3)  BC:0420  DE:0900  HL:008B  AF:0002  SP:7FF3  PC:0B35
0B36  CA 3A 0B  JZ 0B3A     (3)  BC:0420  DE:0900  HL:008B  AF:0046  SP:7FF3  PC:0B36
0B3A  79        MOV A,C     (3)  BC:0420  DE:0900  HL:008B  AF:0046  SP:7FF3  PC:0B3A
0B3B  07        RLC         (3)  BC:0420  DE:0900  HL:008B  AF:2046  SP:7FF3  PC:0B3B
0B3C  4F        MOV C,A     (3)  BC:0420  DE:0900  HL:008B  AF:4046  SP:7FF3  PC:0B3C
0B3D  FE 01     CPI 01      (3)  BC:0440  DE:0900  HL:008B  AF:4046  SP:7FF3  PC:0B3D
0B3F  C2 34 0B  JNZ 0B34    (3)  BC:0440  DE:0900  HL:008B  AF:4006  SP:7FF3  PC:0B3F
0B34  7B        MOV A,E     (3)  BC:0440  DE:0900  HL:008B  AF:4006  SP:7FF3  PC:0B34
0B35  A1        ANA C       (3)  BC:0440  DE:0900  HL:008B  AF:0006  SP:7FF3  PC:0B35
0B36  CA 3A 0B  JZ 0B3A     (3)  BC:0440  DE:0900  HL:008B  AF:0046  SP:7FF3  PC:0B36
0B3A  79        MOV A,C     (3)  BC:0440  DE:0900  HL:008B  AF:0046  SP:7FF3  PC:0B3A
0B3B  07        RLC         (3)  BC:0440  DE:0900  HL:008B  AF:4046  SP:7FF3  PC:0B3B
0B3C  4F        MOV C,A     (3)  BC:0440  DE:0900  HL:008B  AF:8046  SP:7FF3  PC:0B3C
0B3D  FE 01     CPI 01      (3)  BC:0480  DE:0900  HL:008B  AF:8046  SP:7FF3  PC:0B3D
0B3F  C2 34 0B  JNZ 0B34    (3)  BC:0480  DE:0900  HL:008B  AF:8002  SP:7FF3  PC:0B3F
0B34  7B        MOV A,E     (3)  BC:0480  DE:0900  HL:008B  AF:8002  SP:7FF3  PC:0B34
0B35  A1        ANA C       (3)  BC:0480  DE:0900  HL:008B  AF:0002  SP:7FF3  PC:0B35
0B36  CA 3A 0B  JZ 0B3A     (3)  BC:0480  DE:0900  HL:008B  AF:0046  SP:7FF3  PC:0B36
0B3A  79        MOV A,C     (3)  BC:0480  DE:0900  HL:008B  AF:0046  SP:7FF3  PC:0B3A
0B3B  07        RLC         (3)  BC:0480  DE:0900  HL:008B  AF:8046  SP:7FF3  PC:0B3B
0B3C  4F        MOV C,A     (3)  BC:0480  DE:0900  HL:008B  AF:0147  SP:7FF3  PC:0B3C
0B3D  FE 01     CPI 01      (3)  BC:0401  DE:0900  HL:008B  AF:0147  SP:7FF3  PC:0B3D
0B3F  C2 34 0B  JNZ 0B34    (3)  BC:0401  DE:0900  HL:008B  AF:0156  SP:7FF3  PC:0B3F
0B42  23        INX H       (3)  BC:0401  DE:0900  HL:008B  AF:0156  SP:7FF3  PC:0B42
0B43  05        DCR B       (3)  BC:0401  DE:0900  HL:008C  AF:0156  SP:7FF3  PC:0B43
0B44  C2 33 0B  JNZ 0B33    (3)  BC:0301  DE:0900  HL:008C  AF:0116  SP:7FF3  PC:0B44
0B33  5E        MOV E,M     (3)  BC:0301  DE:0900  HL:008C  AF:0116  SP:7FF3  PC:0B33
0B34  7B        MOV A,E     (3)  BC:0301  DE:0900  HL:008C  AF:0116  SP:7FF3  PC:0B34
0B35  A1        ANA C       (3)  BC:0301  DE:0900  HL:008C  AF:0016  SP:7FF3  PC:0B35
0B36  CA 3A 0B  JZ 0B3A     (3)  BC:0301  DE:0900  HL:008C  AF:0046  SP:7FF3  PC:0B36
0B3A  79        MOV A,C     (3)  BC:0301  DE:0900  HL:008C  AF:0046  SP:7FF3  PC:0B3A
0B3B  07        RLC         (3)  BC:0301  DE:0900  HL:008C  AF:0146  SP:7FF3  PC:0B3B
0B3C  4F        MOV C,A     (3)  BC:0301  DE:0900  HL:008C  AF:0246  SP:7FF3  PC:0B3C
0B3D  FE 01     CPI 01      (3)  BC:0302  DE:0900  HL:008C  AF:0246  SP:7FF3  PC:0B3D
0B3F  C2 34 0B  JNZ 0B34    (3)  BC:0302  DE:0900  HL:008C  AF:0212  SP:7FF3  PC:0B3F
0B34  7B        MOV A,E     (3)  BC:0302  DE:0900  HL:008C  AF:0212  SP:7FF3  PC:0B34
0B35  A1        ANA C       (3)  BC:0302  DE:0900  HL:008C  AF:0012  SP:7FF3  PC:0B35
0B36  CA 3A 0B  JZ 0B3A     (3)  BC:0302  DE:0900  HL:008C  AF:0046  SP:7FF3  PC:0B36
0B3A  79        MOV A,C     (3)  BC:0302  DE:0900  HL:008C  AF:0046  SP:7FF3  PC:0B3A
0B3B  07        RLC         (3)  BC:0302  DE:0900  HL:008C  AF:0246  SP:7FF3  PC:0B3B
0B3C  4F        MOV C,A     (3)  BC:0302  DE:0900  HL:008C  AF:0446  SP:7FF3  PC:0B3C
0B3D  FE 01     CPI 01      (3)  BC:0304  DE:0900  HL:008C  AF:0446  SP:7FF3  PC:0B3D
0B3F  C2 34 0B  JNZ 0B34    (3)  BC:0304  DE:0900  HL:008C  AF:0416  SP:7FF3  PC:0B3F
0B34  7B        MOV A,E     (3)  BC:0304  DE:0900  HL:008C  AF:0416  SP:7FF3  PC:0B34
0B35  A1        ANA C       (3)  BC:0304  DE:0900  HL:008C  AF:0016  SP:7FF3  PC:0B35
0B36  CA 3A 0B  JZ 0B3A     (3)  BC:0304  DE:0900  HL:008C  AF:0046  SP:7FF3  PC:0B36
0B3A  79        MOV A,C     (3)  BC:0304  DE:0900  HL:008C  AF:0046  SP:7FF3  PC:0B3A
0B3B  07        RLC         (3)  BC:0304  DE:0900  HL:008C  AF:0446  SP:7FF3  PC:0B3B
0B3C  4F        MOV C,A     (3)  BC:0304  DE:0900  HL:008C  AF:0846  SP:7FF3  PC:0B3C
0B3D  FE 01     CPI 01      (3)  BC:0308  DE:0900  HL:008C  AF:0846  SP:7FF3  PC:0B3D
0B3F  C2 34 0B  JNZ 0B34    (3)  BC:0308  DE:0900  HL:008C  AF:0812  SP:7FF3  PC:0B3F
0B34  7B        MOV A,E     (3)  BC:0308  DE:0900  HL:008C  AF:0812  SP:7FF3  PC:0B34
0B35  A1        ANA C       (3)  BC:0308  DE:0900  HL:008C  AF:0012  SP:7FF3  PC:0B35
0B36  CA 3A 0B  JZ 0B3A     (3)  BC:0308  DE:0900  HL:008C  AF:0056  SP:7FF3  PC:0B36
0B3A  79        MOV A,C     (3)  BC:0308  DE:0900  HL:008C  AF:0056  SP:7FF3  PC:0B3A
0B3B  07        RLC         (3)  BC:0308  DE:0900  HL:008C  AF:0856  SP:7FF3  PC:0B3B
0B3C  4F        MOV C,A     (3)  BC:0308  DE:0900  HL:008C  AF:1056  SP:7FF3  PC:0B3C
0B3D  FE 01     CPI 01      (3)  BC:0310  DE:0900  HL:008C  AF:1056  SP:7FF3  PC:0B3D
0B3F  C2 34 0B  JNZ 0B34    (3)  BC:0310  DE:0900  HL:008C  AF:1006  SP:7FF3  PC:0B3F
0B34  7B        MOV A,E     (3)  BC:0310  DE:0900  HL:008C  AF:1006  SP:7FF3  PC:0B34
0B35  A1        ANA C       (3)  BC:0310  DE:0900  HL:008C  AF:0006  SP:7FF3  PC:0B35
0B36  CA 3A 0B  JZ 0B3A     (3)  BC:0310  DE:0900  HL:008C  AF:0046  SP:7FF3  PC:0B36
0B3A  79        MOV A,C     (3)  BC:0310  DE:0900  HL:008C  AF:0046  SP:7FF3  PC:0B3A
0B3B  07        RLC         (3)  BC:0310  DE:0900  HL:008C  AF:1046  SP:7FF3  PC:0B3B
0B3C  4F        MOV C,A     (3)  BC:0310  DE:0900  HL:008C  AF:2046  SP:7FF3  PC:0B3C
0B3D  FE 01     CPI 01      (3)  BC:0320  DE:0900  HL:008C  AF:2046  SP:7FF3  PC:0B3D
0B3F  C2 34 0B  JNZ 0B34    (3)  BC:0320  DE:0900  HL:008C  AF:2002  SP:7FF3  PC:0B3F
0B34  7B        MOV A,E     (3)  BC:0320  DE:0900  HL:008C  AF:2002  SP:7FF3  PC:0B34
0B35  A1        ANA C       (3)  BC:0320  DE:0900  HL:008C  AF:0002  SP:7FF3  PC:0B35
0B36  CA 3A 0B  JZ 0B3A     (3)  BC:0320  DE:0900  HL:008C  AF:0046  SP:7FF3  PC:0B36
0B3A  79        MOV A,C     (3)  BC:0320  DE:0900  HL:008C  AF:0046  SP:7FF3  PC:0B3A
0B3B  07        RLC         (3)  BC:0320  DE:0900  HL:008C  AF:2046  SP:7FF3  PC:0B3B
0B3C  4F        MOV C,A     (3)  BC:0320  DE:0900  HL:008C  AF:4046  SP:7FF3  PC:0B3C
0B3D  FE 01     CPI 01      (3)  BC:0340  DE:0900  HL:008C  AF:4046  SP:7FF3  PC:0B3D
0B3F  C2 34 0B  JNZ 0B34    (3)  BC:0340  DE:0900  HL:008C  AF:4006  SP:7FF3  PC:0B3F
0B34  7B        MOV A,E     (3)  BC:0340  DE:0900  HL:008C  AF:4006  SP:7FF3  PC:0B34
0B35  A1        ANA C       (3)  BC:0340  DE:0900  HL:008C  AF:0006  SP:7FF3  PC:0B35
0B36  CA 3A 0B  JZ 0B3A     (3)  BC:0340  DE:0900  HL:008C  AF:0046  SP:7FF3  PC:0B36
0B3A  79        MOV A,C     (3)  BC:0340  DE:0900  HL:008C  AF:0046  SP:7FF3  PC:0B3A
0B3B  07        RLC         (3)  BC:0340  DE:0900  HL:008C  AF:4046  SP:7FF3  PC:0B3B
0B3C  4F        MOV C,A     (3)  BC:0340  DE:0900  HL:008C  AF:8046  SP:7FF3  PC:0B3C
0B3D  FE 01     CPI 01      (3)  BC:0380  DE:0900  HL:008C  AF:8046  SP:7FF3  PC:0B3D
0B3F  C2 34 0B  JNZ 0B34    (3)  BC:0380  DE:0900  HL:008C  AF:8002  SP:7FF3  PC:0B3F
0B34  7B        MOV A,E     (3)  BC:0380  DE:0900  HL:008C  AF:8002  SP:7FF3  PC:0B34
0B35  A1        ANA C       (3)  BC:0380  DE:0900  HL:008C  AF:0002  SP:7FF3  PC:0B35
0B36  CA 3A 0B  JZ 0B3A     (3)  BC:0380  DE:0900  HL:008C  AF:0046  SP:7FF3  PC:0B36
0B3A  79        MOV A,C     (3)  BC:0380  DE:0900  HL:008C  AF:0046  SP:7FF3  PC:0B3A
0B3B  07        RLC         (3)  BC:0380  DE:0900  HL:008C  AF:8046  SP:7FF3  PC:0B3B
0B3C  4F        MOV C,A     (3)  BC:0380  DE:0900  HL:008C  AF:0147  SP:7FF3  PC:0B3C
0B3D  FE 01     CPI 01      (3)  BC:0301  DE:0900  HL:008C  AF:0147  SP:7FF3  PC:0B3D
0B3F  C2 34 0B  JNZ 0B34    (3)  BC:0301  DE:0900  HL:008C  AF:0156  SP:7FF3  PC:0B3F
0B42  23        INX H       (3)  BC:0301  DE:0900  HL:008C  AF:0156  SP:7FF3  PC:0B42
0B43  05        DCR B       (3)  BC:0301  DE:0900  HL:008D  AF:0156  SP:7FF3  PC:0B43
0B44  C2 33 0B  JNZ 0B33    (3)  BC:0201  DE:0900  HL:008D  AF:0112  SP:7FF3  PC:0B44
0B33  5E        MOV E,M     (3)  BC:0201  DE:0900  HL:008D  AF:0112  SP:7FF3  PC:0B33
0B34  7B        MOV A,E     (3)  BC:0201  DE:0900  HL:008D  AF:0112  SP:7FF3  PC:0B34
0B35  A1        ANA C       (3)  BC:0201  DE:0900  HL:008D  AF:0012  SP:7FF3  PC:0B35
0B36  CA 3A 0B  JZ 0B3A     (3)  BC:0201  DE:0900  HL:008D  AF:0046  SP:7FF3  PC:0B36
0B3A  79        MOV A,C     (3)  BC:0201  DE:0900  HL:008D  AF:0046  SP:7FF3  PC:0B3A
0B3B  07        RLC         (3)  BC:0201  DE:0900  HL:008D  AF:0146  SP:7FF3  PC:0B3B
0B3C  4F        MOV C,A     (3)  BC:0201  DE:0900  HL:008D  AF:0246  SP:7FF3  PC:0B3C
0B3D  FE 01     CPI 01      (3)  BC:0202  DE:0900  HL:008D  AF:0246  SP:7FF3  PC:0B3D
0B3F  C2 34 0B  JNZ 0B34    (3)  BC:0202  DE:0900  HL:008D  AF:0212  SP:7FF3  PC:0B3F
0B34  7B        MOV A,E     (3)  BC:0202  DE:0900  HL:008D  AF:0212  SP:7FF3  PC:0B34
0B35  A1        ANA C       (3)  BC:0202  DE:0900  HL:008D  AF:0012  SP:7FF3  PC:0B35
0B36  CA 3A 0B  JZ 0B3A     (3)  BC:0202  DE:0900  HL:008D  AF:0046  SP:7FF3  PC:0B36
0B3A  79        MOV A,C     (3)  BC:0202  DE:0900  HL:008D  AF:0046  SP:7FF3  PC:0B3A
0B3B  07        RLC         (3)  BC:0202  DE:0900  HL:008D  AF:0246  SP:7FF3  PC:0B3B
0B3C  4F        MOV C,A     (3)  BC:0202  DE:0900  HL:008D  AF:0446  SP:7FF3  PC:0B3C
0B3D  FE 01     CPI 01      (3)  BC:0204  DE:0900  HL:008D  AF:0446  SP:7FF3  PC:0B3D
0B3F  C2 34 0B  JNZ 0B34    (3)  BC:0204  DE:0900  HL:008D  AF:0416  SP:7FF3  PC:0B3F
0B34  7B        MOV A,E     (3)  BC:0204  DE:0900  HL:008D  AF:0416  SP:7FF3  PC:0B34
0B35  A1        ANA C       (3)  BC:0204  DE:0900  HL:008D  AF:0016  SP:7FF3  PC:0B35
0B36  CA 3A 0B  JZ 0B3A     (3)  BC:0204  DE:0900  HL:008D  AF:0046  SP:7FF3  PC:0B36
0B3A  79        MOV A,C     (3)  BC:0204  DE:0900  HL:008D  AF:0046  SP:7FF3  PC:0B3A
0B3B  07        RLC         (3)  BC:0204  DE:0900  HL:008D  AF:0446  SP:7FF3  PC:0B3B
0B3C  4F        MOV C,A     (3)  BC:0204  DE:0900  HL:008D  AF:0846  SP:7FF3  PC:0B3C
0B3D  FE 01     CPI 01      (3)  BC:0208  DE:0900  HL:008D  AF:0846  SP:7FF3  PC:0B3D
0B3F  C2 34 0B  JNZ 0B34    (3)  BC:0208  DE:0900  HL:008D  AF:0812  SP:7FF3  PC:0B3F
0B34  7B        MOV A,E     (3)  BC:0208  DE:0900  HL:008D  AF:0812  SP:7FF3  PC:0B34
0B35  A1        ANA C       (3)  BC:0208  DE:0900  HL:008D  AF:0012  SP:7FF3  PC:0B35
0B36  CA 3A 0B  JZ 0B3A     (3)  BC:0208  DE:0900  HL:008D  AF:0056  SP:7FF3  PC:0B36
0B3A  79        MOV A,C     (3)  BC:0208  DE:0900  HL:008D  AF:0056  SP:7FF3  PC:0B3A
0B3B  07        RLC         (3)  BC:0208  DE:0900  HL:008D  AF:0856  SP:7FF3  PC:0B3B
0B3C  4F        MOV C,A     (3)  BC:0208  DE:0900  HL:008D  AF:1056  SP:7FF3  PC:0B3C
0B3D  FE 01     CPI 01      (3)  BC:0210  DE:0900  HL:008D  AF:1056  SP:7FF3  PC:0B3D
0B3F  C2 34 0B  JNZ 0B34    (3)  BC:0210  DE:0900  HL:008D  AF:1006  SP:7FF3  PC:0B3F
0B34  7B        MOV A,E     (3)  BC:0210  DE:0900  HL:008D  AF:1006  SP:7FF3  PC:0B34
0B35  A1        ANA C       (3)  BC:0210  DE:0900  HL:008D  AF:0006  SP:7FF3  PC:0B35
0B36  CA 3A 0B  JZ 0B3A     (3)  BC:0210  DE:0900  HL:008D  AF:0046  SP:7FF3  PC:0B36
0B3A  79        MOV A,C     (3)  BC:0210  DE:0900  HL:008D  AF:0046  SP:7FF3  PC:0B3A
0B3B  07        RLC         (3)  BC:0210  DE:0900  HL:008D  AF:1046  SP:7FF3  PC:0B3B
0B3C  4F        MOV C,A     (3)  BC:0210  DE:0900  HL:008D  AF:2046  SP:7FF3  PC:0B3C
0B3D  FE 01     CPI 01      (3)  BC:0220  DE:0900  HL:008D  AF:2046  SP:7FF3  PC:0B3D
0B3F  C2 34 0B  JNZ 0B34    (3)  BC:0220  DE:0900  HL:008D  AF:2002  SP:7FF3  PC:0B3F
0B34  7B        MOV A,E     (3)  BC:0220  DE:0900  HL:008D  AF:2002  SP:7FF3  PC:0B34
0B35  A1        ANA C       (3)  BC:0220  DE:0900  HL:008D  AF:0002  SP:7FF3  PC:0B35
0B36  CA 3A 0B  JZ 0B3A     (3)  BC:0220  DE:0900  HL:008D  AF:0046  SP:7FF3  PC:0B36
0B3A  79        MOV A,C     (3)  BC:0220  DE:0900  HL:008D  AF:0046  SP:7FF3  PC:0B3A
0B3B  07        RLC         (3)  BC:0220  DE:0900  HL:008D  AF:2046  SP:7FF3  PC:0B3B
0B3C  4F        MOV C,A     (3)  BC:0220  DE:0900  HL:008D  AF:4046  SP:7FF3  PC:0B3C
0B3D  FE 01     CPI 01      (3)  BC:0240  DE:0900  HL:008D  AF:4046  SP:7FF3  PC:0B3D
0B3F  C2 34 0B  JNZ 0B34    (3)  BC:0240  DE:0900  HL:008D  AF:4006  SP:7FF3  PC:0B3F
0B34  7B        MOV A,E     (3)  BC:0240  DE:0900  HL:008D  AF:4006  SP:7FF3  PC:0B34
0B35  A1        ANA C       (3)  BC:0240  DE:0900  HL:008D  AF:0006  SP:7FF3  PC:0B35
0B36  CA 3A 0B  JZ 0B3A     (3)  BC:0240  DE:0900  HL:008D  AF:0046  SP:7FF3  PC:0B36
0B3A  79        MOV A,C     (3)  BC:0240  DE:0900  HL:008D  AF:0046  SP:7FF3  PC:0B3A
0B3B  07        RLC         (3)  BC:0240  DE:0900  HL:008D  AF:4046  SP:7FF3  PC:0B3B
0B3C  4F        MOV C,A     (3)  BC:0240  DE:0900  HL:008D  AF:8046  SP:7FF3  PC:0B3C
0B3D  FE 01     CPI 01      (3)  BC:0280  DE:0900  HL:008D  AF:8046  SP:7FF3  PC:0B3D
0B3F  C2 34 0B  JNZ 0B34    (3)  BC:0280  DE:0900  HL:008D  AF:8002  SP:7FF3  PC:0B3F
0B34  7B        MOV A,E     (3)  BC:0280  DE:0900  HL:008D  AF:8002  SP:7FF3  PC:0B34
0B35  A1        ANA C       (3)  BC:0280  DE:0900  HL:008D  AF:0002  SP:7FF3  PC:0B35
0B36  CA 3A 0B  JZ 0B3A     (3)  BC:0280  DE:0900  HL:008D  AF:0046  SP:7FF3  PC:0B36
0B3A  79        MOV A,C     (3)  BC:0280  DE:0900  HL:008D  AF:0046  SP:7FF3  PC:0B3A
0B3B  07        RLC         (3)  BC:0280  DE:0900  HL:008D  AF:8046  SP:7FF3  PC:0B3B
0B3C  4F        MOV C,A     (3)  BC:0280  DE:0900  HL:008D  AF:0147  SP:7FF3  PC:0B3C
0B3D  FE 01     CPI 01      (3)  BC:0201  DE:0900  HL:008D  AF:0147  SP:7FF3  PC:0B3D
0B3F  C2 34 0B  JNZ 0B34    (3)  BC:0201  DE:0900  HL:008D  AF:0156  SP:7FF3  PC:0B3F
0B42  23        INX H       (3)  BC:0201  DE:0900  HL:008D  AF:0156  SP:7FF3  PC:0B42
0B43  05        DCR B       (3)  BC:0201  DE:0900  HL:008E  AF:0156  SP:7FF3  PC:0B43
0B44  C2 33 0B  JNZ 0B33    (3)  BC:0101  DE:0900  HL:008E  AF:0112  SP:7FF3  PC:0B44
0B33  5E        MOV E,M     (3)  BC:0101  DE:0900  HL:008E  AF:0112  SP:7FF3  PC:0B33
0B34  7B        MOV A,E     (3)  BC:0101  DE:0900  HL:008E  AF:0112  SP:7FF3  PC:0B34
0B35  A1        ANA C       (3)  BC:0101  DE:0900  HL:008E  AF:0012  SP:7FF3  PC:0B35
0B36  CA 3A 0B  JZ 0B3A     (3)  BC:0101  DE:0900  HL:008E  AF:0046  SP:7FF3  PC:0B36
0B3A  79        MOV A,C     (3)  BC:0101  DE:0900  HL:008E  AF:0046  SP:7FF3  PC:0B3A
0B3B  07        RLC         (3)  BC:0101  DE:0900  HL:008E  AF:0146  SP:7FF3  PC:0B3B
0B3C  4F        MOV C,A     (3)  BC:0101  DE:0900  HL:008E  AF:0246  SP:7FF3  PC:0B3C
0B3D  FE 01     CPI 01      (3)  BC:0102  DE:0900  HL:008E  AF:0246  SP:7FF3  PC:0B3D
0B3F  C2 34 0B  JNZ 0B34    (3)  BC:0102  DE:0900  HL:008E  AF:0212  SP:7FF3  PC:0B3F
0B34  7B        MOV A,E     (3)  BC:0102  DE:0900  HL:008E  AF:0212  SP:7FF3  PC:0B34
0B35  A1        ANA C       (3)  BC:0102  DE:0900  HL:008E  AF:0012  SP:7FF3  PC:0B35
0B36  CA 3A 0B  JZ 0B3A     (3)  BC:0102  DE:0900  HL:008E  AF:0046  SP:7FF3  PC:0B36
0B3A  79        MOV A,C     (3)  BC:0102  DE:0900  HL:008E  AF:0046  SP:7FF3  PC:0B3A
0B3B  07        RLC         (3)  BC:0102  DE:0900  HL:008E  AF:0246  SP:7FF3  PC:0B3B
0B3C  4F        MOV C,A     (3)  BC:0102  DE:0900  HL:008E  AF:0446  SP:7FF3  PC:0B3C
0B3D  FE 01     CPI 01      (3)  BC:0104  DE:0900  HL:008E  AF:0446  SP:7FF3  PC:0B3D
0B3F  C2 34 0B  JNZ 0B34    (3)  BC:0104  DE:0900  HL:008E  AF:0416  SP:7FF3  PC:0B3F
0B34  7B        MOV A,E     (3)  BC:0104  DE:0900  HL:008E  AF:0416  SP:7FF3  PC:0B34
0B35  A1        ANA C       (3)  BC:0104  DE:0900  HL:008E  AF:0016  SP:7FF3  PC:0B35
0B36  CA 3A 0B  JZ 0B3A     (3)  BC:0104  DE:0900  HL:008E  AF:0046  SP:7FF3  PC:0B36
0B3A  79        MOV A,C     (3)  BC:0104  DE:0900  HL:008E  AF:0046  SP:7FF3  PC:0B3A
0B3B  07        RLC         (3)  BC:0104  DE:0900  HL:008E  AF:0446  SP:7FF3  PC:0B3B
0B3C  4F        MOV C,A     (3)  BC:0104  DE:0900  HL:008E  AF:0846  SP:7FF3  PC:0B3C
0B3D  FE 01     CPI 01      (3)  BC:0108  DE:0900  HL:008E  AF:0846  SP:7FF3  PC:0B3D
0B3F  C2 34 0B  JNZ 0B34    (3)  BC:0108  DE:0900  HL:008E  AF:0812  SP:7FF3  PC:0B3F
0B34  7B        MOV A,E     (3)  BC:0108  DE:0900  HL:008E  AF:0812  SP:7FF3  PC:0B34
0B35  A1        ANA C       (3)  BC:0108  DE:0900  HL:008E  AF:0012  SP:7FF3  PC:0B35
0B36  CA 3A 0B  JZ 0B3A     (3)  BC:0108  DE:0900  HL:008E  AF:0056  SP:7FF3  PC:0B36
0B3A  79        MOV A,C     (3)  BC:0108  DE:0900  HL:008E  AF:0056  SP:7FF3  PC:0B3A
0B3B  07        RLC         (3)  BC:0108  DE:0900  HL:008E  AF:0856  SP:7FF3  PC:0B3B
0B3C  4F        MOV C,A     (3)  BC:0108  DE:0900  HL:008E  AF:1056  SP:7FF3  PC:0B3C
0B3D  FE 01     CPI 01      (3)  BC:0110  DE:0900  HL:008E  AF:1056  SP:7FF3  PC:0B3D
0B3F  C2 34 0B  JNZ 0B34    (3)  BC:0110  DE:0900  HL:008E  AF:1006  SP:7FF3  PC:0B3F
0B34  7B        MOV A,E     (3)  BC:0110  DE:0900  HL:008E  AF:1006  SP:7FF3  PC:0B34
0B35  A1        ANA C       (3)  BC:0110  DE:0900  HL:008E  AF:0006  SP:7FF3  PC:0B35
0B36  CA 3A 0B  JZ 0B3A     (3)  BC:0110  DE:0900  HL:008E  AF:0046  SP:7FF3  PC:0B36
0B3A  79        MOV A,C     (3)  BC:0110  DE:0900  HL:008E  AF:0046  SP:7FF3  PC:0B3A
0B3B  07        RLC         (3)  BC:0110  DE:0900  HL:008E  AF:1046  SP:7FF3  PC:0B3B
0B3C  4F        MOV C,A     (3)  BC:0110  DE:0900  HL:008E  AF:2046  SP:7FF3  PC:0B3C
0B3D  FE 01     CPI 01      (3)  BC:0120  DE:0900  HL:008E  AF:2046  SP:7FF3  PC:0B3D
0B3F  C2 34 0B  JNZ 0B34    (3)  BC:0120  DE:0900  HL:008E  AF:2002  SP:7FF3  PC:0B3F
0B34  7B        MOV A,E     (3)  BC:0120  DE:0900  HL:008E  AF:2002  SP:7FF3  PC:0B34
0B35  A1        ANA C       (3)  BC:0120  DE:0900  HL:008E  AF:0002  SP:7FF3  PC:0B35
0B36  CA 3A 0B  JZ 0B3A     (3)  BC:0120  DE:0900  HL:008E  AF:0046  SP:7FF3  PC:0B36
0B3A  79        MOV A,C     (3)  BC:0120  DE:0900  HL:008E  AF:0046  SP:7FF3  PC:0B3A
0B3B  07        RLC         (3)  BC:0120  DE:0900  HL:008E  AF:2046  SP:7FF3  PC:0B3B
0B3C  4F        MOV C,A     (3)  BC:0120  DE:0900  HL:008E  AF:4046  SP:7FF3  PC:0B3C
0B3D  FE 01     CPI 01      (3)  BC:0140  DE:0900  HL:008E  AF:4046  SP:7FF3  PC:0B3D
0B3F  C2 34 0B  JNZ 0B34    (3)  BC:0140  DE:0900  HL:008E  AF:4006  SP:7FF3  PC:0B3F
0B34  7B        MOV A,E     (3)  BC:0140  DE:0900  HL:008E  AF:4006  SP:7FF3  PC:0B34
0B35  A1        ANA C       (3)  BC:0140  DE:0900  HL:008E  AF:0006  SP:7FF3  PC:0B35
0B36  CA 3A 0B  JZ 0B3A     (3)  BC:0140  DE:0900  HL:008E  AF:0046  SP:7FF3  PC:0B36
0B3A  79        MOV A,C     (3)  BC:0140  DE:0900  HL:008E  AF:0046  SP:7FF3  PC:0B3A
0B3B  07        RLC         (3)  BC:0140  DE:0900  HL:008E  AF:4046  SP:7FF3  PC:0B3B
0B3C  4F        MOV C,A     (3)  BC:0140  DE:0900  HL:008E  AF:8046  SP:7FF3  PC:0B3C
0B3D  FE 01     CPI 01      (3)  BC:0180  DE:0900  HL:008E  AF:8046  SP:7FF3  PC:0B3D
0B3F  C2 34 0B  JNZ 0B34    (3)  BC:0180  DE:0900  HL:008E  AF:8002  SP:7FF3  PC:0B3F
0B34  7B        MOV A,E     (3)  BC:0180  DE:0900  HL:008E  AF:8002  SP:7FF3  PC:0B34
0B35  A1        ANA C       (3)  BC:0180  DE:0900  HL:008E  AF:0002  SP:7FF3  PC:0B35
0B36  CA 3A 0B  JZ 0B3A     (3)  BC:0180  DE:0900  HL:008E  AF:0046  SP:7FF3  PC:0B36
0B3A  79        MOV A,C     (3)  BC:0180  DE:0900  HL:008E  AF:0046  SP:7FF3  PC:0B3A
0B3B  07        RLC         (3)  BC:0180  DE:0900  HL:008E  AF:8046  SP:7FF3  PC:0B3B
0B3C  4F        MOV C,A     (3)  BC:0180  DE:0900  HL:008E  AF:0147  SP:7FF3  PC:0B3C
0B3D  FE 01     CPI 01      (3)  BC:0101  DE:0900  HL:008E  AF:0147  SP:7FF3  PC:0B3D
0B3F  C2 34 0B  JNZ 0B34    (3)  BC:0101  DE:0900  HL:008E  AF:0156  SP:7FF3  PC:0B3F
0B42  23        INX H       (3)  BC:0101  DE:0900  HL:008E  AF:0156  SP:7FF3  PC:0B42
0B43  05        DCR B       (3)  BC:0101  DE:0900  HL:008F  AF:0156  SP:7FF3  PC:0B43
0B44  C2 33 0B  JNZ 0B33    (3)  BC:0001  DE:0900  HL:008F  AF:0156  SP:7FF3  PC:0B44
0B47  7A        MOV A,D     (3)  BC:0001  DE:0900  HL:008F  AF:0156  SP:7FF3  PC:0B47
0B48  E6 F8     ANI F8      (3)  BC:0001  DE:0900  HL:008F  AF:0956  SP:7FF3  PC:0B48
0B4A  0F        RRC         (3)  BC:0001  DE:0900  HL:008F  AF:0812  SP:7FF3  PC:0B4A
0B4B  0F        RRC         (3)  BC:0001  DE:0900  HL:008F  AF:0412  SP:7FF3  PC:0B4B
0B4C  0F        RRC         (3)  BC:0001  DE:0900  HL:008F  AF:0212  SP:7FF3  PC:0B4C
0B4D  6F        MOV L,A     (3)  BC:0001  DE:0900  HL:008F  AF:0112  SP:7FF3  PC:0B4D
0B4E  26 00     MVI H,00    (3)  BC:0001  DE:0900  HL:0001  AF:0112  SP:7FF3  PC:0B4E
0B50  7A        MOV A,D     (3)  BC:0001  DE:0900  HL:0001  AF:0112  SP:7FF3  PC:0B50
0B51  E6 07     ANI 07      (3)  BC:0001  DE:0900  HL:0001  AF:0912  SP:7FF3  PC:0B51
0B53  3C        INR A       (3)  BC:0001  DE:0900  HL:0001  AF:0112  SP:7FF3  PC:0B53
0B54  47        MOV B,A     (3)  BC:0001  DE:0900  HL:0001  AF:0202  SP:7FF3  PC:0B54
0B55  3E 80     MVI A,80    (3)  BC:0201  DE:0900  HL:0001  AF:0202  SP:7FF3  PC:0B55
0B57  07        RLC         (3)  BC:0201  DE:0900  HL:0001  AF:8002  SP:7FF3  PC:0B57
0B58  05        DCR B       (3)  BC:0201  DE:0900  HL:0001  AF:0103  SP:7FF3  PC:0B58
0B59  C2 57 0B  JNZ 0B57    (3)  BC:0101  DE:0900  HL:0001  AF:0113  SP:7FF3  PC:0B59
0B57  07        RLC         (3)  BC:0101  DE:0900  HL:0001  AF:0113  SP:7FF3  PC:0B57
0B58  05        DCR B       (3)  BC:0101  DE:0900  HL:0001  AF:0212  SP:7FF3  PC:0B58
0B59  C2 57 0B  JNZ 0B57    (3)  BC:0001  DE:0900  HL:0001  AF:0256  SP:7FF3  PC:0B59
0B5C  D1        POP D       (3)  BC:0001  DE:0900  HL:0001  AF:0256  SP:7FF3  PC:0B5C
0B5D  19        DAD D       (3)  BC:0001  DE:0BB5  HL:0001  AF:0256  SP:7FF5  PC:0B5D
0B5E  11 14 00  LXI D,0014  (3)  BC:0001  DE:0BB5  HL:0BB6  AF:0256  SP:7FF5  PC:0B5E
0B61  19        DAD D       (3)  BC:0001  DE:0014  HL:0BB6  AF:0256  SP:7FF5  PC:0B61
0B62  77        MOV M,A     (3)  BC:0001  DE:0014  HL:0BCA  AF:0256  SP:7FF5  PC:0B62
0B63  C9        RET         (3)  BC:0001  DE:0014  HL:0BCA  AF:0256  SP:7FF5  PC:0B63
09C2  E1        POP H       (2)  BC:0001  DE:0014  HL:0BCA  AF:0256  SP:7FF7  PC:09C2
09C3  E5        PUSH H      (2)  BC:0001  DE:0014  HL:0067  AF:0256  SP:7FF9  PC:09C3
09C4  11 28 00  LXI D,0028  (2)  BC:0001  DE:0014  HL:0067  AF:0256  SP:7FF7  PC:09C4
09C7  19        DAD D       (2)  BC:0001  DE:0028  HL:0067  AF:0256  SP:7FF7  PC:09C7
09C8  11 DD 0B  LXI D,0BDD  (2)  BC:0001  DE:0028  HL:008F  AF:0256  SP:7FF7  PC:09C8
09CB  CD 24 0B  CALL 0B24   (2)  BC:0001  DE:0BDD  HL:008F  AF:0256  SP:7FF7  PC:09CB
0B24  D5        PUSH D      (3)  BC:0001  DE:0BDD  HL:008F  AF:0256  SP:7FF5  PC:0B24
0B25  EB        XCHG        (3)  BC:0001  DE:0BDD  HL:008F  AF:0256  SP:7FF3  PC:0B25
0B26  01 28 00  LXI B,0028  (3)  BC:0001  DE:008F  HL:0BDD  AF:0256  SP:7FF3  PC:0B26
0B29  CD 0B 0B  CALL 0B0B   (3)  BC:0028  DE:008F  HL:0BDD  AF:0256  SP:7FF3  PC:0B29
0B2C  EB        XCHG        (3)  BC:0028  DE:008F  HL:0BDD  AF:0256  SP:7FF3  PC:0B2C
0B2D  06 14     MVI B,14    (3)  BC:0028  DE:0BDD  HL:008F  AF:0256  SP:7FF3  PC:0B2D
0B2F  0E 01     MVI C,01    (3)  BC:1428  DE:0BDD  HL:008F  AF:0256  SP:7FF3  PC:0B2F
0B31  16 00     MVI D,00    (3)  BC:1401  DE:0BDD  HL:008F  AF:0256  SP:7FF3  PC:0B31
0B33  5E        MOV E,M     (3)  BC:1401  DE:00DD  HL:008F  AF:0256  SP:7FF3  PC:0B33
0B34  7B        MOV A,E     (3)  BC:1401  DE:0000  HL:008F  AF:0256  SP:7FF3  PC:0B34
0B35  A1        ANA C       (3)  BC:1401  DE:0000  HL:008F  AF:0056  SP:7FF3  PC:0B35
0B36  CA 3A 0B  JZ 0B3A     (3)  BC:1401  DE:0000  HL:008F  AF:0046  SP:7FF3  PC:0B36
0B3A  79        MOV A,C     (3)  BC:1401  DE:0000  HL:008F  AF:0046  SP:7FF3  PC:0B3A
0B3B  07        RLC         (3)  BC:1401  DE:0000  HL:008F  AF:0146  SP:7FF3  PC:0B3B
0B3C  4F        MOV C,A     (3)  BC:1401  DE:0000  HL:008F  AF:0246  SP:7FF3  PC:0B3C
0B3D  FE 01     CPI 01      (3)  BC:1402  DE:0000  HL:008F  AF:0246  SP:7FF3  PC:0B3D
0B3F  C2 34 0B  JNZ 0B34    (3)  BC:1402  DE:0000  HL:008F  AF:0212  SP:7FF3  PC:0B3F
0B34  7B        MOV A,E     (3)  BC:1402  DE:0000  HL:008F  AF:0212  SP:7FF3  PC:0B34
0B35  A1        ANA C       (3)  BC:1402  DE:0000  HL:008F  AF:0012  SP:7FF3  PC:0B35
0B36  CA 3A 0B  JZ 0B3A     (3)  BC:1402  DE:0000  HL:008F  AF:0046  SP:7FF3  PC:0B36
0B3A  79        MOV A,C     (3)  BC:1402  DE:0000  HL:008F  AF:0046  SP:7FF3  PC:0B3A
0B3B  07        RLC         (3)  BC:1402  DE:0000  HL:008F  AF:0246  SP:7FF3  PC:0B3B
0B3C  4F        MOV C,A     (3)  BC:1402  DE:0000  HL:008F  AF:0446  SP:7FF3  PC:0B3C
0B3D  FE 01     CPI 01      (3)  BC:1404  DE:0000  HL:008F  AF:0446  SP:7FF3  PC:0B3D
0B3F  C2 34 0B  JNZ 0B34    (3)  BC:1404  DE:0000  HL:008F  AF:0416  SP:7FF3  PC:0B3F
0B34  7B        MOV A,E     (3)  BC:1404  DE:0000  HL:008F  AF:0416  SP:7FF3  PC:0B34
0B35  A1        ANA C       (3)  BC:1404  DE:0000  HL:008F  AF:0016  SP:7FF3  PC:0B35
0B36  CA 3A 0B  JZ 0B3A     (3)  BC:1404  DE:0000  HL:008F  AF:0046  SP:7FF3  PC:0B36
0B3A  79        MOV A,C     (3)  BC:1404  DE:0000  HL:008F  AF:0046  SP:7FF3  PC:0B3A
0B3B  07        RLC         (3)  BC:1404  DE:0000  HL:008F  AF:0446  SP:7FF3  PC:0B3B
0B3C  4F        MOV C,A     (3)  BC:1404  DE:0000  HL:008F  AF:0846  SP:7FF3  PC:0B3C
0B3D  FE 01     CPI 01      (3)  BC:1408  DE:0000  HL:008F  AF:0846  SP:7FF3  PC:0B3D
0B3F  C2 34 0B  JNZ 0B34    (3)  BC:1408  DE:0000  HL:008F  AF:0812  SP:7FF3  PC:0B3F
0B34  7B        MOV A,E     (3)  BC:1408  DE:0000  HL:008F  AF:0812  SP:7FF3  PC:0B34
0B35  A1        ANA C       (3)  BC:1408  DE:0000  HL:008F  AF:0012  SP:7FF3  PC:0B35
0B36  CA 3A 0B  JZ 0B3A     (3)  BC:1408  DE:0000  HL:008F  AF:0056  SP:7FF3  PC:0B36
0B3A  79        MOV A,C     (3)  BC:1408  DE:0000  HL:008F  AF:0056  SP:7FF3  PC:0B3A
0B3B  07        RLC         (3)  BC:1408  DE:0000  HL:008F  AF:0856  SP:7FF3  PC:0B3B
0B3C  4F        MOV C,A     (3)  BC:1408  DE:0000  HL:008F  AF:1056  SP:7FF3  PC:0B3C
0B3D  FE 01     CPI 01      (3)  BC:1410  DE:0000  HL:008F  AF:1056  SP:7FF3  PC:0B3D
0B3F  C2 34 0B  JNZ 0B34    (3)  BC:1410  DE:0000  HL:008F  AF:1006  SP:7FF3  PC:0B3F
0B34  7B        MOV A,E     (3)  BC:1410  DE:0000  HL:008F  AF:1006  SP:7FF3  PC:0B34
0B35  A1        ANA C       (3)  BC:1410  DE:0000  HL:008F  AF:0006  SP:7FF3  PC:0B35
0B36  CA 3A 0B  JZ 0B3A     (3)  BC:1410  DE:0000  HL:008F  AF:0046  SP:7FF3  PC:0B36
0B3A  79        MOV A,C     (3)  BC:1410  DE:0000  HL:008F  AF:0046  SP:7FF3  PC:0B3A
0B3B  07        RLC         (3)  BC:1410  DE:0000  HL:008F  AF:1046  SP:7FF3  PC:0B3B
0B3C  4F        MOV C,A     (3)  BC:1410  DE:0000  HL:008F  AF:2046  SP:7FF3  PC:0B3C
0B3D  FE 01     CPI 01      (3)  BC:1420  DE:0000  HL:008F  AF:2046  SP:7FF3  PC:0B3D
0B3F  C2 34 0B  JNZ 0B34    (3)  BC:1420  DE:0000  HL:008F  AF:2002  SP:7FF3  PC:0B3F
0B34  7B        MOV A,E     (3)  BC:1420  DE:0000  HL:008F  AF:2002  SP:7FF3  PC:0B34
0B35  A1        ANA C       (3)  BC:1420  DE:0000  HL:008F  AF:0002  SP:7FF3  PC:0B35
0B36  CA 3A 0B  JZ 0B3A     (3)  BC:1420  DE:0000  HL:008F  AF:0046  SP:7FF3  PC:0B36
0B3A  79        MOV A,C     (3)  BC:1420  DE:0000  HL:008F  AF:0046  SP:7FF3  PC:0B3A
0B3B  07        RLC         (3)  BC:1420  DE:0000  HL:008F  AF:2046  SP:7FF3  PC:0B3B
0B3C  4F        MOV C,A     (3)  BC:1420  DE:0000  HL:008F  AF:4046  SP:7FF3  PC:0B3C
0B3D  FE 01     CPI 01      (3)  BC:1440  DE:0000  HL:008F  AF:4046  SP:7FF3  PC:0B3D
0B3F  C2 34 0B  JNZ 0B34    (3)  BC:1440  DE:0000  HL:008F  AF:4006  SP:7FF3  PC:0B3F
0B34  7B        MOV A,E     (3)  BC:1440  DE:0000  HL:008F  AF:4006  SP:7FF3  PC:0B34
0B35  A1        ANA C       (3)  BC:1440  DE:0000  HL:008F  AF:0006  SP:7FF3  PC:0B35
0B36  CA 3A 0B  JZ 0B3A     (3)  BC:1440  DE:0000  HL:008F  AF:0046  SP:7FF3  PC:0B36
0B3A  79        MOV A,C     (3)  BC:1440  DE:0000  HL:008F  AF:0046  SP:7FF3  PC:0B3A
0B3B  07        RLC         (3)  BC:1440  DE:0000  HL:008F  AF:4046  SP:7FF3  PC:0B3B
0B3C  4F        MOV C,A     (3)  BC:1440  DE:0000  HL:008F  AF:8046  SP:7FF3  PC:0B3C
0B3D  FE 01     CPI 01      (3)  BC:1480  DE:0000  HL:008F  AF:8046  SP:7FF3  PC:0B3D
0B3F  C2 34 0B  JNZ 0B34    (3)  BC:1480  DE:0000  HL:008F  AF:8002  SP:7FF3  PC:0B3F
0B34  7B        MOV A,E     (3)  BC:1480  DE:0000  HL:008F  AF:8002  SP:7FF3  PC:0B34
0B35  A1        ANA C       (3)  BC:1480  DE:0000  HL:008F  AF:0002  SP:7FF3  PC:0B35
0B36  CA 3A 0B  JZ 0B3A     (3)  BC:1480  DE:0000  HL:008F  AF:0046  SP:7FF3  PC:0B36
0B3A  79        MOV A,C     (3)  BC:1480  DE:0000  HL:008F  AF:0046  SP:7FF3  PC:0B3A
0B3B  07        RLC         (3)  BC:1480  DE:0000  HL:008F  AF:8046  SP:7FF3  PC:0B3B
0B3C  4F        MOV C,A     (3)  BC:1480  DE:0000  HL:008F  AF:0147  SP:7FF3  PC:0B3C
0B3D  FE 01     CPI 01      (3)  BC:1401  DE:0000  HL:008F  AF:0147  SP:7FF3  PC:0B3D
0B3F  C2 34 0B  JNZ 0B34    (3)  BC:1401  DE:0000  HL:008F  AF:0156  SP:7FF3  PC:0B3F
0B42  23        INX H       (3)  BC:1401  DE:0000  HL:008F  AF:0156  SP:7FF3  PC:0B42
0B43  05        DCR B       (3)  BC:1401  DE:0000  HL:0090  AF:0156  SP:7FF3  PC:0B43
0B44  C2 33 0B  JNZ 0B33    (3)  BC:1301  DE:0000  HL:0090  AF:0112  SP:7FF3  PC:0B44
0B33  5E        MOV E,M     (3)  BC:1301  DE:0000  HL:0090  AF:0112  SP:7FF3  PC:0B33
0B34  7B        MOV A,E     (3)  BC:1301  DE:0000  HL:0090  AF:0112  SP:7FF3  PC:0B34
0B35  A1        ANA C       (3)  BC:1301  DE:0000  HL:0090  AF:0012  SP:7FF3  PC:0B35
0B36  CA 3A 0B  JZ 0B3A     (3)  BC:1301  DE:0000  HL:0090  AF:0046  SP:7FF3  PC:0B36
0B3A  79        MOV A,C     (3)  BC:1301  DE:0000  HL:0090  AF:0046  SP:7FF3  PC:0B3A
0B3B  07        RLC         (3)  BC:1301  DE:0000  HL:0090  AF:0146  SP:7FF3  PC:0B3B
0B3C  4F        MOV C,A     (3)  BC:1301  DE:0000  HL:0090  AF:0246  SP:7FF3  PC:0B3C
0B3D  FE 01     CPI 01      (3)  BC:1302  DE:0000  HL:0090  AF:0246  SP:7FF3  PC:0B3D
0B3F  C2 34 0B  JNZ 0B34    (3)  BC:1302  DE:0000  HL:0090  AF:0212  SP:7FF3  PC:0B3F
0B34  7B        MOV A,E     (3)  BC:1302  DE:0000  HL:0090  AF:0212  SP:7FF3  PC:0B34
0B35  A1        ANA C       (3)  BC:1302  DE:0000  HL:0090  AF:0012  SP:7FF3  PC:0B35
0B36  CA 3A 0B  JZ 0B3A     (3)  BC:1302  DE:0000  HL:0090  AF:0046  SP:7FF3  PC:0B36
0B3A  79        MOV A,C     (3)  BC:1302  DE:0000  HL:0090  AF:0046  SP:7FF3  PC:0B3A
0B3B  07        RLC         (3)  BC:1302  DE:0000  HL:0090  AF:0246  SP:7FF3  PC:0B3B
0B3C  4F        MOV C,A     (3)  BC:1302  DE:0000  HL:0090  AF:0446  SP:7FF3  PC:0B3C
0B3D  FE 01     CPI 01      (3)  BC:1304  DE:0000  HL:0090  AF:0446  SP:7FF3  PC:0B3D
0B3F  C2 34 0B  JNZ 0B34    (3)  BC:1304  DE:0000  HL:0090  AF:0416  SP:7FF3  PC:0B3F
0B34  7B        MOV A,E     (3)  BC:1304  DE:0000  HL:0090  AF:0416  SP:7FF3  PC:0B34
0B35  A1        ANA C       (3)  BC:1304  DE:0000  HL:0090  AF:0016  SP:7FF3  PC:0B35
0B36  CA 3A 0B  JZ 0B3A     (3)  BC:1304  DE:0000  HL:0090  AF:0046  SP:7FF3  PC:0B36
0B3A  79        MOV A,C     (3)  BC:1304  DE:0000  HL:0090  AF:0046  SP:7FF3  PC:0B3A
0B3B  07        RLC         (3)  BC:1304  DE:0000  HL:0090  AF:0446  SP:7FF3  PC:0B3B
0B3C  4F        MOV C,A     (3)  BC:1304  DE:0000  HL:0090  AF:0846  SP:7FF3  PC:0B3C
0B3D  FE 01     CPI 01      (3)  BC:1308  DE:0000  HL:0090  AF:0846  SP:7FF3  PC:0B3D
0B3F  C2 34 0B  JNZ 0B34    (3)  BC:1308  DE:0000  HL:0090  AF:0812  SP:7FF3  PC:0B3F
0B34  7B        MOV A,E     (3)  BC:1308  DE:0000  HL:0090  AF:0812  SP:7FF3  PC:0B34
0B35  A1        ANA C       (3)  BC:1308  DE:0000  HL:0090  AF:0012  SP:7FF3  PC:0B35
0B36  CA 3A 0B  JZ 0B3A     (3)  BC:1308  DE:0000  HL:0090  AF:0056  SP:7FF3  PC:0B36
0B3A  79        MOV A,C     (3)  BC:1308  DE:0000  HL:0090  AF:0056  SP:7FF3  PC:0B3A
0B3B  07        RLC         (3)  BC:1308  DE:0000  HL:0090  AF:0856  SP:7FF3  PC:0B3B
0B3C  4F        MOV C,A     (3)  BC:1308  DE:0000  HL:0090  AF:1056  SP:7FF3  PC:0B3C
0B3D  FE 01     CPI 01      (3)  BC:1310  DE:0000  HL:0090  AF:1056  SP:7FF3  PC:0B3D
0B3F  C2 34 0B  JNZ 0B34    (3)  BC:1310  DE:0000  HL:0090  AF:1006  SP:7FF3  PC:0B3F
0B34  7B        MOV A,E     (3)  BC:1310  DE:0000  HL:0090  AF:1006  SP:7FF3  PC:0B34
0B35  A1        ANA C       (3)  BC:1310  DE:0000  HL:0090  AF:0006  SP:7FF3  PC:0B35
0B36  CA 3A 0B  JZ 0B3A     (3)  BC:1310  DE:0000  HL:0090  AF:0046  SP:7FF3  PC:0B36
0B3A  79        MOV A,C     (3)  BC:1310  DE:0000  HL:0090  AF:0046  SP:7FF3  PC:0B3A
0B3B  07        RLC         (3)  BC:1310  DE:0000  HL:0090  AF:1046  SP:7FF3  PC:0B3B
0B3C  4F        MOV C,A     (3)  BC:1310  DE:0000  HL:0090  AF:2046  SP:7FF3  PC:0B3C
0B3D  FE 01     CPI 01      (3)  BC:1320  DE:0000  HL:0090  AF:2046  SP:7FF3  PC:0B3D
0B3F  C2 34 0B  JNZ 0B34    (3)  BC:1320  DE:0000  HL:0090  AF:2002  SP:7FF3  PC:0B3F
0B34  7B        MOV A,E     (3)  BC:1320  DE:0000  HL:0090  AF:2002  SP:7FF3  PC:0B34
0B35  A1        ANA C       (3)  BC:1320  DE:0000  HL:0090  AF:0002  SP:7FF3  PC:0B35
0B36  CA 3A 0B  JZ 0B3A     (3)  BC:1320  DE:0000  HL:0090  AF:0046  SP:7FF3  PC:0B36
0B3A  79        MOV A,C     (3)  BC:1320  DE:0000  HL:0090  AF:0046  SP:7FF3  PC:0B3A
0B3B  07        RLC         (3)  BC:1320  DE:0000  HL:0090  AF:2046  SP:7FF3  PC:0B3B
0B3C  4F        MOV C,A     (3)  BC:1320  DE:0000  HL:0090  AF:4046  SP:7FF3  PC:0B3C
0B3D  FE 01     CPI 01      (3)  BC:1340  DE:0000  HL:0090  AF:4046  SP:7FF3  PC:0B3D
0B3F  C2 34 0B  JNZ 0B34    (3)  BC:1340  DE:0000  HL:0090  AF:4006  SP:7FF3  PC:0B3F
0B34  7B        MOV A,E     (3)  BC:1340  DE:0000  HL:0090  AF:4006  SP:7FF3  PC:0B34
0B35  A1        ANA C       (3)  BC:1340  DE:0000  HL:0090  AF:0006  SP:7FF3  PC:0B35
0B36  CA 3A 0B  JZ 0B3A     (3)  BC:1340  DE:0000  HL:0090  AF:0046  SP:7FF3  PC:0B36
0B3A  79        MOV A,C     (3)  BC:1340  DE:0000  HL:0090  AF:0046  SP:7FF3  PC:0B3A
0B3B  07        RLC         (3)  BC:1340  DE:0000  HL:0090  AF:4046  SP:7FF3  PC:0B3B
0B3C  4F        MOV C,A     (3)  BC:1340  DE:0000  HL:0090  AF:8046  SP:7FF3  PC:0B3C
0B3D  FE 01     CPI 01      (3)  BC:1380  DE:0000  HL:0090  AF:8046  SP:7FF3  PC:0B3D
0B3F  C2 34 0B  JNZ 0B34    (3)  BC:1380  DE:0000  HL:0090  AF:8002  SP:7FF3  PC:0B3F
0B34  7B        MOV A,E     (3)  BC:1380  DE:0000  HL:0090  AF:8002  SP:7FF3  PC:0B34
0B35  A1        ANA C       (3)  BC:1380  DE:0000  HL:0090  AF:0002  SP:7FF3  PC:0B35
0B36  CA 3A 0B  JZ 0B3A     (3)  BC:1380  DE:0000  HL:0090  AF:0046  SP:7FF3  PC:0B36
0B3A  79        MOV A,C     (3)  BC:1380  DE:0000  HL:0090  AF:0046  SP:7FF3  PC:0B3A
0B3B  07        RLC         (3)  BC:1380  DE:0000  HL:0090  AF:8046  SP:7FF3  PC:0B3B
0B3C  4F        MOV C,A     (3)  BC:1380  DE:0000  HL:0090  AF:0147  SP:7FF3  PC:0B3C
0B3D  FE 01     CPI 01      (3)  BC:1301  DE:0000  HL:0090  AF:0147  SP:7FF3  PC:0B3D
0B3F  C2 34 0B  JNZ 0B34    (3)  BC:1301  DE:0000  HL:0090  AF:0156  SP:7FF3  PC:0B3F
0B42  23        INX H       (3)  BC:1301  DE:0000  HL:0090  AF:0156  SP:7FF3  PC:0B42
0B43  05        DCR B       (3)  BC:1301  DE:0000  HL:0091  AF:0156  SP:7FF3  PC:0B43
0B44  C2 33 0B  JNZ 0B33    (3)  BC:1201  DE:0000  HL:0091  AF:0116  SP:7FF3  PC:0B44
0B33  5E        MOV E,M     (3)  BC:1201  DE:0000  HL:0091  AF:0116  SP:7FF3  PC:0B33
0B34  7B        MOV A,E     (3)  BC:1201  DE:0000  HL:0091  AF:0116  SP:7FF3  PC:0B34
0B35  A1        ANA C       (3)  BC:1201  DE:0000  HL:0091  AF:0016  SP:7FF3  PC:0B35
0B36  CA 3A 0B  JZ 0B3A     (3)  BC:1201  DE:0000  HL:0091  AF:0046  SP:7FF3  PC:0B36
0B3A  79        MOV A,C     (3)  BC:1201  DE:0000  HL:0091  AF:0046  SP:7FF3  PC:0B3A
0B3B  07        RLC         (3)  BC:1201  DE:0000  HL:0091  AF:0146  SP:7FF3  PC:0B3B
0B3C  4F        MOV C,A     (3)  BC:1201  DE:0000  HL:0091  AF:0246  SP:7FF3  PC:0B3C
0B3D  FE 01     CPI 01      (3)  BC:1202  DE:0000  HL:0091  AF:0246  SP:7FF3  PC:0B3D
0B3F  C2 34 0B  JNZ 0B34    (3)  BC:1202  DE:0000  HL:0091  AF:0212  SP:7FF3  PC:0B3F
0B34  7B        MOV A,E     (3)  BC:1202  DE:0000  HL:0091  AF:0212  SP:7FF3  PC:0B34
0B35  A1        ANA C       (3)  BC:1202  DE:0000  HL:0091  AF:0012  SP:7FF3  PC:0B35
0B36  CA 3A 0B  JZ 0B3A     (3)  BC:1202  DE:0000  HL:0091  AF:0046  SP:7FF3  PC:0B36
0B3A  79        MOV A,C     (3)  BC:1202  DE:0000  HL:0091  AF:0046  SP:7FF3  PC:0B3A
0B3B  07        RLC         (3)  BC:1202  DE:0000  HL:0091  AF:0246  SP:7FF3  PC:0B3B
0B3C  4F        MOV C,A     (3)  BC:1202  DE:0000  HL:0091  AF:0446  SP:7FF3  PC:0B3C
0B3D  FE 01     CPI 01      (3)  BC:1204  DE:0000  HL:0091  AF:0446  SP:7FF3  PC:0B3D
0B3F  C2 34 0B  JNZ 0B34    (3)  BC:1204  DE:0000  HL:0091  AF:0416  SP:7FF3  PC:0B3F
0B34  7B        MOV A,E     (3)  BC:1204  DE:0000  HL:0091  AF:0416  SP:7FF3  PC:0B34
0B35  A1        ANA C       (3)  BC:1204  DE:0000  HL:0091  AF:0016  SP:7FF3  PC:0B35
0B36  CA 3A 0B  JZ 0B3A     (3)  BC:1204  DE:0000  HL:0091  AF:0046  SP:7FF3  PC:0B36
0B3A  79        MOV A,C     (3)  BC:1204  DE:0000  HL:0091  AF:0046  SP:7FF3  PC:0B3A
0B3B  07        RLC         (3)  BC:1204  DE:0000  HL:0091  AF:0446  SP:7FF3  PC:0B3B
0B3C  4F        MOV C,A     (3)  BC:1204  DE:0000  HL:0091  AF:0846  SP:7FF3  PC:0B3C
0B3D  FE 01     CPI 01      (3)  BC:1208  DE:0000  HL:0091  AF:0846  SP:7FF3  PC:0B3D
0B3F  C2 34 0B  JNZ 0B34    (3)  BC:1208  DE:0000  HL:0091  AF:0812  SP:7FF3  PC:0B3F
0B34  7B        MOV A,E     (3)  BC:1208  DE:0000  HL:0091  AF:0812  SP:7FF3  PC:0B34
0B35  A1        ANA C       (3)  BC:1208  DE:0000  HL:0091  AF:0012  SP:7FF3  PC:0B35
0B36  CA 3A 0B  JZ 0B3A     (3)  BC:1208  DE:0000  HL:0091  AF:0056  SP:7FF3  PC:0B36
0B3A  79        MOV A,C     (3)  BC:1208  DE:0000  HL:0091  AF:0056  SP:7FF3  PC:0B3A
0B3B  07        RLC         (3)  BC:1208  DE:0000  HL:0091  AF:0856  SP:7FF3  PC:0B3B
0B3C  4F        MOV C,A     (3)  BC:1208  DE:0000  HL:0091  AF:1056  SP:7FF3  PC:0B3C
0B3D  FE 01     CPI 01      (3)  BC:1210  DE:0000  HL:0091  AF:1056  SP:7FF3  PC:0B3D
0B3F  C2 34 0B  JNZ 0B34    (3)  BC:1210  DE:0000  HL:0091  AF:1006  SP:7FF3  PC:0B3F
0B34  7B        MOV A,E     (3)  BC:1210  DE:0000  HL:0091  AF:1006  SP:7FF3  PC:0B34
0B35  A1        ANA C       (3)  BC:1210  DE:0000  HL:0091  AF:0006  SP:7FF3  PC:0B35
0B36  CA 3A 0B  JZ 0B3A     (3)  BC:1210  DE:0000  HL:0091  AF:0046  SP:7FF3  PC:0B36
0B3A  79        MOV A,C     (3)  BC:1210  DE:0000  HL:0091  AF:0046  SP:7FF3  PC:0B3A
0B3B  07        RLC         (3)  BC:1210  DE:0000  HL:0091  AF:1046  SP:7FF3  PC:0B3B
0B3C  4F        MOV C,A     (3)  BC:1210  DE:0000  HL:0091  AF:2046  SP:7FF3  PC:0B3C
0B3D  FE 01     CPI 01      (3)  BC:1220  DE:0000  HL:0091  AF:2046  SP:7FF3  PC:0B3D
0B3F  C2 34 0B  JNZ 0B34    (3)  BC:1220  DE:0000  HL:0091  AF:2002  SP:7FF3  PC:0B3F
0B34  7B        MOV A,E     (3)  BC:1220  DE:0000  HL:0091  AF:2002  SP:7FF3  PC:0B34
0B35  A1        ANA C       (3)  BC:1220  DE:0000  HL:0091  AF:0002  SP:7FF3  PC:0B35
0B36  CA 3A 0B  JZ 0B3A     (3)  BC:1220  DE:0000  HL:0091  AF:0046  SP:7FF3  PC:0B36
0B3A  79        MOV A,C     (3)  BC:1220  DE:0000  HL:0091  AF:0046  SP:7FF3  PC:0B3A
0B3B  07        RLC         (3)  BC:1220  DE:0000  HL:0091  AF:2046  SP:7FF3  PC:0B3B
0B3C  4F        MOV C,A     (3)  BC:1220  DE:0000  HL:0091  AF:4046  SP:7FF3  PC:0B3C
0B3D  FE 01     CPI 01      (3)  BC:1240  DE:0000  HL:0091  AF:4046  SP:7FF3  PC:0B3D
0B3F  C2 34 0B  JNZ 0B34    (3)  BC:1240  DE:0000  HL:0091  AF:4006  SP:7FF3  PC:0B3F
0B34  7B        MOV A,E     (3)  BC:1240  DE:0000  HL:0091  AF:4006  SP:7FF3  PC:0B34
0B35  A1        ANA C       (3)  BC:1240  DE:0000  HL:0091  AF:0006  SP:7FF3  PC:0B35
0B36  CA 3A 0B  JZ 0B3A     (3)  BC:1240  DE:0000  HL:0091  AF:0046  SP:7FF3  PC:0B36
0B3A  79        MOV A,C     (3)  BC:1240  DE:0000  HL:0091  AF:0046  SP:7FF3  PC:0B3A
0B3B  07        RLC         (3)  BC:1240  DE:0000  HL:0091  AF:4046  SP:7FF3  PC:0B3B
0B3C  4F        MOV C,A     (3)  BC:1240  DE:0000  HL:0091  AF:8046  SP:7FF3  PC:0B3C
0B3D  FE 01     CPI 01      (3)  BC:1280  DE:0000  HL:0091  AF:8046  SP:7FF3  PC:0B3D
0B3F  C2 34 0B  JNZ 0B34    (3)  BC:1280  DE:0000  HL:0091  AF:8002  SP:7FF3  PC:0B3F
0B34  7B        MOV A,E     (3)  BC:1280  DE:0000  HL:0091  AF:8002  SP:7FF3  PC:0B34
0B35  A1        ANA C       (3)  BC:1280  DE:0000  HL:0091  AF:0002  SP:7FF3  PC:0B35
0B36  CA 3A 0B  JZ 0B3A     (3)  BC:1280  DE:0000  HL:0091  AF:0046  SP:7FF3  PC:0B36
0B3A  79        MOV A,C     (3)  BC:1280  DE:0000  HL:0091  AF:0046  SP:7FF3  PC:0B3A
0B3B  07        RLC         (3)  BC:1280  DE:0000  HL:0091  AF:8046  SP:7FF3  PC:0B3B
0B3C  4F        MOV C,A     (3)  BC:1280  DE:0000  HL:0091  AF:0147  SP:7FF3  PC:0B3C
0B3D  FE 01     CPI 01      (3)  BC:1201  DE:0000  HL:0091  AF:0147  SP:7FF3  PC:0B3D
0B3F  C2 34 0B  JNZ 0B34    (3)  BC:1201  DE:0000  HL:0091  AF:0156  SP:7FF3  PC:0B3F
0B42  23        INX H       (3)  BC:1201  DE:0000  HL:0091  AF:0156  SP:7FF3  PC:0B42
0B43  05        DCR B       (3)  BC:1201  DE:0000  HL:0092  AF:0156  SP:7FF3  PC:0B43
0B44  C2 33 0B  JNZ 0B33    (3)  BC:1101  DE:0000  HL:0092  AF:0116  SP:7FF3  PC:0B44
0B33  5E        MOV E,M     (3)  BC:1101  DE:0000  HL:0092  AF:0116  SP:7FF3  PC:0B33
0B34  7B        MOV A,E     (3)  BC:1101  DE:0000  HL:0092  AF:0116  SP:7FF3  PC:0B34
0B35  A1        ANA C       (3)  BC:1101  DE:0000  HL:0092  AF:0016  SP:7FF3  PC:0B35
0B36  CA 3A 0B  JZ 0B3A     (3)  BC:1101  DE:0000  HL:0092  AF:0046  SP:7FF3  PC:0B36
0B3A  79        MOV A,C     (3)  BC:1101  DE:0000  HL:0092  AF:0046  SP:7FF3  PC:0B3A
0B3B  07        RLC         (3)  BC:1101  DE:0000  HL:0092  AF:0146  SP:7FF3  PC:0B3B
0B3C  4F        MOV C,A     (3)  BC:1101  DE:0000  HL:0092  AF:0246  SP:7FF3  PC:0B3C
0B3D  FE 01     CPI 01      (3)  BC:1102  DE:0000  HL:0092  AF:0246  SP:7FF3  PC:0B3D
0B3F  C2 34 0B  JNZ 0B34    (3)  BC:1102  DE:0000  HL:0092  AF:0212  SP:7FF3  PC:0B3F
0B34  7B        MOV A,E     (3)  BC:1102  DE:0000  HL:0092  AF:0212  SP:7FF3  PC:0B34
0B35  A1        ANA C       (3)  BC:1102  DE:0000  HL:0092  AF:0012  SP:7FF3  PC:0B35
0B36  CA 3A 0B  JZ 0B3A     (3)  BC:1102  DE:0000  HL:0092  AF:0046  SP:7FF3  PC:0B36
0B3A  79        MOV A,C     (3)  BC:1102  DE:0000  HL:0092  AF:0046  SP:7FF3  PC:0B3A
0B3B  07        RLC         (3)  BC:1102  DE:0000  HL:0092  AF:0246  SP:7FF3  PC:0B3B
0B3C  4F        MOV C,A     (3)  BC:1102  DE:0000  HL:0092  AF:0446  SP:7FF3  PC:0B3C
0B3D  FE 01     CPI 01      (3)  BC:1104  DE:0000  HL:0092  AF:0446  SP:7FF3  PC:0B3D
0B3F  C2 34 0B  JNZ 0B34    (3)  BC:1104  DE:0000  HL:0092  AF:0416  SP:7FF3  PC:0B3F
0B34  7B        MOV A,E     (3)  BC:1104  DE:0000  HL:0092  AF:0416  SP:7FF3  PC:0B34
0B35  A1        ANA C       (3)  BC:1104  DE:0000  HL:0092  AF:0016  SP:7FF3  PC:0B35
0B36  CA 3A 0B  JZ 0B3A     (3)  BC:1104  DE:0000  HL:0092  AF:0046  SP:7FF3  PC:0B36
0B3A  79        MOV A,C     (3)  BC:1104  DE:0000  HL:0092  AF:0046  SP:7FF3  PC:0B3A
0B3B  07        RLC         (3)  BC:1104  DE:0000  HL:0092  AF:0446  SP:7FF3  PC:0B3B
0B3C  4F        MOV C,A     (3)  BC:1104  DE:0000  HL:0092  AF:0846  SP:7FF3  PC:0B3C
0B3D  FE 01     CPI 01      (3)  BC:1108  DE:0000  HL:0092  AF:0846  SP:7FF3  PC:0B3D
0B3F  C2 34 0B  JNZ 0B34    (3)  BC:1108  DE:0000  HL:0092  AF:0812  SP:7FF3  PC:0B3F
0B34  7B        MOV A,E     (3)  BC:1108  DE:0000  HL:0092  AF:0812  SP:7FF3  PC:0B34
0B35  A1        ANA C       (3)  BC:1108  DE:0000  HL:0092  AF:0012  SP:7FF3  PC:0B35
0B36  CA 3A 0B  JZ 0B3A     (3)  BC:1108  DE:0000  HL:0092  AF:0056  SP:7FF3  PC:0B36
0B3A  79        MOV A,C     (3)  BC:1108  DE:0000  HL:0092  AF:0056  SP:7FF3  PC:0B3A
0B3B  07        RLC         (3)  BC:1108  DE:0000  HL:0092  AF:0856  SP:7FF3  PC:0B3B
0B3C  4F        MOV C,A     (3)  BC:1108  DE:0000  HL:0092  AF:1056  SP:7FF3  PC:0B3C
0B3D  FE 01     CPI 01      (3)  BC:1110  DE:0000  HL:0092  AF:1056  SP:7FF3  PC:0B3D
0B3F  C2 34 0B  JNZ 0B34    (3)  BC:1110  DE:0000  HL:0092  AF:1006  SP:7FF3  PC:0B3F
0B34  7B        MOV A,E     (3)  BC:1110  DE:0000  HL:0092  AF:1006  SP:7FF3  PC:0B34
0B35  A1        ANA C       (3)  BC:1110  DE:0000  HL:0092  AF:0006  SP:7FF3  PC:0B35
0B36  CA 3A 0B  JZ 0B3A     (3)  BC:1110  DE:0000  HL:0092  AF:0046  SP:7FF3  PC:0B36
0B3A  79        MOV A,C     (3)  BC:1110  DE:0000  HL:0092  AF:0046  SP:7FF3  PC:0B3A
0B3B  07        RLC         (3)  BC:1110  DE:0000  HL:0092  AF:1046  SP:7FF3  PC:0B3B
0B3C  4F        MOV C,A     (3)  BC:1110  DE:0000  HL:0092  AF:2046  SP:7FF3  PC:0B3C
0B3D  FE 01     CPI 01      (3)  BC:1120  DE:0000  HL:0092  AF:2046  SP:7FF3  PC:0B3D
0B3F  C2 34 0B  JNZ 0B34    (3)  BC:1120  DE:0000  HL:0092  AF:2002  SP:7FF3  PC:0B3F
0B34  7B        MOV A,E     (3)  BC:1120  DE:0000  HL:0092  AF:2002  SP:7FF3  PC:0B34
0B35  A1        ANA C       (3)  BC:1120  DE:0000  HL:0092  AF:0002  SP:7FF3  PC:0B35
0B36  CA 3A 0B  JZ 0B3A     (3)  BC:1120  DE:0000  HL:0092  AF:0046  SP:7FF3  PC:0B36
0B3A  79        MOV A,C     (3)  BC:1120  DE:0000  HL:0092  AF:0046  SP:7FF3  PC:0B3A
0B3B  07        RLC         (3)  BC:1120  DE:0000  HL:0092  AF:2046  SP:7FF3  PC:0B3B
0B3C  4F        MOV C,A     (3)  BC:1120  DE:0000  HL:0092  AF:4046  SP:7FF3  PC:0B3C
0B3D  FE 01     CPI 01      (3)  BC:1140  DE:0000  HL:0092  AF:4046  SP:7FF3  PC:0B3D
0B3F  C2 34 0B  JNZ 0B34    (3)  BC:1140  DE:0000  HL:0092  AF:4006  SP:7FF3  PC:0B3F
0B34  7B        MOV A,E     (3)  BC:1140  DE:0000  HL:0092  AF:4006  SP:7FF3  PC:0B34
0B35  A1        ANA C       (3)  BC:1140  DE:0000  HL:0092  AF:0006  SP:7FF3  PC:0B35
0B36  CA 3A 0B  JZ 0B3A     (3)  BC:1140  DE:0000  HL:0092  AF:0046  SP:7FF3  PC:0B36
0B3A  79        MOV A,C     (3)  BC:1140  DE:0000  HL:0092  AF:0046  SP:7FF3  PC:0B3A
0B3B  07        RLC         (3)  BC:1140  DE:0000  HL:0092  AF:4046  SP:7FF3  PC:0B3B
0B3C  4F        MOV C,A     (3)  BC:1140  DE:0000  HL:0092  AF:8046  SP:7FF3  PC:0B3C
0B3D  FE 01     CPI 01      (3)  BC:1180  DE:0000  HL:0092  AF:8046  SP:7FF3  PC:0B3D
0B3F  C2 34 0B  JNZ 0B34    (3)  BC:1180  DE:0000  HL:0092  AF:8002  SP:7FF3  PC:0B3F
0B34  7B        MOV A,E     (3)  BC:1180  DE:0000  HL:0092  AF:8002  SP:7FF3  PC:0B34
0B35  A1        ANA C       (3)  BC:1180  DE:0000  HL:0092  AF:0002  SP:7FF3  PC:0B35
0B36  CA 3A 0B  JZ 0B3A     (3)  BC:1180  DE:0000  HL:0092  AF:0046  SP:7FF3  PC:0B36
0B3A  79        MOV A,C     (3)  BC:1180  DE:0000  HL:0092  AF:0046  SP:7FF3  PC:0B3A
0B3B  07        RLC         (3)  BC:1180  DE:0000  HL:0092  AF:8046  SP:7FF3  PC:0B3B
0B3C  4F        MOV C,A     (3)  BC:1180  DE:0000  HL:0092  AF:0147  SP:7FF3  PC:0B3C
0B3D  FE 01     CPI 01      (3)  BC:1101  DE:0000  HL:0092  AF:0147  SP:7FF3  PC:0B3D
0B3F  C2 34 0B  JNZ 0B34    (3)  BC:1101  DE:0000  HL:0092  AF:0156  SP:7FF3  PC:0B3F
0B42  23        INX H       (3)  BC:1101  DE:0000  HL:0092  AF:0156  SP:7FF3  PC:0B42
0B43  05        DCR B       (3)  BC:1101  DE:0000  HL:0093  AF:0156  SP:7FF3  PC:0B43
0B44  C2 33 0B  JNZ 0B33    (3)  BC:1001  DE:0000  HL:0093  AF:0112  SP:7FF3  PC:0B44
0B33  5E        MOV E,M     (3)  BC:1001  DE:0000  HL:0093  AF:0112  SP:7FF3  PC:0B33
0B34  7B        MOV A,E     (3)  BC:1001  DE:0000  HL:0093  AF:0112  SP:7FF3  PC:0B34
0B35  A1        ANA C       (3)  BC:1001  DE:0000  HL:0093  AF:0012  SP:7FF3  PC:0B35
0B36  CA 3A 0B  JZ 0B3A     (3)  BC:1001  DE:0000  HL:0093  AF:0046  SP:7FF3  PC:0B36
0B3A  79        MOV A,C     (3)  BC:1001  DE:0000  HL:0093  AF:0046  SP:7FF3  PC:0B3A
0B3B  07        RLC         (3)  BC:1001  DE:0000  HL:0093  AF:0146  SP:7FF3  PC:0B3B
0B3C  4F        MOV C,A     (3)  BC:1001  DE:0000  HL:0093  AF:0246  SP:7FF3  PC:0B3C
0B3D  FE 01     CPI 01      (3)  BC:1002  DE:0000  HL:0093  AF:0246  SP:7FF3  PC:0B3D
0B3F  C2 34 0B  JNZ 0B34    (3)  BC:1002  DE:0000  HL:0093  AF:0212  SP:7FF3  PC:0B3F
0B34  7B        MOV A,E     (3)  BC:1002  DE:0000  HL:0093  AF:0212  SP:7FF3  PC:0B34
0B35  A1        ANA C       (3)  BC:1002  DE:0000  HL:0093  AF:0012  SP:7FF3  PC:0B35
0B36  CA 3A 0B  JZ 0B3A     (3)  BC:1002  DE:0000  HL:0093  AF:0046  SP:7FF3  PC:0B36
0B3A  79        MOV A,C     (3)  BC:1002  DE:0000  HL:0093  AF:0046  SP:7FF3  PC:0B3A
0B3B  07        RLC         (3)  BC:1002  DE:0000  HL:0093  AF:0246  SP:7FF3  PC:0B3B
0B3C  4F        MOV C,A     (3)  BC:1002  DE:0000  HL:0093  AF:0446  SP:7FF3  PC:0B3C
0B3D  FE 01     CPI 01      (3)  BC:1004  DE:0000  HL:0093  AF:0446  SP:7FF3  PC:0B3D
0B3F  C2 34 0B  JNZ 0B34    (3)  BC:1004  DE:0000  HL:0093  AF:0416  SP:7FF3  PC:0B3F
0B34  7B        MOV A,E     (3)  BC:1004  DE:0000  HL:0093  AF:0416  SP:7FF3  PC:0B34
0B35  A1        ANA C       (3)  BC:1004  DE:0000  HL:0093  AF:0016  SP:7FF3  PC:0B35
0B36  CA 3A 0B  JZ 0B3A     (3)  BC:1004  DE:0000  HL:0093  AF:0046  SP:7FF3  PC:0B36
0B3A  79        MOV A,C     (3)  BC:1004  DE:0000  HL:0093  AF:0046  SP:7FF3  PC:0B3A
0B3B  07        RLC         (3)  BC:1004  DE:0000  HL:0093  AF:0446  SP:7FF3  PC:0B3B
0B3C  4F        MOV C,A     (3)  BC:1004  DE:0000  HL:0093  AF:0846  SP:7FF3  PC:0B3C
0B3D  FE 01     CPI 01      (3)  BC:1008  DE:0000  HL:0093  AF:0846  SP:7FF3  PC:0B3D
0B3F  C2 34 0B  JNZ 0B34    (3)  BC:1008  DE:0000  HL:0093  AF:0812  SP:7FF3  PC:0B3F
0B34  7B        MOV A,E     (3)  BC:1008  DE:0000  HL:0093  AF:0812  SP:7FF3  PC:0B34
0B35  A1        ANA C       (3)  BC:1008  DE:0000  HL:0093  AF:0012  SP:7FF3  PC:0B35
0B36  CA 3A 0B  JZ 0B3A     (3)  BC:1008  DE:0000  HL:0093  AF:0056  SP:7FF3  PC:0B36
0B3A  79        MOV A,C     (3)  BC:1008  DE:0000  HL:0093  AF:0056  SP:7FF3  PC:0B3A
0B3B  07        RLC         (3)  BC:1008  DE:0000  HL:0093  AF:0856  SP:7FF3  PC:0B3B
0B3C  4F        MOV C,A     (3)  BC:1008  DE:0000  HL:0093  AF:1056  SP:7FF3  PC:0B3C
0B3D  FE 01     CPI 01      (3)  BC:1010  DE:0000  HL:0093  AF:1056  SP:7FF3  PC:0B3D
0B3F  C2 34 0B  JNZ 0B34    (3)  BC:1010  DE:0000  HL:0093  AF:1006  SP:7FF3  PC:0B3F
0B34  7B        MOV A,E     (3)  BC:1010  DE:0000  HL:0093  AF:1006  SP:7FF3  PC:0B34
0B35  A1        ANA C       (3)  BC:1010  DE:0000  HL:0093  AF:0006  SP:7FF3  PC:0B35
0B36  CA 3A 0B  JZ 0B3A     (3)  BC:1010  DE:0000  HL:0093  AF:0046  SP:7FF3  PC:0B36
0B3A  79        MOV A,C     (3)  BC:1010  DE:0000  HL:0093  AF:0046  SP:7FF3  PC:0B3A
0B3B  07        RLC         (3)  BC:1010  DE:0000  HL:0093  AF:1046  SP:7FF3  PC:0B3B
0B3C  4F        MOV C,A     (3)  BC:1010  DE:0000  HL:0093  AF:2046  SP:7FF3  PC:0B3C
0B3D  FE 01     CPI 01      (3)  BC:1020  DE:0000  HL:0093  AF:2046  SP:7FF3  PC:0B3D
0B3F  C2 34 0B  JNZ 0B34    (3)  BC:1020  DE:0000  HL:0093  AF:2002  SP:7FF3  PC:0B3F
0B34  7B        MOV A,E     (3)  BC:1020  DE:0000  HL:0093  AF:2002  SP:7FF3  PC:0B34
0B35  A1        ANA C       (3)  BC:1020  DE:0000  HL:0093  AF:0002  SP:7FF3  PC:0B35
0B36  CA 3A 0B  JZ 0B3A     (3)  BC:1020  DE:0000  HL:0093  AF:0046  SP:7FF3  PC:0B36
0B3A  79        MOV A,C     (3)  BC:1020  DE:0000  HL:0093  AF:0046  SP:7FF3  PC:0B3A
0B3B  07        RLC         (3)  BC:1020  DE:0000  HL:0093  AF:2046  SP:7FF3  PC:0B3B
0B3C  4F        MOV C,A     (3)  BC:1020  DE:0000  HL:0093  AF:4046  SP:7FF3  PC:0B3C
0B3D  FE 01     CPI 01      (3)  BC:1040  DE:0000  HL:0093  AF:4046  SP:7FF3  PC:0B3D
0B3F  C2 34 0B  JNZ 0B34    (3)  BC:1040  DE:0000  HL:0093  AF:4006  SP:7FF3  PC:0B3F
0B34  7B        MOV A,E     (3)  BC:1040  DE:0000  HL:0093  AF:4006  SP:7FF3  PC:0B34
0B35  A1        ANA C       (3)  BC:1040  DE:0000  HL:0093  AF:0006  SP:7FF3  PC:0B35
0B36  CA 3A 0B  JZ 0B3A     (3)  BC:1040  DE:0000  HL:0093  AF:0046  SP:7FF3  PC:0B36
0B3A  79        MOV A,C     (3)  BC:1040  DE:0000  HL:0093  AF:0046  SP:7FF3  PC:0B3A
0B3B  07        RLC         (3)  BC:1040  DE:0000  HL:0093  AF:4046  SP:7FF3  PC:0B3B
0B3C  4F        MOV C,A     (3)  BC:1040  DE:0000  HL:0093  AF:8046  SP:7FF3  PC:0B3C
0B3D  FE 01     CPI 01      (3)  BC:1080  DE:0000  HL:0093  AF:8046  SP:7FF3  PC:0B3D
0B3F  C2 34 0B  JNZ 0B34    (3)  BC:1080  DE:0000  HL:0093  AF:8002  SP:7FF3  PC:0B3F
0B34  7B        MOV A,E     (3)  BC:1080  DE:0000  HL:0093  AF:8002  SP:7FF3  PC:0B34
0B35  A1        ANA C       (3)  BC:1080  DE:0000  HL:0093  AF:0002  SP:7FF3  PC:0B35
0B36  CA 3A 0B  JZ 0B3A     (3)  BC:1080  DE:0000  HL:0093  AF:0046  SP:7FF3  PC:0B36
0B3A  79        MOV A,C     (3)  BC:1080  DE:0000  HL:0093  AF:0046  SP:7FF3  PC:0B3A
0B3B  07        RLC         (3)  BC:1080  DE:0000  HL:0093  AF:8046  SP:7FF3  PC:0B3B
0B3C  4F        MOV C,A     (3)  BC:1080  DE:0000  HL:0093  AF:0147  SP:7FF3  PC:0B3C
0B3D  FE 01     CPI 01      (3)  BC:1001  DE:0000  HL:0093  AF:0147  SP:7FF3  PC:0B3D
0B3F  C2 34 0B  JNZ 0B34    (3)  BC:1001  DE:0000  HL:0093  AF:0156  SP:7FF3  PC:0B3F
0B42  23        INX H       (3)  BC:1001  DE:0000  HL:0093  AF:0156  SP:7FF3  PC:0B42
0B43  05        DCR B       (3)  BC:1001  DE:0000  HL:0094  AF:0156  SP:7FF3  PC:0B43
0B44  C2 33 0B  JNZ 0B33    (3)  BC:0F01  DE:0000  HL:0094  AF:0106  SP:7FF3  PC:0B44
0B33  5E        MOV E,M     (3)  BC:0F01  DE:0000  HL:0094  AF:0106  SP:7FF3  PC:0B33
0B34  7B        MOV A,E     (3)  BC:0F01  DE:0000  HL:0094  AF:0106  SP:7FF3  PC:0B34
0B35  A1        ANA C       (3)  BC:0F01  DE:0000  HL:0094  AF:0006  SP:7FF3  PC:0B35
0B36  CA 3A 0B  JZ 0B3A     (3)  BC:0F01  DE:0000  HL:0094  AF:0046  SP:7FF3  PC:0B36
0B3A  79        MOV A,C     (3)  BC:0F01  DE:0000  HL:0094  AF:0046  SP:7FF3  PC:0B3A
0B3B  07        RLC         (3)  BC:0F01  DE:0000  HL:0094  AF:0146  SP:7FF3  PC:0B3B
0B3C  4F        MOV C,A     (3)  BC:0F01  DE:0000  HL:0094  AF:0246  SP:7FF3  PC:0B3C
0B3D  FE 01     CPI 01      (3)  BC:0F02  DE:0000  HL:0094  AF:0246  SP:7FF3  PC:0B3D
0B3F  C2 34 0B  JNZ 0B34    (3)  BC:0F02  DE:0000  HL:0094  AF:0212  SP:7FF3  PC:0B3F
0B34  7B        MOV A,E     (3)  BC:0F02  DE:0000  HL:0094  AF:0212  SP:7FF3  PC:0B34
0B35  A1        ANA C       (3)  BC:0F02  DE:0000  HL:0094  AF:0012  SP:7FF3  PC:0B35
0B36  CA 3A 0B  JZ 0B3A     (3)  BC:0F02  DE:0000  HL:0094  AF:0046  SP:7FF3  PC:0B36
0B3A  79        MOV A,C     (3)  BC:0F02  DE:0000  HL:0094  AF:0046  SP:7FF3  PC:0B3A
0B3B  07        RLC         (3)  BC:0F02  DE:0000  HL:0094  AF:0246  SP:7FF3  PC:0B3B
0B3C  4F        MOV C,A     (3)  BC:0F02  DE:0000  HL:0094  AF:0446  SP:7FF3  PC:0B3C
0B3D  FE 01     CPI 01      (3)  BC:0F04  DE:0000  HL:0094  AF:0446  SP:7FF3  PC:0B3D
0B3F  C2 34 0B  JNZ 0B34    (3)  BC:0F04  DE:0000  HL:0094  AF:0416  SP:7FF3  PC:0B3F
0B34  7B        MOV A,E     (3)  BC:0F04  DE:0000  HL:0094  AF:0416  SP:7FF3  PC:0B34
0B35  A1        ANA C       (3)  BC:0F04  DE:0000  HL:0094  AF:0016  SP:7FF3  PC:0B35
0B36  CA 3A 0B  JZ 0B3A     (3)  BC:0F04  DE:0000  HL:0094  AF:0046  SP:7FF3  PC:0B36
0B3A  79        MOV A,C     (3)  BC:0F04  DE:0000  HL:0094  AF:0046  SP:7FF3  PC:0B3A
0B3B  07        RLC         (3)  BC:0F04  DE:0000  HL:0094  AF:0446  SP:7FF3  PC:0B3B
0B3C  4F        MOV C,A     (3)  BC:0F04  DE:0000  HL:0094  AF:0846  SP:7FF3  PC:0B3C
0B3D  FE 01     CPI 01      (3)  BC:0F08  DE:0000  HL:0094  AF:0846  SP:7FF3  PC:0B3D
0B3F  C2 34 0B  JNZ 0B34    (3)  BC:0F08  DE:0000  HL:0094  AF:0812  SP:7FF3  PC:0B3F
0B34  7B        MOV A,E     (3)  BC:0F08  DE:0000  HL:0094  AF:0812  SP:7FF3  PC:0B34
0B35  A1        ANA C       (3)  BC:0F08  DE:0000  HL:0094  AF:0012  SP:7FF3  PC:0B35
0B36  CA 3A 0B  JZ 0B3A     (3)  BC:0F08  DE:0000  HL:0094  AF:0056  SP:7FF3  PC:0B36
0B3A  79        MOV A,C     (3)  BC:0F08  DE:0000  HL:0094  AF:0056  SP:7FF3  PC:0B3A
0B3B  07        RLC         (3)  BC:0F08  DE:0000  HL:0094  AF:0856  SP:7FF3  PC:0B3B
0B3C  4F        MOV C,A     (3)  BC:0F08  DE:0000  HL:0094  AF:1056  SP:7FF3  PC:0B3C
0B3D  FE 01     CPI 01      (3)  BC:0F10  DE:0000  HL:0094  AF:1056  SP:7FF3  PC:0B3D
0B3F  C2 34 0B  JNZ 0B34    (3)  BC:0F10  DE:0000  HL:0094  AF:1006  SP:7FF3  PC:0B3F
0B34  7B        MOV A,E     (3)  BC:0F10  DE:0000  HL:0094  AF:1006  SP:7FF3  PC:0B34
0B35  A1        ANA C       (3)  BC:0F10  DE:0000  HL:0094  AF:0006  SP:7FF3  PC:0B35
0B36  CA 3A 0B  JZ 0B3A     (3)  BC:0F10  DE:0000  HL:0094  AF:0046  SP:7FF3  PC:0B36
0B3A  79        MOV A,C     (3)  BC:0F10  DE:0000  HL:0094  AF:0046  SP:7FF3  PC:0B3A
0B3B  07        RLC         (3)  BC:0F10  DE:0000  HL:0094  AF:1046  SP:7FF3  PC:0B3B
0B3C  4F        MOV C,A     (3)  BC:0F10  DE:0000  HL:0094  AF:2046  SP:7FF3  PC:0B3C
0B3D  FE 01     CPI 01      (3)  BC:0F20  DE:0000  HL:0094  AF:2046  SP:7FF3  PC:0B3D
0B3F  C2 34 0B  JNZ 0B34    (3)  BC:0F20  DE:0000  HL:0094  AF:2002  SP:7FF3  PC:0B3F
0B34  7B        MOV A,E     (3)  BC:0F20  DE:0000  HL:0094  AF:2002  SP:7FF3  PC:0B34
0B35  A1        ANA C       (3)  BC:0F20  DE:0000  HL:0094  AF:0002  SP:7FF3  PC:0B35
0B36  CA 3A 0B  JZ 0B3A     (3)  BC:0F20  DE:0000  HL:0094  AF:0046  SP:7FF3  PC:0B36
0B3A  79        MOV A,C     (3)  BC:0F20  DE:0000  HL:0094  AF:0046  SP:7FF3  PC:0B3A
0B3B  07        RLC         (3)  BC:0F20  DE:0000  HL:0094  AF:2046  SP:7FF3  PC:0B3B
0B3C  4F        MOV C,A     (3)  BC:0F20  DE:0000  HL:0094  AF:4046  SP:7FF3  PC:0B3C
0B3D  FE 01     CPI 01      (3)  BC:0F40  DE:0000  HL:0094  AF:4046  SP:7FF3  PC:0B3D
0B3F  C2 34 0B  JNZ 0B34    (3)  BC:0F40  DE:0000  HL:0094  AF:4006  SP:7FF3  PC:0B3F
0B34  7B        MOV A,E     (3)  BC:0F40  DE:0000  HL:0094  AF:4006  SP:7FF3  PC:0B34
0B35  A1        ANA C       (3)  BC:0F40  DE:0000  HL:0094  AF:0006  SP:7FF3  PC:0B35
0B36  CA 3A 0B  JZ 0B3A     (3)  BC:0F40  DE:0000  HL:0094  AF:0046  SP:7FF3  PC:0B36
0B3A  79        MOV A,C     (3)  BC:0F40  DE:0000  HL:0094  AF:0046  SP:7FF3  PC:0B3A
0B3B  07        RLC         (3)  BC:0F40  DE:0000  HL:0094  AF:4046  SP:7FF3  PC:0B3B
0B3C  4F        MOV C,A     (3)  BC:0F40  DE:0000  HL:0094  AF:8046  SP:7FF3  PC:0B3C
0B3D  FE 01     CPI 01      (3)  BC:0F80  DE:0000  HL:0094  AF:8046  SP:7FF3  PC:0B3D
0B3F  C2 34 0B  JNZ 0B34    (3)  BC:0F80  DE:0000  HL:0094  AF:8002  SP:7FF3  PC:0B3F
0B34  7B        MOV A,E     (3)  BC:0F80  DE:0000  HL:0094  AF:8002  SP:7FF3  PC:0B34
0B35  A1        ANA C       (3)  BC:0F80  DE:0000  HL:0094  AF:0002  SP:7FF3  PC:0B35
0B36  CA 3A 0B  JZ 0B3A     (3)  BC:0F80  DE:0000  HL:0094  AF:0046  SP:7FF3  PC:0B36
0B3A  79        MOV A,C     (3)  BC:0F80  DE:0000  HL:0094  AF:0046  SP:7FF3  PC:0B3A
0B3B  07        RLC         (3)  BC:0F80  DE:0000  HL:0094  AF:8046  SP:7FF3  PC:0B3B
0B3C  4F        MOV C,A     (3)  BC:0F80  DE:0000  HL:0094  AF:0147  SP:7FF3  PC:0B3C
0B3D  FE 01     CPI 01      (3)  BC:0F01  DE:0000  HL:0094  AF:0147  SP:7FF3  PC:0B3D
0B3F  C2 34 0B  JNZ 0B34    (3)  BC:0F01  DE:0000  HL:0094  AF:0156  SP:7FF3  PC:0B3F
0B42  23        INX H       (3)  BC:0F01  DE:0000  HL:0094  AF:0156  SP:7FF3  PC:0B42
0B43  05        DCR B       (3)  BC:0F01  DE:0000  HL:0095  AF:0156  SP:7FF3  PC:0B43
0B44  C2 33 0B  JNZ 0B33    (3)  BC:0E01  DE:0000  HL:0095  AF:0112  SP:7FF3  PC:0B44
0B33  5E        MOV E,M     (3)  BC:0E01  DE:0000  HL:0095  AF:0112  SP:7FF3  PC:0B33
0B34  7B        MOV A,E     (3)  BC:0E01  DE:0000  HL:0095  AF:0112  SP:7FF3  PC:0B34
0B35  A1        ANA C       (3)  BC:0E01  DE:0000  HL:0095  AF:0012  SP:7FF3  PC:0B35
0B36  CA 3A 0B  JZ 0B3A     (3)  BC:0E01  DE:0000  HL:0095  AF:0046  SP:7FF3  PC:0B36
0B3A  79        MOV A,C     (3)  BC:0E01  DE:0000  HL:0095  AF:0046  SP:7FF3  PC:0B3A
0B3B  07        RLC         (3)  BC:0E01  DE:0000  HL:0095  AF:0146  SP:7FF3  PC:0B3B
0B3C  4F        MOV C,A     (3)  BC:0E01  DE:0000  HL:0095  AF:0246  SP:7FF3  PC:0B3C
0B3D  FE 01     CPI 01      (3)  BC:0E02  DE:0000  HL:0095  AF:0246  SP:7FF3  PC:0B3D
0B3F  C2 34 0B  JNZ 0B34    (3)  BC:0E02  DE:0000  HL:0095  AF:0212  SP:7FF3  PC:0B3F
0B34  7B        MOV A,E     (3)  BC:0E02  DE:0000  HL:0095  AF:0212  SP:7FF3  PC:0B34
0B35  A1        ANA C       (3)  BC:0E02  DE:0000  HL:0095  AF:0012  SP:7FF3  PC:0B35
0B36  CA 3A 0B  JZ 0B3A     (3)  BC:0E02  DE:0000  HL:0095  AF:0046  SP:7FF3  PC:0B36
0B3A  79        MOV A,C     (3)  BC:0E02  DE:0000  HL:0095  AF:0046  SP:7FF3  PC:0B3A
0B3B  07        RLC         (3)  BC:0E02  DE:0000  HL:0095  AF:0246  SP:7FF3  PC:0B3B
0B3C  4F        MOV C,A     (3)  BC:0E02  DE:0000  HL:0095  AF:0446  SP:7FF3  PC:0B3C
0B3D  FE 01     CPI 01      (3)  BC:0E04  DE:0000  HL:0095  AF:0446  SP:7FF3  PC:0B3D
0B3F  C2 34 0B  JNZ 0B34    (3)  BC:0E04  DE:0000  HL:0095  AF:0416  SP:7FF3  PC:0B3F
0B34  7B        MOV A,E     (3)  BC:0E04  DE:0000  HL:0095  AF:0416  SP:7FF3  PC:0B34
0B35  A1        ANA C       (3)  BC:0E04  DE:0000  HL:0095  AF:0016  SP:7FF3  PC:0B35
0B36  CA 3A 0B  JZ 0B3A     (3)  BC:0E04  DE:0000  HL:0095  AF:0046  SP:7FF3  PC:0B36
0B3A  79        MOV A,C     (3)  BC:0E04  DE:0000  HL:0095  AF:0046  SP:7FF3  PC:0B3A
0B3B  07        RLC         (3)  BC:0E04  DE:0000  HL:0095  AF:0446  SP:7FF3  PC:0B3B
0B3C  4F        MOV C,A     (3)  BC:0E04  DE:0000  HL:0095  AF:0846  SP:7FF3  PC:0B3C
0B3D  FE 01     CPI 01      (3)  BC:0E08  DE:0000  HL:0095  AF:0846  SP:7FF3  PC:0B3D
0B3F  C2 34 0B  JNZ 0B34    (3)  BC:0E08  DE:0000  HL:0095  AF:0812  SP:7FF3  PC:0B3F
0B34  7B        MOV A,E     (3)  BC:0E08  DE:0000  HL:0095  AF:0812  SP:7FF3  PC:0B34
0B35  A1        ANA C       (3)  BC:0E08  DE:0000  HL:0095  AF:0012  SP:7FF3  PC:0B35
0B36  CA 3A 0B  JZ 0B3A     (3)  BC:0E08  DE:0000  HL:0095  AF:0056  SP:7FF3  PC:0B36
0B3A  79        MOV A,C     (3)  BC:0E08  DE:0000  HL:0095  AF:0056  SP:7FF3  PC:0B3A
0B3B  07        RLC         (3)  BC:0E08  DE:0000  HL:0095  AF:0856  SP:7FF3  PC:0B3B
0B3C  4F        MOV C,A     (3)  BC:0E08  DE:0000  HL:0095  AF:1056  SP:7FF3  PC:0B3C
0B3D  FE 01     CPI 01      (3)  BC:0E10  DE:0000  HL:0095  AF:1056  SP:7FF3  PC:0B3D
0B3F  C2 34 0B  JNZ 0B34    (3)  BC:0E10  DE:0000  HL:0095  AF:1006  SP:7FF3  PC:0B3F
0B34  7B        MOV A,E     (3)  BC:0E10  DE:0000  HL:0095  AF:1006  SP:7FF3  PC:0B34
0B35  A1        ANA C       (3)  BC:0E10  DE:0000  HL:0095  AF:0006  SP:7FF3  PC:0B35
0B36  CA 3A 0B  JZ 0B3A     (3)  BC:0E10  DE:0000  HL:0095  AF:0046  SP:7FF3  PC:0B36
0B3A  79        MOV A,C     (3)  BC:0E10  DE:0000  HL:0095  AF:0046  SP:7FF3  PC:0B3A
0B3B  07        RLC         (3)  BC:0E10  DE:0000  HL:0095  AF:1046  SP:7FF3  PC:0B3B
0B3C  4F        MOV C,A     (3)  BC:0E10  DE:0000  HL:0095  AF:2046  SP:7FF3  PC:0B3C
0B3D  FE 01     CPI 01      (3)  BC:0E20  DE:0000  HL:0095  AF:2046  SP:7FF3  PC:0B3D
0B3F  C2 34 0B  JNZ 0B34    (3)  BC:0E20  DE:0000  HL:0095  AF:2002  SP:7FF3  PC:0B3F
0B34  7B        MOV A,E     (3)  BC:0E20  DE:0000  HL:0095  AF:2002  SP:7FF3  PC:0B34
0B35  A1        ANA C       (3)  BC:0E20  DE:0000  HL:0095  AF:0002  SP:7FF3  PC:0B35
0B36  CA 3A 0B  JZ 0B3A     (3)  BC:0E20  DE:0000  HL:0095  AF:0046  SP:7FF3  PC:0B36
0B3A  79        MOV A,C     (3)  BC:0E20  DE:0000  HL:0095  AF:0046  SP:7FF3  PC:0B3A
0B3B  07        RLC         (3)  BC:0E20  DE:0000  HL:0095  AF:2046  SP:7FF3  PC:0B3B
0B3C  4F        MOV C,A     (3)  BC:0E20  DE:0000  HL:0095  AF:4046  SP:7FF3  PC:0B3C
0B3D  FE 01     CPI 01      (3)  BC:0E40  DE:0000  HL:0095  AF:4046  SP:7FF3  PC:0B3D
0B3F  C2 34 0B  JNZ 0B34    (3)  BC:0E40  DE:0000  HL:0095  AF:4006  SP:7FF3  PC:0B3F
0B34  7B        MOV A,E     (3)  BC:0E40  DE:0000  HL:0095  AF:4006  SP:7FF3  PC:0B34
0B35  A1        ANA C       (3)  BC:0E40  DE:0000  HL:0095  AF:0006  SP:7FF3  PC:0B35
0B36  CA 3A 0B  JZ 0B3A     (3)  BC:0E40  DE:0000  HL:0095  AF:0046  SP:7FF3  PC:0B36
0B3A  79        MOV A,C     (3)  BC:0E40  DE:0000  HL:0095  AF:0046  SP:7FF3  PC:0B3A
0B3B  07        RLC         (3)  BC:0E40  DE:0000  HL:0095  AF:4046  SP:7FF3  PC:0B3B
0B3C  4F        MOV C,A     (3)  BC:0E40  DE:0000  HL:0095  AF:8046  SP:7FF3  PC:0B3C
0B3D  FE 01     CPI 01      (3)  BC:0E80  DE:0000  HL:0095  AF:8046  SP:7FF3  PC:0B3D
0B3F  C2 34 0B  JNZ 0B34    (3)  BC:0E80  DE:0000  HL:0095  AF:8002  SP:7FF3  PC:0B3F
0B34  7B        MOV A,E     (3)  BC:0E80  DE:0000  HL:0095  AF:8002  SP:7FF3  PC:0B34
0B35  A1        ANA C       (3)  BC:0E80  DE:0000  HL:0095  AF:0002  SP:7FF3  PC:0B35
0B36  CA 3A 0B  JZ 0B3A     (3)  BC:0E80  DE:0000  HL:0095  AF:0046  SP:7FF3  PC:0B36
0B3A  79        MOV A,C     (3)  BC:0E80  DE:0000  HL:0095  AF:0046  SP:7FF3  PC:0B3A
0B3B  07        RLC         (3)  BC:0E80  DE:0000  HL:0095  AF:8046  SP:7FF3  PC:0B3B
0B3C  4F        MOV C,A     (3)  BC:0E80  DE:0000  HL:0095  AF:0147  SP:7FF3  PC:0B3C
0B3D  FE 01     CPI 01      (3)  BC:0E01  DE:0000  HL:0095  AF:0147  SP:7FF3  PC:0B3D
0B3F  C2 34 0B  JNZ 0B34    (3)  BC:0E01  DE:0000  HL:0095  AF:0156  SP:7FF3  PC:0B3F
0B42  23        INX H       (3)  BC:0E01  DE:0000  HL:0095  AF:0156  SP:7FF3  PC:0B42
0B43  05        DCR B       (3)  BC:0E01  DE:0000  HL:0096  AF:0156  SP:7FF3  PC:0B43
0B44  C2 33 0B  JNZ 0B33    (3)  BC:0D01  DE:0000  HL:0096  AF:0112  SP:7FF3  PC:0B44
0B33  5E        MOV E,M     (3)  BC:0D01  DE:0000  HL:0096  AF:0112  SP:7FF3  PC:0B33
0B34  7B        MOV A,E     (3)  BC:0D01  DE:0000  HL:0096  AF:0112  SP:7FF3  PC:0B34
0B35  A1        ANA C       (3)  BC:0D01  DE:0000  HL:0096  AF:0012  SP:7FF3  PC:0B35
0B36  CA 3A 0B  JZ 0B3A     (3)  BC:0D01  DE:0000  HL:0096  AF:0046  SP:7FF3  PC:0B36
0B3A  79        MOV A,C     (3)  BC:0D01  DE:0000  HL:0096  AF:0046  SP:7FF3  PC:0B3A
0B3B  07        RLC         (3)  BC:0D01  DE:0000  HL:0096  AF:0146  SP:7FF3  PC:0B3B
0B3C  4F        MOV C,A     (3)  BC:0D01  DE:0000  HL:0096  AF:0246  SP:7FF3  PC:0B3C
0B3D  FE 01     CPI 01      (3)  BC:0D02  DE:0000  HL:0096  AF:0246  SP:7FF3  PC:0B3D
0B3F  C2 34 0B  JNZ 0B34    (3)  BC:0D02  DE:0000  HL:0096  AF:0212  SP:7FF3  PC:0B3F
0B34  7B        MOV A,E     (3)  BC:0D02  DE:0000  HL:0096  AF:0212  SP:7FF3  PC:0B34
0B35  A1        ANA C       (3)  BC:0D02  DE:0000  HL:0096  AF:0012  SP:7FF3  PC:0B35
0B36  CA 3A 0B  JZ 0B3A     (3)  BC:0D02  DE:0000  HL:0096  AF:0046  SP:7FF3  PC:0B36
0B3A  79        MOV A,C     (3)  BC:0D02  DE:0000  HL:0096  AF:0046  SP:7FF3  PC:0B3A
0B3B  07        RLC         (3)  BC:0D02  DE:0000  HL:0096  AF:0246  SP:7FF3  PC:0B3B
0B3C  4F        MOV C,A     (3)  BC:0D02  DE:0000  HL:0096  AF:0446  SP:7FF3  PC:0B3C
0B3D  FE 01     CPI 01      (3)  BC:0D04  DE:0000  HL:0096  AF:0446  SP:7FF3  PC:0B3D
0B3F  C2 34 0B  JNZ 0B34    (3)  BC:0D04  DE:0000  HL:0096  AF:0416  SP:7FF3  PC:0B3F
0B34  7B        MOV A,E     (3)  BC:0D04  DE:0000  HL:0096  AF:0416  SP:7FF3  PC:0B34
0B35  A1        ANA C       (3)  BC:0D04  DE:0000  HL:0096  AF:0016  SP:7FF3  PC:0B35
0B36  CA 3A 0B  JZ 0B3A     (3)  BC:0D04  DE:0000  HL:0096  AF:0046  SP:7FF3  PC:0B36
0B3A  79        MOV A,C     (3)  BC:0D04  DE:0000  HL:0096  AF:0046  SP:7FF3  PC:0B3A
0B3B  07        RLC         (3)  BC:0D04  DE:0000  HL:0096  AF:0446  SP:7FF3  PC:0B3B
0B3C  4F        MOV C,A     (3)  BC:0D04  DE:0000  HL:0096  AF:0846  SP:7FF3  PC:0B3C
0B3D  FE 01     CPI 01      (3)  BC:0D08  DE:0000  HL:0096  AF:0846  SP:7FF3  PC:0B3D
0B3F  C2 34 0B  JNZ 0B34    (3)  BC:0D08  DE:0000  HL:0096  AF:0812  SP:7FF3  PC:0B3F
0B34  7B        MOV A,E     (3)  BC:0D08  DE:0000  HL:0096  AF:0812  SP:7FF3  PC:0B34
0B35  A1        ANA C       (3)  BC:0D08  DE:0000  HL:0096  AF:0012  SP:7FF3  PC:0B35
0B36  CA 3A 0B  JZ 0B3A     (3)  BC:0D08  DE:0000  HL:0096  AF:0056  SP:7FF3  PC:0B36
0B3A  79        MOV A,C     (3)  BC:0D08  DE:0000  HL:0096  AF:0056  SP:7FF3  PC:0B3A
0B3B  07        RLC         (3)  BC:0D08  DE:0000  HL:0096  AF:0856  SP:7FF3  PC:0B3B
0B3C  4F        MOV C,A     (3)  BC:0D08  DE:0000  HL:0096  AF:1056  SP:7FF3  PC:0B3C
0B3D  FE 01     CPI 01      (3)  BC:0D10  DE:0000  HL:0096  AF:1056  SP:7FF3  PC:0B3D
0B3F  C2 34 0B  JNZ 0B34    (3)  BC:0D10  DE:0000  HL:0096  AF:1006  SP:7FF3  PC:0B3F
0B34  7B        MOV A,E     (3)  BC:0D10  DE:0000  HL:0096  AF:1006  SP:7FF3  PC:0B34
0B35  A1        ANA C       (3)  BC:0D10  DE:0000  HL:0096  AF:0006  SP:7FF3  PC:0B35
0B36  CA 3A 0B  JZ 0B3A     (3)  BC:0D10  DE:0000  HL:0096  AF:0046  SP:7FF3  PC:0B36
0B3A  79        MOV A,C     (3)  BC:0D10  DE:0000  HL:0096  AF:0046  SP:7FF3  PC:0B3A
0B3B  07        RLC         (3)  BC:0D10  DE:0000  HL:0096  AF:1046  SP:7FF3  PC:0B3B
0B3C  4F        MOV C,A     (3)  BC:0D10  DE:0000  HL:0096  AF:2046  SP:7FF3  PC:0B3C
0B3D  FE 01     CPI 01      (3)  BC:0D20  DE:0000  HL:0096  AF:2046  SP:7FF3  PC:0B3D
0B3F  C2 34 0B  JNZ 0B34    (3)  BC:0D20  DE:0000  HL:0096  AF:2002  SP:7FF3  PC:0B3F
0B34  7B        MOV A,E     (3)  BC:0D20  DE:0000  HL:0096  AF:2002  SP:7FF3  PC:0B34
0B35  A1        ANA C       (3)  BC:0D20  DE:0000  HL:0096  AF:0002  SP:7FF3  PC:0B35
0B36  CA 3A 0B  JZ 0B3A     (3)  BC:0D20  DE:0000  HL:0096  AF:0046  SP:7FF3  PC:0B36
0B3A  79        MOV A,C     (3)  BC:0D20  DE:0000  HL:0096  AF:0046  SP:7FF3  PC:0B3A
0B3B  07        RLC         (3)  BC:0D20  DE:0000  HL:0096  AF:2046  SP:7FF3  PC:0B3B
0B3C  4F        MOV C,A     (3)  BC:0D20  DE:0000  HL:0096  AF:4046  SP:7FF3  PC:0B3C
0B3D  FE 01     CPI 01      (3)  BC:0D40  DE:0000  HL:0096  AF:4046  SP:7FF3  PC:0B3D
0B3F  C2 34 0B  JNZ 0B34    (3)  BC:0D40  DE:0000  HL:0096  AF:4006  SP:7FF3  PC:0B3F
0B34  7B        MOV A,E     (3)  BC:0D40  DE:0000  HL:0096  AF:4006  SP:7FF3  PC:0B34
0B35  A1        ANA C       (3)  BC:0D40  DE:0000  HL:0096  AF:0006  SP:7FF3  PC:0B35
0B36  CA 3A 0B  JZ 0B3A     (3)  BC:0D40  DE:0000  HL:0096  AF:0046  SP:7FF3  PC:0B36
0B3A  79        MOV A,C     (3)  BC:0D40  DE:0000  HL:0096  AF:0046  SP:7FF3  PC:0B3A
0B3B  07        RLC         (3)  BC:0D40  DE:0000  HL:0096  AF:4046  SP:7FF3  PC:0B3B
0B3C  4F        MOV C,A     (3)  BC:0D40  DE:0000  HL:0096  AF:8046  SP:7FF3  PC:0B3C
0B3D  FE 01     CPI 01      (3)  BC:0D80  DE:0000  HL:0096  AF:8046  SP:7FF3  PC:0B3D
0B3F  C2 34 0B  JNZ 0B34    (3)  BC:0D80  DE:0000  HL:0096  AF:8002  SP:7FF3  PC:0B3F
0B34  7B        MOV A,E     (3)  BC:0D80  DE:0000  HL:0096  AF:8002  SP:7FF3  PC:0B34
0B35  A1        ANA C       (3)  BC:0D80  DE:0000  HL:0096  AF:0002  SP:7FF3  PC:0B35
0B36  CA 3A 0B  JZ 0B3A     (3)  BC:0D80  DE:0000  HL:0096  AF:0046  SP:7FF3  PC:0B36
0B3A  79        MOV A,C     (3)  BC:0D80  DE:0000  HL:0096  AF:0046  SP:7FF3  PC:0B3A
0B3B  07        RLC         (3)  BC:0D80  DE:0000  HL:0096  AF:8046  SP:7FF3  PC:0B3B
0B3C  4F        MOV C,A     (3)  BC:0D80  DE:0000  HL:0096  AF:0147  SP:7FF3  PC:0B3C
0B3D  FE 01     CPI 01      (3)  BC:0D01  DE:0000  HL:0096  AF:0147  SP:7FF3  PC:0B3D
0B3F  C2 34 0B  JNZ 0B34    (3)  BC:0D01  DE:0000  HL:0096  AF:0156  SP:7FF3  PC:0B3F
0B42  23        INX H       (3)  BC:0D01  DE:0000  HL:0096  AF:0156  SP:7FF3  PC:0B42
0B43  05        DCR B       (3)  BC:0D01  DE:0000  HL:0097  AF:0156  SP:7FF3  PC:0B43
0B44  C2 33 0B  JNZ 0B33    (3)  BC:0C01  DE:0000  HL:0097  AF:0116  SP:7FF3  PC:0B44
0B33  5E        MOV E,M     (3)  BC:0C01  DE:0000  HL:0097  AF:0116  SP:7FF3  PC:0B33
0B34  7B        MOV A,E     (3)  BC:0C01  DE:0000  HL:0097  AF:0116  SP:7FF3  PC:0B34
0B35  A1        ANA C       (3)  BC:0C01  DE:0000  HL:0097  AF:0016  SP:7FF3  PC:0B35
0B36  CA 3A 0B  JZ 0B3A     (3)  BC:0C01  DE:0000  HL:0097  AF:0046  SP:7FF3  PC:0B36
0B3A  79        MOV A,C     (3)  BC:0C01  DE:0000  HL:0097  AF:0046  SP:7FF3  PC:0B3A
0B3B  07        RLC         (3)  BC:0C01  DE:0000  HL:0097  AF:0146  SP:7FF3  PC:0B3B
0B3C  4F        MOV C,A     (3)  BC:0C01  DE:0000  HL:0097  AF:0246  SP:7FF3  PC:0B3C
0B3D  FE 01     CPI 01      (3)  BC:0C02  DE:0000  HL:0097  AF:0246  SP:7FF3  PC:0B3D
0B3F  C2 34 0B  JNZ 0B34    (3)  BC:0C02  DE:0000  HL:0097  AF:0212  SP:7FF3  PC:0B3F
0B34  7B        MOV A,E     (3)  BC:0C02  DE:0000  HL:0097  AF:0212  SP:7FF3  PC:0B34
0B35  A1        ANA C       (3)  BC:0C02  DE:0000  HL:0097  AF:0012  SP:7FF3  PC:0B35
0B36  CA 3A 0B  JZ 0B3A     (3)  BC:0C02  DE:0000  HL:0097  AF:0046  SP:7FF3  PC:0B36
0B3A  79        MOV A,C     (3)  BC:0C02  DE:0000  HL:0097  AF:0046  SP:7FF3  PC:0B3A
0B3B  07        RLC         (3)  BC:0C02  DE:0000  HL:0097  AF:0246  SP:7FF3  PC:0B3B
0B3C  4F        MOV C,A     (3)  BC:0C02  DE:0000  HL:0097  AF:0446  SP:7FF3  PC:0B3C
0B3D  FE 01     CPI 01      (3)  BC:0C04  DE:0000  HL:0097  AF:0446  SP:7FF3  PC:0B3D
0B3F  C2 34 0B  JNZ 0B34    (3)  BC:0C04  DE:0000  HL:0097  AF:0416  SP:7FF3  PC:0B3F
0B34  7B        MOV A,E     (3)  BC:0C04  DE:0000  HL:0097  AF:0416  SP:7FF3  PC:0B34
0B35  A1        ANA C       (3)  BC:0C04  DE:0000  HL:0097  AF:0016  SP:7FF3  PC:0B35
0B36  CA 3A 0B  JZ 0B3A     (3)  BC:0C04  DE:0000  HL:0097  AF:0046  SP:7FF3  PC:0B36
0B3A  79        MOV A,C     (3)  BC:0C04  DE:0000  HL:0097  AF:0046  SP:7FF3  PC:0B3A
0B3B  07        RLC         (3)  BC:0C04  DE:0000  HL:0097  AF:0446  SP:7FF3  PC:0B3B
0B3C  4F        MOV C,A     (3)  BC:0C04  DE:0000  HL:0097  AF:0846  SP:7FF3  PC:0B3C
0B3D  FE 01     CPI 01      (3)  BC:0C08  DE:0000  HL:0097  AF:0846  SP:7FF3  PC:0B3D
0B3F  C2 34 0B  JNZ 0B34    (3)  BC:0C08  DE:0000  HL:0097  AF:0812  SP:7FF3  PC:0B3F
0B34  7B        MOV A,E     (3)  BC:0C08  DE:0000  HL:0097  AF:0812  SP:7FF3  PC:0B34
0B35  A1        ANA C       (3)  BC:0C08  DE:0000  HL:0097  AF:0012  SP:7FF3  PC:0B35
0B36  CA 3A 0B  JZ 0B3A     (3)  BC:0C08  DE:0000  HL:0097  AF:0056  SP:7FF3  PC:0B36
0B3A  79        MOV A,C     (3)  BC:0C08  DE:0000  HL:0097  AF:0056  SP:7FF3  PC:0B3A
0B3B  07        RLC         (3)  BC:0C08  DE:0000  HL:0097  AF:0856  SP:7FF3  PC:0B3B
0B3C  4F        MOV C,A     (3)  BC:0C08  DE:0000  HL:0097  AF:1056  SP:7FF3  PC:0B3C
0B3D  FE 01     CPI 01      (3)  BC:0C10  DE:0000  HL:0097  AF:1056  SP:7FF3  PC:0B3D
0B3F  C2 34 0B  JNZ 0B34    (3)  BC:0C10  DE:0000  HL:0097  AF:1006  SP:7FF3  PC:0B3F
0B34  7B        MOV A,E     (3)  BC:0C10  DE:0000  HL:0097  AF:1006  SP:7FF3  PC:0B34
0B35  A1        ANA C       (3)  BC:0C10  DE:0000  HL:0097  AF:0006  SP:7FF3  PC:0B35
0B36  CA 3A 0B  JZ 0B3A     (3)  BC:0C10  DE:0000  HL:0097  AF:0046  SP:7FF3  PC:0B36
0B3A  79        MOV A,C     (3)  BC:0C10  DE:0000  HL:0097  AF:0046  SP:7FF3  PC:0B3A
0B3B  07        RLC         (3)  BC:0C10  DE:0000  HL:0097  AF:1046  SP:7FF3  PC:0B3B
0B3C  4F        MOV C,A     (3)  BC:0C10  DE:0000  HL:0097  AF:2046  SP:7FF3  PC:0B3C
0B3D  FE 01     CPI 01      (3)  BC:0C20  DE:0000  HL:0097  AF:2046  SP:7FF3  PC:0B3D
0B3F  C2 34 0B  JNZ 0B34    (3)  BC:0C20  DE:0000  HL:0097  AF:2002  SP:7FF3  PC:0B3F
0B34  7B        MOV A,E     (3)  BC:0C20  DE:0000  HL:0097  AF:2002  SP:7FF3  PC:0B34
0B35  A1        ANA C       (3)  BC:0C20  DE:0000  HL:0097  AF:0002  SP:7FF3  PC:0B35
0B36  CA 3A 0B  JZ 0B3A     (3)  BC:0C20  DE:0000  HL:0097  AF:0046  SP:7FF3  PC:0B36
0B3A  79        MOV A,C     (3)  BC:0C20  DE:0000  HL:0097  AF:0046  SP:7FF3  PC:0B3A
0B3B  07        RLC         (3)  BC:0C20  DE:0000  HL:0097  AF:2046  SP:7FF3  PC:0B3B
0B3C  4F        MOV C,A     (3)  BC:0C20  DE:0000  HL:0097  AF:4046  SP:7FF3  PC:0B3C
0B3D  FE 01     CPI 01      (3)  BC:0C40  DE:0000  HL:0097  AF:4046  SP:7FF3  PC:0B3D
0B3F  C2 34 0B  JNZ 0B34    (3)  BC:0C40  DE:0000  HL:0097  AF:4006  SP:7FF3  PC:0B3F
0B34  7B        MOV A,E     (3)  BC:0C40  DE:0000  HL:0097  AF:4006  SP:7FF3  PC:0B34
0B35  A1        ANA C       (3)  BC:0C40  DE:0000  HL:0097  AF:0006  SP:7FF3  PC:0B35
0B36  CA 3A 0B  JZ 0B3A     (3)  BC:0C40  DE:0000  HL:0097  AF:0046  SP:7FF3  PC:0B36
0B3A  79        MOV A,C     (3)  BC:0C40  DE:0000  HL:0097  AF:0046  SP:7FF3  PC:0B3A
0B3B  07        RLC         (3)  BC:0C40  DE:0000  HL:0097  AF:4046  SP:7FF3  PC:0B3B
0B3C  4F        MOV C,A     (3)  BC:0C40  DE:0000  HL:0097  AF:8046  SP:7FF3  PC:0B3C
0B3D  FE 01     CPI 01      (3)  BC:0C80  DE:0000  HL:0097  AF:8046  SP:7FF3  PC:0B3D
0B3F  C2 34 0B  JNZ 0B34    (3)  BC:0C80  DE:0000  HL:0097  AF:8002  SP:7FF3  PC:0B3F
0B34  7B        MOV A,E     (3)  BC:0C80  DE:0000  HL:0097  AF:8002  SP:7FF3  PC:0B34
0B35  A1        ANA C       (3)  BC:0C80  DE:0000  HL:0097  AF:0002  SP:7FF3  PC:0B35
0B36  CA 3A 0B  JZ 0B3A     (3)  BC:0C80  DE:0000  HL:0097  AF:0046  SP:7FF3  PC:0B36
0B3A  79        MOV A,C     (3)  BC:0C80  DE:0000  HL:0097  AF:0046  SP:7FF3  PC:0B3A
0B3B  07        RLC         (3)  BC:0C80  DE:0000  HL:0097  AF:8046  SP:7FF3  PC:0B3B
0B3C  4F        MOV C,A     (3)  BC:0C80  DE:0000  HL:0097  AF:0147  SP:7FF3  PC:0B3C
0B3D  FE 01     CPI 01      (3)  BC:0C01  DE:0000  HL:0097  AF:0147  SP:7FF3  PC:0B3D
0B3F  C2 34 0B  JNZ 0B34    (3)  BC:0C01  DE:0000  HL:0097  AF:0156  SP:7FF3  PC:0B3F
0B42  23        INX H       (3)  BC:0C01  DE:0000  HL:0097  AF:0156  SP:7FF3  PC:0B42
0B43  05        DCR B       (3)  BC:0C01  DE:0000  HL:0098  AF:0156  SP:7FF3  PC:0B43
0B44  C2 33 0B  JNZ 0B33    (3)  BC:0B01  DE:0000  HL:0098  AF:0112  SP:7FF3  PC:0B44
0B33  5E        MOV E,M     (3)  BC:0B01  DE:0000  HL:0098  AF:0112  SP:7FF3  PC:0B33
0B34  7B        MOV A,E     (3)  BC:0B01  DE:0000  HL:0098  AF:0112  SP:7FF3  PC:0B34
0B35  A1        ANA C       (3)  BC:0B01  DE:0000  HL:0098  AF:0012  SP:7FF3  PC:0B35
0B36  CA 3A 0B  JZ 0B3A     (3)  BC:0B01  DE:0000  HL:0098  AF:0046  SP:7FF3  PC:0B36
0B3A  79        MOV A,C     (3)  BC:0B01  DE:0000  HL:0098  AF:0046  SP:7FF3  PC:0B3A
0B3B  07        RLC         (3)  BC:0B01  DE:0000  HL:0098  AF:0146  SP:7FF3  PC:0B3B
0B3C  4F        MOV C,A     (3)  BC:0B01  DE:0000  HL:0098  AF:0246  SP:7FF3  PC:0B3C
0B3D  FE 01     CPI 01      (3)  BC:0B02  DE:0000  HL:0098  AF:0246  SP:7FF3  PC:0B3D
0B3F  C2 34 0B  JNZ 0B34    (3)  BC:0B02  DE:0000  HL:0098  AF:0212  SP:7FF3  PC:0B3F
0B34  7B        MOV A,E     (3)  BC:0B02  DE:0000  HL:0098  AF:0212  SP:7FF3  PC:0B34
0B35  A1        ANA C       (3)  BC:0B02  DE:0000  HL:0098  AF:0012  SP:7FF3  PC:0B35
0B36  CA 3A 0B  JZ 0B3A     (3)  BC:0B02  DE:0000  HL:0098  AF:0046  SP:7FF3  PC:0B36
0B3A  79        MOV A,C     (3)  BC:0B02  DE:0000  HL:0098  AF:0046  SP:7FF3  PC:0B3A
0B3B  07        RLC         (3)  BC:0B02  DE:0000  HL:0098  AF:0246  SP:7FF3  PC:0B3B
0B3C  4F        MOV C,A     (3)  BC:0B02  DE:0000  HL:0098  AF:0446  SP:7FF3  PC:0B3C
0B3D  FE 01     CPI 01      (3)  BC:0B04  DE:0000  HL:0098  AF:0446  SP:7FF3  PC:0B3D
0B3F  C2 34 0B  JNZ 0B34    (3)  BC:0B04  DE:0000  HL:0098  AF:0416  SP:7FF3  PC:0B3F
0B34  7B        MOV A,E     (3)  BC:0B04  DE:0000  HL:0098  AF:0416  SP:7FF3  PC:0B34
0B35  A1        ANA C       (3)  BC:0B04  DE:0000  HL:0098  AF:0016  SP:7FF3  PC:0B35
0B36  CA 3A 0B  JZ 0B3A     (3)  BC:0B04  DE:0000  HL:0098  AF:0046  SP:7FF3  PC:0B36
0B3A  79        MOV A,C     (3)  BC:0B04  DE:0000  HL:0098  AF:0046  SP:7FF3  PC:0B3A
0B3B  07        RLC         (3)  BC:0B04  DE:0000  HL:0098  AF:0446  SP:7FF3  PC:0B3B
0B3C  4F        MOV C,A     (3)  BC:0B04  DE:0000  HL:0098  AF:0846  SP:7FF3  PC:0B3C
0B3D  FE 01     CPI 01      (3)  BC:0B08  DE:0000  HL:0098  AF:0846  SP:7FF3  PC:0B3D
0B3F  C2 34 0B  JNZ 0B34    (3)  BC:0B08  DE:0000  HL:0098  AF:0812  SP:7FF3  PC:0B3F
0B34  7B        MOV A,E     (3)  BC:0B08  DE:0000  HL:0098  AF:0812  SP:7FF3  PC:0B34
0B35  A1        ANA C       (3)  BC:0B08  DE:0000  HL:0098  AF:0012  SP:7FF3  PC:0B35
0B36  CA 3A 0B  JZ 0B3A     (3)  BC:0B08  DE:0000  HL:0098  AF:0056  SP:7FF3  PC:0B36
0B3A  79        MOV A,C     (3)  BC:0B08  DE:0000  HL:0098  AF:0056  SP:7FF3  PC:0B3A
0B3B  07        RLC         (3)  BC:0B08  DE:0000  HL:0098  AF:0856  SP:7FF3  PC:0B3B
0B3C  4F        MOV C,A     (3)  BC:0B08  DE:0000  HL:0098  AF:1056  SP:7FF3  PC:0B3C
0B3D  FE 01     CPI 01      (3)  BC:0B10  DE:0000  HL:0098  AF:1056  SP:7FF3  PC:0B3D
0B3F  C2 34 0B  JNZ 0B34    (3)  BC:0B10  DE:0000  HL:0098  AF:1006  SP:7FF3  PC:0B3F
0B34  7B        MOV A,E     (3)  BC:0B10  DE:0000  HL:0098  AF:1006  SP:7FF3  PC:0B34
0B35  A1        ANA C       (3)  BC:0B10  DE:0000  HL:0098  AF:0006  SP:7FF3  PC:0B35
0B36  CA 3A 0B  JZ 0B3A     (3)  BC:0B10  DE:0000  HL:0098  AF:0046  SP:7FF3  PC:0B36
0B3A  79        MOV A,C     (3)  BC:0B10  DE:0000  HL:0098  AF:0046  SP:7FF3  PC:0B3A
0B3B  07        RLC         (3)  BC:0B10  DE:0000  HL:0098  AF:1046  SP:7FF3  PC:0B3B
0B3C  4F        MOV C,A     (3)  BC:0B10  DE:0000  HL:0098  AF:2046  SP:7FF3  PC:0B3C
0B3D  FE 01     CPI 01      (3)  BC:0B20  DE:0000  HL:0098  AF:2046  SP:7FF3  PC:0B3D
0B3F  C2 34 0B  JNZ 0B34    (3)  BC:0B20  DE:0000  HL:0098  AF:2002  SP:7FF3  PC:0B3F
0B34  7B        MOV A,E     (3)  BC:0B20  DE:0000  HL:0098  AF:2002  SP:7FF3  PC:0B34
0B35  A1        ANA C       (3)  BC:0B20  DE:0000  HL:0098  AF:0002  SP:7FF3  PC:0B35
0B36  CA 3A 0B  JZ 0B3A     (3)  BC:0B20  DE:0000  HL:0098  AF:0046  SP:7FF3  PC:0B36
0B3A  79        MOV A,C     (3)  BC:0B20  DE:0000  HL:0098  AF:0046  SP:7FF3  PC:0B3A
0B3B  07        RLC         (3)  BC:0B20  DE:0000  HL:0098  AF:2046  SP:7FF3  PC:0B3B
0B3C  4F        MOV C,A     (3)  BC:0B20  DE:0000  HL:0098  AF:4046  SP:7FF3  PC:0B3C
0B3D  FE 01     CPI 01      (3)  BC:0B40  DE:0000  HL:0098  AF:4046  SP:7FF3  PC:0B3D
0B3F  C2 34 0B  JNZ 0B34    (3)  BC:0B40  DE:0000  HL:0098  AF:4006  SP:7FF3  PC:0B3F
0B34  7B        MOV A,E     (3)  BC:0B40  DE:0000  HL:0098  AF:4006  SP:7FF3  PC:0B34
0B35  A1        ANA C       (3)  BC:0B40  DE:0000  HL:0098  AF:0006  SP:7FF3  PC:0B35
0B36  CA 3A 0B  JZ 0B3A     (3)  BC:0B40  DE:0000  HL:0098  AF:0046  SP:7FF3  PC:0B36
0B3A  79        MOV A,C     (3)  BC:0B40  DE:0000  HL:0098  AF:0046  SP:7FF3  PC:0B3A
0B3B  07        RLC         (3)  BC:0B40  DE:0000  HL:0098  AF:4046  SP:7FF3  PC:0B3B
0B3C  4F        MOV C,A     (3)  BC:0B40  DE:0000  HL:0098  AF:8046  SP:7FF3  PC:0B3C
0B3D  FE 01     CPI 01      (3)  BC:0B80  DE:0000  HL:0098  AF:8046  SP:7FF3  PC:0B3D
0B3F  C2 34 0B  JNZ 0B34    (3)  BC:0B80  DE:0000  HL:0098  AF:8002  SP:7FF3  PC:0B3F
0B34  7B        MOV A,E     (3)  BC:0B80  DE:0000  HL:0098  AF:8002  SP:7FF3  PC:0B34
0B35  A1        ANA C       (3)  BC:0B80  DE:0000  HL:0098  AF:0002  SP:7FF3  PC:0B35
0B36  CA 3A 0B  JZ 0B3A     (3)  BC:0B80  DE:0000  HL:0098  AF:0046  SP:7FF3  PC:0B36
0B3A  79        MOV A,C     (3)  BC:0B80  DE:0000  HL:0098  AF:0046  SP:7FF3  PC:0B3A
0B3B  07        RLC         (3)  BC:0B80  DE:0000  HL:0098  AF:8046  SP:7FF3  PC:0B3B
0B3C  4F        MOV C,A     (3)  BC:0B80  DE:0000  HL:0098  AF:0147  SP:7FF3  PC:0B3C
0B3D  FE 01     CPI 01      (3)  BC:0B01  DE:0000  HL:0098  AF:0147  SP:7FF3  PC:0B3D
0B3F  C2 34 0B  JNZ 0B34    (3)  BC:0B01  DE:0000  HL:0098  AF:0156  SP:7FF3  PC:0B3F
0B42  23        INX H       (3)  BC:0B01  DE:0000  HL:0098  AF:0156  SP:7FF3  PC:0B42
0B43  05        DCR B       (3)  BC:0B01  DE:0000  HL:0099  AF:0156  SP:7FF3  PC:0B43
0B44  C2 33 0B  JNZ 0B33    (3)  BC:0A01  DE:0000  HL:0099  AF:0116  SP:7FF3  PC:0B44
0B33  5E        MOV E,M     (3)  BC:0A01  DE:0000  HL:0099  AF:0116  SP:7FF3  PC:0B33
0B34  7B        MOV A,E     (3)  BC:0A01  DE:00FF  HL:0099  AF:0116  SP:7FF3  PC:0B34
0B35  A1        ANA C       (3)  BC:0A01  DE:00FF  HL:0099  AF:FF16  SP:7FF3  PC:0B35
0B36  CA 3A 0B  JZ 0B3A     (3)  BC:0A01  DE:00FF  HL:0099  AF:0112  SP:7FF3  PC:0B36
0B39  14        INR D       (3)  BC:0A01  DE:00FF  HL:0099  AF:0112  SP:7FF3  PC:0B39
0B3A  79        MOV A,C     (3)  BC:0A01  DE:01FF  HL:0099  AF:0102  SP:7FF3  PC:0B3A
0B3B  07        RLC         (3)  BC:0A01  DE:01FF  HL:0099  AF:0102  SP:7FF3  PC:0B3B
0B3C  4F        MOV C,A     (3)  BC:0A01  DE:01FF  HL:0099  AF:0202  SP:7FF3  PC:0B3C
0B3D  FE 01     CPI 01      (3)  BC:0A02  DE:01FF  HL:0099  AF:0202  SP:7FF3  PC:0B3D
0B3F  C2 34 0B  JNZ 0B34    (3)  BC:0A02  DE:01FF  HL:0099  AF:0212  SP:7FF3  PC:0B3F
0B34  7B        MOV A,E     (3)  BC:0A02  DE:01FF  HL:0099  AF:0212  SP:7FF3  PC:0B34
0B35  A1        ANA C       (3)  BC:0A02  DE:01FF  HL:0099  AF:FF12  SP:7FF3  PC:0B35
0B36  CA 3A 0B  JZ 0B3A     (3)  BC:0A02  DE:01FF  HL:0099  AF:0212  SP:7FF3  PC:0B36
0B39  14        INR D       (3)  BC:0A02  DE:01FF  HL:0099  AF:0212  SP:7FF3  PC:0B39
0B3A  79        MOV A,C     (3)  BC:0A02  DE:02FF  HL:0099  AF:0202  SP:7FF3  PC:0B3A
0B3B  07        RLC         (3)  BC:0A02  DE:02FF  HL:0099  AF:0202  SP:7FF3  PC:0B3B
0B3C  4F        MOV C,A     (3)  BC:0A02  DE:02FF  HL:0099  AF:0402  SP:7FF3  PC:0B3C
0B3D  FE 01     CPI 01      (3)  BC:0A04  DE:02FF  HL:0099  AF:0402  SP:7FF3  PC:0B3D
0B3F  C2 34 0B  JNZ 0B34    (3)  BC:0A04  DE:02FF  HL:0099  AF:0416  SP:7FF3  PC:0B3F
0B34  7B        MOV A,E     (3)  BC:0A04  DE:02FF  HL:0099  AF:0416  SP:7FF3  PC:0B34
0B35  A1        ANA C       (3)  BC:0A04  DE:02FF  HL:0099  AF:FF16  SP:7FF3  PC:0B35
0B36  CA 3A 0B  JZ 0B3A     (3)  BC:0A04  DE:02FF  HL:0099  AF:0412  SP:7FF3  PC:0B36
0B39  14        INR D       (3)  BC:0A04  DE:02FF  HL:0099  AF:0412  SP:7FF3  PC:0B39
0B3A  79        MOV A,C     (3)  BC:0A04  DE:03FF  HL:0099  AF:0406  SP:7FF3  PC:0B3A
0B3B  07        RLC         (3)  BC:0A04  DE:03FF  HL:0099  AF:0406  SP:7FF3  PC:0B3B
0B3C  4F        MOV C,A     (3)  BC:0A04  DE:03FF  HL:0099  AF:0806  SP:7FF3  PC:0B3C
0B3D  FE 01     CPI 01      (3)  BC:0A08  DE:03FF  HL:0099  AF:0806  SP:7FF3  PC:0B3D
0B3F  C2 34 0B  JNZ 0B34    (3)  BC:0A08  DE:03FF  HL:0099  AF:0812  SP:7FF3  PC:0B3F
0B34  7B        MOV A,E     (3)  BC:0A08  DE:03FF  HL:0099  AF:0812  SP:7FF3  PC:0B34
0B35  A1        ANA C       (3)  BC:0A08  DE:03FF  HL:0099  AF:FF12  SP:7FF3  PC:0B35
0B36  CA 3A 0B  JZ 0B3A     (3)  BC:0A08  DE:03FF  HL:0099  AF:0812  SP:7FF3  PC:0B36
0B39  14        INR D       (3)  BC:0A08  DE:03FF  HL:0099  AF:0812  SP:7FF3  PC:0B39
0B3A  79        MOV A,C     (3)  BC:0A08  DE:04FF  HL:0099  AF:0802  SP:7FF3  PC:0B3A
0B3B  07        RLC         (3)  BC:0A08  DE:04FF  HL:0099  AF:0802  SP:7FF3  PC:0B3B
0B3C  4F        MOV C,A     (3)  BC:0A08  DE:04FF  HL:0099  AF:1002  SP:7FF3  PC:0B3C
0B3D  FE 01     CPI 01      (3)  BC:0A10  DE:04FF  HL:0099  AF:1002  SP:7FF3  PC:0B3D
0B3F  C2 34 0B  JNZ 0B34    (3)  BC:0A10  DE:04FF  HL:0099  AF:1006  SP:7FF3  PC:0B3F
0B34  7B        MOV A,E     (3)  BC:0A10  DE:04FF  HL:0099  AF:1006  SP:7FF3  PC:0B34
0B35  A1        ANA C       (3)  BC:0A10  DE:04FF  HL:0099  AF:FF06  SP:7FF3  PC:0B35
0B36  CA 3A 0B  JZ 0B3A     (3)  BC:0A10  DE:04FF  HL:0099  AF:1012  SP:7FF3  PC:0B36
0B39  14        INR D       (3)  BC:0A10  DE:04FF  HL:0099  AF:1012  SP:7FF3  PC:0B39
0B3A  79        MOV A,C     (3)  BC:0A10  DE:05FF  HL:0099  AF:1006  SP:7FF3  PC:0B3A
0B3B  07        RLC         (3)  BC:0A10  DE:05FF  HL:0099  AF:1006  SP:7FF3  PC:0B3B
0B3C  4F        MOV C,A     (3)  BC:0A10  DE:05FF  HL:0099  AF:2006  SP:7FF3  PC:0B3C
0B3D  FE 01     CPI 01      (3)  BC:0A20  DE:05FF  HL:0099  AF:2006  SP:7FF3  PC:0B3D
0B3F  C2 34 0B  JNZ 0B34    (3)  BC:0A20  DE:05FF  HL:0099  AF:2002  SP:7FF3  PC:0B3F
0B34  7B        MOV A,E     (3)  BC:0A20  DE:05FF  HL:0099  AF:2002  SP:7FF3  PC:0B34
0B35  A1        ANA C       (3)  BC:0A20  DE:05FF  HL:0099  AF:FF02  SP:7FF3  PC:0B35
0B36  CA 3A 0B  JZ 0B3A     (3)  BC:0A20  DE:05FF  HL:0099  AF:2012  SP:7FF3  PC:0B36
0B39  14        INR D       (3)  BC:0A20  DE:05FF  HL:0099  AF:2012  SP:7FF3  PC:0B39
0B3A  79        MOV A,C     (3)  BC:0A20  DE:06FF  HL:0099  AF:2006  SP:7FF3  PC:0B3A
0B3B  07        RLC         (3)  BC:0A20  DE:06FF  HL:0099  AF:2006  SP:7FF3  PC:0B3B
0B3C  4F        MOV C,A     (3)  BC:0A20  DE:06FF  HL:0099  AF:4006  SP:7FF3  PC:0B3C
0B3D  FE 01     CPI 01      (3)  BC:0A40  DE:06FF  HL:0099  AF:4006  SP:7FF3  PC:0B3D
0B3F  C2 34 0B  JNZ 0B34    (3)  BC:0A40  DE:06FF  HL:0099  AF:4006  SP:7FF3  PC:0B3F
0B34  7B        MOV A,E     (3)  BC:0A40  DE:06FF  HL:0099  AF:4006  SP:7FF3  PC:0B34
0B35  A1        ANA C       (3)  BC:0A40  DE:06FF  HL:0099  AF:FF06  SP:7FF3  PC:0B35
0B36  CA 3A 0B  JZ 0B3A     (3)  BC:0A40  DE:06FF  HL:0099  AF:4012  SP:7FF3  PC:0B36
0B39  14        INR D       (3)  BC:0A40  DE:06FF  HL:0099  AF:4012  SP:7FF3  PC:0B39
0B3A  79        MOV A,C     (3)  BC:0A40  DE:07FF  HL:0099  AF:4002  SP:7FF3  PC:0B3A
0B3B  07        RLC         (3)  BC:0A40  DE:07FF  HL:0099  AF:4002  SP:7FF3  PC:0B3B
0B3C  4F        MOV C,A     (3)  BC:0A40  DE:07FF  HL:0099  AF:8002  SP:7FF3  PC:0B3C
0B3D  FE 01     CPI 01      (3)  BC:0A80  DE:07FF  HL:0099  AF:8002  SP:7FF3  PC:0B3D
0B3F  C2 34 0B  JNZ 0B34    (3)  BC:0A80  DE:07FF  HL:0099  AF:8002  SP:7FF3  PC:0B3F
0B34  7B        MOV A,E     (3)  BC:0A80  DE:07FF  HL:0099  AF:8002  SP:7FF3  PC:0B34
0B35  A1        ANA C       (3)  BC:0A80  DE:07FF  HL:0099  AF:FF02  SP:7FF3  PC:0B35
0B36  CA 3A 0B  JZ 0B3A     (3)  BC:0A80  DE:07FF  HL:0099  AF:8092  SP:7FF3  PC:0B36
0B39  14        INR D       (3)  BC:0A80  DE:07FF  HL:0099  AF:8092  SP:7FF3  PC:0B39
0B3A  79        MOV A,C     (3)  BC:0A80  DE:08FF  HL:0099  AF:8002  SP:7FF3  PC:0B3A
0B3B  07        RLC         (3)  BC:0A80  DE:08FF  HL:0099  AF:8002  SP:7FF3  PC:0B3B
0B3C  4F        MOV C,A     (3)  BC:0A80  DE:08FF  HL:0099  AF:0103  SP:7FF3  PC:0B3C
0B3D  FE 01     CPI 01      (3)  BC:0A01  DE:08FF  HL:0099  AF:0103  SP:7FF3  PC:0B3D
0B3F  C2 34 0B  JNZ 0B34    (3)  BC:0A01  DE:08FF  HL:0099  AF:0156  SP:7FF3  PC:0B3F
0B42  23        INX H       (3)  BC:0A01  DE:08FF  HL:0099  AF:0156  SP:7FF3  PC:0B42
0B43  05        DCR B       (3)  BC:0A01  DE:08FF  HL:009A  AF:0156  SP:7FF3  PC:0B43
0B44  C2 33 0B  JNZ 0B33    (3)  BC:0901  DE:08FF  HL:009A  AF:0116  SP:7FF3  PC:0B44
0B33  5E        MOV E,M     (3)  BC:0901  DE:08FF  HL:009A  AF:0116  SP:7FF3  PC:0B33
0B34  7B        MOV A,E     (3)  BC:0901  DE:08FF  HL:009A  AF:0116  SP:7FF3  PC:0B34
0B35  A1        ANA C       (3)  BC:0901  DE:08FF  HL:009A  AF:FF16  SP:7FF3  PC:0B35
0B36  CA 3A 0B  JZ 0B3A     (3)  BC:0901  DE:08FF  HL:009A  AF:0112  SP:7FF3  PC:0B36
0B39  14        INR D       (3)  BC:0901  DE:08FF  HL:009A  AF:0112  SP:7FF3  PC:0B39
0B3A  79        MOV A,C     (3)  BC:0901  DE:09FF  HL:009A  AF:0106  SP:7FF3  PC:0B3A
0B3B  07        RLC         (3)  BC:0901  DE:09FF  HL:009A  AF:0106  SP:7FF3  PC:0B3B
0B3C  4F        MOV C,A     (3)  BC:0901  DE:09FF  HL:009A  AF:0206  SP:7FF3  PC:0B3C
0B3D  FE 01     CPI 01      (3)  BC:0902  DE:09FF  HL:009A  AF:0206  SP:7FF3  PC:0B3D
0B3F  C2 34 0B  JNZ 0B34    (3)  BC:0902  DE:09FF  HL:009A  AF:0212  SP:7FF3  PC:0B3F
0B34  7B        MOV A,E     (3)  BC:0902  DE:09FF  HL:009A  AF:0212  SP:7FF3  PC:0B34
0B35  A1        ANA C       (3)  BC:0902  DE:09FF  HL:009A  AF:FF12  SP:7FF3  PC:0B35
0B36  CA 3A 0B  JZ 0B3A     (3)  BC:0902  DE:09FF  HL:009A  AF:0212  SP:7FF3  PC:0B36
0B39  14        INR D       (3)  BC:0902  DE:09FF  HL:009A  AF:0212  SP:7FF3  PC:0B39
0B3A  79        MOV A,C     (3)  BC:0902  DE:0AFF  HL:009A  AF:0206  SP:7FF3  PC:0B3A
0B3B  07        RLC         (3)  BC:0902  DE:0AFF  HL:009A  AF:0206  SP:7FF3  PC:0B3B
0B3C  4F        MOV C,A     (3)  BC:0902  DE:0AFF  HL:009A  AF:0406  SP:7FF3  PC:0B3C
0B3D  FE 01     CPI 01      (3)  BC:0904  DE:0AFF  HL:009A  AF:0406  SP:7FF3  PC:0B3D
0B3F  C2 34 0B  JNZ 0B34    (3)  BC:0904  DE:0AFF  HL:009A  AF:0416  SP:7FF3  PC:0B3F
0B34  7B        MOV A,E     (3)  BC:0904  DE:0AFF  HL:009A  AF:0416  SP:7FF3  PC:0B34
0B35  A1        ANA C       (3)  BC:0904  DE:0AFF  HL:009A  AF:FF16  SP:7FF3  PC:0B35
0B36  CA 3A 0B  JZ 0B3A     (3)  BC:0904  DE:0AFF  HL:009A  AF:0412  SP:7FF3  PC:0B36
0B39  14        INR D       (3)  BC:0904  DE:0AFF  HL:009A  AF:0412  SP:7FF3  PC:0B39
0B3A  79        MOV A,C     (3)  BC:0904  DE:0BFF  HL:009A  AF:0402  SP:7FF3  PC:0B3A
0B3B  07        RLC         (3)  BC:0904  DE:0BFF  HL:009A  AF:0402  SP:7FF3  PC:0B3B
0B3C  4F        MOV C,A     (3)  BC:0904  DE:0BFF  HL:009A  AF:0802  SP:7FF3  PC:0B3C
0B3D  FE 01     CPI 01      (3)  BC:0908  DE:0BFF  HL:009A  AF:0802  SP:7FF3  PC:0B3D
0B3F  C2 34 0B  JNZ 0B34    (3)  BC:0908  DE:0BFF  HL:009A  AF:0812  SP:7FF3  PC:0B3F
0B34  7B        MOV A,E     (3)  BC:0908  DE:0BFF  HL:009A  AF:0812  SP:7FF3  PC:0B34
0B35  A1        ANA C       (3)  BC:0908  DE:0BFF  HL:009A  AF:FF12  SP:7FF3  PC:0B35
0B36  CA 3A 0B  JZ 0B3A     (3)  BC:0908  DE:0BFF  HL:009A  AF:0812  SP:7FF3  PC:0B36
0B39  14        INR D       (3)  BC:0908  DE:0BFF  HL:009A  AF:0812  SP:7FF3  PC:0B39
0B3A  79        MOV A,C     (3)  BC:0908  DE:0CFF  HL:009A  AF:0806  SP:7FF3  PC:0B3A
0B3B  07        RLC         (3)  BC:0908  DE:0CFF  HL:009A  AF:0806  SP:7FF3  PC:0B3B
0B3C  4F        MOV C,A     (3)  BC:0908  DE:0CFF  HL:009A  AF:1006  SP:7FF3  PC:0B3C
0B3D  FE 01     CPI 01      (3)  BC:0910  DE:0CFF  HL:009A  AF:1006  SP:7FF3  PC:0B3D
0B3F  C2 34 0B  JNZ 0B34    (3)  BC:0910  DE:0CFF  HL:009A  AF:1006  SP:7FF3  PC:0B3F
0B34  7B        MOV A,E     (3)  BC:0910  DE:0CFF  HL:009A  AF:1006  SP:7FF3  PC:0B34
0B35  A1        ANA C       (3)  BC:0910  DE:0CFF  HL:009A  AF:FF06  SP:7FF3  PC:0B35
0B36  CA 3A 0B  JZ 0B3A     (3)  BC:0910  DE:0CFF  HL:009A  AF:1012  SP:7FF3  PC:0B36
0B39  14        INR D       (3)  BC:0910  DE:0CFF  HL:009A  AF:1012  SP:7FF3  PC:0B39
0B3A  79        MOV A,C     (3)  BC:0910  DE:0DFF  HL:009A  AF:1002  SP:7FF3  PC:0B3A
0B3B  07        RLC         (3)  BC:0910  DE:0DFF  HL:009A  AF:1002  SP:7FF3  PC:0B3B
0B3C  4F        MOV C,A     (3)  BC:0910  DE:0DFF  HL:009A  AF:2002  SP:7FF3  PC:0B3C
0B3D  FE 01     CPI 01      (3)  BC:0920  DE:0DFF  HL:009A  AF:2002  SP:7FF3  PC:0B3D
0B3F  C2 34 0B  JNZ 0B34    (3)  BC:0920  DE:0DFF  HL:009A  AF:2002  SP:7FF3  PC:0B3F
0B34  7B        MOV A,E     (3)  BC:0920  DE:0DFF  HL:009A  AF:2002  SP:7FF3  PC:0B34
0B35  A1        ANA C       (3)  BC:0920  DE:0DFF  HL:009A  AF:FF02  SP:7FF3  PC:0B35
0B36  CA 3A 0B  JZ 0B3A     (3)  BC:0920  DE:0DFF  HL:009A  AF:2012  SP:7FF3  PC:0B36
0B39  14        INR D       (3)  BC:0920  DE:0DFF  HL:009A  AF:2012  SP:7FF3  PC:0B39
0B3A  79        MOV A,C     (3)  BC:0920  DE:0EFF  HL:009A  AF:2002  SP:7FF3  PC:0B3A
0B3B  07        RLC         (3)  BC:0920  DE:0EFF  HL:009A  AF:2002  SP:7FF3  PC:0B3B
0B3C  4F        MOV C,A     (3)  BC:0920  DE:0EFF  HL:009A  AF:4002  SP:7FF3  PC:0B3C
0B3D  FE 01     CPI 01      (3)  BC:0940  DE:0EFF  HL:009A  AF:4002  SP:7FF3  PC:0B3D
0B3F  C2 34 0B  JNZ 0B34    (3)  BC:0940  DE:0EFF  HL:009A  AF:4006  SP:7FF3  PC:0B3F
0B34  7B        MOV A,E     (3)  BC:0940  DE:0EFF  HL:009A  AF:4006  SP:7FF3  PC:0B34
0B35  A1        ANA C       (3)  BC:0940  DE:0EFF  HL:009A  AF:FF06  SP:7FF3  PC:0B35
0B36  CA 3A 0B  JZ 0B3A     (3)  BC:0940  DE:0EFF  HL:009A  AF:4012  SP:7FF3  PC:0B36
0B39  14        INR D       (3)  BC:0940  DE:0EFF  HL:009A  AF:4012  SP:7FF3  PC:0B39
0B3A  79        MOV A,C     (3)  BC:0940  DE:0FFF  HL:009A  AF:4006  SP:7FF3  PC:0B3A
0B3B  07        RLC         (3)  BC:0940  DE:0FFF  HL:009A  AF:4006  SP:7FF3  PC:0B3B
0B3C  4F        MOV C,A     (3)  BC:0940  DE:0FFF  HL:009A  AF:8006  SP:7FF3  PC:0B3C
0B3D  FE 01     CPI 01      (3)  BC:0980  DE:0FFF  HL:009A  AF:8006  SP:7FF3  PC:0B3D
0B3F  C2 34 0B  JNZ 0B34    (3)  BC:0980  DE:0FFF  HL:009A  AF:8002  SP:7FF3  PC:0B3F
0B34  7B        MOV A,E     (3)  BC:0980  DE:0FFF  HL:009A  AF:8002  SP:7FF3  PC:0B34
0B35  A1        ANA C       (3)  BC:0980  DE:0FFF  HL:009A  AF:FF02  SP:7FF3  PC:0B35
0B36  CA 3A 0B  JZ 0B3A     (3)  BC:0980  DE:0FFF  HL:009A  AF:8092  SP:7FF3  PC:0B36
0B39  14        INR D       (3)  BC:0980  DE:0FFF  HL:009A  AF:8092  SP:7FF3  PC:0B39
0B3A  79        MOV A,C     (3)  BC:0980  DE:10FF  HL:009A  AF:8012  SP:7FF3  PC:0B3A
0B3B  07        RLC         (3)  BC:0980  DE:10FF  HL:009A  AF:8012  SP:7FF3  PC:0B3B
0B3C  4F        MOV C,A     (3)  BC:0980  DE:10FF  HL:009A  AF:0113  SP:7FF3  PC:0B3C
0B3D  FE 01     CPI 01      (3)  BC:0901  DE:10FF  HL:009A  AF:0113  SP:7FF3  PC:0B3D
0B3F  C2 34 0B  JNZ 0B34    (3)  BC:0901  DE:10FF  HL:009A  AF:0156  SP:7FF3  PC:0B3F
0B42  23        INX H       (3)  BC:0901  DE:10FF  HL:009A  AF:0156  SP:7FF3  PC:0B42
0B43  05        DCR B       (3)  BC:0901  DE:10FF  HL:009B  AF:0156  SP:7FF3  PC:0B43
0B44  C2 33 0B  JNZ 0B33    (3)  BC:0801  DE:10FF  HL:009B  AF:0112  SP:7FF3  PC:0B44
0B33  5E        MOV E,M     (3)  BC:0801  DE:10FF  HL:009B  AF:0112  SP:7FF3  PC:0B33
0B34  7B        MOV A,E     (3)  BC:0801  DE:10FF  HL:009B  AF:0112  SP:7FF3  PC:0B34
0B35  A1        ANA C       (3)  BC:0801  DE:10FF  HL:009B  AF:FF12  SP:7FF3  PC:0B35
0B36  CA 3A 0B  JZ 0B3A     (3)  BC:0801  DE:10FF  HL:009B  AF:0112  SP:7FF3  PC:0B36
0B39  14        INR D       (3)  BC:0801  DE:10FF  HL:009B  AF:0112  SP:7FF3  PC:0B39
0B3A  79        MOV A,C     (3)  BC:0801  DE:11FF  HL:009B  AF:0106  SP:7FF3  PC:0B3A
0B3B  07        RLC         (3)  BC:0801  DE:11FF  HL:009B  AF:0106  SP:7FF3  PC:0B3B
0B3C  4F        MOV C,A     (3)  BC:0801  DE:11FF  HL:009B  AF:0206  SP:7FF3  PC:0B3C
0B3D  FE 01     CPI 01      (3)  BC:0802  DE:11FF  HL:009B  AF:0206  SP:7FF3  PC:0B3D
0B3F  C2 34 0B  JNZ 0B34    (3)  BC:0802  DE:11FF  HL:009B  AF:0212  SP:7FF3  PC:0B3F
0B34  7B        MOV A,E     (3)  BC:0802  DE:11FF  HL:009B  AF:0212  SP:7FF3  PC:0B34
0B35  A1        ANA C       (3)  BC:0802  DE:11FF  HL:009B  AF:FF12  SP:7FF3  PC:0B35
0B36  CA 3A 0B  JZ 0B3A     (3)  BC:0802  DE:11FF  HL:009B  AF:0212  SP:7FF3  PC:0B36
0B39  14        INR D       (3)  BC:0802  DE:11FF  HL:009B  AF:0212  SP:7FF3  PC:0B39
0B3A  79        MOV A,C     (3)  BC:0802  DE:12FF  HL:009B  AF:0206  SP:7FF3  PC:0B3A
0B3B  07        RLC         (3)  BC:0802  DE:12FF  HL:009B  AF:0206  SP:7FF3  PC:0B3B
0B3C  4F        MOV C,A     (3)  BC:0802  DE:12FF  HL:009B  AF:0406  SP:7FF3  PC:0B3C
0B3D  FE 01     CPI 01      (3)  BC:0804  DE:12FF  HL:009B  AF:0406  SP:7FF3  PC:0B3D
0B3F  C2 34 0B  JNZ 0B34    (3)  BC:0804  DE:12FF  HL:009B  AF:0416  SP:7FF3  PC:0B3F
0B34  7B        MOV A,E     (3)  BC:0804  DE:12FF  HL:009B  AF:0416  SP:7FF3  PC:0B34
0B35  A1        ANA C       (3)  BC:0804  DE:12FF  HL:009B  AF:FF16  SP:7FF3  PC:0B35
0B36  CA 3A 0B  JZ 0B3A     (3)  BC:0804  DE:12FF  HL:009B  AF:0412  SP:7FF3  PC:0B36
0B39  14        INR D       (3)  BC:0804  DE:12FF  HL:009B  AF:0412  SP:7FF3  PC:0B39
0B3A  79        MOV A,C     (3)  BC:0804  DE:13FF  HL:009B  AF:0402  SP:7FF3  PC:0B3A
0B3B  07        RLC         (3)  BC:0804  DE:13FF  HL:009B  AF:0402  SP:7FF3  PC:0B3B
0B3C  4F        MOV C,A     (3)  BC:0804  DE:13FF  HL:009B  AF:0802  SP:7FF3  PC:0B3C
0B3D  FE 01     CPI 01      (3)  BC:0808  DE:13FF  HL:009B  AF:0802  SP:7FF3  PC:0B3D
0B3F  C2 34 0B  JNZ 0B34    (3)  BC:0808  DE:13FF  HL:009B  AF:0812  SP:7FF3  PC:0B3F
0B34  7B        MOV A,E     (3)  BC:0808  DE:13FF  HL:009B  AF:0812  SP:7FF3  PC:0B34
0B35  A1        ANA C       (3)  BC:0808  DE:13FF  HL:009B  AF:FF12  SP:7FF3  PC:0B35
0B36  CA 3A 0B  JZ 0B3A     (3)  BC:0808  DE:13FF  HL:009B  AF:0812  SP:7FF3  PC:0B36
0B39  14        INR D       (3)  BC:0808  DE:13FF  HL:009B  AF:0812  SP:7FF3  PC:0B39
0B3A  79        MOV A,C     (3)  BC:0808  DE:14FF  HL:009B  AF:0806  SP:7FF3  PC:0B3A
0B3B  07        RLC         (3)  BC:0808  DE:14FF  HL:009B  AF:0806  SP:7FF3  PC:0B3B
0B3C  4F        MOV C,A     (3)  BC:0808  DE:14FF  HL:009B  AF:1006  SP:7FF3  PC:0B3C
0B3D  FE 01     CPI 01      (3)  BC:0810  DE:14FF  HL:009B  AF:1006  SP:7FF3  PC:0B3D
0B3F  C2 34 0B  JNZ 0B34    (3)  BC:0810  DE:14FF  HL:009B  AF:1006  SP:7FF3  PC:0B3F
0B34  7B        MOV A,E     (3)  BC:0810  DE:14FF  HL:009B  AF:1006  SP:7FF3  PC:0B34
0B35  A1        ANA C       (3)  BC:0810  DE:14FF  HL:009B  AF:FF06  SP:7FF3  PC:0B35
0B36  CA 3A 0B  JZ 0B3A     (3)  BC:0810  DE:14FF  HL:009B  AF:1012  SP:7FF3  PC:0B36
0B39  14        INR D       (3)  BC:0810  DE:14FF  HL:009B  AF:1012  SP:7FF3  PC:0B39
0B3A  79        MOV A,C     (3)  BC:0810  DE:15FF  HL:009B  AF:1002  SP:7FF3  PC:0B3A
0B3B  07        RLC         (3)  BC:0810  DE:15FF  HL:009B  AF:1002  SP:7FF3  PC:0B3B
0B3C  4F        MOV C,A     (3)  BC:0810  DE:15FF  HL:009B  AF:2002  SP:7FF3  PC:0B3C
0B3D  FE 01     CPI 01      (3)  BC:0820  DE:15FF  HL:009B  AF:2002  SP:7FF3  PC:0B3D
0B3F  C2 34 0B  JNZ 0B34    (3)  BC:0820  DE:15FF  HL:009B  AF:2002  SP:7FF3  PC:0B3F
0B34  7B        MOV A,E     (3)  BC:0820  DE:15FF  HL:009B  AF:2002  SP:7FF3  PC:0B34
0B35  A1        ANA C       (3)  BC:0820  DE:15FF  HL:009B  AF:FF02  SP:7FF3  PC:0B35
0B36  CA 3A 0B  JZ 0B3A     (3)  BC:0820  DE:15FF  HL:009B  AF:2012  SP:7FF3  PC:0B36
0B39  14        INR D       (3)  BC:0820  DE:15FF  HL:009B  AF:2012  SP:7FF3  PC:0B39
0B3A  79        MOV A,C     (3)  BC:0820  DE:16FF  HL:009B  AF:2002  SP:7FF3  PC:0B3A
0B3B  07        RLC         (3)  BC:0820  DE:16FF  HL:009B  AF:2002  SP:7FF3  PC:0B3B
0B3C  4F        MOV C,A     (3)  BC:0820  DE:16FF  HL:009B  AF:4002  SP:7FF3  PC:0B3C
0B3D  FE 01     CPI 01      (3)  BC:0840  DE:16FF  HL:009B  AF:4002  SP:7FF3  PC:0B3D
0B3F  C2 34 0B  JNZ 0B34    (3)  BC:0840  DE:16FF  HL:009B  AF:4006  SP:7FF3  PC:0B3F
0B34  7B        MOV A,E     (3)  BC:0840  DE:16FF  HL:009B  AF:4006  SP:7FF3  PC:0B34
0B35  A1        ANA C       (3)  BC:0840  DE:16FF  HL:009B  AF:FF06  SP:7FF3  PC:0B35
0B36  CA 3A 0B  JZ 0B3A     (3)  BC:0840  DE:16FF  HL:009B  AF:4012  SP:7FF3  PC:0B36
0B39  14        INR D       (3)  BC:0840  DE:16FF  HL:009B  AF:4012  SP:7FF3  PC:0B39
0B3A  79        MOV A,C     (3)  BC:0840  DE:17FF  HL:009B  AF:4006  SP:7FF3  PC:0B3A
0B3B  07        RLC         (3)  BC:0840  DE:17FF  HL:009B  AF:4006  SP:7FF3  PC:0B3B
0B3C  4F        MOV C,A     (3)  BC:0840  DE:17FF  HL:009B  AF:8006  SP:7FF3  PC:0B3C
0B3D  FE 01     CPI 01      (3)  BC:0880  DE:17FF  HL:009B  AF:8006  SP:7FF3  PC:0B3D
0B3F  C2 34 0B  JNZ 0B34    (3)  BC:0880  DE:17FF  HL:009B  AF:8002  SP:7FF3  PC:0B3F
0B34  7B        MOV A,E     (3)  BC:0880  DE:17FF  HL:009B  AF:8002  SP:7FF3  PC:0B34
0B35  A1        ANA C       (3)  BC:0880  DE:17FF  HL:009B  AF:FF02  SP:7FF3  PC:0B35
0B36  CA 3A 0B  JZ 0B3A     (3)  BC:0880  DE:17FF  HL:009B  AF:8092  SP:7FF3  PC:0B36
0B39  14        INR D       (3)  BC:0880  DE:17FF  HL:009B  AF:8092  SP:7FF3  PC:0B39
0B3A  79        MOV A,C     (3)  BC:0880  DE:18FF  HL:009B  AF:8006  SP:7FF3  PC:0B3A
0B3B  07        RLC         (3)  BC:0880  DE:18FF  HL:009B  AF:8006  SP:7FF3  PC:0B3B
0B3C  4F        MOV C,A     (3)  BC:0880  DE:18FF  HL:009B  AF:0107  SP:7FF3  PC:0B3C
0B3D  FE 01     CPI 01      (3)  BC:0801  DE:18FF  HL:009B  AF:0107  SP:7FF3  PC:0B3D
0B3F  C2 34 0B  JNZ 0B34    (3)  BC:0801  DE:18FF  HL:009B  AF:0156  SP:7FF3  PC:0B3F
0B42  23        INX H       (3)  BC:0801  DE:18FF  HL:009B  AF:0156  SP:7FF3  PC:0B42
0B43  05        DCR B       (3)  BC:0801  DE:18FF  HL:009C  AF:0156  SP:7FF3  PC:0B43
0B44  C2 33 0B  JNZ 0B33    (3)  BC:0701  DE:18FF  HL:009C  AF:0112  SP:7FF3  PC:0B44
0B33  5E        MOV E,M     (3)  BC:0701  DE:18FF  HL:009C  AF:0112  SP:7FF3  PC:0B33
0B34  7B        MOV A,E     (3)  BC:0701  DE:18FF  HL:009C  AF:0112  SP:7FF3  PC:0B34
0B35  A1        ANA C       (3)  BC:0701  DE:18FF  HL:009C  AF:FF12  SP:7FF3  PC:0B35
0B36  CA 3A 0B  JZ 0B3A     (3)  BC:0701  DE:18FF  HL:009C  AF:0112  SP:7FF3  PC:0B36
0B39  14        INR D       (3)  BC:0701  DE:18FF  HL:009C  AF:0112  SP:7FF3  PC:0B39
0B3A  79        MOV A,C     (3)  BC:0701  DE:19FF  HL:009C  AF:0102  SP:7FF3  PC:0B3A
0B3B  07        RLC         (3)  BC:0701  DE:19FF  HL:009C  AF:0102  SP:7FF3  PC:0B3B
0B3C  4F        MOV C,A     (3)  BC:0701  DE:19FF  HL:009C  AF:0202  SP:7FF3  PC:0B3C
0B3D  FE 01     CPI 01      (3)  BC:0702  DE:19FF  HL:009C  AF:0202  SP:7FF3  PC:0B3D
0B3F  C2 34 0B  JNZ 0B34    (3)  BC:0702  DE:19FF  HL:009C  AF:0212  SP:7FF3  PC:0B3F
0B34  7B        MOV A,E     (3)  BC:0702  DE:19FF  HL:009C  AF:0212  SP:7FF3  PC:0B34
0B35  A1        ANA C       (3)  BC:0702  DE:19FF  HL:009C  AF:FF12  SP:7FF3  PC:0B35
0B36  CA 3A 0B  JZ 0B3A     (3)  BC:0702  DE:19FF  HL:009C  AF:0212  SP:7FF3  PC:0B36
0B39  14        INR D       (3)  BC:0702  DE:19FF  HL:009C  AF:0212  SP:7FF3  PC:0B39
0B3A  79        MOV A,C     (3)  BC:0702  DE:1AFF  HL:009C  AF:0202  SP:7FF3  PC:0B3A
0B3B  07        RLC         (3)  BC:0702  DE:1AFF  HL:009C  AF:0202  SP:7FF3  PC:0B3B
0B3C  4F        MOV C,A     (3)  BC:0702  DE:1AFF  HL:009C  AF:0402  SP:7FF3  PC:0B3C
0B3D  FE 01     CPI 01      (3)  BC:0704  DE:1AFF  HL:009C  AF:0402  SP:7FF3  PC:0B3D
0B3F  C2 34 0B  JNZ 0B34    (3)  BC:0704  DE:1AFF  HL:009C  AF:0416  SP:7FF3  PC:0B3F
0B34  7B        MOV A,E     (3)  BC:0704  DE:1AFF  HL:009C  AF:0416  SP:7FF3  PC:0B34
0B35  A1        ANA C       (3)  BC:0704  DE:1AFF  HL:009C  AF:FF16  SP:7FF3  PC:0B35
0B36  CA 3A 0B  JZ 0B3A     (3)  BC:0704  DE:1AFF  HL:009C  AF:0412  SP:7FF3  PC:0B36
0B39  14        INR D       (3)  BC:0704  DE:1AFF  HL:009C  AF:0412  SP:7FF3  PC:0B39
0B3A  79        MOV A,C     (3)  BC:0704  DE:1BFF  HL:009C  AF:0406  SP:7FF3  PC:0B3A
0B3B  07        RLC         (3)  BC:0704  DE:1BFF  HL:009C  AF:0406  SP:7FF3  PC:0B3B
0B3C  4F        MOV C,A     (3)  BC:0704  DE:1BFF  HL:009C  AF:0806  SP:7FF3  PC:0B3C
0B3D  FE 01     CPI 01      (3)  BC:0708  DE:1BFF  HL:009C  AF:0806  SP:7FF3  PC:0B3D
0B3F  C2 34 0B  JNZ 0B34    (3)  BC:0708  DE:1BFF  HL:009C  AF:0812  SP:7FF3  PC:0B3F
0B34  7B        MOV A,E     (3)  BC:0708  DE:1BFF  HL:009C  AF:0812  SP:7FF3  PC:0B34
0B35  A1        ANA C       (3)  BC:0708  DE:1BFF  HL:009C  AF:FF12  SP:7FF3  PC:0B35
0B36  CA 3A 0B  JZ 0B3A     (3)  BC:0708  DE:1BFF  HL:009C  AF:0812  SP:7FF3  PC:0B36
0B39  14        INR D       (3)  BC:0708  DE:1BFF  HL:009C  AF:0812  SP:7FF3  PC:0B39
0B3A  79        MOV A,C     (3)  BC:0708  DE:1CFF  HL:009C  AF:0802  SP:7FF3  PC:0B3A
0B3B  07        RLC         (3)  BC:0708  DE:1CFF  HL:009C  AF:0802  SP:7FF3  PC:0B3B
0B3C  4F        MOV C,A     (3)  BC:0708  DE:1CFF  HL:009C  AF:1002  SP:7FF3  PC:0B3C
0B3D  FE 01     CPI 01      (3)  BC:0710  DE:1CFF  HL:009C  AF:1002  SP:7FF3  PC:0B3D
0B3F  C2 34 0B  JNZ 0B34    (3)  BC:0710  DE:1CFF  HL:009C  AF:1006  SP:7FF3  PC:0B3F
0B34  7B        MOV A,E     (3)  BC:0710  DE:1CFF  HL:009C  AF:1006  SP:7FF3  PC:0B34
0B35  A1        ANA C       (3)  BC:0710  DE:1CFF  HL:009C  AF:FF06  SP:7FF3  PC:0B35
0B36  CA 3A 0B  JZ 0B3A     (3)  BC:0710  DE:1CFF  HL:009C  AF:1012  SP:7FF3  PC:0B36
0B39  14        INR D       (3)  BC:0710  DE:1CFF  HL:009C  AF:1012  SP:7FF3  PC:0B39
0B3A  79        MOV A,C     (3)  BC:0710  DE:1DFF  HL:009C  AF:1006  SP:7FF3  PC:0B3A
0B3B  07        RLC         (3)  BC:0710  DE:1DFF  HL:009C  AF:1006  SP:7FF3  PC:0B3B
0B3C  4F        MOV C,A     (3)  BC:0710  DE:1DFF  HL:009C  AF:2006  SP:7FF3  PC:0B3C
0B3D  FE 01     CPI 01      (3)  BC:0720  DE:1DFF  HL:009C  AF:2006  SP:7FF3  PC:0B3D
0B3F  C2 34 0B  JNZ 0B34    (3)  BC:0720  DE:1DFF  HL:009C  AF:2002  SP:7FF3  PC:0B3F
0B34  7B        MOV A,E     (3)  BC:0720  DE:1DFF  HL:009C  AF:2002  SP:7FF3  PC:0B34
0B35  A1        ANA C       (3)  BC:0720  DE:1DFF  HL:009C  AF:FF02  SP:7FF3  PC:0B35
0B36  CA 3A 0B  JZ 0B3A     (3)  BC:0720  DE:1DFF  HL:009C  AF:2012  SP:7FF3  PC:0B36
0B39  14        INR D       (3)  BC:0720  DE:1DFF  HL:009C  AF:2012  SP:7FF3  PC:0B39
0B3A  79        MOV A,C     (3)  BC:0720  DE:1EFF  HL:009C  AF:2006  SP:7FF3  PC:0B3A
0B3B  07        RLC         (3)  BC:0720  DE:1EFF  HL:009C  AF:2006  SP:7FF3  PC:0B3B
0B3C  4F        MOV C,A     (3)  BC:0720  DE:1EFF  HL:009C  AF:4006  SP:7FF3  PC:0B3C
0B3D  FE 01     CPI 01      (3)  BC:0740  DE:1EFF  HL:009C  AF:4006  SP:7FF3  PC:0B3D
0B3F  C2 34 0B  JNZ 0B34    (3)  BC:0740  DE:1EFF  HL:009C  AF:4006  SP:7FF3  PC:0B3F
0B34  7B        MOV A,E     (3)  BC:0740  DE:1EFF  HL:009C  AF:4006  SP:7FF3  PC:0B34
0B35  A1        ANA C       (3)  BC:0740  DE:1EFF  HL:009C  AF:FF06  SP:7FF3  PC:0B35
0B36  CA 3A 0B  JZ 0B3A     (3)  BC:0740  DE:1EFF  HL:009C  AF:4012  SP:7FF3  PC:0B36
0B39  14        INR D       (3)  BC:0740  DE:1EFF  HL:009C  AF:4012  SP:7FF3  PC:0B39
0B3A  79        MOV A,C     (3)  BC:0740  DE:1FFF  HL:009C  AF:4002  SP:7FF3  PC:0B3A
0B3B  07        RLC         (3)  BC:0740  DE:1FFF  HL:009C  AF:4002  SP:7FF3  PC:0B3B
0B3C  4F        MOV C,A     (3)  BC:0740  DE:1FFF  HL:009C  AF:8002  SP:7FF3  PC:0B3C
0B3D  FE 01     CPI 01      (3)  BC:0780  DE:1FFF  HL:009C  AF:8002  SP:7FF3  PC:0B3D
0B3F  C2 34 0B  JNZ 0B34    (3)  BC:0780  DE:1FFF  HL:009C  AF:8002  SP:7FF3  PC:0B3F
0B34  7B        MOV A,E     (3)  BC:0780  DE:1FFF  HL:009C  AF:8002  SP:7FF3  PC:0B34
0B35  A1        ANA C       (3)  BC:0780  DE:1FFF  HL:009C  AF:FF02  SP:7FF3  PC:0B35
0B36  CA 3A 0B  JZ 0B3A     (3)  BC:0780  DE:1FFF  HL:009C  AF:8092  SP:7FF3  PC:0B36
0B39  14        INR D       (3)  BC:0780  DE:1FFF  HL:009C  AF:8092  SP:7FF3  PC:0B39
0B3A  79        MOV A,C     (3)  BC:0780  DE:20FF  HL:009C  AF:8012  SP:7FF3  PC:0B3A
0B3B  07        RLC         (3)  BC:0780  DE:20FF  HL:009C  AF:8012  SP:7FF3  PC:0B3B
0B3C  4F        MOV C,A     (3)  BC:0780  DE:20FF  HL:009C  AF:0113  SP:7FF3  PC:0B3C
0B3D  FE 01     CPI 01      (3)  BC:0701  DE:20FF  HL:009C  AF:0113  SP:7FF3  PC:0B3D
0B3F  C2 34 0B  JNZ 0B34    (3)  BC:0701  DE:20FF  HL:009C  AF:0156  SP:7FF3  PC:0B3F
0B42  23        INX H       (3)  BC:0701  DE:20FF  HL:009C  AF:0156  SP:7FF3  PC:0B42
0B43  05        DCR B       (3)  BC:0701  DE:20FF  HL:009D  AF:0156  SP:7FF3  PC:0B43
0B44  C2 33 0B  JNZ 0B33    (3)  BC:0601  DE:20FF  HL:009D  AF:0116  SP:7FF3  PC:0B44
0B33  5E        MOV E,M     (3)  BC:0601  DE:20FF  HL:009D  AF:0116  SP:7FF3  PC:0B33
0B34  7B        MOV A,E     (3)  BC:0601  DE:20FF  HL:009D  AF:0116  SP:7FF3  PC:0B34
0B35  A1        ANA C       (3)  BC:0601  DE:20FF  HL:009D  AF:FF16  SP:7FF3  PC:0B35
0B36  CA 3A 0B  JZ 0B3A     (3)  BC:0601  DE:20FF  HL:009D  AF:0112  SP:7FF3  PC:0B36
0B39  14        INR D       (3)  BC:0601  DE:20FF  HL:009D  AF:0112  SP:7FF3  PC:0B39
0B3A  79        MOV A,C     (3)  BC:0601  DE:21FF  HL:009D  AF:0106  SP:7FF3  PC:0B3A
0B3B  07        RLC         (3)  BC:0601  DE:21FF  HL:009D  AF:0106  SP:7FF3  PC:0B3B
0B3C  4F        MOV C,A     (3)  BC:0601  DE:21FF  HL:009D  AF:0206  SP:7FF3  PC:0B3C
0B3D  FE 01     CPI 01      (3)  BC:0602  DE:21FF  HL:009D  AF:0206  SP:7FF3  PC:0B3D
0B3F  C2 34 0B  JNZ 0B34    (3)  BC:0602  DE:21FF  HL:009D  AF:0212  SP:7FF3  PC:0B3F
0B34  7B        MOV A,E     (3)  BC:0602  DE:21FF  HL:009D  AF:0212  SP:7FF3  PC:0B34
0B35  A1        ANA C       (3)  BC:0602  DE:21FF  HL:009D  AF:FF12  SP:7FF3  PC:0B35
0B36  CA 3A 0B  JZ 0B3A     (3)  BC:0602  DE:21FF  HL:009D  AF:0212  SP:7FF3  PC:0B36
0B39  14        INR D       (3)  BC:0602  DE:21FF  HL:009D  AF:0212  SP:7FF3  PC:0B39
0B3A  79        MOV A,C     (3)  BC:0602  DE:22FF  HL:009D  AF:0206  SP:7FF3  PC:0B3A
0B3B  07        RLC         (3)  BC:0602  DE:22FF  HL:009D  AF:0206  SP:7FF3  PC:0B3B
0B3C  4F        MOV C,A     (3)  BC:0602  DE:22FF  HL:009D  AF:0406  SP:7FF3  PC:0B3C
0B3D  FE 01     CPI 01      (3)  BC:0604  DE:22FF  HL:009D  AF:0406  SP:7FF3  PC:0B3D
0B3F  C2 34 0B  JNZ 0B34    (3)  BC:0604  DE:22FF  HL:009D  AF:0416  SP:7FF3  PC:0B3F
0B34  7B        MOV A,E     (3)  BC:0604  DE:22FF  HL:009D  AF:0416  SP:7FF3  PC:0B34
0B35  A1        ANA C       (3)  BC:0604  DE:22FF  HL:009D  AF:FF16  SP:7FF3  PC:0B35
0B36  CA 3A 0B  JZ 0B3A     (3)  BC:0604  DE:22FF  HL:009D  AF:0412  SP:7FF3  PC:0B36
0B39  14        INR D       (3)  BC:0604  DE:22FF  HL:009D  AF:0412  SP:7FF3  PC:0B39
0B3A  79        MOV A,C     (3)  BC:0604  DE:23FF  HL:009D  AF:0402  SP:7FF3  PC:0B3A
0B3B  07        RLC         (3)  BC:0604  DE:23FF  HL:009D  AF:0402  SP:7FF3  PC:0B3B
0B3C  4F        MOV C,A     (3)  BC:0604  DE:23FF  HL:009D  AF:0802  SP:7FF3  PC:0B3C
0B3D  FE 01     CPI 01      (3)  BC:0608  DE:23FF  HL:009D  AF:0802  SP:7FF3  PC:0B3D
0B3F  C2 34 0B  JNZ 0B34    (3)  BC:0608  DE:23FF  HL:009D  AF:0812  SP:7FF3  PC:0B3F
0B34  7B        MOV A,E     (3)  BC:0608  DE:23FF  HL:009D  AF:0812  SP:7FF3  PC:0B34
0B35  A1        ANA C       (3)  BC:0608  DE:23FF  HL:009D  AF:FF12  SP:7FF3  PC:0B35
0B36  CA 3A 0B  JZ 0B3A     (3)  BC:0608  DE:23FF  HL:009D  AF:0812  SP:7FF3  PC:0B36
0B39  14        INR D       (3)  BC:0608  DE:23FF  HL:009D  AF:0812  SP:7FF3  PC:0B39
0B3A  79        MOV A,C     (3)  BC:0608  DE:24FF  HL:009D  AF:0806  SP:7FF3  PC:0B3A
0B3B  07        RLC         (3)  BC:0608  DE:24FF  HL:009D  AF:0806  SP:7FF3  PC:0B3B
0B3C  4F        MOV C,A     (3)  BC:0608  DE:24FF  HL:009D  AF:1006  SP:7FF3  PC:0B3C
0B3D  FE 01     CPI 01      (3)  BC:0610  DE:24FF  HL:009D  AF:1006  SP:7FF3  PC:0B3D
0B3F  C2 34 0B  JNZ 0B34    (3)  BC:0610  DE:24FF  HL:009D  AF:1006  SP:7FF3  PC:0B3F
0B34  7B        MOV A,E     (3)  BC:0610  DE:24FF  HL:009D  AF:1006  SP:7FF3  PC:0B34
0B35  A1        ANA C       (3)  BC:0610  DE:24FF  HL:009D  AF:FF06  SP:7FF3  PC:0B35
0B36  CA 3A 0B  JZ 0B3A     (3)  BC:0610  DE:24FF  HL:009D  AF:1012  SP:7FF3  PC:0B36
0B39  14        INR D       (3)  BC:0610  DE:24FF  HL:009D  AF:1012  SP:7FF3  PC:0B39
0B3A  79        MOV A,C     (3)  BC:0610  DE:25FF  HL:009D  AF:1002  SP:7FF3  PC:0B3A
0B3B  07        RLC         (3)  BC:0610  DE:25FF  HL:009D  AF:1002  SP:7FF3  PC:0B3B
0B3C  4F        MOV C,A     (3)  BC:0610  DE:25FF  HL:009D  AF:2002  SP:7FF3  PC:0B3C
0B3D  FE 01     CPI 01      (3)  BC:0620  DE:25FF  HL:009D  AF:2002  SP:7FF3  PC:0B3D
0B3F  C2 34 0B  JNZ 0B34    (3)  BC:0620  DE:25FF  HL:009D  AF:2002  SP:7FF3  PC:0B3F
0B34  7B        MOV A,E     (3)  BC:0620  DE:25FF  HL:009D  AF:2002  SP:7FF3  PC:0B34
0B35  A1        ANA C       (3)  BC:0620  DE:25FF  HL:009D  AF:FF02  SP:7FF3  PC:0B35
0B36  CA 3A 0B  JZ 0B3A     (3)  BC:0620  DE:25FF  HL:009D  AF:2012  SP:7FF3  PC:0B36
0B39  14        INR D       (3)  BC:0620  DE:25FF  HL:009D  AF:2012  SP:7FF3  PC:0B39
0B3A  79        MOV A,C     (3)  BC:0620  DE:26FF  HL:009D  AF:2002  SP:7FF3  PC:0B3A
0B3B  07        RLC         (3)  BC:0620  DE:26FF  HL:009D  AF:2002  SP:7FF3  PC:0B3B
0B3C  4F        MOV C,A     (3)  BC:0620  DE:26FF  HL:009D  AF:4002  SP:7FF3  PC:0B3C
0B3D  FE 01     CPI 01      (3)  BC:0640  DE:26FF  HL:009D  AF:4002  SP:7FF3  PC:0B3D
0B3F  C2 34 0B  JNZ 0B34    (3)  BC:0640  DE:26FF  HL:009D  AF:4006  SP:7FF3  PC:0B3F
0B34  7B        MOV A,E     (3)  BC:0640  DE:26FF  HL:009D  AF:4006  SP:7FF3  PC:0B34
0B35  A1        ANA C       (3)  BC:0640  DE:26FF  HL:009D  AF:FF06  SP:7FF3  PC:0B35
0B36  CA 3A 0B  JZ 0B3A     (3)  BC:0640  DE:26FF  HL:009D  AF:4012  SP:7FF3  PC:0B36
0B39  14        INR D       (3)  BC:0640  DE:26FF  HL:009D  AF:4012  SP:7FF3  PC:0B39
0B3A  79        MOV A,C     (3)  BC:0640  DE:27FF  HL:009D  AF:4006  SP:7FF3  PC:0B3A
0B3B  07        RLC         (3)  BC:0640  DE:27FF  HL:009D  AF:4006  SP:7FF3  PC:0B3B
0B3C  4F        MOV C,A     (3)  BC:0640  DE:27FF  HL:009D  AF:8006  SP:7FF3  PC:0B3C
0B3D  FE 01     CPI 01      (3)  BC:0680  DE:27FF  HL:009D  AF:8006  SP:7FF3  PC:0B3D
0B3F  C2 34 0B  JNZ 0B34    (3)  BC:0680  DE:27FF  HL:009D  AF:8002  SP:7FF3  PC:0B3F
0B34  7B        MOV A,E     (3)  BC:0680  DE:27FF  HL:009D  AF:8002  SP:7FF3  PC:0B34
0B35  A1        ANA C       (3)  BC:0680  DE:27FF  HL:009D  AF:FF02  SP:7FF3  PC:0B35
0B36  CA 3A 0B  JZ 0B3A     (3)  BC:0680  DE:27FF  HL:009D  AF:8092  SP:7FF3  PC:0B36
0B39  14        INR D       (3)  BC:0680  DE:27FF  HL:009D  AF:8092  SP:7FF3  PC:0B39
0B3A  79        MOV A,C     (3)  BC:0680  DE:28FF  HL:009D  AF:8006  SP:7FF3  PC:0B3A
0B3B  07        RLC         (3)  BC:0680  DE:28FF  HL:009D  AF:8006  SP:7FF3  PC:0B3B
0B3C  4F        MOV C,A     (3)  BC:0680  DE:28FF  HL:009D  AF:0107  SP:7FF3  PC:0B3C
0B3D  FE 01     CPI 01      (3)  BC:0601  DE:28FF  HL:009D  AF:0107  SP:7FF3  PC:0B3D
0B3F  C2 34 0B  JNZ 0B34    (3)  BC:0601  DE:28FF  HL:009D  AF:0156  SP:7FF3  PC:0B3F
0B42  23        INX H       (3)  BC:0601  DE:28FF  HL:009D  AF:0156  SP:7FF3  PC:0B42
0B43  05        DCR B       (3)  BC:0601  DE:28FF  HL:009E  AF:0156  SP:7FF3  PC:0B43
0B44  C2 33 0B  JNZ 0B33    (3)  BC:0501  DE:28FF  HL:009E  AF:0116  SP:7FF3  PC:0B44
0B33  5E        MOV E,M     (3)  BC:0501  DE:28FF  HL:009E  AF:0116  SP:7FF3  PC:0B33
0B34  7B        MOV A,E     (3)  BC:0501  DE:28FF  HL:009E  AF:0116  SP:7FF3  PC:0B34
0B35  A1        ANA C       (3)  BC:0501  DE:28FF  HL:009E  AF:FF16  SP:7FF3  PC:0B35
0B36  CA 3A 0B  JZ 0B3A     (3)  BC:0501  DE:28FF  HL:009E  AF:0112  SP:7FF3  PC:0B36
0B39  14        INR D       (3)  BC:0501  DE:28FF  HL:009E  AF:0112  SP:7FF3  PC:0B39
0B3A  79        MOV A,C     (3)  BC:0501  DE:29FF  HL:009E  AF:0102  SP:7FF3  PC:0B3A
0B3B  07        RLC         (3)  BC:0501  DE:29FF  HL:009E  AF:0102  SP:7FF3  PC:0B3B
0B3C  4F        MOV C,A     (3)  BC:0501  DE:29FF  HL:009E  AF:0202  SP:7FF3  PC:0B3C
0B3D  FE 01     CPI 01      (3)  BC:0502  DE:29FF  HL:009E  AF:0202  SP:7FF3  PC:0B3D
0B3F  C2 34 0B  JNZ 0B34    (3)  BC:0502  DE:29FF  HL:009E  AF:0212  SP:7FF3  PC:0B3F
0B34  7B        MOV A,E     (3)  BC:0502  DE:29FF  HL:009E  AF:0212  SP:7FF3  PC:0B34
0B35  A1        ANA C       (3)  BC:0502  DE:29FF  HL:009E  AF:FF12  SP:7FF3  PC:0B35
0B36  CA 3A 0B  JZ 0B3A     (3)  BC:0502  DE:29FF  HL:009E  AF:0212  SP:7FF3  PC:0B36
0B39  14        INR D       (3)  BC:0502  DE:29FF  HL:009E  AF:0212  SP:7FF3  PC:0B39
0B3A  79        MOV A,C     (3)  BC:0502  DE:2AFF  HL:009E  AF:0202  SP:7FF3  PC:0B3A
0B3B  07        RLC         (3)  BC:0502  DE:2AFF  HL:009E  AF:0202  SP:7FF3  PC:0B3B
0B3C  4F        MOV C,A     (3)  BC:0502  DE:2AFF  HL:009E  AF:0402  SP:7FF3  PC:0B3C
0B3D  FE 01     CPI 01      (3)  BC:0504  DE:2AFF  HL:009E  AF:0402  SP:7FF3  PC:0B3D
0B3F  C2 34 0B  JNZ 0B34    (3)  BC:0504  DE:2AFF  HL:009E  AF:0416  SP:7FF3  PC:0B3F
0B34  7B        MOV A,E     (3)  BC:0504  DE:2AFF  HL:009E  AF:0416  SP:7FF3  PC:0B34
0B35  A1        ANA C       (3)  BC:0504  DE:2AFF  HL:009E  AF:FF16  SP:7FF3  PC:0B35
0B36  CA 3A 0B  JZ 0B3A     (3)  BC:0504  DE:2AFF  HL:009E  AF:0412  SP:7FF3  PC:0B36
0B39  14        INR D       (3)  BC:0504  DE:2AFF  HL:009E  AF:0412  SP:7FF3  PC:0B39
0B3A  79        MOV A,C     (3)  BC:0504  DE:2BFF  HL:009E  AF:0406  SP:7FF3  PC:0B3A
0B3B  07        RLC         (3)  BC:0504  DE:2BFF  HL:009E  AF:0406  SP:7FF3  PC:0B3B
0B3C  4F        MOV C,A     (3)  BC:0504  DE:2BFF  HL:009E  AF:0806  SP:7FF3  PC:0B3C
0B3D  FE 01     CPI 01      (3)  BC:0508  DE:2BFF  HL:009E  AF:0806  SP:7FF3  PC:0B3D
0B3F  C2 34 0B  JNZ 0B34    (3)  BC:0508  DE:2BFF  HL:009E  AF:0812  SP:7FF3  PC:0B3F
0B34  7B        MOV A,E     (3)  BC:0508  DE:2BFF  HL:009E  AF:0812  SP:7FF3  PC:0B34
0B35  A1        ANA C       (3)  BC:0508  DE:2BFF  HL:009E  AF:FF12  SP:7FF3  PC:0B35
0B36  CA 3A 0B  JZ 0B3A     (3)  BC:0508  DE:2BFF  HL:009E  AF:0812  SP:7FF3  PC:0B36
0B39  14        INR D       (3)  BC:0508  DE:2BFF  HL:009E  AF:0812  SP:7FF3  PC:0B39
0B3A  79        MOV A,C     (3)  BC:0508  DE:2CFF  HL:009E  AF:0802  SP:7FF3  PC:0B3A
0B3B  07        RLC         (3)  BC:0508  DE:2CFF  HL:009E  AF:0802  SP:7FF3  PC:0B3B
0B3C  4F        MOV C,A     (3)  BC:0508  DE:2CFF  HL:009E  AF:1002  SP:7FF3  PC:0B3C
0B3D  FE 01     CPI 01      (3)  BC:0510  DE:2CFF  HL:009E  AF:1002  SP:7FF3  PC:0B3D
0B3F  C2 34 0B  JNZ 0B34    (3)  BC:0510  DE:2CFF  HL:009E  AF:1006  SP:7FF3  PC:0B3F
0B34  7B        MOV A,E     (3)  BC:0510  DE:2CFF  HL:009E  AF:1006  SP:7FF3  PC:0B34
0B35  A1        ANA C       (3)  BC:0510  DE:2CFF  HL:009E  AF:FF06  SP:7FF3  PC:0B35
0B36  CA 3A 0B  JZ 0B3A     (3)  BC:0510  DE:2CFF  HL:009E  AF:1012  SP:7FF3  PC:0B36
0B39  14        INR D       (3)  BC:0510  DE:2CFF  HL:009E  AF:1012  SP:7FF3  PC:0B39
0B3A  79        MOV A,C     (3)  BC:0510  DE:2DFF  HL:009E  AF:1006  SP:7FF3  PC:0B3A
0B3B  07        RLC         (3)  BC:0510  DE:2DFF  HL:009E  AF:1006  SP:7FF3  PC:0B3B
0B3C  4F        MOV C,A     (3)  BC:0510  DE:2DFF  HL:009E  AF:2006  SP:7FF3  PC:0B3C
0B3D  FE 01     CPI 01      (3)  BC:0520  DE:2DFF  HL:009E  AF:2006  SP:7FF3  PC:0B3D
0B3F  C2 34 0B  JNZ 0B34    (3)  BC:0520  DE:2DFF  HL:009E  AF:2002  SP:7FF3  PC:0B3F
0B34  7B        MOV A,E     (3)  BC:0520  DE:2DFF  HL:009E  AF:2002  SP:7FF3  PC:0B34
0B35  A1        ANA C       (3)  BC:0520  DE:2DFF  HL:009E  AF:FF02  SP:7FF3  PC:0B35
0B36  CA 3A 0B  JZ 0B3A     (3)  BC:0520  DE:2DFF  HL:009E  AF:2012  SP:7FF3  PC:0B36
0B39  14        INR D       (3)  BC:0520  DE:2DFF  HL:009E  AF:2012  SP:7FF3  PC:0B39
0B3A  79        MOV A,C     (3)  BC:0520  DE:2EFF  HL:009E  AF:2006  SP:7FF3  PC:0B3A
0B3B  07        RLC         (3)  BC:0520  DE:2EFF  HL:009E  AF:2006  SP:7FF3  PC:0B3B
0B3C  4F        MOV C,A     (3)  BC:0520  DE:2EFF  HL:009E  AF:4006  SP:7FF3  PC:0B3C
0B3D  FE 01     CPI 01      (3)  BC:0540  DE:2EFF  HL:009E  AF:4006  SP:7FF3  PC:0B3D
0B3F  C2 34 0B  JNZ 0B34    (3)  BC:0540  DE:2EFF  HL:009E  AF:4006  SP:7FF3  PC:0B3F
0B34  7B        MOV A,E     (3)  BC:0540  DE:2EFF  HL:009E  AF:4006  SP:7FF3  PC:0B34
0B35  A1        ANA C       (3)  BC:0540  DE:2EFF  HL:009E  AF:FF06  SP:7FF3  PC:0B35
0B36  CA 3A 0B  JZ 0B3A     (3)  BC:0540  DE:2EFF  HL:009E  AF:4012  SP:7FF3  PC:0B36
0B39  14        INR D       (3)  BC:0540  DE:2EFF  HL:009E  AF:4012  SP:7FF3  PC:0B39
0B3A  79        MOV A,C     (3)  BC:0540  DE:2FFF  HL:009E  AF:4002  SP:7FF3  PC:0B3A
0B3B  07        RLC         (3)  BC:0540  DE:2FFF  HL:009E  AF:4002  SP:7FF3  PC:0B3B
0B3C  4F        MOV C,A     (3)  BC:0540  DE:2FFF  HL:009E  AF:8002  SP:7FF3  PC:0B3C
0B3D  FE 01     CPI 01      (3)  BC:0580  DE:2FFF  HL:009E  AF:8002  SP:7FF3  PC:0B3D
0B3F  C2 34 0B  JNZ 0B34    (3)  BC:0580  DE:2FFF  HL:009E  AF:8002  SP:7FF3  PC:0B3F
0B34  7B        MOV A,E     (3)  BC:0580  DE:2FFF  HL:009E  AF:8002  SP:7FF3  PC:0B34
0B35  A1        ANA C       (3)  BC:0580  DE:2FFF  HL:009E  AF:FF02  SP:7FF3  PC:0B35
0B36  CA 3A 0B  JZ 0B3A     (3)  BC:0580  DE:2FFF  HL:009E  AF:8092  SP:7FF3  PC:0B36
0B39  14        INR D       (3)  BC:0580  DE:2FFF  HL:009E  AF:8092  SP:7FF3  PC:0B39
0B3A  79        MOV A,C     (3)  BC:0580  DE:30FF  HL:009E  AF:8016  SP:7FF3  PC:0B3A
0B3B  07        RLC         (3)  BC:0580  DE:30FF  HL:009E  AF:8016  SP:7FF3  PC:0B3B
0B3C  4F        MOV C,A     (3)  BC:0580  DE:30FF  HL:009E  AF:0117  SP:7FF3  PC:0B3C
0B3D  FE 01     CPI 01      (3)  BC:0501  DE:30FF  HL:009E  AF:0117  SP:7FF3  PC:0B3D
0B3F  C2 34 0B  JNZ 0B34    (3)  BC:0501  DE:30FF  HL:009E  AF:0156  SP:7FF3  PC:0B3F
0B42  23        INX H       (3)  BC:0501  DE:30FF  HL:009E  AF:0156  SP:7FF3  PC:0B42
0B43  05        DCR B       (3)  BC:0501  DE:30FF  HL:009F  AF:0156  SP:7FF3  PC:0B43
0B44  C2 33 0B  JNZ 0B33    (3)  BC:0401  DE:30FF  HL:009F  AF:0112  SP:7FF3  PC:0B44
0B33  5E        MOV E,M     (3)  BC:0401  DE:30FF  HL:009F  AF:0112  SP:7FF3  PC:0B33
0B34  7B        MOV A,E     (3)  BC:0401  DE:30D7  HL:009F  AF:0112  SP:7FF3  PC:0B34
0B35  A1        ANA C       (3)  BC:0401  DE:30D7  HL:009F  AF:D712  SP:7FF3  PC:0B35
0B36  CA 3A 0B  JZ 0B3A     (3)  BC:0401  DE:30D7  HL:009F  AF:0102  SP:7FF3  PC:0B36
0B39  14        INR D       (3)  BC:0401  DE:30D7  HL:009F  AF:0102  SP:7FF3  PC:0B39
0B3A  79        MOV A,C     (3)  BC:0401  DE:31D7  HL:009F  AF:0102  SP:7FF3  PC:0B3A
0B3B  07        RLC         (3)  BC:0401  DE:31D7  HL:009F  AF:0102  SP:7FF3  PC:0B3B
0B3C  4F        MOV C,A     (3)  BC:0401  DE:31D7  HL:009F  AF:0202  SP:7FF3  PC:0B3C
0B3D  FE 01     CPI 01      (3)  BC:0402  DE:31D7  HL:009F  AF:0202  SP:7FF3  PC:0B3D
0B3F  C2 34 0B  JNZ 0B34    (3)  BC:0402  DE:31D7  HL:009F  AF:0212  SP:7FF3  PC:0B3F
0B34  7B        MOV A,E     (3)  BC:0402  DE:31D7  HL:009F  AF:0212  SP:7FF3  PC:0B34
0B35  A1        ANA C       (3)  BC:0402  DE:31D7  HL:009F  AF:D712  SP:7FF3  PC:0B35
0B36  CA 3A 0B  JZ 0B3A     (3)  BC:0402  DE:31D7  HL:009F  AF:0202  SP:7FF3  PC:0B36
0B39  14        INR D       (3)  BC:0402  DE:31D7  HL:009F  AF:0202  SP:7FF3  PC:0B39
0B3A  79        MOV A,C     (3)  BC:0402  DE:32D7  HL:009F  AF:0202  SP:7FF3  PC:0B3A
0B3B  07        RLC         (3)  BC:0402  DE:32D7  HL:009F  AF:0202  SP:7FF3  PC:0B3B
0B3C  4F        MOV C,A     (3)  BC:0402  DE:32D7  HL:009F  AF:0402  SP:7FF3  PC:0B3C
0B3D  FE 01     CPI 01      (3)  BC:0404  DE:32D7  HL:009F  AF:0402  SP:7FF3  PC:0B3D
0B3F  C2 34 0B  JNZ 0B34    (3)  BC:0404  DE:32D7  HL:009F  AF:0416  SP:7FF3  PC:0B3F
0B34  7B        MOV A,E     (3)  BC:0404  DE:32D7  HL:009F  AF:0416  SP:7FF3  PC:0B34
0B35  A1        ANA C       (3)  BC:0404  DE:32D7  HL:009F  AF:D716  SP:7FF3  PC:0B35
0B36  CA 3A 0B  JZ 0B3A     (3)  BC:0404  DE:32D7  HL:009F  AF:0402  SP:7FF3  PC:0B36
0B39  14        INR D       (3)  BC:0404  DE:32D7  HL:009F  AF:0402  SP:7FF3  PC:0B39
0B3A  79        MOV A,C     (3)  BC:0404  DE:33D7  HL:009F  AF:0406  SP:7FF3  PC:0B3A
0B3B  07        RLC         (3)  BC:0404  DE:33D7  HL:009F  AF:0406  SP:7FF3  PC:0B3B
0B3C  4F        MOV C,A     (3)  BC:0404  DE:33D7  HL:009F  AF:0806  SP:7FF3  PC:0B3C
0B3D  FE 01     CPI 01      (3)  BC:0408  DE:33D7  HL:009F  AF:0806  SP:7FF3  PC:0B3D
0B3F  C2 34 0B  JNZ 0B34    (3)  BC:0408  DE:33D7  HL:009F  AF:0812  SP:7FF3  PC:0B3F
0B34  7B        MOV A,E     (3)  BC:0408  DE:33D7  HL:009F  AF:0812  SP:7FF3  PC:0B34
0B35  A1        ANA C       (3)  BC:0408  DE:33D7  HL:009F  AF:D712  SP:7FF3  PC:0B35
0B36  CA 3A 0B  JZ 0B3A     (3)  BC:0408  DE:33D7  HL:009F  AF:0056  SP:7FF3  PC:0B36
0B3A  79        MOV A,C     (3)  BC:0408  DE:33D7  HL:009F  AF:0056  SP:7FF3  PC:0B3A
0B3B  07        RLC         (3)  BC:0408  DE:33D7  HL:009F  AF:0856  SP:7FF3  PC:0B3B
0B3C  4F        MOV C,A     (3)  BC:0408  DE:33D7  HL:009F  AF:1056  SP:7FF3  PC:0B3C
0B3D  FE 01     CPI 01      (3)  BC:0410  DE:33D7  HL:009F  AF:1056  SP:7FF3  PC:0B3D
0B3F  C2 34 0B  JNZ 0B34    (3)  BC:0410  DE:33D7  HL:009F  AF:1006  SP:7FF3  PC:0B3F
0B34  7B        MOV A,E     (3)  BC:0410  DE:33D7  HL:009F  AF:1006  SP:7FF3  PC:0B34
0B35  A1        ANA C       (3)  BC:0410  DE:33D7  HL:009F  AF:D706  SP:7FF3  PC:0B35
0B36  CA 3A 0B  JZ 0B3A     (3)  BC:0410  DE:33D7  HL:009F  AF:1002  SP:7FF3  PC:0B36
0B39  14        INR D       (3)  BC:0410  DE:33D7  HL:009F  AF:1002  SP:7FF3  PC:0B39
0B3A  79        MOV A,C     (3)  BC:0410  DE:34D7  HL:009F  AF:1002  SP:7FF3  PC:0B3A
0B3B  07        RLC         (3)  BC:0410  DE:34D7  HL:009F  AF:1002  SP:7FF3  PC:0B3B
0B3C  4F        MOV C,A     (3)  BC:0410  DE:34D7  HL:009F  AF:2002  SP:7FF3  PC:0B3C
0B3D  FE 01     CPI 01      (3)  BC:0420  DE:34D7  HL:009F  AF:2002  SP:7FF3  PC:0B3D
0B3F  C2 34 0B  JNZ 0B34    (3)  BC:0420  DE:34D7  HL:009F  AF:2002  SP:7FF3  PC:0B3F
0B34  7B        MOV A,E     (3)  BC:0420  DE:34D7  HL:009F  AF:2002  SP:7FF3  PC:0B34
0B35  A1        ANA C       (3)  BC:0420  DE:34D7  HL:009F  AF:D702  SP:7FF3  PC:0B35
0B36  CA 3A 0B  JZ 0B3A     (3)  BC:0420  DE:34D7  HL:009F  AF:0046  SP:7FF3  PC:0B36
0B3A  79        MOV A,C     (3)  BC:0420  DE:34D7  HL:009F  AF:0046  SP:7FF3  PC:0B3A
0B3B  07        RLC         (3)  BC:0420  DE:34D7  HL:009F  AF:2046  SP:7FF3  PC:0B3B
0B3C  4F        MOV C,A     (3)  BC:0420  DE:34D7  HL:009F  AF:4046  SP:7FF3  PC:0B3C
0B3D  FE 01     CPI 01      (3)  BC:0440  DE:34D7  HL:009F  AF:4046  SP:7FF3  PC:0B3D
0B3F  C2 34 0B  JNZ 0B34    (3)  BC:0440  DE:34D7  HL:009F  AF:4006  SP:7FF3  PC:0B3F
0B34  7B        MOV A,E     (3)  BC:0440  DE:34D7  HL:009F  AF:4006  SP:7FF3  PC:0B34
0B35  A1        ANA C       (3)  BC:0440  DE:34D7  HL:009F  AF:D706  SP:7FF3  PC:0B35
0B36  CA 3A 0B  JZ 0B3A     (3)  BC:0440  DE:34D7  HL:009F  AF:4002  SP:7FF3  PC:0B36
0B39  14        INR D       (3)  BC:0440  DE:34D7  HL:009F  AF:4002  SP:7FF3  PC:0B39
0B3A  79        MOV A,C     (3)  BC:0440  DE:35D7  HL:009F  AF:4006  SP:7FF3  PC:0B3A
0B3B  07        RLC         (3)  BC:0440  DE:35D7  HL:009F  AF:4006  SP:7FF3  PC:0B3B
0B3C  4F        MOV C,A     (3)  BC:0440  DE:35D7  HL:009F  AF:8006  SP:7FF3  PC:0B3C
0B3D  FE 01     CPI 01      (3)  BC:0480  DE:35D7  HL:009F  AF:8006  SP:7FF3  PC:0B3D
0B3F  C2 34 0B  JNZ 0B34    (3)  BC:0480  DE:35D7  HL:009F  AF:8002  SP:7FF3  PC:0B3F
0B34  7B        MOV A,E     (3)  BC:0480  DE:35D7  HL:009F  AF:8002  SP:7FF3  PC:0B34
0B35  A1        ANA C       (3)  BC:0480  DE:35D7  HL:009F  AF:D702  SP:7FF3  PC:0B35
0B36  CA 3A 0B  JZ 0B3A     (3)  BC:0480  DE:35D7  HL:009F  AF:8082  SP:7FF3  PC:0B36
0B39  14        INR D       (3)  BC:0480  DE:35D7  HL:009F  AF:8082  SP:7FF3  PC:0B39
0B3A  79        MOV A,C     (3)  BC:0480  DE:36D7  HL:009F  AF:8006  SP:7FF3  PC:0B3A
0B3B  07        RLC         (3)  BC:0480  DE:36D7  HL:009F  AF:8006  SP:7FF3  PC:0B3B
0B3C  4F        MOV C,A     (3)  BC:0480  DE:36D7  HL:009F  AF:0107  SP:7FF3  PC:0B3C
0B3D  FE 01     CPI 01      (3)  BC:0401  DE:36D7  HL:009F  AF:0107  SP:7FF3  PC:0B3D
0B3F  C2 34 0B  JNZ 0B34    (3)  BC:0401  DE:36D7  HL:009F  AF:0156  SP:7FF3  PC:0B3F
0B42  23        INX H       (3)  BC:0401  DE:36D7  HL:009F  AF:0156  SP:7FF3  PC:0B42
0B43  05        DCR B       (3)  BC:0401  DE:36D7  HL:00A0  AF:0156  SP:7FF3  PC:0B43
0B44  C2 33 0B  JNZ 0B33    (3)  BC:0301  DE:36D7  HL:00A0  AF:0116  SP:7FF3  PC:0B44
0B33  5E        MOV E,M     (3)  BC:0301  DE:36D7  HL:00A0  AF:0116  SP:7FF3  PC:0B33
0B34  7B        MOV A,E     (3)  BC:0301  DE:3600  HL:00A0  AF:0116  SP:7FF3  PC:0B34
0B35  A1        ANA C       (3)  BC:0301  DE:3600  HL:00A0  AF:0016  SP:7FF3  PC:0B35
0B36  CA 3A 0B  JZ 0B3A     (3)  BC:0301  DE:3600  HL:00A0  AF:0046  SP:7FF3  PC:0B36
0B3A  79        MOV A,C     (3)  BC:0301  DE:3600  HL:00A0  AF:0046  SP:7FF3  PC:0B3A
0B3B  07        RLC         (3)  BC:0301  DE:3600  HL:00A0  AF:0146  SP:7FF3  PC:0B3B
0B3C  4F        MOV C,A     (3)  BC:0301  DE:3600  HL:00A0  AF:0246  SP:7FF3  PC:0B3C
0B3D  FE 01     CPI 01      (3)  BC:0302  DE:3600  HL:00A0  AF:0246  SP:7FF3  PC:0B3D
0B3F  C2 34 0B  JNZ 0B34    (3)  BC:0302  DE:3600  HL:00A0  AF:0212  SP:7FF3  PC:0B3F
0B34  7B        MOV A,E     (3)  BC:0302  DE:3600  HL:00A0  AF:0212  SP:7FF3  PC:0B34
0B35  A1        ANA C       (3)  BC:0302  DE:3600  HL:00A0  AF:0012  SP:7FF3  PC:0B35
0B36  CA 3A 0B  JZ 0B3A     (3)  BC:0302  DE:3600  HL:00A0  AF:0046  SP:7FF3  PC:0B36
0B3A  79        MOV A,C     (3)  BC:0302  DE:3600  HL:00A0  AF:0046  SP:7FF3  PC:0B3A
0B3B  07        RLC         (3)  BC:0302  DE:3600  HL:00A0  AF:0246  SP:7FF3  PC:0B3B
0B3C  4F        MOV C,A     (3)  BC:0302  DE:3600  HL:00A0  AF:0446  SP:7FF3  PC:0B3C
0B3D  FE 01     CPI 01      (3)  BC:0304  DE:3600  HL:00A0  AF:0446  SP:7FF3  PC:0B3D
0B3F  C2 34 0B  JNZ 0B34    (3)  BC:0304  DE:3600  HL:00A0  AF:0416  SP:7FF3  PC:0B3F
0B34  7B        MOV A,E     (3)  BC:0304  DE:3600  HL:00A0  AF:0416  SP:7FF3  PC:0B34
0B35  A1        ANA C       (3)  BC:0304  DE:3600  HL:00A0  AF:0016  SP:7FF3  PC:0B35
0B36  CA 3A 0B  JZ 0B3A     (3)  BC:0304  DE:3600  HL:00A0  AF:0046  SP:7FF3  PC:0B36
0B3A  79        MOV A,C     (3)  BC:0304  DE:3600  HL:00A0  AF:0046  SP:7FF3  PC:0B3A
0B3B  07        RLC         (3)  BC:0304  DE:3600  HL:00A0  AF:0446  SP:7FF3  PC:0B3B
0B3C  4F        MOV C,A     (3)  BC:0304  DE:3600  HL:00A0  AF:0846  SP:7FF3  PC:0B3C
0B3D  FE 01     CPI 01      (3)  BC:0308  DE:3600  HL:00A0  AF:0846  SP:7FF3  PC:0B3D
0B3F  C2 34 0B  JNZ 0B34    (3)  BC:0308  DE:3600  HL:00A0  AF:0812  SP:7FF3  PC:0B3F
0B34  7B        MOV A,E     (3)  BC:0308  DE:3600  HL:00A0  AF:0812  SP:7FF3  PC:0B34
0B35  A1        ANA C       (3)  BC:0308  DE:3600  HL:00A0  AF:0012  SP:7FF3  PC:0B35
0B36  CA 3A 0B  JZ 0B3A     (3)  BC:0308  DE:3600  HL:00A0  AF:0056  SP:7FF3  PC:0B36
0B3A  79        MOV A,C     (3)  BC:0308  DE:3600  HL:00A0  AF:0056  SP:7FF3  PC:0B3A
0B3B  07        RLC         (3)  BC:0308  DE:3600  HL:00A0  AF:0856  SP:7FF3  PC:0B3B
0B3C  4F        MOV C,A     (3)  BC:0308  DE:3600  HL:00A0  AF:1056  SP:7FF3  PC:0B3C
0B3D  FE 01     CPI 01      (3)  BC:0310  DE:3600  HL:00A0  AF:1056  SP:7FF3  PC:0B3D
0B3F  C2 34 0B  JNZ 0B34    (3)  BC:0310  DE:3600  HL:00A0  AF:1006  SP:7FF3  PC:0B3F
0B34  7B        MOV A,E     (3)  BC:0310  DE:3600  HL:00A0  AF:1006  SP:7FF3  PC:0B34
0B35  A1        ANA C       (3)  BC:0310  DE:3600  HL:00A0  AF:0006  SP:7FF3  PC:0B35
0B36  CA 3A 0B  JZ 0B3A     (3)  BC:0310  DE:3600  HL:00A0  AF:0046  SP:7FF3  PC:0B36
0B3A  79        MOV A,C     (3)  BC:0310  DE:3600  HL:00A0  AF:0046  SP:7FF3  PC:0B3A
0B3B  07        RLC         (3)  BC:0310  DE:3600  HL:00A0  AF:1046  SP:7FF3  PC:0B3B
0B3C  4F        MOV C,A     (3)  BC:0310  DE:3600  HL:00A0  AF:2046  SP:7FF3  PC:0B3C
0B3D  FE 01     CPI 01      (3)  BC:0320  DE:3600  HL:00A0  AF:2046  SP:7FF3  PC:0B3D
0B3F  C2 34 0B  JNZ 0B34    (3)  BC:0320  DE:3600  HL:00A0  AF:2002  SP:7FF3  PC:0B3F
0B34  7B        MOV A,E     (3)  BC:0320  DE:3600  HL:00A0  AF:2002  SP:7FF3  PC:0B34
0B35  A1        ANA C       (3)  BC:0320  DE:3600  HL:00A0  AF:0002  SP:7FF3  PC:0B35
0B36  CA 3A 0B  JZ 0B3A     (3)  BC:0320  DE:3600  HL:00A0  AF:0046  SP:7FF3  PC:0B36
0B3A  79        MOV A,C     (3)  BC:0320  DE:3600  HL:00A0  AF:0046  SP:7FF3  PC:0B3A
0B3B  07        RLC         (3)  BC:0320  DE:3600  HL:00A0  AF:2046  SP:7FF3  PC:0B3B
0B3C  4F        MOV C,A     (3)  BC:0320  DE:3600  HL:00A0  AF:4046  SP:7FF3  PC:0B3C
0B3D  FE 01     CPI 01      (3)  BC:0340  DE:3600  HL:00A0  AF:4046  SP:7FF3  PC:0B3D
0B3F  C2 34 0B  JNZ 0B34    (3)  BC:0340  DE:3600  HL:00A0  AF:4006  SP:7FF3  PC:0B3F
0B34  7B        MOV A,E     (3)  BC:0340  DE:3600  HL:00A0  AF:4006  SP:7FF3  PC:0B34
0B35  A1        ANA C       (3)  BC:0340  DE:3600  HL:00A0  AF:0006  SP:7FF3  PC:0B35
0B36  CA 3A 0B  JZ 0B3A     (3)  BC:0340  DE:3600  HL:00A0  AF:0046  SP:7FF3  PC:0B36
0B3A  79        MOV A,C     (3)  BC:0340  DE:3600  HL:00A0  AF:0046  SP:7FF3  PC:0B3A
0B3B  07        RLC         (3)  BC:0340  DE:3600  HL:00A0  AF:4046  SP:7FF3  PC:0B3B
0B3C  4F        MOV C,A     (3)  BC:0340  DE:3600  HL:00A0  AF:8046  SP:7FF3  PC:0B3C
0B3D  FE 01     CPI 01      (3)  BC:0380  DE:3600  HL:00A0  AF:8046  SP:7FF3  PC:0B3D
0B3F  C2 34 0B  JNZ 0B34    (3)  BC:0380  DE:3600  HL:00A0  AF:8002  SP:7FF3  PC:0B3F
0B34  7B        MOV A,E     (3)  BC:0380  DE:3600  HL:00A0  AF:8002  SP:7FF3  PC:0B34
0B35  A1        ANA C       (3)  BC:0380  DE:3600  HL:00A0  AF:0002  SP:7FF3  PC:0B35
0B36  CA 3A 0B  JZ 0B3A     (3)  BC:0380  DE:3600  HL:00A0  AF:0046  SP:7FF3  PC:0B36
0B3A  79        MOV A,C     (3)  BC:0380  DE:3600  HL:00A0  AF:0046  SP:7FF3  PC:0B3A
0B3B  07        RLC         (3)  BC:0380  DE:3600  HL:00A0  AF:8046  SP:7FF3  PC:0B3B
0B3C  4F        MOV C,A     (3)  BC:0380  DE:3600  HL:00A0  AF:0147  SP:7FF3  PC:0B3C
0B3D  FE 01     CPI 01      (3)  BC:0301  DE:3600  HL:00A0  AF:0147  SP:7FF3  PC:0B3D
0B3F  C2 34 0B  JNZ 0B34    (3)  BC:0301  DE:3600  HL:00A0  AF:0156  SP:7FF3  PC:0B3F
0B42  23        INX H       (3)  BC:0301  DE:3600  HL:00A0  AF:0156  SP:7FF3  PC:0B42
0B43  05        DCR B       (3)  BC:0301  DE:3600  HL:00A1  AF:0156  SP:7FF3  PC:0B43
0B44  C2 33 0B  JNZ 0B33    (3)  BC:0201  DE:3600  HL:00A1  AF:0112  SP:7FF3  PC:0B44
0B33  5E        MOV E,M     (3)  BC:0201  DE:3600  HL:00A1  AF:0112  SP:7FF3  PC:0B33
0B34  7B        MOV A,E     (3)  BC:0201  DE:36FF  HL:00A1  AF:0112  SP:7FF3  PC:0B34
0B35  A1        ANA C       (3)  BC:0201  DE:36FF  HL:00A1  AF:FF12  SP:7FF3  PC:0B35
0B36  CA 3A 0B  JZ 0B3A     (3)  BC:0201  DE:36FF  HL:00A1  AF:0112  SP:7FF3  PC:0B36
0B39  14        INR D       (3)  BC:0201  DE:36FF  HL:00A1  AF:0112  SP:7FF3  PC:0B39
0B3A  79        MOV A,C     (3)  BC:0201  DE:37FF  HL:00A1  AF:0102  SP:7FF3  PC:0B3A
0B3B  07        RLC         (3)  BC:0201  DE:37FF  HL:00A1  AF:0102  SP:7FF3  PC:0B3B
0B3C  4F        MOV C,A     (3)  BC:0201  DE:37FF  HL:00A1  AF:0202  SP:7FF3  PC:0B3C
0B3D  FE 01     CPI 01      (3)  BC:0202  DE:37FF  HL:00A1  AF:0202  SP:7FF3  PC:0B3D
0B3F  C2 34 0B  JNZ 0B34    (3)  BC:0202  DE:37FF  HL:00A1  AF:0212  SP:7FF3  PC:0B3F
0B34  7B        MOV A,E     (3)  BC:0202  DE:37FF  HL:00A1  AF:0212  SP:7FF3  PC:0B34
0B35  A1        ANA C       (3)  BC:0202  DE:37FF  HL:00A1  AF:FF12  SP:7FF3  PC:0B35
0B36  CA 3A 0B  JZ 0B3A     (3)  BC:0202  DE:37FF  HL:00A1  AF:0212  SP:7FF3  PC:0B36
0B39  14        INR D       (3)  BC:0202  DE:37FF  HL:00A1  AF:0212  SP:7FF3  PC:0B39
0B3A  79        MOV A,C     (3)  BC:0202  DE:38FF  HL:00A1  AF:0202  SP:7FF3  PC:0B3A
0B3B  07        RLC         (3)  BC:0202  DE:38FF  HL:00A1  AF:0202  SP:7FF3  PC:0B3B
0B3C  4F        MOV C,A     (3)  BC:0202  DE:38FF  HL:00A1  AF:0402  SP:7FF3  PC:0B3C
0B3D  FE 01     CPI 01      (3)  BC:0204  DE:38FF  HL:00A1  AF:0402  SP:7FF3  PC:0B3D
0B3F  C2 34 0B  JNZ 0B34    (3)  BC:0204  DE:38FF  HL:00A1  AF:0416  SP:7FF3  PC:0B3F
0B34  7B        MOV A,E     (3)  BC:0204  DE:38FF  HL:00A1  AF:0416  SP:7FF3  PC:0B34
0B35  A1        ANA C       (3)  BC:0204  DE:38FF  HL:00A1  AF:FF16  SP:7FF3  PC:0B35
0B36  CA 3A 0B  JZ 0B3A     (3)  BC:0204  DE:38FF  HL:00A1  AF:0412  SP:7FF3  PC:0B36
0B39  14        INR D       (3)  BC:0204  DE:38FF  HL:00A1  AF:0412  SP:7FF3  PC:0B39
0B3A  79        MOV A,C     (3)  BC:0204  DE:39FF  HL:00A1  AF:0406  SP:7FF3  PC:0B3A
0B3B  07        RLC         (3)  BC:0204  DE:39FF  HL:00A1  AF:0406  SP:7FF3  PC:0B3B
0B3C  4F        MOV C,A     (3)  BC:0204  DE:39FF  HL:00A1  AF:0806  SP:7FF3  PC:0B3C
0B3D  FE 01     CPI 01      (3)  BC:0208  DE:39FF  HL:00A1  AF:0806  SP:7FF3  PC:0B3D
0B3F  C2 34 0B  JNZ 0B34    (3)  BC:0208  DE:39FF  HL:00A1  AF:0812  SP:7FF3  PC:0B3F
0B34  7B        MOV A,E     (3)  BC:0208  DE:39FF  HL:00A1  AF:0812  SP:7FF3  PC:0B34
0B35  A1        ANA C       (3)  BC:0208  DE:39FF  HL:00A1  AF:FF12  SP:7FF3  PC:0B35
0B36  CA 3A 0B  JZ 0B3A     (3)  BC:0208  DE:39FF  HL:00A1  AF:0812  SP:7FF3  PC:0B36
0B39  14        INR D       (3)  BC:0208  DE:39FF  HL:00A1  AF:0812  SP:7FF3  PC:0B39
0B3A  79        MOV A,C     (3)  BC:0208  DE:3AFF  HL:00A1  AF:0806  SP:7FF3  PC:0B3A
0B3B  07        RLC         (3)  BC:0208  DE:3AFF  HL:00A1  AF:0806  SP:7FF3  PC:0B3B
0B3C  4F        MOV C,A     (3)  BC:0208  DE:3AFF  HL:00A1  AF:1006  SP:7FF3  PC:0B3C
0B3D  FE 01     CPI 01      (3)  BC:0210  DE:3AFF  HL:00A1  AF:1006  SP:7FF3  PC:0B3D
0B3F  C2 34 0B  JNZ 0B34    (3)  BC:0210  DE:3AFF  HL:00A1  AF:1006  SP:7FF3  PC:0B3F
0B34  7B        MOV A,E     (3)  BC:0210  DE:3AFF  HL:00A1  AF:1006  SP:7FF3  PC:0B34
0B35  A1        ANA C       (3)  BC:0210  DE:3AFF  HL:00A1  AF:FF06  SP:7FF3  PC:0B35
0B36  CA 3A 0B  JZ 0B3A     (3)  BC:0210  DE:3AFF  HL:00A1  AF:1012  SP:7FF3  PC:0B36
0B39  14        INR D       (3)  BC:0210  DE:3AFF  HL:00A1  AF:1012  SP:7FF3  PC:0B39
0B3A  79        MOV A,C     (3)  BC:0210  DE:3BFF  HL:00A1  AF:1002  SP:7FF3  PC:0B3A
0B3B  07        RLC         (3)  BC:0210  DE:3BFF  HL:00A1  AF:1002  SP:7FF3  PC:0B3B
0B3C  4F        MOV C,A     (3)  BC:0210  DE:3BFF  HL:00A1  AF:2002  SP:7FF3  PC:0B3C
0B3D  FE 01     CPI 01      (3)  BC:0220  DE:3BFF  HL:00A1  AF:2002  SP:7FF3  PC:0B3D
0B3F  C2 34 0B  JNZ 0B34    (3)  BC:0220  DE:3BFF  HL:00A1  AF:2002  SP:7FF3  PC:0B3F
0B34  7B        MOV A,E     (3)  BC:0220  DE:3BFF  HL:00A1  AF:2002  SP:7FF3  PC:0B34
0B35  A1        ANA C       (3)  BC:0220  DE:3BFF  HL:00A1  AF:FF02  SP:7FF3  PC:0B35
0B36  CA 3A 0B  JZ 0B3A     (3)  BC:0220  DE:3BFF  HL:00A1  AF:2012  SP:7FF3  PC:0B36
0B39  14        INR D       (3)  BC:0220  DE:3BFF  HL:00A1  AF:2012  SP:7FF3  PC:0B39
0B3A  79        MOV A,C     (3)  BC:0220  DE:3CFF  HL:00A1  AF:2006  SP:7FF3  PC:0B3A
0B3B  07        RLC         (3)  BC:0220  DE:3CFF  HL:00A1  AF:2006  SP:7FF3  PC:0B3B
0B3C  4F        MOV C,A     (3)  BC:0220  DE:3CFF  HL:00A1  AF:4006  SP:7FF3  PC:0B3C
0B3D  FE 01     CPI 01      (3)  BC:0240  DE:3CFF  HL:00A1  AF:4006  SP:7FF3  PC:0B3D
0B3F  C2 34 0B  JNZ 0B34    (3)  BC:0240  DE:3CFF  HL:00A1  AF:4006  SP:7FF3  PC:0B3F
0B34  7B        MOV A,E     (3)  BC:0240  DE:3CFF  HL:00A1  AF:4006  SP:7FF3  PC:0B34
0B35  A1        ANA C       (3)  BC:0240  DE:3CFF  HL:00A1  AF:FF06  SP:7FF3  PC:0B35
0B36  CA 3A 0B  JZ 0B3A     (3)  BC:0240  DE:3CFF  HL:00A1  AF:4012  SP:7FF3  PC:0B36
0B39  14        INR D       (3)  BC:0240  DE:3CFF  HL:00A1  AF:4012  SP:7FF3  PC:0B39
0B3A  79        MOV A,C     (3)  BC:0240  DE:3DFF  HL:00A1  AF:4002  SP:7FF3  PC:0B3A
0B3B  07        RLC         (3)  BC:0240  DE:3DFF  HL:00A1  AF:4002  SP:7FF3  PC:0B3B
0B3C  4F        MOV C,A     (3)  BC:0240  DE:3DFF  HL:00A1  AF:8002  SP:7FF3  PC:0B3C
0B3D  FE 01     CPI 01      (3)  BC:0280  DE:3DFF  HL:00A1  AF:8002  SP:7FF3  PC:0B3D
0B3F  C2 34 0B  JNZ 0B34    (3)  BC:0280  DE:3DFF  HL:00A1  AF:8002  SP:7FF3  PC:0B3F
0B34  7B        MOV A,E     (3)  BC:0280  DE:3DFF  HL:00A1  AF:8002  SP:7FF3  PC:0B34
0B35  A1        ANA C       (3)  BC:0280  DE:3DFF  HL:00A1  AF:FF02  SP:7FF3  PC:0B35
0B36  CA 3A 0B  JZ 0B3A     (3)  BC:0280  DE:3DFF  HL:00A1  AF:8092  SP:7FF3  PC:0B36
0B39  14        INR D       (3)  BC:0280  DE:3DFF  HL:00A1  AF:8092  SP:7FF3  PC:0B39
0B3A  79        MOV A,C     (3)  BC:0280  DE:3EFF  HL:00A1  AF:8002  SP:7FF3  PC:0B3A
0B3B  07        RLC         (3)  BC:0280  DE:3EFF  HL:00A1  AF:8002  SP:7FF3  PC:0B3B
0B3C  4F        MOV C,A     (3)  BC:0280  DE:3EFF  HL:00A1  AF:0103  SP:7FF3  PC:0B3C
0B3D  FE 01     CPI 01      (3)  BC:0201  DE:3EFF  HL:00A1  AF:0103  SP:7FF3  PC:0B3D
0B3F  C2 34 0B  JNZ 0B34    (3)  BC:0201  DE:3EFF  HL:00A1  AF:0156  SP:7FF3  PC:0B3F
0B42  23        INX H       (3)  BC:0201  DE:3EFF  HL:00A1  AF:0156  SP:7FF3  PC:0B42
0B43  05        DCR B       (3)  BC:0201  DE:3EFF  HL:00A2  AF:0156  SP:7FF3  PC:0B43
0B44  C2 33 0B  JNZ 0B33    (3)  BC:0101  DE:3EFF  HL:00A2  AF:0112  SP:7FF3  PC:0B44
0B33  5E        MOV E,M     (3)  BC:0101  DE:3EFF  HL:00A2  AF:0112  SP:7FF3  PC:0B33
0B34  7B        MOV A,E     (3)  BC:0101  DE:3EFF  HL:00A2  AF:0112  SP:7FF3  PC:0B34
0B35  A1        ANA C       (3)  BC:0101  DE:3EFF  HL:00A2  AF:FF12  SP:7FF3  PC:0B35
0B36  CA 3A 0B  JZ 0B3A     (3)  BC:0101  DE:3EFF  HL:00A2  AF:0112  SP:7FF3  PC:0B36
0B39  14        INR D       (3)  BC:0101  DE:3EFF  HL:00A2  AF:0112  SP:7FF3  PC:0B39
0B3A  79        MOV A,C     (3)  BC:0101  DE:3FFF  HL:00A2  AF:0106  SP:7FF3  PC:0B3A
0B3B  07        RLC         (3)  BC:0101  DE:3FFF  HL:00A2  AF:0106  SP:7FF3  PC:0B3B
0B3C  4F        MOV C,A     (3)  BC:0101  DE:3FFF  HL:00A2  AF:0206  SP:7FF3  PC:0B3C
0B3D  FE 01     CPI 01      (3)  BC:0102  DE:3FFF  HL:00A2  AF:0206  SP:7FF3  PC:0B3D
0B3F  C2 34 0B  JNZ 0B34    (3)  BC:0102  DE:3FFF  HL:00A2  AF:0212  SP:7FF3  PC:0B3F
0B34  7B        MOV A,E     (3)  BC:0102  DE:3FFF  HL:00A2  AF:0212  SP:7FF3  PC:0B34
0B35  A1        ANA C       (3)  BC:0102  DE:3FFF  HL:00A2  AF:FF12  SP:7FF3  PC:0B35
0B36  CA 3A 0B  JZ 0B3A     (3)  BC:0102  DE:3FFF  HL:00A2  AF:0212  SP:7FF3  PC:0B36
0B39  14        INR D       (3)  BC:0102  DE:3FFF  HL:00A2  AF:0212  SP:7FF3  PC:0B39
0B3A  79        MOV A,C     (3)  BC:0102  DE:40FF  HL:00A2  AF:0212  SP:7FF3  PC:0B3A
0B3B  07        RLC         (3)  BC:0102  DE:40FF  HL:00A2  AF:0212  SP:7FF3  PC:0B3B
0B3C  4F        MOV C,A     (3)  BC:0102  DE:40FF  HL:00A2  AF:0412  SP:7FF3  PC:0B3C
0B3D  FE 01     CPI 01      (3)  BC:0104  DE:40FF  HL:00A2  AF:0412  SP:7FF3  PC:0B3D
0B3F  C2 34 0B  JNZ 0B34    (3)  BC:0104  DE:40FF  HL:00A2  AF:0416  SP:7FF3  PC:0B3F
0B34  7B        MOV A,E     (3)  BC:0104  DE:40FF  HL:00A2  AF:0416  SP:7FF3  PC:0B34
0B35  A1        ANA C       (3)  BC:0104  DE:40FF  HL:00A2  AF:FF16  SP:7FF3  PC:0B35
0B36  CA 3A 0B  JZ 0B3A     (3)  BC:0104  DE:40FF  HL:00A2  AF:0412  SP:7FF3  PC:0B36
0B39  14        INR D       (3)  BC:0104  DE:40FF  HL:00A2  AF:0412  SP:7FF3  PC:0B39
0B3A  79        MOV A,C     (3)  BC:0104  DE:41FF  HL:00A2  AF:0406  SP:7FF3  PC:0B3A
0B3B  07        RLC         (3)  BC:0104  DE:41FF  HL:00A2  AF:0406  SP:7FF3  PC:0B3B
0B3C  4F        MOV C,A     (3)  BC:0104  DE:41FF  HL:00A2  AF:0806  SP:7FF3  PC:0B3C
0B3D  FE 01     CPI 01      (3)  BC:0108  DE:41FF  HL:00A2  AF:0806  SP:7FF3  PC:0B3D
0B3F  C2 34 0B  JNZ 0B34    (3)  BC:0108  DE:41FF  HL:00A2  AF:0812  SP:7FF3  PC:0B3F
0B34  7B        MOV A,E     (3)  BC:0108  DE:41FF  HL:00A2  AF:0812  SP:7FF3  PC:0B34
0B35  A1        ANA C       (3)  BC:0108  DE:41FF  HL:00A2  AF:FF12  SP:7FF3  PC:0B35
0B36  CA 3A 0B  JZ 0B3A     (3)  BC:0108  DE:41FF  HL:00A2  AF:0812  SP:7FF3  PC:0B36
0B39  14        INR D       (3)  BC:0108  DE:41FF  HL:00A2  AF:0812  SP:7FF3  PC:0B39
0B3A  79        MOV A,C     (3)  BC:0108  DE:42FF  HL:00A2  AF:0806  SP:7FF3  PC:0B3A
0B3B  07        RLC         (3)  BC:0108  DE:42FF  HL:00A2  AF:0806  SP:7FF3  PC:0B3B
0B3C  4F        MOV C,A     (3)  BC:0108  DE:42FF  HL:00A2  AF:1006  SP:7FF3  PC:0B3C
0B3D  FE 01     CPI 01      (3)  BC:0110  DE:42FF  HL:00A2  AF:1006  SP:7FF3  PC:0B3D
0B3F  C2 34 0B  JNZ 0B34    (3)  BC:0110  DE:42FF  HL:00A2  AF:1006  SP:7FF3  PC:0B3F
0B34  7B        MOV A,E     (3)  BC:0110  DE:42FF  HL:00A2  AF:1006  SP:7FF3  PC:0B34
0B35  A1        ANA C       (3)  BC:0110  DE:42FF  HL:00A2  AF:FF06  SP:7FF3  PC:0B35
0B36  CA 3A 0B  JZ 0B3A     (3)  BC:0110  DE:42FF  HL:00A2  AF:1012  SP:7FF3  PC:0B36
0B39  14        INR D       (3)  BC:0110  DE:42FF  HL:00A2  AF:1012  SP:7FF3  PC:0B39
0B3A  79        MOV A,C     (3)  BC:0110  DE:43FF  HL:00A2  AF:1002  SP:7FF3  PC:0B3A
0B3B  07        RLC         (3)  BC:0110  DE:43FF  HL:00A2  AF:1002  SP:7FF3  PC:0B3B
0B3C  4F        MOV C,A     (3)  BC:0110  DE:43FF  HL:00A2  AF:2002  SP:7FF3  PC:0B3C
0B3D  FE 01     CPI 01      (3)  BC:0120  DE:43FF  HL:00A2  AF:2002  SP:7FF3  PC:0B3D
0B3F  C2 34 0B  JNZ 0B34    (3)  BC:0120  DE:43FF  HL:00A2  AF:2002  SP:7FF3  PC:0B3F
0B34  7B        MOV A,E     (3)  BC:0120  DE:43FF  HL:00A2  AF:2002  SP:7FF3  PC:0B34
0B35  A1        ANA C       (3)  BC:0120  DE:43FF  HL:00A2  AF:FF02  SP:7FF3  PC:0B35
0B36  CA 3A 0B  JZ 0B3A     (3)  BC:0120  DE:43FF  HL:00A2  AF:2012  SP:7FF3  PC:0B36
0B39  14        INR D       (3)  BC:0120  DE:43FF  HL:00A2  AF:2012  SP:7FF3  PC:0B39
0B3A  79        MOV A,C     (3)  BC:0120  DE:44FF  HL:00A2  AF:2006  SP:7FF3  PC:0B3A
0B3B  07        RLC         (3)  BC:0120  DE:44FF  HL:00A2  AF:2006  SP:7FF3  PC:0B3B
0B3C  4F        MOV C,A     (3)  BC:0120  DE:44FF  HL:00A2  AF:4006  SP:7FF3  PC:0B3C
0B3D  FE 01     CPI 01      (3)  BC:0140  DE:44FF  HL:00A2  AF:4006  SP:7FF3  PC:0B3D
0B3F  C2 34 0B  JNZ 0B34    (3)  BC:0140  DE:44FF  HL:00A2  AF:4006  SP:7FF3  PC:0B3F
0B34  7B        MOV A,E     (3)  BC:0140  DE:44FF  HL:00A2  AF:4006  SP:7FF3  PC:0B34
0B35  A1        ANA C       (3)  BC:0140  DE:44FF  HL:00A2  AF:FF06  SP:7FF3  PC:0B35
0B36  CA 3A 0B  JZ 0B3A     (3)  BC:0140  DE:44FF  HL:00A2  AF:4012  SP:7FF3  PC:0B36
0B39  14        INR D       (3)  BC:0140  DE:44FF  HL:00A2  AF:4012  SP:7FF3  PC:0B39
0B3A  79        MOV A,C     (3)  BC:0140  DE:45FF  HL:00A2  AF:4002  SP:7FF3  PC:0B3A
0B3B  07        RLC         (3)  BC:0140  DE:45FF  HL:00A2  AF:4002  SP:7FF3  PC:0B3B
0B3C  4F        MOV C,A     (3)  BC:0140  DE:45FF  HL:00A2  AF:8002  SP:7FF3  PC:0B3C
0B3D  FE 01     CPI 01      (3)  BC:0180  DE:45FF  HL:00A2  AF:8002  SP:7FF3  PC:0B3D
0B3F  C2 34 0B  JNZ 0B34    (3)  BC:0180  DE:45FF  HL:00A2  AF:8002  SP:7FF3  PC:0B3F
0B34  7B        MOV A,E     (3)  BC:0180  DE:45FF  HL:00A2  AF:8002  SP:7FF3  PC:0B34
0B35  A1        ANA C       (3)  BC:0180  DE:45FF  HL:00A2  AF:FF02  SP:7FF3  PC:0B35
0B36  CA 3A 0B  JZ 0B3A     (3)  BC:0180  DE:45FF  HL:00A2  AF:8092  SP:7FF3  PC:0B36
0B39  14        INR D       (3)  BC:0180  DE:45FF  HL:00A2  AF:8092  SP:7FF3  PC:0B39
0B3A  79        MOV A,C     (3)  BC:0180  DE:46FF  HL:00A2  AF:8002  SP:7FF3  PC:0B3A
0B3B  07        RLC         (3)  BC:0180  DE:46FF  HL:00A2  AF:8002  SP:7FF3  PC:0B3B
0B3C  4F        MOV C,A     (3)  BC:0180  DE:46FF  HL:00A2  AF:0103  SP:7FF3  PC:0B3C
0B3D  FE 01     CPI 01      (3)  BC:0101  DE:46FF  HL:00A2  AF:0103  SP:7FF3  PC:0B3D
0B3F  C2 34 0B  JNZ 0B34    (3)  BC:0101  DE:46FF  HL:00A2  AF:0156  SP:7FF3  PC:0B3F
0B42  23        INX H       (3)  BC:0101  DE:46FF  HL:00A2  AF:0156  SP:7FF3  PC:0B42
0B43  05        DCR B       (3)  BC:0101  DE:46FF  HL:00A3  AF:0156  SP:7FF3  PC:0B43
0B44  C2 33 0B  JNZ 0B33    (3)  BC:0001  DE:46FF  HL:00A3  AF:0156  SP:7FF3  PC:0B44
0B47  7A        MOV A,D     (3)  BC:0001  DE:46FF  HL:00A3  AF:0156  SP:7FF3  PC:0B47
0B48  E6 F8     ANI F8      (3)  BC:0001  DE:46FF  HL:00A3  AF:4656  SP:7FF3  PC:0B48
0B4A  0F        RRC         (3)  BC:0001  DE:46FF  HL:00A3  AF:4012  SP:7FF3  PC:0B4A
0B4B  0F        RRC         (3)  BC:0001  DE:46FF  HL:00A3  AF:2012  SP:7FF3  PC:0B4B
0B4C  0F        RRC         (3)  BC:0001  DE:46FF  HL:00A3  AF:1012  SP:7FF3  PC:0B4C
0B4D  6F        MOV L,A     (3)  BC:0001  DE:46FF  HL:00A3  AF:0812  SP:7FF3  PC:0B4D
0B4E  26 00     MVI H,00    (3)  BC:0001  DE:46FF  HL:0008  AF:0812  SP:7FF3  PC:0B4E
0B50  7A        MOV A,D     (3)  BC:0001  DE:46FF  HL:0008  AF:0812  SP:7FF3  PC:0B50
0B51  E6 07     ANI 07      (3)  BC:0001  DE:46FF  HL:0008  AF:4612  SP:7FF3  PC:0B51
0B53  3C        INR A       (3)  BC:0001  DE:46FF  HL:0008  AF:0606  SP:7FF3  PC:0B53
0B54  47        MOV B,A     (3)  BC:0001  DE:46FF  HL:0008  AF:0702  SP:7FF3  PC:0B54
0B55  3E 80     MVI A,80    (3)  BC:0701  DE:46FF  HL:0008  AF:0702  SP:7FF3  PC:0B55
0B57  07        RLC         (3)  BC:0701  DE:46FF  HL:0008  AF:8002  SP:7FF3  PC:0B57
0B58  05        DCR B       (3)  BC:0701  DE:46FF  HL:0008  AF:0103  SP:7FF3  PC:0B58
0B59  C2 57 0B  JNZ 0B57    (3)  BC:0601  DE:46FF  HL:0008  AF:0117  SP:7FF3  PC:0B59
0B57  07        RLC         (3)  BC:0601  DE:46FF  HL:0008  AF:0117  SP:7FF3  PC:0B57
0B58  05        DCR B       (3)  BC:0601  DE:46FF  HL:0008  AF:0216  SP:7FF3  PC:0B58
0B59  C2 57 0B  JNZ 0B57    (3)  BC:0501  DE:46FF  HL:0008  AF:0216  SP:7FF3  PC:0B59
0B57  07        RLC         (3)  BC:0501  DE:46FF  HL:0008  AF:0216  SP:7FF3  PC:0B57
0B58  05        DCR B       (3)  BC:0501  DE:46FF  HL:0008  AF:0416  SP:7FF3  PC:0B58
0B59  C2 57 0B  JNZ 0B57    (3)  BC:0401  DE:46FF  HL:0008  AF:0412  SP:7FF3  PC:0B59
0B57  07        RLC         (3)  BC:0401  DE:46FF  HL:0008  AF:0412  SP:7FF3  PC:0B57
0B58  05        DCR B       (3)  BC:0401  DE:46FF  HL:0008  AF:0812  SP:7FF3  PC:0B58
0B59  C2 57 0B  JNZ 0B57    (3)  BC:0301  DE:46FF  HL:0008  AF:0816  SP:7FF3  PC:0B59
0B57  07        RLC         (3)  BC:0301  DE:46FF  HL:0008  AF:0816  SP:7FF3  PC:0B57
0B58  05        DCR B       (3)  BC:0301  DE:46FF  HL:0008  AF:1016  SP:7FF3  PC:0B58
0B59  C2 57 0B  JNZ 0B57    (3)  BC:0201  DE:46FF  HL:0008  AF:1012  SP:7FF3  PC:0B59
0B57  07        RLC         (3)  BC:0201  DE:46FF  HL:0008  AF:1012  SP:7FF3  PC:0B57
0B58  05        DCR B       (3)  BC:0201  DE:46FF  HL:0008  AF:2012  SP:7FF3  PC:0B58
0B59  C2 57 0B  JNZ 0B57    (3)  BC:0101  DE:46FF  HL:0008  AF:2012  SP:7FF3  PC:0B59
0B57  07        RLC         (3)  BC:0101  DE:46FF  HL:0008  AF:2012  SP:7FF3  PC:0B57
0B58  05        DCR B       (3)  BC:0101  DE:46FF  HL:0008  AF:4012  SP:7FF3  PC:0B58
0B59  C2 57 0B  JNZ 0B57    (3)  BC:0001  DE:46FF  HL:0008  AF:4056  SP:7FF3  PC:0B59
0B5C  D1        POP D       (3)  BC:0001  DE:46FF  HL:0008  AF:4056  SP:7FF3  PC:0B5C
0B5D  19        DAD D       (3)  BC:0001  DE:0BDD  HL:0008  AF:4056  SP:7FF5  PC:0B5D
0B5E  11 14 00  LXI D,0014  (3)  BC:0001  DE:0BDD  HL:0BE5  AF:4056  SP:7FF5  PC:0B5E
0B61  19        DAD D       (3)  BC:0001  DE:0014  HL:0BE5  AF:4056  SP:7FF5  PC:0B61
0B62  77        MOV M,A     (3)  BC:0001  DE:0014  HL:0BF9  AF:4056  SP:7FF5  PC:0B62
0B63  C9        RET         (3)  BC:0001  DE:0014  HL:0BF9  AF:4056  SP:7FF5  PC:0B63
09CE  21 DD 0B  LXI H,0BDD  (2)  BC:0001  DE:0014  HL:0BF9  AF:4056  SP:7FF7  PC:09CE
09D1  36 01     MVI M,01    (2)  BC:0001  DE:0014  HL:0BDD  AF:4056  SP:7FF7  PC:09D1
09D3  E1        POP H       (2)  BC:0001  DE:0014  HL:0BDD  AF:4056  SP:7FF7  PC:09D3
09D4  E5        PUSH H      (2)  BC:0001  DE:0014  HL:0067  AF:4056  SP:7FF9  PC:09D4
09D5  11 24 0C  LXI D,0C24  (2)  BC:0001  DE:0014  HL:0067  AF:4056  SP:7FF7  PC:09D5
09D8  01 04 00  LXI B,0004  (2)  BC:0001  DE:0C24  HL:0067  AF:4056  SP:7FF7  PC:09D8
09DB  7E        MOV A,M     (2)  BC:0004  DE:0C24  HL:0067  AF:4056  SP:7FF7  PC:09DB
09DC  12        STAX D      (2)  BC:0004  DE:0C24  HL:0067  AF:0956  SP:7FF7  PC:09DC
09DD  23        INX H       (2)  BC:0004  DE:0C24  HL:0067  AF:0956  SP:7FF7  PC:09DD
09DE  13        INX D       (2)  BC:0004  DE:0C24  HL:0068  AF:0956  SP:7FF7  PC:09DE
09DF  0B        DCX B       (2)  BC:0004  DE:0C25  HL:0068  AF:0956  SP:7FF7  PC:09DF
09E0  78        MOV A,B     (2)  BC:0003  DE:0C25  HL:0068  AF:0956  SP:7FF7  PC:09E0
09E1  B1        ORA C       (2)  BC:0003  DE:0C25  HL:0068  AF:0056  SP:7FF7  PC:09E1
09E2  C2 DB 09  JNZ 09DB    (2)  BC:0003  DE:0C25  HL:0068  AF:0306  SP:7FF7  PC:09E2
09DB  7E        MOV A,M     (2)  BC:0003  DE:0C25  HL:0068  AF:0306  SP:7FF7  PC:09DB
09DC  12        STAX D      (2)  BC:0003  DE:0C25  HL:0068  AF:0006  SP:7FF7  PC:09DC
09DD  23        INX H       (2)  BC:0003  DE:0C25  HL:0068  AF:0006  SP:7FF7  PC:09DD
09DE  13        INX D       (2)  BC:0003  DE:0C25  HL:0069  AF:0006  SP:7FF7  PC:09DE
09DF  0B        DCX B       (2)  BC:0003  DE:0C26  HL:0069  AF:0006  SP:7FF7  PC:09DF
09E0  78        MOV A,B     (2)  BC:0002  DE:0C26  HL:0069  AF:0006  SP:7FF7  PC:09E0
09E1  B1        ORA C       (2)  BC:0002  DE:0C26  HL:0069  AF:0006  SP:7FF7  PC:09E1
09E2  C2 DB 09  JNZ 09DB    (2)  BC:0002  DE:0C26  HL:0069  AF:0202  SP:7FF7  PC:09E2
09DB  7E        MOV A,M     (2)  BC:0002  DE:0C26  HL:0069  AF:0202  SP:7FF7  PC:09DB
09DC  12        STAX D      (2)  BC:0002  DE:0C26  HL:0069  AF:0002  SP:7FF7  PC:09DC
09DD  23        INX H       (2)  BC:0002  DE:0C26  HL:0069  AF:0002  SP:7FF7  PC:09DD
09DE  13        INX D       (2)  BC:0002  DE:0C26  HL:006A  AF:0002  SP:7FF7  PC:09DE
09DF  0B        DCX B       (2)  BC:0002  DE:0C27  HL:006A  AF:0002  SP:7FF7  PC:09DF
09E0  78        MOV A,B     (2)  BC:0001  DE:0C27  HL:006A  AF:0002  SP:7FF7  PC:09E0
09E1  B1        ORA C       (2)  BC:0001  DE:0C27  HL:006A  AF:0002  SP:7FF7  PC:09E1
09E2  C2 DB 09  JNZ 09DB    (2)  BC:0001  DE:0C27  HL:006A  AF:0102  SP:7FF7  PC:09E2
09DB  7E        MOV A,M     (2)  BC:0001  DE:0C27  HL:006A  AF:0102  SP:7FF7  PC:09DB
09DC  12        STAX D      (2)  BC:0001  DE:0C27  HL:006A  AF:0002  SP:7FF7  PC:09DC
09DD  23        INX H       (2)  BC:0001  DE:0C27  HL:006A  AF:0002  SP:7FF7  PC:09DD
09DE  13        INX D       (2)  BC:0001  DE:0C27  HL:006B  AF:0002  SP:7FF7  PC:09DE
09DF  0B        DCX B       (2)  BC:0001  DE:0C28  HL:006B  AF:0002  SP:7FF7  PC:09DF
09E0  78        MOV A,B     (2)  BC:0000  DE:0C28  HL:006B  AF:0002  SP:7FF7  PC:09E0
09E1  B1        ORA C       (2)  BC:0000  DE:0C28  HL:006B  AF:0002  SP:7FF7  PC:09E1
09E2  C2 DB 09  JNZ 09DB    (2)  BC:0000  DE:0C28  HL:006B  AF:0046  SP:7FF7  PC:09E2
09E5  11 03 00  LXI D,0003  (2)  BC:0000  DE:0C28  HL:006B  AF:0046  SP:7FF7  PC:09E5
09E8  01 10 00  LXI B,0010  (2)  BC:0000  DE:0003  HL:006B  AF:0046  SP:7FF7  PC:09E8
09EB  7E        MOV A,M     (2)  BC:0010  DE:0003  HL:006B  AF:0046  SP:7FF7  PC:09EB
09EC  12        STAX D      (2)  BC:0010  DE:0003  HL:006B  AF:A546  SP:7FF7  PC:09EC
09ED  23        INX H       (2)  BC:0010  DE:0003  HL:006B  AF:A546  SP:7FF7  PC:09ED
09EE  13        INX D       (2)  BC:0010  DE:0003  HL:006C  AF:A546  SP:7FF7  PC:09EE
09EF  0B        DCX B       (2)  BC:0010  DE:0004  HL:006C  AF:A546  SP:7FF7  PC:09EF
09F0  78        MOV A,B     (2)  BC:000F  DE:0004  HL:006C  AF:A546  SP:7FF7  PC:09F0
09F1  B1        ORA C       (2)  BC:000F  DE:0004  HL:006C  AF:0046  SP:7FF7  PC:09F1
09F2  C2 EB 09  JNZ 09EB    (2)  BC:000F  DE:0004  HL:006C  AF:0F06  SP:7FF7  PC:09F2
09EB  7E        MOV A,M     (2)  BC:000F  DE:0004  HL:006C  AF:0F06  SP:7FF7  PC:09EB
09EC  12        STAX D      (2)  BC:000F  DE:0004  HL:006C  AF:C406  SP:7FF7  PC:09EC
09ED  23        INX H       (2)  BC:000F  DE:0004  HL:006C  AF:C406  SP:7FF7  PC:09ED
09EE  13        INX D       (2)  BC:000F  DE:0004  HL:006D  AF:C406  SP:7FF7  PC:09EE
09EF  0B        DCX B       (2)  BC:000F  DE:0005  HL:006D  AF:C406  SP:7FF7  PC:09EF
09F0  78        MOV A,B     (2)  BC:000E  DE:0005  HL:006D  AF:C406  SP:7FF7  PC:09F0
09F1  B1        ORA C       (2)  BC:000E  DE:0005  HL:006D  AF:0006  SP:7FF7  PC:09F1
09F2  C2 EB 09  JNZ 09EB    (2)  BC:000E  DE:0005  HL:006D  AF:0E02  SP:7FF7  PC:09F2
09EB  7E        MOV A,M     (2)  BC:000E  DE:0005  HL:006D  AF:0E02  SP:7FF7  PC:09EB
09EC  12        STAX D      (2)  BC:000E  DE:0005  HL:006D  AF:C702  SP:7FF7  PC:09EC
09ED  23        INX H       (2)  BC:000E  DE:0005  HL:006D  AF:C702  SP:7FF7  PC:09ED
09EE  13        INX D       (2)  BC:000E  DE:0005  HL:006E  AF:C702  SP:7FF7  PC:09EE
09EF  0B        DCX B       (2)  BC:000E  DE:0006  HL:006E  AF:C702  SP:7FF7  PC:09EF
09F0  78        MOV A,B     (2)  BC:000D  DE:0006  HL:006E  AF:C702  SP:7FF7  PC:09F0
09F1  B1        ORA C       (2)  BC:000D  DE:0006  HL:006E  AF:0002  SP:7FF7  PC:09F1
09F2  C2 EB 09  JNZ 09EB    (2)  BC:000D  DE:0006  HL:006E  AF:0D02  SP:7FF7  PC:09F2
09EB  7E        MOV A,M     (2)  BC:000D  DE:0006  HL:006E  AF:0D02  SP:7FF7  PC:09EB
09EC  12        STAX D      (2)  BC:000D  DE:0006  HL:006E  AF:C402  SP:7FF7  PC:09EC
09ED  23        INX H       (2)  BC:000D  DE:0006  HL:006E  AF:C402  SP:7FF7  PC:09ED
09EE  13        INX D       (2)  BC:000D  DE:0006  HL:006F  AF:C402  SP:7FF7  PC:09EE
09EF  0B        DCX B       (2)  BC:000D  DE:0007  HL:006F  AF:C402  SP:7FF7  PC:09EF
09F0  78        MOV A,B     (2)  BC:000C  DE:0007  HL:006F  AF:C402  SP:7FF7  PC:09F0
09F1  B1        ORA C       (2)  BC:000C  DE:0007  HL:006F  AF:0002  SP:7FF7  PC:09F1
09F2  C2 EB 09  JNZ 09EB    (2)  BC:000C  DE:0007  HL:006F  AF:0C06  SP:7FF7  PC:09F2
09EB  7E        MOV A,M     (2)  BC:000C  DE:0007  HL:006F  AF:0C06  SP:7FF7  PC:09EB
09EC  12        STAX D      (2)  BC:000C  DE:0007  HL:006F  AF:2606  SP:7FF7  PC:09EC
09ED  23        INX H       (2)  BC:000C  DE:0007  HL:006F  AF:2606  SP:7FF7  PC:09ED
09EE  13        INX D       (2)  BC:000C  DE:0007  HL:0070  AF:2606  SP:7FF7  PC:09EE
09EF  0B        DCX B       (2)  BC:000C  DE:0008  HL:0070  AF:2606  SP:7FF7  PC:09EF
09F0  78        MOV A,B     (2)  BC:000B  DE:0008  HL:0070  AF:2606  SP:7FF7  PC:09F0
09F1  B1        ORA C       (2)  BC:000B  DE:0008  HL:0070  AF:0006  SP:7FF7  PC:09F1
09F2  C2 EB 09  JNZ 09EB    (2)  BC:000B  DE:0008  HL:0070  AF:0B02  SP:7FF7  PC:09F2
09EB  7E        MOV A,M     (2)  BC:000B  DE:0008  HL:0070  AF:0B02  SP:7FF7  PC:09EB
09EC  12        STAX D      (2)  BC:000B  DE:0008  HL:0070  AF:D202  SP:7FF7  PC:09EC
09ED  23        INX H       (2)  BC:000B  DE:0008  HL:0070  AF:D202  SP:7FF7  PC:09ED
09EE  13        INX D       (2)  BC:000B  DE:0008  HL:0071  AF:D202  SP:7FF7  PC:09EE
09EF  0B        DCX B       (2)  BC:000B  DE:0009  HL:0071  AF:D202  SP:7FF7  PC:09EF
09F0  78        MOV A,B     (2)  BC:000A  DE:0009  HL:0071  AF:D202  SP:7FF7  PC:09F0
09F1  B1        ORA C       (2)  BC:000A  DE:0009  HL:0071  AF:0002  SP:7FF7  PC:09F1
09F2  C2 EB 09  JNZ 09EB    (2)  BC:000A  DE:0009  HL:0071  AF:0A06  SP:7FF7  PC:09F2
09EB  7E        MOV A,M     (2)  BC:000A  DE:0009  HL:0071  AF:0A06  SP:7FF7  PC:09EB
09EC  12        STAX D      (2)  BC:000A  DE:0009  HL:0071  AF:5006  SP:7FF7  PC:09EC
09ED  23        INX H       (2)  BC:000A  DE:0009  HL:0071  AF:5006  SP:7FF7  PC:09ED
09EE  13        INX D       (2)  BC:000A  DE:0009  HL:0072  AF:5006  SP:7FF7  PC:09EE
09EF  0B        DCX B       (2)  BC:000A  DE:000A  HL:0072  AF:5006  SP:7FF7  PC:09EF
09F0  78        MOV A,B     (2)  BC:0009  DE:000A  HL:0072  AF:5006  SP:7FF7  PC:09F0
09F1  B1        ORA C       (2)  BC:0009  DE:000A  HL:0072  AF:0006  SP:7FF7  PC:09F1
09F2  C2 EB 09  JNZ 09EB    (2)  BC:0009  DE:000A  HL:0072  AF:0906  SP:7FF7  PC:09F2
09EB  7E        MOV A,M     (2)  BC:0009  DE:000A  HL:0072  AF:0906  SP:7FF7  PC:09EB
09EC  12        STAX D      (2)  BC:0009  DE:000A  HL:0072  AF:A006  SP:7FF7  PC:09EC
09ED  23        INX H       (2)  BC:0009  DE:000A  HL:0072  AF:A006  SP:7FF7  PC:09ED
09EE  13        INX D       (2)  BC:0009  DE:000A  HL:0073  AF:A006  SP:7FF7  PC:09EE
09EF  0B        DCX B       (2)  BC:0009  DE:000B  HL:0073  AF:A006  SP:7FF7  PC:09EF
09F0  78        MOV A,B     (2)  BC:0008  DE:000B  HL:0073  AF:A006  SP:7FF7  PC:09F0
09F1  B1        ORA C       (2)  BC:0008  DE:000B  HL:0073  AF:0006  SP:7FF7  PC:09F1
09F2  C2 EB 09  JNZ 09EB    (2)  BC:0008  DE:000B  HL:0073  AF:0802  SP:7FF7  PC:09F2
09EB  7E        MOV A,M     (2)  BC:0008  DE:000B  HL:0073  AF:0802  SP:7FF7  PC:09EB
09EC  12        STAX D      (2)  BC:0008  DE:000B  HL:0073  AF:EA02  SP:7FF7  PC:09EC
09ED  23        INX H       (2)  BC:0008  DE:000B  HL:0073  AF:EA02  SP:7FF7  PC:09ED
09EE  13        INX D       (2)  BC:0008  DE:000B  HL:0074  AF:EA02  SP:7FF7  PC:09EE
09EF  0B        DCX B       (2)  BC:0008  DE:000C  HL:0074  AF:EA02  SP:7FF7  PC:09EF
09F0  78        MOV A,B     (2)  BC:0007  DE:000C  HL:0074  AF:EA02  SP:7FF7  PC:09F0
09F1  B1        ORA C       (2)  BC:0007  DE:000C  HL:0074  AF:0002  SP:7FF7  PC:09F1
09F2  C2 EB 09  JNZ 09EB    (2)  BC:0007  DE:000C  HL:0074  AF:0702  SP:7FF7  PC:09F2
09EB  7E        MOV A,M     (2)  BC:0007  DE:000C  HL:0074  AF:0702  SP:7FF7  PC:09EB
09EC  12        STAX D      (2)  BC:0007  DE:000C  HL:0074  AF:5802  SP:7FF7  PC:09EC
09ED  23        INX H       (2)  BC:0007  DE:000C  HL:0074  AF:5802  SP:7FF7  PC:09ED
09EE  13        INX D       (2)  BC:0007  DE:000C  HL:0075  AF:5802  SP:7FF7  PC:09EE
09EF  0B        DCX B       (2)  BC:0007  DE:000D  HL:0075  AF:5802  SP:7FF7  PC:09EF
09F0  78        MOV A,B     (2)  BC:0006  DE:000D  HL:0075  AF:5802  SP:7FF7  PC:09F0
09F1  B1        ORA C       (2)  BC:0006  DE:000D  HL:0075  AF:0002  SP:7FF7  PC:09F1
09F2  C2 EB 09  JNZ 09EB    (2)  BC:0006  DE:000D  HL:0075  AF:0606  SP:7FF7  PC:09F2
09EB  7E        MOV A,M     (2)  BC:0006  DE:000D  HL:0075  AF:0606  SP:7FF7  PC:09EB
09EC  12        STAX D      (2)  BC:0006  DE:000D  HL:0075  AF:6606  SP:7FF7  PC:09EC
09ED  23        INX H       (2)  BC:0006  DE:000D  HL:0075  AF:6606  SP:7FF7  PC:09ED
09EE  13        INX D       (2)  BC:0006  DE:000D  HL:0076  AF:6606  SP:7FF7  PC:09EE
09EF  0B        DCX B       (2)  BC:0006  DE:000E  HL:0076  AF:6606  SP:7FF7  PC:09EF
09F0  78        MOV A,B     (2)  BC:0005  DE:000E  HL:0076  AF:6606  SP:7FF7  PC:09F0
09F1  B1        ORA C       (2)  BC:0005  DE:000E  HL:0076  AF:0006  SP:7FF7  PC:09F1
09F2  C2 EB 09  JNZ 09EB    (2)  BC:0005  DE:000E  HL:0076  AF:0506  SP:7FF7  PC:09F2
09EB  7E        MOV A,M     (2)  BC:0005  DE:000E  HL:0076  AF:0506  SP:7FF7  PC:09EB
09EC  12        STAX D      (2)  BC:0005  DE:000E  HL:0076  AF:8506  SP:7FF7  PC:09EC
09ED  23        INX H       (2)  BC:0005  DE:000E  HL:0076  AF:8506  SP:7FF7  PC:09ED
09EE  13        INX D       (2)  BC:0005  DE:000E  HL:0077  AF:8506  SP:7FF7  PC:09EE
09EF  0B        DCX B       (2)  BC:0005  DE:000F  HL:0077  AF:8506  SP:7FF7  PC:09EF
09F0  78        MOV A,B     (2)  BC:0004  DE:000F  HL:0077  AF:8506  SP:7FF7  PC:09F0
09F1  B1        ORA C       (2)  BC:0004  DE:000F  HL:0077  AF:0006  SP:7FF7  PC:09F1
09F2  C2 EB 09  JNZ 09EB    (2)  BC:0004  DE:000F  HL:0077  AF:0402  SP:7FF7  PC:09F2
09EB  7E        MOV A,M     (2)  BC:0004  DE:000F  HL:0077  AF:0402  SP:7FF7  PC:09EB
09EC  12        STAX D      (2)  BC:0004  DE:000F  HL:0077  AF:C602  SP:7FF7  PC:09EC
09ED  23        INX H       (2)  BC:0004  DE:000F  HL:0077  AF:C602  SP:7FF7  PC:09ED
09EE  13        INX D       (2)  BC:0004  DE:000F  HL:0078  AF:C602  SP:7FF7  PC:09EE
09EF  0B        DCX B       (2)  BC:0004  DE:0010  HL:0078  AF:C602  SP:7FF7  PC:09EF
09F0  78        MOV A,B     (2)  BC:0003  DE:0010  HL:0078  AF:C602  SP:7FF7  PC:09F0
09F1  B1        ORA C       (2)  BC:0003  DE:0010  HL:0078  AF:0002  SP:7FF7  PC:09F1
09F2  C2 EB 09  JNZ 09EB    (2)  BC:0003  DE:0010  HL:0078  AF:0306  SP:7FF7  PC:09F2
09EB  7E        MOV A,M     (2)  BC:0003  DE:0010  HL:0078  AF:0306  SP:7FF7  PC:09EB
09EC  12        STAX D      (2)  BC:0003  DE:0010  HL:0078  AF:DE06  SP:7FF7  PC:09EC
09ED  23        INX H       (2)  BC:0003  DE:0010  HL:0078  AF:DE06  SP:7FF7  PC:09ED
09EE  13        INX D       (2)  BC:0003  DE:0010  HL:0079  AF:DE06  SP:7FF7  PC:09EE
09EF  0B        DCX B       (2)  BC:0003  DE:0011  HL:0079  AF:DE06  SP:7FF7  PC:09EF
09F0  78        MOV A,B     (2)  BC:0002  DE:0011  HL:0079  AF:DE06  SP:7FF7  PC:09F0
09F1  B1        ORA C       (2)  BC:0002  DE:0011  HL:0079  AF:0006  SP:7FF7  PC:09F1
09F2  C2 EB 09  JNZ 09EB    (2)  BC:0002  DE:0011  HL:0079  AF:0202  SP:7FF7  PC:09F2
09EB  7E        MOV A,M     (2)  BC:0002  DE:0011  HL:0079  AF:0202  SP:7FF7  PC:09EB
09EC  12        STAX D      (2)  BC:0002  DE:0011  HL:0079  AF:C902  SP:7FF7  PC:09EC
09ED  23        INX H       (2)  BC:0002  DE:0011  HL:0079  AF:C902  SP:7FF7  PC:09ED
09EE  13        INX D       (2)  BC:0002  DE:0011  HL:007A  AF:C902  SP:7FF7  PC:09EE
09EF  0B        DCX B       (2)  BC:0002  DE:0012  HL:007A  AF:C902  SP:7FF7  PC:09EF
09F0  78        MOV A,B     (2)  BC:0001  DE:0012  HL:007A  AF:C902  SP:7FF7  PC:09F0
09F1  B1        ORA C       (2)  BC:0001  DE:0012  HL:007A  AF:0002  SP:7FF7  PC:09F1
09F2  C2 EB 09  JNZ 09EB    (2)  BC:0001  DE:0012  HL:007A  AF:0102  SP:7FF7  PC:09F2
09EB  7E        MOV A,M     (2)  BC:0001  DE:0012  HL:007A  AF:0102  SP:7FF7  PC:09EB
09EC  12        STAX D      (2)  BC:0001  DE:0012  HL:007A  AF:9B02  SP:7FF7  PC:09EC
09ED  23        INX H       (2)  BC:0001  DE:0012  HL:007A  AF:9B02  SP:7FF7  PC:09ED
09EE  13        INX D       (2)  BC:0001  DE:0012  HL:007B  AF:9B02  SP:7FF7  PC:09EE
09EF  0B        DCX B       (2)  BC:0001  DE:0013  HL:007B  AF:9B02  SP:7FF7  PC:09EF
09F0  78        MOV A,B     (2)  BC:0000  DE:0013  HL:007B  AF:9B02  SP:7FF7  PC:09F0
09F1  B1        ORA C       (2)  BC:0000  DE:0013  HL:007B  AF:0002  SP:7FF7  PC:09F1
09F2  C2 EB 09  JNZ 09EB    (2)  BC:0000  DE:0013  HL:007B  AF:0046  SP:7FF7  PC:09F2
09F5  11 2C 00  LXI D,002C  (2)  BC:0000  DE:0013  HL:007B  AF:0046  SP:7FF7  PC:09F5
09F8  19        DAD D       (2)  BC:0000  DE:002C  HL:007B  AF:0046  SP:7FF7  PC:09F8
09F9  EB        XCHG        (2)  BC:0000  DE:002C  HL:00A7  AF:0046  SP:7FF7  PC:09F9
09FA  CD A1 0C  CALL 0CA1   (2)  BC:0000  DE:00A7  HL:002C  AF:0046  SP:7FF7  PC:09FA
0CA1  C5        PUSH B      (3)  BC:0000  DE:00A7  HL:002C  AF:0046  SP:7FF5  PC:0CA1
0CA2  D5        PUSH D      (3)  BC:0000  DE:00A7  HL:002C  AF:0046  SP:7FF3  PC:0CA2
0CA3  E5        PUSH H      (3)  BC:0000  DE:00A7  HL:002C  AF:0046  SP:7FF1  PC:0CA3
0CA4  F5        PUSH PSW    (3)  BC:0000  DE:00A7  HL:002C  AF:0046  SP:7FEF  PC:0CA4
0CA5  EB        XCHG        (3)  BC:0000  DE:00A7  HL:002C  AF:0046  SP:7FED  PC:0CA5
0CA6  7E        MOV A,M     (3)  BC:0000  DE:002C  HL:00A7  AF:0046  SP:7FED  PC:0CA6
0CA7  FE 24     CPI 24      (3)  BC:0000  DE:002C  HL:00A7  AF:4446  SP:7FED  PC:0CA7
0CA9  CA B4 0C  JZ 0CB4     (3)  BC:0000  DE:002C  HL:00A7  AF:4412  SP:7FED  PC:0CA9
0CAC  7E        MOV A,M     (3)  BC:0000  DE:002C  HL:00A7  AF:4412  SP:7FED  PC:0CAC
0CAD  CD B9 0C  CALL 0CB9   (3)  BC:0000  DE:002C  HL:00A7  AF:4412  SP:7FED  PC:0CAD
0CB0  23        INX H       (3)  BC:0000  DE:002C  HL:00A7  AF:4412  SP:7FED  PC:0CB0
0CB1  C3 A6 0C  JMP 0CA6    (3)  BC:0000  DE:002C  HL:00A8  AF:4412  SP:7FED  PC:0CB1
0CA6  7E        MOV A,M     (3)  BC:0000  DE:002C  HL:00A8  AF:4412  SP:7FED  PC:0CA6
0CA7  FE 24     CPI 24      (3)  BC:0000  DE:002C  HL:00A8  AF:4112  SP:7FED  PC:0CA7
0CA9  CA B4 0C  JZ 0CB4     (3)  BC:0000  DE:002C  HL:00A8  AF:4106  SP:7FED  PC:0CA9
0CAC  7E        MOV A,M     (3)  BC:0000  DE:002C  HL:00A8  AF:4106  SP:7FED  PC:0CAC
0CAD  CD B9 0C  CALL 0CB9   (3)  BC:0000  DE:002C  HL:00A8  AF:4106  SP:7FED  PC:0CAD
0CB0  23        INX H       (3)  BC:0000  DE:002C  HL:00A8  AF:4106  SP:7FED  PC:0CB0
0CB1  C3 A6 0C  JMP 0CA6    (3)  BC:0000  DE:002C  HL:00A9  AF:4106  SP:7FED  PC:0CB1
0CA6  7E        MOV A,M     (3)  BC:0000  DE:002C  HL:00A9  AF:4106  SP:7FED  PC:0CA6
0CA7  FE 24     CPI 24      (3)  BC:0000  DE:002C  HL:00A9  AF:4406  SP:7FED  PC:0CA7
0CA9  CA B4 0C  JZ 0CB4     (3)  BC:0000  DE:002C  HL:00A9  AF:4412  SP:7FED  PC:0CA9
0CAC  7E        MOV A,M     (3)  BC:0000  DE:002C  HL:00A9  AF:4412  SP:7FED  PC:0CAC
0CAD  CD B9 0C  CALL 0CB9   (3)  BC:0000  DE:002C  HL:00A9  AF:4412  SP:7FED  PC:0CAD
0CB0  23        INX H       (3)  BC:0000  DE:002C  HL:00A9  AF:4412  SP:7FED  PC:0CB0
0CB1  C3 A6 0C  JMP 0CA6    (3)  BC:0000  DE:002C  HL:00AA  AF:4412  SP:7FED  PC:0CB1
0CA6  7E        MOV A,M     (3)  BC:0000  DE:002C  HL:00AA  AF:4412  SP:7FED  PC:0CA6
0CA7  FE 24     CPI 24      (3)  BC:0000  DE:002C  HL:00AA  AF:2012  SP:7FED  PC:0CA7
0CA9  CA B4 0C  JZ 0CB4     (3)  BC:0000  DE:002C  HL:00AA  AF:2087  SP:7FED  PC:0CA9
0CAC  7E        MOV A,M     (3)  BC:0000  DE:002C  HL:00AA  AF:2087  SP:7FED  PC:0CAC
0CAD  CD B9 0C  CALL 0CB9   (3)  BC:0000  DE:002C  HL:00AA  AF:2087  SP:7FED  PC:0CAD
0CB0  23        INX H       (3)  BC:0000  DE:002C  HL:00AA  AF:2087  SP:7FED  PC:0CB0
0CB1  C3 A6 0C  JMP 0CA6    (3)  BC:0000  DE:002C  HL:00AB  AF:2087  SP:7FED  PC:0CB1
0CA6  7E        MOV A,M     (3)  BC:0000  DE:002C  HL:00AB  AF:2087  SP:7FED  PC:0CA6
0CA7  FE 24     CPI 24      (3)  BC:0000  DE:002C  HL:00AB  AF:3C87  SP:7FED  PC:0CA7
0CA9  CA B4 0C  JZ 0CB4     (3)  BC:0000  DE:002C  HL:00AB  AF:3C16  SP:7FED  PC:0CA9
0CAC  7E        MOV A,M     (3)  BC:0000  DE:002C  HL:00AB  AF:3C16  SP:7FED  PC:0CAC
0CAD  CD B9 0C  CALL 0CB9   (3)  BC:0000  DE:002C  HL:00AB  AF:3C16  SP:7FED  PC:0CAD
0CB0  23        INX H       (3)  BC:0000  DE:002C  HL:00AB  AF:3C16  SP:7FED  PC:0CB0
0CB1  C3 A6 0C  JMP 0CA6    (3)  BC:0000  DE:002C  HL:00AC  AF:3C16  SP:7FED  PC:0CB1
0CA6  7E        MOV A,M     (3)  BC:0000  DE:002C  HL:00AC  AF:3C16  SP:7FED  PC:0CA6
0CA7  FE 24     CPI 24      (3)  BC:0000  DE:002C  HL:00AC  AF:4216  SP:7FED  PC:0CA7
0CA9  CA B4 0C  JZ 0CB4     (3)  BC:0000  DE:002C  HL:00AC  AF:4206  SP:7FED  PC:0CA9
0CAC  7E        MOV A,M     (3)  BC:0000  DE:002C  HL:00AC  AF:4206  SP:7FED  PC:0CAC
0CAD  CD B9 0C  CALL 0CB9   (3)  BC:0000  DE:002C  HL:00AC  AF:4206  SP:7FED  PC:0CAD
0CB0  23        INX H       (3)  BC:0000  DE:002C  HL:00AC  AF:4206  SP:7FED  PC:0CB0
0CB1  C3 A6 0C  JMP 0CA6    (3)  BC:0000  DE:002C  HL:00AD  AF:4206  SP:7FED  PC:0CB1
0CA6  7E        MOV A,M     (3)  BC:0000  DE:002C  HL:00AD  AF:4206  SP:7FED  PC:0CA6
0CA7  FE 24     CPI 24      (3)  BC:0000  DE:002C  HL:00AD  AF:2C06  SP:7FED  PC:0CA7
0CA9  CA B4 0C  JZ 0CB4     (3)  BC:0000  DE:002C  HL:00AD  AF:2C12  SP:7FED  PC:0CA9
0CAC  7E        MOV A,M     (3)  BC:0000  DE:002C  HL:00AD  AF:2C12  SP:7FED  PC:0CAC
0CAD  CD B9 0C  CALL 0CB9   (3)  BC:0000  DE:002C  HL:00AD  AF:2C12  SP:7FED  PC:0CAD
0CB0  23        INX H       (3)  BC:0000  DE:002C  HL:00AD  AF:2C12  SP:7FED  PC:0CB0
0CB1  C3 A6 0C  JMP 0CA6    (3)  BC:0000  DE:002C  HL:00AE  AF:2C12  SP:7FED  PC:0CB1
0CA6  7E        MOV A,M     (3)  BC:0000  DE:002C  HL:00AE  AF:2C12  SP:7FED  PC:0CA6
0CA7  FE 24     CPI 24      (3)  BC:0000  DE:002C  HL:00AE  AF:4412  SP:7FED  PC:0CA7
0CA9  CA B4 0C  JZ 0CB4     (3)  BC:0000  DE:002C  HL:00AE  AF:4412  SP:7FED  PC:0CA9
0CAC  7E        MOV A,M     (3)  BC:0000  DE:002C  HL:00AE  AF:4412  SP:7FED  PC:0CAC
0CAD  CD B9 0C  CALL 0CB9   (3)  BC:0000  DE:002C  HL:00AE  AF:4412  SP:7FED  PC:0CAD
0CB0  23        INX H       (3)  BC:0000  DE:002C  HL:00AE  AF:4412  SP:7FED  PC:0CB0
0CB1  C3 A6 0C  JMP 0CA6    (3)  BC:0000  DE:002C  HL:00AF  AF:4412  SP:7FED  PC:0CB1
0CA6  7E        MOV A,M     (3)  BC:0000  DE:002C  HL:00AF  AF:4412  SP:7FED  PC:0CA6
0CA7  FE 24     CPI 24      (3)  BC:0000  DE:002C  HL:00AF  AF:2C12  SP:7FED  PC:0CA7
0CA9  CA B4 0C  JZ 0CB4     (3)  BC:0000  DE:002C  HL:00AF  AF:2C12  SP:7FED  PC:0CA9
0CAC  7E        MOV A,M     (3)  BC:0000  DE:002C  HL:00AF  AF:2C12  SP:7FED  PC:0CAC
0CAD  CD B9 0C  CALL 0CB9   (3)  BC:0000  DE:002C  HL:00AF  AF:2C12  SP:7FED  PC:0CAD
0CB0  23        INX H       (3)  BC:0000  DE:002C  HL:00AF  AF:2C12  SP:7FED  PC:0CB0
0CB1  C3 A6 0C  JMP 0CA6    (3)  BC:0000  DE:002C  HL:00B0  AF:2C12  SP:7FED  PC:0CB1
0CA6  7E        MOV A,M     (3)  BC:0000  DE:002C  HL:00B0  AF:2C12  SP:7FED  PC:0CA6
0CA7  FE 24     CPI 24      (3)  BC:0000  DE:002C  HL:00B0  AF:4812  SP:7FED  PC:0CA7
0CA9  CA B4 0C  JZ 0CB4     (3)  BC:0000  DE:002C  HL:00B0  AF:4816  SP:7FED  PC:0CA9
0CAC  7E        MOV A,M     (3)  BC:0000  DE:002C  HL:00B0  AF:4816  SP:7FED  PC:0CAC
0CAD  CD B9 0C  CALL 0CB9   (3)  BC:0000  DE:002C  HL:00B0  AF:4816  SP:7FED  PC:0CAD
0CB0  23        INX H       (3)  BC:0000  DE:002C  HL:00B0  AF:4816  SP:7FED  PC:0CB0
0CB1  C3 A6 0C  JMP 0CA6    (3)  BC:0000  DE:002C  HL:00B1  AF:4816  SP:7FED  PC:0CB1
0CA6  7E        MOV A,M     (3)  BC:0000  DE:002C  HL:00B1  AF:4816  SP:7FED  PC:0CA6
0CA7  FE 24     CPI 24      (3)  BC:0000  DE:002C  HL:00B1  AF:2C16  SP:7FED  PC:0CA7
0CA9  CA B4 0C  JZ 0CB4     (3)  BC:0000  DE:002C  HL:00B1  AF:2C12  SP:7FED  PC:0CA9
0CAC  7E        MOV A,M     (3)  BC:0000  DE:002C  HL:00B1  AF:2C12  SP:7FED  PC:0CAC
0CAD  CD B9 0C  CALL 0CB9   (3)  BC:0000  DE:002C  HL:00B1  AF:2C12  SP:7FED  PC:0CAD
0CB0  23        INX H       (3)  BC:0000  DE:002C  HL:00B1  AF:2C12  SP:7FED  PC:0CB0
0CB1  C3 A6 0C  JMP 0CA6    (3)  BC:0000  DE:002C  HL:00B2  AF:2C12  SP:7FED  PC:0CB1
0CA6  7E        MOV A,M     (3)  BC:0000  DE:002C  HL:00B2  AF:2C12  SP:7FED  PC:0CA6
0CA7  FE 24     CPI 24      (3)  BC:0000  DE:002C  HL:00B2  AF:5312  SP:7FED  PC:0CA7
0CA9  CA B4 0C  JZ 0CB4     (3)  BC:0000  DE:002C  HL:00B2  AF:5302  SP:7FED  PC:0CA9
0CAC  7E        MOV A,M     (3)  BC:0000  DE:002C  HL:00B2  AF:5302  SP:7FED  PC:0CAC
0CAD  CD B9 0C  CALL 0CB9   (3)  BC:0000  DE:002C  HL:00B2  AF:5302  SP:7FED  PC:0CAD
0CB0  23        INX H       (3)  BC:0000  DE:002C  HL:00B2  AF:5302  SP:7FED  PC:0CB0
0CB1  C3 A6 0C  JMP 0CA6    (3)  BC:0000  DE:002C  HL:00B3  AF:5302  SP:7FED  PC:0CB1
0CA6  7E        MOV A,M     (3)  BC:0000  DE:002C  HL:00B3  AF:5302  SP:7FED  PC:0CA6
0CA7  FE 24     CPI 24      (3)  BC:0000  DE:002C  HL:00B3  AF:5002  SP:7FED  PC:0CA7
0CA9  CA B4 0C  JZ 0CB4     (3)  BC:0000  DE:002C  HL:00B3  AF:5002  SP:7FED  PC:0CA9
0CAC  7E        MOV A,M     (3)  BC:0000  DE:002C  HL:00B3  AF:5002  SP:7FED  PC:0CAC
0CAD  CD B9 0C  CALL 0CB9   (3)  BC:0000  DE:002C  HL:00B3  AF:5002  SP:7FED  PC:0CAD
0CB0  23        INX H       (3)  BC:0000  DE:002C  HL:00B3  AF:5002  SP:7FED  PC:0CB0
0CB1  C3 A6 0C  JMP 0CA6    (3)  BC:0000  DE:002C  HL:00B4  AF:5002  SP:7FED  PC:0CB1
0CA6  7E        MOV A,M     (3)  BC:0000  DE:002C  HL:00B4  AF:5002  SP:7FED  PC:0CA6
0CA7  FE 24     CPI 24      (3)  BC:0000  DE:002C  HL:00B4  AF:3E02  SP:7FED  PC:0CA7
0CA9  CA B4 0C  JZ 0CB4     (3)  BC:0000  DE:002C  HL:00B4  AF:3E12  SP:7FED  PC:0CA9
0CAC  7E        MOV A,M     (3)  BC:0000  DE:002C  HL:00B4  AF:3E12  SP:7FED  PC:0CAC
0CAD  CD B9 0C  CALL 0CB9   (3)  BC:0000  DE:002C  HL:00B4  AF:3E12  SP:7FED  PC:0CAD
0CB0  23        INX H       (3)  BC:0000  DE:002C  HL:00B4  AF:3E12  SP:7FED  PC:0CB0
0CB1  C3 A6 0C  JMP 0CA6    (3)  BC:0000  DE:002C  HL:00B5  AF:3E12  SP:7FED  PC:0CB1
0CA6  7E        MOV A,M     (3)  BC:0000  DE:002C  HL:00B5  AF:3E12  SP:7FED  PC:0CA6
0CA7  FE 24     CPI 24      (3)  BC:0000  DE:002C  HL:00B5  AF:2E12  SP:7FED  PC:0CA7
0CA9  CA B4 0C  JZ 0CB4     (3)  BC:0000  DE:002C  HL:00B5  AF:2E16  SP:7FED  PC:0CA9
0CAC  7E        MOV A,M     (3)  BC:0000  DE:002C  HL:00B5  AF:2E16  SP:7FED  PC:0CAC
0CAD  CD B9 0C  CALL 0CB9   (3)  BC:0000  DE:002C  HL:00B5  AF:2E16  SP:7FED  PC:0CAD
0CB0  23        INX H       (3)  BC:0000  DE:002C  HL:00B5  AF:2E16  SP:7FED  PC:0CB0
0CB1  C3 A6 0C  JMP 0CA6    (3)  BC:0000  DE:002C  HL:00B6  AF:2E16  SP:7FED  PC:0CB1
0CA6  7E        MOV A,M     (3)  BC:0000  DE:002C  HL:00B6  AF:2E16  SP:7FED  PC:0CA6
0CA7  FE 24     CPI 24      (3)  BC:0000  DE:002C  HL:00B6  AF:2E16  SP:7FED  PC:0CA7
0CA9  CA B4 0C  JZ 0CB4     (3)  BC:0000  DE:002C  HL:00B6  AF:2E16  SP:7FED  PC:0CA9
0CAC  7E        MOV A,M     (3)  BC:0000  DE:002C  HL:00B6  AF:2E16  SP:7FED  PC:0CAC
0CAD  CD B9 0C  CALL 0CB9   (3)  BC:0000  DE:002C  HL:00B6  AF:2E16  SP:7FED  PC:0CAD
0CB0  23        INX H       (3)  BC:0000  DE:002C  HL:00B6  AF:2E16  SP:7FED  PC:0CB0
0CB1  C3 A6 0C  JMP 0CA6    (3)  BC:0000  DE:002C  HL:00B7  AF:2E16  SP:7FED  PC:0CB1
0CA6  7E        MOV A,M     (3)  BC:0000  DE:002C  HL:00B7  AF:2E16  SP:7FED  PC:0CA6
0CA7  FE 24     CPI 24      (3)  BC:0000  DE:002C  HL:00B7  AF:2E16  SP:7FED  PC:0CA7
0CA9  CA B4 0C  JZ 0CB4     (3)  BC:0000  DE:002C  HL:00B7  AF:2E16  SP:7FED  PC:0CA9
0CAC  7E        MOV A,M     (3)  BC:0000  DE:002C  HL:00B7  AF:2E16  SP:7FED  PC:0CAC
0CAD  CD B9 0C  CALL 0CB9   (3)  BC:0000  DE:002C  HL:00B7  AF:2E16  SP:7FED  PC:0CAD
0CB0  23        INX H       (3)  BC:0000  DE:002C  HL:00B7  AF:2E16  SP:7FED  PC:0CB0
0CB1  C3 A6 0C  JMP 0CA6    (3)  BC:0000  DE:002C  HL:00B8  AF:2E16  SP:7FED  PC:0CB1
0CA6  7E        MOV A,M     (3)  BC:0000  DE:002C  HL:00B8  AF:2E16  SP:7FED  PC:0CA6
0CA7  FE 24     CPI 24      (3)  BC:0000  DE:002C  HL:00B8  AF:2E16  SP:7FED  PC:0CA7
0CA9  CA B4 0C  JZ 0CB4     (3)  BC:0000  DE:002C  HL:00B8  AF:2E16  SP:7FED  PC:0CA9
0CAC  7E        MOV A,M     (3)  BC:0000  DE:002C  HL:00B8  AF:2E16  SP:7FED  PC:0CAC
0CAD  CD B9 0C  CALL 0CB9   (3)  BC:0000  DE:002C  HL:00B8  AF:2E16  SP:7FED  PC:0CAD
0CB0  23        INX H       (3)  BC:0000  DE:002C  HL:00B8  AF:2E16  SP:7FED  PC:0CB0
0CB1  C3 A6 0C  JMP 0CA6    (3)  BC:0000  DE:002C  HL:00B9  AF:2E16  SP:7FED  PC:0CB1
0CA6  7E        MOV A,M     (3)  BC:0000  DE:002C  HL:00B9  AF:2E16  SP:7FED  PC:0CA6
0CA7  FE 24     CPI 24      (3)  BC:0000  DE:002C  HL:00B9  AF:2E16  SP:7FED  PC:0CA7
0CA9  CA B4 0C  JZ 0CB4     (3)  BC:0000  DE:002C  HL:00B9  AF:2E16  SP:7FED  PC:0CA9
0CAC  7E        MOV A,M     (3)  BC:0000  DE:002C  HL:00B9  AF:2E16  SP:7FED  PC:0CAC
0CAD  CD B9 0C  CALL 0CB9   (3)  BC:0000  DE:002C  HL:00B9  AF:2E16  SP:7FED  PC:0CAD
0CB0  23        INX H       (3)  BC:0000  DE:002C  HL:00B9  AF:2E16  SP:7FED  PC:0CB0
0CB1  C3 A6 0C  JMP 0CA6    (3)  BC:0000  DE:002C  HL:00BA  AF:2E16  SP:7FED  PC:0CB1
0CA6  7E        MOV A,M     (3)  BC:0000  DE:002C  HL:00BA  AF:2E16  SP:7FED  PC:0CA6
0CA7  FE 24     CPI 24      (3)  BC:0000  DE:002C  HL:00BA  AF:2E16  SP:7FED  PC:0CA7
0CA9  CA B4 0C  JZ 0CB4     (3)  BC:0000  DE:002C  HL:00BA  AF:2E16  SP:7FED  PC:0CA9
0CAC  7E        MOV A,M     (3)  BC:0000  DE:002C  HL:00BA  AF:2E16  SP:7FED  PC:0CAC
0CAD  CD B9 0C  CALL 0CB9   (3)  BC:0000  DE:002C  HL:00BA  AF:2E16  SP:7FED  PC:0CAD
0CB0  23        INX H       (3)  BC:0000  DE:002C  HL:00BA  AF:2E16  SP:7FED  PC:0CB0
0CB1  C3 A6 0C  JMP 0CA6    (3)  BC:0000  DE:002C  HL:00BB  AF:2E16  SP:7FED  PC:0CB1
0CA6  7E        MOV A,M     (3)  BC:0000  DE:002C  HL:00BB  AF:2E16  SP:7FED  PC:0CA6
0CA7  FE 24     CPI 24      (3)  BC:0000  DE:002C  HL:00BB  AF:2E16  SP:7FED  PC:0CA7
0CA9  CA B4 0C  JZ 0CB4     (3)  BC:0000  DE:002C  HL:00BB  AF:2E16  SP:7FED  PC:0CA9
0CAC  7E        MOV A,M     (3)  BC:0000  DE:002C  HL:00BB  AF:2E16  SP:7FED  PC:0CAC
0CAD  CD B9 0C  CALL 0CB9   (3)  BC:0000  DE:002C  HL:00BB  AF:2E16  SP:7FED  PC:0CAD
0CB0  23        INX H       (3)  BC:0000  DE:002C  HL:00BB  AF:2E16  SP:7FED  PC:0CB0
0CB1  C3 A6 0C  JMP 0CA6    (3)  BC:0000  DE:002C  HL:00BC  AF:2E16  SP:7FED  PC:0CB1
0CA6  7E        MOV A,M     (3)  BC:0000  DE:002C  HL:00BC  AF:2E16  SP:7FED  PC:0CA6
0CA7  FE 24     CPI 24      (3)  BC:0000  DE:002C  HL:00BC  AF:2E16  SP:7FED  PC:0CA7
0CA9  CA B4 0C  JZ 0CB4     (3)  BC:0000  DE:002C  HL:00BC  AF:2E16  SP:7FED  PC:0CA9
0CAC  7E        MOV A,M     (3)  BC:0000  DE:002C  HL:00BC  AF:2E16  SP:7FED  PC:0CAC
0CAD  CD B9 0C  CALL 0CB9   (3)  BC:0000  DE:002C  HL:00BC  AF:2E16  SP:7FED  PC:0CAD
0CB0  23        INX H       (3)  BC:0000  DE:002C  HL:00BC  AF:2E16  SP:7FED  PC:0CB0
0CB1  C3 A6 0C  JMP 0CA6    (3)  BC:0000  DE:002C  HL:00BD  AF:2E16  SP:7FED  PC:0CB1
0CA6  7E        MOV A,M     (3)  BC:0000  DE:002C  HL:00BD  AF:2E16  SP:7FED  PC:0CA6
0CA7  FE 24     CPI 24      (3)  BC:0000  DE:002C  HL:00BD  AF:2E16  SP:7FED  PC:0CA7
0CA9  CA B4 0C  JZ 0CB4     (3)  BC:0000  DE:002C  HL:00BD  AF:2E16  SP:7FED  PC:0CA9
0CAC  7E        MOV A,M     (3)  BC:0000  DE:002C  HL:00BD  AF:2E16  SP:7FED  PC:0CAC
0CAD  CD B9 0C  CALL 0CB9   (3)  BC:0000  DE:002C  HL:00BD  AF:2E16  SP:7FED  PC:0CAD
0CB0  23        INX H       (3)  BC:0000  DE:002C  HL:00BD  AF:2E16  SP:7FED  PC:0CB0
0CB1  C3 A6 0C  JMP 0CA6    (3)  BC:0000  DE:002C  HL:00BE  AF:2E16  SP:7FED  PC:0CB1
0CA6  7E        MOV A,M     (3)  BC:0000  DE:002C  HL:00BE  AF:2E16  SP:7FED  PC:0CA6
0CA7  FE 24     CPI 24      (3)  BC:0000  DE:002C  HL:00BE  AF:2E16  SP:7FED  PC:0CA7
0CA9  CA B4 0C  JZ 0CB4     (3)  BC:0000  DE:002C  HL:00BE  AF:2E16  SP:7FED  PC:0CA9
0CAC  7E        MOV A,M     (3)  BC:0000  DE:002C  HL:00BE  AF:2E16  SP:7FED  PC:0CAC
0CAD  CD B9 0C  CALL 0CB9   (3)  BC:0000  DE:002C  HL:00BE  AF:2E16  SP:7FED  PC:0CAD
0CB0  23        INX H       (3)  BC:0000  DE:002C  HL:00BE  AF:2E16  SP:7FED  PC:0CB0
0CB1  C3 A6 0C  JMP 0CA6    (3)  BC:0000  DE:002C  HL:00BF  AF:2E16  SP:7FED  PC:0CB1
0CA6  7E        MOV A,M     (3)  BC:0000  DE:002C  HL:00BF  AF:2E16  SP:7FED  PC:0CA6
0CA7  FE 24     CPI 24      (3)  BC:0000  DE:002C  HL:00BF  AF:2E16  SP:7FED  PC:0CA7
0CA9  CA B4 0C  JZ 0CB4     (3)  BC:0000  DE:002C  HL:00BF  AF:2E16  SP:7FED  PC:0CA9
0CAC  7E        MOV A,M     (3)  BC:0000  DE:002C  HL:00BF  AF:2E16  SP:7FED  PC:0CAC
0CAD  CD B9 0C  CALL 0CB9   (3)  BC:0000  DE:002C  HL:00BF  AF:2E16  SP:7FED  PC:0CAD
0CB0  23        INX H       (3)  BC:0000  DE:002C  HL:00BF  AF:2E16  SP:7FED  PC:0CB0
0CB1  C3 A6 0C  JMP 0CA6    (3)  BC:0000  DE:002C  HL:00C0  AF:2E16  SP:7FED  PC:0CB1
0CA6  7E        MOV A,M     (3)  BC:0000  DE:002C  HL:00C0  AF:2E16  SP:7FED  PC:0CA6
0CA7  FE 24     CPI 24      (3)  BC:0000  DE:002C  HL:00C0  AF:2E16  SP:7FED  PC:0CA7
0CA9  CA B4 0C  JZ 0CB4     (3)  BC:0000  DE:002C  HL:00C0  AF:2E16  SP:7FED  PC:0CA9
0CAC  7E        MOV A,M     (3)  BC:0000  DE:002C  HL:00C0  AF:2E16  SP:7FED  PC:0CAC
0CAD  CD B9 0C  CALL 0CB9   (3)  BC:0000  DE:002C  HL:00C0  AF:2E16  SP:7FED  PC:0CAD
0CB0  23        INX H       (3)  BC:0000  DE:002C  HL:00C0  AF:2E16  SP:7FED  PC:0CB0
0CB1  C3 A6 0C  JMP 0CA6    (3)  BC:0000  DE:002C  HL:00C1  AF:2E16  SP:7FED  PC:0CB1
0CA6  7E        MOV A,M     (3)  BC:0000  DE:002C  HL:00C1  AF:2E16  SP:7FED  PC:0CA6
0CA7  FE 24     CPI 24      (3)  BC:0000  DE:002C  HL:00C1  AF:2E16  SP:7FED  PC:0CA7
0CA9  CA B4 0C  JZ 0CB4     (3)  BC:0000  DE:002C  HL:00C1  AF:2E16  SP:7FED  PC:0CA9
0CAC  7E        MOV A,M     (3)  BC:0000  DE:002C  HL:00C1  AF:2E16  SP:7FED  PC:0CAC
0CAD  CD B9 0C  CALL 0CB9   (3)  BC:0000  DE:002C  HL:00C1  AF:2E16  SP:7FED  PC:0CAD
0CB0  23        INX H       (3)  BC:0000  DE:002C  HL:00C1  AF:2E16  SP:7FED  PC:0CB0
0CB1  C3 A6 0C  JMP 0CA6    (3)  BC:0000  DE:002C  HL:00C2  AF:2E16  SP:7FED  PC:0CB1
0CA6  7E        MOV A,M     (3)  BC:0000  DE:002C  HL:00C2  AF:2E16  SP:7FED  PC:0CA6
0CA7  FE 24     CPI 24      (3)  BC:0000  DE:002C  HL:00C2  AF:2E16  SP:7FED  PC:0CA7
0CA9  CA B4 0C  JZ 0CB4     (3)  BC:0000  DE:002C  HL:00C2  AF:2E16  SP:7FED  PC:0CA9
0CAC  7E        MOV A,M     (3)  BC:0000  DE:002C  HL:00C2  AF:2E16  SP:7FED  PC:0CAC
0CAD  CD B9 0C  CALL 0CB9   (3)  BC:0000  DE:002C  HL:00C2  AF:2E16  SP:7FED  PC:0CAD
0CB0  23        INX H       (3)  BC:0000  DE:002C  HL:00C2  AF:2E16  SP:7FED  PC:0CB0
0CB1  C3 A6 0C  JMP 0CA6    (3)  BC:0000  DE:002C  HL:00C3  AF:2E16  SP:7FED  PC:0CB1
0CA6  7E        MOV A,M     (3)  BC:0000  DE:002C  HL:00C3  AF:2E16  SP:7FED  PC:0CA6
0CA7  FE 24     CPI 24      (3)  BC:0000  DE:002C  HL:00C3  AF:2E16  SP:7FED  PC:0CA7
0CA9  CA B4 0C  JZ 0CB4     (3)  BC:0000  DE:002C  HL:00C3  AF:2E16  SP:7FED  PC:0CA9
0CAC  7E        MOV A,M     (3)  BC:0000  DE:002C  HL:00C3  AF:2E16  SP:7FED  PC:0CAC
0CAD  CD B9 0C  CALL 0CB9   (3)  BC:0000  DE:002C  HL:00C3  AF:2E16  SP:7FED  PC:0CAD
0CB0  23        INX H       (3)  BC:0000  DE:002C  HL:00C3  AF:2E16  SP:7FED  PC:0CB0
0CB1  C3 A6 0C  JMP 0CA6    (3)  BC:0000  DE:002C  HL:00C4  AF:2E16  SP:7FED  PC:0CB1
0CA6  7E        MOV A,M     (3)  BC:0000  DE:002C  HL:00C4  AF:2E16  SP:7FED  PC:0CA6
0CA7  FE 24     CPI 24      (3)  BC:0000  DE:002C  HL:00C4  AF:2416  SP:7FED  PC:0CA7
0CA9  CA B4 0C  JZ 0CB4     (3)  BC:0000  DE:002C  HL:00C4  AF:2456  SP:7FED  PC:0CA9
0CB4  F1        POP PSW     (3)  BC:0000  DE:002C  HL:00C4  AF:2456  SP:7FED  PC:0CB4
0CB5  E1        POP H       (3)  BC:0000  DE:002C  HL:00C4  AF:0046  SP:7FEF  PC:0CB5
0CB6  D1        POP D       (3)  BC:0000  DE:002C  HL:002C  AF:0046  SP:7FF1  PC:0CB6
0CB7  C1        POP B       (3)  BC:0000  DE:00A7  HL:002C  AF:0046  SP:7FF3  PC:0CB7
0CB8  C9        RET         (3)  BC:0000  DE:00A7  HL:002C  AF:0046  SP:7FF5  PC:0CB8
09FD  CD A7 0D  CALL 0DA7   (2)  BC:0000  DE:00A7  HL:002C  AF:0046  SP:7FF7  PC:09FD
0DA7  F5        PUSH PSW    (3)  BC:0000  DE:00A7  HL:002C  AF:0046  SP:7FF5  PC:0DA7
0DA8  C5        PUSH B      (3)  BC:0000  DE:00A7  HL:002C  AF:0046  SP:7FF3  PC:0DA8
0DA9  E5        PUSH H      (3)  BC:0000  DE:00A7  HL:002C  AF:0046  SP:7FF1  PC:0DA9
0DAA  21 BB 0D  LXI H,0DBB  (3)  BC:0000  DE:00A7  HL:002C  AF:0046  SP:7FEF  PC:0DAA
0DAD  3E FF     MVI A,FF    (3)  BC:0000  DE:00A7  HL:0DBB  AF:0046  SP:7FEF  PC:0DAD
0DAF  06 04     MVI B,04    (3)  BC:0000  DE:00A7  HL:0DBB  AF:FF46  SP:7FEF  PC:0DAF
0DB1  77        MOV M,A     (3)  BC:0400  DE:00A7  HL:0DBB  AF:FF46  SP:7FEF  PC:0DB1
0DB2  23        INX H       (3)  BC:0400  DE:00A7  HL:0DBB  AF:FF46  SP:7FEF  PC:0DB2
0DB3  05        DCR B       (3)  BC:0400  DE:00A7  HL:0DBC  AF:FF46  SP:7FEF  PC:0DB3
0DB4  C2 B1 0D  JNZ 0DB1    (3)  BC:0300  DE:00A7  HL:0DBC  AF:FF16  SP:7FEF  PC:0DB4
0DB1  77        MOV M,A     (3)  BC:0300  DE:00A7  HL:0DBC  AF:FF16  SP:7FEF  PC:0DB1
0DB2  23        INX H       (3)  BC:0300  DE:00A7  HL:0DBC  AF:FF16  SP:7FEF  PC:0DB2
0DB3  05        DCR B       (3)  BC:0300  DE:00A7  HL:0DBD  AF:FF16  SP:7FEF  PC:0DB3
0DB4  C2 B1 0D  JNZ 0DB1    (3)  BC:0200  DE:00A7  HL:0DBD  AF:FF12  SP:7FEF  PC:0DB4
0DB1  77        MOV M,A     (3)  BC:0200  DE:00A7  HL:0DBD  AF:FF12  SP:7FEF  PC:0DB1
0DB2  23        INX H       (3)  BC:0200  DE:00A7  HL:0DBD  AF:FF12  SP:7FEF  PC:0DB2
0DB3  05        DCR B       (3)  BC:0200  DE:00A7  HL:0DBE  AF:FF12  SP:7FEF  PC:0DB3
0DB4  C2 B1 0D  JNZ 0DB1    (3)  BC:0100  DE:00A7  HL:0DBE  AF:FF12  SP:7FEF  PC:0DB4
0DB1  77        MOV M,A     (3)  BC:0100  DE:00A7  HL:0DBE  AF:FF12  SP:7FEF  PC:0DB1
0DB2  23        INX H       (3)  BC:0100  DE:00A7  HL:0DBE  AF:FF12  SP:7FEF  PC:0DB2
0DB3  05        DCR B       (3)  BC:0100  DE:00A7  HL:0DBF  AF:FF12  SP:7FEF  PC:0DB3
0DB4  C2 B1 0D  JNZ 0DB1    (3)  BC:0000  DE:00A7  HL:0DBF  AF:FF56  SP:7FEF  PC:0DB4
0DB7  E1        POP H       (3)  BC:0000  DE:00A7  HL:0DBF  AF:FF56  SP:7FEF  PC:0DB7
0DB8  C1        POP B       (3)  BC:0000  DE:00A7  HL:002C  AF:FF56  SP:7FF1  PC:0DB8
0DB9  F1        POP PSW     (3)  BC:0000  DE:00A7  HL:002C  AF:FF56  SP:7FF3  PC:0DB9
0DBA  C9        RET         (3)  BC:0000  DE:00A7  HL:002C  AF:0046  SP:7FF5  PC:0DBA
0A00  3A 24 0C  LDA 0C24    (2)  BC:0000  DE:00A7  HL:002C  AF:0046  SP:7FF7  PC:0A00
0A03  FE 76     CPI 76      (2)  BC:0000  DE:00A7  HL:002C  AF:0946  SP:7FF7  PC:0A03
0A05  CA 17 0A  JZ 0A17     (2)  BC:0000  DE:00A7  HL:002C  AF:0997  SP:7FF7  PC:0A05
0A08  E6 DF     ANI DF      (2)  BC:0000  DE:00A7  HL:002C  AF:0997  SP:7FF7  PC:0A08
0A0A  FE DD     CPI DD      (2)  BC:0000  DE:00A7  HL:002C  AF:0916  SP:7FF7  PC:0A0A
0A0C  C2 14 0A  JNZ 0A14    (2)  BC:0000  DE:00A7  HL:002C  AF:0903  SP:7FF7  PC:0A0C
0A14  C4 05 0C  CNZ 0C05    (2)  BC:0000  DE:00A7  HL:002C  AF:0903  SP:7FF7  PC:0A14
0C05  F5        PUSH PSW    (3)  BC:0000  DE:00A7  HL:002C  AF:0903  SP:7FF5  PC:0C05
0C06  C5        PUSH B      (3)  BC:0000  DE:00A7  HL:002C  AF:0903  SP:7FF3  PC:0C06
0C07  D5        PUSH D      (3)  BC:0000  DE:00A7  HL:002C  AF:0903  SP:7FF1  PC:0C07
0C08  E5        PUSH H      (3)  BC:0000  DE:00A7  HL:002C  AF:0903  SP:7FEF  PC:0C08
0C09  F3        DI          (3)  BC:0000  DE:00A7  HL:002C  AF:0903  SP:7FED  PC:0C09
0C0A  21 00 00  LXI H,0000  (3)  BC:0000  DE:00A7  HL:002C  AF:0903  SP:7FED  PC:0C0A
0C0D  39        DAD SP      (3)  BC:0000  DE:00A7  HL:0000  AF:0903  SP:7FED  PC:0C0D
0C0E  22 80 0C  SHLD 0C80   (3)  BC:0000  DE:00A7  HL:7FED  AF:0902  SP:7FED  PC:0C0E
0C11  31 05 00  LXI SP,0005 (3)  BC:0000  DE:00A7  HL:7FED  AF:0902  SP:7FED  PC:0C11
0C14  E1        POP H       (3)  BC:0000  DE:00A7  HL:7FED  AF:0902  SP:0005  PC:0C14
0C15  E1        POP H       (3)  BC:0000  DE:00A7  HL:C4C7  AF:0902  SP:0007  PC:0C15
0C16  E1        POP H       (3)  BC:0000  DE:00A7  HL:D226  AF:0902  SP:0009  PC:0C16
0C17  D1        POP D       (3)  BC:0000  DE:00A7  HL:A050  AF:0902  SP:000B  PC:0C17
0C18  C1        POP B       (3)  BC:0000  DE:58EA  HL:A050  AF:0902  SP:000D  PC:0C18
0C19  F1        POP PSW     (3)  BC:8566  DE:58EA  HL:A050  AF:0902  SP:000F  PC:0C19
0C1A  22 6E 0C  SHLD 0C6E   (3)  BC:8566  DE:58EA  HL:A050  AF:DEC6  SP:0011  PC:0C1A
0C1D  2A 11 00  LHLD 0011   (3)  BC:8566  DE:58EA  HL:A050  AF:DEC6  SP:0011  PC:0C1D
0C20  F9        SPHL        (3)  BC:8566  DE:58EA  HL:9BC9  AF:DEC6  SP:0011  PC:0C20
0C21  2A 6E 0C  LHLD 0C6E   (3)  BC:8566  DE:58EA  HL:9BC9  AF:DEC6  SP:9BC9  PC:0C21
0C24  09        DAD B       (3)  BC:8566  DE:58EA  HL:A050  AF:DEC6  SP:9BC9  PC:0C24
0C25  00        NOP         (3)  BC:8566  DE:58EA  HL:25B6  AF:DEC7  SP:9BC9  PC:0C25
0C26  00        NOP         (3)  BC:8566  DE:58EA  HL:25B6  AF:DEC7  SP:9BC9  PC:0C26
0C27  00        NOP         (3)  BC:8566  DE:58EA  HL:25B6  AF:DEC7  SP:9BC9  PC:0C27
0C28  22 6E 0C  SHLD 0C6E   (3)  BC:8566  DE:58EA  HL:25B6  AF:DEC7  SP:9BC9  PC:0C28
0C2B  21 00 00  LXI H,0000  (3)  BC:8566  DE:58EA  HL:25B6  AF:DEC7  SP:9BC9  PC:0C2B
0C2E  DA 35 0C  JC 0C35     (3)  BC:8566  DE:58EA  HL:0000  AF:DEC7  SP:9BC9  PC:0C2E
0C35  39        DAD SP      (3)  BC:8566  DE:58EA  HL:0000  AF:DEC7  SP:9BC9  PC:0C35
0C36  37        STC         (3)  BC:8566  DE:58EA  HL:9BC9  AF:DEC6  SP:9BC9  PC:0C36
0C37  22 7E 0C  SHLD 0C7E   (3)  BC:8566  DE:58EA  HL:9BC9  AF:DEC7  SP:9BC9  PC:0C37
0C3A  2A 6E 0C  LHLD 0C6E   (3)  BC:8566  DE:58EA  HL:9BC9  AF:DEC7  SP:9BC9  PC:0C3A
0C3D  31 7E 0C  LXI SP,0C7E (3)  BC:8566  DE:58EA  HL:25B6  AF:DEC7  SP:9BC9  PC:0C3D
0C40  F5        PUSH PSW    (3)  BC:8566  DE:58EA  HL:25B6  AF:DEC7  SP:0C7E  PC:0C40
0C41  C5        PUSH B      (3)  BC:8566  DE:58EA  HL:25B6  AF:DEC7  SP:0C7C  PC:0C41
0C42  D5        PUSH D      (3)  BC:8566  DE:58EA  HL:25B6  AF:DEC7  SP:0C7A  PC:0C42
0C43  E5        PUSH H      (3)  BC:8566  DE:58EA  HL:25B6  AF:DEC7  SP:0C78  PC:0C43
0C44  E5        PUSH H      (3)  BC:8566  DE:58EA  HL:25B6  AF:DEC7  SP:0C76  PC:0C44
0C45  E5        PUSH H      (3)  BC:8566  DE:58EA  HL:25B6  AF:DEC7  SP:0C74  PC:0C45
0C46  2A 80 0C  LHLD 0C80   (3)  BC:8566  DE:58EA  HL:25B6  AF:DEC7  SP:0C72  PC:0C46
0C49  F9        SPHL        (3)  BC:8566  DE:58EA  HL:7FED  AF:DEC7  SP:0C72  PC:0C49
0C4A  FB        EI          (3)  BC:8566  DE:58EA  HL:7FED  AF:DEC7  SP:7FED  PC:0C4A
0C4B  2A 03 00  LHLD 0003   (3)  BC:8566  DE:58EA  HL:7FED  AF:DEC7  SP:7FED  PC:0C4B
0C4E  22 70 0C  SHLD 0C70   (3)  BC:8566  DE:58EA  HL:C4A5  AF:DEC7  SP:7FED  PC:0C4E
0C51  21 7C 0C  LXI H,0C7C  (3)  BC:8566  DE:58EA  HL:C4A5  AF:DEC7  SP:7FED  PC:0C51
0C54  7E        MOV A,M     (3)  BC:8566  DE:58EA  HL:0C7C  AF:DEC7  SP:7FED  PC:0C54
0C55  E6 FF     ANI FF      (3)  BC:8566  DE:58EA  HL:0C7C  AF:C7C7  SP:7FED  PC:0C55
0C57  77        MOV M,A     (3)  BC:8566  DE:58EA  HL:0C7C  AF:C792  SP:7FED  PC:0C57
0C58  06 10     MVI B,10    (3)  BC:8566  DE:58EA  HL:0C7C  AF:C792  SP:7FED  PC:0C58
0C5A  11 70 0C  LXI D,0C70  (3)  BC:1066  DE:58EA  HL:0C7C  AF:C792  SP:7FED  PC:0C5A
0C5D  21 BB 0D  LXI H,0DBB  (3)  BC:1066  DE:0C70  HL:0C7C  AF:C792  SP:7FED  PC:0C5D
0C60  1A        LDAX D      (3)  BC:1066  DE:0C70  HL:0DBB  AF:C792  SP:7FED  PC:0C60
0C61  13        INX D       (3)  BC:1066  DE:0C70  HL:0DBB  AF:A592  SP:7FED  PC:0C61
0C62  CD 7F 0D  CALL 0D7F   (3)  BC:1066  DE:0C71  HL:0DBB  AF:A592  SP:7FED  PC:0C62
0C65  05        DCR B       (3)  BC:1066  DE:0C71  HL:0DBB  AF:A592  SP:7FED  PC:0C65
0C66  C2 60 0C  JNZ 0C60    (3)  BC:0F66  DE:0C71  HL:0DBB  AF:A506  SP:7FED  PC:0C66
0C60  1A        LDAX D      (3)  BC:0F66  DE:0C71  HL:0DBB  AF:A506  SP:7FED  PC:0C60
0C61  13        INX D       (3)  BC:0F66  DE:0C71  HL:0DBB  AF:C406  SP:7FED  PC:0C61
0C62  CD 7F 0D  CALL 0D7F   (3)  BC:0F66  DE:0C72  HL:0DBB  AF:C406  SP:7FED  PC:0C62
0C65  05        DCR B       (3)  BC:0F66  DE:0C72  HL:0DBB  AF:C406  SP:7FED  PC:0C65
0C66  C2 60 0C  JNZ 0C60    (3)  BC:0E66  DE:0C72  HL:0DBB  AF:C412  SP:7FED  PC:0C66
0C60  1A        LDAX D      (3)  BC:0E66  DE:0C72  HL:0DBB  AF:C412  SP:7FED  PC:0C60
0C61  13        INX D       (3)  BC:0E66  DE:0C72  HL:0DBB  AF:B612  SP:7FED  PC:0C61
0C62  CD 7F 0D  CALL 0D7F   (3)  BC:0E66  DE:0C73  HL:0DBB  AF:B612  SP:7FED  PC:0C62
0C65  05        DCR B       (3)  BC:0E66  DE:0C73  HL:0DBB  AF:B612  SP:7FED  PC:0C65
0C66  C2 60 0C  JNZ 0C60    (3)  BC:0D66  DE:0C73  HL:0DBB  AF:B612  SP:7FED  PC:0C66
0C60  1A        LDAX D      (3)  BC:0D66  DE:0C73  HL:0DBB  AF:B612  SP:7FED  PC:0C60
0C61  13        INX D       (3)  BC:0D66  DE:0C73  HL:0DBB  AF:2512  SP:7FED  PC:0C61
0C62  CD 7F 0D  CALL 0D7F   (3)  BC:0D66  DE:0C74  HL:0DBB  AF:2512  SP:7FED  PC:0C62
0C65  05        DCR B       (3)  BC:0D66  DE:0C74  HL:0DBB  AF:2512  SP:7FED  PC:0C65
0C66  C2 60 0C  JNZ 0C60    (3)  BC:0C66  DE:0C74  HL:0DBB  AF:2516  SP:7FED  PC:0C66
0C60  1A        LDAX D      (3)  BC:0C66  DE:0C74  HL:0DBB  AF:2516  SP:7FED  PC:0C60
0C61  13        INX D       (3)  BC:0C66  DE:0C74  HL:0DBB  AF:B616  SP:7FED  PC:0C61
0C62  CD 7F 0D  CALL 0D7F   (3)  BC:0C66  DE:0C75  HL:0DBB  AF:B616  SP:7FED  PC:0C62
0C65  05        DCR B       (3)  BC:0C66  DE:0C75  HL:0DBB  AF:B616  SP:7FED  PC:0C65
0C66  C2 60 0C  JNZ 0C60    (3)  BC:0B66  DE:0C75  HL:0DBB  AF:B612  SP:7FED  PC:0C66
0C60  1A        LDAX D      (3)  BC:0B66  DE:0C75  HL:0DBB  AF:B612  SP:7FED  PC:0C60
0C61  13        INX D       (3)  BC:0B66  DE:0C75  HL:0DBB  AF:2512  SP:7FED  PC:0C61
0C62  CD 7F 0D  CALL 0D7F   (3)  BC:0B66  DE:0C76  HL:0DBB  AF:2512  SP:7FED  PC:0C62
0C65  05        DCR B       (3)  BC:0B66  DE:0C76  HL:0DBB  AF:2512  SP:7FED  PC:0C65
0C66  C2 60 0C  JNZ 0C60    (3)  BC:0A66  DE:0C76  HL:0DBB  AF:2516  SP:7FED  PC:0C66
0C60  1A        LDAX D      (3)  BC:0A66  DE:0C76  HL:0DBB  AF:2516  SP:7FED  PC:0C60
0C61  13        INX D       (3)  BC:0A66  DE:0C76  HL:0DBB  AF:B616  SP:7FED  PC:0C61
0C62  CD 7F 0D  CALL 0D7F   (3)  BC:0A66  DE:0C77  HL:0DBB  AF:B616  SP:7FED  PC:0C62
0C65  05        DCR B       (3)  BC:0A66  DE:0C77  HL:0DBB  AF:B616  SP:7FED  PC:0C65
0C66  C2 60 0C  JNZ 0C60    (3)  BC:0966  DE:0C77  HL:0DBB  AF:B616  SP:7FED  PC:0C66
0C60  1A        LDAX D      (3)  BC:0966  DE:0C77  HL:0DBB  AF:B616  SP:7FED  PC:0C60
0C61  13        INX D       (3)  BC:0966  DE:0C77  HL:0DBB  AF:2516  SP:7FED  PC:0C61
0C62  CD 7F 0D  CALL 0D7F   (3)  BC:0966  DE:0C78  HL:0DBB  AF:2516  SP:7FED  PC:0C62
0C65  05        DCR B       (3)  BC:0966  DE:0C78  HL:0DBB  AF:2516  SP:7FED  PC:0C65
0C66  C2 60 0C  JNZ 0C60    (3)  BC:0866  DE:0C78  HL:0DBB  AF:2512  SP:7FED  PC:0C66
0C60  1A        LDAX D      (3)  BC:0866  DE:0C78  HL:0DBB  AF:2512  SP:7FED  PC:0C60
0C61  13        INX D       (3)  BC:0866  DE:0C78  HL:0DBB  AF:EA12  SP:7FED  PC:0C61
0C62  CD 7F 0D  CALL 0D7F   (3)  BC:0866  DE:0C79  HL:0DBB  AF:EA12  SP:7FED  PC:0C62
0C65  05        DCR B       (3)  BC:0866  DE:0C79  HL:0DBB  AF:EA12  SP:7FED  PC:0C65
0C66  C2 60 0C  JNZ 0C60    (3)  BC:0766  DE:0C79  HL:0DBB  AF:EA12  SP:7FED  PC:0C66
0C60  1A        LDAX D      (3)  BC:0766  DE:0C79  HL:0DBB  AF:EA12  SP:7FED  PC:0C60
0C61  13        INX D       (3)  BC:0766  DE:0C79  HL:0DBB  AF:5812  SP:7FED  PC:0C61
0C62  CD 7F 0D  CALL 0D7F   (3)  BC:0766  DE:0C7A  HL:0DBB  AF:5812  SP:7FED  PC:0C62
0C65  05        DCR B       (3)  BC:0766  DE:0C7A  HL:0DBB  AF:5812  SP:7FED  PC:0C65
0C66  C2 60 0C  JNZ 0C60    (3)  BC:0666  DE:0C7A  HL:0DBB  AF:5816  SP:7FED  PC:0C66
0C60  1A        LDAX D      (3)  BC:0666  DE:0C7A  HL:0DBB  AF:5816  SP:7FED  PC:0C60
0C61  13        INX D       (3)  BC:0666  DE:0C7A  HL:0DBB  AF:6616  SP:7FED  PC:0C61
0C62  CD 7F 0D  CALL 0D7F   (3)  BC:0666  DE:0C7B  HL:0DBB  AF:6616  SP:7FED  PC:0C62
0C65  05        DCR B       (3)  BC:0666  DE:0C7B  HL:0DBB  AF:6616  SP:7FED  PC:0C65
0C66  C2 60 0C  JNZ 0C60    (3)  BC:0566  DE:0C7B  HL:0DBB  AF:6616  SP:7FED  PC:0C66
0C60  1A        LDAX D      (3)  BC:0566  DE:0C7B  HL:0DBB  AF:6616  SP:7FED  PC:0C60
0C61  13        INX D       (3)  BC:0566  DE:0C7B  HL:0DBB  AF:8516  SP:7FED  PC:0C61
0C62  CD 7F 0D  CALL 0D7F   (3)  BC:0566  DE:0C7C  HL:0DBB  AF:8516  SP:7FED  PC:0C62
0C65  05        DCR B       (3)  BC:0566  DE:0C7C  HL:0DBB  AF:8516  SP:7FED  PC:0C65
0C66  C2 60 0C  JNZ 0C60    (3)  BC:0466  DE:0C7C  HL:0DBB  AF:8512  SP:7FED  PC:0C66
0C60  1A        LDAX D      (3)  BC:0466  DE:0C7C  HL:0DBB  AF:8512  SP:7FED  PC:0C60
0C61  13        INX D       (3)  BC:0466  DE:0C7C  HL:0DBB  AF:C712  SP:7FED  PC:0C61
0C62  CD 7F 0D  CALL 0D7F   (3)  BC:0466  DE:0C7D  HL:0DBB  AF:C712  SP:7FED  PC:0C62
0C65  05        DCR B       (3)  BC:0466  DE:0C7D  HL:0DBB  AF:C712  SP:7FED  PC:0C65
0C66  C2 60 0C  JNZ 0C60    (3)  BC:0366  DE:0C7D  HL:0DBB  AF:C716  SP:7FED  PC:0C66
0C60  1A        LDAX D      (3)  BC:0366  DE:0C7D  HL:0DBB  AF:C716  SP:7FED  PC:0C60
0C61  13        INX D       (3)  BC:0366  DE:0C7D  HL:0DBB  AF:DE16  SP:7FED  PC:0C61
0C62  CD 7F 0D  CALL 0D7F   (3)  BC:0366  DE:0C7E  HL:0DBB  AF:DE16  SP:7FED  PC:0C62
0C65  05        DCR B       (3)  BC:0366  DE:0C7E  HL:0DBB  AF:DE16  SP:7FED  PC:0C65
0C66  C2 60 0C  JNZ 0C60    (3)  BC:0266  DE:0C7E  HL:0DBB  AF:DE12  SP:7FED  PC:0C66
0C60  1A        LDAX D      (3)  BC:0266  DE:0C7E  HL:0DBB  AF:DE12  SP:7FED  PC:0C60
0C61  13        INX D       (3)  BC:0266  DE:0C7E  HL:0DBB  AF:C912  SP:7FED  PC:0C61
0C62  CD 7F 0D  CALL 0D7F   (3)  BC:0266  DE:0C7F  HL:0DBB  AF:C912  SP:7FED  PC:0C62
0C65  05        DCR B       (3)  BC:0266  DE:0C7F  HL:0DBB  AF:C912  SP:7FED  PC:0C65
0C66  C2 60 0C  JNZ 0C60    (3)  BC:0166  DE:0C7F  HL:0DBB  AF:C912  SP:7FED  PC:0C66
0C60  1A        LDAX D      (3)  BC:0166  DE:0C7F  HL:0DBB  AF:C912  SP:7FED  PC:0C60
0C61  13        INX D       (3)  BC:0166  DE:0C7F  HL:0DBB  AF:9B12  SP:7FED  PC:0C61
0C62  CD 7F 0D  CALL 0D7F   (3)  BC:0166  DE:0C80  HL:0DBB  AF:9B12  SP:7FED  PC:0C62
0C65  05        DCR B       (3)  BC:0166  DE:0C80  HL:0DBB  AF:9B12  SP:7FED  PC:0C65
0C66  C2 60 0C  JNZ 0C60    (3)  BC:0066  DE:0C80  HL:0DBB  AF:9B56  SP:7FED  PC:0C66
0C69  E1        POP H       (3)  BC:0066  DE:0C80  HL:0DBB  AF:9B56  SP:7FED  PC:0C69
0C6A  D1        POP D       (3)  BC:0066  DE:0C80  HL:002C  AF:9B56  SP:7FEF  PC:0C6A
0C6B  C1        POP B       (3)  BC:0066  DE:00A7  HL:002C  AF:9B56  SP:7FF1  PC:0C6B
0C6C  F1        POP PSW     (3)  BC:0000  DE:00A7  HL:002C  AF:9B56  SP:7FF3  PC:0C6C
0C6D  C9        RET         (3)  BC:0000  DE:00A7  HL:002C  AF:0903  SP:7FF5  PC:0C6D
0A17  CD 64 0B  CALL 0B64   (2)  BC:0000  DE:00A7  HL:002C  AF:0903  SP:7FF7  PC:0A17
0B64  C5        PUSH B      (3)  BC:0000  DE:00A7  HL:002C  AF:0903  SP:7FF5  PC:0B64
0B65  D5        PUSH D      (3)  BC:0000  DE:00A7  HL:002C  AF:0903  SP:7FF3  PC:0B65
0B66  E5        PUSH H      (3)  BC:0000  DE:00A7  HL:002C  AF:0903  SP:7FF1  PC:0B66
0B67  21 B5 0B  LXI H,0BB5  (3)  BC:0000  DE:00A7  HL:002C  AF:0903  SP:7FEF  PC:0B67
0B6A  11 14 00  LXI D,0014  (3)  BC:0000  DE:00A7  HL:0BB5  AF:0903  SP:7FEF  PC:0B6A
0B6D  EB        XCHG        (3)  BC:0000  DE:0014  HL:0BB5  AF:0903  SP:7FEF  PC:0B6D
0B6E  19        DAD D       (3)  BC:0000  DE:0BB5  HL:0014  AF:0903  SP:7FEF  PC:0B6E
0B6F  EB        XCHG        (3)  BC:0000  DE:0BB5  HL:0BC9  AF:0902  SP:7FEF  PC:0B6F
0B70  34        INR M       (3)  BC:0000  DE:0BC9  HL:0BB5  AF:0902  SP:7FEF  PC:0B70
0B71  7E        MOV A,M     (3)  BC:0000  DE:0BC9  HL:0BB5  AF:0902  SP:7FEF  PC:0B71
0B72  FE 00     CPI 00      (3)  BC:0000  DE:0BC9  HL:0BB5  AF:0102  SP:7FEF  PC:0B72
0B74  CA 83 0B  JZ 0B83     (3)  BC:0000  DE:0BC9  HL:0BB5  AF:0112  SP:7FEF  PC:0B74
0B77  47        MOV B,A     (3)  BC:0000  DE:0BC9  HL:0BB5  AF:0112  SP:7FEF  PC:0B77
0B78  1A        LDAX D      (3)  BC:0100  DE:0BC9  HL:0BB5  AF:0112  SP:7FEF  PC:0B78
0B79  A0        ANA B       (3)  BC:0100  DE:0BC9  HL:0BB5  AF:0012  SP:7FEF  PC:0B79
0B7A  CA 7F 0B  JZ 0B7F     (3)  BC:0100  DE:0BC9  HL:0BB5  AF:0046  SP:7FEF  PC:0B7A
0B7F  C1        POP B       (3)  BC:0100  DE:0BC9  HL:0BB5  AF:0046  SP:7FEF  PC:0B7F
0B80  D1        POP D       (3)  BC:002C  DE:0BC9  HL:0BB5  AF:0046  SP:7FF1  PC:0B80
0B81  E1        POP H       (3)  BC:002C  DE:00A7  HL:0BB5  AF:0046  SP:7FF3  PC:0B81
0B82  C9        RET         (3)  BC:002C  DE:00A7  HL:0000  AF:0046  SP:7FF5  PC:0B82
0A1A  C4 88 0B  CNZ 0B88    (2)  BC:002C  DE:00A7  HL:0000  AF:0046  SP:7FF7  PC:0A1A
0A1D  E1        POP H       (2)  BC:002C  DE:00A7  HL:0000  AF:0046  SP:7FF7  PC:0A1D
0A1E  CA 4D 0A  JZ 0A4D     (2)  BC:002C  DE:00A7  HL:0067  AF:0046  SP:7FF9  PC:0A1E
0A4D  E5        PUSH H      (2)  BC:002C  DE:00A7  HL:0067  AF:0046  SP:7FF9  PC:0A4D
0A4E  3E 01     MVI A,01    (2)  BC:002C  DE:00A7  HL:0067  AF:0046  SP:7FF7  PC:0A4E
0A50  32 C3 0A  STA 0AC3    (2)  BC:002C  DE:00A7  HL:0067  AF:0146  SP:7FF7  PC:0A50
0A53  32 E7 0A  STA 0AE7    (2)  BC:002C  DE:00A7  HL:0067  AF:0146  SP:7FF7  PC:0A53
0A56  21 B5 0B  LXI H,0BB5  (2)  BC:002C  DE:00A7  HL:0067  AF:0146  SP:7FF7  PC:0A56
0A59  22 C4 0A  SHLD 0AC4   (2)  BC:002C  DE:00A7  HL:0BB5  AF:0146  SP:7FF7  PC:0A59
0A5C  21 DD 0B  LXI H,0BDD  (2)  BC:002C  DE:00A7  HL:0BB5  AF:0146  SP:7FF7  PC:0A5C
0A5F  22 E8 0A  SHLD 0AE8   (2)  BC:002C  DE:00A7  HL:0BDD  AF:0146  SP:7FF7  PC:0A5F
0A62  06 04     MVI B,04    (2)  BC:002C  DE:00A7  HL:0BDD  AF:0146  SP:7FF7  PC:0A62
0A64  E1        POP H       (2)  BC:042C  DE:00A7  HL:0BDD  AF:0146  SP:7FF7  PC:0A64
0A65  E5        PUSH H      (2)  BC:042C  DE:00A7  HL:0067  AF:0146  SP:7FF9  PC:0A65
0A66  11 24 0C  LXI D,0C24  (2)  BC:042C  DE:00A7  HL:0067  AF:0146  SP:7FF7  PC:0A66
0A69  CD 77 0A  CALL 0A77   (2)  BC:042C  DE:0C24  HL:0067  AF:0146  SP:7FF7  PC:0A69
0A77  CD 80 0A  CALL 0A80   (3)  BC:042C  DE:0C24  HL:0067  AF:0146  SP:7FF5  PC:0A77
0A7A  23        INX H       (3)  BC:042C  DE:0C25  HL:0067  AF:1956  SP:7FF5  PC:0A7A
0A7B  05        DCR B       (3)  BC:042C  DE:0C25  HL:0068  AF:1956  SP:7FF5  PC:0A7B
0A7C  C2 77 0A  JNZ 0A77    (3)  BC:032C  DE:0C25  HL:0068  AF:1916  SP:7FF5  PC:0A7C
0A77  CD 80 0A  CALL 0A80   (3)  BC:032C  DE:0C25  HL:0068  AF:1916  SP:7FF5  PC:0A77
0A7A  23        INX H       (3)  BC:032C  DE:0C26  HL:0068  AF:0056  SP:7FF5  PC:0A7A
0A7B  05        DCR B       (3)  BC:032C  DE:0C26  HL:0069  AF:0056  SP:7FF5  PC:0A7B
0A7C  C2 77 0A  JNZ 0A77    (3)  BC:022C  DE:0C26  HL:0069  AF:0012  SP:7FF5  PC:0A7C
0A77  CD 80 0A  CALL 0A80   (3)  BC:022C  DE:0C26  HL:0069  AF:0012  SP:7FF5  PC:0A77
0A7A  23        INX H       (3)  BC:022C  DE:0C27  HL:0069  AF:0056  SP:7FF5  PC:0A7A
0A7B  05        DCR B       (3)  BC:022C  DE:0C27  HL:006A  AF:0056  SP:7FF5  PC:0A7B
0A7C  C2 77 0A  JNZ 0A77    (3)  BC:012C  DE:0C27  HL:006A  AF:0012  SP:7FF5  PC:0A7C
0A77  CD 80 0A  CALL 0A80   (3)  BC:012C  DE:0C27  HL:006A  AF:0012  SP:7FF5  PC:0A77
0A7A  23        INX H       (3)  BC:012C  DE:0C28  HL:006A  AF:0056  SP:7FF5  PC:0A7A
0A7B  05        DCR B       (3)  BC:012C  DE:0C28  HL:006B  AF:0056  SP:7FF5  PC:0A7B
0A7C  C2 77 0A  JNZ 0A77    (3)  BC:002C  DE:0C28  HL:006B  AF:0056  SP:7FF5  PC:0A7C
0A7F  C9        RET         (3)  BC:002C  DE:0C28  HL:006B  AF:0056  SP:7FF5  PC:0A7F
0A6C  06 10     MVI B,10    (2)  BC:002C  DE:0C28  HL:006B  AF:0056  SP:7FF7  PC:0A6C
0A6E  11 03 00  LXI D,0003  (2)  BC:102C  DE:0C28  HL:006B  AF:0056  SP:7FF7  PC:0A6E
0A71  CD 77 0A  CALL 0A77   (2)  BC:102C  DE:0003  HL:006B  AF:0056  SP:7FF7  PC:0A71
0A77  CD 80 0A  CALL 0A80   (3)  BC:102C  DE:0003  HL:006B  AF:0056  SP:7FF5  PC:0A77
0A7A  23        INX H       (3)  BC:102C  DE:0004  HL:006B  AF:A556  SP:7FF5  PC:0A7A
0A7B  05        DCR B       (3)  BC:102C  DE:0004  HL:006C  AF:A556  SP:7FF5  PC:0A7B
0A7C  C2 77 0A  JNZ 0A77    (3)  BC:0F2C  DE:0004  HL:006C  AF:A506  SP:7FF5  PC:0A7C
0A77  CD 80 0A  CALL 0A80   (3)  BC:0F2C  DE:0004  HL:006C  AF:A506  SP:7FF5  PC:0A77
0A7A  23        INX H       (3)  BC:0F2C  DE:0005  HL:006C  AF:C456  SP:7FF5  PC:0A7A
0A7B  05        DCR B       (3)  BC:0F2C  DE:0005  HL:006D  AF:C456  SP:7FF5  PC:0A7B
0A7C  C2 77 0A  JNZ 0A77    (3)  BC:0E2C  DE:0005  HL:006D  AF:C412  SP:7FF5  PC:0A7C
0A77  CD 80 0A  CALL 0A80   (3)  BC:0E2C  DE:0005  HL:006D  AF:C412  SP:7FF5  PC:0A77
0A7A  23        INX H       (3)  BC:0E2C  DE:0006  HL:006D  AF:C756  SP:7FF5  PC:0A7A
0A7B  05        DCR B       (3)  BC:0E2C  DE:0006  HL:006E  AF:C756  SP:7FF5  PC:0A7B
0A7C  C2 77 0A  JNZ 0A77    (3)  BC:0D2C  DE:0006  HL:006E  AF:C712  SP:7FF5  PC:0A7C
0A77  CD 80 0A  CALL 0A80   (3)  BC:0D2C  DE:0006  HL:006E  AF:C712  SP:7FF5  PC:0A77
0A7A  23        INX H       (3)  BC:0D2C  DE:0007  HL:006E  AF:C456  SP:7FF5  PC:0A7A
0A7B  05        DCR B       (3)  BC:0D2C  DE:0007  HL:006F  AF:C456  SP:7FF5  PC:0A7B
0A7C  C2 77 0A  JNZ 0A77    (3)  BC:0C2C  DE:0007  HL:006F  AF:C416  SP:7FF5  PC:0A7C
0A77  CD 80 0A  CALL 0A80   (3)  BC:0C2C  DE:0007  HL:006F  AF:C416  SP:7FF5  PC:0A77
0A7A  23        INX H       (3)  BC:0C2C  DE:0008  HL:006F  AF:2656  SP:7FF5  PC:0A7A
0A7B  05        DCR B       (3)  BC:0C2C  DE:0008  HL:0070  AF:2656  SP:7FF5  PC:0A7B
0A7C  C2 77 0A  JNZ 0A77    (3)  BC:0B2C  DE:0008  HL:0070  AF:2612  SP:7FF5  PC:0A7C
0A77  CD 80 0A  CALL 0A80   (3)  BC:0B2C  DE:0008  HL:0070  AF:2612  SP:7FF5  PC:0A77
0A7A  23        INX H       (3)  BC:0B2C  DE:0009  HL:0070  AF:D256  SP:7FF5  PC:0A7A
0A7B  05        DCR B       (3)  BC:0B2C  DE:0009  HL:0071  AF:D256  SP:7FF5  PC:0A7B
0A7C  C2 77 0A  JNZ 0A77    (3)  BC:0A2C  DE:0009  HL:0071  AF:D216  SP:7FF5  PC:0A7C
0A77  CD 80 0A  CALL 0A80   (3)  BC:0A2C  DE:0009  HL:0071  AF:D216  SP:7FF5  PC:0A77
0A7A  23        INX H       (3)  BC:0A2C  DE:000A  HL:0071  AF:5157  SP:7FF5  PC:0A7A
0A7B  05        DCR B       (3)  BC:0A2C  DE:000A  HL:0072  AF:5157  SP:7FF5  PC:0A7B
0A7C  C2 77 0A  JNZ 0A77    (3)  BC:092C  DE:000A  HL:0072  AF:5117  SP:7FF5  PC:0A7C
0A77  CD 80 0A  CALL 0A80   (3)  BC:092C  DE:000A  HL:0072  AF:5117  SP:7FF5  PC:0A77
0A7A  23        INX H       (3)  BC:092C  DE:000B  HL:0072  AF:A057  SP:7FF5  PC:0A7A
0A7B  05        DCR B       (3)  BC:092C  DE:000B  HL:0073  AF:A057  SP:7FF5  PC:0A7B
0A7C  C2 77 0A  JNZ 0A77    (3)  BC:082C  DE:000B  HL:0073  AF:A013  SP:7FF5  PC:0A7C
0A77  CD 80 0A  CALL 0A80   (3)  BC:082C  DE:000B  HL:0073  AF:A013  SP:7FF5  PC:0A77
0A7A  23        INX H       (3)  BC:082C  DE:000C  HL:0073  AF:EA57  SP:7FF5  PC:0A7A
0A7B  05        DCR B       (3)  BC:082C  DE:000C  HL:0074  AF:EA57  SP:7FF5  PC:0A7B
0A7C  C2 77 0A  JNZ 0A77    (3)  BC:072C  DE:000C  HL:0074  AF:EA13  SP:7FF5  PC:0A7C
0A77  CD 80 0A  CALL 0A80   (3)  BC:072C  DE:000C  HL:0074  AF:EA13  SP:7FF5  PC:0A77
0A7A  23        INX H       (3)  BC:072C  DE:000D  HL:0074  AF:5857  SP:7FF5  PC:0A7A
0A7B  05        DCR B       (3)  BC:072C  DE:000D  HL:0075  AF:5857  SP:7FF5  PC:0A7B
0A7C  C2 77 0A  JNZ 0A77    (3)  BC:062C  DE:000D  HL:0075  AF:5817  SP:7FF5  PC:0A7C
0A77  CD 80 0A  CALL 0A80   (3)  BC:062C  DE:000D  HL:0075  AF:5817  SP:7FF5  PC:0A77
0A7A  23        INX H       (3)  BC:062C  DE:000E  HL:0075  AF:6657  SP:7FF5  PC:0A7A
0A7B  05        DCR B       (3)  BC:062C  DE:000E  HL:0076  AF:6657  SP:7FF5  PC:0A7B
0A7C  C2 77 0A  JNZ 0A77    (3)  BC:052C  DE:000E  HL:0076  AF:6617  SP:7FF5  PC:0A7C
0A77  CD 80 0A  CALL 0A80   (3)  BC:052C  DE:000E  HL:0076  AF:6617  SP:7FF5  PC:0A77
0A7A  23        INX H       (3)  BC:052C  DE:000F  HL:0076  AF:8557  SP:7FF5  PC:0A7A
0A7B  05        DCR B       (3)  BC:052C  DE:000F  HL:0077  AF:8557  SP:7FF5  PC:0A7B
0A7C  C2 77 0A  JNZ 0A77    (3)  BC:042C  DE:000F  HL:0077  AF:8513  SP:7FF5  PC:0A7C
0A77  CD 80 0A  CALL 0A80   (3)  BC:042C  DE:000F  HL:0077  AF:8513  SP:7FF5  PC:0A77
0A7A  23        INX H       (3)  BC:042C  DE:0010  HL:0077  AF:C657  SP:7FF5  PC:0A7A
0A7B  05        DCR B       (3)  BC:042C  DE:0010  HL:0078  AF:C657  SP:7FF5  PC:0A7B
0A7C  C2 77 0A  JNZ 0A77    (3)  BC:032C  DE:0010  HL:0078  AF:C617  SP:7FF5  PC:0A7C
0A77  CD 80 0A  CALL 0A80   (3)  BC:032C  DE:0010  HL:0078  AF:C617  SP:7FF5  PC:0A77
0A7A  23        INX H       (3)  BC:032C  DE:0011  HL:0078  AF:DE56  SP:7FF5  PC:0A7A
0A7B  05        DCR B       (3)  BC:032C  DE:0011  HL:0079  AF:DE56  SP:7FF5  PC:0A7B
0A7C  C2 77 0A  JNZ 0A77    (3)  BC:022C  DE:0011  HL:0079  AF:DE12  SP:7FF5  PC:0A7C
0A77  CD 80 0A  CALL 0A80   (3)  BC:022C  DE:0011  HL:0079  AF:DE12  SP:7FF5  PC:0A77
0A7A  23        INX H       (3)  BC:022C  DE:0012  HL:0079  AF:C957  SP:7FF5  PC:0A7A
0A7B  05        DCR B       (3)  BC:022C  DE:0012  HL:007A  AF:C957  SP:7FF5  PC:0A7B
0A7C  C2 77 0A  JNZ 0A77    (3)  BC:012C  DE:0012  HL:007A  AF:C913  SP:7FF5  PC:0A7C
0A77  CD 80 0A  CALL 0A80   (3)  BC:012C  DE:0012  HL:007A  AF:C913  SP:7FF5  PC:0A77
0A7A  23        INX H       (3)  BC:012C  DE:0013  HL:007A  AF:9B57  SP:7FF5  PC:0A7A
0A7B  05        DCR B       (3)  BC:012C  DE:0013  HL:007B  AF:9B57  SP:7FF5  PC:0A7B
0A7C  C2 77 0A  JNZ 0A77    (3)  BC:002C  DE:0013  HL:007B  AF:9B57  SP:7FF5  PC:0A7C
0A7F  C9        RET         (3)  BC:002C  DE:0013  HL:007B  AF:9B57  SP:7FF5  PC:0A7F
0A74  C3 00 0A  JMP 0A00    (2)  BC:002C  DE:0013  HL:007B  AF:9B57  SP:7FF7  PC:0A74
0A00  3A 24 0C  LDA 0C24    (2)  BC:002C  DE:0013  HL:007B  AF:9B57  SP:7FF7  PC:0A00
0A03  FE 76     CPI 76      (2)  BC:002C  DE:0013  HL:007B  AF:1957  SP:7FF7  PC:0A03
0A05  CA 17 0A  JZ 0A17     (2)  BC:002C  DE:0013  HL:007B  AF:1997  SP:7FF7  PC:0A05
0A08  E6 DF     ANI DF      (2)  BC:002C  DE:0013  HL:007B  AF:1997  SP:7FF7  PC:0A08
0A0A  FE DD     CPI DD      (2)  BC:002C  DE:0013  HL:007B  AF:1912  SP:7FF7  PC:0A0A
0A0C  C2 14 0A  JNZ 0A14    (2)  BC:002C  DE:0013  HL:007B  AF:1907  SP:7FF7  PC:0A0C
0A14  C4 05 0C  CNZ 0C05    (2)  BC:002C  DE:0013  HL:007B  AF:1907  SP:7FF7  PC:0A14
0C05  F5        PUSH PSW    (3)  BC:002C  DE:0013  HL:007B  AF:1907  SP:7FF5  PC:0C05
0C06  C5        PUSH B      (3)  BC:002C  DE:0013  HL:007B  AF:1907  SP:7FF3  PC:0C06
0C07  D5        PUSH D      (3)  BC:002C  DE:0013  HL:007B  AF:1907  SP:7FF1  PC:0C07
0C08  E5        PUSH H      (3)  BC:002C  DE:0013  HL:007B  AF:1907  SP:7FEF  PC:0C08
0C09  F3        DI          (3)  BC:002C  DE:0013  HL:007B  AF:1907  SP:7FED  PC:0C09
0C0A  21 00 00  LXI H,0000  (3)  BC:002C  DE:0013  HL:007B  AF:1907  SP:7FED  PC:0C0A
0C0D  39        DAD SP      (3)  BC:002C  DE:0013  HL:0000  AF:1907  SP:7FED  PC:0C0D
0C0E  22 80 0C  SHLD 0C80   (3)  BC:002C  DE:0013  HL:7FED  AF:1906  SP:7FED  PC:0C0E
0C11  31 05 00  LXI SP,0005 (3)  BC:002C  DE:0013  HL:7FED  AF:1906  SP:7FED  PC:0C11
0C14  E1        POP H       (3)  BC:002C  DE:0013  HL:7FED  AF:1906  SP:0005  PC:0C14
0C15  E1        POP H       (3)  BC:002C  DE:0013  HL:C4C7  AF:1906  SP:0007  PC:0C15
0C16  E1        POP H       (3)  BC:002C  DE:0013  HL:D226  AF:1906  SP:0009  PC:0C16
0C17  D1        POP D       (3)  BC:002C  DE:0013  HL:A051  AF:1906  SP:000B  PC:0C17
0C18  C1        POP B       (3)  BC:002C  DE:58EA  HL:A051  AF:1906  SP:000D  PC:0C18
0C19  F1        POP PSW     (3)  BC:8566  DE:58EA  HL:A051  AF:1906  SP:000F  PC:0C19
0C1A  22 6E 0C  SHLD 0C6E   (3)  BC:8566  DE:58EA  HL:A051  AF:DEC6  SP:0011  PC:0C1A
0C1D  2A 11 00  LHLD 0011   (3)  BC:8566  DE:58EA  HL:A051  AF:DEC6  SP:0011  PC:0C1D
0C20  F9        SPHL        (3)  BC:8566  DE:58EA  HL:9BC9  AF:DEC6  SP:0011  PC:0C20
0C21  2A 6E 0C  LHLD 0C6E   (3)  BC:8566  DE:58EA  HL:9BC9  AF:DEC6  SP:9BC9  PC:0C21
0C24  19        DAD D       (3)  BC:8566  DE:58EA  HL:A051  AF:DEC6  SP:9BC9  PC:0C24
0C25  00        NOP         (3)  BC:8566  DE:58EA  HL:F93B  AF:DEC6  SP:9BC9  PC:0C25
0C26  00        NOP         (3)  BC:8566  DE:58EA  HL:F93B  AF:DEC6  SP:9BC9  PC:0C26
0C27  00        NOP         (3)  BC:8566  DE:58EA  HL:F93B  AF:DEC6  SP:9BC9  PC:0C27
0C28  22 6E 0C  SHLD 0C6E   (3)  BC:8566  DE:58EA  HL:F93B  AF:DEC6  SP:9BC9  PC:0C28
0C2B  21 00 00  LXI H,0000  (3)  BC:8566  DE:58EA  HL:F93B  AF:DEC6  SP:9BC9  PC:0C2B
0C2E  DA 35 0C  JC 0C35     (3)  BC:8566  DE:58EA  HL:0000  AF:DEC6  SP:9BC9  PC:0C2E
0C31  39        DAD SP      (3)  BC:8566  DE:58EA  HL:0000  AF:DEC6  SP:9BC9  PC:0C31
0C32  C3 37 0C  JMP 0C37    (3)  BC:8566  DE:58EA  HL:9BC9  AF:DEC6  SP:9BC9  PC:0C32
0C37  22 7E 0C  SHLD 0C7E   (3)  BC:8566  DE:58EA  HL:9BC9  AF:DEC6  SP:9BC9  PC:0C37
0C3A  2A 6E 0C  LHLD 0C6E   (3)  BC:8566  DE:58EA  HL:9BC9  AF:DEC6  SP:9BC9  PC:0C3A
0C3D  31 7E 0C  LXI SP,0C7E (3)  BC:8566  DE:58EA  HL:F93B  AF:DEC6  SP:9BC9  PC:0C3D
0C40  F5        PUSH PSW    (3)  BC:8566  DE:58EA  HL:F93B  AF:DEC6  SP:0C7E  PC:0C40
0C41  C5        PUSH B      (3)  BC:8566  DE:58EA  HL:F93B  AF:DEC6  SP:0C7C  PC:0C41
0C42  D5        PUSH D      (3)  BC:8566  DE:58EA  HL:F93B  AF:DEC6  SP:0C7A  PC:0C42
0C43  E5        PUSH H      (3)  BC:8566  DE:58EA  HL:F93B  AF:DEC6  SP:0C78  PC:0C43
0C44  E5        PUSH H      (3)  BC:8566  DE:58EA  HL:F93B  AF:DEC6  SP:0C76  PC:0C44
0C45  E5        PUSH H      (3)  BC:8566  DE:58EA  HL:F93B  AF:DEC6  SP:0C74  PC:0C45
0C46  2A 80 0C  LHLD 0C80   (3)  BC:8566  DE:58EA  HL:F93B  AF:DEC6  SP:0C72  PC:0C46
0C49  F9        SPHL        (3)  BC:8566  DE:58EA  HL:7FED  AF:DEC6  SP:0C72  PC:0C49
0C4A  FB        EI          (3)  BC:8566  DE:58EA  HL:7FED  AF:DEC6  SP:7FED  PC:0C4A
0C4B  2A 03 00  LHLD 0003   (3)  BC:8566  DE:58EA  HL:7FED  AF:DEC6  SP:7FED  PC:0C4B
0C4E  22 70 0C  SHLD 0C70   (3)  BC:8566  DE:58EA  HL:C4A5  AF:DEC6  SP:7FED  PC:0C4E
0C51  21 7C 0C  LXI H,0C7C  (3)  BC:8566  DE:58EA  HL:C4A5  AF:DEC6  SP:7FED  PC:0C51
0C54  7E        MOV A,M     (3)  BC:8566  DE:58EA  HL:0C7C  AF:DEC6  SP:7FED  PC:0C54
0C55  E6 FF     ANI FF      (3)  BC:8566  DE:58EA  HL:0C7C  AF:C6C6  SP:7FED  PC:0C55
0C57  77        MOV M,A     (3)  BC:8566  DE:58EA  HL:0C7C  AF:C696  SP:7FED  PC:0C57
0C58  06 10     MVI B,10    (3)  BC:8566  DE:58EA  HL:0C7C  AF:C696  SP:7FED  PC:0C58
0C5A  11 70 0C  LXI D,0C70  (3)  BC:1066  DE:58EA  HL:0C7C  AF:C696  SP:7FED  PC:0C5A
0C5D  21 BB 0D  LXI H,0DBB  (3)  BC:1066  DE:0C70  HL:0C7C  AF:C696  SP:7FED  PC:0C5D
0C60  1A        LDAX D      (3)  BC:1066  DE:0C70  HL:0DBB  AF:C696  SP:7FED  PC:0C60
0C61  13        INX D       (3)  BC:1066  DE:0C70  HL:0DBB  AF:A596  SP:7FED  PC:0C61
0C62  CD 7F 0D  CALL 0D7F   (3)  BC:1066  DE:0C71  HL:0DBB  AF:A596  SP:7FED  PC:0C62
0C65  05        DCR B       (3)  BC:1066  DE:0C71  HL:0DBB  AF:A596  SP:7FED  PC:0C65
0C66  C2 60 0C  JNZ 0C60    (3)  BC:0F66  DE:0C71  HL:0DBB  AF:A506  SP:7FED  PC:0C66
0C60  1A        LDAX D      (3)  BC:0F66  DE:0C71  HL:0DBB  AF:A506  SP:7FED  PC:0C60
0C61  13        INX D       (3)  BC:0F66  DE:0C71  HL:0DBB  AF:C406  SP:7FED  PC:0C61
0C62  CD 7F 0D  CALL 0D7F   (3)  BC:0F66  DE:0C72  HL:0DBB  AF:C406  SP:7FED  PC:0C62
0C65  05        DCR B       (3)  BC:0F66  DE:0C72  HL:0DBB  AF:C406  SP:7FED  PC:0C65
0C66  C2 60 0C  JNZ 0C60    (3)  BC:0E66  DE:0C72  HL:0DBB  AF:C412  SP:7FED  PC:0C66
0C60  1A        LDAX D      (3)  BC:0E66  DE:0C72  HL:0DBB  AF:C412  SP:7FED  PC:0C60
0C61  13        INX D       (3)  BC:0E66  DE:0C72  HL:0DBB  AF:3B12  SP:7FED  PC:0C61
0C62  CD 7F 0D  CALL 0D7F   (3)  BC:0E66  DE:0C73  HL:0DBB  AF:3B12  SP:7FED  PC:0C62
0C65  05        DCR B       (3)  BC:0E66  DE:0C73  HL:0DBB  AF:3B12  SP:7FED  PC:0C65
0C66  C2 60 0C  JNZ 0C60    (3)  BC:0D66  DE:0C73  HL:0DBB  AF:3B12  SP:7FED  PC:0C66
0C60  1A        LDAX D      (3)  BC:0D66  DE:0C73  HL:0DBB  AF:3B12  SP:7FED  PC:0C60
0C61  13        INX D       (3)  BC:0D66  DE:0C73  HL:0DBB  AF:F912  SP:7FED  PC:0C61
0C62  CD 7F 0D  CALL 0D7F   (3)  BC:0D66  DE:0C74  HL:0DBB  AF:F912  SP:7FED  PC:0C62
0C65  05        DCR B       (3)  BC:0D66  DE:0C74  HL:0DBB  AF:F912  SP:7FED  PC:0C65
0C66  C2 60 0C  JNZ 0C60    (3)  BC:0C66  DE:0C74  HL:0DBB  AF:F916  SP:7FED  PC:0C66
0C60  1A        LDAX D      (3)  BC:0C66  DE:0C74  HL:0DBB  AF:F916  SP:7FED  PC:0C60
0C61  13        INX D       (3)  BC:0C66  DE:0C74  HL:0DBB  AF:3B16  SP:7FED  PC:0C61
0C62  CD 7F 0D  CALL 0D7F   (3)  BC:0C66  DE:0C75  HL:0DBB  AF:3B16  SP:7FED  PC:0C62
0C65  05        DCR B       (3)  BC:0C66  DE:0C75  HL:0DBB  AF:3B16  SP:7FED  PC:0C65
0C66  C2 60 0C  JNZ 0C60    (3)  BC:0B66  DE:0C75  HL:0DBB  AF:3B12  SP:7FED  PC:0C66
0C60  1A        LDAX D      (3)  BC:0B66  DE:0C75  HL:0DBB  AF:3B12  SP:7FED  PC:0C60
0C61  13        INX D       (3)  BC:0B66  DE:0C75  HL:0DBB  AF:F912  SP:7FED  PC:0C61
0C62  CD 7F 0D  CALL 0D7F   (3)  BC:0B66  DE:0C76  HL:0DBB  AF:F912  SP:7FED  PC:0C62
0C65  05        DCR B       (3)  BC:0B66  DE:0C76  HL:0DBB  AF:F912  SP:7FED  PC:0C65
0C66  C2 60 0C  JNZ 0C60    (3)  BC:0A66  DE:0C76  HL:0DBB  AF:F916  SP:7FED  PC:0C66
0C60  1A        LDAX D      (3)  BC:0A66  DE:0C76  HL:0DBB  AF:F916  SP:7FED  PC:0C60
0C61  13        INX D       (3)  BC:0A66  DE:0C76  HL:0DBB  AF:3B16  SP:7FED  PC:0C61
0C62  CD 7F 0D  CALL 0D7F   (3)  BC:0A66  DE:0C77  HL:0DBB  AF:3B16  SP:7FED  PC:0C62
0C65  05        DCR B       (3)  BC:0A66  DE:0C77  HL:0DBB  AF:3B16  SP:7FED  PC:0C65
0C66  C2 60 0C  JNZ 0C60    (3)  BC:0966  DE:0C77  HL:0DBB  AF:3B16  SP:7FED  PC:0C66
0C60  1A        LDAX D      (3)  BC:0966  DE:0C77  HL:0DBB  AF:3B16  SP:7FED  PC:0C60
0C61  13        INX D       (3)  BC:0966  DE:0C77  HL:0DBB  AF:F916  SP:7FED  PC:0C61
0C62  CD 7F 0D  CALL 0D7F   (3)  BC:0966  DE:0C78  HL:0DBB  AF:F916  SP:7FED  PC:0C62
0C65  05        DCR B       (3)  BC:0966  DE:0C78  HL:0DBB  AF:F916  SP:7FED  PC:0C65
0C66  C2 60 0C  JNZ 0C60    (3)  BC:0866  DE:0C78  HL:0DBB  AF:F912  SP:7FED  PC:0C66
0C60  1A        LDAX D      (3)  BC:0866  DE:0C78  HL:0DBB  AF:F912  SP:7FED  PC:0C60
0C61  13        INX D       (3)  BC:0866  DE:0C78  HL:0DBB  AF:EA12  SP:7FED  PC:0C61
0C62  CD 7F 0D  CALL 0D7F   (3)  BC:0866  DE:0C79  HL:0DBB  AF:EA12  SP:7FED  PC:0C62
0C65  05        DCR B       (3)  BC:0866  DE:0C79  HL:0DBB  AF:EA12  SP:7FED  PC:0C65
0C66  C2 60 0C  JNZ 0C60    (3)  BC:0766  DE:0C79  HL:0DBB  AF:EA12  SP:7FED  PC:0C66
0C60  1A        LDAX D      (3)  BC:0766  DE:0C79  HL:0DBB  AF:EA12  SP:7FED  PC:0C60
0C61  13        INX D       (3)  BC:0766  DE:0C79  HL:0DBB  AF:5812  SP:7FED  PC:0C61
0C62  CD 7F 0D  CALL 0D7F   (3)  BC:0766  DE:0C7A  HL:0DBB  AF:5812  SP:7FED  PC:0C62
0C65  05        DCR B       (3)  BC:0766  DE:0C7A  HL:0DBB  AF:5812  SP:7FED  PC:0C65
0C66  C2 60 0C  JNZ 0C60    (3)  BC:0666  DE:0C7A  HL:0DBB  AF:5816  SP:7FED  PC:0C66
0C60  1A        LDAX D      (3)  BC:0666  DE:0C7A  HL:0DBB  AF:5816  SP:7FED  PC:0C60
0C61  13        INX D       (3)  BC:0666  DE:0C7A  HL:0DBB  AF:6616  SP:7FED  PC:0C61
0C62  CD 7F 0D  CALL 0D7F   (3)  BC:0666  DE:0C7B  HL:0DBB  AF:6616  SP:7FED  PC:0C62
0C65  05        DCR B       (3)  BC:0666  DE:0C7B  HL:0DBB  AF:6616  SP:7FED  PC:0C65
0C66  C2 60 0C  JNZ 0C60    (3)  BC:0566  DE:0C7B  HL:0DBB  AF:6616  SP:7FED  PC:0C66
0C60  1A        LDAX D      (3)  BC:0566  DE:0C7B  HL:0DBB  AF:6616  SP:7FED  PC:0C60
0C61  13        INX D       (3)  BC:0566  DE:0C7B  HL:0DBB  AF:8516  SP:7FED  PC:0C61
0C62  CD 7F 0D  CALL 0D7F   (3)  BC:0566  DE:0C7C  HL:0DBB  AF:8516  SP:7FED  PC:0C62
0C65  05        DCR B       (3)  BC:0566  DE:0C7C  HL:0DBB  AF:8516  SP:7FED  PC:0C65
0C66  C2 60 0C  JNZ 0C60    (3)  BC:0466  DE:0C7C  HL:0DBB  AF:8512  SP:7FED  PC:0C66
0C60  1A        LDAX D      (3)  BC:0466  DE:0C7C  HL:0DBB  AF:8512  SP:7FED  PC:0C60
0C61  13        INX D       (3)  BC:0466  DE:0C7C  HL:0DBB  AF:C612  SP:7FED  PC:0C61
0C62  CD 7F 0D  CALL 0D7F   (3)  BC:0466  DE:0C7D  HL:0DBB  AF:C612  SP:7FED  PC:0C62
0C65  05        DCR B       (3)  BC:0466  DE:0C7D  HL:0DBB  AF:C612  SP:7FED  PC:0C65
0C66  C2 60 0C  JNZ 0C60    (3)  BC:0366  DE:0C7D  HL:0DBB  AF:C616  SP:7FED  PC:0C66
0C60  1A        LDAX D      (3)  BC:0366  DE:0C7D  HL:0DBB  AF:C616  SP:7FED  PC:0C60
0C61  13        INX D       (3)  BC:0366  DE:0C7D  HL:0DBB  AF:DE16  SP:7FED  PC:0C61
0C62  CD 7F 0D  CALL 0D7F   (3)  BC:0366  DE:0C7E  HL:0DBB  AF:DE16  SP:7FED  PC:0C62
0C65  05        DCR B       (3)  BC:0366  DE:0C7E  HL:0DBB  AF:DE16  SP:7FED  PC:0C65
0C66  C2 60 0C  JNZ 0C60    (3)  BC:0266  DE:0C7E  HL:0DBB  AF:DE12  SP:7FED  PC:0C66
0C60  1A        LDAX D      (3)  BC:0266  DE:0C7E  HL:0DBB  AF:DE12  SP:7FED  PC:0C60
0C61  13        INX D       (3)  BC:0266  DE:0C7E  HL:0DBB  AF:C912  SP:7FED  PC:0C61
0C62  CD 7F 0D  CALL 0D7F   (3)  BC:0266  DE:0C7F  HL:0DBB  AF:C912  SP:7FED  PC:0C62
0C65  05        DCR B       (3)  BC:0266  DE:0C7F  HL:0DBB  AF:C912  SP:7FED  PC:0C65
0C66  C2 60 0C  JNZ 0C60    (3)  BC:0166  DE:0C7F  HL:0DBB  AF:C912  SP:7FED  PC:0C66
0C60  1A        LDAX D      (3)  BC:0166  DE:0C7F  HL:0DBB  AF:C912  SP:7FED  PC:0C60
0C61  13        INX D       (3)  BC:0166  DE:0C7F  HL:0DBB  AF:9B12  SP:7FED  PC:0C61
0C62  CD 7F 0D  CALL 0D7F   (3)  BC:0166  DE:0C80  HL:0DBB  AF:9B12  SP:7FED  PC:0C62
0C65  05        DCR B       (3)  BC:0166  DE:0C80  HL:0DBB  AF:9B12  SP:7FED  PC:0C65
0C66  C2 60 0C  JNZ 0C60    (3)  BC:0066  DE:0C80  HL:0DBB  AF:9B56  SP:7FED  PC:0C66
0C69  E1        POP H       (3)  BC:0066  DE:0C80  HL:0DBB  AF:9B56  SP:7FED  PC:0C69
0C6A  D1        POP D       (3)  BC:0066  DE:0C80  HL:007B  AF:9B56  SP:7FEF  PC:0C6A
0C6B  C1        POP B       (3)  BC:0066  DE:0013  HL:007B  AF:9B56  SP:7FF1  PC:0C6B
0C6C  F1        POP PSW     (3)  BC:002C  DE:0013  HL:007B  AF:9B56  SP:7FF3  PC:0C6C
0C6D  C9        RET         (3)  BC:002C  DE:0013  HL:007B  AF:1907  SP:7FF5  PC:0C6D
0A17  CD 64 0B  CALL 0B64   (2)  BC:002C  DE:0013  HL:007B  AF:1907  SP:7FF7  PC:0A17
0B64  C5        PUSH B      (3)  BC:002C  DE:0013  HL:007B  AF:1907  SP:7FF5  PC:0B64
0B65  D5        PUSH D      (3)  BC:002C  DE:0013  HL:007B  AF:1907  SP:7FF3  PC:0B65
0B66  E5        PUSH H      (3)  BC:002C  DE:0013  HL:007B  AF:1907  SP:7FF1  PC:0B66
0B67  21 B5 0B  LXI H,0BB5  (3)  BC:002C  DE:0013  HL:007B  AF:1907  SP:7FEF  PC:0B67
0B6A  11 14 00  LXI D,0014  (3)  BC:002C  DE:0013  HL:0BB5  AF:1907  SP:7FEF  PC:0B6A
0B6D  EB        XCHG        (3)  BC:002C  DE:0014  HL:0BB5  AF:1907  SP:7FEF  PC:0B6D
0B6E  19        DAD D       (3)  BC:002C  DE:0BB5  HL:0014  AF:1907  SP:7FEF  PC:0B6E
0B6F  EB        XCHG        (3)  BC:002C  DE:0BB5  HL:0BC9  AF:1906  SP:7FEF  PC:0B6F
0B70  34        INR M       (3)  BC:002C  DE:0BC9  HL:0BB5  AF:1906  SP:7FEF  PC:0B70
0B71  7E        MOV A,M     (3)  BC:002C  DE:0BC9  HL:0BB5  AF:1902  SP:7FEF  PC:0B71
0B72  FE 00     CPI 00      (3)  BC:002C  DE:0BC9  HL:0BB5  AF:0202  SP:7FEF  PC:0B72
0B74  CA 83 0B  JZ 0B83     (3)  BC:002C  DE:0BC9  HL:0BB5  AF:0212  SP:7FEF  PC:0B74
0B77  47        MOV B,A     (3)  BC:002C  DE:0BC9  HL:0BB5  AF:0212  SP:7FEF  PC:0B77
0B78  1A        LDAX D      (3)  BC:022C  DE:0BC9  HL:0BB5  AF:0212  SP:7FEF  PC:0B78
0B79  A0        ANA B       (3)  BC:022C  DE:0BC9  HL:0BB5  AF:0012  SP:7FEF  PC:0B79
0B7A  CA 7F 0B  JZ 0B7F     (3)  BC:022C  DE:0BC9  HL:0BB5  AF:0046  SP:7FEF  PC:0B7A
0B7F  C1        POP B       (3)  BC:022C  DE:0BC9  HL:0BB5  AF:0046  SP:7FEF  PC:0B7F
0B80  D1        POP D       (3)  BC:007B  DE:0BC9  HL:0BB5  AF:0046  SP:7FF1  PC:0B80
0B81  E1        POP H       (3)  BC:007B  DE:0013  HL:0BB5  AF:0046  SP:7FF3  PC:0B81
0B82  C9        RET         (3)  BC:007B  DE:0013  HL:002C  AF:0046  SP:7FF5  PC:0B82
0A1A  C4 88 0B  CNZ 0B88    (2)  BC:007B  DE:0013  HL:002C  AF:0046  SP:7FF7  PC:0A1A
0A1D  E1        POP H       (2)  BC:007B  DE:0013  HL:002C  AF:0046  SP:7FF7  PC:0A1D
0A1E  CA 4D 0A  JZ 0A4D     (2)  BC:007B  DE:0013  HL:0067  AF:0046  SP:7FF9  PC:0A1E
0A4D  E5        PUSH H      (2)  BC:007B  DE:0013  HL:0067  AF:0046  SP:7FF9  PC:0A4D
0A4E  3E 01     MVI A,01    (2)  BC:007B  DE:0013  HL:0067  AF:0046  SP:7FF7  PC:0A4E
0A50  32 C3 0A  STA 0AC3    (2)  BC:007B  DE:0013  HL:0067  AF:0146  SP:7FF7  PC:0A50
0A53  32 E7 0A  STA 0AE7    (2)  BC:007B  DE:0013  HL:0067  AF:0146  SP:7FF7  PC:0A53
0A56  21 B5 0B  LXI H,0BB5  (2)  BC:007B  DE:0013  HL:0067  AF:0146  SP:7FF7  PC:0A56
0A59  22 C4 0A  SHLD 0AC4   (2)  BC:007B  DE:0013  HL:0BB5  AF:0146  SP:7FF7  PC:0A59
0A5C  21 DD 0B  LXI H,0BDD  (2)  BC:007B  DE:0013  HL:0BB5  AF:0146  SP:7FF7  PC:0A5C
0A5F  22 E8 0A  SHLD 0AE8   (2)  BC:007B  DE:0013  HL:0BDD  AF:0146  SP:7FF7  PC:0A5F
0A62  06 04     MVI B,04    (2)  BC:007B  DE:0013  HL:0BDD  AF:0146  SP:7FF7  PC:0A62
0A64  E1        POP H       (2)  BC:047B  DE:0013  HL:0BDD  AF:0146  SP:7FF7  PC:0A64
0A65  E5        PUSH H      (2)  BC:047B  DE:0013  HL:0067  AF:0146  SP:7FF9  PC:0A65
0A66  11 24 0C  LXI D,0C24  (2)  BC:047B  DE:0013  HL:0067  AF:0146  SP:7FF7  PC:0A66
0A69  CD 77 0A  CALL 0A77   (2)  BC:047B  DE:0C24  HL:0067  AF:0146  SP:7FF7  PC:0A69
0A77  CD 80 0A  CALL 0A80   (3)  BC:047B  DE:0C24  HL:0067  AF:0146  SP:7FF5  PC:0A77
0A7A  23        INX H       (3)  BC:047B  DE:0C25  HL:0067  AF:2956  SP:7FF5  PC:0A7A
0A7B  05        DCR B       (3)  BC:047B  DE:0C25  HL:0068  AF:2956  SP:7FF5  PC:0A7B
0A7C  C2 77 0A  JNZ 0A77    (3)  BC:037B  DE:0C25  HL:0068  AF:2916  SP:7FF5  PC:0A7C
0A77  CD 80 0A  CALL 0A80   (3)  BC:037B  DE:0C25  HL:0068  AF:2916  SP:7FF5  PC:0A77
0A7A  23        INX H       (3)  BC:037B  DE:0C26  HL:0068  AF:0056  SP:7FF5  PC:0A7A
0A7B  05        DCR B       (3)  BC:037B  DE:0C26  HL:0069  AF:0056  SP:7FF5  PC:0A7B
0A7C  C2 77 0A  JNZ 0A77    (3)  BC:027B  DE:0C26  HL:0069  AF:0012  SP:7FF5  PC:0A7C
0A77  CD 80 0A  CALL 0A80   (3)  BC:027B  DE:0C26  HL:0069  AF:0012  SP:7FF5  PC:0A77
0A7A  23        INX H       (3)  BC:027B  DE:0C27  HL:0069  AF:0056  SP:7FF5  PC:0A7A
0A7B  05        DCR B       (3)  BC:027B  DE:0C27  HL:006A  AF:0056  SP:7FF5  PC:0A7B
0A7C  C2 77 0A  JNZ 0A77    (3)  BC:017B  DE:0C27  HL:006A  AF:0012  SP:7FF5  PC:0A7C
0A77  CD 80 0A  CALL 0A80   (3)  BC:017B  DE:0C27  HL:006A  AF:0012  SP:7FF5  PC:0A77
0A7A  23        INX H       (3)  BC:017B  DE:0C28  HL:006A  AF:0056  SP:7FF5  PC:0A7A
0A7B  05        DCR B       (3)  BC:017B  DE:0C28  HL:006B  AF:0056  SP:7FF5  PC:0A7B
0A7C  C2 77 0A  JNZ 0A77    (3)  BC:007B  DE:0C28  HL:006B  AF:0056  SP:7FF5  PC:0A7C
0A7F  C9        RET         (3)  BC:007B  DE:0C28  HL:006B  AF:0056  SP:7FF5  PC:0A7F
0A6C  06 10     MVI B,10    (2)  BC:007B  DE:0C28  HL:006B  AF:0056  SP:7FF7  PC:0A6C
0A6E  11 03 00  LXI D,0003  (2)  BC:107B  DE:0C28  HL:006B  AF:0056  SP:7FF7  PC:0A6E
0A71  CD 77 0A  CALL 0A77   (2)  BC:107B  DE:0003  HL:006B  AF:0056  SP:7FF7  PC:0A71
0A77  CD 80 0A  CALL 0A80   (3)  BC:107B  DE:0003  HL:006B  AF:0056  SP:7FF5  PC:0A77
0A7A  23        INX H       (3)  BC:107B  DE:0004  HL:006B  AF:A556  SP:7FF5  PC:0A7A
0A7B  05        DCR B       (3)  BC:107B  DE:0004  HL:006C  AF:A556  SP:7FF5  PC:0A7B
0A7C  C2 77 0A  JNZ 0A77    (3)  BC:0F7B  DE:0004  HL:006C  AF:A506  SP:7FF5  PC:0A7C
0A77  CD 80 0A  CALL 0A80   (3)  BC:0F7B  DE:0004  HL:006C  AF:A506  SP:7FF5  PC:0A77
0A7A  23        INX H       (3)  BC:0F7B  DE:0005  HL:006C  AF:C456  SP:7FF5  PC:0A7A
0A7B  05        DCR B       (3)  BC:0F7B  DE:0005  HL:006D  AF:C456  SP:7FF5  PC:0A7B
0A7C  C2 77 0A  JNZ 0A77    (3)  BC:0E7B  DE:0005  HL:006D  AF:C412  SP:7FF5  PC:0A7C
0A77  CD 80 0A  CALL 0A80   (3)  BC:0E7B  DE:0005  HL:006D  AF:C412  SP:7FF5  PC:0A77
0A7A  23        INX H       (3)  BC:0E7B  DE:0006  HL:006D  AF:C756  SP:7FF5  PC:0A7A
0A7B  05        DCR B       (3)  BC:0E7B  DE:0006  HL:006E  AF:C756  SP:7FF5  PC:0A7B
0A7C  C2 77 0A  JNZ 0A77    (3)  BC:0D7B  DE:0006  HL:006E  AF:C712  SP:7FF5  PC:0A7C
0A77  CD 80 0A  CALL 0A80   (3)  BC:0D7B  DE:0006  HL:006E  AF:C712  SP:7FF5  PC:0A77
0A7A  23        INX H       (3)  BC:0D7B  DE:0007  HL:006E  AF:C456  SP:7FF5  PC:0A7A
0A7B  05        DCR B       (3)  BC:0D7B  DE:0007  HL:006F  AF:C456  SP:7FF5  PC:0A7B
0A7C  C2 77 0A  JNZ 0A77    (3)  BC:0C7B  DE:0007  HL:006F  AF:C416  SP:7FF5  PC:0A7C
0A77  CD 80 0A  CALL 0A80   (3)  BC:0C7B  DE:0007  HL:006F  AF:C416  SP:7FF5  PC:0A77
0A7A  23        INX H       (3)  BC:0C7B  DE:0008  HL:006F  AF:2656  SP:7FF5  PC:0A7A
0A7B  05        DCR B       (3)  BC:0C7B  DE:0008  HL:0070  AF:2656  SP:7FF5  PC:0A7B
0A7C  C2 77 0A  JNZ 0A77    (3)  BC:0B7B  DE:0008  HL:0070  AF:2612  SP:7FF5  PC:0A7C
0A77  CD 80 0A  CALL 0A80   (3)  BC:0B7B  DE:0008  HL:0070  AF:2612  SP:7FF5  PC:0A77
0A7A  23        INX H       (3)  BC:0B7B  DE:0009  HL:0070  AF:D256  SP:7FF5  PC:0A7A
0A7B  05        DCR B       (3)  BC:0B7B  DE:0009  HL:0071  AF:D256  SP:7FF5  PC:0A7B
0A7C  C2 77 0A  JNZ 0A77    (3)  BC:0A7B  DE:0009  HL:0071  AF:D216  SP:7FF5  PC:0A7C
0A77  CD 80 0A  CALL 0A80   (3)  BC:0A7B  DE:0009  HL:0071  AF:D216  SP:7FF5  PC:0A77
0A7A  23        INX H       (3)  BC:0A7B  DE:000A  HL:0071  AF:5157  SP:7FF5  PC:0A7A
0A7B  05        DCR B       (3)  BC:0A7B  DE:000A  HL:0072  AF:5157  SP:7FF5  PC:0A7B
0A7C  C2 77 0A  JNZ 0A77    (3)  BC:097B  DE:000A  HL:0072  AF:5117  SP:7FF5  PC:0A7C
0A77  CD 80 0A  CALL 0A80   (3)  BC:097B  DE:000A  HL:0072  AF:5117  SP:7FF5  PC:0A77
0A7A  23        INX H       (3)  BC:097B  DE:000B  HL:0072  AF:A057  SP:7FF5  PC:0A7A
0A7B  05        DCR B       (3)  BC:097B  DE:000B  HL:0073  AF:A057  SP:7FF5  PC:0A7B
0A7C  C2 77 0A  JNZ 0A77    (3)  BC:087B  DE:000B  HL:0073  AF:A013  SP:7FF5  PC:0A7C
0A77  CD 80 0A  CALL 0A80   (3)  BC:087B  DE:000B  HL:0073  AF:A013  SP:7FF5  PC:0A77
0A7A  23        INX H       (3)  BC:087B  DE:000C  HL:0073  AF:EA57  SP:7FF5  PC:0A7A
0A7B  05        DCR B       (3)  BC:087B  DE:000C  HL:0074  AF:EA57  SP:7FF5  PC:0A7B
0A7C  C2 77 0A  JNZ 0A77    (3)  BC:077B  DE:000C  HL:0074  AF:EA13  SP:7FF5  PC:0A7C
0A77  CD 80 0A  CALL 0A80   (3)  BC:077B  DE:000C  HL:0074  AF:EA13  SP:7FF5  PC:0A77
0A7A  23        INX H       (3)  BC:077B  DE:000D  HL:0074  AF:5857  SP:7FF5  PC:0A7A
0A7B  05        DCR B       (3)  BC:077B  DE:000D  HL:0075  AF:5857  SP:7FF5  PC:0A7B
0A7C  C2 77 0A  JNZ 0A77    (3)  BC:067B  DE:000D  HL:0075  AF:5817  SP:7FF5  PC:0A7C
0A77  CD 80 0A  CALL 0A80   (3)  BC:067B  DE:000D  HL:0075  AF:5817  SP:7FF5  PC:0A77
0A7A  23        INX H       (3)  BC:067B  DE:000E  HL:0075  AF:6657  SP:7FF5  PC:0A7A
0A7B  05        DCR B       (3)  BC:067B  DE:000E  HL:0076  AF:6657  SP:7FF5  PC:0A7B
0A7C  C2 77 0A  JNZ 0A77    (3)  BC:057B  DE:000E  HL:0076  AF:6617  SP:7FF5  PC:0A7C
0A77  CD 80 0A  CALL 0A80   (3)  BC:057B  DE:000E  HL:0076  AF:6617  SP:7FF5  PC:0A77
0A7A  23        INX H       (3)  BC:057B  DE:000F  HL:0076  AF:8557  SP:7FF5  PC:0A7A
0A7B  05        DCR B       (3)  BC:057B  DE:000F  HL:0077  AF:8557  SP:7FF5  PC:0A7B
0A7C  C2 77 0A  JNZ 0A77    (3)  BC:047B  DE:000F  HL:0077  AF:8513  SP:7FF5  PC:0A7C
0A77  CD 80 0A  CALL 0A80   (3)  BC:047B  DE:000F  HL:0077  AF:8513  SP:7FF5  PC:0A77
0A7A  23        INX H       (3)  BC:047B  DE:0010  HL:0077  AF:C657  SP:7FF5  PC:0A7A
0A7B  05        DCR B       (3)  BC:047B  DE:0010  HL:0078  AF:C657  SP:7FF5  PC:0A7B
0A7C  C2 77 0A  JNZ 0A77    (3)  BC:037B  DE:0010  HL:0078  AF:C617  SP:7FF5  PC:0A7C
0A77  CD 80 0A  CALL 0A80   (3)  BC:037B  DE:0010  HL:0078  AF:C617  SP:7FF5  PC:0A77
0A7A  23        INX H       (3)  BC:037B  DE:0011  HL:0078  AF:DE56  SP:7FF5  PC:0A7A
0A7B  05        DCR B       (3)  BC:037B  DE:0011  HL:0079  AF:DE56  SP:7FF5  PC:0A7B
0A7C  C2 77 0A  JNZ 0A77    (3)  BC:027B  DE:0011  HL:0079  AF:DE12  SP:7FF5  PC:0A7C
0A77  CD 80 0A  CALL 0A80   (3)  BC:027B  DE:0011  HL:0079  AF:DE12  SP:7FF5  PC:0A77
0A7A  23        INX H       (3)  BC:027B  DE:0012  HL:0079  AF:C957  SP:7FF5  PC:0A7A
0A7B  05        DCR B       (3)  BC:027B  DE:0012  HL:007A  AF:C957  SP:7FF5  PC:0A7B
0A7C  C2 77 0A  JNZ 0A77    (3)  BC:017B  DE:0012  HL:007A  AF:C913  SP:7FF5  PC:0A7C
0A77  CD 80 0A  CALL 0A80   (3)  BC:017B  DE:0012  HL:007A  AF:C913  SP:7FF5  PC:0A77
0A7A  23        INX H       (3)  BC:017B  DE:0013  HL:007A  AF:9B57  SP:7FF5  PC:0A7A
0A7B  05        DCR B       (3)  BC:017B  DE:0013  HL:007B  AF:9B57  SP:7FF5  PC:0A7B
0A7C  C2 77 0A  JNZ 0A77    (3)  BC:007B  DE:0013  HL:007B  AF:9B57  SP:7FF5  PC:0A7C
0A7F  C9        RET         (3)  BC:007B  DE:0013  HL:007B  AF:9B57  SP:7FF5  PC:0A7F
0A74  C3 00 0A  JMP 0A00    (2)  BC:007B  DE:0013  HL:007B  AF:9B57  SP:7FF7  PC:0A74
0A00  3A 24 0C  LDA 0C24    (2)  BC:007B  DE:0013  HL:007B  AF:9B57  SP:7FF7  PC:0A00
0A03  FE 76     CPI 76      (2)  BC:007B  DE:0013  HL:007B  AF:2957  SP:7FF7  PC:0A03
0A05  CA 17 0A  JZ 0A17     (2)  BC:007B  DE:0013  HL:007B  AF:2993  SP:7FF7  PC:0A05
0A08  E6 DF     ANI DF      (2)  BC:007B  DE:0013  HL:007B  AF:2993  SP:7FF7  PC:0A08
0A0A  FE DD     CPI DD      (2)  BC:007B  DE:0013  HL:007B  AF:0916  SP:7FF7  PC:0A0A
0A0C  C2 14 0A  JNZ 0A14    (2)  BC:007B  DE:0013  HL:007B  AF:0903  SP:7FF7  PC:0A0C
0A14  C4 05 0C  CNZ 0C05    (2)  BC:007B  DE:0013  HL:007B  AF:0903  SP:7FF7  PC:0A14
0C05  F5        PUSH PSW    (3)  BC:007B  DE:0013  HL:007B  AF:0903  SP:7FF5  PC:0C05
0C06  C5        PUSH B      (3)  BC:007B  DE:0013  HL:007B  AF:0903  SP:7FF3  PC:0C06
0C07  D5        PUSH D      (3)  BC:007B  DE:0013  HL:007B  AF:0903  SP:7FF1  PC:0C07
0C08  E5        PUSH H      (3)  BC:007B  DE:0013  HL:007B  AF:0903  SP:7FEF  PC:0C08
0C09  F3        DI          (3)  BC:007B  DE:0013  HL:007B  AF:0903  SP:7FED  PC:0C09
0C0A  21 00 00  LXI H,0000  (3)  BC:007B  DE:0013  HL:007B  AF:0903  SP:7FED  PC:0C0A
0C0D  39        DAD SP      (3)  BC:007B  DE:0013  HL:0000  AF:0903  SP:7FED  PC:0C0D
0C0E  22 80 0C  SHLD 0C80   (3)  BC:007B  DE:0013  HL:7FED  AF:0902  SP:7FED  PC:0C0E
0C11  31 05 00  LXI SP,0005 (3)  BC:007B  DE:0013  HL:7FED  AF:0902  SP:7FED  PC:0C11
0C14  E1        POP H       (3)  BC:007B  DE:0013  HL:7FED  AF:0902  SP:0005  PC:0C14
0C15  E1        POP H       (3)  BC:007B  DE:0013  HL:C4C7  AF:0902  SP:0007  PC:0C15
0C16  E1        POP H       (3)  BC:007B  DE:0013  HL:D226  AF:0902  SP:0009  PC:0C16
0C17  D1        POP D       (3)  BC:007B  DE:0013  HL:A051  AF:0902  SP:000B  PC:0C17
0C18  C1        POP B       (3)  BC:007B  DE:58EA  HL:A051  AF:0902  SP:000D  PC:0C18
0C19  F1        POP PSW     (3)  BC:8566  DE:58EA  HL:A051  AF:0902  SP:000F  PC:0C19
0C1A  22 6E 0C  SHLD 0C6E   (3)  BC:8566  DE:58EA  HL:A051  AF:DEC6  SP:0011  PC:0C1A
0C1D  2A 11 00  LHLD 0011   (3)  BC:8566  DE:58EA  HL:A051  AF:DEC6  SP:0011  PC:0C1D
0C20  F9        SPHL        (3)  BC:8566  DE:58EA  HL:9BC9  AF:DEC6  SP:0011  PC:0C20
0C21  2A 6E 0C  LHLD 0C6E   (3)  BC:8566  DE:58EA  HL:9BC9  AF:DEC6  SP:9BC9  PC:0C21
0C24  29        DAD H       (3)  BC:8566  DE:58EA  HL:A051  AF:DEC6  SP:9BC9  PC:0C24
0C25  00        NOP         (3)  BC:8566  DE:58EA  HL:40A2  AF:DEC7  SP:9BC9  PC:0C25
0C26  00        NOP         (3)  BC:8566  DE:58EA  HL:40A2  AF:DEC7  SP:9BC9  PC:0C26
0C27  00        NOP         (3)  BC:8566  DE:58EA  HL:40A2  AF:DEC7  SP:9BC9  PC:0C27
0C28  22 6E 0C  SHLD 0C6E   (3)  BC:8566  DE:58EA  HL:40A2  AF:DEC7  SP:9BC9  PC:0C28
0C2B  21 00 00  LXI H,0000  (3)  BC:8566  DE:58EA  HL:40A2  AF:DEC7  SP:9BC9  PC:0C2B
0C2E  DA 35 0C  JC 0C35     (3)  BC:8566  DE:58EA  HL:0000  AF:DEC7  SP:9BC9  PC:0C2E
0C35  39        DAD SP      (3)  BC:8566  DE:58EA  HL:0000  AF:DEC7  SP:9BC9  PC:0C35
0C36  37        STC         (3)  BC:8566  DE:58EA  HL:9BC9  AF:DEC6  SP:9BC9  PC:0C36
0C37  22 7E 0C  SHLD 0C7E   (3)  BC:8566  DE:58EA  HL:9BC9  AF:DEC7  SP:9BC9  PC:0C37
0C3A  2A 6E 0C  LHLD 0C6E   (3)  BC:8566  DE:58EA  HL:9BC9  AF:DEC7  SP:9BC9  PC:0C3A
0C3D  31 7E 0C  LXI SP,0C7E (3)  BC:8566  DE:58EA  HL:40A2  AF:DEC7  SP:9BC9  PC:0C3D
0C40  F5        PUSH PSW    (3)  BC:8566  DE:58EA  HL:40A2  AF:DEC7  SP:0C7E  PC:0C40
0C41  C5        PUSH B      (3)  BC:8566  DE:58EA  HL:40A2  AF:DEC7  SP:0C7C  PC:0C41
0C42  D5        PUSH D      (3)  BC:8566  DE:58EA  HL:40A2  AF:DEC7  SP:0C7A  PC:0C42
0C43  E5        PUSH H      (3)  BC:8566  DE:58EA  HL:40A2  AF:DEC7  SP:0C78  PC:0C43
0C44  E5        PUSH H      (3)  BC:8566  DE:58EA  HL:40A2  AF:DEC7  SP:0C76  PC:0C44
0C45  E5        PUSH H      (3)  BC:8566  DE:58EA  HL:40A2  AF:DEC7  SP:0C74  PC:0C45
0C46  2A 80 0C  LHLD 0C80   (3)  BC:8566  DE:58EA  HL:40A2  AF:DEC7  SP:0C72  PC:0C46
0C49  F9        SPHL        (3)  BC:8566  DE:58EA  HL:7FED  AF:DEC7  SP:0C72  PC:0C49
0C4A  FB        EI          (3)  BC:8566  DE:58EA  HL:7FED  AF:DEC7  SP:7FED  PC:0C4A
0C4B  2A 03 00  LHLD 0003   (3)  BC:8566  DE:58EA  HL:7FED  AF:DEC7  SP:7FED  PC:0C4B
0C4E  22 70 0C  SHLD 0C70   (3)  BC:8566  DE:58EA  HL:C4A5  AF:DEC7  SP:7FED  PC:0C4E
0C51  21 7C 0C  LXI H,0C7C  (3)  BC:8566  DE:58EA  HL:C4A5  AF:DEC7  SP:7FED  PC:0C51
0C54  7E        MOV A,M     (3)  BC:8566  DE:58EA  HL:0C7C  AF:DEC7  SP:7FED  PC:0C54
0C55  E6 FF     ANI FF      (3)  BC:8566  DE:58EA  HL:0C7C  AF:C7C7  SP:7FED  PC:0C55
0C57  77        MOV M,A     (3)  BC:8566  DE:58EA  HL:0C7C  AF:C792  SP:7FED  PC:0C57
0C58  06 10     MVI B,10    (3)  BC:8566  DE:58EA  HL:0C7C  AF:C792  SP:7FED  PC:0C58
0C5A  11 70 0C  LXI D,0C70  (3)  BC:1066  DE:58EA  HL:0C7C  AF:C792  SP:7FED  PC:0C5A
0C5D  21 BB 0D  LXI H,0DBB  (3)  BC:1066  DE:0C70  HL:0C7C  AF:C792  SP:7FED  PC:0C5D
0C60  1A        LDAX D      (3)  BC:1066  DE:0C70  HL:0DBB  AF:C792  SP:7FED  PC:0C60
0C61  13        INX D       (3)  BC:1066  DE:0C70  HL:0DBB  AF:A592  SP:7FED  PC:0C61
0C62  CD 7F 0D  CALL 0D7F   (3)  BC:1066  DE:0C71  HL:0DBB  AF:A592  SP:7FED  PC:0C62
0C65  05        DCR B       (3)  BC:1066  DE:0C71  HL:0DBB  AF:A592  SP:7FED  PC:0C65
0C66  C2 60 0C  JNZ 0C60    (3)  BC:0F66  DE:0C71  HL:0DBB  AF:A506  SP:7FED  PC:0C66
0C60  1A        LDAX D      (3)  BC:0F66  DE:0C71  HL:0DBB  AF:A506  SP:7FED  PC:0C60
0C61  13        INX D       (3)  BC:0F66  DE:0C71  HL:0DBB  AF:C406  SP:7FED  PC:0C61
0C62  CD 7F 0D  CALL 0D7F   (3)  BC:0F66  DE:0C72  HL:0DBB  AF:C406  SP:7FED  PC:0C62
0C65  05        DCR B       (3)  BC:0F66  DE:0C72  HL:0DBB  AF:C406  SP:7FED  PC:0C65
0C66  C2 60 0C  JNZ 0C60    (3)  BC:0E66  DE:0C72  HL:0DBB  AF:C412  SP:7FED  PC:0C66
0C60  1A        LDAX D      (3)  BC:0E66  DE:0C72  HL:0DBB  AF:C412  SP:7FED  PC:0C60
0C61  13        INX D       (3)  BC:0E66  DE:0C72  HL:0DBB  AF:A212  SP:7FED  PC:0C61
0C62  CD 7F 0D  CALL 0D7F   (3)  BC:0E66  DE:0C73  HL:0DBB  AF:A212  SP:7FED  PC:0C62
0C65  05        DCR B       (3)  BC:0E66  DE:0C73  HL:0DBB  AF:A212  SP:7FED  PC:0C65
0C66  C2 60 0C  JNZ 0C60    (3)  BC:0D66  DE:0C73  HL:0DBB  AF:A212  SP:7FED  PC:0C66
0C60  1A        LDAX D      (3)  BC:0D66  DE:0C73  HL:0DBB  AF:A212  SP:7FED  PC:0C60
0C61  13        INX D       (3)  BC:0D66  DE:0C73  HL:0DBB  AF:4012  SP:7FED  PC:0C61
0C62  CD 7F 0D  CALL 0D7F   (3)  BC:0D66  DE:0C74  HL:0DBB  AF:4012  SP:7FED  PC:0C62
0C65  05        DCR B       (3)  BC:0D66  DE:0C74  HL:0DBB  AF:4012  SP:7FED  PC:0C65
0C66  C2 60 0C  JNZ 0C60    (3)  BC:0C66  DE:0C74  HL:0DBB  AF:4016  SP:7FED  PC:0C66
0C60  1A        LDAX D      (3)  BC:0C66  DE:0C74  HL:0DBB  AF:4016  SP:7FED  PC:0C60
0C61  13        INX D       (3)  BC:0C66  DE:0C74  HL:0DBB  AF:A216  SP:7FED  PC:0C61
0C62  CD 7F 0D  CALL 0D7F   (3)  BC:0C66  DE:0C75  HL:0DBB  AF:A216  SP:7FED  PC:0C62
0C65  05        DCR B       (3)  BC:0C66  DE:0C75  HL:0DBB  AF:A216  SP:7FED  PC:0C65
0C66  C2 60 0C  JNZ 0C60    (3)  BC:0B66  DE:0C75  HL:0DBB  AF:A212  SP:7FED  PC:0C66
0C60  1A        LDAX D      (3)  BC:0B66  DE:0C75  HL:0DBB  AF:A212  SP:7FED  PC:0C60
0C61  13        INX D       (3)  BC:0B66  DE:0C75  HL:0DBB  AF:4012  SP:7FED  PC:0C61
0C62  CD 7F 0D  CALL 0D7F   (3)  BC:0B66  DE:0C76  HL:0DBB  AF:4012  SP:7FED  PC:0C62
0C65  05        DCR B       (3)  BC:0B66  DE:0C76  HL:0DBB  AF:4012  SP:7FED  PC:0C65
0C66  C2 60 0C  JNZ 0C60    (3)  BC:0A66  DE:0C76  HL:0DBB  AF:4016  SP:7FED  PC:0C66
0C60  1A        LDAX D      (3)  BC:0A66  DE:0C76  HL:0DBB  AF:4016  SP:7FED  PC:0C60
0C61  13        INX D       (3)  BC:0A66  DE:0C76  HL:0DBB  AF:A216  SP:7FED  PC:0C61
0C62  CD 7F 0D  CALL 0D7F   (3)  BC:0A66  DE:0C77  HL:0DBB  AF:A216  SP:7FED  PC:0C62
0C65  05        DCR B       (3)  BC:0A66  DE:0C77  HL:0DBB  AF:A216  SP:7FED  PC:0C65
0C66  C2 60 0C  JNZ 0C60    (3)  BC:0966  DE:0C77  HL:0DBB  AF:A216  SP:7FED  PC:0C66
0C60  1A        LDAX D      (3)  BC:0966  DE:0C77  HL:0DBB  AF:A216  SP:7FED  PC:0C60
0C61  13        INX D       (3)  BC:0966  DE:0C77  HL:0DBB  AF:4016  SP:7FED  PC:0C61
0C62  CD 7F 0D  CALL 0D7F   (3)  BC:0966  DE:0C78  HL:0DBB  AF:4016  SP:7FED  PC:0C62
0C65  05        DCR B       (3)  BC:0966  DE:0C78  HL:0DBB  AF:4016  SP:7FED  PC:0C65
0C66  C2 60 0C  JNZ 0C60    (3)  BC:0866  DE:0C78  HL:0DBB  AF:4012  SP:7FED  PC:0C66
0C60  1A        LDAX D      (3)  BC:0866  DE:0C78  HL:0DBB  AF:4012  SP:7FED  PC:0C60
0C61  13        INX D       (3)  BC:0866  DE:0C78  HL:0DBB  AF:EA12  SP:7FED  PC:0C61
0C62  CD 7F 0D  CALL 0D7F   (3)  BC:0866  DE:0C79  HL:0DBB  AF:EA12  SP:7FED  PC:0C62
0C65  05        DCR B       (3)  BC:0866  DE:0C79  HL:0DBB  AF:EA12  SP:7FED  PC:0C65
0C66  C2 60 0C  JNZ 0C60    (3)  BC:0766  DE:0C79  HL:0DBB  AF:EA12  SP:7FED  PC:0C66
0C60  1A        LDAX D      (3)  BC:0766  DE:0C79  HL:0DBB  AF:EA12  SP:7FED  PC:0C60
0C61  13        INX D       (3)  BC:0766  DE:0C79  HL:0DBB  AF:5812  SP:7FED  PC:0C61
0C62  CD 7F 0D  CALL 0D7F   (3)  BC:0766  DE:0C7A  HL:0DBB  AF:5812  SP:7FED  PC:0C62
0C65  05        DCR B       (3)  BC:0766  DE:0C7A  HL:0DBB  AF:5812  SP:7FED  PC:0C65
0C66  C2 60 0C  JNZ 0C60    (3)  BC:0666  DE:0C7A  HL:0DBB  AF:5816  SP:7FED  PC:0C66
0C60  1A        LDAX D      (3)  BC:0666  DE:0C7A  HL:0DBB  AF:5816  SP:7FED  PC:0C60
0C61  13        INX D       (3)  BC:0666  DE:0C7A  HL:0DBB  AF:6616  SP:7FED  PC:0C61
0C62  CD 7F 0D  CALL 0D7F   (3)  BC:0666  DE:0C7B  HL:0DBB  AF:6616  SP:7FED  PC:0C62
0C65  05        DCR B       (3)  BC:0666  DE:0C7B  HL:0DBB  AF:6616  SP:7FED  PC:0C65
0C66  C2 60 0C  JNZ 0C60    (3)  BC:0566  DE:0C7B  HL:0DBB  AF:6616  SP:7FED  PC:0C66
0C60  1A        LDAX D      (3)  BC:0566  DE:0C7B  HL:0DBB  AF:6616  SP:7FED  PC:0C60
0C61  13        INX D       (3)  BC:0566  DE:0C7B  HL:0DBB  AF:8516  SP:7FED  PC:0C61
0C62  CD 7F 0D  CALL 0D7F   (3)  BC:0566  DE:0C7C  HL:0DBB  AF:8516  SP:7FED  PC:0C62
0C65  05        DCR B       (3)  BC:0566  DE:0C7C  HL:0DBB  AF:8516  SP:7FED  PC:0C65
0C66  C2 60 0C  JNZ 0C60    (3)  BC:0466  DE:0C7C  HL:0DBB  AF:8512  SP:7FED  PC:0C66
0C60  1A        LDAX D      (3)  BC:0466  DE:0C7C  HL:0DBB  AF:8512  SP:7FED  PC:0C60
0C61  13        INX D       (3)  BC:0466  DE:0C7C  HL:0DBB  AF:C712  SP:7FED  PC:0C61
0C62  CD 7F 0D  CALL 0D7F   (3)  BC:0466  DE:0C7D  HL:0DBB  AF:C712  SP:7FED  PC:0C62
0C65  05        DCR B       (3)  BC:0466  DE:0C7D  HL:0DBB  AF:C712  SP:7FED  PC:0C65
0C66  C2 60 0C  JNZ 0C60    (3)  BC:0366  DE:0C7D  HL:0DBB  AF:C716  SP:7FED  PC:0C66
0C60  1A        LDAX D      (3)  BC:0366  DE:0C7D  HL:0DBB  AF:C716  SP:7FED  PC:0C60
0C61  13        INX D       (3)  BC:0366  DE:0C7D  HL:0DBB  AF:DE16  SP:7FED  PC:0C61
0C62  CD 7F 0D  CALL 0D7F   (3)  BC:0366  DE:0C7E  HL:0DBB  AF:DE16  SP:7FED  PC:0C62
0C65  05        DCR B       (3)  BC:0366  DE:0C7E  HL:0DBB  AF:DE16  SP:7FED  PC:0C65
0C66  C2 60 0C  JNZ 0C60    (3)  BC:0266  DE:0C7E  HL:0DBB  AF:DE12  SP:7FED  PC:0C66
0C60  1A        LDAX D      (3)  BC:0266  DE:0C7E  HL:0DBB  AF:DE12  SP:7FED  PC:0C60
0C61  13        INX D       (3)  BC:0266  DE:0C7E  HL:0DBB  AF:C912  SP:7FED  PC:0C61
0C62  CD 7F 0D  CALL 0D7F   (3)  BC:0266  DE:0C7F  HL:0DBB  AF:C912  SP:7FED  PC:0C62
0C65  05        DCR B       (3)  BC:0266  DE:0C7F  HL:0DBB  AF:C912  SP:7FED  PC:0C65
0C66  C2 60 0C  JNZ 0C60    (3)  BC:0166  DE:0C7F  HL:0DBB  AF:C912  SP:7FED  PC:0C66
0C60  1A        LDAX D      (3)  BC:0166  DE:0C7F  HL:0DBB  AF:C912  SP:7FED  PC:0C60
0C61  13        INX D       (3)  BC:0166  DE:0C7F  HL:0DBB  AF:9B12  SP:7FED  PC:0C61
0C62  CD 7F 0D  CALL 0D7F   (3)  BC:0166  DE:0C80  HL:0DBB  AF:9B12  SP:7FED  PC:0C62
0C65  05        DCR B       (3)  BC:0166  DE:0C80  HL:0DBB  AF:9B12  SP:7FED  PC:0C65
0C66  C2 60 0C  JNZ 0C60    (3)  BC:0066  DE:0C80  HL:0DBB  AF:9B56  SP:7FED  PC:0C66
0C69  E1        POP H       (3)  BC:0066  DE:0C80  HL:0DBB  AF:9B56  SP:7FED  PC:0C69
0C6A  D1        POP D       (3)  BC:0066  DE:0C80  HL:007B  AF:9B56  SP:7FEF  PC:0C6A
0C6B  C1        POP B       (3)  BC:0066  DE:0013  HL:007B  AF:9B56  SP:7FF1  PC:0C6B
0C6C  F1        POP PSW     (3)  BC:007B  DE:0013  HL:007B  AF:9B56  SP:7FF3  PC:0C6C
0C6D  C9        RET         (3)  BC:007B  DE:0013  HL:007B  AF:0903  SP:7FF5  PC:0C6D
0A17  CD 64 0B  CALL 0B64   (2)  BC:007B  DE:0013  HL:007B  AF:0903  SP:7FF7  PC:0A17
0B64  C5        PUSH B      (3)  BC:007B  DE:0013  HL:007B  AF:0903  SP:7FF5  PC:0B64
0B65  D5        PUSH D      (3)  BC:007B  DE:0013  HL:007B  AF:0903  SP:7FF3  PC:0B65
0B66  E5        PUSH H      (3)  BC:007B  DE:0013  HL:007B  AF:0903  SP:7FF1  PC:0B66
0B67  21 B5 0B  LXI H,0BB5  (3)  BC:007B  DE:0013  HL:007B  AF:0903  SP:7FEF  PC:0B67
0B6A  11 14 00  LXI D,0014  (3)  BC:007B  DE:0013  HL:0BB5  AF:0903  SP:7FEF  PC:0B6A
0B6D  EB        XCHG        (3)  BC:007B  DE:0014  HL:0BB5  AF:0903  SP:7FEF  PC:0B6D
0B6E  19        DAD D       (3)  BC:007B  DE:0BB5  HL:0014  AF:0903  SP:7FEF  PC:0B6E
0B6F  EB        XCHG        (3)  BC:007B  DE:0BB5  HL:0BC9  AF:0902  SP:7FEF  PC:0B6F
0B70  34        INR M       (3)  BC:007B  DE:0BC9  HL:0BB5  AF:0902  SP:7FEF  PC:0B70
0B71  7E        MOV A,M     (3)  BC:007B  DE:0BC9  HL:0BB5  AF:0906  SP:7FEF  PC:0B71
0B72  FE 00     CPI 00      (3)  BC:007B  DE:0BC9  HL:0BB5  AF:0306  SP:7FEF  PC:0B72
0B74  CA 83 0B  JZ 0B83     (3)  BC:007B  DE:0BC9  HL:0BB5  AF:0316  SP:7FEF  PC:0B74
0B77  47        MOV B,A     (3)  BC:007B  DE:0BC9  HL:0BB5  AF:0316  SP:7FEF  PC:0B77
0B78  1A        LDAX D      (3)  BC:037B  DE:0BC9  HL:0BB5  AF:0316  SP:7FEF  PC:0B78
0B79  A0        ANA B       (3)  BC:037B  DE:0BC9  HL:0BB5  AF:0016  SP:7FEF  PC:0B79
0B7A  CA 7F 0B  JZ 0B7F     (3)  BC:037B  DE:0BC9  HL:0BB5  AF:0046  SP:7FEF  PC:0B7A
0B7F  C1        POP B       (3)  BC:037B  DE:0BC9  HL:0BB5  AF:0046  SP:7FEF  PC:0B7F
0B80  D1        POP D       (3)  BC:007B  DE:0BC9  HL:0BB5  AF:0046  SP:7FF1  PC:0B80
0B81  E1        POP H       (3)  BC:007B  DE:0013  HL:0BB5  AF:0046  SP:7FF3  PC:0B81
0B82  C9        RET         (3)  BC:007B  DE:0013  HL:007B  AF:0046  SP:7FF5  PC:0B82
0A1A  C4 88 0B  CNZ 0B88    (2)  BC:007B  DE:0013  HL:007B  AF:0046  SP:7FF7  PC:0A1A
0A1D  E1        POP H       (2)  BC:007B  DE:0013  HL:007B  AF:0046  SP:7FF7  PC:0A1D
0A1E  CA 4D 0A  JZ 0A4D     (2)  BC:007B  DE:0013  HL:0067  AF:0046  SP:7FF9  PC:0A1E
0A4D  E5        PUSH H      (2)  BC:007B  DE:0013  HL:0067  AF:0046  SP:7FF9  PC:0A4D
0A4E  3E 01     MVI A,01    (2)  BC:007B  DE:0013  HL:0067  AF:0046  SP:7FF7  PC:0A4E
0A50  32 C3 0A  STA 0AC3    (2)  BC:007B  DE:0013  HL:0067  AF:0146  SP:7FF7  PC:0A50
0A53  32 E7 0A  STA 0AE7    (2)  BC:007B  DE:0013  HL:0067  AF:0146  SP:7FF7  PC:0A53
0A56  21 B5 0B  LXI H,0BB5  (2)  BC:007B  DE:0013  HL:0067  AF:0146  SP:7FF7  PC:0A56
0A59  22 C4 0A  SHLD 0AC4   (2)  BC:007B  DE:0013  HL:0BB5  AF:0146  SP:7FF7  PC:0A59
0A5C  21 DD 0B  LXI H,0BDD  (2)  BC:007B  DE:0013  HL:0BB5  AF:0146  SP:7FF7  PC:0A5C
0A5F  22 E8 0A  SHLD 0AE8   (2)  BC:007B  DE:0013  HL:0BDD  AF:0146  SP:7FF7  PC:0A5F
0A62  06 04     MVI B,04    (2)  BC:007B  DE:0013  HL:0BDD  AF:0146  SP:7FF7  PC:0A62
0A64  E1        POP H       (2)  BC:047B  DE:0013  HL:0BDD  AF:0146  SP:7FF7  PC:0A64
0A65  E5        PUSH H      (2)  BC:047B  DE:0013  HL:0067  AF:0146  SP:7FF9  PC:0A65
0A66  11 24 0C  LXI D,0C24  (2)  BC:047B  DE:0013  HL:0067  AF:0146  SP:7FF7  PC:0A66
0A69  CD 77 0A  CALL 0A77   (2)  BC:047B  DE:0C24  HL:0067  AF:0146  SP:7FF7  PC:0A69
0A77  CD 80 0A  CALL 0A80   (3)  BC:047B  DE:0C24  HL:0067  AF:0146  SP:7FF5  PC:0A77
0A7A  23        INX H       (3)  BC:047B  DE:0C25  HL:0067  AF:3956  SP:7FF5  PC:0A7A
0A7B  05        DCR B       (3)  BC:047B  DE:0C25  HL:0068  AF:3956  SP:7FF5  PC:0A7B
0A7C  C2 77 0A  JNZ 0A77    (3)  BC:037B  DE:0C25  HL:0068  AF:3916  SP:7FF5  PC:0A7C
0A77  CD 80 0A  CALL 0A80   (3)  BC:037B  DE:0C25  HL:0068  AF:3916  SP:7FF5  PC:0A77
0A7A  23        INX H       (3)  BC:037B  DE:0C26  HL:0068  AF:0056  SP:7FF5  PC:0A7A
0A7B  05        DCR B       (3)  BC:037B  DE:0C26  HL:0069  AF:0056  SP:7FF5  PC:0A7B
0A7C  C2 77 0A  JNZ 0A77    (3)  BC:027B  DE:0C26  HL:0069  AF:0012  SP:7FF5  PC:0A7C
0A77  CD 80 0A  CALL 0A80   (3)  BC:027B  DE:0C26  HL:0069  AF:0012  SP:7FF5  PC:0A77
0A7A  23        INX H       (3)  BC:027B  DE:0C27  HL:0069  AF:0056  SP:7FF5  PC:0A7A
0A7B  05        DCR B       (3)  BC:027B  DE:0C27  HL:006A  AF:0056  SP:7FF5  PC:0A7B
0A7C  C2 77 0A  JNZ 0A77    (3)  BC:017B  DE:0C27  HL:006A  AF:0012  SP:7FF5  PC:0A7C
0A77  CD 80 0A  CALL 0A80   (3)  BC:017B  DE:0C27  HL:006A  AF:0012  SP:7FF5  PC:0A77
0A7A  23        INX H       (3)  BC:017B  DE:0C28  HL:006A  AF:0056  SP:7FF5  PC:0A7A
0A7B  05        DCR B       (3)  BC:017B  DE:0C28  HL:006B  AF:0056  SP:7FF5  PC:0A7B
0A7C  C2 77 0A  JNZ 0A77    (3)  BC:007B  DE:0C28  HL:006B  AF:0056  SP:7FF5  PC:0A7C
0A7F  C9        RET         (3)  BC:007B  DE:0C28  HL:006B  AF:0056  SP:7FF5  PC:0A7F
0A6C  06 10     MVI B,10    (2)  BC:007B  DE:0C28  HL:006B  AF:0056  SP:7FF7  PC:0A6C
0A6E  11 03 00  LXI D,0003  (2)  BC:107B  DE:0C28  HL:006B  AF:0056  SP:7FF7  PC:0A6E
0A71  CD 77 0A  CALL 0A77   (2)  BC:107B  DE:0003  HL:006B  AF:0056  SP:7FF7  PC:0A71
0A77  CD 80 0A  CALL 0A80   (3)  BC:107B  DE:0003  HL:006B  AF:0056  SP:7FF5  PC:0A77
0A7A  23        INX H       (3)  BC:107B  DE:0004  HL:006B  AF:A556  SP:7FF5  PC:0A7A
0A7B  05        DCR B       (3)  BC:107B  DE:0004  HL:006C  AF:A556  SP:7FF5  PC:0A7B
0A7C  C2 77 0A  JNZ 0A77    (3)  BC:0F7B  DE:0004  HL:006C  AF:A506  SP:7FF5  PC:0A7C
0A77  CD 80 0A  CALL 0A80   (3)  BC:0F7B  DE:0004  HL:006C  AF:A506  SP:7FF5  PC:0A77
0A7A  23        INX H       (3)  BC:0F7B  DE:0005  HL:006C  AF:C456  SP:7FF5  PC:0A7A
0A7B  05        DCR B       (3)  BC:0F7B  DE:0005  HL:006D  AF:C456  SP:7FF5  PC:0A7B
0A7C  C2 77 0A  JNZ 0A77    (3)  BC:0E7B  DE:0005  HL:006D  AF:C412  SP:7FF5  PC:0A7C
0A77  CD 80 0A  CALL 0A80   (3)  BC:0E7B  DE:0005  HL:006D  AF:C412  SP:7FF5  PC:0A77
0A7A  23        INX H       (3)  BC:0E7B  DE:0006  HL:006D  AF:C756  SP:7FF5  PC:0A7A
0A7B  05        DCR B       (3)  BC:0E7B  DE:0006  HL:006E  AF:C756  SP:7FF5  PC:0A7B
0A7C  C2 77 0A  JNZ 0A77    (3)  BC:0D7B  DE:0006  HL:006E  AF:C712  SP:7FF5  PC:0A7C
0A77  CD 80 0A  CALL 0A80   (3)  BC:0D7B  DE:0006  HL:006E  AF:C712  SP:7FF5  PC:0A77
0A7A  23        INX H       (3)  BC:0D7B  DE:0007  HL:006E  AF:C456  SP:7FF5  PC:0A7A
0A7B  05        DCR B       (3)  BC:0D7B  DE:0007  HL:006F  AF:C456  SP:7FF5  PC:0A7B
0A7C  C2 77 0A  JNZ 0A77    (3)  BC:0C7B  DE:0007  HL:006F  AF:C416  SP:7FF5  PC:0A7C
0A77  CD 80 0A  CALL 0A80   (3)  BC:0C7B  DE:0007  HL:006F  AF:C416  SP:7FF5  PC:0A77
0A7A  23        INX H       (3)  BC:0C7B  DE:0008  HL:006F  AF:2656  SP:7FF5  PC:0A7A
0A7B  05        DCR B       (3)  BC:0C7B  DE:0008  HL:0070  AF:2656  SP:7FF5  PC:0A7B
0A7C  C2 77 0A  JNZ 0A77    (3)  BC:0B7B  DE:0008  HL:0070  AF:2612  SP:7FF5  PC:0A7C
0A77  CD 80 0A  CALL 0A80   (3)  BC:0B7B  DE:0008  HL:0070  AF:2612  SP:7FF5  PC:0A77
0A7A  23        INX H       (3)  BC:0B7B  DE:0009  HL:0070  AF:D256  SP:7FF5  PC:0A7A
0A7B  05        DCR B       (3)  BC:0B7B  DE:0009  HL:0071  AF:D256  SP:7FF5  PC:0A7B
0A7C  C2 77 0A  JNZ 0A77    (3)  BC:0A7B  DE:0009  HL:0071  AF:D216  SP:7FF5  PC:0A7C
0A77  CD 80 0A  CALL 0A80   (3)  BC:0A7B  DE:0009  HL:0071  AF:D216  SP:7FF5  PC:0A77
0A7A  23        INX H       (3)  BC:0A7B  DE:000A  HL:0071  AF:5157  SP:7FF5  PC:0A7A
0A7B  05        DCR B       (3)  BC:0A7B  DE:000A  HL:0072  AF:5157  SP:7FF5  PC:0A7B
0A7C  C2 77 0A  JNZ 0A77    (3)  BC:097B  DE:000A  HL:0072  AF:5117  SP:7FF5  PC:0A7C
0A77  CD 80 0A  CALL 0A80   (3)  BC:097B  DE:000A  HL:0072  AF:5117  SP:7FF5  PC:0A77
0A7A  23        INX H       (3)  BC:097B  DE:000B  HL:0072  AF:A057  SP:7FF5  PC:0A7A
0A7B  05        DCR B       (3)  BC:097B  DE:000B  HL:0073  AF:A057  SP:7FF5  PC:0A7B
0A7C  C2 77 0A  JNZ 0A77    (3)  BC:087B  DE:000B  HL:0073  AF:A013  SP:7FF5  PC:0A7C
0A77  CD 80 0A  CALL 0A80   (3)  BC:087B  DE:000B  HL:0073  AF:A013  SP:7FF5  PC:0A77
0A7A  23        INX H       (3)  BC:087B  DE:000C  HL:0073  AF:EA57  SP:7FF5  PC:0A7A
0A7B  05        DCR B       (3)  BC:087B  DE:000C  HL:0074  AF:EA57  SP:7FF5  PC:0A7B
0A7C  C2 77 0A  JNZ 0A77    (3)  BC:077B  DE:000C  HL:0074  AF:EA13  SP:7FF5  PC:0A7C
0A77  CD 80 0A  CALL 0A80   (3)  BC:077B  DE:000C  HL:0074  AF:EA13  SP:7FF5  PC:0A77
0A7A  23        INX H       (3)  BC:077B  DE:000D  HL:0074  AF:5857  SP:7FF5  PC:0A7A
0A7B  05        DCR B       (3)  BC:077B  DE:000D  HL:0075  AF:5857  SP:7FF5  PC:0A7B
0A7C  C2 77 0A  JNZ 0A77    (3)  BC:067B  DE:000D  HL:0075  AF:5817  SP:7FF5  PC:0A7C
0A77  CD 80 0A  CALL 0A80   (3)  BC:067B  DE:000D  HL:0075  AF:5817  SP:7FF5  PC:0A77
0A7A  23        INX H       (3)  BC:067B  DE:000E  HL:0075  AF:6657  SP:7FF5  PC:0A7A
0A7B  05        DCR B       (3)  BC:067B  DE:000E  HL:0076  AF:6657  SP:7FF5  PC:0A7B
0A7C  C2 77 0A  JNZ 0A77    (3)  BC:057B  DE:000E  HL:0076  AF:6617  SP:7FF5  PC:0A7C
0A77  CD 80 0A  CALL 0A80   (3)  BC:057B  DE:000E  HL:0076  AF:6617  SP:7FF5  PC:0A77
0A7A  23        INX H       (3)  BC:057B  DE:000F  HL:0076  AF:8557  SP:7FF5  PC:0A7A
0A7B  05        DCR B       (3)  BC:057B  DE:000F  HL:0077  AF:8557  SP:7FF5  PC:0A7B
0A7C  C2 77 0A  JNZ 0A77    (3)  BC:047B  DE:000F  HL:0077  AF:8513  SP:7FF5  PC:0A7C
0A77  CD 80 0A  CALL 0A80   (3)  BC:047B  DE:000F  HL:0077  AF:8513  SP:7FF5  PC:0A77
0A7A  23        INX H       (3)  BC:047B  DE:0010  HL:0077  AF:C657  SP:7FF5  PC:0A7A
0A7B  05        DCR B       (3)  BC:047B  DE:0010  HL:0078  AF:C657  SP:7FF5  PC:0A7B
0A7C  C2 77 0A  JNZ 0A77    (3)  BC:037B  DE:0010  HL:0078  AF:C617  SP:7FF5  PC:0A7C
0A77  CD 80 0A  CALL 0A80   (3)  BC:037B  DE:0010  HL:0078  AF:C617  SP:7FF5  PC:0A77
0A7A  23        INX H       (3)  BC:037B  DE:0011  HL:0078  AF:DE56  SP:7FF5  PC:0A7A
0A7B  05        DCR B       (3)  BC:037B  DE:0011  HL:0079  AF:DE56  SP:7FF5  PC:0A7B
0A7C  C2 77 0A  JNZ 0A77    (3)  BC:027B  DE:0011  HL:0079  AF:DE12  SP:7FF5  PC:0A7C
0A77  CD 80 0A  CALL 0A80   (3)  BC:027B  DE:0011  HL:0079  AF:DE12  SP:7FF5  PC:0A77
0A7A  23        INX H       (3)  BC:027B  DE:0012  HL:0079  AF:C957  SP:7FF5  PC:0A7A
0A7B  05        DCR B       (3)  BC:027B  DE:0012  HL:007A  AF:C957  SP:7FF5  PC:0A7B
0A7C  C2 77 0A  JNZ 0A77    (3)  BC:017B  DE:0012  HL:007A  AF:C913  SP:7FF5  PC:0A7C
0A77  CD 80 0A  CALL 0A80   (3)  BC:017B  DE:0012  HL:007A  AF:C913  SP:7FF5  PC:0A77
0A7A  23        INX H       (3)  BC:017B  DE:0013  HL:007A  AF:9B57  SP:7FF5  PC:0A7A
0A7B  05        DCR B       (3)  BC:017B  DE:0013  HL:007B  AF:9B57  SP:7FF5  PC:0A7B
0A7C  C2 77 0A  JNZ 0A77    (3)  BC:007B  DE:0013  HL:007B  AF:9B57  SP:7FF5  PC:0A7C
0A7F  C9        RET         (3)  BC:007B  DE:0013  HL:007B  AF:9B57  SP:7FF5  PC:0A7F
0A74  C3 00 0A  JMP 0A00    (2)  BC:007B  DE:0013  HL:007B  AF:9B57  SP:7FF7  PC:0A74
0A00  3A 24 0C  LDA 0C24    (2)  BC:007B  DE:0013  HL:007B  AF:9B57  SP:7FF7  PC:0A00
0A03  FE 76     CPI 76      (2)  BC:007B  DE:0013  HL:007B  AF:3957  SP:7FF7  PC:0A03
0A05  CA 17 0A  JZ 0A17     (2)  BC:007B  DE:0013  HL:007B  AF:3997  SP:7FF7  PC:0A05
0A08  E6 DF     ANI DF      (2)  BC:007B  DE:0013  HL:007B  AF:3997  SP:7FF7  PC:0A08
0A0A  FE DD     CPI DD      (2)  BC:007B  DE:0013  HL:007B  AF:1912  SP:7FF7  PC:0A0A
0A0C  C2 14 0A  JNZ 0A14    (2)  BC:007B  DE:0013  HL:007B  AF:1907  SP:7FF7  PC:0A0C
0A14  C4 05 0C  CNZ 0C05    (2)  BC:007B  DE:0013  HL:007B  AF:1907  SP:7FF7  PC:0A14
0C05  F5        PUSH PSW    (3)  BC:007B  DE:0013  HL:007B  AF:1907  SP:7FF5  PC:0C05
0C06  C5        PUSH B      (3)  BC:007B  DE:0013  HL:007B  AF:1907  SP:7FF3  PC:0C06
0C07  D5        PUSH D      (3)  BC:007B  DE:0013  HL:007B  AF:1907  SP:7FF1  PC:0C07
0C08  E5        PUSH H      (3)  BC:007B  DE:0013  HL:007B  AF:1907  SP:7FEF  PC:0C08
0C09  F3        DI          (3)  BC:007B  DE:0013  HL:007B  AF:1907  SP:7FED  PC:0C09
0C0A  21 00 00  LXI H,0000  (3)  BC:007B  DE:0013  HL:007B  AF:1907  SP:7FED  PC:0C0A
0C0D  39        DAD SP      (3)  BC:007B  DE:0013  HL:0000  AF:1907  SP:7FED  PC:0C0D
0C0E  22 80 0C  SHLD 0C80   (3)  BC:007B  DE:0013  HL:7FED  AF:1906  SP:7FED  PC:0C0E
0C11  31 05 00  LXI SP,0005 (3)  BC:007B  DE:0013  HL:7FED  AF:1906  SP:7FED  PC:0C11
0C14  E1        POP H       (3)  BC:007B  DE:0013  HL:7FED  AF:1906  SP:0005  PC:0C14
0C15  E1        POP H       (3)  BC:007B  DE:0013  HL:C4C7  AF:1906  SP:0007  PC:0C15
0C16  E1        POP H       (3)  BC:007B  DE:0013  HL:D226  AF:1906  SP:0009  PC:0C16
0C17  D1        POP D       (3)  BC:007B  DE:0013  HL:A051  AF:1906  SP:000B  PC:0C17
0C18  C1        POP B       (3)  BC:007B  DE:58EA  HL:A051  AF:1906  SP:000D  PC:0C18
0C19  F1        POP PSW     (3)  BC:8566  DE:58EA  HL:A051  AF:1906  SP:000F  PC:0C19
0C1A  22 6E 0C  SHLD 0C6E   (3)  BC:8566  DE:58EA  HL:A051  AF:DEC6  SP:0011  PC:0C1A
0C1D  2A 11 00  LHLD 0011   (3)  BC:8566  DE:58EA  HL:A051  AF:DEC6  SP:0011  PC:0C1D
0C20  F9        SPHL        (3)  BC:8566  DE:58EA  HL:9BC9  AF:DEC6  SP:0011  PC:0C20
0C21  2A 6E 0C  LHLD 0C6E   (3)  BC:8566  DE:58EA  HL:9BC9  AF:DEC6  SP:9BC9  PC:0C21
0C24  39        DAD SP      (3)  BC:8566  DE:58EA  HL:A051  AF:DEC6  SP:9BC9  PC:0C24
0C25  00        NOP         (3)  BC:8566  DE:58EA  HL:3C1A  AF:DEC7  SP:9BC9  PC:0C25
0C26  00        NOP         (3)  BC:8566  DE:58EA  HL:3C1A  AF:DEC7  SP:9BC9  PC:0C26
0C27  00        NOP         (3)  BC:8566  DE:58EA  HL:3C1A  AF:DEC7  SP:9BC9  PC:0C27
0C28  22 6E 0C  SHLD 0C6E   (3)  BC:8566  DE:58EA  HL:3C1A  AF:DEC7  SP:9BC9  PC:0C28
0C2B  21 00 00  LXI H,0000  (3)  BC:8566  DE:58EA  HL:3C1A  AF:DEC7  SP:9BC9  PC:0C2B
0C2E  DA 35 0C  JC 0C35     (3)  BC:8566  DE:58EA  HL:0000  AF:DEC7  SP:9BC9  PC:0C2E
0C35  39        DAD SP      (3)  BC:8566  DE:58EA  HL:0000  AF:DEC7  SP:9BC9  PC:0C35
0C36  37        STC         (3)  BC:8566  DE:58EA  HL:9BC9  AF:DEC6  SP:9BC9  PC:0C36
0C37  22 7E 0C  SHLD 0C7E   (3)  BC:8566  DE:58EA  HL:9BC9  AF:DEC7  SP:9BC9  PC:0C37
0C3A  2A 6E 0C  LHLD 0C6E   (3)  BC:8566  DE:58EA  HL:9BC9  AF:DEC7  SP:9BC9  PC:0C3A
0C3D  31 7E 0C  LXI SP,0C7E (3)  BC:8566  DE:58EA  HL:3C1A  AF:DEC7  SP:9BC9  PC:0C3D
0C40  F5        PUSH PSW    (3)  BC:8566  DE:58EA  HL:3C1A  AF:DEC7  SP:0C7E  PC:0C40
0C41  C5        PUSH B      (3)  BC:8566  DE:58EA  HL:3C1A  AF:DEC7  SP:0C7C  PC:0C41
0C42  D5        PUSH D      (3)  BC:8566  DE:58EA  HL:3C1A  AF:DEC7  SP:0C7A  PC:0C42
0C43  E5        PUSH H      (3)  BC:8566  DE:58EA  HL:3C1A  AF:DEC7  SP:0C78  PC:0C43
0C44  E5        PUSH H      (3)  BC:8566  DE:58EA  HL:3C1A  AF:DEC7  SP:0C76  PC:0C44
0C45  E5        PUSH H      (3)  BC:8566  DE:58EA  HL:3C1A  AF:DEC7  SP:0C74  PC:0C45
0C46  2A 80 0C  LHLD 0C80   (3)  BC:8566  DE:58EA  HL:3C1A  AF:DEC7  SP:0C72  PC:0C46
0C49  F9        SPHL        (3)  BC:8566  DE:58EA  HL:7FED  AF:DEC7  SP:0C72  PC:0C49
0C4A  FB        EI          (3)  BC:8566  DE:58EA  HL:7FED  AF:DEC7  SP:7FED  PC:0C4A
0C4B  2A 03 00  LHLD 0003   (3)  BC:8566  DE:58EA  HL:7FED  AF:DEC7  SP:7FED  PC:0C4B
0C4E  22 70 0C  SHLD 0C70   (3)  BC:8566  DE:58EA  HL:C4A5  AF:DEC7  SP:7FED  PC:0C4E
0C51  21 7C 0C  LXI H,0C7C  (3)  BC:8566  DE:58EA  HL:C4A5  AF:DEC7  SP:7FED  PC:0C51
0C54  7E        MOV A,M     (3)  BC:8566  DE:58EA  HL:0C7C  AF:DEC7  SP:7FED  PC:0C54
0C55  E6 FF     ANI FF      (3)  BC:8566  DE:58EA  HL:0C7C  AF:C7C7  SP:7FED  PC:0C55
0C57  77        MOV M,A     (3)  BC:8566  DE:58EA  HL:0C7C  AF:C792  SP:7FED  PC:0C57
0C58  06 10     MVI B,10    (3)  BC:8566  DE:58EA  HL:0C7C  AF:C792  SP:7FED  PC:0C58
0C5A  11 70 0C  LXI D,0C70  (3)  BC:1066  DE:58EA  HL:0C7C  AF:C792  SP:7FED  PC:0C5A
0C5D  21 BB 0D  LXI H,0DBB  (3)  BC:1066  DE:0C70  HL:0C7C  AF:C792  SP:7FED  PC:0C5D
0C60  1A        LDAX D      (3)  BC:1066  DE:0C70  HL:0DBB  AF:C792  SP:7FED  PC:0C60
0C61  13        INX D       (3)  BC:1066  DE:0C70  HL:0DBB  AF:A592  SP:7FED  PC:0C61
0C62  CD 7F 0D  CALL 0D7F   (3)  BC:1066  DE:0C71  HL:0DBB  AF:A592  SP:7FED  PC:0C62
0C65  05        DCR B       (3)  BC:1066  DE:0C71  HL:0DBB  AF:A592  SP:7FED  PC:0C65
0C66  C2 60 0C  JNZ 0C60    (3)  BC:0F66  DE:0C71  HL:0DBB  AF:A506  SP:7FED  PC:0C66
0C60  1A        LDAX D      (3)  BC:0F66  DE:0C71  HL:0DBB  AF:A506  SP:7FED  PC:0C60
0C61  13        INX D       (3)  BC:0F66  DE:0C71  HL:0DBB  AF:C406  SP:7FED  PC:0C61
0C62  CD 7F 0D  CALL 0D7F   (3)  BC:0F66  DE:0C72  HL:0DBB  AF:C406  SP:7FED  PC:0C62
0C65  05        DCR B       (3)  BC:0F66  DE:0C72  HL:0DBB  AF:C406  SP:7FED  PC:0C65
0C66  C2 60 0C  JNZ 0C60    (3)  BC:0E66  DE:0C72  HL:0DBB  AF:C412  SP:7FED  PC:0C66
0C60  1A        LDAX D      (3)  BC:0E66  DE:0C72  HL:0DBB  AF:C412  SP:7FED  PC:0C60
0C61  13        INX D       (3)  BC:0E66  DE:0C72  HL:0DBB  AF:1A12  SP:7FED  PC:0C61
0C62  CD 7F 0D  CALL 0D7F   (3)  BC:0E66  DE:0C73  HL:0DBB  AF:1A12  SP:7FED  PC:0C62
0C65  05        DCR B       (3)  BC:0E66  DE:0C73  HL:0DBB  AF:1A12  SP:7FED  PC:0C65
0C66  C2 60 0C  JNZ 0C60    (3)  BC:0D66  DE:0C73  HL:0DBB  AF:1A12  SP:7FED  PC:0C66
0C60  1A        LDAX D      (3)  BC:0D66  DE:0C73  HL:0DBB  AF:1A12  SP:7FED  PC:0C60
0C61  13        INX D       (3)  BC:0D66  DE:0C73  HL:0DBB  AF:3C12  SP:7FED  PC:0C61
0C62  CD 7F 0D  CALL 0D7F   (3)  BC:0D66  DE:0C74  HL:0DBB  AF:3C12  SP:7FED  PC:0C62
0C65  05        DCR B       (3)  BC:0D66  DE:0C74  HL:0DBB  AF:3C12  SP:7FED  PC:0C65
0C66  C2 60 0C  JNZ 0C60    (3)  BC:0C66  DE:0C74  HL:0DBB  AF:3C16  SP:7FED  PC:0C66
0C60  1A        LDAX D      (3)  BC:0C66  DE:0C74  HL:0DBB  AF:3C16  SP:7FED  PC:0C60
0C61  13        INX D       (3)  BC:0C66  DE:0C74  HL:0DBB  AF:1A16  SP:7FED  PC:0C61
0C62  CD 7F 0D  CALL 0D7F   (3)  BC:0C66  DE:0C75  HL:0DBB  AF:1A16  SP:7FED  PC:0C62
0C65  05        DCR B       (3)  BC:0C66  DE:0C75  HL:0DBB  AF:1A16  SP:7FED  PC:0C65
0C66  C2 60 0C  JNZ 0C60    (3)  BC:0B66  DE:0C75  HL:0DBB  AF:1A12  SP:7FED  PC:0C66
0C60  1A        LDAX D      (3)  BC:0B66  DE:0C75  HL:0DBB  AF:1A12  SP:7FED  PC:0C60
0C61  13        INX D       (3)  BC:0B66  DE:0C75  HL:0DBB  AF:3C12  SP:7FED  PC:0C61
0C62  CD 7F 0D  CALL 0D7F   (3)  BC:0B66  DE:0C76  HL:0DBB  AF:3C12  SP:7FED  PC:0C62
0C65  05        DCR B       (3)  BC:0B66  DE:0C76  HL:0DBB  AF:3C12  SP:7FED  PC:0C65
0C66  C2 60 0C  JNZ 0C60    (3)  BC:0A66  DE:0C76  HL:0DBB  AF:3C16  SP:7FED  PC:0C66
0C60  1A        LDAX D      (3)  BC:0A66  DE:0C76  HL:0DBB  AF:3C16  SP:7FED  PC:0C60
0C61  13        INX D       (3)  BC:0A66  DE:0C76  HL:0DBB  AF:1A16  SP:7FED  PC:0C61
0C62  CD 7F 0D  CALL 0D7F   (3)  BC:0A66  DE:0C77  HL:0DBB  AF:1A16  SP:7FED  PC:0C62
0C65  05        DCR B       (3)  BC:0A66  DE:0C77  HL:0DBB  AF:1A16  SP:7FED  PC:0C65
0C66  C2 60 0C  JNZ 0C60    (3)  BC:0966  DE:0C77  HL:0DBB  AF:1A16  SP:7FED  PC:0C66
0C60  1A        LDAX D      (3)  BC:0966  DE:0C77  HL:0DBB  AF:1A16  SP:7FED  PC:0C60
0C61  13        INX D       (3)  BC:0966  DE:0C77  HL:0DBB  AF:3C16  SP:7FED  PC:0C61
0C62  CD 7F 0D  CALL 0D7F   (3)  BC:0966  DE:0C78  HL:0DBB  AF:3C16  SP:7FED  PC:0C62
0C65  05        DCR B       (3)  BC:0966  DE:0C78  HL:0DBB  AF:3C16  SP:7FED  PC:0C65
0C66  C2 60 0C  JNZ 0C60    (3)  BC:0866  DE:0C78  HL:0DBB  AF:3C12  SP:7FED  PC:0C66
0C60  1A        LDAX D      (3)  BC:0866  DE:0C78  HL:0DBB  AF:3C12  SP:7FED  PC:0C60
0C61  13        INX D       (3)  BC:0866  DE:0C78  HL:0DBB  AF:EA12  SP:7FED  PC:0C61
0C62  CD 7F 0D  CALL 0D7F   (3)  BC:0866  DE:0C79  HL:0DBB  AF:EA12  SP:7FED  PC:0C62
0C65  05        DCR B       (3)  BC:0866  DE:0C79  HL:0DBB  AF:EA12  SP:7FED  PC:0C65
0C66  C2 60 0C  JNZ 0C60    (3)  BC:0766  DE:0C79  HL:0DBB  AF:EA12  SP:7FED  PC:0C66
0C60  1A        LDAX D      (3)  BC:0766  DE:0C79  HL:0DBB  AF:EA12  SP:7FED  PC:0C60
0C61  13        INX D       (3)  BC:0766  DE:0C79  HL:0DBB  AF:5812  SP:7FED  PC:0C61
0C62  CD 7F 0D  CALL 0D7F   (3)  BC:0766  DE:0C7A  HL:0DBB  AF:5812  SP:7FED  PC:0C62
0C65  05        DCR B       (3)  BC:0766  DE:0C7A  HL:0DBB  AF:5812  SP:7FED  PC:0C65
0C66  C2 60 0C  JNZ 0C60    (3)  BC:0666  DE:0C7A  HL:0DBB  AF:5816  SP:7FED  PC:0C66
0C60  1A        LDAX D      (3)  BC:0666  DE:0C7A  HL:0DBB  AF:5816  SP:7FED  PC:0C60
0C61  13        INX D       (3)  BC:0666  DE:0C7A  HL:0DBB  AF:6616  SP:7FED  PC:0C61
0C62  CD 7F 0D  CALL 0D7F   (3)  BC:0666  DE:0C7B  HL:0DBB  AF:6616  SP:7FED  PC:0C62
0C65  05        DCR B       (3)  BC:0666  DE:0C7B  HL:0DBB  AF:6616  SP:7FED  PC:0C65
0C66  C2 60 0C  JNZ 0C60    (3)  BC:0566  DE:0C7B  HL:0DBB  AF:6616  SP:7FED  PC:0C66
0C60  1A        LDAX D      (3)  BC:0566  DE:0C7B  HL:0DBB  AF:6616  SP:7FED  PC:0C60
0C61  13        INX D       (3)  BC:0566  DE:0C7B  HL:0DBB  AF:8516  SP:7FED  PC:0C61
0C62  CD 7F 0D  CALL 0D7F   (3)  BC:0566  DE:0C7C  HL:0DBB  AF:8516  SP:7FED  PC:0C62
0C65  05        DCR B       (3)  BC:0566  DE:0C7C  HL:0DBB  AF:8516  SP:7FED  PC:0C65
0C66  C2 60 0C  JNZ 0C60    (3)  BC:0466  DE:0C7C  HL:0DBB  AF:8512  SP:7FED  PC:0C66
0C60  1A        LDAX D      (3)  BC:0466  DE:0C7C  HL:0DBB  AF:8512  SP:7FED  PC:0C60
0C61  13        INX D       (3)  BC:0466  DE:0C7C  HL:0DBB  AF:C712  SP:7FED  PC:0C61
0C62  CD 7F 0D  CALL 0D7F   (3)  BC:0466  DE:0C7D  HL:0DBB  AF:C712  SP:7FED  PC:0C62
0C65  05        DCR B       (3)  BC:0466  DE:0C7D  HL:0DBB  AF:C712  SP:7FED  PC:0C65
0C66  C2 60 0C  JNZ 0C60    (3)  BC:0366  DE:0C7D  HL:0DBB  AF:C716  SP:7FED  PC:0C66
0C60  1A        LDAX D      (3)  BC:0366  DE:0C7D  HL:0DBB  AF:C716  SP:7FED  PC:0C60
0C61  13        INX D       (3)  BC:0366  DE:0C7D  HL:0DBB  AF:DE16  SP:7FED  PC:0C61
0C62  CD 7F 0D  CALL 0D7F   (3)  BC:0366  DE:0C7E  HL:0DBB  AF:DE16  SP:7FED  PC:0C62
0C65  05        DCR B       (3)  BC:0366  DE:0C7E  HL:0DBB  AF:DE16  SP:7FED  PC:0C65
0C66  C2 60 0C  JNZ 0C60    (3)  BC:0266  DE:0C7E  HL:0DBB  AF:DE12  SP:7FED  PC:0C66
0C60  1A        LDAX D      (3)  BC:0266  DE:0C7E  HL:0DBB  AF:DE12  SP:7FED  PC:0C60
0C61  13        INX D       (3)  BC:0266  DE:0C7E  HL:0DBB  AF:C912  SP:7FED  PC:0C61
0C62  CD 7F 0D  CALL 0D7F   (3)  BC:0266  DE:0C7F  HL:0DBB  AF:C912  SP:7FED  PC:0C62
0C65  05        DCR B       (3)  BC:0266  DE:0C7F  HL:0DBB  AF:C912  SP:7FED  PC:0C65
0C66  C2 60 0C  JNZ 0C60    (3)  BC:0166  DE:0C7F  HL:0DBB  AF:C912  SP:7FED  PC:0C66
0C60  1A        LDAX D      (3)  BC:0166  DE:0C7F  HL:0DBB  AF:C912  SP:7FED  PC:0C60
0C61  13        INX D       (3)  BC:0166  DE:0C7F  HL:0DBB  AF:9B12  SP:7FED  PC:0C61
0C62  CD 7F 0D  CALL 0D7F   (3)  BC:0166  DE:0C80  HL:0DBB  AF:9B12  SP:7FED  PC:0C62
0C65  05        DCR B       (3)  BC:0166  DE:0C80  HL:0DBB  AF:9B12  SP:7FED  PC:0C65
0C66  C2 60 0C  JNZ 0C60    (3)  BC:0066  DE:0C80  HL:0DBB  AF:9B56  SP:7FED  PC:0C66
0C69  E1        POP H       (3)  BC:0066  DE:0C80  HL:0DBB  AF:9B56  SP:7FED  PC:0C69
0C6A  D1        POP D       (3)  BC:0066  DE:0C80  HL:007B  AF:9B56  SP:7FEF  PC:0C6A
0C6B  C1        POP B       (3)  BC:0066  DE:0013  HL:007B  AF:9B56  SP:7FF1  PC:0C6B
0C6C  F1        POP PSW     (3)  BC:007B  DE:0013  HL:007B  AF:9B56  SP:7FF3  PC:0C6C
0C6D  C9        RET         (3)  BC:007B  DE:0013  HL:007B  AF:1907  SP:7FF5  PC:0C6D
0A17  CD 64 0B  CALL 0B64   (2)  BC:007B  DE:0013  HL:007B  AF:1907  SP:7FF7  PC:0A17
0B64  C5        PUSH B      (3)  BC:007B  DE:0013  HL:007B  AF:1907  SP:7FF5  PC:0B64
0B65  D5        PUSH D      (3)  BC:007B  DE:0013  HL:007B  AF:1907  SP:7FF3  PC:0B65
0B66  E5        PUSH H      (3)  BC:007B  DE:0013  HL:007B  AF:1907  SP:7FF1  PC:0B66
0B67  21 B5 0B  LXI H,0BB5  (3)  BC:007B  DE:0013  HL:007B  AF:1907  SP:7FEF  PC:0B67
0B6A  11 14 00  LXI D,0014  (3)  BC:007B  DE:0013  HL:0BB5  AF:1907  SP:7FEF  PC:0B6A
0B6D  EB        XCHG        (3)  BC:007B  DE:0014  HL:0BB5  AF:1907  SP:7FEF  PC:0B6D
0B6E  19        DAD D       (3)  BC:007B  DE:0BB5  HL:0014  AF:1907  SP:7FEF  PC:0B6E
0B6F  EB        XCHG        (3)  BC:007B  DE:0BB5  HL:0BC9  AF:1906  SP:7FEF  PC:0B6F
0B70  34        INR M       (3)  BC:007B  DE:0BC9  HL:0BB5  AF:1906  SP:7FEF  PC:0B70
0B71  7E        MOV A,M     (3)  BC:007B  DE:0BC9  HL:0BB5  AF:1902  SP:7FEF  PC:0B71
0B72  FE 00     CPI 00      (3)  BC:007B  DE:0BC9  HL:0BB5  AF:0402  SP:7FEF  PC:0B72
0B74  CA 83 0B  JZ 0B83     (3)  BC:007B  DE:0BC9  HL:0BB5  AF:0412  SP:7FEF  PC:0B74
0B77  47        MOV B,A     (3)  BC:007B  DE:0BC9  HL:0BB5  AF:0412  SP:7FEF  PC:0B77
0B78  1A        LDAX D      (3)  BC:047B  DE:0BC9  HL:0BB5  AF:0412  SP:7FEF  PC:0B78
0B79  A0        ANA B       (3)  BC:047B  DE:0BC9  HL:0BB5  AF:0012  SP:7FEF  PC:0B79
0B7A  CA 7F 0B  JZ 0B7F     (3)  BC:047B  DE:0BC9  HL:0BB5  AF:0046  SP:7FEF  PC:0B7A
0B7F  C1        POP B       (3)  BC:047B  DE:0BC9  HL:0BB5  AF:0046  SP:7FEF  PC:0B7F
0B80  D1        POP D       (3)  BC:007B  DE:0BC9  HL:0BB5  AF:0046  SP:7FF1  PC:0B80
0B81  E1        POP H       (3)  BC:007B  DE:0013  HL:0BB5  AF:0046  SP:7FF3  PC:0B81
0B82  C9        RET         (3)  BC:007B  DE:0013  HL:007B  AF:0046  SP:7FF5  PC:0B82
0A1A  C4 88 0B  CNZ 0B88    (2)  BC:007B  DE:0013  HL:007B  AF:0046  SP:7FF7  PC:0A1A
0A1D  E1        POP H       (2)  BC:007B  DE:0013  HL:007B  AF:0046  SP:7FF7  PC:0A1D
0A1E  CA 4D 0A  JZ 0A4D     (2)  BC:007B  DE:0013  HL:0067  AF:0046  SP:7FF9  PC:0A1E
0A4D  E5        PUSH H      (2)  BC:007B  DE:0013  HL:0067  AF:0046  SP:7FF9  PC:0A4D
0A4E  3E 01     MVI A,01    (2)  BC:007B  DE:0013  HL:0067  AF:0046  SP:7FF7  PC:0A4E
0A50  32 C3 0A  STA 0AC3    (2)  BC:007B  DE:0013  HL:0067  AF:0146  SP:7FF7  PC:0A50
0A53  32 E7 0A  STA 0AE7    (2)  BC:007B  DE:0013  HL:0067  AF:0146  SP:7FF7  PC:0A53
0A56  21 B5 0B  LXI H,0BB5  (2)  BC:007B  DE:0013  HL:0067  AF:0146  SP:7FF7  PC:0A56
0A59  22 C4 0A  SHLD 0AC4   (2)  BC:007B  DE:0013  HL:0BB5  AF:0146  SP:7FF7  PC:0A59
0A5C  21 DD 0B  LXI H,0BDD  (2)  BC:007B  DE:0013  HL:0BB5  AF:0146  SP:7FF7  PC:0A5C
0A5F  22 E8 0A  SHLD 0AE8   (2)  BC:007B  DE:0013  HL:0BDD  AF:0146  SP:7FF7  PC:0A5F
0A62  06 04     MVI B,04    (2)  BC:007B  DE:0013  HL:0BDD  AF:0146  SP:7FF7  PC:0A62
0A64  E1        POP H       (2)  BC:047B  DE:0013  HL:0BDD  AF:0146  SP:7FF7  PC:0A64
0A65  E5        PUSH H      (2)  BC:047B  DE:0013  HL:0067  AF:0146  SP:7FF9  PC:0A65
0A66  11 24 0C  LXI D,0C24  (2)  BC:047B  DE:0013  HL:0067  AF:0146  SP:7FF7  PC:0A66
0A69  CD 77 0A  CALL 0A77   (2)  BC:047B  DE:0C24  HL:0067  AF:0146  SP:7FF7  PC:0A69
0A77  CD 80 0A  CALL 0A80   (3)  BC:047B  DE:0C24  HL:0067  AF:0146  SP:7FF5  PC:0A77
0A7A  23        INX H       (3)  BC:047B  DE:0C25  HL:0067  AF:0956  SP:7FF5  PC:0A7A
0A7B  05        DCR B       (3)  BC:047B  DE:0C25  HL:0068  AF:0956  SP:7FF5  PC:0A7B
0A7C  C2 77 0A  JNZ 0A77    (3)  BC:037B  DE:0C25  HL:0068  AF:0916  SP:7FF5  PC:0A7C
0A77  CD 80 0A  CALL 0A80   (3)  BC:037B  DE:0C25  HL:0068  AF:0916  SP:7FF5  PC:0A77
0A7A  23        INX H       (3)  BC:037B  DE:0C26  HL:0068  AF:0056  SP:7FF5  PC:0A7A
0A7B  05        DCR B       (3)  BC:037B  DE:0C26  HL:0069  AF:0056  SP:7FF5  PC:0A7B
0A7C  C2 77 0A  JNZ 0A77    (3)  BC:027B  DE:0C26  HL:0069  AF:0012  SP:7FF5  PC:0A7C
0A77  CD 80 0A  CALL 0A80   (3)  BC:027B  DE:0C26  HL:0069  AF:0012  SP:7FF5  PC:0A77
0A7A  23        INX H       (3)  BC:027B  DE:0C27  HL:0069  AF:0056  SP:7FF5  PC:0A7A
0A7B  05        DCR B       (3)  BC:027B  DE:0C27  HL:006A  AF:0056  SP:7FF5  PC:0A7B
0A7C  C2 77 0A  JNZ 0A77    (3)  BC:017B  DE:0C27  HL:006A  AF:0012  SP:7FF5  PC:0A7C
0A77  CD 80 0A  CALL 0A80   (3)  BC:017B  DE:0C27  HL:006A  AF:0012  SP:7FF5  PC:0A77
0A7A  23        INX H       (3)  BC:017B  DE:0C28  HL:006A  AF:0056  SP:7FF5  PC:0A7A
0A7B  05        DCR B       (3)  BC:017B  DE:0C28  HL:006B  AF:0056  SP:7FF5  PC:0A7B
0A7C  C2 77 0A  JNZ 0A77    (3)  BC:007B  DE:0C28  HL:006B  AF:0056  SP:7FF5  PC:0A7C
0A7F  C9        RET         (3)  BC:007B  DE:0C28  HL:006B  AF:0056  SP:7FF5  PC:0A7F
0A6C  06 10     MVI B,10    (2)  BC:007B  DE:0C28  HL:006B  AF:0056  SP:7FF7  PC:0A6C
0A6E  11 03 00  LXI D,0003  (2)  BC:107B  DE:0C28  HL:006B  AF:0056  SP:7FF7  PC:0A6E
0A71  CD 77 0A  CALL 0A77   (2)  BC:107B  DE:0003  HL:006B  AF:0056  SP:7FF7  PC:0A71
0A77  CD 80 0A  CALL 0A80   (3)  BC:107B  DE:0003  HL:006B  AF:0056  SP:7FF5  PC:0A77
0A7A  23        INX H       (3)  BC:107B  DE:0004  HL:006B  AF:A556  SP:7FF5  PC:0A7A
0A7B  05        DCR B       (3)  BC:107B  DE:0004  HL:006C  AF:A556  SP:7FF5  PC:0A7B
0A7C  C2 77 0A  JNZ 0A77    (3)  BC:0F7B  DE:0004  HL:006C  AF:A506  SP:7FF5  PC:0A7C
0A77  CD 80 0A  CALL 0A80   (3)  BC:0F7B  DE:0004  HL:006C  AF:A506  SP:7FF5  PC:0A77
0A7A  23        INX H       (3)  BC:0F7B  DE:0005  HL:006C  AF:C456  SP:7FF5  PC:0A7A
0A7B  05        DCR B       (3)  BC:0F7B  DE:0005  HL:006D  AF:C456  SP:7FF5  PC:0A7B
0A7C  C2 77 0A  JNZ 0A77    (3)  BC:0E7B  DE:0005  HL:006D  AF:C412  SP:7FF5  PC:0A7C
0A77  CD 80 0A  CALL 0A80   (3)  BC:0E7B  DE:0005  HL:006D  AF:C412  SP:7FF5  PC:0A77
0A7A  23        INX H       (3)  BC:0E7B  DE:0006  HL:006D  AF:C756  SP:7FF5  PC:0A7A
0A7B  05        DCR B       (3)  BC:0E7B  DE:0006  HL:006E  AF:C756  SP:7FF5  PC:0A7B
0A7C  C2 77 0A  JNZ 0A77    (3)  BC:0D7B  DE:0006  HL:006E  AF:C712  SP:7FF5  PC:0A7C
0A77  CD 80 0A  CALL 0A80   (3)  BC:0D7B  DE:0006  HL:006E  AF:C712  SP:7FF5  PC:0A77
0A7A  23        INX H       (3)  BC:0D7B  DE:0007  HL:006E  AF:C456  SP:7FF5  PC:0A7A
0A7B  05        DCR B       (3)  BC:0D7B  DE:0007  HL:006F  AF:C456  SP:7FF5  PC:0A7B
0A7C  C2 77 0A  JNZ 0A77    (3)  BC:0C7B  DE:0007  HL:006F  AF:C416  SP:7FF5  PC:0A7C
0A77  CD 80 0A  CALL 0A80   (3)  BC:0C7B  DE:0007  HL:006F  AF:C416  SP:7FF5  PC:0A77
0A7A  23        INX H       (3)  BC:0C7B  DE:0008  HL:006F  AF:2656  SP:7FF5  PC:0A7A
0A7B  05        DCR B       (3)  BC:0C7B  DE:0008  HL:0070  AF:2656  SP:7FF5  PC:0A7B
0A7C  C2 77 0A  JNZ 0A77    (3)  BC:0B7B  DE:0008  HL:0070  AF:2612  SP:7FF5  PC:0A7C
0A77  CD 80 0A  CALL 0A80   (3)  BC:0B7B  DE:0008  HL:0070  AF:2612  SP:7FF5  PC:0A77
0A7A  23        INX H       (3)  BC:0B7B  DE:0009  HL:0070  AF:D256  SP:7FF5  PC:0A7A
0A7B  05        DCR B       (3)  BC:0B7B  DE:0009  HL:0071  AF:D256  SP:7FF5  PC:0A7B
0A7C  C2 77 0A  JNZ 0A77    (3)  BC:0A7B  DE:0009  HL:0071  AF:D216  SP:7FF5  PC:0A7C
0A77  CD 80 0A  CALL 0A80   (3)  BC:0A7B  DE:0009  HL:0071  AF:D216  SP:7FF5  PC:0A77
0A7A  23        INX H       (3)  BC:0A7B  DE:000A  HL:0071  AF:5157  SP:7FF5  PC:0A7A
0A7B  05        DCR B       (3)  BC:0A7B  DE:000A  HL:0072  AF:5157  SP:7FF5  PC:0A7B
0A7C  C2 77 0A  JNZ 0A77    (3)  BC:097B  DE:000A  HL:0072  AF:5117  SP:7FF5  PC:0A7C
0A77  CD 80 0A  CALL 0A80   (3)  BC:097B  DE:000A  HL:0072  AF:5117  SP:7FF5  PC:0A77
0A7A  23        INX H       (3)  BC:097B  DE:000B  HL:0072  AF:A057  SP:7FF5  PC:0A7A
0A7B  05        DCR B       (3)  BC:097B  DE:000B  HL:0073  AF:A057  SP:7FF5  PC:0A7B
0A7C  C2 77 0A  JNZ 0A77    (3)  BC:087B  DE:000B  HL:0073  AF:A013  SP:7FF5  PC:0A7C
0A77  CD 80 0A  CALL 0A80   (3)  BC:087B  DE:000B  HL:0073  AF:A013  SP:7FF5  PC:0A77
0A7A  23        INX H       (3)  BC:087B  DE:000C  HL:0073  AF:EB57  SP:7FF5  PC:0A7A
0A7B  05        DCR B       (3)  BC:087B  DE:000C  HL:0074  AF:EB57  SP:7FF5  PC:0A7B
0A7C  C2 77 0A  JNZ 0A77    (3)  BC:077B  DE:000C  HL:0074  AF:EB13  SP:7FF5  PC:0A7C
0A77  CD 80 0A  CALL 0A80   (3)  BC:077B  DE:000C  HL:0074  AF:EB13  SP:7FF5  PC:0A77
0A7A  23        INX H       (3)  BC:077B  DE:000D  HL:0074  AF:5857  SP:7FF5  PC:0A7A
0A7B  05        DCR B       (3)  BC:077B  DE:000D  HL:0075  AF:5857  SP:7FF5  PC:0A7B
0A7C  C2 77 0A  JNZ 0A77    (3)  BC:067B  DE:000D  HL:0075  AF:5817  SP:7FF5  PC:0A7C
0A77  CD 80 0A  CALL 0A80   (3)  BC:067B  DE:000D  HL:0075  AF:5817  SP:7FF5  PC:0A77
0A7A  23        INX H       (3)  BC:067B  DE:000E  HL:0075  AF:6657  SP:7FF5  PC:0A7A
0A7B  05        DCR B       (3)  BC:067B  DE:000E  HL:0076  AF:6657  SP:7FF5  PC:0A7B
0A7C  C2 77 0A  JNZ 0A77    (3)  BC:057B  DE:000E  HL:0076  AF:6617  SP:7FF5  PC:0A7C
0A77  CD 80 0A  CALL 0A80   (3)  BC:057B  DE:000E  HL:0076  AF:6617  SP:7FF5  PC:0A77
0A7A  23        INX H       (3)  BC:057B  DE:000F  HL:0076  AF:8557  SP:7FF5  PC:0A7A
0A7B  05        DCR B       (3)  BC:057B  DE:000F  HL:0077  AF:8557  SP:7FF5  PC:0A7B
0A7C  C2 77 0A  JNZ 0A77    (3)  BC:047B  DE:000F  HL:0077  AF:8513  SP:7FF5  PC:0A7C
0A77  CD 80 0A  CALL 0A80   (3)  BC:047B  DE:000F  HL:0077  AF:8513  SP:7FF5  PC:0A77
0A7A  23        INX H       (3)  BC:047B  DE:0010  HL:0077  AF:C657  SP:7FF5  PC:0A7A
0A7B  05        DCR B       (3)  BC:047B  DE:0010  HL:0078  AF:C657  SP:7FF5  PC:0A7B
0A7C  C2 77 0A  JNZ 0A77    (3)  BC:037B  DE:0010  HL:0078  AF:C617  SP:7FF5  PC:0A7C
0A77  CD 80 0A  CALL 0A80   (3)  BC:037B  DE:0010  HL:0078  AF:C617  SP:7FF5  PC:0A77
0A7A  23        INX H       (3)  BC:037B  DE:0011  HL:0078  AF:DE56  SP:7FF5  PC:0A7A
0A7B  05        DCR B       (3)  BC:037B  DE:0011  HL:0079  AF:DE56  SP:7FF5  PC:0A7B
0A7C  C2 77 0A  JNZ 0A77    (3)  BC:027B  DE:0011  HL:0079  AF:DE12  SP:7FF5  PC:0A7C
0A77  CD 80 0A  CALL 0A80   (3)  BC:027B  DE:0011  HL:0079  AF:DE12  SP:7FF5  PC:0A77
0A7A  23        INX H       (3)  BC:027B  DE:0012  HL:0079  AF:C957  SP:7FF5  PC:0A7A
0A7B  05        DCR B       (3)  BC:027B  DE:0012  HL:007A  AF:C957  SP:7FF5  PC:0A7B
0A7C  C2 77 0A  JNZ 0A77    (3)  BC:017B  DE:0012  HL:007A  AF:C913  SP:7FF5  PC:0A7C
0A77  CD 80 0A  CALL 0A80   (3)  BC:017B  DE:0012  HL:007A  AF:C913  SP:7FF5  PC:0A77
0A7A  23        INX H       (3)  BC:017B  DE:0013  HL:007A  AF:9B57  SP:7FF5  PC:0A7A
0A7B  05        DCR B       (3)  BC:017B  DE:0013  HL:007B  AF:9B57  SP:7FF5  PC:0A7B
0A7C  C2 77 0A  JNZ 0A77    (3)  BC:007B  DE:0013  HL:007B  AF:9B57  SP:7FF5  PC:0A7C
0A7F  C9        RET         (3)  BC:007B  DE:0013  HL:007B  AF:9B57  SP:7FF5  PC:0A7F
0A74  C3 00 0A  JMP 0A00    (2)  BC:007B  DE:0013  HL:007B  AF:9B57  SP:7FF7  PC:0A74
0A00  3A 24 0C  LDA 0C24    (2)  BC:007B  DE:0013  HL:007B  AF:9B57  SP:7FF7  PC:0A00
0A03  FE 76     CPI 76      (2)  BC:007B  DE:0013  HL:007B  AF:0957  SP:7FF7  PC:0A03
0A05  CA 17 0A  JZ 0A17     (2)  BC:007B  DE:0013  HL:007B  AF:0997  SP:7FF7  PC:0A05
0A08  E6 DF     ANI DF      (2)  BC:007B  DE:0013  HL:007B  AF:0997  SP:7FF7  PC:0A08
0A0A  FE DD     CPI DD      (2)  BC:007B  DE:0013  HL:007B  AF:0916  SP:7FF7  PC:0A0A
0A0C  C2 14 0A  JNZ 0A14    (2)  BC:007B  DE:0013  HL:007B  AF:0903  SP:7FF7  PC:0A0C
0A14  C4 05 0C  CNZ 0C05    (2)  BC:007B  DE:0013  HL:007B  AF:0903  SP:7FF7  PC:0A14
0C05  F5        PUSH PSW    (3)  BC:007B  DE:0013  HL:007B  AF:0903  SP:7FF5  PC:0C05
0C06  C5        PUSH B      (3)  BC:007B  DE:0013  HL:007B  AF:0903  SP:7FF3  PC:0C06
0C07  D5        PUSH D      (3)  BC:007B  DE:0013  HL:007B  AF:0903  SP:7FF1  PC:0C07
0C08  E5        PUSH H      (3)  BC:007B  DE:0013  HL:007B  AF:0903  SP:7FEF  PC:0C08
0C09  F3        DI          (3)  BC:007B  DE:0013  HL:007B  AF:0903  SP:7FED  PC:0C09
0C0A  21 00 00  LXI H,0000  (3)  BC:007B  DE:0013  HL:007B  AF:0903  SP:7FED  PC:0C0A
0C0D  39        DAD SP      (3)  BC:007B  DE:0013  HL:0000  AF:0903  SP:7FED  PC:0C0D
0C0E  22 80 0C  SHLD 0C80   (3)  BC:007B  DE:0013  HL:7FED  AF:0902  SP:7FED  PC:0C0E
0C11  31 05 00  LXI SP,0005 (3)  BC:007B  DE:0013  HL:7FED  AF:0902  SP:7FED  PC:0C11
0C14  E1        POP H       (3)  BC:007B  DE:0013  HL:7FED  AF:0902  SP:0005  PC:0C14
0C15  E1        POP H       (3)  BC:007B  DE:0013  HL:C4C7  AF:0902  SP:0007  PC:0C15
0C16  E1        POP H       (3)  BC:007B  DE:0013  HL:D226  AF:0902  SP:0009  PC:0C16
0C17  D1        POP D       (3)  BC:007B  DE:0013  HL:A051  AF:0902  SP:000B  PC:0C17
0C18  C1        POP B       (3)  BC:007B  DE:58EB  HL:A051  AF:0902  SP:000D  PC:0C18
0C19  F1        POP PSW     (3)  BC:8566  DE:58EB  HL:A051  AF:0902  SP:000F  PC:0C19
0C1A  22 6E 0C  SHLD 0C6E   (3)  BC:8566  DE:58EB  HL:A051  AF:DEC6  SP:0011  PC:0C1A
0C1D  2A 11 00  LHLD 0011   (3)  BC:8566  DE:58EB  HL:A051  AF:DEC6  SP:0011  PC:0C1D
0C20  F9        SPHL        (3)  BC:8566  DE:58EB  HL:9BC9  AF:DEC6  SP:0011  PC:0C20
0C21  2A 6E 0C  LHLD 0C6E   (3)  BC:8566  DE:58EB  HL:9BC9  AF:DEC6  SP:9BC9  PC:0C21
0C24  09        DAD B       (3)  BC:8566  DE:58EB  HL:A051  AF:DEC6  SP:9BC9  PC:0C24
0C25  00        NOP         (3)  BC:8566  DE:58EB  HL:25B7  AF:DEC7  SP:9BC9  PC:0C25
0C26  00        NOP         (3)  BC:8566  DE:58EB  HL:25B7  AF:DEC7  SP:9BC9  PC:0C26
0C27  00        NOP         (3)  BC:8566  DE:58EB  HL:25B7  AF:DEC7  SP:9BC9  PC:0C27
0C28  22 6E 0C  SHLD 0C6E   (3)  BC:8566  DE:58EB  HL:25B7  AF:DEC7  SP:9BC9  PC:0C28
0C2B  21 00 00  LXI H,0000  (3)  BC:8566  DE:58EB  HL:25B7  AF:DEC7  SP:9BC9  PC:0C2B
0C2E  DA 35 0C  JC 0C35     (3)  BC:8566  DE:58EB  HL:0000  AF:DEC7  SP:9BC9  PC:0C2E
0C35  39        DAD SP      (3)  BC:8566  DE:58EB  HL:0000  AF:DEC7  SP:9BC9  PC:0C35
0C36  37        STC         (3)  BC:8566  DE:58EB  HL:9BC9  AF:DEC6  SP:9BC9  PC:0C36
0C37  22 7E 0C  SHLD 0C7E   (3)  BC:8566  DE:58EB  HL:9BC9  AF:DEC7  SP:9BC9  PC:0C37
0C3A  2A 6E 0C  LHLD 0C6E   (3)  BC:8566  DE:58EB  HL:9BC9  AF:DEC7  SP:9BC9  PC:0C3A
0C3D  31 7E 0C  LXI SP,0C7E (3)  BC:8566  DE:58EB  HL:25B7  AF:DEC7  SP:9BC9  PC:0C3D
0C40  F5        PUSH PSW    (3)  BC:8566  DE:58EB  HL:25B7  AF:DEC7  SP:0C7E  PC:0C40
0C41  C5        PUSH B      (3)  BC:8566  DE:58EB  HL:25B7  AF:DEC7  SP:0C7C  PC:0C41
0C42  D5        PUSH D      (3)  BC:8566  DE:58EB  HL:25B7  AF:DEC7  SP:0C7A  PC:0C42
0C43  E5        PUSH H      (3)  BC:8566  DE:58EB  HL:25B7  AF:DEC7  SP:0C78  PC:0C43
0C44  E5        PUSH H      (3)  BC:8566  DE:58EB  HL:25B7  AF:DEC7  SP:0C76  PC:0C44
0C45  E5        PUSH H      (3)  BC:8566  DE:58EB  HL:25B7  AF:DEC7  SP:0C74  PC:0C45
0C46  2A 80 0C  LHLD 0C80   (3)  BC:8566  DE:58EB  HL:25B7  AF:DEC7  SP:0C72  PC:0C46
0C49  F9        SPHL        (3)  BC:8566  DE:58EB  HL:7FED  AF:DEC7  SP:0C72  PC:0C49
0C4A  FB        EI          (3)  BC:8566  DE:58EB  HL:7FED  AF:DEC7  SP:7FED  PC:0C4A
0C4B  2A 03 00  LHLD 0003   (3)  BC:8566  DE:58EB  HL:7FED  AF:DEC7  SP:7FED  PC:0C4B
0C4E  22 70 0C  SHLD 0C70   (3)  BC:8566  DE:58EB  HL:C4A5  AF:DEC7  SP:7FED  PC:0C4E
0C51  21 7C 0C  LXI H,0C7C  (3)  BC:8566  DE:58EB  HL:C4A5  AF:DEC7  SP:7FED  PC:0C51
0C54  7E        MOV A,M     (3)  BC:8566  DE:58EB  HL:0C7C  AF:DEC7  SP:7FED  PC:0C54
0C55  E6 FF     ANI FF      (3)  BC:8566  DE:58EB  HL:0C7C  AF:C7C7  SP:7FED  PC:0C55
0C57  77        MOV M,A     (3)  BC:8566  DE:58EB  HL:0C7C  AF:C792  SP:7FED  PC:0C57
0C58  06 10     MVI B,10    (3)  BC:8566  DE:58EB  HL:0C7C  AF:C792  SP:7FED  PC:0C58
0C5A  11 70 0C  LXI D,0C70  (3)  BC:1066  DE:58EB  HL:0C7C  AF:C792  SP:7FED  PC:0C5A
0C5D  21 BB 0D  LXI H,0DBB  (3)  BC:1066  DE:0C70  HL:0C7C  AF:C792  SP:7FED  PC:0C5D
0C60  1A        LDAX D      (3)  BC:1066  DE:0C70  HL:0DBB  AF:C792  SP:7FED  PC:0C60
0C61  13        INX D       (3)  BC:1066  DE:0C70  HL:0DBB  AF:A592  SP:7FED  PC:0C61
0C62  CD 7F 0D  CALL 0D7F   (3)  BC:1066  DE:0C71  HL:0DBB  AF:A592  SP:7FED  PC:0C62
0C65  05        DCR B       (3)  BC:1066  DE:0C71  HL:0DBB  AF:A592  SP:7FED  PC:0C65
0C66  C2 60 0C  JNZ 0C60    (3)  BC:0F66  DE:0C71  HL:0DBB  AF:A506  SP:7FED  PC:0C66
0C60  1A        LDAX D      (3)  BC:0F66  DE:0C71  HL:0DBB  AF:A506  SP:7FED  PC:0C60
0C61  13        INX D       (3)  BC:0F66  DE:0C71  HL:0DBB  AF:C406  SP:7FED  PC:0C61
0C62  CD 7F 0D  CALL 0D7F   (3)  BC:0F66  DE:0C72  HL:0DBB  AF:C406  SP:7FED  PC:0C62
0C65  05        DCR B       (3)  BC:0F66  DE:0C72  HL:0DBB  AF:C406  SP:7FED  PC:0C65
0C66  C2 60 0C  JNZ 0C60    (3)  BC:0E66  DE:0C72  HL:0DBB  AF:C412  SP:7FED  PC:0C66
0C60  1A        LDAX D      (3)  BC:0E66  DE:0C72  HL:0DBB  AF:C412  SP:7FED  PC:0C60
0C61  13        INX D       (3)  BC:0E66  DE:0C72  HL:0DBB  AF:B712  SP:7FED  PC:0C61
0C62  CD 7F 0D  CALL 0D7F   (3)  BC:0E66  DE:0C73  HL:0DBB  AF:B712  SP:7FED  PC:0C62
0C65  05        DCR B       (3)  BC:0E66  DE:0C73  HL:0DBB  AF:B712  SP:7FED  PC:0C65
0C66  C2 60 0C  JNZ 0C60    (3)  BC:0D66  DE:0C73  HL:0DBB  AF:B712  SP:7FED  PC:0C66
0C60  1A        LDAX D      (3)  BC:0D66  DE:0C73  HL:0DBB  AF:B712  SP:7FED  PC:0C60
0C61  13        INX D       (3)  BC:0D66  DE:0C73  HL:0DBB  AF:2512  SP:7FED  PC:0C61
0C62  CD 7F 0D  CALL 0D7F   (3)  BC:0D66  DE:0C74  HL:0DBB  AF:2512  SP:7FED  PC:0C62
0C65  05        DCR B       (3)  BC:0D66  DE:0C74  HL:0DBB  AF:2512  SP:7FED  PC:0C65
0C66  C2 60 0C  JNZ 0C60    (3)  BC:0C66  DE:0C74  HL:0DBB  AF:2516  SP:7FED  PC:0C66
0C60  1A        LDAX D      (3)  BC:0C66  DE:0C74  HL:0DBB  AF:2516  SP:7FED  PC:0C60
0C61  13        INX D       (3)  BC:0C66  DE:0C74  HL:0DBB  AF:B716  SP:7FED  PC:0C61
0C62  CD 7F 0D  CALL 0D7F   (3)  BC:0C66  DE:0C75  HL:0DBB  AF:B716  SP:7FED  PC:0C62
0C65  05        DCR B       (3)  BC:0C66  DE:0C75  HL:0DBB  AF:B716  SP:7FED  PC:0C65
0C66  C2 60 0C  JNZ 0C60    (3)  BC:0B66  DE:0C75  HL:0DBB  AF:B712  SP:7FED  PC:0C66
0C60  1A        LDAX D      (3)  BC:0B66  DE:0C75  HL:0DBB  AF:B712  SP:7FED  PC:0C60
0C61  13        INX D       (3)  BC:0B66  DE:0C75  HL:0DBB  AF:2512  SP:7FED  PC:0C61
0C62  CD 7F 0D  CALL 0D7F   (3)  BC:0B66  DE:0C76  HL:0DBB  AF:2512  SP:7FED  PC:0C62
0C65  05        DCR B       (3)  BC:0B66  DE:0C76  HL:0DBB  AF:2512  SP:7FED  PC:0C65
0C66  C2 60 0C  JNZ 0C60    (3)  BC:0A66  DE:0C76  HL:0DBB  AF:2516  SP:7FED  PC:0C66
0C60  1A        LDAX D      (3)  BC:0A66  DE:0C76  HL:0DBB  AF:2516  SP:7FED  PC:0C60
0C61  13        INX D       (3)  BC:0A66  DE:0C76  HL:0DBB  AF:B716  SP:7FED  PC:0C61
0C62  CD 7F 0D  CALL 0D7F   (3)  BC:0A66  DE:0C77  HL:0DBB  AF:B716  SP:7FED  PC:0C62
0C65  05        DCR B       (3)  BC:0A66  DE:0C77  HL:0DBB  AF:B716  SP:7FED  PC:0C65
0C66  C2 60 0C  JNZ 0C60    (3)  BC:0966  DE:0C77  HL:0DBB  AF:B716  SP:7FED  PC:0C66
0C60  1A        LDAX D      (3)  BC:0966  DE:0C77  HL:0DBB  AF:B716  SP:7FED  PC:0C60
0C61  13        INX D       (3)  BC:0966  DE:0C77  HL:0DBB  AF:2516  SP:7FED  PC:0C61
0C62  CD 7F 0D  CALL 0D7F   (3)  BC:0966  DE:0C78  HL:0DBB  AF:2516  SP:7FED  PC:0C62
0C65  05        DCR B       (3)  BC:0966  DE:0C78  HL:0DBB  AF:2516  SP:7FED  PC:0C65
0C66  C2 60 0C  JNZ 0C60    (3)  BC:0866  DE:0C78  HL:0DBB  AF:2512  SP:7FED  PC:0C66
0C60  1A        LDAX D      (3)  BC:0866  DE:0C78  HL:0DBB  AF:2512  SP:7FED  PC:0C60
0C61  13        INX D       (3)  BC:0866  DE:0C78  HL:0DBB  AF:EB12  SP:7FED  PC:0C61
0C62  CD 7F 0D  CALL 0D7F   (3)  BC:0866  DE:0C79  HL:0DBB  AF:EB12  SP:7FED  PC:0C62
0C65  05        DCR B       (3)  BC:0866  DE:0C79  HL:0DBB  AF:EB12  SP:7FED  PC:0C65
0C66  C2 60 0C  JNZ 0C60    (3)  BC:0766  DE:0C79  HL:0DBB  AF:EB12  SP:7FED  PC:0C66
0C60  1A        LDAX D      (3)  BC:0766  DE:0C79  HL:0DBB  AF:EB12  SP:7FED  PC:0C60
0C61  13        INX D       (3)  BC:0766  DE:0C79  HL:0DBB  AF:5812  SP:7FED  PC:0C61
0C62  CD 7F 0D  CALL 0D7F   (3)  BC:0766  DE:0C7A  HL:0DBB  AF:5812  SP:7FED  PC:0C62
0C65  05        DCR B       (3)  BC:0766  DE:0C7A  HL:0DBB  AF:5812  SP:7FED  PC:0C65
0C66  C2 60 0C  JNZ 0C60    (3)  BC:0666  DE:0C7A  HL:0DBB  AF:5816  SP:7FED  PC:0C66
0C60  1A        LDAX D      (3)  BC:0666  DE:0C7A  HL:0DBB  AF:5816  SP:7FED  PC:0C60
0C61  13        INX D       (3)  BC:0666  DE:0C7A  HL:0DBB  AF:6616  SP:7FED  PC:0C61
0C62  CD 7F 0D  CALL 0D7F   (3)  BC:0666  DE:0C7B  HL:0DBB  AF:6616  SP:7FED  PC:0C62
0C65  05        DCR B       (3)  BC:0666  DE:0C7B  HL:0DBB  AF:6616  SP:7FED  PC:0C65
0C66  C2 60 0C  JNZ 0C60    (3)  BC:0566  DE:0C7B  HL:0DBB  AF:6616  SP:7FED  PC:0C66
0C60  1A        LDAX D      (3)  BC:0566  DE:0C7B  HL:0DBB  AF:6616  SP:7FED  PC:0C60
0C61  13        INX D       (3)  BC:0566  DE:0C7B  HL:0DBB  AF:8516  SP:7FED  PC:0C61
0C62  CD 7F 0D  CALL 0D7F   (3)  BC:0566  DE:0C7C  HL:0DBB  AF:8516  SP:7FED  PC:0C62
0C65  05        DCR B       (3)  BC:0566  DE:0C7C  HL:0DBB  AF:8516  SP:7FED  PC:0C65
0C66  C2 60 0C  JNZ 0C60    (3)  BC:0466  DE:0C7C  HL:0DBB  AF:8512  SP:7FED  PC:0C66
0C60  1A        LDAX D      (3)  BC:0466  DE:0C7C  HL:0DBB  AF:8512  SP:7FED  PC:0C60
0C61  13        INX D       (3)  BC:0466  DE:0C7C  HL:0DBB  AF:C712  SP:7FED  PC:0C61
0C62  CD 7F 0D  CALL 0D7F   (3)  BC:0466  DE:0C7D  HL:0DBB  AF:C712  SP:7FED  PC:0C62
0C65  05        DCR B       (3)  BC:0466  DE:0C7D  HL:0DBB  AF:C712  SP:7FED  PC:0C65
0C66  C2 60 0C  JNZ 0C60    (3)  BC:0366  DE:0C7D  HL:0DBB  AF:C716  SP:7FED  PC:0C66
0C60  1A        LDAX D      (3)  BC:0366  DE:0C7D  HL:0DBB  AF:C716  SP:7FED  PC:0C60
0C61  13        INX D       (3)  BC:0366  DE:0C7D  HL:0DBB  AF:DE16  SP:7FED  PC:0C61
0C62  CD 7F 0D  CALL 0D7F   (3)  BC:0366  DE:0C7E  HL:0DBB  AF:DE16  SP:7FED  PC:0C62
0C65  05        DCR B       (3)  BC:0366  DE:0C7E  HL:0DBB  AF:DE16  SP:7FED  PC:0C65
0C66  C2 60 0C  JNZ 0C60    (3)  BC:0266  DE:0C7E  HL:0DBB  AF:DE12  SP:7FED  PC:0C66
0C60  1A        LDAX D      (3)  BC:0266  DE:0C7E  HL:0DBB  AF:DE12  SP:7FED  PC:0C60
0C61  13        INX D       (3)  BC:0266  DE:0C7E  HL:0DBB  AF:C912  SP:7FED  PC:0C61
0C62  CD 7F 0D  CALL 0D7F   (3)  BC:0266  DE:0C7F  HL:0DBB  AF:C912  SP:7FED  PC:0C62
0C65  05        DCR B       (3)  BC:0266  DE:0C7F  HL:0DBB  AF:C912  SP:7FED  PC:0C65
0C66  C2 60 0C  JNZ 0C60    (3)  BC:0166  DE:0C7F  HL:0DBB  AF:C912  SP:7FED  PC:0C66
0C60  1A        LDAX D      (3)  BC:0166  DE:0C7F  HL:0DBB  AF:C912  SP:7FED  PC:0C60
0C61  13        INX D       (3)  BC:0166  DE:0C7F  HL:0DBB  AF:9B12  SP:7FED  PC:0C61
0C62  CD 7F 0D  CALL 0D7F   (3)  BC:0166  DE:0C80  HL:0DBB  AF:9B12  SP:7FED  PC:0C62
0C65  05        DCR B       (3)  BC:0166  DE:0C80  HL:0DBB  AF:9B12  SP:7FED  PC:0C65
0C66  C2 60 0C  JNZ 0C60    (3)  BC:0066  DE:0C80  HL:0DBB  AF:9B56  SP:7FED  PC:0C66
0C69  E1        POP H       (3)  BC:0066  DE:0C80  HL:0DBB  AF:9B56  SP:7FED  PC:0C69
0C6A  D1        POP D       (3)  BC:0066  DE:0C80  HL:007B  AF:9B56  SP:7FEF  PC:0C6A
0C6B  C1        POP B       (3)  BC:0066  DE:0013  HL:007B  AF:9B56  SP:7FF1  PC:0C6B
0C6C  F1        POP PSW     (3)  BC:007B  DE:0013  HL:007B  AF:9B56  SP:7FF3  PC:0C6C
0C6D  C9        RET         (3)  BC:007B  DE:0013  HL:007B  AF:0903  SP:7FF5  PC:0C6D
0A17  CD 64 0B  CALL 0B64   (2)  BC:007B  DE:0013  HL:007B  AF:0903  SP:7FF7  PC:0A17
0B64  C5        PUSH B      (3)  BC:007B  DE:0013  HL:007B  AF:0903  SP:7FF5  PC:0B64
0B65  D5        PUSH D      (3)  BC:007B  DE:0013  HL:007B  AF:0903  SP:7FF3  PC:0B65
0B66  E5        PUSH H      (3)  BC:007B  DE:0013  HL:007B  AF:0903  SP:7FF1  PC:0B66
0B67  21 B5 0B  LXI H,0BB5  (3)  BC:007B  DE:0013  HL:007B  AF:0903  SP:7FEF  PC:0B67
0B6A  11 14 00  LXI D,0014  (3)  BC:007B  DE:0013  HL:0BB5  AF:0903  SP:7FEF  PC:0B6A
0B6D  EB        XCHG        (3)  BC:007B  DE:0014  HL:0BB5  AF:0903  SP:7FEF  PC:0B6D
0B6E  19        DAD D       (3)  BC:007B  DE:0BB5  HL:0014  AF:0903  SP:7FEF  PC:0B6E
0B6F  EB        XCHG        (3)  BC:007B  DE:0BB5  HL:0BC9  AF:0902  SP:7FEF  PC:0B6F
0B70  34        INR M       (3)  BC:007B  DE:0BC9  HL:0BB5  AF:0902  SP:7FEF  PC:0B70
0B71  7E        MOV A,M     (3)  BC:007B  DE:0BC9  HL:0BB5  AF:0906  SP:7FEF  PC:0B71
0B72  FE 00     CPI 00      (3)  BC:007B  DE:0BC9  HL:0BB5  AF:0506  SP:7FEF  PC:0B72
0B74  CA 83 0B  JZ 0B83     (3)  BC:007B  DE:0BC9  HL:0BB5  AF:0516  SP:7FEF  PC:0B74
0B77  47        MOV B,A     (3)  BC:007B  DE:0BC9  HL:0BB5  AF:0516  SP:7FEF  PC:0B77
0B78  1A        LDAX D      (3)  BC:057B  DE:0BC9  HL:0BB5  AF:0516  SP:7FEF  PC:0B78
0B79  A0        ANA B       (3)  BC:057B  DE:0BC9  HL:0BB5  AF:0016  SP:7FEF  PC:0B79
0B7A  CA 7F 0B  JZ 0B7F     (3)  BC:057B  DE:0BC9  HL:0BB5  AF:0046  SP:7FEF  PC:0B7A
0B7F  C1        POP B       (3)  BC:057B  DE:0BC9  HL:0BB5  AF:0046  SP:7FEF  PC:0B7F
0B80  D1        POP D       (3)  BC:007B  DE:0BC9  HL:0BB5  AF:0046  SP:7FF1  PC:0B80
0B81  E1        POP H       (3)  BC:007B  DE:0013  HL:0BB5  AF:0046  SP:7FF3  PC:0B81
0B82  C9        RET         (3)  BC:007B  DE:0013  HL:007B  AF:0046  SP:7FF5  PC:0B82
0A1A  C4 88 0B  CNZ 0B88    (2)  BC:007B  DE:0013  HL:007B  AF:0046  SP:7FF7  PC:0A1A
0A1D  E1        POP H       (2)  BC:007B  DE:0013  HL:007B  AF:0046  SP:7FF7  PC:0A1D
0A1E  CA 4D 0A  JZ 0A4D     (2)  BC:007B  DE:0013  HL:0067  AF:0046  SP:7FF9  PC:0A1E
0A4D  E5        PUSH H      (2)  BC:007B  DE:0013  HL:0067  AF:0046  SP:7FF9  PC:0A4D
0A4E  3E 01     MVI A,01    (2)  BC:007B  DE:0013  HL:0067  AF:0046  SP:7FF7  PC:0A4E
0A50  32 C3 0A  STA 0AC3    (2)  BC:007B  DE:0013  HL:0067  AF:0146  SP:7FF7  PC:0A50
0A53  32 E7 0A  STA 0AE7    (2)  BC:007B  DE:0013  HL:0067  AF:0146  SP:7FF7  PC:0A53
0A56  21 B5 0B  LXI H,0BB5  (2)  BC:007B  DE:0013  HL:0067  AF:0146  SP:7FF7  PC:0A56
0A59  22 C4 0A  SHLD 0AC4   (2)  BC:007B  DE:0013  HL:0BB5  AF:0146  SP:7FF7  PC:0A59
0A5C  21 DD 0B  LXI H,0BDD  (2)  BC:007B  DE:0013  HL:0BB5  AF:0146  SP:7FF7  PC:0A5C
0A5F  22 E8 0A  SHLD 0AE8   (2)  BC:007B  DE:0013  HL:0BDD  AF:0146  SP:7FF7  PC:0A5F
0A62  06 04     MVI B,04    (2)  BC:007B  DE:0013  HL:0BDD  AF:0146  SP:7FF7  PC:0A62
0A64  E1        POP H       (2)  BC:047B  DE:0013  HL:0BDD  AF:0146  SP:7FF7  PC:0A64
0A65  E5        PUSH H      (2)  BC:047B  DE:0013  HL:0067  AF:0146  SP:7FF9  PC:0A65
0A66  11 24 0C  LXI D,0C24  (2)  BC:047B  DE:0013  HL:0067  AF:0146  SP:7FF7  PC:0A66
0A69  CD 77 0A  CALL 0A77   (2)  BC:047B  DE:0C24  HL:0067  AF:0146  SP:7FF7  PC:0A69
0A77  CD 80 0A  CALL 0A80   (3)  BC:047B  DE:0C24  HL:0067  AF:0146  SP:7FF5  PC:0A77
0A7A  23        INX H       (3)  BC:047B  DE:0C25  HL:0067  AF:1956  SP:7FF5  PC:0A7A
0A7B  05        DCR B       (3)  BC:047B  DE:0C25  HL:0068  AF:1956  SP:7FF5  PC:0A7B
0A7C  C2 77 0A  JNZ 0A77    (3)  BC:037B  DE:0C25  HL:0068  AF:1916  SP:7FF5  PC:0A7C
0A77  CD 80 0A  CALL 0A80   (3)  BC:037B  DE:0C25  HL:0068  AF:1916  SP:7FF5  PC:0A77
0A7A  23        INX H       (3)  BC:037B  DE:0C26  HL:0068  AF:0056  SP:7FF5  PC:0A7A
0A7B  05        DCR B       (3)  BC:037B  DE:0C26  HL:0069  AF:0056  SP:7FF5  PC:0A7B
0A7C  C2 77 0A  JNZ 0A77    (3)  BC:027B  DE:0C26  HL:0069  AF:0012  SP:7FF5  PC:0A7C
0A77  CD 80 0A  CALL 0A80   (3)  BC:027B  DE:0C26  HL:0069  AF:0012  SP:7FF5  PC:0A77
0A7A  23        INX H       (3)  BC:027B  DE:0C27  HL:0069  AF:0056  SP:7FF5  PC:0A7A
0A7B  05        DCR B       (3)  BC:027B  DE:0C27  HL:006A  AF:0056  SP:7FF5  PC:0A7B
0A7C  C2 77 0A  JNZ 0A77    (3)  BC:017B  DE:0C27  HL:006A  AF:0012  SP:7FF5  PC:0A7C
0A77  CD 80 0A  CALL 0A80   (3)  BC:017B  DE:0C27  HL:006A  AF:0012  SP:7FF5  PC:0A77
0A7A  23        INX H       (3)  BC:017B  DE:0C28  HL:006A  AF:0056  SP:7FF5  PC:0A7A
0A7B  05        DCR B       (3)  BC:017B  DE:0C28  HL:006B  AF:0056  SP:7FF5  PC:0A7B
0A7C  C2 77 0A  JNZ 0A77    (3)  BC:007B  DE:0C28  HL:006B  AF:0056  SP:7FF5  PC:0A7C
0A7F  C9        RET         (3)  BC:007B  DE:0C28  HL:006B  AF:0056  SP:7FF5  PC:0A7F
0A6C  06 10     MVI B,10    (2)  BC:007B  DE:0C28  HL:006B  AF:0056  SP:7FF7  PC:0A6C
0A6E  11 03 00  LXI D,0003  (2)  BC:107B  DE:0C28  HL:006B  AF:0056  SP:7FF7  PC:0A6E
0A71  CD 77 0A  CALL 0A77   (2)  BC:107B  DE:0003  HL:006B  AF:0056  SP:7FF7  PC:0A71
0A77  CD 80 0A  CALL 0A80   (3)  BC:107B  DE:0003  HL:006B  AF:0056  SP:7FF5  PC:0A77
0A7A  23        INX H       (3)  BC:107B  DE:0004  HL:006B  AF:A556  SP:7FF5  PC:0A7A
0A7B  05        DCR B       (3)  BC:107B  DE:0004  HL:006C  AF:A556  SP:7FF5  PC:0A7B
0A7C  C2 77 0A  JNZ 0A77    (3)  BC:0F7B  DE:0004  HL:006C  AF:A506  SP:7FF5  PC:0A7C
0A77  CD 80 0A  CALL 0A80   (3)  BC:0F7B  DE:0004  HL:006C  AF:A506  SP:7FF5  PC:0A77
0A7A  23        INX H       (3)  BC:0F7B  DE:0005  HL:006C  AF:C456  SP:7FF5  PC:0A7A
0A7B  05        DCR B       (3)  BC:0F7B  DE:0005  HL:006D  AF:C456  SP:7FF5  PC:0A7B
0A7C  C2 77 0A  JNZ 0A77    (3)  BC:0E7B  DE:0005  HL:006D  AF:C412  SP:7FF5  PC:0A7C
0A77  CD 80 0A  CALL 0A80   (3)  BC:0E7B  DE:0005  HL:006D  AF:C412  SP:7FF5  PC:0A77
0A7A  23        INX H       (3)  BC:0E7B  DE:0006  HL:006D  AF:C756  SP:7FF5  PC:0A7A
0A7B  05        DCR B       (3)  BC:0E7B  DE:0006  HL:006E  AF:C756  SP:7FF5  PC:0A7B
0A7C  C2 77 0A  JNZ 0A77    (3)  BC:0D7B  DE:0006  HL:006E  AF:C712  SP:7FF5  PC:0A7C
0A77  CD 80 0A  CALL 0A80   (3)  BC:0D7B  DE:0006  HL:006E  AF:C712  SP:7FF5  PC:0A77
0A7A  23        INX H       (3)  BC:0D7B  DE:0007  HL:006E  AF:C456  SP:7FF5  PC:0A7A
0A7B  05        DCR B       (3)  BC:0D7B  DE:0007  HL:006F  AF:C456  SP:7FF5  PC:0A7B
0A7C  C2 77 0A  JNZ 0A77    (3)  BC:0C7B  DE:0007  HL:006F  AF:C416  SP:7FF5  PC:0A7C
0A77  CD 80 0A  CALL 0A80   (3)  BC:0C7B  DE:0007  HL:006F  AF:C416  SP:7FF5  PC:0A77
0A7A  23        INX H       (3)  BC:0C7B  DE:0008  HL:006F  AF:2656  SP:7FF5  PC:0A7A
0A7B  05        DCR B       (3)  BC:0C7B  DE:0008  HL:0070  AF:2656  SP:7FF5  PC:0A7B
0A7C  C2 77 0A  JNZ 0A77    (3)  BC:0B7B  DE:0008  HL:0070  AF:2612  SP:7FF5  PC:0A7C
0A77  CD 80 0A  CALL 0A80   (3)  BC:0B7B  DE:0008  HL:0070  AF:2612  SP:7FF5  PC:0A77
0A7A  23        INX H       (3)  BC:0B7B  DE:0009  HL:0070  AF:D256  SP:7FF5  PC:0A7A
0A7B  05        DCR B       (3)  BC:0B7B  DE:0009  HL:0071  AF:D256  SP:7FF5  PC:0A7B
0A7C  C2 77 0A  JNZ 0A77    (3)  BC:0A7B  DE:0009  HL:0071  AF:D216  SP:7FF5  PC:0A7C
0A77  CD 80 0A  CALL 0A80   (3)  BC:0A7B  DE:0009  HL:0071  AF:D216  SP:7FF5  PC:0A77
0A7A  23        INX H       (3)  BC:0A7B  DE:000A  HL:0071  AF:5157  SP:7FF5  PC:0A7A
0A7B  05        DCR B       (3)  BC:0A7B  DE:000A  HL:0072  AF:5157  SP:7FF5  PC:0A7B
0A7C  C2 77 0A  JNZ 0A77    (3)  BC:097B  DE:000A  HL:0072  AF:5117  SP:7FF5  PC:0A7C
0A77  CD 80 0A  CALL 0A80   (3)  BC:097B  DE:000A  HL:0072  AF:5117  SP:7FF5  PC:0A77
0A7A  23        INX H       (3)  BC:097B  DE:000B  HL:0072  AF:A057  SP:7FF5  PC:0A7A
0A7B  05        DCR B       (3)  BC:097B  DE:000B  HL:0073  AF:A057  SP:7FF5  PC:0A7B
0A7C  C2 77 0A  JNZ 0A77    (3)  BC:087B  DE:000B  HL:0073  AF:A013  SP:7FF5  PC:0A7C
0A77  CD 80 0A  CALL 0A80   (3)  BC:087B  DE:000B  HL:0073  AF:A013  SP:7FF5  PC:0A77
0A7A  23        INX H       (3)  BC:087B  DE:000C  HL:0073  AF:EB57  SP:7FF5  PC:0A7A
0A7B  05        DCR B       (3)  BC:087B  DE:000C  HL:0074  AF:EB57  SP:7FF5  PC:0A7B
0A7C  C2 77 0A  JNZ 0A77    (3)  BC:077B  DE:000C  HL:0074  AF:EB13  SP:7FF5  PC:0A7C
0A77  CD 80 0A  CALL 0A80   (3)  BC:077B  DE:000C  HL:0074  AF:EB13  SP:7FF5  PC:0A77
0A7A  23        INX H       (3)  BC:077B  DE:000D  HL:0074  AF:5857  SP:7FF5  PC:0A7A
0A7B  05        DCR B       (3)  BC:077B  DE:000D  HL:0075  AF:5857  SP:7FF5  PC:0A7B
0A7C  C2 77 0A  JNZ 0A77    (3)  BC:067B  DE:000D  HL:0075  AF:5817  SP:7FF5  PC:0A7C
0A77  CD 80 0A  CALL 0A80   (3)  BC:067B  DE:000D  HL:0075  AF:5817  SP:7FF5  PC:0A77
0A7A  23        INX H       (3)  BC:067B  DE:000E  HL:0075  AF:6657  SP:7FF5  PC:0A7A
0A7B  05        DCR B       (3)  BC:067B  DE:000E  HL:0076  AF:6657  SP:7FF5  PC:0A7B
0A7C  C2 77 0A  JNZ 0A77    (3)  BC:057B  DE:000E  HL:0076  AF:6617  SP:7FF5  PC:0A7C
0A77  CD 80 0A  CALL 0A80   (3)  BC:057B  DE:000E  HL:0076  AF:6617  SP:7FF5  PC:0A77
0A7A  23        INX H       (3)  BC:057B  DE:000F  HL:0076  AF:8557  SP:7FF5  PC:0A7A
0A7B  05        DCR B       (3)  BC:057B  DE:000F  HL:0077  AF:8557  SP:7FF5  PC:0A7B
0A7C  C2 77 0A  JNZ 0A77    (3)  BC:047B  DE:000F  HL:0077  AF:8513  SP:7FF5  PC:0A7C
0A77  CD 80 0A  CALL 0A80   (3)  BC:047B  DE:000F  HL:0077  AF:8513  SP:7FF5  PC:0A77
0A7A  23        INX H       (3)  BC:047B  DE:0010  HL:0077  AF:C657  SP:7FF5  PC:0A7A
0A7B  05        DCR B       (3)  BC:047B  DE:0010  HL:0078  AF:C657  SP:7FF5  PC:0A7B
0A7C  C2 77 0A  JNZ 0A77    (3)  BC:037B  DE:0010  HL:0078  AF:C617  SP:7FF5  PC:0A7C
0A77  CD 80 0A  CALL 0A80   (3)  BC:037B  DE:0010  HL:0078  AF:C617  SP:7FF5  PC:0A77
0A7A  23        INX H       (3)  BC:037B  DE:0011  HL:0078  AF:DE56  SP:7FF5  PC:0A7A
0A7B  05        DCR B       (3)  BC:037B  DE:0011  HL:0079  AF:DE56  SP:7FF5  PC:0A7B
0A7C  C2 77 0A  JNZ 0A77    (3)  BC:027B  DE:0011  HL:0079  AF:DE12  SP:7FF5  PC:0A7C
0A77  CD 80 0A  CALL 0A80   (3)  BC:027B  DE:0011  HL:0079  AF:DE12  SP:7FF5  PC:0A77
0A7A  23        INX H       (3)  BC:027B  DE:0012  HL:0079  AF:C957  SP:7FF5  PC:0A7A
0A7B  05        DCR B       (3)  BC:027B  DE:0012  HL:007A  AF:C957  SP:7FF5  PC:0A7B
0A7C  C2 77 0A  JNZ 0A77    (3)  BC:017B  DE:0012  HL:007A  AF:C913  SP:7FF5  PC:0A7C
0A77  CD 80 0A  CALL 0A80   (3)  BC:017B  DE:0012  HL:007A  AF:C913  SP:7FF5  PC:0A77
0A7A  23        INX H       (3)  BC:017B  DE:0013  HL:007A  AF:9B57  SP:7FF5  PC:0A7A
0A7B  05        DCR B       (3)  BC:017B  DE:0013  HL:007B  AF:9B57  SP:7FF5  PC:0A7B
0A7C  C2 77 0A  JNZ 0A77    (3)  BC:007B  DE:0013  HL:007B  AF:9B57  SP:7FF5  PC:0A7C
0A7F  C9        RET         (3)  BC:007B  DE:0013  HL:007B  AF:9B57  SP:7FF5  PC:0A7F
0A74  C3 00 0A  JMP 0A00    (2)  BC:007B  DE:0013  HL:007B  AF:9B57  SP:7FF7  PC:0A74
0A00  3A 24 0C  LDA 0C24    (2)  BC:007B  DE:0013  HL:007B  AF:9B57  SP:7FF7  PC:0A00
0A03  FE 76     CPI 76      (2)  BC:007B  DE:0013  HL:007B  AF:1957  SP:7FF7  PC:0A03
0A05  CA 17 0A  JZ 0A17     (2)  BC:007B  DE:0013  HL:007B  AF:1997  SP:7FF7  PC:0A05
0A08  E6 DF     ANI DF      (2)  BC:007B  DE:0013  HL:007B  AF:1997  SP:7FF7  PC:0A08
0A0A  FE DD     CPI DD      (2)  BC:007B  DE:0013  HL:007B  AF:1912  SP:7FF7  PC:0A0A
0A0C  C2 14 0A  JNZ 0A14    (2)  BC:007B  DE:0013  HL:007B  AF:1907  SP:7FF7  PC:0A0C
0A14  C4 05 0C  CNZ 0C05    (2)  BC:007B  DE:0013  HL:007B  AF:1907  SP:7FF7  PC:0A14
0C05  F5        PUSH PSW    (3)  BC:007B  DE:0013  HL:007B  AF:1907  SP:7FF5  PC:0C05
0C06  C5        PUSH B      (3)  BC:007B  DE:0013  HL:007B  AF:1907  SP:7FF3  PC:0C06
0C07  D5        PUSH D      (3)  BC:007B  DE:0013  HL:007B  AF:1907  SP:7FF1  PC:0C07
0C08  E5        PUSH H      (3)  BC:007B  DE:0013  HL:007B  AF:1907  SP:7FEF  PC:0C08
0C09  F3        DI          (3)  BC:007B  DE:0013  HL:007B  AF:1907  SP:7FED  PC:0C09
0C0A  21 00 00  LXI H,0000  (3)  BC:007B  DE:0013  HL:007B  AF:1907  SP:7FED  PC:0C0A
0C0D  39        DAD SP      (3)  BC:007B  DE:0013  HL:0000  AF:1907  SP:7FED  PC:0C0D
0C0E  22 80 0C  SHLD 0C80   (3)  BC:007B  DE:0013  HL:7FED  AF:1906  SP:7FED  PC:0C0E
0C11  31 05 00  LXI SP,0005 (3)  BC:007B  DE:0013  HL:7FED  AF:1906  SP:7FED  PC:0C11
0C14  E1        POP H       (3)  BC:007B  DE:0013  HL:7FED  AF:1906  SP:0005  PC:0C14
0C15  E1        POP H       (3)  BC:007B  DE:0013  HL:C4C7  AF:1906  SP:0007  PC:0C15
0C16  E1        POP H       (3)  BC:007B  DE:0013  HL:D226  AF:1906  SP:0009  PC:0C16
0C17  D1        POP D       (3)  BC:007B  DE:0013  HL:A051  AF:1906  SP:000B  PC:0C17
0C18  C1        POP B       (3)  BC:007B  DE:58EB  HL:A051  AF:1906  SP:000D  PC:0C18
0C19  F1        POP PSW     (3)  BC:8566  DE:58EB  HL:A051  AF:1906  SP:000F  PC:0C19
0C1A  22 6E 0C  SHLD 0C6E   (3)  BC:8566  DE:58EB  HL:A051  AF:DEC6  SP:0011  PC:0C1A
0C1D  2A 11 00  LHLD 0011   (3)  BC:8566  DE:58EB  HL:A051  AF:DEC6  SP:0011  PC:0C1D
0C20  F9        SPHL        (3)  BC:8566  DE:58EB  HL:9BC9  AF:DEC6  SP:0011  PC:0C20
0C21  2A 6E 0C  LHLD 0C6E   (3)  BC:8566  DE:58EB  HL:9BC9  AF:DEC6  SP:9BC9  PC:0C21
0C24  19        DAD D       (3)  BC:8566  DE:58EB  HL:A051  AF:DEC6  SP:9BC9  PC:0C24
0C25  00        NOP         (3)  BC:8566  DE:58EB  HL:F93C  AF:DEC6  SP:9BC9  PC:0C25
0C26  00        NOP         (3)  BC:8566  DE:58EB  HL:F93C  AF:DEC6  SP:9BC9  PC:0C26
0C27  00        NOP         (3)  BC:8566  DE:58EB  HL:F93C  AF:DEC6  SP:9BC9  PC:0C27
0C28  22 6E 0C  SHLD 0C6E   (3)  BC:8566  DE:58EB  HL:F93C  AF:DEC6  SP:9BC9  PC:0C28
0C2B  21 00 00  LXI H,0000  (3)  BC:8566  DE:58EB  HL:F93C  AF:DEC6  SP:9BC9  PC:0C2B
0C2E  DA 35 0C  JC 0C35     (3)  BC:8566  DE:58EB  HL:0000  AF:DEC6  SP:9BC9  PC:0C2E
0C31  39        DAD SP      (3)  BC:8566  DE:58EB  HL:0000  AF:DEC6  SP:9BC9  PC:0C31
0C32  C3 37 0C  JMP 0C37    (3)  BC:8566  DE:58EB  HL:9BC9  AF:DEC6  SP:9BC9  PC:0C32
0C37  22 7E 0C  SHLD 0C7E   (3)  BC:8566  DE:58EB  HL:9BC9  AF:DEC6  SP:9BC9  PC:0C37
0C3A  2A 6E 0C  LHLD 0C6E   (3)  BC:8566  DE:58EB  HL:9BC9  AF:DEC6  SP:9BC9  PC:0C3A
0C3D  31 7E 0C  LXI SP,0C7E (3)  BC:8566  DE:58EB  HL:F93C  AF:DEC6  SP:9BC9  PC:0C3D
0C40  F5        PUSH PSW    (3)  BC:8566  DE:58EB  HL:F93C  AF:DEC6  SP:0C7E  PC:0C40
0C41  C5        PUSH B      (3)  BC:8566  DE:58EB  HL:F93C  AF:DEC6  SP:0C7C  PC:0C41
0C42  D5        PUSH D      (3)  BC:8566  DE:58EB  HL:F93C  AF:DEC6  SP:0C7A  PC:0C42
0C43  E5        PUSH H      (3)  BC:8566  DE:58EB  HL:F93C  AF:DEC6  SP:0C78  PC:0C43
0C44  E5        PUSH H      (3)  BC:8566  DE:58EB  HL:F93C  AF:DEC6  SP:0C76  PC:0C44
0C45  E5        PUSH H      (3)  BC:8566  DE:58EB  HL:F93C  AF:DEC6  SP:0C74  PC:0C45
0C46  2A 80 0C  LHLD 0C80   (3)  BC:8566  DE:58EB  HL:F93C  AF:DEC6  SP:0C72  PC:0C46
0C49  F9        SPHL        (3)  BC:8566  DE:58EB  HL:7FED  AF:DEC6  SP:0C72  PC:0C49
0C4A  FB        EI          (3)  BC:8566  DE:58EB  HL:7FED  AF:DEC6  SP:7FED  PC:0C4A
0C4B  2A 03 00  LHLD 0003   (3)  BC:8566  DE:58EB  HL:7FED  AF:DEC6  SP:7FED  PC:0C4B
0C4E  22 70 0C  SHLD 0C70   (3)  BC:8566  DE:58EB  HL:C4A5  AF:DEC6  SP:7FED  PC:0C4E
0C51  21 7C 0C  LXI H,0C7C  (3)  BC:8566  DE:58EB  HL:C4A5  AF:DEC6  SP:7FED  PC:0C51
0C54  7E        MOV A,M     (3)  BC:8566  DE:58EB  HL:0C7C  AF:DEC6  SP:7FED  PC:0C54
0C55  E6 FF     ANI FF      (3)  BC:8566  DE:58EB  HL:0C7C  AF:C6C6  SP:7FED  PC:0C55
0C57  77        MOV M,A     (3)  BC:8566  DE:58EB  HL:0C7C  AF:C696  SP:7FED  PC:0C57
0C58  06 10     MVI B,10    (3)  BC:8566  DE:58EB  HL:0C7C  AF:C696  SP:7FED  PC:0C58
0C5A  11 70 0C  LXI D,0C70  (3)  BC:1066  DE:58EB  HL:0C7C  AF:C696  SP:7FED  PC:0C5A
0C5D  21 BB 0D  LXI H,0DBB  (3)  BC:1066  DE:0C70  HL:0C7C  AF:C696  SP:7FED  PC:0C5D
0C60  1A        LDAX D      (3)  BC:1066  DE:0C70  HL:0DBB  AF:C696  SP:7FED  PC:0C60
0C61  13        INX D       (3)  BC:1066  DE:0C70  HL:0DBB  AF:A596  SP:7FED  PC:0C61
0C62  CD 7F 0D  CALL 0D7F   (3)  BC:1066  DE:0C71  HL:0DBB  AF:A596  SP:7FED  PC:0C62
0C65  05        DCR B       (3)  BC:1066  DE:0C71  HL:0DBB  AF:A596  SP:7FED  PC:0C65
0C66  C2 60 0C  JNZ 0C60    (3)  BC:0F66  DE:0C71  HL:0DBB  AF:A506  SP:7FED  PC:0C66
0C60  1A        LDAX D      (3)  BC:0F66  DE:0C71  HL:0DBB  AF:A506  SP:7FED  PC:0C60
0C61  13        INX D       (3)  BC:0F66  DE:0C71  HL:0DBB  AF:C406  SP:7FED  PC:0C61
0C62  CD 7F 0D  CALL 0D7F   (3)  BC:0F66  DE:0C72  HL:0DBB  AF:C406  SP:7FED  PC:0C62
0C65  05        DCR B       (3)  BC:0F66  DE:0C72  HL:0DBB  AF:C406  SP:7FED  PC:0C65
0C66  C2 60 0C  JNZ 0C60    (3)  BC:0E66  DE:0C72  HL:0DBB  AF:C412  SP:7FED  PC:0C66
0C60  1A        LDAX D      (3)  BC:0E66  DE:0C72  HL:0DBB  AF:C412  SP:7FED  PC:0C60
0C61  13        INX D       (3)  BC:0E66  DE:0C72  HL:0DBB  AF:3C12  SP:7FED  PC:0C61
0C62  CD 7F 0D  CALL 0D7F   (3)  BC:0E66  DE:0C73  HL:0DBB  AF:3C12  SP:7FED  PC:0C62
0C65  05        DCR B       (3)  BC:0E66  DE:0C73  HL:0DBB  AF:3C12  SP:7FED  PC:0C65
0C66  C2 60 0C  JNZ 0C60    (3)  BC:0D66  DE:0C73  HL:0DBB  AF:3C12  SP:7FED  PC:0C66
0C60  1A        LDAX D      (3)  BC:0D66  DE:0C73  HL:0DBB  AF:3C12  SP:7FED  PC:0C60
0C61  13        INX D       (3)  BC:0D66  DE:0C73  HL:0DBB  AF:F912  SP:7FED  PC:0C61
0C62  CD 7F 0D  CALL 0D7F   (3)  BC:0D66  DE:0C74  HL:0DBB  AF:F912  SP:7FED  PC:0C62
0C65  05        DCR B       (3)  BC:0D66  DE:0C74  HL:0DBB  AF:F912  SP:7FED  PC:0C65
0C66  C2 60 0C  JNZ 0C60    (3)  BC:0C66  DE:0C74  HL:0DBB  AF:F916  SP:7FED  PC:0C66
0C60  1A        LDAX D      (3)  BC:0C66  DE:0C74  HL:0DBB  AF:F916  SP:7FED  PC:0C60
0C61  13        INX D       (3)  BC:0C66  DE:0C74  HL:0DBB  AF:3C16  SP:7FED  PC:0C61
0C62  CD 7F 0D  CALL 0D7F   (3)  BC:0C66  DE:0C75  HL:0DBB  AF:3C16  SP:7FED  PC:0C62
0C65  05        DCR B       (3)  BC:0C66  DE:0C75  HL:0DBB  AF:3C16  SP:7FED  PC:0C65
0C66  C2 60 0C  JNZ 0C60    (3)  BC:0B66  DE:0C75  HL:0DBB  AF:3C12  SP:7FED  PC:0C66
0C60  1A        LDAX D      (3)  BC:0B66  DE:0C75  HL:0DBB  AF:3C12  SP:7FED  PC:0C60
0C61  13        INX D       (3)  BC:0B66  DE:0C75  HL:0DBB  AF:F912  SP:7FED  PC:0C61
0C62  CD 7F 0D  CALL 0D7F   (3)  BC:0B66  DE:0C76  HL:0DBB  AF:F912  SP:7FED  PC:0C62
0C65  05        DCR B       (3)  BC:0B66  DE:0C76  HL:0DBB  AF:F912  SP:7FED  PC:0C65
0C66  C2 60 0C  JNZ 0C60    (3)  BC:0A66  DE:0C76  HL:0DBB  AF:F916  SP:7FED  PC:0C66
0C60  1A        LDAX D      (3)  BC:0A66  DE:0C76  HL:0DBB  AF:F916  SP:7FED  PC:0C60
0C61  13        INX D       (3)  BC:0A66  DE:0C76  HL:0DBB  AF:3C16  SP:7FED  PC:0C61
0C62  CD 7F 0D  CALL 0D7F   (3)  BC:0A66  DE:0C77  HL:0DBB  AF:3C16  SP:7FED  PC:0C62
0C65  05        DCR B       (3)  BC:0A66  DE:0C77  HL:0DBB  AF:3C16  SP:7FED  PC:0C65
0C66  C2 60 0C  JNZ 0C60    (3)  BC:0966  DE:0C77  HL:0DBB  AF:3C16  SP:7FED  PC:0C66
0C60  1A        LDAX D      (3)  BC:0966  DE:0C77  HL:0DBB  AF:3C16  SP:7FED  PC:0C60
0C61  13        INX D       (3)  BC:0966  DE:0C77  HL:0DBB  AF:F916  SP:7FED  PC:0C61
0C62  CD 7F 0D  CALL 0D7F   (3)  BC:0966  DE:0C78  HL:0DBB  AF:F916  SP:7FED  PC:0C62
0C65  05        DCR B       (3)  BC:0966  DE:0C78  HL:0DBB  AF:F916  SP:7FED  PC:0C65
0C66  C2 60 0C  JNZ 0C60    (3)  BC:0866  DE:0C78  HL:0DBB  AF:F912  SP:7FED  PC:0C66
0C60  1A        LDAX D      (3)  BC:0866  DE:0C78  HL:0DBB  AF:F912  SP:7FED  PC:0C60
0C61  13        INX D       (3)  BC:0866  DE:0C78  HL:0DBB  AF:EB12  SP:7FED  PC:0C61
0C62  CD 7F 0D  CALL 0D7F   (3)  BC:0866  DE:0C79  HL:0DBB  AF:EB12  SP:7FED  PC:0C62
0C65  05        DCR B       (3)  BC:0866  DE:0C79  HL:0DBB  AF:EB12  SP:7FED  PC:0C65
0C66  C2 60 0C  JNZ 0C60    (3)  BC:0766  DE:0C79  HL:0DBB  AF:EB12  SP:7FED  PC:0C66
0C60  1A        LDAX D      (3)  BC:0766  DE:0C79  HL:0DBB  AF:EB12  SP:7FED  PC:0C60
0C61  13        INX D       (3)  BC:0766  DE:0C79  HL:0DBB  AF:5812  SP:7FED  PC:0C61
0C62  CD 7F 0D  CALL 0D7F   (3)  BC:0766  DE:0C7A  HL:0DBB  AF:5812  SP:7FED  PC:0C62
0C65  05        DCR B       (3)  BC:0766  DE:0C7A  HL:0DBB  AF:5812  SP:7FED  PC:0C65
0C66  C2 60 0C  JNZ 0C60    (3)  BC:0666  DE:0C7A  HL:0DBB  AF:5816  SP:7FED  PC:0C66
0C60  1A        LDAX D      (3)  BC:0666  DE:0C7A  HL:0DBB  AF:5816  SP:7FED  PC:0C60
0C61  13        INX D       (3)  BC:0666  DE:0C7A  HL:0DBB  AF:6616  SP:7FED  PC:0C61
0C62  CD 7F 0D  CALL 0D7F   (3)  BC:0666  DE:0C7B  HL:0DBB  AF:6616  SP:7FED  PC:0C62
0C65  05        DCR B       (3)  BC:0666  DE:0C7B  HL:0DBB  AF:6616  SP:7FED  PC:0C65
0C66  C2 60 0C  JNZ 0C60    (3)  BC:0566  DE:0C7B  HL:0DBB  AF:6616  SP:7FED  PC:0C66
0C60  1A        LDAX D      (3)  BC:0566  DE:0C7B  HL:0DBB  AF:6616  SP:7FED  PC:0C60
0C61  13        INX D       (3)  BC:0566  DE:0C7B  HL:0DBB  AF:8516  SP:7FED  PC:0C61
0C62  CD 7F 0D  CALL 0D7F   (3)  BC:0566  DE:0C7C  HL:0DBB  AF:8516  SP:7FED  PC:0C62
0C65  05        DCR B       (3)  BC:0566  DE:0C7C  HL:0DBB  AF:8516  SP:7FED  PC:0C65
0C66  C2 60 0C  JNZ 0C60    (3)  BC:0466  DE:0C7C  HL:0DBB  AF:8512  SP:7FED  PC:0C66
0C60  1A        LDAX D      (3)  BC:0466  DE:0C7C  HL:0DBB  AF:8512  SP:7FED  PC:0C60
0C61  13        INX D       (3)  BC:0466  DE:0C7C  HL:0DBB  AF:C612  SP:7FED  PC:0C61
0C62  CD 7F 0D  CALL 0D7F   (3)  BC:0466  DE:0C7D  HL:0DBB  AF:C612  SP:7FED  PC:0C62
0C65  05        DCR B       (3)  BC:0466  DE:0C7D  HL:0DBB  AF:C612  SP:7FED  PC:0C65
0C66  C2 60 0C  JNZ 0C60    (3)  BC:0366  DE:0C7D  HL:0DBB  AF:C616  SP:7FED  PC:0C66
0C60  1A        LDAX D      (3)  BC:0366  DE:0C7D  HL:0DBB  AF:C616  SP:7FED  PC:0C60
0C61  13        INX D       (3)  BC:0366  DE:0C7D  HL:0DBB  AF:DE16  SP:7FED  PC:0C61
0C62  CD 7F 0D  CALL 0D7F   (3)  BC:0366  DE:0C7E  HL:0DBB  AF:DE16  SP:7FED  PC:0C62
0C65  05        DCR B       (3)  BC:0366  DE:0C7E  HL:0DBB  AF:DE16  SP:7FED  PC:0C65
0C66  C2 60 0C  JNZ 0C60    (3)  BC:0266  DE:0C7E  HL:0DBB  AF:DE12  SP:7FED  PC:0C66
0C60  1A        LDAX D      (3)  BC:0266  DE:0C7E  HL:0DBB  AF:DE12  SP:7FED  PC:0C60
0C61  13        INX D       (3)  BC:0266  DE:0C7E  HL:0DBB  AF:C912  SP:7FED  PC:0C61
0C62  CD 7F 0D  CALL 0D7F   (3)  BC:0266  DE:0C7F  HL:0DBB  AF:C912  SP:7FED  PC:0C62
0C65  05        DCR B       (3)  BC:0266  DE:0C7F  HL:0DBB  AF:C912  SP:7FED  PC:0C65
0C66  C2 60 0C  JNZ 0C60    (3)  BC:0166  DE:0C7F  HL:0DBB  AF:C912  SP:7FED  PC:0C66
0C60  1A        LDAX D      (3)  BC:0166  DE:0C7F  HL:0DBB  AF:C912  SP:7FED  PC:0C60
0C61  13        INX D       (3)  BC:0166  DE:0C7F  HL:0DBB  AF:9B12  SP:7FED  PC:0C61
0C62  CD 7F 0D  CALL 0D7F   (3)  BC:0166  DE:0C80  HL:0DBB  AF:9B12  SP:7FED  PC:0C62
0C65  05        DCR B       (3)  BC:0166  DE:0C80  HL:0DBB  AF:9B12  SP:7FED  PC:0C65
0C66  C2 60 0C  JNZ 0C60    (3)  BC:0066  DE:0C80  HL:0DBB  AF:9B56  SP:7FED  PC:0C66
0C69  E1        POP H       (3)  BC:0066  DE:0C80  HL:0DBB  AF:9B56  SP:7FED  PC:0C69
0C6A  D1        POP D       (3)  BC:0066  DE:0C80  HL:007B  AF:9B56  SP:7FEF  PC:0C6A
0C6B  C1        POP B       (3)  BC:0066  DE:0013  HL:007B  AF:9B56  SP:7FF1  PC:0C6B
0C6C  F1        POP PSW     (3)  BC:007B  DE:0013  HL:007B  AF:9B56  SP:7FF3  PC:0C6C
0C6D  C9        RET         (3)  BC:007B  DE:0013  HL:007B  AF:1907  SP:7FF5  PC:0C6D
0A17  CD 64 0B  CALL 0B64   (2)  BC:007B  DE:0013  HL:007B  AF:1907  SP:7FF7  PC:0A17
0B64  C5        PUSH B      (3)  BC:007B  DE:0013  HL:007B  AF:1907  SP:7FF5  PC:0B64
0B65  D5        PUSH D      (3)  BC:007B  DE:0013  HL:007B  AF:1907  SP:7FF3  PC:0B65
0B66  E5        PUSH H      (3)  BC:007B  DE:0013  HL:007B  AF:1907  SP:7FF1  PC:0B66
0B67  21 B5 0B  LXI H,0BB5  (3)  BC:007B  DE:0013  HL:007B  AF:1907  SP:7FEF  PC:0B67
0B6A  11 14 00  LXI D,0014  (3)  BC:007B  DE:0013  HL:0BB5  AF:1907  SP:7FEF  PC:0B6A
0B6D  EB        XCHG        (3)  BC:007B  DE:0014  HL:0BB5  AF:1907  SP:7FEF  PC:0B6D
0B6E  19        DAD D       (3)  BC:007B  DE:0BB5  HL:0014  AF:1907  SP:7FEF  PC:0B6E
0B6F  EB        XCHG        (3)  BC:007B  DE:0BB5  HL:0BC9  AF:1906  SP:7FEF  PC:0B6F
0B70  34        INR M       (3)  BC:007B  DE:0BC9  HL:0BB5  AF:1906  SP:7FEF  PC:0B70
0B71  7E        MOV A,M     (3)  BC:007B  DE:0BC9  HL:0BB5  AF:1906  SP:7FEF  PC:0B71
0B72  FE 00     CPI 00      (3)  BC:007B  DE:0BC9  HL:0BB5  AF:0606  SP:7FEF  PC:0B72
0B74  CA 83 0B  JZ 0B83     (3)  BC:007B  DE:0BC9  HL:0BB5  AF:0616  SP:7FEF  PC:0B74
0B77  47        MOV B,A     (3)  BC:007B  DE:0BC9  HL:0BB5  AF:0616  SP:7FEF  PC:0B77
0B78  1A        LDAX D      (3)  BC:067B  DE:0BC9  HL:0BB5  AF:0616  SP:7FEF  PC:0B78
0B79  A0        ANA B       (3)  BC:067B  DE:0BC9  HL:0BB5  AF:0016  SP:7FEF  PC:0B79
0B7A  CA 7F 0B  JZ 0B7F     (3)  BC:067B  DE:0BC9  HL:0BB5  AF:0046  SP:7FEF  PC:0B7A
0B7F  C1        POP B       (3)  BC:067B  DE:0BC9  HL:0BB5  AF:0046  SP:7FEF  PC:0B7F
0B80  D1        POP D       (3)  BC:007B  DE:0BC9  HL:0BB5  AF:0046  SP:7FF1  PC:0B80
0B81  E1        POP H       (3)  BC:007B  DE:0013  HL:0BB5  AF:0046  SP:7FF3  PC:0B81
0B82  C9        RET         (3)  BC:007B  DE:0013  HL:007B  AF:0046  SP:7FF5  PC:0B82
0A1A  C4 88 0B  CNZ 0B88    (2)  BC:007B  DE:0013  HL:007B  AF:0046  SP:7FF7  PC:0A1A
0A1D  E1        POP H       (2)  BC:007B  DE:0013  HL:007B  AF:0046  SP:7FF7  PC:0A1D
0A1E  CA 4D 0A  JZ 0A4D     (2)  BC:007B  DE:0013  HL:0067  AF:0046  SP:7FF9  PC:0A1E
0A4D  E5        PUSH H      (2)  BC:007B  DE:0013  HL:0067  AF:0046  SP:7FF9  PC:0A4D
0A4E  3E 01     MVI A,01    (2)  BC:007B  DE:0013  HL:0067  AF:0046  SP:7FF7  PC:0A4E
0A50  32 C3 0A  STA 0AC3    (2)  BC:007B  DE:0013  HL:0067  AF:0146  SP:7FF7  PC:0A50
0A53  32 E7 0A  STA 0AE7    (2)  BC:007B  DE:0013  HL:0067  AF:0146  SP:7FF7  PC:0A53
0A56  21 B5 0B  LXI H,0BB5  (2)  BC:007B  DE:0013  HL:0067  AF:0146  SP:7FF7  PC:0A56
0A59  22 C4 0A  SHLD 0AC4   (2)  BC:007B  DE:0013  HL:0BB5  AF:0146  SP:7FF7  PC:0A59
0A5C  21 DD 0B  LXI H,0BDD  (2)  BC:007B  DE:0013  HL:0BB5  AF:0146  SP:7FF7  PC:0A5C
0A5F  22 E8 0A  SHLD 0AE8   (2)  BC:007B  DE:0013  HL:0BDD  AF:0146  SP:7FF7  PC:0A5F
0A62  06 04     MVI B,04    (2)  BC:007B  DE:0013  HL:0BDD  AF:0146  SP:7FF7  PC:0A62
0A64  E1        POP H       (2)  BC:047B  DE:0013  HL:0BDD  AF:0146  SP:7FF7  PC:0A64
0A65  E5        PUSH H      (2)  BC:047B  DE:0013  HL:0067  AF:0146  SP:7FF9  PC:0A65
0A66  11 24 0C  LXI D,0C24  (2)  BC:047B  DE:0013  HL:0067  AF:0146  SP:7FF7  PC:0A66
0A69  CD 77 0A  CALL 0A77   (2)  BC:047B  DE:0C24  HL:0067  AF:0146  SP:7FF7  PC:0A69
0A77  CD 80 0A  CALL 0A80   (3)  BC:047B  DE:0C24  HL:0067  AF:0146  SP:7FF5  PC:0A77
0A7A  23        INX H       (3)  BC:047B  DE:0C25  HL:0067  AF:2956  SP:7FF5  PC:0A7A
0A7B  05        DCR B       (3)  BC:047B  DE:0C25  HL:0068  AF:2956  SP:7FF5  PC:0A7B
0A7C  C2 77 0A  JNZ 0A77    (3)  BC:037B  DE:0C25  HL:0068  AF:2916  SP:7FF5  PC:0A7C
0A77  CD 80 0A  CALL 0A80   (3)  BC:037B  DE:0C25  HL:0068  AF:2916  SP:7FF5  PC:0A77
0A7A  23        INX H       (3)  BC:037B  DE:0C26  HL:0068  AF:0056  SP:7FF5  PC:0A7A
0A7B  05        DCR B       (3)  BC:037B  DE:0C26  HL:0069  AF:0056  SP:7FF5  PC:0A7B
0A7C  C2 77 0A  JNZ 0A77    (3)  BC:027B  DE:0C26  HL:0069  AF:0012  SP:7FF5  PC:0A7C
0A77  CD 80 0A  CALL 0A80   (3)  BC:027B  DE:0C26  HL:0069  AF:0012  SP:7FF5  PC:0A77
0A7A  23        INX H       (3)  BC:027B  DE:0C27  HL:0069  AF:0056  SP:7FF5  PC:0A7A
0A7B  05        DCR B       (3)  BC:027B  DE:0C27  HL:006A  AF:0056  SP:7FF5  PC:0A7B
0A7C  C2 77 0A  JNZ 0A77    (3)  BC:017B  DE:0C27  HL:006A  AF:0012  SP:7FF5  PC:0A7C
0A77  CD 80 0A  CALL 0A80   (3)  BC:017B  DE:0C27  HL:006A  AF:0012  SP:7FF5  PC:0A77
0A7A  23        INX H       (3)  BC:017B  DE:0C28  HL:006A  AF:0056  SP:7FF5  PC:0A7A
0A7B  05        DCR B       (3)  BC:017B  DE:0C28  HL:006B  AF:0056  SP:7FF5  PC:0A7B
0A7C  C2 77 0A  JNZ 0A77    (3)  BC:007B  DE:0C28  HL:006B  AF:0056  SP:7FF5  PC:0A7C
0A7F  C9        RET         (3)  BC:007B  DE:0C28  HL:006B  AF:0056  SP:7FF5  PC:0A7F
0A6C  06 10     MVI B,10    (2)  BC:007B  DE:0C28  HL:006B  AF:0056  SP:7FF7  PC:0A6C
0A6E  11 03 00  LXI D,0003  (2)  BC:107B  DE:0C28  HL:006B  AF:0056  SP:7FF7  PC:0A6E
0A71  CD 77 0A  CALL 0A77   (2)  BC:107B  DE:0003  HL:006B  AF:0056  SP:7FF7  PC:0A71
0A77  CD 80 0A  CALL 0A80   (3)  BC:107B  DE:0003  HL:006B  AF:0056  SP:7FF5  PC:0A77
0A7A  23        INX H       (3)  BC:107B  DE:0004  HL:006B  AF:A556  SP:7FF5  PC:0A7A
0A7B  05        DCR B       (3)  BC:107B  DE:0004  HL:006C  AF:A556  SP:7FF5  PC:0A7B
0A7C  C2 77 0A  JNZ 0A77    (3)  BC:0F7B  DE:0004  HL:006C  AF:A506  SP:7FF5  PC:0A7C
0A77  CD 80 0A  CALL 0A80   (3)  BC:0F7B  DE:0004  HL:006C  AF:A506  SP:7FF5  PC:0A77
0A7A  23        INX H       (3)  BC:0F7B  DE:0005  HL:006C  AF:C456  SP:7FF5  PC:0A7A
0A7B  05        DCR B       (3)  BC:0F7B  DE:0005  HL:006D  AF:C456  SP:7FF5  PC:0A7B
0A7C  C2 77 0A  JNZ 0A77    (3)  BC:0E7B  DE:0005  HL:006D  AF:C412  SP:7FF5  PC:0A7C
0A77  CD 80 0A  CALL 0A80   (3)  BC:0E7B  DE:0005  HL:006D  AF:C412  SP:7FF5  PC:0A77
0A7A  23        INX H       (3)  BC:0E7B  DE:0006  HL:006D  AF:C756  SP:7FF5  PC:0A7A
0A7B  05        DCR B       (3)  BC:0E7B  DE:0006  HL:006E  AF:C756  SP:7FF5  PC:0A7B
0A7C  C2 77 0A  JNZ 0A77    (3)  BC:0D7B  DE:0006  HL:006E  AF:C712  SP:7FF5  PC:0A7C
0A77  CD 80 0A  CALL 0A80   (3)  BC:0D7B  DE:0006  HL:006E  AF:C712  SP:7FF5  PC:0A77
0A7A  23        INX H       (3)  BC:0D7B  DE:0007  HL:006E  AF:C456  SP:7FF5  PC:0A7A
0A7B  05        DCR B       (3)  BC:0D7B  DE:0007  HL:006F  AF:C456  SP:7FF5  PC:0A7B
0A7C  C2 77 0A  JNZ 0A77    (3)  BC:0C7B  DE:0007  HL:006F  AF:C416  SP:7FF5  PC:0A7C
0A77  CD 80 0A  CALL 0A80   (3)  BC:0C7B  DE:0007  HL:006F  AF:C416  SP:7FF5  PC:0A77
0A7A  23        INX H       (3)  BC:0C7B  DE:0008  HL:006F  AF:2656  SP:7FF5  PC:0A7A
0A7B  05        DCR B       (3)  BC:0C7B  DE:0008  HL:0070  AF:2656  SP:7FF5  PC:0A7B
0A7C  C2 77 0A  JNZ 0A77    (3)  BC:0B7B  DE:0008  HL:0070  AF:2612  SP:7FF5  PC:0A7C
0A77  CD 80 0A  CALL 0A80   (3)  BC:0B7B  DE:0008  HL:0070  AF:2612  SP:7FF5  PC:0A77
0A7A  23        INX H       (3)  BC:0B7B  DE:0009  HL:0070  AF:D256  SP:7FF5  PC:0A7A
0A7B  05        DCR B       (3)  BC:0B7B  DE:0009  HL:0071  AF:D256  SP:7FF5  PC:0A7B
0A7C  C2 77 0A  JNZ 0A77    (3)  BC:0A7B  DE:0009  HL:0071  AF:D216  SP:7FF5  PC:0A7C
0A77  CD 80 0A  CALL 0A80   (3)  BC:0A7B  DE:0009  HL:0071  AF:D216  SP:7FF5  PC:0A77
0A7A  23        INX H       (3)  BC:0A7B  DE:000A  HL:0071  AF:5157  SP:7FF5  PC:0A7A
0A7B  05        DCR B       (3)  BC:0A7B  DE:000A  HL:0072  AF:5157  SP:7FF5  PC:0A7B
0A7C  C2 77 0A  JNZ 0A77    (3)  BC:097B  DE:000A  HL:0072  AF:5117  SP:7FF5  PC:0A7C
0A77  CD 80 0A  CALL 0A80   (3)  BC:097B  DE:000A  HL:0072  AF:5117  SP:7FF5  PC:0A77
0A7A  23        INX H       (3)  BC:097B  DE:000B  HL:0072  AF:A057  SP:7FF5  PC:0A7A
0A7B  05        DCR B       (3)  BC:097B  DE:000B  HL:0073  AF:A057  SP:7FF5  PC:0A7B
0A7C  C2 77 0A  JNZ 0A77    (3)  BC:087B  DE:000B  HL:0073  AF:A013  SP:7FF5  PC:0A7C
0A77  CD 80 0A  CALL 0A80   (3)  BC:087B  DE:000B  HL:0073  AF:A013  SP:7FF5  PC:0A77
0A7A  23        INX H       (3)  BC:087B  DE:000C  HL:0073  AF:EB57  SP:7FF5  PC:0A7A
0A7B  05        DCR B       (3)  BC:087B  DE:000C  HL:0074  AF:EB57  SP:7FF5  PC:0A7B
0A7C  C2 77 0A  JNZ 0A77    (3)  BC:077B  DE:000C  HL:0074  AF:EB13  SP:7FF5  PC:0A7C
0A77  CD 80 0A  CALL 0A80   (3)  BC:077B  DE:000C  HL:0074  AF:EB13  SP:7FF5  PC:0A77
0A7A  23        INX H       (3)  BC:077B  DE:000D  HL:0074  AF:5857  SP:7FF5  PC:0A7A
0A7B  05        DCR B       (3)  BC:077B  DE:000D  HL:0075  AF:5857  SP:7FF5  PC:0A7B
0A7C  C2 77 0A  JNZ 0A77    (3)  BC:067B  DE:000D  HL:0075  AF:5817  SP:7FF5  PC:0A7C
0A77  CD 80 0A  CALL 0A80   (3)  BC:067B  DE:000D  HL:0075  AF:5817  SP:7FF5  PC:0A77
0A7A  23        INX H       (3)  BC:067B  DE:000E  HL:0075  AF:6657  SP:7FF5  PC:0A7A
0A7B  05        DCR B       (3)  BC:067B  DE:000E  HL:0076  AF:6657  SP:7FF5  PC:0A7B
0A7C  C2 77 0A  JNZ 0A77    (3)  BC:057B  DE:000E  HL:0076  AF:6617  SP:7FF5  PC:0A7C
0A77  CD 80 0A  CALL 0A80   (3)  BC:057B  DE:000E  HL:0076  AF:6617  SP:7FF5  PC:0A77
0A7A  23        INX H       (3)  BC:057B  DE:000F  HL:0076  AF:8557  SP:7FF5  PC:0A7A
0A7B  05        DCR B       (3)  BC:057B  DE:000F  HL:0077  AF:8557  SP:7FF5  PC:0A7B
0A7C  C2 77 0A  JNZ 0A77    (3)  BC:047B  DE:000F  HL:0077  AF:8513  SP:7FF5  PC:0A7C
0A77  CD 80 0A  CALL 0A80   (3)  BC:047B  DE:000F  HL:0077  AF:8513  SP:7FF5  PC:0A77
0A7A  23        INX H       (3)  BC:047B  DE:0010  HL:0077  AF:C657  SP:7FF5  PC:0A7A
0A7B  05        DCR B       (3)  BC:047B  DE:0010  HL:0078  AF:C657  SP:7FF5  PC:0A7B
0A7C  C2 77 0A  JNZ 0A77    (3)  BC:037B  DE:0010  HL:0078  AF:C617  SP:7FF5  PC:0A7C
0A77  CD 80 0A  CALL 0A80   (3)  BC:037B  DE:0010  HL:0078  AF:C617  SP:7FF5  PC:0A77
0A7A  23        INX H       (3)  BC:037B  DE:0011  HL:0078  AF:DE56  SP:7FF5  PC:0A7A
0A7B  05        DCR B       (3)  BC:037B  DE:0011  HL:0079  AF:DE56  SP:7FF5  PC:0A7B
0A7C  C2 77 0A  JNZ 0A77    (3)  BC:027B  DE:0011  HL:0079  AF:DE12  SP:7FF5  PC:0A7C
0A77  CD 80 0A  CALL 0A80   (3)  BC:027B  DE:0011  HL:0079  AF:DE12  SP:7FF5  PC:0A77
0A7A  23        INX H       (3)  BC:027B  DE:0012  HL:0079  AF:C957  SP:7FF5  PC:0A7A
0A7B  05        DCR B       (3)  BC:027B  DE:0012  HL:007A  AF:C957  SP:7FF5  PC:0A7B
0A7C  C2 77 0A  JNZ 0A77    (3)  BC:017B  DE:0012  HL:007A  AF:C913  SP:7FF5  PC:0A7C
0A77  CD 80 0A  CALL 0A80   (3)  BC:017B  DE:0012  HL:007A  AF:C913  SP:7FF5  PC:0A77
0A7A  23        INX H       (3)  BC:017B  DE:0013  HL:007A  AF:9B57  SP:7FF5  PC:0A7A
0A7B  05        DCR B       (3)  BC:017B  DE:0013  HL:007B  AF:9B57  SP:7FF5  PC:0A7B
0A7C  C2 77 0A  JNZ 0A77    (3)  BC:007B  DE:0013  HL:007B  AF:9B57  SP:7FF5  PC:0A7C
0A7F  C9        RET         (3)  BC:007B  DE:0013  HL:007B  AF:9B57  SP:7FF5  PC:0A7F
0A74  C3 00 0A  JMP 0A00    (2)  BC:007B  DE:0013  HL:007B  AF:9B57  SP:7FF7  PC:0A74
0A00  3A 24 0C  LDA 0C24    (2)  BC:007B  DE:0013  HL:007B  AF:9B57  SP:7FF7  PC:0A00
0A03  FE 76     CPI 76      (2)  BC:007B  DE:0013  HL:007B  AF:2957  SP:7FF7  PC:0A03
0A05  CA 17 0A  JZ 0A17     (2)  BC:007B  DE:0013  HL:007B  AF:2993  SP:7FF7  PC:0A05
0A08  E6 DF     ANI DF      (2)  BC:007B  DE:0013  HL:007B  AF:2993  SP:7FF7  PC:0A08
0A0A  FE DD     CPI DD      (2)  BC:007B  DE:0013  HL:007B  AF:0916  SP:7FF7  PC:0A0A
0A0C  C2 14 0A  JNZ 0A14    (2)  BC:007B  DE:0013  HL:007B  AF:0903  SP:7FF7  PC:0A0C
0A14  C4 05 0C  CNZ 0C05    (2)  BC:007B  DE:0013  HL:007B  AF:0903  SP:7FF7  PC:0A14
0C05  F5        PUSH PSW    (3)  BC:007B  DE:0013  HL:007B  AF:0903  SP:7FF5  PC:0C05
0C06  C5        PUSH B      (3)  BC:007B  DE:0013  HL:007B  AF:0903  SP:7FF3  PC:0C06
0C07  D5        PUSH D      (3)  BC:007B  DE:0013  HL:007B  AF:0903  SP:7FF1  PC:0C07
0C08  E5        PUSH H      (3)  BC:007B  DE:0013  HL:007B  AF:0903  SP:7FEF  PC:0C08
0C09  F3        DI          (3)  BC:007B  DE:0013  HL:007B  AF:0903  SP:7FED  PC:0C09
0C0A  21 00 00  LXI H,0000  (3)  BC:007B  DE:0013  HL:007B  AF:0903  SP:7FED  PC:0C0A
0C0D  39        DAD SP      (3)  BC:007B  DE:0013  HL:0000  AF:0903  SP:7FED  PC:0C0D
0C0E  22 80 0C  SHLD 0C80   (3)  BC:007B  DE:0013  HL:7FED  AF:0902  SP:7FED  PC:0C0E
0C11  31 05 00  LXI SP,0005 (3)  BC:007B  DE:0013  HL:7FED  AF:0902  SP:7FED  PC:0C11
0C14  E1        POP H       (3)  BC:007B  DE:0013  HL:7FED  AF:0902  SP:0005  PC:0C14
0C15  E1        POP H       (3)  BC:007B  DE:0013  HL:C4C7  AF:0902  SP:0007  PC:0C15
0C16  E1        POP H       (3)  BC:007B  DE:0013  HL:D226  AF:0902  SP:0009  PC:0C16
0C17  D1        POP D       (3)  BC:007B  DE:0013  HL:A051  AF:0902  SP:000B  PC:0C17
0C18  C1        POP B       (3)  BC:007B  DE:58EB  HL:A051  AF:0902  SP:000D  PC:0C18
0C19  F1        POP PSW     (3)  BC:8566  DE:58EB  HL:A051  AF:0902  SP:000F  PC:0C19
0C1A  22 6E 0C  SHLD 0C6E   (3)  BC:8566  DE:58EB  HL:A051  AF:DEC6  SP:0011  PC:0C1A
0C1D  2A 11 00  LHLD 0011   (3)  BC:8566  DE:58EB  HL:A051  AF:DEC6  SP:0011  PC:0C1D
0C20  F9        SPHL        (3)  BC:8566  DE:58EB  HL:9BC9  AF:DEC6  SP:0011  PC:0C20
0C21  2A 6E 0C  LHLD 0C6E   (3)  BC:8566  DE:58EB  HL:9BC9  AF:DEC6  SP:9BC9  PC:0C21
0C24  29        DAD H       (3)  BC:8566  DE:58EB  HL:A051  AF:DEC6  SP:9BC9  PC:0C24
0C25  00        NOP         (3)  BC:8566  DE:58EB  HL:40A2  AF:DEC7  SP:9BC9  PC:0C25
0C26  00        NOP         (3)  BC:8566  DE:58EB  HL:40A2  AF:DEC7  SP:9BC9  PC:0C26
0C27  00        NOP         (3)  BC:8566  DE:58EB  HL:40A2  AF:DEC7  SP:9BC9  PC:0C27
0C28  22 6E 0C  SHLD 0C6E   (3)  BC:8566  DE:58EB  HL:40A2  AF:DEC7  SP:9BC9  PC:0C28
0C2B  21 00 00  LXI H,0000  (3)  BC:8566  DE:58EB  HL:40A2  AF:DEC7  SP:9BC9  PC:0C2B
0C2E  DA 35 0C  JC 0C35     (3)  BC:8566  DE:58EB  HL:0000  AF:DEC7  SP:9BC9  PC:0C2E
0C35  39        DAD SP      (3)  BC:8566  DE:58EB  HL:0000  AF:DEC7  SP:9BC9  PC:0C35
0C36  37        STC         (3)  BC:8566  DE:58EB  HL:9BC9  AF:DEC6  SP:9BC9  PC:0C36
0C37  22 7E 0C  SHLD 0C7E   (3)  BC:8566  DE:58EB  HL:9BC9  AF:DEC7  SP:9BC9  PC:0C37
0C3A  2A 6E 0C  LHLD 0C6E   (3)  BC:8566  DE:58EB  HL:9BC9  AF:DEC7  SP:9BC9  PC:0C3A
0C3D  31 7E 0C  LXI SP,0C7E (3)  BC:8566  DE:58EB  HL:40A2  AF:DEC7  SP:9BC9  PC:0C3D
0C40  F5        PUSH PSW    (3)  BC:8566  DE:58EB  HL:40A2  AF:DEC7  SP:0C7E  PC:0C40
0C41  C5        PUSH B      (3)  BC:8566  DE:58EB  HL:40A2  AF:DEC7  SP:0C7C  PC:0C41
0C42  D5        PUSH D      (3)  BC:8566  DE:58EB  HL:40A2  AF:DEC7  SP:0C7A  PC:0C42
0C43  E5        PUSH H      (3)  BC:8566  DE:58EB  HL:40A2  AF:DEC7  SP:0C78  PC:0C43
0C44  E5        PUSH H      (3)  BC:8566  DE:58EB  HL:40A2  AF:DEC7  SP:0C76  PC:0C44
0C45  E5        PUSH H      (3)  BC:8566  DE:58EB  HL:40A2  AF:DEC7  SP:0C74  PC:0C45
0C46  2A 80 0C  LHLD 0C80   (3)  BC:8566  DE:58EB  HL:40A2  AF:DEC7  SP:0C72  PC:0C46
0C49  F9        SPHL        (3)  BC:8566  DE:58EB  HL:7FED  AF:DEC7  SP:0C72  PC:0C49
0C4A  FB        EI          (3)  BC:8566  DE:58EB  HL:7FED  AF:DEC7  SP:7FED  PC:0C4A
0C4B  2A 03 00  LHLD 0003   (3)  BC:8566  DE:58EB  HL:7FED  AF:DEC7  SP:7FED  PC:0C4B
0C4E  22 70 0C  SHLD 0C70   (3)  BC:8566  DE:58EB  HL:C4A5  AF:DEC7  SP:7FED  PC:0C4E
0C51  21 7C 0C  LXI H,0C7C  (3)  BC:8566  DE:58EB  HL:C4A5  AF:DEC7  SP:7FED  PC:0C51
0C54  7E        MOV A,M     (3)  BC:8566  DE:58EB  HL:0C7C  AF:DEC7  SP:7FED  PC:0C54
0C55  E6 FF     ANI FF      (3)  BC:8566  DE:58EB  HL:0C7C  AF:C7C7  SP:7FED  PC:0C55
0C57  77        MOV M,A     (3)  BC:8566  DE:58EB  HL:0C7C  AF:C792  SP:7FED  PC:0C57
0C58  06 10     MVI B,10    (3)  BC:8566  DE:58EB  HL:0C7C  AF:C792  SP:7FED  PC:0C58
0C5A  11 70 0C  LXI D,0C70  (3)  BC:1066  DE:58EB  HL:0C7C  AF:C792  SP:7FED  PC:0C5A
0C5D  21 BB 0D  LXI H,0DBB  (3)  BC:1066  DE:0C70  HL:0C7C  AF:C792  SP:7FED  PC:0C5D
0C60  1A        LDAX D      (3)  BC:1066  DE:0C70  HL:0DBB  AF:C792  SP:7FED  PC:0C60
0C61  13        INX D       (3)  BC:1066  DE:0C70  HL:0DBB  AF:A592  SP:7FED  PC:0C61
0C62  CD 7F 0D  CALL 0D7F   (3)  BC:1066  DE:0C71  HL:0DBB  AF:A592  SP:7FED  PC:0C62
0C65  05        DCR B       (3)  BC:1066  DE:0C71  HL:0DBB  AF:A592  SP:7FED  PC:0C65
0C66  C2 60 0C  JNZ 0C60    (3)  BC:0F66  DE:0C71  HL:0DBB  AF:A506  SP:7FED  PC:0C66
0C60  1A        LDAX D      (3)  BC:0F66  DE:0C71  HL:0DBB  AF:A506  SP:7FED  PC:0C60
0C61  13        INX D       (3)  BC:0F66  DE:0C71  HL:0DBB  AF:C406  SP:7FED  PC:0C61
0C62  CD 7F 0D  CALL 0D7F   (3)  BC:0F66  DE:0C72  HL:0DBB  AF:C406  SP:7FED  PC:0C62
0C65  05        DCR B       (3)  BC:0F66  DE:0C72  HL:0DBB  AF:C406  SP:7FED  PC:0C65
0C66  C2 60 0C  JNZ 0C60    (3)  BC:0E66  DE:0C72  HL:0DBB  AF:C412  SP:7FED  PC:0C66
0C60  1A        LDAX D      (3)  BC:0E66  DE:0C72  HL:0DBB  AF:C412  SP:7FED  PC:0C60
0C61  13        INX D       (3)  BC:0E66  DE:0C72  HL:0DBB  AF:A212  SP:7FED  PC:0C61
0C62  CD 7F 0D  CALL 0D7F   (3)  BC:0E66  DE:0C73  HL:0DBB  AF:A212  SP:7FED  PC:0C62
0C65  05        DCR B       (3)  BC:0E66  DE:0C73  HL:0DBB  AF:A212  SP:7FED  PC:0C65
0C66  C2 60 0C  JNZ 0C60    (3)  BC:0D66  DE:0C73  HL:0DBB  AF:A212  SP:7FED  PC:0C66
0C60  1A        LDAX D      (3)  BC:0D66  DE:0C73  HL:0DBB  AF:A212  SP:7FED  PC:0C60
0C61  13        INX D       (3)  BC:0D66  DE:0C73  HL:0DBB  AF:4012  SP:7FED  PC:0C61
0C62  CD 7F 0D  CALL 0D7F   (3)  BC:0D66  DE:0C74  HL:0DBB  AF:4012  SP:7FED  PC:0C62
0C65  05        DCR B       (3)  BC:0D66  DE:0C74  HL:0DBB  AF:4012  SP:7FED  PC:0C65
0C66  C2 60 0C  JNZ 0C60    (3)  BC:0C66  DE:0C74  HL:0DBB  AF:4016  SP:7FED  PC:0C66
0C60  1A        LDAX D      (3)  BC:0C66  DE:0C74  HL:0DBB  AF:4016  SP:7FED  PC:0C60
0C61  13        INX D       (3)  BC:0C66  DE:0C74  HL:0DBB  AF:A216  SP:7FED  PC:0C61
0C62  CD 7F 0D  CALL 0D7F   (3)  BC:0C66  DE:0C75  HL:0DBB  AF:A216  SP:7FED  PC:0C62
0C65  05        DCR B       (3)  BC:0C66  DE:0C75  HL:0DBB  AF:A216  SP:7FED  PC:0C65
0C66  C2 60 0C  JNZ 0C60    (3)  BC:0B66  DE:0C75  HL:0DBB  AF:A212  SP:7FED  PC:0C66
0C60  1A        LDAX D      (3)  BC:0B66  DE:0C75  HL:0DBB  AF:A212  SP:7FED  PC:0C60
0C61  13        INX D       (3)  BC:0B66  DE:0C75  HL:0DBB  AF:4012  SP:7FED  PC:0C61
0C62  CD 7F 0D  CALL 0D7F   (3)  BC:0B66  DE:0C76  HL:0DBB  AF:4012  SP:7FED  PC:0C62
0C65  05        DCR B       (3)  BC:0B66  DE:0C76  HL:0DBB  AF:4012  SP:7FED  PC:0C65
0C66  C2 60 0C  JNZ 0C60    (3)  BC:0A66  DE:0C76  HL:0DBB  AF:4016  SP:7FED  PC:0C66
0C60  1A        LDAX D      (3)  BC:0A66  DE:0C76  HL:0DBB  AF:4016  SP:7FED  PC:0C60
0C61  13        INX D       (3)  BC:0A66  DE:0C76  HL:0DBB  AF:A216  SP:7FED  PC:0C61
0C62  CD 7F 0D  CALL 0D7F   (3)  BC:0A66  DE:0C77  HL:0DBB  AF:A216  SP:7FED  PC:0C62
0C65  05        DCR B       (3)  BC:0A66  DE:0C77  HL:0DBB  AF:A216  SP:7FED  PC:0C65
0C66  C2 60 0C  JNZ 0C60    (3)  BC:0966  DE:0C77  HL:0DBB  AF:A216  SP:7FED  PC:0C66
0C60  1A        LDAX D      (3)  BC:0966  DE:0C77  HL:0DBB  AF:A216  SP:7FED  PC:0C60
0C61  13        INX D       (3)  BC:0966  DE:0C77  HL:0DBB  AF:4016  SP:7FED  PC:0C61
0C62  CD 7F 0D  CALL 0D7F   (3)  BC:0966  DE:0C78  HL:0DBB  AF:4016  SP:7FED  PC:0C62
0C65  05        DCR B       (3)  BC:0966  DE:0C78  HL:0DBB  AF:4016  SP:7FED  PC:0C65
0C66  C2 60 0C  JNZ 0C60    (3)  BC:0866  DE:0C78  HL:0DBB  AF:4012  SP:7FED  PC:0C66
0C60  1A        LDAX D      (3)  BC:0866  DE:0C78  HL:0DBB  AF:4012  SP:7FED  PC:0C60
0C61  13        INX D       (3)  BC:0866  DE:0C78  HL:0DBB  AF:EB12  SP:7FED  PC:0C61
0C62  CD 7F 0D  CALL 0D7F   (3)  BC:0866  DE:0C79  HL:0DBB  AF:EB12  SP:7FED  PC:0C62
0C65  05        DCR B       (3)  BC:0866  DE:0C79  HL:0DBB  AF:EB12  SP:7FED  PC:0C65
0C66  C2 60 0C  JNZ 0C60    (3)  BC:0766  DE:0C79  HL:0DBB  AF:EB12  SP:7FED  PC:0C66
0C60  1A        LDAX D      (3)  BC:0766  DE:0C79  HL:0DBB  AF:EB12  SP:7FED  PC:0C60
0C61  13        INX D       (3)  BC:0766  DE:0C79  HL:0DBB  AF:5812  SP:7FED  PC:0C61
0C62  CD 7F 0D  CALL 0D7F   (3)  BC:0766  DE:0C7A  HL:0DBB  AF:5812  SP:7FED  PC:0C62
0C65  05        DCR B       (3)  BC:0766  DE:0C7A  HL:0DBB  AF:5812  SP:7FED  PC:0C65
0C66  C2 60 0C  JNZ 0C60    (3)  BC:0666  DE:0C7A  HL:0DBB  AF:5816  SP:7FED  PC:0C66
0C60  1A        LDAX D      (3)  BC:0666  DE:0C7A  HL:0DBB  AF:5816  SP:7FED  PC:0C60
0C61  13        INX D       (3)  BC:0666  DE:0C7A  HL:0DBB  AF:6616  SP:7FED  PC:0C61
0C62  CD 7F 0D  CALL 0D7F   (3)  BC:0666  DE:0C7B  HL:0DBB  AF:6616  SP:7FED  PC:0C62
0C65  05        DCR B       (3)  BC:0666  DE:0C7B  HL:0DBB  AF:6616  SP:7FED  PC:0C65
0C66  C2 60 0C  JNZ 0C60    (3)  BC:0566  DE:0C7B  HL:0DBB  AF:6616  SP:7FED  PC:0C66
0C60  1A        LDAX D      (3)  BC:0566  DE:0C7B  HL:0DBB  AF:6616  SP:7FED  PC:0C60
0C61  13        INX D       (3)  BC:0566  DE:0C7B  HL:0DBB  AF:8516  SP:7FED  PC:0C61
0C62  CD 7F 0D  CALL 0D7F   (3)  BC:0566  DE:0C7C  HL:0DBB  AF:8516  SP:7FED  PC:0C62
0C65  05        DCR B       (3)  BC:0566  DE:0C7C  HL:0DBB  AF:8516  SP:7FED  PC:0C65
0C66  C2 60 0C  JNZ 0C60    (3)  BC:0466  DE:0C7C  HL:0DBB  AF:8512  SP:7FED  PC:0C66
0C60  1A        LDAX D      (3)  BC:0466  DE:0C7C  HL:0DBB  AF:8512  SP:7FED  PC:0C60
0C61  13        INX D       (3)  BC:0466  DE:0C7C  HL:0DBB  AF:C712  SP:7FED  PC:0C61
0C62  CD 7F 0D  CALL 0D7F   (3)  BC:0466  DE:0C7D  HL:0DBB  AF:C712  SP:7FED  PC:0C62
0C65  05        DCR B       (3)  BC:0466  DE:0C7D  HL:0DBB  AF:C712  SP:7FED  PC:0C65
0C66  C2 60 0C  JNZ 0C60    (3)  BC:0366  DE:0C7D  HL:0DBB  AF:C716  SP:7FED  PC:0C66
0C60  1A        LDAX D      (3)  BC:0366  DE:0C7D  HL:0DBB  AF:C716  SP:7FED  PC:0C60
0C61  13        INX D       (3)  BC:0366  DE:0C7D  HL:0DBB  AF:DE16  SP:7FED  PC:0C61
0C62  CD 7F 0D  CALL 0D7F   (3)  BC:0366  DE:0C7E  HL:0DBB  AF:DE16  SP:7FED  PC:0C62
0C65  05        DCR B       (3)  BC:0366  DE:0C7E  HL:0DBB  AF:DE16  SP:7FED  PC:0C65
0C66  C2 60 0C  JNZ 0C60    (3)  BC:0266  DE:0C7E  HL:0DBB  AF:DE12  SP:7FED  PC:0C66
0C60  1A        LDAX D      (3)  BC:0266  DE:0C7E  HL:0DBB  AF:DE12  SP:7FED  PC:0C60
0C61  13        INX D       (3)  BC:0266  DE:0C7E  HL:0DBB  AF:C912  SP:7FED  PC:0C61
0C62  CD 7F 0D  CALL 0D7F   (3)  BC:0266  DE:0C7F  HL:0DBB  AF:C912  SP:7FED  PC:0C62
0C65  05        DCR B       (3)  BC:0266  DE:0C7F  HL:0DBB  AF:C912  SP:7FED  PC:0C65
0C66  C2 60 0C  JNZ 0C60    (3)  BC:0166  DE:0C7F  HL:0DBB  AF:C912  SP:7FED  PC:0C66
0C60  1A        LDAX D      (3)  BC:0166  DE:0C7F  HL:0DBB  AF:C912  SP:7FED  PC:0C60
0C61  13        INX D       (3)  BC:0166  DE:0C7F  HL:0DBB  AF:9B12  SP:7FED  PC:0C61
0C62  CD 7F 0D  CALL 0D7F   (3)  BC:0166  DE:0C80  HL:0DBB  AF:9B12  SP:7FED  PC:0C62
0C65  05        DCR B       (3)  BC:0166  DE:0C80  HL:0DBB  AF:9B12  SP:7FED  PC:0C65
0C66  C2 60 0C  JNZ 0C60    (3)  BC:0066  DE:0C80  HL:0DBB  AF:9B56  SP:7FED  PC:0C66
0C69  E1        POP H       (3)  BC:0066  DE:0C80  HL:0DBB  AF:9B56  SP:7FED  PC:0C69
0C6A  D1        POP D       (3)  BC:0066  DE:0C80  HL:007B  AF:9B56  SP:7FEF  PC:0C6A
0C6B  C1        POP B       (3)  BC:0066  DE:0013  HL:007B  AF:9B56  SP:7FF1  PC:0C6B
0C6C  F1        POP PSW     (3)  BC:007B  DE:0013  HL:007B  AF:9B56  SP:7FF3  PC:0C6C
0C6D  C9        RET         (3)  BC:007B  DE:0013  HL:007B  AF:0903  SP:7FF5  PC:0C6D
0A17  CD 64 0B  CALL 0B64   (2)  BC:007B  DE:0013  HL:007B  AF:0903  SP:7FF7  PC:0A17
0B64  C5        PUSH B      (3)  BC:007B  DE:0013  HL:007B  AF:0903  SP:7FF5  PC:0B64
0B65  D5        PUSH D      (3)  BC:007B  DE:0013  HL:007B  AF:0903  SP:7FF3  PC:0B65
0B66  E5        PUSH H      (3)  BC:007B  DE:0013  HL:007B  AF:0903  SP:7FF1  PC:0B66
0B67  21 B5 0B  LXI H,0BB5  (3)  BC:007B  DE:0013  HL:007B  AF:0903  SP:7FEF  PC:0B67
0B6A  11 14 00  LXI D,0014  (3)  BC:007B  DE:0013  HL:0BB5  AF:0903  SP:7FEF  PC:0B6A
0B6D  EB        XCHG        (3)  BC:007B  DE:0014  HL:0BB5  AF:0903  SP:7FEF  PC:0B6D
0B6E  19        DAD D       (3)  BC:007B  DE:0BB5  HL:0014  AF:0903  SP:7FEF  PC:0B6E
0B6F  EB        XCHG        (3)  BC:007B  DE:0BB5  HL:0BC9  AF:0902  SP:7FEF  PC:0B6F
0B70  34        INR M       (3)  BC:007B  DE:0BC9  HL:0BB5  AF:0902  SP:7FEF  PC:0B70
0B71  7E        MOV A,M     (3)  BC:007B  DE:0BC9  HL:0BB5  AF:0902  SP:7FEF  PC:0B71
0B72  FE 00     CPI 00      (3)  BC:007B  DE:0BC9  HL:0BB5  AF:0702  SP:7FEF  PC:0B72
0B74  CA 83 0B  JZ 0B83     (3)  BC:007B  DE:0BC9  HL:0BB5  AF:0712  SP:7FEF  PC:0B74
0B77  47        MOV B,A     (3)  BC:007B  DE:0BC9  HL:0BB5  AF:0712  SP:7FEF  PC:0B77
0B78  1A        LDAX D      (3)  BC:077B  DE:0BC9  HL:0BB5  AF:0712  SP:7FEF  PC:0B78
0B79  A0        ANA B       (3)  BC:077B  DE:0BC9  HL:0BB5  AF:0012  SP:7FEF  PC:0B79
0B7A  CA 7F 0B  JZ 0B7F     (3)  BC:077B  DE:0BC9  HL:0BB5  AF:0046  SP:7FEF  PC:0B7A
0B7F  C1        POP B       (3)  BC:077B  DE:0BC9  HL:0BB5  AF:0046  SP:7FEF  PC:0B7F
0B80  D1        POP D       (3)  BC:007B  DE:0BC9  HL:0BB5  AF:0046  SP:7FF1  PC:0B80
0B81  E1        POP H       (3)  BC:007B  DE:0013  HL:0BB5  AF:0046  SP:7FF3  PC:0B81
0B82  C9        RET         (3)  BC:007B  DE:0013  HL:007B  AF:0046  SP:7FF5  PC:0B82
0A1A  C4 88 0B  CNZ 0B88    (2)  BC:007B  DE:0013  HL:007B  AF:0046  SP:7FF7  PC:0A1A
0A1D  E1        POP H       (2)  BC:007B  DE:0013  HL:007B  AF:0046  SP:7FF7  PC:0A1D
0A1E  CA 4D 0A  JZ 0A4D     (2)  BC:007B  DE:0013  HL:0067  AF:0046  SP:7FF9  PC:0A1E
0A4D  E5        PUSH H      (2)  BC:007B  DE:0013  HL:0067  AF:0046  SP:7FF9  PC:0A4D
0A4E  3E 01     MVI A,01    (2)  BC:007B  DE:0013  HL:0067  AF:0046  SP:7FF7  PC:0A4E
0A50  32 C3 0A  STA 0AC3    (2)  BC:007B  DE:0013  HL:0067  AF:0146  SP:7FF7  PC:0A50
0A53  32 E7 0A  STA 0AE7    (2)  BC:007B  DE:0013  HL:0067  AF:0146  SP:7FF7  PC:0A53
0A56  21 B5 0B  LXI H,0BB5  (2)  BC:007B  DE:0013  HL:0067  AF:0146  SP:7FF7  PC:0A56
0A59  22 C4 0A  SHLD 0AC4   (2)  BC:007B  DE:0013  HL:0BB5  AF:0146  SP:7FF7  PC:0A59
0A5C  21 DD 0B  LXI H,0BDD  (2)  BC:007B  DE:0013  HL:0BB5  AF:0146  SP:7FF7  PC:0A5C
0A5F  22 E8 0A  SHLD 0AE8   (2)  BC:007B  DE:0013  HL:0BDD  AF:0146  SP:7FF7  PC:0A5F
0A62  06 04     MVI B,04    (2)  BC:007B  DE:0013  HL:0BDD  AF:0146  SP:7FF7  PC:0A62
0A64  E1        POP H       (2)  BC:047B  DE:0013  HL:0BDD  AF:0146  SP:7FF7  PC:0A64
0A65  E5        PUSH H      (2)  BC:047B  DE:0013  HL:0067  AF:0146  SP:7FF9  PC:0A65
0A66  11 24 0C  LXI D,0C24  (2)  BC:047B  DE:0013  HL:0067  AF:0146  SP:7FF7  PC:0A66
0A69  CD 77 0A  CALL 0A77   (2)  BC:047B  DE:0C24  HL:0067  AF:0146  SP:7FF7  PC:0A69
0A77  CD 80 0A  CALL 0A80   (3)  BC:047B  DE:0C24  HL:0067  AF:0146  SP:7FF5  PC:0A77
0A7A  23        INX H       (3)  BC:047B  DE:0C25  HL:0067  AF:3956  SP:7FF5  PC:0A7A
0A7B  05        DCR B       (3)  BC:047B  DE:0C25  HL:0068  AF:3956  SP:7FF5  PC:0A7B
0A7C  C2 77 0A  JNZ 0A77    (3)  BC:037B  DE:0C25  HL:0068  AF:3916  SP:7FF5  PC:0A7C
0A77  CD 80 0A  CALL 0A80   (3)  BC:037B  DE:0C25  HL:0068  AF:3916  SP:7FF5  PC:0A77
0A7A  23        INX H       (3)  BC:037B  DE:0C26  HL:0068  AF:0056  SP:7FF5  PC:0A7A
0A7B  05        DCR B       (3)  BC:037B  DE:0C26  HL:0069  AF:0056  SP:7FF5  PC:0A7B
0A7C  C2 77 0A  JNZ 0A77    (3)  BC:027B  DE:0C26  HL:0069  AF:0012  SP:7FF5  PC:0A7C
0A77  CD 80 0A  CALL 0A80   (3)  BC:027B  DE:0C26  HL:0069  AF:0012  SP:7FF5  PC:0A77
0A7A  23        INX H       (3)  BC:027B  DE:0C27  HL:0069  AF:0056  SP:7FF5  PC:0A7A
0A7B  05        DCR B       (3)  BC:027B  DE:0C27  HL:006A  AF:0056  SP:7FF5  PC:0A7B
0A7C  C2 77 0A  JNZ 0A77    (3)  BC:017B  DE:0C27  HL:006A  AF:0012  SP:7FF5  PC:0A7C
0A77  CD 80 0A  CALL 0A80   (3)  BC:017B  DE:0C27  HL:006A  AF:0012  SP:7FF5  PC:0A77
0A7A  23        INX H       (3)  BC:017B  DE:0C28  HL:006A  AF:0056  SP:7FF5  PC:0A7A
0A7B  05        DCR B       (3)  BC:017B  DE:0C28  HL:006B  AF:0056  SP:7FF5  PC:0A7B
0A7C  C2 77 0A  JNZ 0A77    (3)  BC:007B  DE:0C28  HL:006B  AF:0056  SP:7FF5  PC:0A7C
0A7F  C9        RET         (3)  BC:007B  DE:0C28  HL:006B  AF:0056  SP:7FF5  PC:0A7F
0A6C  06 10     MVI B,10    (2)  BC:007B  DE:0C28  HL:006B  AF:0056  SP:7FF7  PC:0A6C
0A6E  11 03 00  LXI D,0003  (2)  BC:107B  DE:0C28  HL:006B  AF:0056  SP:7FF7  PC:0A6E
0A71  CD 77 0A  CALL 0A77   (2)  BC:107B  DE:0003  HL:006B  AF:0056  SP:7FF7  PC:0A71
0A77  CD 80 0A  CALL 0A80   (3)  BC:107B  DE:0003  HL:006B  AF:0056  SP:7FF5  PC:0A77
0A7A  23        INX H       (3)  BC:107B  DE:0004  HL:006B  AF:A556  SP:7FF5  PC:0A7A
0A7B  05        DCR B       (3)  BC:107B  DE:0004  HL:006C  AF:A556  SP:7FF5  PC:0A7B
0A7C  C2 77 0A  JNZ 0A77    (3)  BC:0F7B  DE:0004  HL:006C  AF:A506  SP:7FF5  PC:0A7C
0A77  CD 80 0A  CALL 0A80   (3)  BC:0F7B  DE:0004  HL:006C  AF:A506  SP:7FF5  PC:0A77
0A7A  23        INX H       (3)  BC:0F7B  DE:0005  HL:006C  AF:C456  SP:7FF5  PC:0A7A
0A7B  05        DCR B       (3)  BC:0F7B  DE:0005  HL:006D  AF:C456  SP:7FF5  PC:0A7B
0A7C  C2 77 0A  JNZ 0A77    (3)  BC:0E7B  DE:0005  HL:006D  AF:C412  SP:7FF5  PC:0A7C
0A77  CD 80 0A  CALL 0A80   (3)  BC:0E7B  DE:0005  HL:006D  AF:C412  SP:7FF5  PC:0A77
0A7A  23        INX H       (3)  BC:0E7B  DE:0006  HL:006D  AF:C756  SP:7FF5  PC:0A7A
0A7B  05        DCR B       (3)  BC:0E7B  DE:0006  HL:006E  AF:C756  SP:7FF5  PC:0A7B
0A7C  C2 77 0A  JNZ 0A77    (3)  BC:0D7B  DE:0006  HL:006E  AF:C712  SP:7FF5  PC:0A7C
0A77  CD 80 0A  CALL 0A80   (3)  BC:0D7B  DE:0006  HL:006E  AF:C712  SP:7FF5  PC:0A77
0A7A  23        INX H       (3)  BC:0D7B  DE:0007  HL:006E  AF:C456  SP:7FF5  PC:0A7A
0A7B  05        DCR B       (3)  BC:0D7B  DE:0007  HL:006F  AF:C456  SP:7FF5  PC:0A7B
0A7C  C2 77 0A  JNZ 0A77    (3)  BC:0C7B  DE:0007  HL:006F  AF:C416  SP:7FF5  PC:0A7C
0A77  CD 80 0A  CALL 0A80   (3)  BC:0C7B  DE:0007  HL:006F  AF:C416  SP:7FF5  PC:0A77
0A7A  23        INX H       (3)  BC:0C7B  DE:0008  HL:006F  AF:2656  SP:7FF5  PC:0A7A
0A7B  05        DCR B       (3)  BC:0C7B  DE:0008  HL:0070  AF:2656  SP:7FF5  PC:0A7B
0A7C  C2 77 0A  JNZ 0A77    (3)  BC:0B7B  DE:0008  HL:0070  AF:2612  SP:7FF5  PC:0A7C
0A77  CD 80 0A  CALL 0A80   (3)  BC:0B7B  DE:0008  HL:0070  AF:2612  SP:7FF5  PC:0A77
0A7A  23        INX H       (3)  BC:0B7B  DE:0009  HL:0070  AF:D256  SP:7FF5  PC:0A7A
0A7B  05        DCR B       (3)  BC:0B7B  DE:0009  HL:0071  AF:D256  SP:7FF5  PC:0A7B
0A7C  C2 77 0A  JNZ 0A77    (3)  BC:0A7B  DE:0009  HL:0071  AF:D216  SP:7FF5  PC:0A7C
0A77  CD 80 0A  CALL 0A80   (3)  BC:0A7B  DE:0009  HL:0071  AF:D216  SP:7FF5  PC:0A77
0A7A  23        INX H       (3)  BC:0A7B  DE:000A  HL:0071  AF:5157  SP:7FF5  PC:0A7A
0A7B  05        DCR B       (3)  BC:0A7B  DE:000A  HL:0072  AF:5157  SP:7FF5  PC:0A7B
0A7C  C2 77 0A  JNZ 0A77    (3)  BC:097B  DE:000A  HL:0072  AF:5117  SP:7FF5  PC:0A7C
0A77  CD 80 0A  CALL 0A80   (3)  BC:097B  DE:000A  HL:0072  AF:5117  SP:7FF5  PC:0A77
0A7A  23        INX H       (3)  BC:097B  DE:000B  HL:0072  AF:A057  SP:7FF5  PC:0A7A
0A7B  05        DCR B       (3)  BC:097B  DE:000B  HL:0073  AF:A057  SP:7FF5  PC:0A7B
0A7C  C2 77 0A  JNZ 0A77    (3)  BC:087B  DE:000B  HL:0073  AF:A013  SP:7FF5  PC:0A7C
0A77  CD 80 0A  CALL 0A80   (3)  BC:087B  DE:000B  HL:0073  AF:A013  SP:7FF5  PC:0A77
0A7A  23        INX H       (3)  BC:087B  DE:000C  HL:0073  AF:EB57  SP:7FF5  PC:0A7A
0A7B  05        DCR B       (3)  BC:087B  DE:000C  HL:0074  AF:EB57  SP:7FF5  PC:0A7B
0A7C  C2 77 0A  JNZ 0A77    (3)  BC:077B  DE:000C  HL:0074  AF:EB13  SP:7FF5  PC:0A7C
0A77  CD 80 0A  CALL 0A80   (3)  BC:077B  DE:000C  HL:0074  AF:EB13  SP:7FF5  PC:0A77
0A7A  23        INX H       (3)  BC:077B  DE:000D  HL:0074  AF:5857  SP:7FF5  PC:0A7A
0A7B  05        DCR B       (3)  BC:077B  DE:000D  HL:0075  AF:5857  SP:7FF5  PC:0A7B
0A7C  C2 77 0A  JNZ 0A77    (3)  BC:067B  DE:000D  HL:0075  AF:5817  SP:7FF5  PC:0A7C
0A77  CD 80 0A  CALL 0A80   (3)  BC:067B  DE:000D  HL:0075  AF:5817  SP:7FF5  PC:0A77
0A7A  23        INX H       (3)  BC:067B  DE:000E  HL:0075  AF:6657  SP:7FF5  PC:0A7A
0A7B  05        DCR B       (3)  BC:067B  DE:000E  HL:0076  AF:6657  SP:7FF5  PC:0A7B
0A7C  C2 77 0A  JNZ 0A77    (3)  BC:057B  DE:000E  HL:0076  AF:6617  SP:7FF5  PC:0A7C
0A77  CD 80 0A  CALL 0A80   (3)  BC:057B  DE:000E  HL:0076  AF:6617  SP:7FF5  PC:0A77
0A7A  23        INX H       (3)  BC:057B  DE:000F  HL:0076  AF:8557  SP:7FF5  PC:0A7A
0A7B  05        DCR B       (3)  BC:057B  DE:000F  HL:0077  AF:8557  SP:7FF5  PC:0A7B
0A7C  C2 77 0A  JNZ 0A77    (3)  BC:047B  DE:000F  HL:0077  AF:8513  SP:7FF5  PC:0A7C
0A77  CD 80 0A  CALL 0A80   (3)  BC:047B  DE:000F  HL:0077  AF:8513  SP:7FF5  PC:0A77
0A7A  23        INX H       (3)  BC:047B  DE:0010  HL:0077  AF:C657  SP:7FF5  PC:0A7A
0A7B  05        DCR B       (3)  BC:047B  DE:0010  HL:0078  AF:C657  SP:7FF5  PC:0A7B
0A7C  C2 77 0A  JNZ 0A77    (3)  BC:037B  DE:0010  HL:0078  AF:C617  SP:7FF5  PC:0A7C
0A77  CD 80 0A  CALL 0A80   (3)  BC:037B  DE:0010  HL:0078  AF:C617  SP:7FF5  PC:0A77
0A7A  23        INX H       (3)  BC:037B  DE:0011  HL:0078  AF:DE56  SP:7FF5  PC:0A7A
0A7B  05        DCR B       (3)  BC:037B  DE:0011  HL:0079  AF:DE56  SP:7FF5  PC:0A7B
0A7C  C2 77 0A  JNZ 0A77    (3)  BC:027B  DE:0011  HL:0079  AF:DE12  SP:7FF5  PC:0A7C
0A77  CD 80 0A  CALL 0A80   (3)  BC:027B  DE:0011  HL:0079  AF:DE12  SP:7FF5  PC:0A77
0A7A  23        INX H       (3)  BC:027B  DE:0012  HL:0079  AF:C957  SP:7FF5  PC:0A7A
0A7B  05        DCR B       (3)  BC:027B  DE:0012  HL:007A  AF:C957  SP:7FF5  PC:0A7B
0A7C  C2 77 0A  JNZ 0A77    (3)  BC:017B  DE:0012  HL:007A  AF:C913  SP:7FF5  PC:0A7C
0A77  CD 80 0A  CALL 0A80   (3)  BC:017B  DE:0012  HL:007A  AF:C913  SP:7FF5  PC:0A77
0A7A  23        INX H       (3)  BC:017B  DE:0013  HL:007A  AF:9B57  SP:7FF5  PC:0A7A
0A7B  05        DCR B       (3)  BC:017B  DE:0013  HL:007B  AF:9B57  SP:7FF5  PC:0A7B
0A7C  C2 77 0A  JNZ 0A77    (3)  BC:007B  DE:0013  HL:007B  AF:9B57  SP:7FF5  PC:0A7C
0A7F  C9        RET         (3)  BC:007B  DE:0013  HL:007B  AF:9B57  SP:7FF5  PC:0A7F
0A74  C3 00 0A  JMP 0A00    (2)  BC:007B  DE:0013  HL:007B  AF:9B57  SP:7FF7  PC:0A74
0A00  3A 24 0C  LDA 0C24    (2)  BC:007B  DE:0013  HL:007B  AF:9B57  SP:7FF7  PC:0A00
0A03  FE 76     CPI 76      (2)  BC:007B  DE:0013  HL:007B  AF:3957  SP:7FF7  PC:0A03
0A05  CA 17 0A  JZ 0A17     (2)  BC:007B  DE:0013  HL:007B  AF:3997  SP:7FF7  PC:0A05
0A08  E6 DF     ANI DF      (2)  BC:007B  DE:0013  HL:007B  AF:3997  SP:7FF7  PC:0A08
0A0A  FE DD     CPI DD      (2)  BC:007B  DE:0013  HL:007B  AF:1912  SP:7FF7  PC:0A0A
0A0C  C2 14 0A  JNZ 0A14    (2)  BC:007B  DE:0013  HL:007B  AF:1907  SP:7FF7  PC:0A0C
0A14  C4 05 0C  CNZ 0C05    (2)  BC:007B  DE:0013  HL:007B  AF:1907  SP:7FF7  PC:0A14
0C05  F5        PUSH PSW    (3)  BC:007B  DE:0013  HL:007B  AF:1907  SP:7FF5  PC:0C05
0C06  C5        PUSH B      (3)  BC:007B  DE:0013  HL:007B  AF:1907  SP:7FF3  PC:0C06
0C07  D5        PUSH D      (3)  BC:007B  DE:0013  HL:007B  AF:1907  SP:7FF1  PC:0C07
0C08  E5        PUSH H      (3)  BC:007B  DE:0013  HL:007B  AF:1907  SP:7FEF  PC:0C08
0C09  F3        DI          (3)  BC:007B  DE:0013  HL:007B  AF:1907  SP:7FED  PC:0C09
0C0A  21 00 00  LXI H,0000  (3)  BC:007B  DE:0013  HL:007B  AF:1907  SP:7FED  PC:0C0A
0C0D  39        DAD SP      (3)  BC:007B  DE:0013  HL:0000  AF:1907  SP:7FED  PC:0C0D
0C0E  22 80 0C  SHLD 0C80   (3)  BC:007B  DE:0013  HL:7FED  AF:1906  SP:7FED  PC:0C0E
0C11  31 05 00  LXI SP,0005 (3)  BC:007B  DE:0013  HL:7FED  AF:1906  SP:7FED  PC:0C11
0C14  E1        POP H       (3)  BC:007B  DE:0013  HL:7FED  AF:1906  SP:0005  PC:0C14
0C15  E1        POP H       (3)  BC:007B  DE:0013  HL:C4C7  AF:1906  SP:0007  PC:0C15
0C16  E1        POP H       (3)  BC:007B  DE:0013  HL:D226  AF:1906  SP:0009  PC:0C16
0C17  D1        POP D       (3)  BC:007B  DE:0013  HL:A051  AF:1906  SP:000B  PC:0C17
0C18  C1        POP B       (3)  BC:007B  DE:58EB  HL:A051  AF:1906  SP:000D  PC:0C18
0C19  F1        POP PSW     (3)  BC:8566  DE:58EB  HL:A051  AF:1906  SP:000F  PC:0C19
0C1A  22 6E 0C  SHLD 0C6E   (3)  BC:8566  DE:58EB  HL:A051  AF:DEC6  SP:0011  PC:0C1A
0C1D  2A 11 00  LHLD 0011   (3)  BC:8566  DE:58EB  HL:A051  AF:DEC6  SP:0011  PC:0C1D
0C20  F9        SPHL        (3)  BC:8566  DE:58EB  HL:9BC9  AF:DEC6  SP:0011  PC:0C20
0C21  2A 6E 0C  LHLD 0C6E   (3)  BC:8566  DE:58EB  HL:9BC9  AF:DEC6  SP:9BC9  PC:0C21
0C24  39        DAD SP      (3)  BC:8566  DE:58EB  HL:A051  AF:DEC6  SP:9BC9  PC:0C24
0C25  00        NOP         (3)  BC:8566  DE:58EB  HL:3C1A  AF:DEC7  SP:9BC9  PC:0C25
0C26  00        NOP         (3)  BC:8566  DE:58EB  HL:3C1A  AF:DEC7  SP:9BC9  PC:0C26
0C27  00        NOP         (3)  BC:8566  DE:58EB  HL:3C1A  AF:DEC7  SP:9BC9  PC:0C27
0C28  22 6E 0C  SHLD 0C6E   (3)  BC:8566  DE:58EB  HL:3C1A  AF:DEC7  SP:9BC9  PC:0C28
0C2B  21 00 00  LXI H,0000  (3)  BC:8566  DE:58EB  HL:3C1A  AF:DEC7  SP:9BC9  PC:0C2B
0C2E  DA 35 0C  JC 0C35     (3)  BC:8566  DE:58EB  HL:0000  AF:DEC7  SP:9BC9  PC:0C2E
0C35  39        DAD SP      (3)  BC:8566  DE:58EB  HL:0000  AF:DEC7  SP:9BC9  PC:0C35
0C36  37        STC         (3)  BC:8566  DE:58EB  HL:9BC9  AF:DEC6  SP:9BC9  PC:0C36
0C37  22 7E 0C  SHLD 0C7E   (3)  BC:8566  DE:58EB  HL:9BC9  AF:DEC7  SP:9BC9  PC:0C37
0C3A  2A 6E 0C  LHLD 0C6E   (3)  BC:8566  DE:58EB  HL:9BC9  AF:DEC7  SP:9BC9  PC:0C3A
0C3D  31 7E 0C  LXI SP,0C7E (3)  BC:8566  DE:58EB  HL:3C1A  AF:DEC7  SP:9BC9  PC:0C3D
0C40  F5        PUSH PSW    (3)  BC:8566  DE:58EB  HL:3C1A  AF:DEC7  SP:0C7E  PC:0C40
0C41  C5        PUSH B      (3)  BC:8566  DE:58EB  HL:3C1A  AF:DEC7  SP:0C7C  PC:0C41
0C42  D5        PUSH D      (3)  BC:8566  DE:58EB  HL:3C1A  AF:DEC7  SP:0C7A  PC:0C42
0C43  E5        PUSH H      (3)  BC:8566  DE:58EB  HL:3C1A  AF:DEC7  SP:0C78  PC:0C43
0C44  E5        PUSH H      (3)  BC:8566  DE:58EB  HL:3C1A  AF:DEC7  SP:0C76  PC:0C44
0C45  E5        PUSH H      (3)  BC:8566  DE:58EB  HL:3C1A  AF:DEC7  SP:0C74  PC:0C45
0C46  2A 80 0C  LHLD 0C80   (3)  BC:8566  DE:58EB  HL:3C1A  AF:DEC7  SP:0C72  PC:0C46
0C49  F9        SPHL        (3)  BC:8566  DE:58EB  HL:7FED  AF:DEC7  SP:0C72  PC:0C49
0C4A  FB        EI          (3)  BC:8566  DE:58EB  HL:7FED  AF:DEC7  SP:7FED  PC:0C4A
0C4B  2A 03 00  LHLD 0003   (3)  BC:8566  DE:58EB  HL:7FED  AF:DEC7  SP:7FED  PC:0C4B
0C4E  22 70 0C  SHLD 0C70   (3)  BC:8566  DE:58EB  HL:C4A5  AF:DEC7  SP:7FED  PC:0C4E
0C51  21 7C 0C  LXI H,0C7C  (3)  BC:8566  DE:58EB  HL:C4A5  AF:DEC7  SP:7FED  PC:0C51
0C54  7E        MOV A,M     (3)  BC:8566  DE:58EB  HL:0C7C  AF:DEC7  SP:7FED  PC:0C54
0C55  E6 FF     ANI FF      (3)  BC:8566  DE:58EB  HL:0C7C  AF:C7C7  SP:7FED  PC:0C55
0C57  77        MOV M,A     (3)  BC:8566  DE:58EB  HL:0C7C  AF:C792  SP:7FED  PC:0C57
0C58  06 10     MVI B,10    (3)  BC:8566  DE:58EB  HL:0C7C  AF:C792  SP:7FED  PC:0C58
0C5A  11 70 0C  LXI D,0C70  (3)  BC:1066  DE:58EB  HL:0C7C  AF:C792  SP:7FED  PC:0C5A
0C5D  21 BB 0D  LXI H,0DBB  (3)  BC:1066  DE:0C70  HL:0C7C  AF:C792  SP:7FED  PC:0C5D
0C60  1A        LDAX D      (3)  BC:1066  DE:0C70  HL:0DBB  AF:C792  SP:7FED  PC:0C60
0C61  13        INX D       (3)  BC:1066  DE:0C70  HL:0DBB  AF:A592  SP:7FED  PC:0C61
0C62  CD 7F 0D  CALL 0D7F   (3)  BC:1066  DE:0C71  HL:0DBB  AF:A592  SP:7FED  PC:0C62
0C65  05        DCR B       (3)  BC:1066  DE:0C71  HL:0DBB  AF:A592  SP:7FED  PC:0C65
0C66  C2 60 0C  JNZ 0C60    (3)  BC:0F66  DE:0C71  HL:0DBB  AF:A506  SP:7FED  PC:0C66
0C60  1A        LDAX D      (3)  BC:0F66  DE:0C71  HL:0DBB  AF:A506  SP:7FED  PC:0C60
0C61  13        INX D       (3)  BC:0F66  DE:0C71  HL:0DBB  AF:C406  SP:7FED  PC:0C61
0C62  CD 7F 0D  CALL 0D7F   (3)  BC:0F66  DE:0C72  HL:0DBB  AF:C406  SP:7FED  PC:0C62
0C65  05        DCR B       (3)  BC:0F66  DE:0C72  HL:0DBB  AF:C406  SP:7FED  PC:0C65
0C66  C2 60 0C  JNZ 0C60    (3)  BC:0E66  DE:0C72  HL:0DBB  AF:C412  SP:7FED  PC:0C66
0C60  1A        LDAX D      (3)  BC:0E66  DE:0C72  HL:0DBB  AF:C412  SP:7FED  PC:0C60
0C61  13        INX D       (3)  BC:0E66  DE:0C72  HL:0DBB  AF:1A12  SP:7FED  PC:0C61
0C62  CD 7F 0D  CALL 0D7F   (3)  BC:0E66  DE:0C73  HL:0DBB  AF:1A12  SP:7FED  PC:0C62
0C65  05        DCR B       (3)  BC:0E66  DE:0C73  HL:0DBB  AF:1A12  SP:7FED  PC:0C65
0C66  C2 60 0C  JNZ 0C60    (3)  BC:0D66  DE:0C73  HL:0DBB  AF:1A12  SP:7FED  PC:0C66
0C60  1A        LDAX D      (3)  BC:0D66  DE:0C73  HL:0DBB  AF:1A12  SP:7FED  PC:0C60
0C61  13        INX D       (3)  BC:0D66  DE:0C73  HL:0DBB  AF:3C12  SP:7FED  PC:0C61
0C62  CD 7F 0D  CALL 0D7F   (3)  BC:0D66  DE:0C74  HL:0DBB  AF:3C12  SP:7FED  PC:0C62
0C65  05        DCR B       (3)  BC:0D66  DE:0C74  HL:0DBB  AF:3C12  SP:7FED  PC:0C65
0C66  C2 60 0C  JNZ 0C60    (3)  BC:0C66  DE:0C74  HL:0DBB  AF:3C16  SP:7FED  PC:0C66
0C60  1A        LDAX D      (3)  BC:0C66  DE:0C74  HL:0DBB  AF:3C16  SP:7FED  PC:0C60
0C61  13        INX D       (3)  BC:0C66  DE:0C74  HL:0DBB  AF:1A16  SP:7FED  PC:0C61
0C62  CD 7F 0D  CALL 0D7F   (3)  BC:0C66  DE:0C75  HL:0DBB  AF:1A16  SP:7FED  PC:0C62
0C65  05        DCR B       (3)  BC:0C66  DE:0C75  HL:0DBB  AF:1A16  SP:7FED  PC:0C65
0C66  C2 60 0C  JNZ 0C60    (3)  BC:0B66  DE:0C75  HL:0DBB  AF:1A12  SP:7FED  PC:0C66
0C60  1A        LDAX D      (3)  BC:0B66  DE:0C75  HL:0DBB  AF:1A12  SP:7FED  PC:0C60
0C61  13        INX D       (3)  BC:0B66  DE:0C75  HL:0DBB  AF:3C12  SP:7FED  PC:0C61
0C62  CD 7F 0D  CALL 0D7F   (3)  BC:0B66  DE:0C76  HL:0DBB  AF:3C12  SP:7FED  PC:0C62
0C65  05        DCR B       (3)  BC:0B66  DE:0C76  HL:0DBB  AF:3C12  SP:7FED  PC:0C65
0C66  C2 60 0C  JNZ 0C60    (3)  BC:0A66  DE:0C76  HL:0DBB  AF:3C16  SP:7FED  PC:0C66
0C60  1A        LDAX D      (3)  BC:0A66  DE:0C76  HL:0DBB  AF:3C16  SP:7FED  PC:0C60
0C61  13        INX D       (3)  BC:0A66  DE:0C76  HL:0DBB  AF:1A16  SP:7FED  PC:0C61
0C62  CD 7F 0D  CALL 0D7F   (3)  BC:0A66  DE:0C77  HL:0DBB  AF:1A16  SP:7FED  PC:0C62
0C65  05        DCR B       (3)  BC:0A66  DE:0C77  HL:0DBB  AF:1A16  SP:7FED  PC:0C65
0C66  C2 60 0C  JNZ 0C60    (3)  BC:0966  DE:0C77  HL:0DBB  AF:1A16  SP:7FED  PC:0C66
0C60  1A        LDAX D      (3)  BC:0966  DE:0C77  HL:0DBB  AF:1A16  SP:7FED  PC:0C60
0C61  13        INX D       (3)  BC:0966  DE:0C77  HL:0DBB  AF:3C16  SP:7FED  PC:0C61
0C62  CD 7F 0D  CALL 0D7F   (3)  BC:0966  DE:0C78  HL:0DBB  AF:3C16  SP:7FED  PC:0C62
0C65  05        DCR B       (3)  BC:0966  DE:0C78  HL:0DBB  AF:3C16  SP:7FED  PC:0C65
0C66  C2 60 0C  JNZ 0C60    (3)  BC:0866  DE:0C78  HL:0DBB  AF:3C12  SP:7FED  PC:0C66
0C60  1A        LDAX D      (3)  BC:0866  DE:0C78  HL:0DBB  AF:3C12  SP:7FED  PC:0C60
0C61  13        INX D       (3)  BC:0866  DE:0C78  HL:0DBB  AF:EB12  SP:7FED  PC:0C61
0C62  CD 7F 0D  CALL 0D7F   (3)  BC:0866  DE:0C79  HL:0DBB  AF:EB12  SP:7FED  PC:0C62
0C65  05        DCR B       (3)  BC:0866  DE:0C79  HL:0DBB  AF:EB12  SP:7FED  PC:0C65
0C66  C2 60 0C  JNZ 0C60    (3)  BC:0766  DE:0C79  HL:0DBB  AF:EB12  SP:7FED  PC:0C66
0C60  1A        LDAX D      (3)  BC:0766  DE:0C79  HL:0DBB  AF:EB12  SP:7FED  PC:0C60
0C61  13        INX D       (3)  BC:0766  DE:0C79  HL:0DBB  AF:5812  SP:7FED  PC:0C61
0C62  CD 7F 0D  CALL 0D7F   (3)  BC:0766  DE:0C7A  HL:0DBB  AF:5812  SP:7FED  PC:0C62
0C65  05        DCR B       (3)  BC:0766  DE:0C7A  HL:0DBB  AF:5812  SP:7FED  PC:0C65
0C66  C2 60 0C  JNZ 0C60    (3)  BC:0666  DE:0C7A  HL:0DBB  AF:5816  SP:7FED  PC:0C66
0C60  1A        LDAX D      (3)  BC:0666  DE:0C7A  HL:0DBB  AF:5816  SP:7FED  PC:0C60
0C61  13        INX D       (3)  BC:0666  DE:0C7A  HL:0DBB  AF:6616  SP:7FED  PC:0C61
0C62  CD 7F 0D  CALL 0D7F   (3)  BC:0666  DE:0C7B  HL:0DBB  AF:6616  SP:7FED  PC:0C62
0C65  05        DCR B       (3)  BC:0666  DE:0C7B  HL:0DBB  AF:6616  SP:7FED  PC:0C65
0C66  C2 60 0C  JNZ 0C60    (3)  BC:0566  DE:0C7B  HL:0DBB  AF:6616  SP:7FED  PC:0C66
0C60  1A        LDAX D      (3)  BC:0566  DE:0C7B  HL:0DBB  AF:6616  SP:7FED  PC:0C60
0C61  13        INX D       (3)  BC:0566  DE:0C7B  HL:0DBB  AF:8516  SP:7FED  PC:0C61
0C62  CD 7F 0D  CALL 0D7F   (3)  BC:0566  DE:0C7C  HL:0DBB  AF:8516  SP:7FED  PC:0C62
0C65  05        DCR B       (3)  BC:0566  DE:0C7C  HL:0DBB  AF:8516  SP:7FED  PC:0C65
0C66  C2 60 0C  JNZ 0C60    (3)  BC:0466  DE:0C7C  HL:0DBB  AF:8512  SP:7FED  PC:0C66
0C60  1A        LDAX D      (3)  BC:0466  DE:0C7C  HL:0DBB  AF:8512  SP:7FED  PC:0C60
0C61  13        INX D       (3)  BC:0466  DE:0C7C  HL:0DBB  AF:C712  SP:7FED  PC:0C61
0C62  CD 7F 0D  CALL 0D7F   (3)  BC:0466  DE:0C7D  HL:0DBB  AF:C712  SP:7FED  PC:0C62
0C65  05        DCR B       (3)  BC:0466  DE:0C7D  HL:0DBB  AF:C712  SP:7FED  PC:0C65
0C66  C2 60 0C  JNZ 0C60    (3)  BC:0366  DE:0C7D  HL:0DBB  AF:C716  SP:7FED  PC:0C66
0C60  1A        LDAX D      (3)  BC:0366  DE:0C7D  HL:0DBB  AF:C716  SP:7FED  PC:0C60
0C61  13        INX D       (3)  BC:0366  DE:0C7D  HL:0DBB  AF:DE16  SP:7FED  PC:0C61
0C62  CD 7F 0D  CALL 0D7F   (3)  BC:0366  DE:0C7E  HL:0DBB  AF:DE16  SP:7FED  PC:0C62
0C65  05        DCR B       (3)  BC:0366  DE:0C7E  HL:0DBB  AF:DE16  SP:7FED  PC:0C65
0C66  C2 60 0C  JNZ 0C60    (3)  BC:0266  DE:0C7E  HL:0DBB  AF:DE12  SP:7FED  PC:0C66
0C60  1A        LDAX D      (3)  BC:0266  DE:0C7E  HL:0DBB  AF:DE12  SP:7FED  PC:0C60
0C61  13        INX D       (3)  BC:0266  DE:0C7E  HL:0DBB  AF:C912  SP:7FED  PC:0C61
0C62  CD 7F 0D  CALL 0D7F   (3)  BC:0266  DE:0C7F  HL:0DBB  AF:C912  SP:7FED  PC:0C62
0C65  05        DCR B       (3)  BC:0266  DE:0C7F  HL:0DBB  AF:C912  SP:7FED  PC:0C65
0C66  C2 60 0C  JNZ 0C60    (3)  BC:0166  DE:0C7F  HL:0DBB  AF:C912  SP:7FED  PC:0C66
0C60  1A        LDAX D      (3)  BC:0166  DE:0C7F  HL:0DBB  AF:C912  SP:7FED  PC:0C60
0C61  13        INX D       (3)  BC:0166  DE:0C7F  HL:0DBB  AF:9B12  SP:7FED  PC:0C61
0C62  CD 7F 0D  CALL 0D7F   (3)  BC:0166  DE:0C80  HL:0DBB  AF:9B12  SP:7FED  PC:0C62
0C65  05        DCR B       (3)  BC:0166  DE:0C80  HL:0DBB  AF:9B12  SP:7FED  PC:0C65
0C66  C2 60 0C  JNZ 0C60    (3)  BC:0066  DE:0C80  HL:0DBB  AF:9B56  SP:7FED  PC:0C66
0C69  E1        POP H       (3)  BC:0066  DE:0C80  HL:0DBB  AF:9B56  SP:7FED  PC:0C69
0C6A  D1        POP D       (3)  BC:0066  DE:0C80  HL:007B  AF:9B56  SP:7FEF  PC:0C6A
0C6B  C1        POP B       (3)  BC:0066  DE:0013  HL:007B  AF:9B56  SP:7FF1  PC:0C6B
0C6C  F1        POP PSW     (3)  BC:007B  DE:0013  HL:007B  AF:9B56  SP:7FF3  PC:0C6C
0C6D  C9        RET         (3)  BC:007B  DE:0013  HL:007B  AF:1907  SP:7FF5  PC:0C6D
0A17  CD 64 0B  CALL 0B64   (2)  BC:007B  DE:0013  HL:007B  AF:1907  SP:7FF7  PC:0A17
0B64  C5        PUSH B      (3)  BC:007B  DE:0013  HL:007B  AF:1907  SP:7FF5  PC:0B64
0B65  D5        PUSH D      (3)  BC:007B  DE:0013  HL:007B  AF:1907  SP:7FF3  PC:0B65
0B66  E5        PUSH H      (3)  BC:007B  DE:0013  HL:007B  AF:1907  SP:7FF1  PC:0B66
0B67  21 B5 0B  LXI H,0BB5  (3)  BC:007B  DE:0013  HL:007B  AF:1907  SP:7FEF  PC:0B67
0B6A  11 14 00  LXI D,0014  (3)  BC:007B  DE:0013  HL:0BB5  AF:1907  SP:7FEF  PC:0B6A
0B6D  EB        XCHG        (3)  BC:007B  DE:0014  HL:0BB5  AF:1907  SP:7FEF  PC:0B6D
0B6E  19        DAD D       (3)  BC:007B  DE:0BB5  HL:0014  AF:1907  SP:7FEF  PC:0B6E
0B6F  EB        XCHG        (3)  BC:007B  DE:0BB5  HL:0BC9  AF:1906  SP:7FEF  PC:0B6F
0B70  34        INR M       (3)  BC:007B  DE:0BC9  HL:0BB5  AF:1906  SP:7FEF  PC:0B70
0B71  7E        MOV A,M     (3)  BC:007B  DE:0BC9  HL:0BB5  AF:1902  SP:7FEF  PC:0B71
0B72  FE 00     CPI 00      (3)  BC:007B  DE:0BC9  HL:0BB5  AF:0802  SP:7FEF  PC:0B72
0B74  CA 83 0B  JZ 0B83     (3)  BC:007B  DE:0BC9  HL:0BB5  AF:0812  SP:7FEF  PC:0B74
0B77  47        MOV B,A     (3)  BC:007B  DE:0BC9  HL:0BB5  AF:0812  SP:7FEF  PC:0B77
0B78  1A        LDAX D      (3)  BC:087B  DE:0BC9  HL:0BB5  AF:0812  SP:7FEF  PC:0B78
0B79  A0        ANA B       (3)  BC:087B  DE:0BC9  HL:0BB5  AF:0012  SP:7FEF  PC:0B79
0B7A  CA 7F 0B  JZ 0B7F     (3)  BC:087B  DE:0BC9  HL:0BB5  AF:0056  SP:7FEF  PC:0B7A
0B7F  C1        POP B       (3)  BC:087B  DE:0BC9  HL:0BB5  AF:0056  SP:7FEF  PC:0B7F
0B80  D1        POP D       (3)  BC:007B  DE:0BC9  HL:0BB5  AF:0056  SP:7FF1  PC:0B80
0B81  E1        POP H       (3)  BC:007B  DE:0013  HL:0BB5  AF:0056  SP:7FF3  PC:0B81
0B82  C9        RET         (3)  BC:007B  DE:0013  HL:007B  AF:0056  SP:7FF5  PC:0B82
0A1A  C4 88 0B  CNZ 0B88    (2)  BC:007B  DE:0013  HL:007B  AF:0056  SP:7FF7  PC:0A1A
0A1D  E1        POP H       (2)  BC:007B  DE:0013  HL:007B  AF:0056  SP:7FF7  PC:0A1D
0A1E  CA 4D 0A  JZ 0A4D     (2)  BC:007B  DE:0013  HL:0067  AF:0056  SP:7FF9  PC:0A1E
0A4D  E5        PUSH H      (2)  BC:007B  DE:0013  HL:0067  AF:0056  SP:7FF9  PC:0A4D
0A4E  3E 01     MVI A,01    (2)  BC:007B  DE:0013  HL:0067  AF:0056  SP:7FF7  PC:0A4E
0A50  32 C3 0A  STA 0AC3    (2)  BC:007B  DE:0013  HL:0067  AF:0156  SP:7FF7  PC:0A50
0A53  32 E7 0A  STA 0AE7    (2)  BC:007B  DE:0013  HL:0067  AF:0156  SP:7FF7  PC:0A53
0A56  21 B5 0B  LXI H,0BB5  (2)  BC:007B  DE:0013  HL:0067  AF:0156  SP:7FF7  PC:0A56
0A59  22 C4 0A  SHLD 0AC4   (2)  BC:007B  DE:0013  HL:0BB5  AF:0156  SP:7FF7  PC:0A59
0A5C  21 DD 0B  LXI H,0BDD  (2)  BC:007B  DE:0013  HL:0BB5  AF:0156  SP:7FF7  PC:0A5C
0A5F  22 E8 0A  SHLD 0AE8   (2)  BC:007B  DE:0013  HL:0BDD  AF:0156  SP:7FF7  PC:0A5F
0A62  06 04     MVI B,04    (2)  BC:007B  DE:0013  HL:0BDD  AF:0156  SP:7FF7  PC:0A62
0A64  E1        POP H       (2)  BC:047B  DE:0013  HL:0BDD  AF:0156  SP:7FF7  PC:0A64
0A65  E5        PUSH H      (2)  BC:047B  DE:0013  HL:0067  AF:0156  SP:7FF9  PC:0A65
0A66  11 24 0C  LXI D,0C24  (2)  BC:047B  DE:0013  HL:0067  AF:0156  SP:7FF7  PC:0A66
0A69  CD 77 0A  CALL 0A77   (2)  BC:047B  DE:0C24  HL:0067  AF:0156  SP:7FF7  PC:0A69
0A77  CD 80 0A  CALL 0A80   (3)  BC:047B  DE:0C24  HL:0067  AF:0156  SP:7FF5  PC:0A77
0A7A  23        INX H       (3)  BC:047B  DE:0C25  HL:0067  AF:0956  SP:7FF5  PC:0A7A
0A7B  05        DCR B       (3)  BC:047B  DE:0C25  HL:0068  AF:0956  SP:7FF5  PC:0A7B
0A7C  C2 77 0A  JNZ 0A77    (3)  BC:037B  DE:0C25  HL:0068  AF:0916  SP:7FF5  PC:0A7C
0A77  CD 80 0A  CALL 0A80   (3)  BC:037B  DE:0C25  HL:0068  AF:0916  SP:7FF5  PC:0A77
0A7A  23        INX H       (3)  BC:037B  DE:0C26  HL:0068  AF:0056  SP:7FF5  PC:0A7A
0A7B  05        DCR B       (3)  BC:037B  DE:0C26  HL:0069  AF:0056  SP:7FF5  PC:0A7B
0A7C  C2 77 0A  JNZ 0A77    (3)  BC:027B  DE:0C26  HL:0069  AF:0012  SP:7FF5  PC:0A7C
0A77  CD 80 0A  CALL 0A80   (3)  BC:027B  DE:0C26  HL:0069  AF:0012  SP:7FF5  PC:0A77
0A7A  23        INX H       (3)  BC:027B  DE:0C27  HL:0069  AF:0056  SP:7FF5  PC:0A7A
0A7B  05        DCR B       (3)  BC:027B  DE:0C27  HL:006A  AF:0056  SP:7FF5  PC:0A7B
0A7C  C2 77 0A  JNZ 0A77    (3)  BC:017B  DE:0C27  HL:006A  AF:0012  SP:7FF5  PC:0A7C
0A77  CD 80 0A  CALL 0A80   (3)  BC:017B  DE:0C27  HL:006A  AF:0012  SP:7FF5  PC:0A77
0A7A  23        INX H       (3)  BC:017B  DE:0C28  HL:006A  AF:0056  SP:7FF5  PC:0A7A
0A7B  05        DCR B       (3)  BC:017B  DE:0C28  HL:006B  AF:0056  SP:7FF5  PC:0A7B
0A7C  C2 77 0A  JNZ 0A77    (3)  BC:007B  DE:0C28  HL:006B  AF:0056  SP:7FF5  PC:0A7C
0A7F  C9        RET         (3)  BC:007B  DE:0C28  HL:006B  AF:0056  SP:7FF5  PC:0A7F
0A6C  06 10     MVI B,10    (2)  BC:007B  DE:0C28  HL:006B  AF:0056  SP:7FF7  PC:0A6C
0A6E  11 03 00  LXI D,0003  (2)  BC:107B  DE:0C28  HL:006B  AF:0056  SP:7FF7  PC:0A6E
0A71  CD 77 0A  CALL 0A77   (2)  BC:107B  DE:0003  HL:006B  AF:0056  SP:7FF7  PC:0A71
0A77  CD 80 0A  CALL 0A80   (3)  BC:107B  DE:0003  HL:006B  AF:0056  SP:7FF5  PC:0A77
0A7A  23        INX H       (3)  BC:107B  DE:0004  HL:006B  AF:A556  SP:7FF5  PC:0A7A
0A7B  05        DCR B       (3)  BC:107B  DE:0004  HL:006C  AF:A556  SP:7FF5  PC:0A7B
0A7C  C2 77 0A  JNZ 0A77    (3)  BC:0F7B  DE:0004  HL:006C  AF:A506  SP:7FF5  PC:0A7C
0A77  CD 80 0A  CALL 0A80   (3)  BC:0F7B  DE:0004  HL:006C  AF:A506  SP:7FF5  PC:0A77
0A7A  23        INX H       (3)  BC:0F7B  DE:0005  HL:006C  AF:C456  SP:7FF5  PC:0A7A
0A7B  05        DCR B       (3)  BC:0F7B  DE:0005  HL:006D  AF:C456  SP:7FF5  PC:0A7B
0A7C  C2 77 0A  JNZ 0A77    (3)  BC:0E7B  DE:0005  HL:006D  AF:C412  SP:7FF5  PC:0A7C
0A77  CD 80 0A  CALL 0A80   (3)  BC:0E7B  DE:0005  HL:006D  AF:C412  SP:7FF5  PC:0A77
0A7A  23        INX H       (3)  BC:0E7B  DE:0006  HL:006D  AF:C756  SP:7FF5  PC:0A7A
0A7B  05        DCR B       (3)  BC:0E7B  DE:0006  HL:006E  AF:C756  SP:7FF5  PC:0A7B
0A7C  C2 77 0A  JNZ 0A77    (3)  BC:0D7B  DE:0006  HL:006E  AF:C712  SP:7FF5  PC:0A7C
0A77  CD 80 0A  CALL 0A80   (3)  BC:0D7B  DE:0006  HL:006E  AF:C712  SP:7FF5  PC:0A77
0A7A  23        INX H       (3)  BC:0D7B  DE:0007  HL:006E  AF:C456  SP:7FF5  PC:0A7A
0A7B  05        DCR B       (3)  BC:0D7B  DE:0007  HL:006F  AF:C456  SP:7FF5  PC:0A7B
0A7C  C2 77 0A  JNZ 0A77    (3)  BC:0C7B  DE:0007  HL:006F  AF:C416  SP:7FF5  PC:0A7C
0A77  CD 80 0A  CALL 0A80   (3)  BC:0C7B  DE:0007  HL:006F  AF:C416  SP:7FF5  PC:0A77
0A7A  23        INX H       (3)  BC:0C7B  DE:0008  HL:006F  AF:2656  SP:7FF5  PC:0A7A
0A7B  05        DCR B       (3)  BC:0C7B  DE:0008  HL:0070  AF:2656  SP:7FF5  PC:0A7B
0A7C  C2 77 0A  JNZ 0A77    (3)  BC:0B7B  DE:0008  HL:0070  AF:2612  SP:7FF5  PC:0A7C
0A77  CD 80 0A  CALL 0A80   (3)  BC:0B7B  DE:0008  HL:0070  AF:2612  SP:7FF5  PC:0A77
0A7A  23        INX H       (3)  BC:0B7B  DE:0009  HL:0070  AF:D256  SP:7FF5  PC:0A7A
0A7B  05        DCR B       (3)  BC:0B7B  DE:0009  HL:0071  AF:D256  SP:7FF5  PC:0A7B
0A7C  C2 77 0A  JNZ 0A77    (3)  BC:0A7B  DE:0009  HL:0071  AF:D216  SP:7FF5  PC:0A7C
0A77  CD 80 0A  CALL 0A80   (3)  BC:0A7B  DE:0009  HL:0071  AF:D216  SP:7FF5  PC:0A77
0A7A  23        INX H       (3)  BC:0A7B  DE:000A  HL:0071  AF:5157  SP:7FF5  PC:0A7A
0A7B  05        DCR B       (3)  BC:0A7B  DE:000A  HL:0072  AF:5157  SP:7FF5  PC:0A7B
0A7C  C2 77 0A  JNZ 0A77    (3)  BC:097B  DE:000A  HL:0072  AF:5117  SP:7FF5  PC:0A7C
0A77  CD 80 0A  CALL 0A80   (3)  BC:097B  DE:000A  HL:0072  AF:5117  SP:7FF5  PC:0A77
0A7A  23        INX H       (3)  BC:097B  DE:000B  HL:0072  AF:A057  SP:7FF5  PC:0A7A
0A7B  05        DCR B       (3)  BC:097B  DE:000B  HL:0073  AF:A057  SP:7FF5  PC:0A7B
0A7C  C2 77 0A  JNZ 0A77    (3)  BC:087B  DE:000B  HL:0073  AF:A013  SP:7FF5  PC:0A7C
0A77  CD 80 0A  CALL 0A80   (3)  BC:087B  DE:000B  HL:0073  AF:A013  SP:7FF5  PC:0A77
0A7A  23        INX H       (3)  BC:087B  DE:000C  HL:0073  AF:CA57  SP:7FF5  PC:0A7A
0A7B  05        DCR B       (3)  BC:087B  DE:000C  HL:0074  AF:CA57  SP:7FF5  PC:0A7B
0A7C  C2 77 0A  JNZ 0A77    (3)  BC:077B  DE:000C  HL:0074  AF:CA13  SP:7FF5  PC:0A7C
0A77  CD 80 0A  CALL 0A80   (3)  BC:077B  DE:000C  HL:0074  AF:CA13  SP:7FF5  PC:0A77
0A7A  23        INX H       (3)  BC:077B  DE:000D  HL:0074  AF:5857  SP:7FF5  PC:0A7A
0A7B  05        DCR B       (3)  BC:077B  DE:000D  HL:0075  AF:5857  SP:7FF5  PC:0A7B
0A7C  C2 77 0A  JNZ 0A77    (3)  BC:067B  DE:000D  HL:0075  AF:5817  SP:7FF5  PC:0A7C
0A77  CD 80 0A  CALL 0A80   (3)  BC:067B  DE:000D  HL:0075  AF:5817  SP:7FF5  PC:0A77
0A7A  23        INX H       (3)  BC:067B  DE:000E  HL:0075  AF:6657  SP:7FF5  PC:0A7A
0A7B  05        DCR B       (3)  BC:067B  DE:000E  HL:0076  AF:6657  SP:7FF5  PC:0A7B
0A7C  C2 77 0A  JNZ 0A77    (3)  BC:057B  DE:000E  HL:0076  AF:6617  SP:7FF5  PC:0A7C
0A77  CD 80 0A  CALL 0A80   (3)  BC:057B  DE:000E  HL:0076  AF:6617  SP:7FF5  PC:0A77
0A7A  23        INX H       (3)  BC:057B  DE:000F  HL:0076  AF:8557  SP:7FF5  PC:0A7A
0A7B  05        DCR B       (3)  BC:057B  DE:000F  HL:0077  AF:8557  SP:7FF5  PC:0A7B
0A7C  C2 77 0A  JNZ 0A77    (3)  BC:047B  DE:000F  HL:0077  AF:8513  SP:7FF5  PC:0A7C
0A77  CD 80 0A  CALL 0A80   (3)  BC:047B  DE:000F  HL:0077  AF:8513  SP:7FF5  PC:0A77
0A7A  23        INX H       (3)  BC:047B  DE:0010  HL:0077  AF:C657  SP:7FF5  PC:0A7A
0A7B  05        DCR B       (3)  BC:047B  DE:0010  HL:0078  AF:C657  SP:7FF5  PC:0A7B
0A7C  C2 77 0A  JNZ 0A77    (3)  BC:037B  DE:0010  HL:0078  AF:C617  SP:7FF5  PC:0A7C
0A77  CD 80 0A  CALL 0A80   (3)  BC:037B  DE:0010  HL:0078  AF:C617  SP:7FF5  PC:0A77
0A7A  23        INX H       (3)  BC:037B  DE:0011  HL:0078  AF:DE56  SP:7FF5  PC:0A7A
0A7B  05        DCR B       (3)  BC:037B  DE:0011  HL:0079  AF:DE56  SP:7FF5  PC:0A7B
0A7C  C2 77 0A  JNZ 0A77    (3)  BC:027B  DE:0011  HL:0079  AF:DE12  SP:7FF5  PC:0A7C
0A77  CD 80 0A  CALL 0A80   (3)  BC:027B  DE:0011  HL:0079  AF:DE12  SP:7FF5  PC:0A77
0A7A  23        INX H       (3)  BC:027B  DE:0012  HL:0079  AF:C957  SP:7FF5  PC:0A7A
0A7B  05        DCR B       (3)  BC:027B  DE:0012  HL:007A  AF:C957  SP:7FF5  PC:0A7B
0A7C  C2 77 0A  JNZ 0A77    (3)  BC:017B  DE:0012  HL:007A  AF:C913  SP:7FF5  PC:0A7C
0A77  CD 80 0A  CALL 0A80   (3)  BC:017B  DE:0012  HL:007A  AF:C913  SP:7FF5  PC:0A77
0A7A  23        INX H       (3)  BC:017B  DE:0013  HL:007A  AF:9B57  SP:7FF5  PC:0A7A
0A7B  05        DCR B       (3)  BC:017B  DE:0013  HL:007B  AF:9B57  SP:7FF5  PC:0A7B
0A7C  C2 77 0A  JNZ 0A77    (3)  BC:007B  DE:0013  HL:007B  AF:9B57  SP:7FF5  PC:0A7C
0A7F  C9        RET         (3)  BC:007B  DE:0013  HL:007B  AF:9B57  SP:7FF5  PC:0A7F
0A74  C3 00 0A  JMP 0A00    (2)  BC:007B  DE:0013  HL:007B  AF:9B57  SP:7FF7  PC:0A74
0A00  3A 24 0C  LDA 0C24    (2)  BC:007B  DE:0013  HL:007B  AF:9B57  SP:7FF7  PC:0A00
0A03  FE 76     CPI 76      (2)  BC:007B  DE:0013  HL:007B  AF:0957  SP:7FF7  PC:0A03
0A05  CA 17 0A  JZ 0A17     (2)  BC:007B  DE:0013  HL:007B  AF:0997  SP:7FF7  PC:0A05
0A08  E6 DF     ANI DF      (2)  BC:007B  DE:0013  HL:007B  AF:0997  SP:7FF7  PC:0A08
0A0A  FE DD     CPI DD      (2)  BC:007B  DE:0013  HL:007B  AF:0916  SP:7FF7  PC:0A0A
0A0C  C2 14 0A  JNZ 0A14    (2)  BC:007B  DE:0013  HL:007B  AF:0903  SP:7FF7  PC:0A0C
0A14  C4 05 0C  CNZ 0C05    (2)  BC:007B  DE:0013  HL:007B  AF:0903  SP:7FF7  PC:0A14
0C05  F5        PUSH PSW    (3)  BC:007B  DE:0013  HL:007B  AF:0903  SP:7FF5  PC:0C05
0C06  C5        PUSH B      (3)  BC:007B  DE:0013  HL:007B  AF:0903  SP:7FF3  PC:0C06
0C07  D5        PUSH D      (3)  BC:007B  DE:0013  HL:007B  AF:0903  SP:7FF1  PC:0C07
0C08  E5        PUSH H      (3)  BC:007B  DE:0013  HL:007B  AF:0903  SP:7FEF  PC:0C08
0C09  F3        DI          (3)  BC:007B  DE:0013  HL:007B  AF:0903  SP:7FED  PC:0C09
0C0A  21 00 00  LXI H,0000  (3)  BC:007B  DE:0013  HL:007B  AF:0903  SP:7FED  PC:0C0A
0C0D  39        DAD SP      (3)  BC:007B  DE:0013  HL:0000  AF:0903  SP:7FED  PC:0C0D
0C0E  22 80 0C  SHLD 0C80   (3)  BC:007B  DE:0013  HL:7FED  AF:0902  SP:7FED  PC:0C0E
0C11  31 05 00  LXI SP,0005 (3)  BC:007B  DE:0013  HL:7FED  AF:0902  SP:7FED  PC:0C11
0C14  E1        POP H       (3)  BC:007B  DE:0013  HL:7FED  AF:0902  SP:0005  PC:0C14
0C15  E1        POP H       (3)  BC:007B  DE:0013  HL:C4C7  AF:0902  SP:0007  PC:0C15
0C16  E1        POP H       (3)  BC:007B  DE:0013  HL:D226  AF:0902  SP:0009  PC:0C16
0C17  D1        POP D       (3)  BC:007B  DE:0013  HL:A051  AF:0902  SP:000B  PC:0C17
0C18  C1        POP B       (3)  BC:007B  DE:58CA  HL:A051  AF:0902  SP:000D  PC:0C18
0C19  F1        POP PSW     (3)  BC:8566  DE:58CA  HL:A051  AF:0902  SP:000F  PC:0C19
0C1A  22 6E 0C  SHLD 0C6E   (3)  BC:8566  DE:58CA  HL:A051  AF:DEC6  SP:0011  PC:0C1A
0C1D  2A 11 00  LHLD 0011   (3)  BC:8566  DE:58CA  HL:A051  AF:DEC6  SP:0011  PC:0C1D
0C20  F9        SPHL        (3)  BC:8566  DE:58CA  HL:9BC9  AF:DEC6  SP:0011  PC:0C20
0C21  2A 6E 0C  LHLD 0C6E   (3)  BC:8566  DE:58CA  HL:9BC9  AF:DEC6  SP:9BC9  PC:0C21
0C24  09        DAD B       (3)  BC:8566  DE:58CA  HL:A051  AF:DEC6  SP:9BC9  PC:0C24
0C25  00        NOP         (3)  BC:8566  DE:58CA  HL:25B7  AF:DEC7  SP:9BC9  PC:0C25
0C26  00        NOP         (3)  BC:8566  DE:58CA  HL:25B7  AF:DEC7  SP:9BC9  PC:0C26
0C27  00        NOP         (3)  BC:8566  DE:58CA  HL:25B7  AF:DEC7  SP:9BC9  PC:0C27
0C28  22 6E 0C  SHLD 0C6E   (3)  BC:8566  DE:58CA  HL:25B7  AF:DEC7  SP:9BC9  PC:0C28
0C2B  21 00 00  LXI H,0000  (3)  BC:8566  DE:58CA  HL:25B7  AF:DEC7  SP:9BC9  PC:0C2B
0C2E  DA 35 0C  JC 0C35     (3)  BC:8566  DE:58CA  HL:0000  AF:DEC7  SP:9BC9  PC:0C2E
0C35  39        DAD SP      (3)  BC:8566  DE:58CA  HL:0000  AF:DEC7  SP:9BC9  PC:0C35
0C36  37        STC         (3)  BC:8566  DE:58CA  HL:9BC9  AF:DEC6  SP:9BC9  PC:0C36
0C37  22 7E 0C  SHLD 0C7E   (3)  BC:8566  DE:58CA  HL:9BC9  AF:DEC7  SP:9BC9  PC:0C37
0C3A  2A 6E 0C  LHLD 0C6E   (3)  BC:8566  DE:58CA  HL:9BC9  AF:DEC7  SP:9BC9  PC:0C3A
0C3D  31 7E 0C  LXI SP,0C7E (3)  BC:8566  DE:58CA  HL:25B7  AF:DEC7  SP:9BC9  PC:0C3D
0C40  F5        PUSH PSW    (3)  BC:8566  DE:58CA  HL:25B7  AF:DEC7  SP:0C7E  PC:0C40
0C41  C5        PUSH B      (3)  BC:8566  DE:58CA  HL:25B7  AF:DEC7  SP:0C7C  PC:0C41
0C42  D5        PUSH D      (3)  BC:8566  DE:58CA  HL:25B7  AF:DEC7  SP:0C7A  PC:0C42
0C43  E5        PUSH H      (3)  BC:8566  DE:58CA  HL:25B7  AF:DEC7  SP:0C78  PC:0C43
0C44  E5        PUSH H      (3)  BC:8566  DE:58CA  HL:25B7  AF:DEC7  SP:0C76  PC:0C44
0C45  E5        PUSH H      (3)  BC:8566  DE:58CA  HL:25B7  AF:DEC7  SP:0C74  PC:0C45
0C46  2A 80 0C  LHLD 0C80   (3)  BC:8566  DE:58CA  HL:25B7  AF:DEC7  SP:0C72  PC:0C46
0C49  F9        SPHL        (3)  BC:8566  DE:58CA  HL:7FED  AF:DEC7  SP:0C72  PC:0C49
0C4A  FB        EI          (3)  BC:8566  DE:58CA  HL:7FED  AF:DEC7  SP:7FED  PC:0C4A
0C4B  2A 03 00  LHLD 0003   (3)  BC:8566  DE:58CA  HL:7FED  AF:DEC7  SP:7FED  PC:0C4B
0C4E  22 70 0C  SHLD 0C70   (3)  BC:8566  DE:58CA  HL:C4A5  AF:DEC7  SP:7FED  PC:0C4E
0C51  21 7C 0C  LXI H,0C7C  (3)  BC:8566  DE:58CA  HL:C4A5  AF:DEC7  SP:7FED  PC:0C51
0C54  7E        MOV A,M     (3)  BC:8566  DE:58CA  HL:0C7C  AF:DEC7  SP:7FED  PC:0C54
0C55  E6 FF     ANI FF      (3)  BC:8566  DE:58CA  HL:0C7C  AF:C7C7  SP:7FED  PC:0C55
0C57  77        MOV M,A     (3)  BC:8566  DE:58CA  HL:0C7C  AF:C792  SP:7FED  PC:0C57
0C58  06 10     MVI B,10    (3)  BC:8566  DE:58CA  HL:0C7C  AF:C792  SP:7FED  PC:0C58
0C5A  11 70 0C  LXI D,0C70  (3)  BC:1066  DE:58CA  HL:0C7C  AF:C792  SP:7FED  PC:0C5A
0C5D  21 BB 0D  LXI H,0DBB  (3)  BC:1066  DE:0C70  HL:0C7C  AF:C792  SP:7FED  PC:0C5D
0C60  1A        LDAX D      (3)  BC:1066  DE:0C70  HL:0DBB  AF:C792  SP:7FED  PC:0C60
0C61  13        INX D       (3)  BC:1066  DE:0C70  HL:0DBB  AF:A592  SP:7FED  PC:0C61
0C62  CD 7F 0D  CALL 0D7F   (3)  BC:1066  DE:0C71  HL:0DBB  AF:A592  SP:7FED  PC:0C62
0C65  05        DCR B       (3)  BC:1066  DE:0C71  HL:0DBB  AF:A592  SP:7FED  PC:0C65
0C66  C2 60 0C  JNZ 0C60    (3)  BC:0F66  DE:0C71  HL:0DBB  AF:A506  SP:7FED  PC:0C66
0C60  1A        LDAX D      (3)  BC:0F66  DE:0C71  HL:0DBB  AF:A506  SP:7FED  PC:0C60
0C61  13        INX D       (3)  BC:0F66  DE:0C71  HL:0DBB  AF:C406  SP:7FED  PC:0C61
0C62  CD 7F 0D  CALL 0D7F   (3)  BC:0F66  DE:0C72  HL:0DBB  AF:C406  SP:7FED  PC:0C62
0C65  05        DCR B       (3)  BC:0F66  DE:0C72  HL:0DBB  AF:C406  SP:7FED  PC:0C65
0C66  C2 60 0C  JNZ 0C60    (3)  BC:0E66  DE:0C72  HL:0DBB  AF:C412  SP:7FED  PC:0C66
0C60  1A        LDAX D      (3)  BC:0E66  DE:0C72  HL:0DBB  AF:C412  SP:7FED  PC:0C60
0C61  13        INX D       (3)  BC:0E66  DE:0C72  HL:0DBB  AF:B712  SP:7FED  PC:0C61
0C62  CD 7F 0D  CALL 0D7F   (3)  BC:0E66  DE:0C73  HL:0DBB  AF:B712  SP:7FED  PC:0C62
0C65  05        DCR B       (3)  BC:0E66  DE:0C73  HL:0DBB  AF:B712  SP:7FED  PC:0C65
0C66  C2 60 0C  JNZ 0C60    (3)  BC:0D66  DE:0C73  HL:0DBB  AF:B712  SP:7FED  PC:0C66
0C60  1A        LDAX D      (3)  BC:0D66  DE:0C73  HL:0DBB  AF:B712  SP:7FED  PC:0C60
0C61  13        INX D       (3)  BC:0D66  DE:0C73  HL:0DBB  AF:2512  SP:7FED  PC:0C61
0C62  CD 7F 0D  CALL 0D7F   (3)  BC:0D66  DE:0C74  HL:0DBB  AF:2512  SP:7FED  PC:0C62
0C65  05        DCR B       (3)  BC:0D66  DE:0C74  HL:0DBB  AF:2512  SP:7FED  PC:0C65
0C66  C2 60 0C  JNZ 0C60    (3)  BC:0C66  DE:0C74  HL:0DBB  AF:2516  SP:7FED  PC:0C66
0C60  1A        LDAX D      (3)  BC:0C66  DE:0C74  HL:0DBB  AF:2516  SP:7FED  PC:0C60
0C61  13        INX D       (3)  BC:0C66  DE:0C74  HL:0DBB  AF:B716  SP:7FED  PC:0C61
0C62  CD 7F 0D  CALL 0D7F   (3)  BC:0C66  DE:0C75  HL:0DBB  AF:B716  SP:7FED  PC:0C62
0C65  05        DCR B       (3)  BC:0C66  DE:0C75  HL:0DBB  AF:B716  SP:7FED  PC:0C65
0C66  C2 60 0C  JNZ 0C60    (3)  BC:0B66  DE:0C75  HL:0DBB  AF:B712  SP:7FED  PC:0C66
0C60  1A        LDAX D      (3)  BC:0B66  DE:0C75  HL:0DBB  AF:B712  SP:7FED  PC:0C60
0C61  13        INX D       (3)  BC:0B66  DE:0C75  HL:0DBB  AF:2512  SP:7FED  PC:0C61
0C62  CD 7F 0D  CALL 0D7F   (3)  BC:0B66  DE:0C76  HL:0DBB  AF:2512  SP:7FED  PC:0C62
0C65  05        DCR B       (3)  BC:0B66  DE:0C76  HL:0DBB  AF:2512  SP:7FED  PC:0C65
0C66  C2 60 0C  JNZ 0C60    (3)  BC:0A66  DE:0C76  HL:0DBB  AF:2516  SP:7FED  PC:0C66
0C60  1A        LDAX D      (3)  BC:0A66  DE:0C76  HL:0DBB  AF:2516  SP:7FED  PC:0C60
0C61  13        INX D       (3)  BC:0A66  DE:0C76  HL:0DBB  AF:B716  SP:7FED  PC:0C61
0C62  CD 7F 0D  CALL 0D7F   (3)  BC:0A66  DE:0C77  HL:0DBB  AF:B716  SP:7FED  PC:0C62
0C65  05        DCR B       (3)  BC:0A66  DE:0C77  HL:0DBB  AF:B716  SP:7FED  PC:0C65
0C66  C2 60 0C  JNZ 0C60    (3)  BC:0966  DE:0C77  HL:0DBB  AF:B716  SP:7FED  PC:0C66
0C60  1A        LDAX D      (3)  BC:0966  DE:0C77  HL:0DBB  AF:B716  SP:7FED  PC:0C60
0C61  13        INX D       (3)  BC:0966  DE:0C77  HL:0DBB  AF:2516  SP:7FED  PC:0C61
0C62  CD 7F 0D  CALL 0D7F   (3)  BC:0966  DE:0C78  HL:0DBB  AF:2516  SP:7FED  PC:0C62
0C65  05        DCR B       (3)  BC:0966  DE:0C78  HL:0DBB  AF:2516  SP:7FED  PC:0C65
0C66  C2 60 0C  JNZ 0C60    (3)  BC:0866  DE:0C78  HL:0DBB  AF:2512  SP:7FED  PC:0C66
0C60  1A        LDAX D      (3)  BC:0866  DE:0C78  HL:0DBB  AF:2512  SP:7FED  PC:0C60
0C61  13        INX D       (3)  BC:0866  DE:0C78  HL:0DBB  AF:CA12  SP:7FED  PC:0C61
0C62  CD 7F 0D  CALL 0D7F   (3)  BC:0866  DE:0C79  HL:0DBB  AF:CA12  SP:7FED  PC:0C62
0C65  05        DCR B       (3)  BC:0866  DE:0C79  HL:0DBB  AF:CA12  SP:7FED  PC:0C65
0C66  C2 60 0C  JNZ 0C60    (3)  BC:0766  DE:0C79  HL:0DBB  AF:CA12  SP:7FED  PC:0C66
0C60  1A        LDAX D      (3)  BC:0766  DE:0C79  HL:0DBB  AF:CA12  SP:7FED  PC:0C60
0C61  13        INX D       (3)  BC:0766  DE:0C79  HL:0DBB  AF:5812  SP:7FED  PC:0C61
0C62  CD 7F 0D  CALL 0D7F   (3)  BC:0766  DE:0C7A  HL:0DBB  AF:5812  SP:7FED  PC:0C62
0C65  05        DCR B       (3)  BC:0766  DE:0C7A  HL:0DBB  AF:5812  SP:7FED  PC:0C65
0C66  C2 60 0C  JNZ 0C60    (3)  BC:0666  DE:0C7A  HL:0DBB  AF:5816  SP:7FED  PC:0C66
0C60  1A        LDAX D      (3)  BC:0666  DE:0C7A  HL:0DBB  AF:5816  SP:7FED  PC:0C60
0C61  13        INX D       (3)  BC:0666  DE:0C7A  HL:0DBB  AF:6616  SP:7FED  PC:0C61
0C62  CD 7F 0D  CALL 0D7F   (3)  BC:0666  DE:0C7B  HL:0DBB  AF:6616  SP:7FED  PC:0C62
0C65  05        DCR B       (3)  BC:0666  DE:0C7B  HL:0DBB  AF:6616  SP:7FED  PC:0C65
0C66  C2 60 0C  JNZ 0C60    (3)  BC:0566  DE:0C7B  HL:0DBB  AF:6616  SP:7FED  PC:0C66
0C60  1A        LDAX D      (3)  BC:0566  DE:0C7B  HL:0DBB  AF:6616  SP:7FED  PC:0C60
0C61  13        INX D       (3)  BC:0566  DE:0C7B  HL:0DBB  AF:8516  SP:7FED  PC:0C61
0C62  CD 7F 0D  CALL 0D7F   (3)  BC:0566  DE:0C7C  HL:0DBB  AF:8516  SP:7FED  PC:0C62
0C65  05        DCR B       (3)  BC:0566  DE:0C7C  HL:0DBB  AF:8516  SP:7FED  PC:0C65
0C66  C2 60 0C  JNZ 0C60    (3)  BC:0466  DE:0C7C  HL:0DBB  AF:8512  SP:7FED  PC:0C66
0C60  1A        LDAX D      (3)  BC:0466  DE:0C7C  HL:0DBB  AF:8512  SP:7FED  PC:0C60
0C61  13        INX D       (3)  BC:0466  DE:0C7C  HL:0DBB  AF:C712  SP:7FED  PC:0C61
0C62  CD 7F 0D  CALL 0D7F   (3)  BC:0466  DE:0C7D  HL:0DBB  AF:C712  SP:7FED  PC:0C62
0C65  05        DCR B       (3)  BC:0466  DE:0C7D  HL:0DBB  AF:C712  SP:7FED  PC:0C65
0C66  C2 60 0C  JNZ 0C60    (3)  BC:0366  DE:0C7D  HL:0DBB  AF:C716  SP:7FED  PC:0C66
0C60  1A        LDAX D      (3)  BC:0366  DE:0C7D  HL:0DBB  AF:C716  SP:7FED  PC:0C60
0C61  13        INX D       (3)  BC:0366  DE:0C7D  HL:0DBB  AF:DE16  SP:7FED  PC:0C61
0C62  CD 7F 0D  CALL 0D7F   (3)  BC:0366  DE:0C7E  HL:0DBB  AF:DE16  SP:7FED  PC:0C62
0C65  05        DCR B       (3)  BC:0366  DE:0C7E  HL:0DBB  AF:DE16  SP:7FED  PC:0C65
0C66  C2 60 0C  JNZ 0C60    (3)  BC:0266  DE:0C7E  HL:0DBB  AF:DE12  SP:7FED  PC:0C66
0C60  1A        LDAX D      (3)  BC:0266  DE:0C7E  HL:0DBB  AF:DE12  SP:7FED  PC:0C60
0C61  13        INX D       (3)  BC:0266  DE:0C7E  HL:0DBB  AF:C912  SP:7FED  PC:0C61
0C62  CD 7F 0D  CALL 0D7F   (3)  BC:0266  DE:0C7F  HL:0DBB  AF:C912  SP:7FED  PC:0C62
0C65  05        DCR B       (3)  BC:0266  DE:0C7F  HL:0DBB  AF:C912  SP:7FED  PC:0C65
0C66  C2 60 0C  JNZ 0C60    (3)  BC:0166  DE:0C7F  HL:0DBB  AF:C912  SP:7FED  PC:0C66
0C60  1A        LDAX D      (3)  BC:0166  DE:0C7F  HL:0DBB  AF:C912  SP:7FED  PC:0C60
0C61  13        INX D       (3)  BC:0166  DE:0C7F  HL:0DBB  AF:9B12  SP:7FED  PC:0C61
0C62  CD 7F 0D  CALL 0D7F   (3)  BC:0166  DE:0C80  HL:0DBB  AF:9B12  SP:7FED  PC:0C62
0C65  05        DCR B       (3)  BC:0166  DE:0C80  HL:0DBB  AF:9B12  SP:7FED  PC:0C65
0C66  C2 60 0C  JNZ 0C60    (3)  BC:0066  DE:0C80  HL:0DBB  AF:9B56  SP:7FED  PC:0C66
0C69  E1        POP H       (3)  BC:0066  DE:0C80  HL:0DBB  AF:9B56  SP:7FED  PC:0C69
0C6A  D1        POP D       (3)  BC:0066  DE:0C80  HL:007B  AF:9B56  SP:7FEF  PC:0C6A
0C6B  C1        POP B       (3)  BC:0066  DE:0013  HL:007B  AF:9B56  SP:7FF1  PC:0C6B
0C6C  F1        POP PSW     (3)  BC:007B  DE:0013  HL:007B  AF:9B56  SP:7FF3  PC:0C6C
0C6D  C9        RET         (3)  BC:007B  DE:0013  HL:007B  AF:0903  SP:7FF5  PC:0C6D
0A17  CD 64 0B  CALL 0B64   (2)  BC:007B  DE:0013  HL:007B  AF:0903  SP:7FF7  PC:0A17
0B64  C5        PUSH B      (3)  BC:007B  DE:0013  HL:007B  AF:0903  SP:7FF5  PC:0B64
0B65  D5        PUSH D      (3)  BC:007B  DE:0013  HL:007B  AF:0903  SP:7FF3  PC:0B65
0B66  E5        PUSH H      (3)  BC:007B  DE:0013  HL:007B  AF:0903  SP:7FF1  PC:0B66
0B67  21 B5 0B  LXI H,0BB5  (3)  BC:007B  DE:0013  HL:007B  AF:0903  SP:7FEF  PC:0B67
0B6A  11 14 00  LXI D,0014  (3)  BC:007B  DE:0013  HL:0BB5  AF:0903  SP:7FEF  PC:0B6A
0B6D  EB        XCHG        (3)  BC:007B  DE:0014  HL:0BB5  AF:0903  SP:7FEF  PC:0B6D
0B6E  19        DAD D       (3)  BC:007B  DE:0BB5  HL:0014  AF:0903  SP:7FEF  PC:0B6E
0B6F  EB        XCHG        (3)  BC:007B  DE:0BB5  HL:0BC9  AF:0902  SP:7FEF  PC:0B6F
0B70  34        INR M       (3)  BC:007B  DE:0BC9  HL:0BB5  AF:0902  SP:7FEF  PC:0B70
0B71  7E        MOV A,M     (3)  BC:007B  DE:0BC9  HL:0BB5  AF:0906  SP:7FEF  PC:0B71
0B72  FE 00     CPI 00      (3)  BC:007B  DE:0BC9  HL:0BB5  AF:0906  SP:7FEF  PC:0B72
0B74  CA 83 0B  JZ 0B83     (3)  BC:007B  DE:0BC9  HL:0BB5  AF:0916  SP:7FEF  PC:0B74
0B77  47        MOV B,A     (3)  BC:007B  DE:0BC9  HL:0BB5  AF:0916  SP:7FEF  PC:0B77
0B78  1A        LDAX D      (3)  BC:097B  DE:0BC9  HL:0BB5  AF:0916  SP:7FEF  PC:0B78
0B79  A0        ANA B       (3)  BC:097B  DE:0BC9  HL:0BB5  AF:0016  SP:7FEF  PC:0B79
0B7A  CA 7F 0B  JZ 0B7F     (3)  BC:097B  DE:0BC9  HL:0BB5  AF:0056  SP:7FEF  PC:0B7A
0B7F  C1        POP B       (3)  BC:097B  DE:0BC9  HL:0BB5  AF:0056  SP:7FEF  PC:0B7F
0B80  D1        POP D       (3)  BC:007B  DE:0BC9  HL:0BB5  AF:0056  SP:7FF1  PC:0B80
0B81  E1        POP H       (3)  BC:007B  DE:0013  HL:0BB5  AF:0056  SP:7FF3  PC:0B81
0B82  C9        RET         (3)  BC:007B  DE:0013  HL:007B  AF:0056  SP:7FF5  PC:0B82
0A1A  C4 88 0B  CNZ 0B88    (2)  BC:007B  DE:0013  HL:007B  AF:0056  SP:7FF7  PC:0A1A
0A1D  E1        POP H       (2)  BC:007B  DE:0013  HL:007B  AF:0056  SP:7FF7  PC:0A1D
0A1E  CA 4D 0A  JZ 0A4D     (2)  BC:007B  DE:0013  HL:0067  AF:0056  SP:7FF9  PC:0A1E
0A4D  E5        PUSH H      (2)  BC:007B  DE:0013  HL:0067  AF:0056  SP:7FF9  PC:0A4D
0A4E  3E 01     MVI A,01    (2)  BC:007B  DE:0013  HL:0067  AF:0056  SP:7FF7  PC:0A4E
0A50  32 C3 0A  STA 0AC3    (2)  BC:007B  DE:0013  HL:0067  AF:0156  SP:7FF7  PC:0A50
0A53  32 E7 0A  STA 0AE7    (2)  BC:007B  DE:0013  HL:0067  AF:0156  SP:7FF7  PC:0A53
0A56  21 B5 0B  LXI H,0BB5  (2)  BC:007B  DE:0013  HL:0067  AF:0156  SP:7FF7  PC:0A56
0A59  22 C4 0A  SHLD 0AC4   (2)  BC:007B  DE:0013  HL:0BB5  AF:0156  SP:7FF7  PC:0A59
0A5C  21 DD 0B  LXI H,0BDD  (2)  BC:007B  DE:0013  HL:0BB5  AF:0156  SP:7FF7  PC:0A5C
0A5F  22 E8 0A  SHLD 0AE8   (2)  BC:007B  DE:0013  HL:0BDD  AF:0156  SP:7FF7  PC:0A5F
0A62  06 04     MVI B,04    (2)  BC:007B  DE:0013  HL:0BDD  AF:0156  SP:7FF7  PC:0A62
0A64  E1        POP H       (2)  BC:047B  DE:0013  HL:0BDD  AF:0156  SP:7FF7  PC:0A64
0A65  E5        PUSH H      (2)  BC:047B  DE:0013  HL:0067  AF:0156  SP:7FF9  PC:0A65
0A66  11 24 0C  LXI D,0C24  (2)  BC:047B  DE:0013  HL:0067  AF:0156  SP:7FF7  PC:0A66
0A69  CD 77 0A  CALL 0A77   (2)  BC:047B  DE:0C24  HL:0067  AF:0156  SP:7FF7  PC:0A69
0A77  CD 80 0A  CALL 0A80   (3)  BC:047B  DE:0C24  HL:0067  AF:0156  SP:7FF5  PC:0A77
0A7A  23        INX H       (3)  BC:047B  DE:0C25  HL:0067  AF:1956  SP:7FF5  PC:0A7A
0A7B  05        DCR B       (3)  BC:047B  DE:0C25  HL:0068  AF:1956  SP:7FF5  PC:0A7B
0A7C  C2 77 0A  JNZ 0A77    (3)  BC:037B  DE:0C25  HL:0068  AF:1916  SP:7FF5  PC:0A7C
0A77  CD 80 0A  CALL 0A80   (3)  BC:037B  DE:0C25  HL:0068  AF:1916  SP:7FF5  PC:0A77
0A7A  23        INX H       (3)  BC:037B  DE:0C26  HL:0068  AF:0056  SP:7FF5  PC:0A7A
0A7B  05        DCR B       (3)  BC:037B  DE:0C26  HL:0069  AF:0056  SP:7FF5  PC:0A7B
0A7C  C2 77 0A  JNZ 0A77    (3)  BC:027B  DE:0C26  HL:0069  AF:0012  SP:7FF5  PC:0A7C
0A77  CD 80 0A  CALL 0A80   (3)  BC:027B  DE:0C26  HL:0069  AF:0012  SP:7FF5  PC:0A77
0A7A  23        INX H       (3)  BC:027B  DE:0C27  HL:0069  AF:0056  SP:7FF5  PC:0A7A
0A7B  05        DCR B       (3)  BC:027B  DE:0C27  HL:006A  AF:0056  SP:7FF5  PC:0A7B
0A7C  C2 77 0A  JNZ 0A77    (3)  BC:017B  DE:0C27  HL:006A  AF:0012  SP:7FF5  PC:0A7C
0A77  CD 80 0A  CALL 0A80   (3)  BC:017B  DE:0C27  HL:006A  AF:0012  SP:7FF5  PC:0A77
0A7A  23        INX H       (3)  BC:017B  DE:0C28  HL:006A  AF:0056  SP:7FF5  PC:0A7A
0A7B  05        DCR B       (3)  BC:017B  DE:0C28  HL:006B  AF:0056  SP:7FF5  PC:0A7B
0A7C  C2 77 0A  JNZ 0A77    (3)  BC:007B  DE:0C28  HL:006B  AF:0056  SP:7FF5  PC:0A7C
0A7F  C9        RET         (3)  BC:007B  DE:0C28  HL:006B  AF:0056  SP:7FF5  PC:0A7F
0A6C  06 10     MVI B,10    (2)  BC:007B  DE:0C28  HL:006B  AF:0056  SP:7FF7  PC:0A6C
0A6E  11 03 00  LXI D,0003  (2)  BC:107B  DE:0C28  HL:006B  AF:0056  SP:7FF7  PC:0A6E
0A71  CD 77 0A  CALL 0A77   (2)  BC:107B  DE:0003  HL:006B  AF:0056  SP:7FF7  PC:0A71
0A77  CD 80 0A  CALL 0A80   (3)  BC:107B  DE:0003  HL:006B  AF:0056  SP:7FF5  PC:0A77
0A7A  23        INX H       (3)  BC:107B  DE:0004  HL:006B  AF:A556  SP:7FF5  PC:0A7A
0A7B  05        DCR B       (3)  BC:107B  DE:0004  HL:006C  AF:A556  SP:7FF5  PC:0A7B
0A7C  C2 77 0A  JNZ 0A77    (3)  BC:0F7B  DE:0004  HL:006C  AF:A506  SP:7FF5  PC:0A7C
0A77  CD 80 0A  CALL 0A80   (3)  BC:0F7B  DE:0004  HL:006C  AF:A506  SP:7FF5  PC:0A77
0A7A  23        INX H       (3)  BC:0F7B  DE:0005  HL:006C  AF:C456  SP:7FF5  PC:0A7A
0A7B  05        DCR B       (3)  BC:0F7B  DE:0005  HL:006D  AF:C456  SP:7FF5  PC:0A7B
0A7C  C2 77 0A  JNZ 0A77    (3)  BC:0E7B  DE:0005  HL:006D  AF:C412  SP:7FF5  PC:0A7C
0A77  CD 80 0A  CALL 0A80   (3)  BC:0E7B  DE:0005  HL:006D  AF:C412  SP:7FF5  PC:0A77
0A7A  23        INX H       (3)  BC:0E7B  DE:0006  HL:006D  AF:C756  SP:7FF5  PC:0A7A
0A7B  05        DCR B       (3)  BC:0E7B  DE:0006  HL:006E  AF:C756  SP:7FF5  PC:0A7B
0A7C  C2 77 0A  JNZ 0A77    (3)  BC:0D7B  DE:0006  HL:006E  AF:C712  SP:7FF5  PC:0A7C
0A77  CD 80 0A  CALL 0A80   (3)  BC:0D7B  DE:0006  HL:006E  AF:C712  SP:7FF5  PC:0A77
0A7A  23        INX H       (3)  BC:0D7B  DE:0007  HL:006E  AF:C456  SP:7FF5  PC:0A7A
0A7B  05        DCR B       (3)  BC:0D7B  DE:0007  HL:006F  AF:C456  SP:7FF5  PC:0A7B
0A7C  C2 77 0A  JNZ 0A77    (3)  BC:0C7B  DE:0007  HL:006F  AF:C416  SP:7FF5  PC:0A7C
0A77  CD 80 0A  CALL 0A80   (3)  BC:0C7B  DE:0007  HL:006F  AF:C416  SP:7FF5  PC:0A77
0A7A  23        INX H       (3)  BC:0C7B  DE:0008  HL:006F  AF:2656  SP:7FF5  PC:0A7A
0A7B  05        DCR B       (3)  BC:0C7B  DE:0008  HL:0070  AF:2656  SP:7FF5  PC:0A7B
0A7C  C2 77 0A  JNZ 0A77    (3)  BC:0B7B  DE:0008  HL:0070  AF:2612  SP:7FF5  PC:0A7C
0A77  CD 80 0A  CALL 0A80   (3)  BC:0B7B  DE:0008  HL:0070  AF:2612  SP:7FF5  PC:0A77
0A7A  23        INX H       (3)  BC:0B7B  DE:0009  HL:0070  AF:D256  SP:7FF5  PC:0A7A
0A7B  05        DCR B       (3)  BC:0B7B  DE:0009  HL:0071  AF:D256  SP:7FF5  PC:0A7B
0A7C  C2 77 0A  JNZ 0A77    (3)  BC:0A7B  DE:0009  HL:0071  AF:D216  SP:7FF5  PC:0A7C
0A77  CD 80 0A  CALL 0A80   (3)  BC:0A7B  DE:0009  HL:0071  AF:D216  SP:7FF5  PC:0A77
0A7A  23        INX H       (3)  BC:0A7B  DE:000A  HL:0071  AF:5157  SP:7FF5  PC:0A7A
0A7B  05        DCR B       (3)  BC:0A7B  DE:000A  HL:0072  AF:5157  SP:7FF5  PC:0A7B
0A7C  C2 77 0A  JNZ 0A77    (3)  BC:097B  DE:000A  HL:0072  AF:5117  SP:7FF5  PC:0A7C
0A77  CD 80 0A  CALL 0A80   (3)  BC:097B  DE:000A  HL:0072  AF:5117  SP:7FF5  PC:0A77
0A7A  23        INX H       (3)  BC:097B  DE:000B  HL:0072  AF:A057  SP:7FF5  PC:0A7A
0A7B  05        DCR B       (3)  BC:097B  DE:000B  HL:0073  AF:A057  SP:7FF5  PC:0A7B
0A7C  C2 77 0A  JNZ 0A77    (3)  BC:087B  DE:000B  HL:0073  AF:A013  SP:7FF5  PC:0A7C
0A77  CD 80 0A  CALL 0A80   (3)  BC:087B  DE:000B  HL:0073  AF:A013  SP:7FF5  PC:0A77
0A7A  23        INX H       (3)  BC:087B  DE:000C  HL:0073  AF:CA57  SP:7FF5  PC:0A7A
0A7B  05        DCR B       (3)  BC:087B  DE:000C  HL:0074  AF:CA57  SP:7FF5  PC:0A7B
0A7C  C2 77 0A  JNZ 0A77    (3)  BC:077B  DE:000C  HL:0074  AF:CA13  SP:7FF5  PC:0A7C
0A77  CD 80 0A  CALL 0A80   (3)  BC:077B  DE:000C  HL:0074  AF:CA13  SP:7FF5  PC:0A77
0A7A  23        INX H       (3)  BC:077B  DE:000D  HL:0074  AF:5857  SP:7FF5  PC:0A7A
0A7B  05        DCR B       (3)  BC:077B  DE:000D  HL:0075  AF:5857  SP:7FF5  PC:0A7B
0A7C  C2 77 0A  JNZ 0A77    (3)  BC:067B  DE:000D  HL:0075  AF:5817  SP:7FF5  PC:0A7C
0A77  CD 80 0A  CALL 0A80   (3)  BC:067B  DE:000D  HL:0075  AF:5817  SP:7FF5  PC:0A77
0A7A  23        INX H       (3)  BC:067B  DE:000E  HL:0075  AF:6657  SP:7FF5  PC:0A7A
0A7B  05        DCR B       (3)  BC:067B  DE:000E  HL:0076  AF:6657  SP:7FF5  PC:0A7B
0A7C  C2 77 0A  JNZ 0A77    (3)  BC:057B  DE:000E  HL:0076  AF:6617  SP:7FF5  PC:0A7C
0A77  CD 80 0A  CALL 0A80   (3)  BC:057B  DE:000E  HL:0076  AF:6617  SP:7FF5  PC:0A77
0A7A  23        INX H       (3)  BC:057B  DE:000F  HL:0076  AF:8557  SP:7FF5  PC:0A7A
0A7B  05        DCR B       (3)  BC:057B  DE:000F  HL:0077  AF:8557  SP:7FF5  PC:0A7B
0A7C  C2 77 0A  JNZ 0A77    (3)  BC:047B  DE:000F  HL:0077  AF:8513  SP:7FF5  PC:0A7C
0A77  CD 80 0A  CALL 0A80   (3)  BC:047B  DE:000F  HL:0077  AF:8513  SP:7FF5  PC:0A77
0A7A  23        INX H       (3)  BC:047B  DE:0010  HL:0077  AF:C657  SP:7FF5  PC:0A7A
0A7B  05        DCR B       (3)  BC:047B  DE:0010  HL:0078  AF:C657  SP:7FF5  PC:0A7B
0A7C  C2 77 0A  JNZ 0A77    (3)  BC:037B  DE:0010  HL:0078  AF:C617  SP:7FF5  PC:0A7C
0A77  CD 80 0A  CALL 0A80   (3)  BC:037B  DE:0010  HL:0078  AF:C617  SP:7FF5  PC:0A77
0A7A  23        INX H       (3)  BC:037B  DE:0011  HL:0078  AF:DE56  SP:7FF5  PC:0A7A
0A7B  05        DCR B       (3)  BC:037B  DE:0011  HL:0079  AF:DE56  SP:7FF5  PC:0A7B
0A7C  C2 77 0A  JNZ 0A77    (3)  BC:027B  DE:0011  HL:0079  AF:DE12  SP:7FF5  PC:0A7C
0A77  CD 80 0A  CALL 0A80   (3)  BC:027B  DE:0011  HL:0079  AF:DE12  SP:7FF5  PC:0A77
0A7A  23        INX H       (3)  BC:027B  DE:0012  HL:0079  AF:C957  SP:7FF5  PC:0A7A
0A7B  05        DCR B       (3)  BC:027B  DE:0012  HL:007A  AF:C957  SP:7FF5  PC:0A7B
0A7C  C2 77 0A  JNZ 0A77    (3)  BC:017B  DE:0012  HL:007A  AF:C913  SP:7FF5  PC:0A7C
0A77  CD 80 0A  CALL 0A80   (3)  BC:017B  DE:0012  HL:007A  AF:C913  SP:7FF5  PC:0A77
0A7A  23        INX H       (3)  BC:017B  DE:0013  HL:007A  AF:9B57  SP:7FF5  PC:0A7A
0A7B  05        DCR B       (3)  BC:017B  DE:0013  HL:007B  AF:9B57  SP:7FF5  PC:0A7B
0A7C  C2 77 0A  JNZ 0A77    (3)  BC:007B  DE:0013  HL:007B  AF:9B57  SP:7FF5  PC:0A7C
0A7F  C9        RET         (3)  BC:007B  DE:0013  HL:007B  AF:9B57  SP:7FF5  PC:0A7F
0A74  C3 00 0A  JMP 0A00    (2)  BC:007B  DE:0013  HL:007B  AF:9B57  SP:7FF7  PC:0A74
0A00  3A 24 0C  LDA 0C24    (2)  BC:007B  DE:0013  HL:007B  AF:9B57  SP:7FF7  PC:0A00
0A03  FE 76     CPI 76      (2)  BC:007B  DE:0013  HL:007B  AF:1957  SP:7FF7  PC:0A03
0A05  CA 17 0A  JZ 0A17     (2)  BC:007B  DE:0013  HL:007B  AF:1997  SP:7FF7  PC:0A05
0A08  E6 DF     ANI DF      (2)  BC:007B  DE:0013  HL:007B  AF:1997  SP:7FF7  PC:0A08
0A0A  FE DD     CPI DD      (2)  BC:007B  DE:0013  HL:007B  AF:1912  SP:7FF7  PC:0A0A
0A0C  C2 14 0A  JNZ 0A14    (2)  BC:007B  DE:0013  HL:007B  AF:1907  SP:7FF7  PC:0A0C
0A14  C4 05 0C  CNZ 0C05    (2)  BC:007B  DE:0013  HL:007B  AF:1907  SP:7FF7  PC:0A14
0C05  F5        PUSH PSW    (3)  BC:007B  DE:0013  HL:007B  AF:1907  SP:7FF5  PC:0C05
0C06  C5        PUSH B      (3)  BC:007B  DE:0013  HL:007B  AF:1907  SP:7FF3  PC:0C06
0C07  D5        PUSH D      (3)  BC:007B  DE:0013  HL:007B  AF:1907  SP:7FF1  PC:0C07
0C08  E5        PUSH H      (3)  BC:007B  DE:0013  HL:007B  AF:1907  SP:7FEF  PC:0C08
0C09  F3        DI          (3)  BC:007B  DE:0013  HL:007B  AF:1907  SP:7FED  PC:0C09
0C0A  21 00 00  LXI H,0000  (3)  BC:007B  DE:0013  HL:007B  AF:1907  SP:7FED  PC:0C0A
0C0D  39        DAD SP      (3)  BC:007B  DE:0013  HL:0000  AF:1907  SP:7FED  PC:0C0D
0C0E  22 80 0C  SHLD 0C80   (3)  BC:007B  DE:0013  HL:7FED  AF:1906  SP:7FED  PC:0C0E
0C11  31 05 00  LXI SP,0005 (3)  BC:007B  DE:0013  HL:7FED  AF:1906  SP:7FED  PC:0C11
0C14  E1        POP H       (3)  BC:007B  DE:0013  HL:7FED  AF:1906  SP:0005  PC:0C14
0C15  E1        POP H       (3)  BC:007B  DE:0013  HL:C4C7  AF:1906  SP:0007  PC:0C15
0C16  E1        POP H       (3)  BC:007B  DE:0013  HL:D226  AF:1906  SP:0009  PC:0C16
0C17  D1        POP D       (3)  BC:007B  DE:0013  HL:A051  AF:1906  SP:000B  PC:0C17
0C18  C1        POP B       (3)  BC:007B  DE:58CA  HL:A051  AF:1906  SP:000D  PC:0C18
0C19  F1        POP PSW     (3)  BC:8566  DE:58CA  HL:A051  AF:1906  SP:000F  PC:0C19
0C1A  22 6E 0C  SHLD 0C6E   (3)  BC:8566  DE:58CA  HL:A051  AF:DEC6  SP:0011  PC:0C1A
0C1D  2A 11 00  LHLD 0011   (3)  BC:8566  DE:58CA  HL:A051  AF:DEC6  SP:0011  PC:0C1D
0C20  F9        SPHL        (3)  BC:8566  DE:58CA  HL:9BC9  AF:DEC6  SP:0011  PC:0C20
0C21  2A 6E 0C  LHLD 0C6E   (3)  BC:8566  DE:58CA  HL:9BC9  AF:DEC6  SP:9BC9  PC:0C21
0C24  19        DAD D       (3)  BC:8566  DE:58CA  HL:A051  AF:DEC6  SP:9BC9  PC:0C24
0C25  00        NOP         (3)  BC:8566  DE:58CA  HL:F91B  AF:DEC6  SP:9BC9  PC:0C25
0C26  00        NOP         (3)  BC:8566  DE:58CA  HL:F91B  AF:DEC6  SP:9BC9  PC:0C26
0C27  00        NOP         (3)  BC:8566  DE:58CA  HL:F91B  AF:DEC6  SP:9BC9  PC:0C27
0C28  22 6E 0C  SHLD 0C6E   (3)  BC:8566  DE:58CA  HL:F91B  AF:DEC6  SP:9BC9  PC:0C28
0C2B  21 00 00  LXI H,0000  (3)  BC:8566  DE:58CA  HL:F91B  AF:DEC6  SP:9BC9  PC:0C2B
0C2E  DA 35 0C  JC 0C35     (3)  BC:8566  DE:58CA  HL:0000  AF:DEC6  SP:9BC9  PC:0C2E
0C31  39        DAD SP      (3)  BC:8566  DE:58CA  HL:0000  AF:DEC6  SP:9BC9  PC:0C31
0C32  C3 37 0C  JMP 0C37    (3)  BC:8566  DE:58CA  HL:9BC9  AF:DEC6  SP:9BC9  PC:0C32
0C37  22 7E 0C  SHLD 0C7E   (3)  BC:8566  DE:58CA  HL:9BC9  AF:DEC6  SP:9BC9  PC:0C37
0C3A  2A 6E 0C  LHLD 0C6E   (3)  BC:8566  DE:58CA  HL:9BC9  AF:DEC6  SP:9BC9  PC:0C3A
0C3D  31 7E 0C  LXI SP,0C7E (3)  BC:8566  DE:58CA  HL:F91B  AF:DEC6  SP:9BC9  PC:0C3D
0C40  F5        PUSH PSW    (3)  BC:8566  DE:58CA  HL:F91B  AF:DEC6  SP:0C7E  PC:0C40
0C41  C5        PUSH B      (3)  BC:8566  DE:58CA  HL:F91B  AF:DEC6  SP:0C7C  PC:0C41
0C42  D5        PUSH D      (3)  BC:8566  DE:58CA  HL:F91B  AF:DEC6  SP:0C7A  PC:0C42
0C43  E5        PUSH H      (3)  BC:8566  DE:58CA  HL:F91B  AF:DEC6  SP:0C78  PC:0C43
0C44  E5        PUSH H      (3)  BC:8566  DE:58CA  HL:F91B  AF:DEC6  SP:0C76  PC:0C44
0C45  E5        PUSH H      (3)  BC:8566  DE:58CA  HL:F91B  AF:DEC6  SP:0C74  PC:0C45
0C46  2A 80 0C  LHLD 0C80   (3)  BC:8566  DE:58CA  HL:F91B  AF:DEC6  SP:0C72  PC:0C46
0C49  F9        SPHL        (3)  BC:8566  DE:58CA  HL:7FED  AF:DEC6  SP:0C72  PC:0C49
0C4A  FB        EI          (3)  BC:8566  DE:58CA  HL:7FED  AF:DEC6  SP:7FED  PC:0C4A
0C4B  2A 03 00  LHLD 0003   (3)  BC:8566  DE:58CA  HL:7FED  AF:DEC6  SP:7FED  PC:0C4B
0C4E  22 70 0C  SHLD 0C70   (3)  BC:8566  DE:58CA  HL:C4A5  AF:DEC6  SP:7FED  PC:0C4E
0C51  21 7C 0C  LXI H,0C7C  (3)  BC:8566  DE:58CA  HL:C4A5  AF:DEC6  SP:7FED  PC:0C51
0C54  7E        MOV A,M     (3)  BC:8566  DE:58CA  HL:0C7C  AF:DEC6  SP:7FED  PC:0C54
0C55  E6 FF     ANI FF      (3)  BC:8566  DE:58CA  HL:0C7C  AF:C6C6  SP:7FED  PC:0C55
0C57  77        MOV M,A     (3)  BC:8566  DE:58CA  HL:0C7C  AF:C696  SP:7FED  PC:0C57
0C58  06 10     MVI B,10    (3)  BC:8566  DE:58CA  HL:0C7C  AF:C696  SP:7FED  PC:0C58
0C5A  11 70 0C  LXI D,0C70  (3)  BC:1066  DE:58CA  HL:0C7C  AF:C696  SP:7FED  PC:0C5A
0C5D  21 BB 0D  LXI H,0DBB  (3)  BC:1066  DE:0C70  HL:0C7C  AF:C696  SP:7FED  PC:0C5D
0C60  1A        LDAX D      (3)  BC:1066  DE:0C70  HL:0DBB  AF:C696  SP:7FED  PC:0C60
0C61  13        INX D       (3)  BC:1066  DE:0C70  HL:0DBB  AF:A596  SP:7FED  PC:0C61
0C62  CD 7F 0D  CALL 0D7F   (3)  BC:1066  DE:0C71  HL:0DBB  AF:A596  SP:7FED  PC:0C62
0C65  05        DCR B       (3)  BC:1066  DE:0C71  HL:0DBB  AF:A596  SP:7FED  PC:0C65
0C66  C2 60 0C  JNZ 0C60    (3)  BC:0F66  DE:0C71  HL:0DBB  AF:A506  SP:7FED  PC:0C66
0C60  1A        LDAX D      (3)  BC:0F66  DE:0C71  HL:0DBB  AF:A506  SP:7FED  PC:0C60
0C61  13        INX D       (3)  BC:0F66  DE:0C71  HL:0DBB  AF:C406  SP:7FED  PC:0C61
0C62  CD 7F 0D  CALL 0D7F   (3)  BC:0F66  DE:0C72  HL:0DBB  AF:C406  SP:7FED  PC:0C62
0C65  05        DCR B       (3)  BC:0F66  DE:0C72  HL:0DBB  AF:C406  SP:7FED  PC:0C65
0C66  C2 60 0C  JNZ 0C60    (3)  BC:0E66  DE:0C72  HL:0DBB  AF:C412  SP:7FED  PC:0C66
0C60  1A        LDAX D      (3)  BC:0E66  DE:0C72  HL:0DBB  AF:C412  SP:7FED  PC:0C60
0C61  13        INX D       (3)  BC:0E66  DE:0C72  HL:0DBB  AF:1B12  SP:7FED  PC:0C61
0C62  CD 7F 0D  CALL 0D7F   (3)  BC:0E66  DE:0C73  HL:0DBB  AF:1B12  SP:7FED  PC:0C62
0C65  05        DCR B       (3)  BC:0E66  DE:0C73  HL:0DBB  AF:1B12  SP:7FED  PC:0C65
0C66  C2 60 0C  JNZ 0C60    (3)  BC:0D66  DE:0C73  HL:0DBB  AF:1B12  SP:7FED  PC:0C66
0C60  1A        LDAX D      (3)  BC:0D66  DE:0C73  HL:0DBB  AF:1B12  SP:7FED  PC:0C60
0C61  13        INX D       (3)  BC:0D66  DE:0C73  HL:0DBB  AF:F912  SP:7FED  PC:0C61
0C62  CD 7F 0D  CALL 0D7F   (3)  BC:0D66  DE:0C74  HL:0DBB  AF:F912  SP:7FED  PC:0C62
0C65  05        DCR B       (3)  BC:0D66  DE:0C74  HL:0DBB  AF:F912  SP:7FED  PC:0C65
0C66  C2 60 0C  JNZ 0C60    (3)  BC:0C66  DE:0C74  HL:0DBB  AF:F916  SP:7FED  PC:0C66
0C60  1A        LDAX D      (3)  BC:0C66  DE:0C74  HL:0DBB  AF:F916  SP:7FED  PC:0C60
0C61  13        INX D       (3)  BC:0C66  DE:0C74  HL:0DBB  AF:1B16  SP:7FED  PC:0C61
0C62  CD 7F 0D  CALL 0D7F   (3)  BC:0C66  DE:0C75  HL:0DBB  AF:1B16  SP:7FED  PC:0C62
0C65  05        DCR B       (3)  BC:0C66  DE:0C75  HL:0DBB  AF:1B16  SP:7FED  PC:0C65
0C66  C2 60 0C  JNZ 0C60    (3)  BC:0B66  DE:0C75  HL:0DBB  AF:1B12  SP:7FED  PC:0C66
0C60  1A        LDAX D      (3)  BC:0B66  DE:0C75  HL:0DBB  AF:1B12  SP:7FED  PC:0C60
0C61  13        INX D       (3)  BC:0B66  DE:0C75  HL:0DBB  AF:F912  SP:7FED  PC:0C61
0C62  CD 7F 0D  CALL 0D7F   (3)  BC:0B66  DE:0C76  HL:0DBB  AF:F912  SP:7FED  PC:0C62
0C65  05        DCR B       (3)  BC:0B66  DE:0C76  HL:0DBB  AF:F912  SP:7FED  PC:0C65
0C66  C2 60 0C  JNZ 0C60    (3)  BC:0A66  DE:0C76  HL:0DBB  AF:F916  SP:7FED  PC:0C66
0C60  1A        LDAX D      (3)  BC:0A66  DE:0C76  HL:0DBB  AF:F916  SP:7FED  PC:0C60
0C61  13        INX D       (3)  BC:0A66  DE:0C76  HL:0DBB  AF:1B16  SP:7FED  PC:0C61
0C62  CD 7F 0D  CALL 0D7F   (3)  BC:0A66  DE:0C77  HL:0DBB  AF:1B16  SP:7FED  PC:0C62
0C65  05        DCR B       (3)  BC:0A66  DE:0C77  HL:0DBB  AF:1B16  SP:7FED  PC:0C65
0C66  C2 60 0C  JNZ 0C60    (3)  BC:0966  DE:0C77  HL:0DBB  AF:1B16  SP:7FED  PC:0C66
0C60  1A        LDAX D      (3)  BC:0966  DE:0C77  HL:0DBB  AF:1B16  SP:7FED  PC:0C60
0C61  13        INX D       (3)  BC:0966  DE:0C77  HL:0DBB  AF:F916  SP:7FED  PC:0C61
0C62  CD 7F 0D  CALL 0D7F   (3)  BC:0966  DE:0C78  HL:0DBB  AF:F916  SP:7FED  PC:0C62
0C65  05        DCR B       (3)  BC:0966  DE:0C78  HL:0DBB  AF:F916  SP:7FED  PC:0C65
0C66  C2 60 0C  JNZ 0C60    (3)  BC:0866  DE:0C78  HL:0DBB  AF:F912  SP:7FED  PC:0C66
0C60  1A        LDAX D      (3)  BC:0866  DE:0C78  HL:0DBB  AF:F912  SP:7FED  PC:0C60
0C61  13        INX D       (3)  BC:0866  DE:0C78  HL:0DBB  AF:CA12  SP:7FED  PC:0C61
0C62  CD 7F 0D  CALL 0D7F   (3)  BC:0866  DE:0C79  HL:0DBB  AF:CA12  SP:7FED  PC:0C62
0C65  05        DCR B       (3)  BC:0866  DE:0C79  HL:0DBB  AF:CA12  SP:7FED  PC:0C65
0C66  C2 60 0C  JNZ 0C60    (3)  BC:0766  DE:0C79  HL:0DBB  AF:CA12  SP:7FED  PC:0C66
0C60  1A        LDAX D      (3)  BC:0766  DE:0C79  HL:0DBB  AF:CA12  SP:7FED  PC:0C60
0C61  13        INX D       (3)  BC:0766  DE:0C79  HL:0DBB  AF:5812  SP:7FED  PC:0C61
0C62  CD 7F 0D  CALL 0D7F   (3)  BC:0766  DE:0C7A  HL:0DBB  AF:5812  SP:7FED  PC:0C62
0C65  05        DCR B       (3)  BC:0766  DE:0C7A  HL:0DBB  AF:5812  SP:7FED  PC:0C65
0C66  C2 60 0C  JNZ 0C60    (3)  BC:0666  DE:0C7A  HL:0DBB  AF:5816  SP:7FED  PC:0C66
0C60  1A        LDAX D      (3)  BC:0666  DE:0C7A  HL:0DBB  AF:5816  SP:7FED  PC:0C60
0C61  13        INX D       (3)  BC:0666  DE:0C7A  HL:0DBB  AF:6616  SP:7FED  PC:0C61
0C62  CD 7F 0D  CALL 0D7F   (3)  BC:0666  DE:0C7B  HL:0DBB  AF:6616  SP:7FED  PC:0C62
0C65  05        DCR B       (3)  BC:0666  DE:0C7B  HL:0DBB  AF:6616  SP:7FED  PC:0C65
0C66  C2 60 0C  JNZ 0C60    (3)  BC:0566  DE:0C7B  HL:0DBB  AF:6616  SP:7FED  PC:0C66
0C60  1A        LDAX D      (3)  BC:0566  DE:0C7B  HL:0DBB  AF:6616  SP:7FED  PC:0C60
0C61  13        INX D       (3)  BC:0566  DE:0C7B  HL:0DBB  AF:8516  SP:7FED  PC:0C61
0C62  CD 7F 0D  CALL 0D7F   (3)  BC:0566  DE:0C7C  HL:0DBB  AF:8516  SP:7FED  PC:0C62
0C65  05        DCR B       (3)  BC:0566  DE:0C7C  HL:0DBB  AF:8516  SP:7FED  PC:0C65
0C66  C2 60 0C  JNZ 0C60    (3)  BC:0466  DE:0C7C  HL:0DBB  AF:8512  SP:7FED  PC:0C66
0C60  1A        LDAX D      (3)  BC:0466  DE:0C7C  HL:0DBB  AF:8512  SP:7FED  PC:0C60
0C61  13        INX D       (3)  BC:0466  DE:0C7C  HL:0DBB  AF:C612  SP:7FED  PC:0C61
0C62  CD 7F 0D  CALL 0D7F   (3)  BC:0466  DE:0C7D  HL:0DBB  AF:C612  SP:7FED  PC:0C62
0C65  05        DCR B       (3)  BC:0466  DE:0C7D  HL:0DBB  AF:C612  SP:7FED  PC:0C65
0C66  C2 60 0C  JNZ 0C60    (3)  BC:0366  DE:0C7D  HL:0DBB  AF:C616  SP:7FED  PC:0C66
0C60  1A        LDAX D      (3)  BC:0366  DE:0C7D  HL:0DBB  AF:C616  SP:7FED  PC:0C60
0C61  13        INX D       (3)  BC:0366  DE:0C7D  HL:0DBB  AF:DE16  SP:7FED  PC:0C61
0C62  CD 7F 0D  CALL 0D7F   (3)  BC:0366  DE:0C7E  HL:0DBB  AF:DE16  SP:7FED  PC:0C62
0C65  05        DCR B       (3)  BC:0366  DE:0C7E  HL:0DBB  AF:DE16  SP:7FED  PC:0C65
0C66  C2 60 0C  JNZ 0C60    (3)  BC:0266  DE:0C7E  HL:0DBB  AF:DE12  SP:7FED  PC:0C66
0C60  1A        LDAX D      (3)  BC:0266  DE:0C7E  HL:0DBB  AF:DE12  SP:7FED  PC:0C60
0C61  13        INX D       (3)  BC:0266  DE:0C7E  HL:0DBB  AF:C912  SP:7FED  PC:0C61
0C62  CD 7F 0D  CALL 0D7F   (3)  BC:0266  DE:0C7F  HL:0DBB  AF:C912  SP:7FED  PC:0C62
0C65  05        DCR B       (3)  BC:0266  DE:0C7F  HL:0DBB  AF:C912  SP:7FED  PC:0C65
0C66  C2 60 0C  JNZ 0C60    (3)  BC:0166  DE:0C7F  HL:0DBB  AF:C912  SP:7FED  PC:0C66
0C60  1A        LDAX D      (3)  BC:0166  DE:0C7F  HL:0DBB  AF:C912  SP:7FED  PC:0C60
0C61  13        INX D       (3)  BC:0166  DE:0C7F  HL:0DBB  AF:9B12  SP:7FED  PC:0C61
0C62  CD 7F 0D  CALL 0D7F   (3)  BC:0166  DE:0C80  HL:0DBB  AF:9B12  SP:7FED  PC:0C62
0C65  05        DCR B       (3)  BC:0166  DE:0C80  HL:0DBB  AF:9B12  SP:7FED  PC:0C65
0C66  C2 60 0C  JNZ 0C60    (3)  BC:0066  DE:0C80  HL:0DBB  AF:9B56  SP:7FED  PC:0C66
0C69  E1        POP H       (3)  BC:0066  DE:0C80  HL:0DBB  AF:9B56  SP:7FED  PC:0C69
0C6A  D1        POP D       (3)  BC:0066  DE:0C80  HL:007B  AF:9B56  SP:7FEF  PC:0C6A
0C6B  C1        POP B       (3)  BC:0066  DE:0013  HL:007B  AF:9B56  SP:7FF1  PC:0C6B
0C6C  F1        POP PSW     (3)  BC:007B  DE:0013  HL:007B  AF:9B56  SP:7FF3  PC:0C6C
0C6D  C9        RET         (3)  BC:007B  DE:0013  HL:007B  AF:1907  SP:7FF5  PC:0C6D
0A17  CD 64 0B  CALL 0B64   (2)  BC:007B  DE:0013  HL:007B  AF:1907  SP:7FF7  PC:0A17
0B64  C5        PUSH B      (3)  BC:007B  DE:0013  HL:007B  AF:1907  SP:7FF5  PC:0B64
0B65  D5        PUSH D      (3)  BC:007B  DE:0013  HL:007B  AF:1907  SP:7FF3  PC:0B65
0B66  E5        PUSH H      (3)  BC:007B  DE:0013  HL:007B  AF:1907  SP:7FF1  PC:0B66
0B67  21 B5 0B  LXI H,0BB5  (3)  BC:007B  DE:0013  HL:007B  AF:1907  SP:7FEF  PC:0B67
0B6A  11 14 00  LXI D,0014  (3)  BC:007B  DE:0013  HL:0BB5  AF:1907  SP:7FEF  PC:0B6A
0B6D  EB        XCHG        (3)  BC:007B  DE:0014  HL:0BB5  AF:1907  SP:7FEF  PC:0B6D
0B6E  19        DAD D       (3)  BC:007B  DE:0BB5  HL:0014  AF:1907  SP:7FEF  PC:0B6E
0B6F  EB        XCHG        (3)  BC:007B  DE:0BB5  HL:0BC9  AF:1906  SP:7FEF  PC:0B6F
0B70  34        INR M       (3)  BC:007B  DE:0BC9  HL:0BB5  AF:1906  SP:7FEF  PC:0B70
0B71  7E        MOV A,M     (3)  BC:007B  DE:0BC9  HL:0BB5  AF:1906  SP:7FEF  PC:0B71
0B72  FE 00     CPI 00      (3)  BC:007B  DE:0BC9  HL:0BB5  AF:0A06  SP:7FEF  PC:0B72
0B74  CA 83 0B  JZ 0B83     (3)  BC:007B  DE:0BC9  HL:0BB5  AF:0A16  SP:7FEF  PC:0B74
0B77  47        MOV B,A     (3)  BC:007B  DE:0BC9  HL:0BB5  AF:0A16  SP:7FEF  PC:0B77
0B78  1A        LDAX D      (3)  BC:0A7B  DE:0BC9  HL:0BB5  AF:0A16  SP:7FEF  PC:0B78
0B79  A0        ANA B       (3)  BC:0A7B  DE:0BC9  HL:0BB5  AF:0016  SP:7FEF  PC:0B79
0B7A  CA 7F 0B  JZ 0B7F     (3)  BC:0A7B  DE:0BC9  HL:0BB5  AF:0056  SP:7FEF  PC:0B7A
0B7F  C1        POP B       (3)  BC:0A7B  DE:0BC9  HL:0BB5  AF:0056  SP:7FEF  PC:0B7F
0B80  D1        POP D       (3)  BC:007B  DE:0BC9  HL:0BB5  AF:0056  SP:7FF1  PC:0B80
0B81  E1        POP H       (3)  BC:007B  DE:0013  HL:0BB5  AF:0056  SP:7FF3  PC:0B81
0B82  C9        RET         (3)  BC:007B  DE:0013  HL:007B  AF:0056  SP:7FF5  PC:0B82
0A1A  C4 88 0B  CNZ 0B88    (2)  BC:007B  DE:0013  HL:007B  AF:0056  SP:7FF7  PC:0A1A
0A1D  E1        POP H       (2)  BC:007B  DE:0013  HL:007B  AF:0056  SP:7FF7  PC:0A1D
0A1E  CA 4D 0A  JZ 0A4D     (2)  BC:007B  DE:0013  HL:0067  AF:0056  SP:7FF9  PC:0A1E
0A4D  E5        PUSH H      (2)  BC:007B  DE:0013  HL:0067  AF:0056  SP:7FF9  PC:0A4D
0A4E  3E 01     MVI A,01    (2)  BC:007B  DE:0013  HL:0067  AF:0056  SP:7FF7  PC:0A4E
0A50  32 C3 0A  STA 0AC3    (2)  BC:007B  DE:0013  HL:0067  AF:0156  SP:7FF7  PC:0A50
0A53  32 E7 0A  STA 0AE7    (2)  BC:007B  DE:0013  HL:0067  AF:0156  SP:7FF7  PC:0A53
0A56  21 B5 0B  LXI H,0BB5  (2)  BC:007B  DE:0013  HL:0067  AF:0156  SP:7FF7  PC:0A56
0A59  22 C4 0A  SHLD 0AC4   (2)  BC:007B  DE:0013  HL:0BB5  AF:0156  SP:7FF7  PC:0A59
0A5C  21 DD 0B  LXI H,0BDD  (2)  BC:007B  DE:0013  HL:0BB5  AF:0156  SP:7FF7  PC:0A5C
0A5F  22 E8 0A  SHLD 0AE8   (2)  BC:007B  DE:0013  HL:0BDD  AF:0156  SP:7FF7  PC:0A5F
0A62  06 04     MVI B,04    (2)  BC:007B  DE:0013  HL:0BDD  AF:0156  SP:7FF7  PC:0A62
0A64  E1        POP H       (2)  BC:047B  DE:0013  HL:0BDD  AF:0156  SP:7FF7  PC:0A64
0A65  E5        PUSH H      (2)  BC:047B  DE:0013  HL:0067  AF:0156  SP:7FF9  PC:0A65
0A66  11 24 0C  LXI D,0C24  (2)  BC:047B  DE:0013  HL:0067  AF:0156  SP:7FF7  PC:0A66
0A69  CD 77 0A  CALL 0A77   (2)  BC:047B  DE:0C24  HL:0067  AF:0156  SP:7FF7  PC:0A69
0A77  CD 80 0A  CALL 0A80   (3)  BC:047B  DE:0C24  HL:0067  AF:0156  SP:7FF5  PC:0A77
0A7A  23        INX H       (3)  BC:047B  DE:0C25  HL:0067  AF:2956  SP:7FF5  PC:0A7A
0A7B  05        DCR B       (3)  BC:047B  DE:0C25  HL:0068  AF:2956  SP:7FF5  PC:0A7B
0A7C  C2 77 0A  JNZ 0A77    (3)  BC:037B  DE:0C25  HL:0068  AF:2916  SP:7FF5  PC:0A7C
0A77  CD 80 0A  CALL 0A80   (3)  BC:037B  DE:0C25  HL:0068  AF:2916  SP:7FF5  PC:0A77
0A7A  23        INX H       (3)  BC:037B  DE:0C26  HL:0068  AF:0056  SP:7FF5  PC:0A7A
0A7B  05        DCR B       (3)  BC:037B  DE:0C26  HL:0069  AF:0056  SP:7FF5  PC:0A7B
0A7C  C2 77 0A  JNZ 0A77    (3)  BC:027B  DE:0C26  HL:0069  AF:0012  SP:7FF5  PC:0A7C
0A77  CD 80 0A  CALL 0A80   (3)  BC:027B  DE:0C26  HL:0069  AF:0012  SP:7FF5  PC:0A77
0A7A  23        INX H       (3)  BC:027B  DE:0C27  HL:0069  AF:0056  SP:7FF5  PC:0A7A
0A7B  05        DCR B       (3)  BC:027B  DE:0C27  HL:006A  AF:0056  SP:7FF5  PC:0A7B
0A7C  C2 77 0A  JNZ 0A77    (3)  BC:017B  DE:0C27  HL:006A  AF:0012  SP:7FF5  PC:0A7C
0A77  CD 80 0A  CALL 0A80   (3)  BC:017B  DE:0C27  HL:006A  AF:0012  SP:7FF5  PC:0A77
0A7A  23        INX H       (3)  BC:017B  DE:0C28  HL:006A  AF:0056  SP:7FF5  PC:0A7A
0A7B  05        DCR B       (3)  BC:017B  DE:0C28  HL:006B  AF:0056  SP:7FF5  PC:0A7B
0A7C  C2 77 0A  JNZ 0A77    (3)  BC:007B  DE:0C28  HL:006B  AF:0056  SP:7FF5  PC:0A7C
0A7F  C9        RET         (3)  BC:007B  DE:0C28  HL:006B  AF:0056  SP:7FF5  PC:0A7F
0A6C  06 10     MVI B,10    (2)  BC:007B  DE:0C28  HL:006B  AF:0056  SP:7FF7  PC:0A6C
0A6E  11 03 00  LXI D,0003  (2)  BC:107B  DE:0C28  HL:006B  AF:0056  SP:7FF7  PC:0A6E
0A71  CD 77 0A  CALL 0A77   (2)  BC:107B  DE:0003  HL:006B  AF:0056  SP:7FF7  PC:0A71
0A77  CD 80 0A  CALL 0A80   (3)  BC:107B  DE:0003  HL:006B  AF:0056  SP:7FF5  PC:0A77
0A7A  23        INX H       (3)  BC:107B  DE:0004  HL:006B  AF:A556  SP:7FF5  PC:0A7A
0A7B  05        DCR B       (3)  BC:107B  DE:0004  HL:006C  AF:A556  SP:7FF5  PC:0A7B
0A7C  C2 77 0A  JNZ 0A77    (3)  BC:0F7B  DE:0004  HL:006C  AF:A506  SP:7FF5  PC:0A7C
0A77  CD 80 0A  CALL 0A80   (3)  BC:0F7B  DE:0004  HL:006C  AF:A506  SP:7FF5  PC:0A77
0A7A  23        INX H       (3)  BC:0F7B  DE:0005  HL:006C  AF:C456  SP:7FF5  PC:0A7A
0A7B  05        DCR B       (3)  BC:0F7B  DE:0005  HL:006D  AF:C456  SP:7FF5  PC:0A7B
0A7C  C2 77 0A  JNZ 0A77    (3)  BC:0E7B  DE:0005  HL:006D  AF:C412  SP:7FF5  PC:0A7C
0A77  CD 80 0A  CALL 0A80   (3)  BC:0E7B  DE:0005  HL:006D  AF:C412  SP:7FF5  PC:0A77
0A7A  23        INX H       (3)  BC:0E7B  DE:0006  HL:006D  AF:C756  SP:7FF5  PC:0A7A
0A7B  05        DCR B       (3)  BC:0E7B  DE:0006  HL:006E  AF:C756  SP:7FF5  PC:0A7B
0A7C  C2 77 0A  JNZ 0A77    (3)  BC:0D7B  DE:0006  HL:006E  AF:C712  SP:7FF5  PC:0A7C
0A77  CD 80 0A  CALL 0A80   (3)  BC:0D7B  DE:0006  HL:006E  AF:C712  SP:7FF5  PC:0A77
0A7A  23        INX H       (3)  BC:0D7B  DE:0007  HL:006E  AF:C456  SP:7FF5  PC:0A7A
0A7B  05        DCR B       (3)  BC:0D7B  DE:0007  HL:006F  AF:C456  SP:7FF5  PC:0A7B
0A7C  C2 77 0A  JNZ 0A77    (3)  BC:0C7B  DE:0007  HL:006F  AF:C416  SP:7FF5  PC:0A7C
0A77  CD 80 0A  CALL 0A80   (3)  BC:0C7B  DE:0007  HL:006F  AF:C416  SP:7FF5  PC:0A77
0A7A  23        INX H       (3)  BC:0C7B  DE:0008  HL:006F  AF:2656  SP:7FF5  PC:0A7A
0A7B  05        DCR B       (3)  BC:0C7B  DE:0008  HL:0070  AF:2656  SP:7FF5  PC:0A7B
0A7C  C2 77 0A  JNZ 0A77    (3)  BC:0B7B  DE:0008  HL:0070  AF:2612  SP:7FF5  PC:0A7C
0A77  CD 80 0A  CALL 0A80   (3)  BC:0B7B  DE:0008  HL:0070  AF:2612  SP:7FF5  PC:0A77
0A7A  23        INX H       (3)  BC:0B7B  DE:0009  HL:0070  AF:D256  SP:7FF5  PC:0A7A
0A7B  05        DCR B       (3)  BC:0B7B  DE:0009  HL:0071  AF:D256  SP:7FF5  PC:0A7B
0A7C  C2 77 0A  JNZ 0A77    (3)  BC:0A7B  DE:0009  HL:0071  AF:D216  SP:7FF5  PC:0A7C
0A77  CD 80 0A  CALL 0A80   (3)  BC:0A7B  DE:0009  HL:0071  AF:D216  SP:7FF5  PC:0A77
0A7A  23        INX H       (3)  BC:0A7B  DE:000A  HL:0071  AF:5157  SP:7FF5  PC:0A7A
0A7B  05        DCR B       (3)  BC:0A7B  DE:000A  HL:0072  AF:5157  SP:7FF5  PC:0A7B
0A7C  C2 77 0A  JNZ 0A77    (3)  BC:097B  DE:000A  HL:0072  AF:5117  SP:7FF5  PC:0A7C
0A77  CD 80 0A  CALL 0A80   (3)  BC:097B  DE:000A  HL:0072  AF:5117  SP:7FF5  PC:0A77
0A7A  23        INX H       (3)  BC:097B  DE:000B  HL:0072  AF:A057  SP:7FF5  PC:0A7A
0A7B  05        DCR B       (3)  BC:097B  DE:000B  HL:0073  AF:A057  SP:7FF5  PC:0A7B
0A7C  C2 77 0A  JNZ 0A77    (3)  BC:087B  DE:000B  HL:0073  AF:A013  SP:7FF5  PC:0A7C
0A77  CD 80 0A  CALL 0A80   (3)  BC:087B  DE:000B  HL:0073  AF:A013  SP:7FF5  PC:0A77
0A7A  23        INX H       (3)  BC:087B  DE:000C  HL:0073  AF:CA57  SP:7FF5  PC:0A7A
0A7B  05        DCR B       (3)  BC:087B  DE:000C  HL:0074  AF:CA57  SP:7FF5  PC:0A7B
0A7C  C2 77 0A  JNZ 0A77    (3)  BC:077B  DE:000C  HL:0074  AF:CA13  SP:7FF5  PC:0A7C
0A77  CD 80 0A  CALL 0A80   (3)  BC:077B  DE:000C  HL:0074  AF:CA13  SP:7FF5  PC:0A77
0A7A  23        INX H       (3)  BC:077B  DE:000D  HL:0074  AF:5857  SP:7FF5  PC:0A7A
0A7B  05        DCR B       (3)  BC:077B  DE:000D  HL:0075  AF:5857  SP:7FF5  PC:0A7B
0A7C  C2 77 0A  JNZ 0A77    (3)  BC:067B  DE:000D  HL:0075  AF:5817  SP:7FF5  PC:0A7C
0A77  CD 80 0A  CALL 0A80   (3)  BC:067B  DE:000D  HL:0075  AF:5817  SP:7FF5  PC:0A77
0A7A  23        INX H       (3)  BC:067B  DE:000E  HL:0075  AF:6657  SP:7FF5  PC:0A7A
0A7B  05        DCR B       (3)  BC:067B  DE:000E  HL:0076  AF:6657  SP:7FF5  PC:0A7B
0A7C  C2 77 0A  JNZ 0A77    (3)  BC:057B  DE:000E  HL:0076  AF:6617  SP:7FF5  PC:0A7C
0A77  CD 80 0A  CALL 0A80   (3)  BC:057B  DE:000E  HL:0076  AF:6617  SP:7FF5  PC:0A77
0A7A  23        INX H       (3)  BC:057B  DE:000F  HL:0076  AF:8557  SP:7FF5  PC:0A7A
0A7B  05        DCR B       (3)  BC:057B  DE:000F  HL:0077  AF:8557  SP:7FF5  PC:0A7B
0A7C  C2 77 0A  JNZ 0A77    (3)  BC:047B  DE:000F  HL:0077  AF:8513  SP:7FF5  PC:0A7C
0A77  CD 80 0A  CALL 0A80   (3)  BC:047B  DE:000F  HL:0077  AF:8513  SP:7FF5  PC:0A77
0A7A  23        INX H       (3)  BC:047B  DE:0010  HL:0077  AF:C657  SP:7FF5  PC:0A7A
0A7B  05        DCR B       (3)  BC:047B  DE:0010  HL:0078  AF:C657  SP:7FF5  PC:0A7B
0A7C  C2 77 0A  JNZ 0A77    (3)  BC:037B  DE:0010  HL:0078  AF:C617  SP:7FF5  PC:0A7C
0A77  CD 80 0A  CALL 0A80   (3)  BC:037B  DE:0010  HL:0078  AF:C617  SP:7FF5  PC:0A77
0A7A  23        INX H       (3)  BC:037B  DE:0011  HL:0078  AF:DE56  SP:7FF5  PC:0A7A
0A7B  05        DCR B       (3)  BC:037B  DE:0011  HL:0079  AF:DE56  SP:7FF5  PC:0A7B
0A7C  C2 77 0A  JNZ 0A77    (3)  BC:027B  DE:0011  HL:0079  AF:DE12  SP:7FF5  PC:0A7C
0A77  CD 80 0A  CALL 0A80   (3)  BC:027B  DE:0011  HL:0079  AF:DE12  SP:7FF5  PC:0A77
0A7A  23        INX H       (3)  BC:027B  DE:0012  HL:0079  AF:C957  SP:7FF5  PC:0A7A
0A7B  05        DCR B       (3)  BC:027B  DE:0012  HL:007A  AF:C957  SP:7FF5  PC:0A7B
0A7C  C2 77 0A  JNZ 0A77    (3)  BC:017B  DE:0012  HL:007A  AF:C913  SP:7FF5  PC:0A7C
0A77  CD 80 0A  CALL 0A80   (3)  BC:017B  DE:0012  HL:007A  AF:C913  SP:7FF5  PC:0A77
0A7A  23        INX H       (3)  BC:017B  DE:0013  HL:007A  AF:9B57  SP:7FF5  PC:0A7A
0A7B  05        DCR B       (3)  BC:017B  DE:0013  HL:007B  AF:9B57  SP:7FF5  PC:0A7B
0A7C  C2 77 0A  JNZ 0A77    (3)  BC:007B  DE:0013  HL:007B  AF:9B57  SP:7FF5  PC:0A7C
0A7F  C9        RET         (3)  BC:007B  DE:0013  HL:007B  AF:9B57  SP:7FF5  PC:0A7F
0A74  C3 00 0A  JMP 0A00    (2)  BC:007B  DE:0013  HL:007B  AF:9B57  SP:7FF7  PC:0A74
0A00  3A 24 0C  LDA 0C24    (2)  BC:007B  DE:0013  HL:007B  AF:9B57  SP:7FF7  PC:0A00
0A03  FE 76     CPI 76      (2)  BC:007B  DE:0013  HL:007B  AF:2957  SP:7FF7  PC:0A03
0A05  CA 17 0A  JZ 0A17     (2)  BC:007B  DE:0013  HL:007B  AF:2993  SP:7FF7  PC:0A05
0A08  E6 DF     ANI DF      (2)  BC:007B  DE:0013  HL:007B  AF:2993  SP:7FF7  PC:0A08
0A0A  FE DD     CPI DD      (2)  BC:007B  DE:0013  HL:007B  AF:0916  SP:7FF7  PC:0A0A
0A0C  C2 14 0A  JNZ 0A14    (2)  BC:007B  DE:0013  HL:007B  AF:0903  SP:7FF7  PC:0A0C
0A14  C4 05 0C  CNZ 0C05    (2)  BC:007B  DE:0013  HL:007B  AF:0903  SP:7FF7  PC:0A14
0C05  F5        PUSH PSW    (3)  BC:007B  DE:0013  HL:007B  AF:0903  SP:7FF5  PC:0C05
0C06  C5        PUSH B      (3)  BC:007B  DE:0013  HL:007B  AF:0903  SP:7FF3  PC:0C06
0C07  D5        PUSH D      (3)  BC:007B  DE:0013  HL:007B  AF:0903  SP:7FF1  PC:0C07
0C08  E5        PUSH H      (3)  BC:007B  DE:0013  HL:007B  AF:0903  SP:7FEF  PC:0C08
0C09  F3        DI          (3)  BC:007B  DE:0013  HL:007B  AF:0903  SP:7FED  PC:0C09
0C0A  21 00 00  LXI H,0000  (3)  BC:007B  DE:0013  HL:007B  AF:0903  SP:7FED  PC:0C0A
0C0D  39        DAD SP      (3)  BC:007B  DE:0013  HL:0000  AF:0903  SP:7FED  PC:0C0D
0C0E  22 80 0C  SHLD 0C80   (3)  BC:007B  DE:0013  HL:7FED  AF:0902  SP:7FED  PC:0C0E
0C11  31 05 00  LXI SP,0005 (3)  BC:007B  DE:0013  HL:7FED  AF:0902  SP:7FED  PC:0C11
0C14  E1        POP H       (3)  BC:007B  DE:0013  HL:7FED  AF:0902  SP:0005  PC:0C14
0C15  E1        POP H       (3)  BC:007B  DE:0013  HL:C4C7  AF:0902  SP:0007  PC:0C15
0C16  E1        POP H       (3)  BC:007B  DE:0013  HL:D226  AF:0902  SP:0009  PC:0C16
0C17  D1        POP D       (3)  BC:007B  DE:0013  HL:A051  AF:0902  SP:000B  PC:0C17
0C18  C1        POP B       (3)  BC:007B  DE:58CA  HL:A051  AF:0902  SP:000D  PC:0C18
0C19  F1        POP PSW     (3)  BC:8566  DE:58CA  HL:A051  AF:0902  SP:000F  PC:0C19
0C1A  22 6E 0C  SHLD 0C6E   (3)  BC:8566  DE:58CA  HL:A051  AF:DEC6  SP:0011  PC:0C1A
0C1D  2A 11 00  LHLD 0011   (3)  BC:8566  DE:58CA  HL:A051  AF:DEC6  SP:0011  PC:0C1D
0C20  F9        SPHL        (3)  BC:8566  DE:58CA  HL:9BC9  AF:DEC6  SP:0011  PC:0C20
0C21  2A 6E 0C  LHLD 0C6E   (3)  BC:8566  DE:58CA  HL:9BC9  AF:DEC6  SP:9BC9  PC:0C21
0C24  29        DAD H       (3)  BC:8566  DE:58CA  HL:A051  AF:DEC6  SP:9BC9  PC:0C24
0C25  00        NOP         (3)  BC:8566  DE:58CA  HL:40A2  AF:DEC7  SP:9BC9  PC:0C25
0C26  00        NOP         (3)  BC:8566  DE:58CA  HL:40A2  AF:DEC7  SP:9BC9  PC:0C26
0C27  00        NOP         (3)  BC:8566  DE:58CA  HL:40A2  AF:DEC7  SP:9BC9  PC:0C27
0C28  22 6E 0C  SHLD 0C6E   (3)  BC:8566  DE:58CA  HL:40A2  AF:DEC7  SP:9BC9  PC:0C28
0C2B  21 00 00  LXI H,0000  (3)  BC:8566  DE:58CA  HL:40A2  AF:DEC7  SP:9BC9  PC:0C2B
0C2E  DA 35 0C  JC 0C35     (3)  BC:8566  DE:58CA  HL:0000  AF:DEC7  SP:9BC9  PC:0C2E
0C35  39        DAD SP      (3)  BC:8566  DE:58CA  HL:0000  AF:DEC7  SP:9BC9  PC:0C35
0C36  37        STC         (3)  BC:8566  DE:58CA  HL:9BC9  AF:DEC6  SP:9BC9  PC:0C36
0C37  22 7E 0C  SHLD 0C7E   (3)  BC:8566  DE:58CA  HL:9BC9  AF:DEC7  SP:9BC9  PC:0C37
0C3A  2A 6E 0C  LHLD 0C6E   (3)  BC:8566  DE:58CA  HL:9BC9  AF:DEC7  SP:9BC9  PC:0C3A
0C3D  31 7E 0C  LXI SP,0C7E (3)  BC:8566  DE:58CA  HL:40A2  AF:DEC7  SP:9BC9  PC:0C3D
0C40  F5        PUSH PSW    (3)  BC:8566  DE:58CA  HL:40A2  AF:DEC7  SP:0C7E  PC:0C40
0C41  C5        PUSH B      (3)  BC:8566  DE:58CA  HL:40A2  AF:DEC7  SP:0C7C  PC:0C41
0C42  D5        PUSH D      (3)  BC:8566  DE:58CA  HL:40A2  AF:DEC7  SP:0C7A  PC:0C42
0C43  E5        PUSH H      (3)  BC:8566  DE:58CA  HL:40A2  AF:DEC7  SP:0C78  PC:0C43
0C44  E5        PUSH H      (3)  BC:8566  DE:58CA  HL:40A2  AF:DEC7  SP:0C76  PC:0C44
0C45  E5        PUSH H      (3)  BC:8566  DE:58CA  HL:40A2  AF:DEC7  SP:0C74  PC:0C45
0C46  2A 80 0C  LHLD 0C80   (3)  BC:8566  DE:58CA  HL:40A2  AF:DEC7  SP:0C72  PC:0C46
0C49  F9        SPHL        (3)  BC:8566  DE:58CA  HL:7FED  AF:DEC7  SP:0C72  PC:0C49
0C4A  FB        EI          (3)  BC:8566  DE:58CA  HL:7FED  AF:DEC7  SP:7FED  PC:0C4A
0C4B  2A 03 00  LHLD 0003   (3)  BC:8566  DE:58CA  HL:7FED  AF:DEC7  SP:7FED  PC:0C4B
0C4E  22 70 0C  SHLD 0C70   (3)  BC:8566  DE:58CA  HL:C4A5  AF:DEC7  SP:7FED  PC:0C4E
0C51  21 7C 0C  LXI H,0C7C  (3)  BC:8566  DE:58CA  HL:C4A5  AF:DEC7  SP:7FED  PC:0C51
0C54  7E        MOV A,M     (3)  BC:8566  DE:58CA  HL:0C7C  AF:DEC7  SP:7FED  PC:0C54
0C55  E6 FF     ANI FF      (3)  BC:8566  DE:58CA  HL:0C7C  AF:C7C7  SP:7FED  PC:0C55
0C57  77        MOV M,A     (3)  BC:8566  DE:58CA  HL:0C7C  AF:C792  SP:7FED  PC:0C57
0C58  06 10     MVI B,10    (3)  BC:8566  DE:58CA  HL:0C7C  AF:C792  SP:7FED  PC:0C58
0C5A  11 70 0C  LXI D,0C70  (3)  BC:1066  DE:58CA  HL:0C7C  AF:C792  SP:7FED  PC:0C5A
0C5D  21 BB 0D  LXI H,0DBB  (3)  BC:1066  DE:0C70  HL:0C7C  AF:C792  SP:7FED  PC:0C5D
0C60  1A        LDAX D      (3)  BC:1066  DE:0C70  HL:0DBB  AF:C792  SP:7FED  PC:0C60
0C61  13        INX D       (3)  BC:1066  DE:0C70  HL:0DBB  AF:A592  SP:7FED  PC:0C61
0C62  CD 7F 0D  CALL 0D7F   (3)  BC:1066  DE:0C71  HL:0DBB  AF:A592  SP:7FED  PC:0C62
0C65  05        DCR B       (3)  BC:1066  DE:0C71  HL:0DBB  AF:A592  SP:7FED  PC:0C65
0C66  C2 60 0C  JNZ 0C60    (3)  BC:0F66  DE:0C71  HL:0DBB  AF:A506  SP:7FED  PC:0C66
0C60  1A        LDAX D      (3)  BC:0F66  DE:0C71  HL:0DBB  AF:A506  SP:7FED  PC:0C60
0C61  13        INX D       (3)  BC:0F66  DE:0C71  HL:0DBB  AF:C406  SP:7FED  PC:0C61
0C62  CD 7F 0D  CALL 0D7F   (3)  BC:0F66  DE:0C72  HL:0DBB  AF:C406  SP:7FED  PC:0C62
0C65  05        DCR B       (3)  BC:0F66  DE:0C72  HL:0DBB  AF:C406  SP:7FED  PC:0C65
0C66  C2 60 0C  JNZ 0C60    (3)  BC:0E66  DE:0C72  HL:0DBB  AF:C412  SP:7FED  PC:0C66
0C60  1A        LDAX D      (3)  BC:0E66  DE:0C72  HL:0DBB  AF:C412  SP:7FED  PC:0C60
0C61  13        INX D       (3)  BC:0E66  DE:0C72  HL:0DBB  AF:A212  SP:7FED  PC:0C61
0C62  CD 7F 0D  CALL 0D7F   (3)  BC:0E66  DE:0C73  HL:0DBB  AF:A212  SP:7FED  PC:0C62
0C65  05        DCR B       (3)  BC:0E66  DE:0C73  HL:0DBB  AF:A212  SP:7FED  PC:0C65
0C66  C2 60 0C  JNZ 0C60    (3)  BC:0D66  DE:0C73  HL:0DBB  AF:A212  SP:7FED  PC:0C66
0C60  1A        LDAX D      (3)  BC:0D66  DE:0C73  HL:0DBB  AF:A212  SP:7FED  PC:0C60
0C61  13        INX D       (3)  BC:0D66  DE:0C73  HL:0DBB  AF:4012  SP:7FED  PC:0C61
0C62  CD 7F 0D  CALL 0D7F   (3)  BC:0D66  DE:0C74  HL:0DBB  AF:4012  SP:7FED  PC:0C62
0C65  05        DCR B       (3)  BC:0D66  DE:0C74  HL:0DBB  AF:4012  SP:7FED  PC:0C65
0C66  C2 60 0C  JNZ 0C60    (3)  BC:0C66  DE:0C74  HL:0DBB  AF:4016  SP:7FED  PC:0C66
0C60  1A        LDAX D      (3)  BC:0C66  DE:0C74  HL:0DBB  AF:4016  SP:7FED  PC:0C60
0C61  13        INX D       (3)  BC:0C66  DE:0C74  HL:0DBB  AF:A216  SP:7FED  PC:0C61
0C62  CD 7F 0D  CALL 0D7F   (3)  BC:0C66  DE:0C75  HL:0DBB  AF:A216  SP:7FED  PC:0C62
0C65  05        DCR B       (3)  BC:0C66  DE:0C75  HL:0DBB  AF:A216  SP:7FED  PC:0C65
0C66  C2 60 0C  JNZ 0C60    (3)  BC:0B66  DE:0C75  HL:0DBB  AF:A212  SP:7FED  PC:0C66
0C60  1A        LDAX D      (3)  BC:0B66  DE:0C75  HL:0DBB  AF:A212  SP:7FED  PC:0C60
0C61  13        INX D       (3)  BC:0B66  DE:0C75  HL:0DBB  AF:4012  SP:7FED  PC:0C61
0C62  CD 7F 0D  CALL 0D7F   (3)  BC:0B66  DE:0C76  HL:0DBB  AF:4012  SP:7FED  PC:0C62
0C65  05        DCR B       (3)  BC:0B66  DE:0C76  HL:0DBB  AF:4012  SP:7FED  PC:0C65
0C66  C2 60 0C  JNZ 0C60    (3)  BC:0A66  DE:0C76  HL:0DBB  AF:4016  SP:7FED  PC:0C66
0C60  1A        LDAX D      (3)  BC:0A66  DE:0C76  HL:0DBB  AF:4016  SP:7FED  PC:0C60
0C61  13        INX D       (3)  BC:0A66  DE:0C76  HL:0DBB  AF:A216  SP:7FED  PC:0C61
0C62  CD 7F 0D  CALL 0D7F   (3)  BC:0A66  DE:0C77  HL:0DBB  AF:A216  SP:7FED  PC:0C62
0C65  05        DCR B       (3)  BC:0A66  DE:0C77  HL:0DBB  AF:A216  SP:7FED  PC:0C65
0C66  C2 60 0C  JNZ 0C60    (3)  BC:0966  DE:0C77  HL:0DBB  AF:A216  SP:7FED  PC:0C66
0C60  1A        LDAX D      (3)  BC:0966  DE:0C77  HL:0DBB  AF:A216  SP:7FED  PC:0C60
0C61  13        INX D       (3)  BC:0966  DE:0C77  HL:0DBB  AF:4016  SP:7FED  PC:0C61
0C62  CD 7F 0D  CALL 0D7F   (3)  BC:0966  DE:0C78  HL:0DBB  AF:4016  SP:7FED  PC:0C62
0C65  05        DCR B       (3)  BC:0966  DE:0C78  HL:0DBB  AF:4016  SP:7FED  PC:0C65
0C66  C2 60 0C  JNZ 0C60    (3)  BC:0866  DE:0C78  HL:0DBB  AF:4012  SP:7FED  PC:0C66
0C60  1A        LDAX D      (3)  BC:0866  DE:0C78  HL:0DBB  AF:4012  SP:7FED  PC:0C60
0C61  13        INX D       (3)  BC:0866  DE:0C78  HL:0DBB  AF:CA12  SP:7FED  PC:0C61
0C62  CD 7F 0D  CALL 0D7F   (3)  BC:0866  DE:0C79  HL:0DBB  AF:CA12  SP:7FED  PC:0C62
0C65  05        DCR B       (3)  BC:0866  DE:0C79  HL:0DBB  AF:CA12  SP:7FED  PC:0C65
0C66  C2 60 0C  JNZ 0C60    (3)  BC:0766  DE:0C79  HL:0DBB  AF:CA12  SP:7FED  PC:0C66
0C60  1A        LDAX D      (3)  BC:0766  DE:0C79  HL:0DBB  AF:CA12  SP:7FED  PC:0C60
0C61  13        INX D       (3)  BC:0766  DE:0C79  HL:0DBB  AF:5812  SP:7FED  PC:0C61
0C62  CD 7F 0D  CALL 0D7F   (3)  BC:0766  DE:0C7A  HL:0DBB  AF:5812  SP:7FED  PC:0C62
0C65  05        DCR B       (3)  BC:0766  DE:0C7A  HL:0DBB  AF:5812  SP:7FED  PC:0C65
0C66  C2 60 0C  JNZ 0C60    (3)  BC:0666  DE:0C7A  HL:0DBB  AF:5816  SP:7FED  PC:0C66
0C60  1A        LDAX D      (3)  BC:0666  DE:0C7A  HL:0DBB  AF:5816  SP:7FED  PC:0C60
0C61  13        INX D       (3)  BC:0666  DE:0C7A  HL:0DBB  AF:6616  SP:7FED  PC:0C61
0C62  CD 7F 0D  CALL 0D7F   (3)  BC:0666  DE:0C7B  HL:0DBB  AF:6616  SP:7FED  PC:0C62
0C65  05        DCR B       (3)  BC:0666  DE:0C7B  HL:0DBB  AF:6616  SP:7FED  PC:0C65
0C66  C2 60 0C  JNZ 0C60    (3)  BC:0566  DE:0C7B  HL:0DBB  AF:6616  SP:7FED  PC:0C66
0C60  1A        LDAX D      (3)  BC:0566  DE:0C7B  HL:0DBB  AF:6616  SP:7FED  PC:0C60
0C61  13        INX D       (3)  BC:0566  DE:0C7B  HL:0DBB  AF:8516  SP:7FED  PC:0C61
0C62  CD 7F 0D  CALL 0D7F   (3)  BC:0566  DE:0C7C  HL:0DBB  AF:8516  SP:7FED  PC:0C62
0C65  05        DCR B       (3)  BC:0566  DE:0C7C  HL:0DBB  AF:8516  SP:7FED  PC:0C65
0C66  C2 60 0C  JNZ 0C60    (3)  BC:0466  DE:0C7C  HL:0DBB  AF:8512  SP:7FED  PC:0C66
0C60  1A        LDAX D      (3)  BC:0466  DE:0C7C  HL:0DBB  AF:8512  SP:7FED  PC:0C60
0C61  13        INX D       (3)  BC:0466  DE:0C7C  HL:0DBB  AF:C712  SP:7FED  PC:0C61
0C62  CD 7F 0D  CALL 0D7F   (3)  BC:0466  DE:0C7D  HL:0DBB  AF:C712  SP:7FED  PC:0C62
0C65  05        DCR B       (3)  BC:0466  DE:0C7D  HL:0DBB  AF:C712  SP:7FED  PC:0C65
0C66  C2 60 0C  JNZ 0C60    (3)  BC:0366  DE:0C7D  HL:0DBB  AF:C716  SP:7FED  PC:0C66
0C60  1A        LDAX D      (3)  BC:0366  DE:0C7D  HL:0DBB  AF:C716  SP:7FED  PC:0C60
0C61  13        INX D       (3)  BC:0366  DE:0C7D  HL:0DBB  AF:DE16  SP:7FED  PC:0C61
0C62  CD 7F 0D  CALL 0D7F   (3)  BC:0366  DE:0C7E  HL:0DBB  AF:DE16  SP:7FED  PC:0C62
0C65  05        DCR B       (3)  BC:0366  DE:0C7E  HL:0DBB  AF:DE16  SP:7FED  PC:0C65
0C66  C2 60 0C  JNZ 0C60    (3)  BC:0266  DE:0C7E  HL:0DBB  AF:DE12  SP:7FED  PC:0C66
0C60  1A        LDAX D      (3)  BC:0266  DE:0C7E  HL:0DBB  AF:DE12  SP:7FED  PC:0C60
0C61  13        INX D       (3)  BC:0266  DE:0C7E  HL:0DBB  AF:C912  SP:7FED  PC:0C61
0C62  CD 7F 0D  CALL 0D7F   (3)  BC:0266  DE:0C7F  HL:0DBB  AF:C912  SP:7FED  PC:0C62
0C65  05        DCR B       (3)  BC:0266  DE:0C7F  HL:0DBB  AF:C912  SP:7FED  PC:0C65
0C66  C2 60 0C  JNZ 0C60    (3)  BC:0166  DE:0C7F  HL:0DBB  AF:C912  SP:7FED  PC:0C66
0C60  1A        LDAX D      (3)  BC:0166  DE:0C7F  HL:0DBB  AF:C912  SP:7FED  PC:0C60
0C61  13        INX D       (3)  BC:0166  DE:0C7F  HL:0DBB  AF:9B12  SP:7FED  PC:0C61
0C62  CD 7F 0D  CALL 0D7F   (3)  BC:0166  DE:0C80  HL:0DBB  AF:9B12  SP:7FED  PC:0C62
0C65  05        DCR B       (3)  BC:0166  DE:0C80  HL:0DBB  AF:9B12  SP:7FED  PC:0C65
0C66  C2 60 0C  JNZ 0C60    (3)  BC:0066  DE:0C80  HL:0DBB  AF:9B56  SP:7FED  PC:0C66
0C69  E1        POP H       (3)  BC:0066  DE:0C80  HL:0DBB  AF:9B56  SP:7FED  PC:0C69
0C6A  D1        POP D       (3)  BC:0066  DE:0C80  HL:007B  AF:9B56  SP:7FEF  PC:0C6A
0C6B  C1        POP B       (3)  BC:0066  DE:0013  HL:007B  AF:9B56  SP:7FF1  PC:0C6B
0C6C  F1        POP PSW     (3)  BC:007B  DE:0013  HL:007B  AF:9B56  SP:7FF3  PC:0C6C
0C6D  C9        RET         (3)  BC:007B  DE:0013  HL:007B  AF:0903  SP:7FF5  PC:0C6D
0A17  CD 64 0B  CALL 0B64   (2)  BC:007B  DE:0013  HL:007B  AF:0903  SP:7FF7  PC:0A17
0B64  C5        PUSH B      (3)  BC:007B  DE:0013  HL:007B  AF:0903  SP:7FF5  PC:0B64
0B65  D5        PUSH D      (3)  BC:007B  DE:0013  HL:007B  AF:0903  SP:7FF3  PC:0B65
0B66  E5        PUSH H      (3)  BC:007B  DE:0013  HL:007B  AF:0903  SP:7FF1  PC:0B66
0B67  21 B5 0B  LXI H,0BB5  (3)  BC:007B  DE:0013  HL:007B  AF:0903  SP:7FEF  PC:0B67
0B6A  11 14 00  LXI D,0014  (3)  BC:007B  DE:0013  HL:0BB5  AF:0903  SP:7FEF  PC:0B6A
0B6D  EB        XCHG        (3)  BC:007B  DE:0014  HL:0BB5  AF:0903  SP:7FEF  PC:0B6D
0B6E  19        DAD D       (3)  BC:007B  DE:0BB5  HL:0014  AF:0903  SP:7FEF  PC:0B6E
0B6F  EB        XCHG        (3)  BC:007B  DE:0BB5  HL:0BC9  AF:0902  SP:7FEF  PC:0B6F
0B70  34        INR M       (3)  BC:007B  DE:0BC9  HL:0BB5  AF:0902  SP:7FEF  PC:0B70
0B71  7E        MOV A,M     (3)  BC:007B  DE:0BC9  HL:0BB5  AF:0902  SP:7FEF  PC:0B71
0B72  FE 00     CPI 00      (3)  BC:007B  DE:0BC9  HL:0BB5  AF:0B02  SP:7FEF  PC:0B72
0B74  CA 83 0B  JZ 0B83     (3)  BC:007B  DE:0BC9  HL:0BB5  AF:0B12  SP:7FEF  PC:0B74
0B77  47        MOV B,A     (3)  BC:007B  DE:0BC9  HL:0BB5  AF:0B12  SP:7FEF  PC:0B77
0B78  1A        LDAX D      (3)  BC:0B7B  DE:0BC9  HL:0BB5  AF:0B12  SP:7FEF  PC:0B78
0B79  A0        ANA B       (3)  BC:0B7B  DE:0BC9  HL:0BB5  AF:0012  SP:7FEF  PC:0B79
0B7A  CA 7F 0B  JZ 0B7F     (3)  BC:0B7B  DE:0BC9  HL:0BB5  AF:0056  SP:7FEF  PC:0B7A
0B7F  C1        POP B       (3)  BC:0B7B  DE:0BC9  HL:0BB5  AF:0056  SP:7FEF  PC:0B7F
0B80  D1        POP D       (3)  BC:007B  DE:0BC9  HL:0BB5  AF:0056  SP:7FF1  PC:0B80
0B81  E1        POP H       (3)  BC:007B  DE:0013  HL:0BB5  AF:0056  SP:7FF3  PC:0B81
0B82  C9        RET         (3)  BC:007B  DE:0013  HL:007B  AF:0056  SP:7FF5  PC:0B82
0A1A  C4 88 0B  CNZ 0B88    (2)  BC:007B  DE:0013  HL:007B  AF:0056  SP:7FF7  PC:0A1A
0A1D  E1        POP H       (2)  BC:007B  DE:0013  HL:007B  AF:0056  SP:7FF7  PC:0A1D
0A1E  CA 4D 0A  JZ 0A4D     (2)  BC:007B  DE:0013  HL:0067  AF:0056  SP:7FF9  PC:0A1E
0A4D  E5        PUSH H      (2)  BC:007B  DE:0013  HL:0067  AF:0056  SP:7FF9  PC:0A4D
0A4E  3E 01     MVI A,01    (2)  BC:007B  DE:0013  HL:0067  AF:0056  SP:7FF7  PC:0A4E
0A50  32 C3 0A  STA 0AC3    (2)  BC:007B  DE:0013  HL:0067  AF:0156  SP:7FF7  PC:0A50
0A53  32 E7 0A  STA 0AE7    (2)  BC:007B  DE:0013  HL:0067  AF:0156  SP:7FF7  PC:0A53
0A56  21 B5 0B  LXI H,0BB5  (2)  BC:007B  DE:0013  HL:0067  AF:0156  SP:7FF7  PC:0A56
0A59  22 C4 0A  SHLD 0AC4   (2)  BC:007B  DE:0013  HL:0BB5  AF:0156  SP:7FF7  PC:0A59
0A5C  21 DD 0B  LXI H,0BDD  (2)  BC:007B  DE:0013  HL:0BB5  AF:0156  SP:7FF7  PC:0A5C
0A5F  22 E8 0A  SHLD 0AE8   (2)  BC:007B  DE:0013  HL:0BDD  AF:0156  SP:7FF7  PC:0A5F
0A62  06 04     MVI B,04    (2)  BC:007B  DE:0013  HL:0BDD  AF:0156  SP:7FF7  PC:0A62
0A64  E1        POP H       (2)  BC:047B  DE:0013  HL:0BDD  AF:0156  SP:7FF7  PC:0A64
0A65  E5        PUSH H      (2)  BC:047B  DE:0013  HL:0067  AF:0156  SP:7FF9  PC:0A65
0A66  11 24 0C  LXI D,0C24  (2)  BC:047B  DE:0013  HL:0067  AF:0156  SP:7FF7  PC:0A66
0A69  CD 77 0A  CALL 0A77   (2)  BC:047B  DE:0C24  HL:0067  AF:0156  SP:7FF7  PC:0A69
0A77  CD 80 0A  CALL 0A80   (3)  BC:047B  DE:0C24  HL:0067  AF:0156  SP:7FF5  PC:0A77
0A7A  23        INX H       (3)  BC:047B  DE:0C25  HL:0067  AF:3956  SP:7FF5  PC:0A7A
0A7B  05        DCR B       (3)  BC:047B  DE:0C25  HL:0068  AF:3956  SP:7FF5  PC:0A7B
0A7C  C2 77 0A  JNZ 0A77    (3)  BC:037B  DE:0C25  HL:0068  AF:3916  SP:7FF5  PC:0A7C
0A77  CD 80 0A  CALL 0A80   (3)  BC:037B  DE:0C25  HL:0068  AF:3916  SP:7FF5  PC:0A77
0A7A  23        INX H       (3)  BC:037B  DE:0C26  HL:0068  AF:0056  SP:7FF5  PC:0A7A
0A7B  05        DCR B       (3)  BC:037B  DE:0C26  HL:0069  AF:0056  SP:7FF5  PC:0A7B
0A7C  C2 77 0A  JNZ 0A77    (3)  BC:027B  DE:0C26  HL:0069  AF:0012  SP:7FF5  PC:0A7C
0A77  CD 80 0A  CALL 0A80   (3)  BC:027B  DE:0C26  HL:0069  AF:0012  SP:7FF5  PC:0A77
0A7A  23        INX H       (3)  BC:027B  DE:0C27  HL:0069  AF:0056  SP:7FF5  PC:0A7A
0A7B  05        DCR B       (3)  BC:027B  DE:0C27  HL:006A  AF:0056  SP:7FF5  PC:0A7B
0A7C  C2 77 0A  JNZ 0A77    (3)  BC:017B  DE:0C27  HL:006A  AF:0012  SP:7FF5  PC:0A7C
0A77  CD 80 0A  CALL 0A80   (3)  BC:017B  DE:0C27  HL:006A  AF:0012  SP:7FF5  PC:0A77
0A7A  23        INX H       (3)  BC:017B  DE:0C28  HL:006A  AF:0056  SP:7FF5  PC:0A7A
0A7B  05        DCR B       (3)  BC:017B  DE:0C28  HL:006B  AF:0056  SP:7FF5  PC:0A7B
0A7C  C2 77 0A  JNZ 0A77    (3)  BC:007B  DE:0C28  HL:006B  AF:0056  SP:7FF5  PC:0A7C
0A7F  C9        RET         (3)  BC:007B  DE:0C28  HL:006B  AF:0056  SP:7FF5  PC:0A7F
0A6C  06 10     MVI B,10    (2)  BC:007B  DE:0C28  HL:006B  AF:0056  SP:7FF7  PC:0A6C
0A6E  11 03 00  LXI D,0003  (2)  BC:107B  DE:0C28  HL:006B  AF:0056  SP:7FF7  PC:0A6E
0A71  CD 77 0A  CALL 0A77   (2)  BC:107B  DE:0003  HL:006B  AF:0056  SP:7FF7  PC:0A71
0A77  CD 80 0A  CALL 0A80   (3)  BC:107B  DE:0003  HL:006B  AF:0056  SP:7FF5  PC:0A77
0A7A  23        INX H       (3)  BC:107B  DE:0004  HL:006B  AF:A556  SP:7FF5  PC:0A7A
0A7B  05        DCR B       (3)  BC:107B  DE:0004  HL:006C  AF:A556  SP:7FF5  PC:0A7B
0A7C  C2 77 0A  JNZ 0A77    (3)  BC:0F7B  DE:0004  HL:006C  AF:A506  SP:7FF5  PC:0A7C
0A77  CD 80 0A  CALL 0A80   (3)  BC:0F7B  DE:0004  HL:006C  AF:A506  SP:7FF5  PC:0A77
0A7A  23        INX H       (3)  BC:0F7B  DE:0005  HL:006C  AF:C456  SP:7FF5  PC:0A7A
0A7B  05        DCR B       (3)  BC:0F7B  DE:0005  HL:006D  AF:C456  SP:7FF5  PC:0A7B
0A7C  C2 77 0A  JNZ 0A77    (3)  BC:0E7B  DE:0005  HL:006D  AF:C412  SP:7FF5  PC:0A7C
0A77  CD 80 0A  CALL 0A80   (3)  BC:0E7B  DE:0005  HL:006D  AF:C412  SP:7FF5  PC:0A77
0A7A  23        INX H       (3)  BC:0E7B  DE:0006  HL:006D  AF:C756  SP:7FF5  PC:0A7A
0A7B  05        DCR B       (3)  BC:0E7B  DE:0006  HL:006E  AF:C756  SP:7FF5  PC:0A7B
0A7C  C2 77 0A  JNZ 0A77    (3)  BC:0D7B  DE:0006  HL:006E  AF:C712  SP:7FF5  PC:0A7C
0A77  CD 80 0A  CALL 0A80   (3)  BC:0D7B  DE:0006  HL:006E  AF:C712  SP:7FF5  PC:0A77
0A7A  23        INX H       (3)  BC:0D7B  DE:0007  HL:006E  AF:C456  SP:7FF5  PC:0A7A
0A7B  05        DCR B       (3)  BC:0D7B  DE:0007  HL:006F  AF:C456  SP:7FF5  PC:0A7B
0A7C  C2 77 0A  JNZ 0A77    (3)  BC:0C7B  DE:0007  HL:006F  AF:C416  SP:7FF5  PC:0A7C
0A77  CD 80 0A  CALL 0A80   (3)  BC:0C7B  DE:0007  HL:006F  AF:C416  SP:7FF5  PC:0A77
0A7A  23        INX H       (3)  BC:0C7B  DE:0008  HL:006F  AF:2656  SP:7FF5  PC:0A7A
0A7B  05        DCR B       (3)  BC:0C7B  DE:0008  HL:0070  AF:2656  SP:7FF5  PC:0A7B
0A7C  C2 77 0A  JNZ 0A77    (3)  BC:0B7B  DE:0008  HL:0070  AF:2612  SP:7FF5  PC:0A7C
0A77  CD 80 0A  CALL 0A80   (3)  BC:0B7B  DE:0008  HL:0070  AF:2612  SP:7FF5  PC:0A77
0A7A  23        INX H       (3)  BC:0B7B  DE:0009  HL:0070  AF:D256  SP:7FF5  PC:0A7A
0A7B  05        DCR B       (3)  BC:0B7B  DE:0009  HL:0071  AF:D256  SP:7FF5  PC:0A7B
0A7C  C2 77 0A  JNZ 0A77    (3)  BC:0A7B  DE:0009  HL:0071  AF:D216  SP:7FF5  PC:0A7C
0A77  CD 80 0A  CALL 0A80   (3)  BC:0A7B  DE:0009  HL:0071  AF:D216  SP:7FF5  PC:0A77
0A7A  23        INX H       (3)  BC:0A7B  DE:000A  HL:0071  AF:5157  SP:7FF5  PC:0A7A
Disconnected from the target VM, address: '127.0.0.1:62309', transport: 'socket'
0A7B  05        DCR B       (3)  BC:0A7B  DE:000A  HL:0072  AF:5157  SP:7FF5  PC:0A7B
0A7C  C2 77 0A  JNZ 0A77    (3)  BC:097B  DE:000A  HL:0072  AF:5117  SP:7FF5  PC:0A7C
0A77  CD 80 0A  CALL 0A80   (3)  BC:097B  DE:000A  HL:0072  AF:5117  SP:7FF5  PC:0A77
0A7A  23        INX H       (3)  BC:097B  DE:000B  HL:0072  AF:A057  SP:7FF5  PC:0A7A
0A7B  05        DCR B       (3)  BC:097B  DE:000B  HL:0073  AF:A057  SP:7FF5  PC:0A7B
0A7C  C2 77 0A  JNZ 0A77    (3)  BC:087B  DE:000B  HL:0073  AF:A013  SP:7FF5  PC:0A7C
0A77  CD 80 0A  CALL 0A80   (3)  BC:087B  DE:000B  HL:0073  AF:A013  SP:7FF5  PC:0A77
0A7A  23        INX H       (3)  BC:087B  DE:000C  HL:0073  AF:CA57  SP:7FF5  PC:0A7A
0A7B  05        DCR B       (3)  BC:087B  DE:000C  HL:0074  AF:CA57  SP:7FF5  PC:0A7B
0A7C  C2 77 0A  JNZ 0A77    (3)  BC:077B  DE:000C  HL:0074  AF:CA13  SP:7FF5  PC:0A7C
0A77  CD 80 0A  CALL 0A80   (3)  BC:077B  DE:000C  HL:0074  AF:CA13  SP:7FF5  PC:0A77
0A7A  23        INX H       (3)  BC:077B  DE:000D  HL:0074  AF:5857  SP:7FF5  PC:0A7A
0A7B  05        DCR B       (3)  BC:077B  DE:000D  HL:0075  AF:5857  SP:7FF5  PC:0A7B
0A7C  C2 77 0A  JNZ 0A77    (3)  BC:067B  DE:000D  HL:0075  AF:5817  SP:7FF5  PC:0A7C
0A77  CD 80 0A  CALL 0A80   (3)  BC:067B  DE:000D  HL:0075  AF:5817  SP:7FF5  PC:0A77
0A7A  23        INX H       (3)  BC:067B  DE:000E  HL:0075  AF:6657  SP:7FF5  PC:0A7A
0A7B  05        DCR B       (3)  BC:067B  DE:000E  HL:0076  AF:6657  SP:7FF5  PC:0A7B
0A7C  C2 77 0A  JNZ 0A77    (3)  BC:057B  DE:000E  HL:0076  AF:6617  SP:7FF5  PC:0A7C
0A77  CD 80 0A  CALL 0A80   (3)  BC:057B  DE:000E  HL:0076  AF:6617  SP:7FF5  PC:0A77
0A7A  23        INX H       (3)  BC:057B  DE:000F  HL:0076  AF:8557  SP:7FF5  PC:0A7A
0A7B  05        DCR B       (3)  BC:057B  DE:000F  HL:0077  AF:8557  SP:7FF5  PC:0A7B
0A7C  C2 77 0A  JNZ 0A77    (3)  BC:047B  DE:000F  HL:0077  AF:8513  SP:7FF5  PC:0A7C
0A77  CD 80 0A  CALL 0A80   (3)  BC:047B  DE:000F  HL:0077  AF:8513  SP:7FF5  PC:0A77
0A7A  23        INX H       (3)  BC:047B  DE:0010  HL:0077  AF:C657  SP:7FF5  PC:0A7A
0A7B  05        DCR B       (3)  BC:047B  DE:0010  HL:0078  AF:C657  SP:7FF5  PC:0A7B
0A7C  C2 77 0A  JNZ 0A77    (3)  BC:037B  DE:0010  HL:0078  AF:C617  SP:7FF5  PC:0A7C
0A77  CD 80 0A  CALL 0A80   (3)  BC:037B  DE:0010  HL:0078  AF:C617  SP:7FF5  PC:0A77
0A7A  23        INX H       (3)  BC:037B  DE:0011  HL:0078  AF:DE56  SP:7FF5  PC:0A7A
0A7B  05        DCR B       (3)  BC:037B  DE:0011  HL:0079  AF:DE56  SP:7FF5  PC:0A7B
0A7C  C2 77 0A  JNZ 0A77    (3)  BC:027B  DE:0011  HL:0079  AF:DE12  SP:7FF5  PC:0A7C
0A77  CD 80 0A  CALL 0A80   (3)  BC:027B  DE:0011  HL:0079  AF:DE12  SP:7FF5  PC:0A77
0A7A  23        INX H       (3)  BC:027B  DE:0012  HL:0079  AF:C957  SP:7FF5  PC:0A7A
0A7B  05        DCR B       (3)  BC:027B  DE:0012  HL:007A  AF:C957  SP:7FF5  PC:0A7B
0A7C  C2 77 0A  JNZ 0A77    (3)  BC:017B  DE:0012  HL:007A  AF:C913  SP:7FF5  PC:0A7C
0A77  CD 80 0A  CALL 0A80   (3)  BC:017B  DE:0012  HL:007A  AF:C913  SP:7FF5  PC:0A77
0A7A  23        INX H       (3)  BC:017B  DE:0013  HL:007A  AF:9B57  SP:7FF5  PC:0A7A
0A7B  05        DCR B       (3)  BC:017B  DE:0013  HL:007B  AF:9B57  SP:7FF5  PC:0A7B
0A7C  C2 77 0A  JNZ 0A77    (3)  BC:007B  DE:0013  HL:007B  AF:9B57  SP:7FF5  PC:0A7C
0A7F  C9        RET         (3)  BC:007B  DE:0013  HL:007B  AF:9B57  SP:7FF5  PC:0A7F
0A74  C3 00 0A  JMP 0A00    (2)  BC:007B  DE:0013  HL:007B  AF:9B57  SP:7FF7  PC:0A74
0A00  3A 24 0C  LDA 0C24    (2)  BC:007B  DE:0013  HL:007B  AF:9B57  SP:7FF7  PC:0A00
0A03  FE 76     CPI 76      (2)  BC:007B  DE:0013  HL:007B  AF:3957  SP:7FF7  PC:0A03
0A05  CA 17 0A  JZ 0A17     (2)  BC:007B  DE:0013  HL:007B  AF:3997  SP:7FF7  PC:0A05
0A08  E6 DF     ANI DF      (2)  BC:007B  DE:0013  HL:007B  AF:3997  SP:7FF7  PC:0A08
0A0A  FE DD     CPI DD      (2)  BC:007B  DE:0013  HL:007B  AF:1912  SP:7FF7  PC:0A0A
0A0C  C2 14 0A  JNZ 0A14    (2)  BC:007B  DE:0013  HL:007B  AF:1907  SP:7FF7  PC:0A0C
0A14  C4 05 0C  CNZ 0C05    (2)  BC:007B  DE:0013  HL:007B  AF:1907  SP:7FF7  PC:0A14
0C05  F5        PUSH PSW    (3)  BC:007B  DE:0013  HL:007B  AF:1907  SP:7FF5  PC:0C05
0C06  C5        PUSH B      (3)  BC:007B  DE:0013  HL:007B  AF:1907  SP:7FF3  PC:0C06
0C07  D5        PUSH D      (3)  BC:007B  DE:0013  HL:007B  AF:1907  SP:7FF1  PC:0C07
0C08  E5        PUSH H      (3)  BC:007B  DE:0013  HL:007B  AF:1907  SP:7FEF  PC:0C08
0C09  F3        DI          (3)  BC:007B  DE:0013  HL:007B  AF:1907  SP:7FED  PC:0C09
0C0A  21 00 00  LXI H,0000  (3)  BC:007B  DE:0013  HL:007B  AF:1907  SP:7FED  PC:0C0A
0C0D  39        DAD SP      (3)  BC:007B  DE:0013  HL:0000  AF:1907  SP:7FED  PC:0C0D
0C0E  22 80 0C  SHLD 0C80   (3)  BC:007B  DE:0013  HL:7FED  AF:1906  SP:7FED  PC:0C0E
0C11  31 05 00  LXI SP,0005 (3)  BC:007B  DE:0013  HL:7FED  AF:1906  SP:7FED  PC:0C11
0C14  E1        POP H       (3)  BC:007B  DE:0013  HL:7FED  AF:1906  SP:0005  PC:0C14
0C15  E1        POP H       (3)  BC:007B  DE:0013  HL:C4C7  AF:1906  SP:0007  PC:0C15
0C16  E1        POP H       (3)  BC:007B  DE:0013  HL:D226  AF:1906  SP:0009  PC:0C16
0C17  D1        POP D       (3)  BC:007B  DE:0013  HL:A051  AF:1906  SP:000B  PC:0C17
0C18  C1        POP B       (3)  BC:007B  DE:58CA  HL:A051  AF:1906  SP:000D  PC:0C18
0C19  F1        POP PSW     (3)  BC:8566  DE:58CA  HL:A051  AF:1906  SP:000F  PC:0C19
0C1A  22 6E 0C  SHLD 0C6E   (3)  BC:8566  DE:58CA  HL:A051  AF:DEC6  SP:0011  PC:0C1A
0C1D  2A 11 00  LHLD 0011   (3)  BC:8566  DE:58CA  HL:A051  AF:DEC6  SP:0011  PC:0C1D
0C20  F9        SPHL        (3)  BC:8566  DE:58CA  HL:9BC9  AF:DEC6  SP:0011  PC:0C20
0C21  2A 6E 0C  LHLD 0C6E   (3)  BC:8566  DE:58CA  HL:9BC9  AF:DEC6  SP:9BC9  PC:0C21
0C24  39        DAD SP      (3)  BC:8566  DE:58CA  HL:A051  AF:DEC6  SP:9BC9  PC:0C24
0C25  00        NOP         (3)  BC:8566  DE:58CA  HL:3C1A  AF:DEC7  SP:9BC9  PC:0C25
0C26  00        NOP         (3)  BC:8566  DE:58CA  HL:3C1A  AF:DEC7  SP:9BC9  PC:0C26
0C27  00        NOP         (3)  BC:8566  DE:58CA  HL:3C1A  AF:DEC7  SP:9BC9  PC:0C27
0C28  22 6E 0C  SHLD 0C6E   (3)  BC:8566  DE:58CA  HL:3C1A  AF:DEC7  SP:9BC9  PC:0C28
0C2B  21 00 00  LXI H,0000  (3)  BC:8566  DE:58CA  HL:3C1A  AF:DEC7  SP:9BC9  PC:0C2B
0C2E  DA 35 0C  JC 0C35     (3)  BC:8566  DE:58CA  HL:0000  AF:DEC7  SP:9BC9  PC:0C2E
0C35  39        DAD SP      (3)  BC:8566  DE:58CA  HL:0000  AF:DEC7  SP:9BC9  PC:0C35
0C36  37        STC         (3)  BC:8566  DE:58CA  HL:9BC9  AF:DEC6  SP:9BC9  PC:0C36
0C37  22 7E 0C  SHLD 0C7E   (3)  BC:8566  DE:58CA  HL:9BC9  AF:DEC7  SP:9BC9  PC:0C37
0C3A  2A 6E 0C  LHLD 0C6E   (3)  BC:8566  DE:58CA  HL:9BC9  AF:DEC7  SP:9BC9  PC:0C3A
0C3D  31 7E 0C  LXI SP,0C7E (3)  BC:8566  DE:58CA  HL:3C1A  AF:DEC7  SP:9BC9  PC:0C3D
0C40  F5        PUSH PSW    (3)  BC:8566  DE:58CA  HL:3C1A  AF:DEC7  SP:0C7E  PC:0C40
0C41  C5        PUSH B      (3)  BC:8566  DE:58CA  HL:3C1A  AF:DEC7  SP:0C7C  PC:0C41
0C42  D5        PUSH D      (3)  BC:8566  DE:58CA  HL:3C1A  AF:DEC7  SP:0C7A  PC:0C42
0C43  E5        PUSH H      (3)  BC:8566  DE:58CA  HL:3C1A  AF:DEC7  SP:0C78  PC:0C43
0C44  E5        PUSH H      (3)  BC:8566  DE:58CA  HL:3C1A  AF:DEC7  SP:0C76  PC:0C44
0C45  E5        PUSH H      (3)  BC:8566  DE:58CA  HL:3C1A  AF:DEC7  SP:0C74  PC:0C45
0C46  2A 80 0C  LHLD 0C80   (3)  BC:8566  DE:58CA  HL:3C1A  AF:DEC7  SP:0C72  PC:0C46
0C49  F9        SPHL        (3)  BC:8566  DE:58CA  HL:7FED  AF:DEC7  SP:0C72  PC:0C49
0C4A  FB        EI          (3)  BC:8566  DE:58CA  HL:7FED  AF:DEC7  SP:7FED  PC:0C4A
0C4B  2A 03 00  LHLD 0003   (3)  BC:8566  DE:58CA  HL:7FED  AF:DEC7  SP:7FED  PC:0C4B
0C4E  22 70 0C  SHLD 0C70   (3)  BC:8566  DE:58CA  HL:C4A5  AF:DEC7  SP:7FED  PC:0C4E
0C51  21 7C 0C  LXI H,0C7C  (3)  BC:8566  DE:58CA  HL:C4A5  AF:DEC7  SP:7FED  PC:0C51
0C54  7E        MOV A,M     (3)  BC:8566  DE:58CA  HL:0C7C  AF:DEC7  SP:7FED  PC:0C54
0C55  E6 FF     ANI FF      (3)  BC:8566  DE:58CA  HL:0C7C  AF:C7C7  SP:7FED  PC:0C55
0C57  77        MOV M,A     (3)  BC:8566  DE:58CA  HL:0C7C  AF:C792  SP:7FED  PC:0C57
0C58  06 10     MVI B,10    (3)  BC:8566  DE:58CA  HL:0C7C  AF:C792  SP:7FED  PC:0C58
0C5A  11 70 0C  LXI D,0C70  (3)  BC:1066  DE:58CA  HL:0C7C  AF:C792  SP:7FED  PC:0C5A
0C5D  21 BB 0D  LXI H,0DBB  (3)  BC:1066  DE:0C70  HL:0C7C  AF:C792  SP:7FED  PC:0C5D
0C60  1A        LDAX D      (3)  BC:1066  DE:0C70  HL:0DBB  AF:C792  SP:7FED  PC:0C60
0C61  13        INX D       (3)  BC:1066  DE:0C70  HL:0DBB  AF:A592  SP:7FED  PC:0C61
0C62  CD 7F 0D  CALL 0D7F   (3)  BC:1066  DE:0C71  HL:0DBB  AF:A592  SP:7FED  PC:0C62
0C65  05        DCR B       (3)  BC:1066  DE:0C71  HL:0DBB  AF:A592  SP:7FED  PC:0C65
0C66  C2 60 0C  JNZ 0C60    (3)  BC:0F66  DE:0C71  HL:0DBB  AF:A506  SP:7FED  PC:0C66
0C60  1A        LDAX D      (3)  BC:0F66  DE:0C71  HL:0DBB  AF:A506  SP:7FED  PC:0C60
0C61  13        INX D       (3)  BC:0F66  DE:0C71  HL:0DBB  AF:C406  SP:7FED  PC:0C61
0C62  CD 7F 0D  CALL 0D7F   (3)  BC:0F66  DE:0C72  HL:0DBB  AF:C406  SP:7FED  PC:0C62
0C65  05        DCR B       (3)  BC:0F66  DE:0C72  HL:0DBB  AF:C406  SP:7FED  PC:0C65
0C66  C2 60 0C  JNZ 0C60    (3)  BC:0E66  DE:0C72  HL:0DBB  AF:C412  SP:7FED  PC:0C66
0C60  1A        LDAX D      (3)  BC:0E66  DE:0C72  HL:0DBB  AF:C412  SP:7FED  PC:0C60
0C61  13        INX D       (3)  BC:0E66  DE:0C72  HL:0DBB  AF:1A12  SP:7FED  PC:0C61
0C62  CD 7F 0D  CALL 0D7F   (3)  BC:0E66  DE:0C73  HL:0DBB  AF:1A12  SP:7FED  PC:0C62
0C65  05        DCR B       (3)  BC:0E66  DE:0C73  HL:0DBB  AF:1A12  SP:7FED  PC:0C65
0C66  C2 60 0C  JNZ 0C60    (3)  BC:0D66  DE:0C73  HL:0DBB  AF:1A12  SP:7FED  PC:0C66
0C60  1A        LDAX D      (3)  BC:0D66  DE:0C73  HL:0DBB  AF:1A12  SP:7FED  PC:0C60
0C61  13        INX D       (3)  BC:0D66  DE:0C73  HL:0DBB  AF:3C12  SP:7FED  PC:0C61
0C62  CD 7F 0D  CALL 0D7F   (3)  BC:0D66  DE:0C74  HL:0DBB  AF:3C12  SP:7FED  PC:0C62
0C65  05        DCR B       (3)  BC:0D66  DE:0C74  HL:0DBB  AF:3C12  SP:7FED  PC:0C65
0C66  C2 60 0C  JNZ 0C60    (3)  BC:0C66  DE:0C74  HL:0DBB  AF:3C16  SP:7FED  PC:0C66
0C60  1A        LDAX D      (3)  BC:0C66  DE:0C74  HL:0DBB  AF:3C16  SP:7FED  PC:0C60
0C61  13        INX D       (3)  BC:0C66  DE:0C74  HL:0DBB  AF:1A16  SP:7FED  PC:0C61
0C62  CD 7F 0D  CALL 0D7F   (3)  BC:0C66  DE:0C75  HL:0DBB  AF:1A16  SP:7FED  PC:0C62
0C65  05        DCR B       (3)  BC:0C66  DE:0C75  HL:0DBB  AF:1A16  SP:7FED  PC:0C65
0C66  C2 60 0C  JNZ 0C60    (3)  BC:0B66  DE:0C75  HL:0DBB  AF:1A12  SP:7FED  PC:0C66
0C60  1A        LDAX D      (3)  BC:0B66  DE:0C75  HL:0DBB  AF:1A12  SP:7FED  PC:0C60
0C61  13        INX D       (3)  BC:0B66  DE:0C75  HL:0DBB  AF:3C12  SP:7FED  PC:0C61
0C62  CD 7F 0D  CALL 0D7F   (3)  BC:0B66  DE:0C76  HL:0DBB  AF:3C12  SP:7FED  PC:0C62
0C65  05        DCR B       (3)  BC:0B66  DE:0C76  HL:0DBB  AF:3C12  SP:7FED  PC:0C65
0C66  C2 60 0C  JNZ 0C60    (3)  BC:0A66  DE:0C76  HL:0DBB  AF:3C16  SP:7FED  PC:0C66
0C60  1A        LDAX D      (3)  BC:0A66  DE:0C76  HL:0DBB  AF:3C16  SP:7FED  PC:0C60
0C61  13        INX D       (3)  BC:0A66  DE:0C76  HL:0DBB  AF:1A16  SP:7FED  PC:0C61
0C62  CD 7F 0D  CALL 0D7F   (3)  BC:0A66  DE:0C77  HL:0DBB  AF:1A16  SP:7FED  PC:0C62
0C65  05        DCR B       (3)  BC:0A66  DE:0C77  HL:0DBB  AF:1A16  SP:7FED  PC:0C65
0C66  C2 60 0C  JNZ 0C60    (3)  BC:0966  DE:0C77  HL:0DBB  AF:1A16  SP:7FED  PC:0C66
0C60  1A        LDAX D      (3)  BC:0966  DE:0C77  HL:0DBB  AF:1A16  SP:7FED  PC:0C60
0C61  13        INX D       (3)  BC:0966  DE:0C77  HL:0DBB  AF:3C16  SP:7FED  PC:0C61
0C62  CD 7F 0D  CALL 0D7F   (3)  BC:0966  DE:0C78  HL:0DBB  AF:3C16  SP:7FED  PC:0C62
0C65  05        DCR B       (3)  BC:0966  DE:0C78  HL:0DBB  AF:3C16  SP:7FED  PC:0C65
0C66  C2 60 0C  JNZ 0C60    (3)  BC:0866  DE:0C78  HL:0DBB  AF:3C12  SP:7FED  PC:0C66
0C60  1A        LDAX D      (3)  BC:0866  DE:0C78  HL:0DBB  AF:3C12  SP:7FED  PC:0C60
0C61  13        INX D       (3)  BC:0866  DE:0C78  HL:0DBB  AF:CA12  SP:7FED  PC:0C61
0C62  CD 7F 0D  CALL 0D7F   (3)  BC:0866  DE:0C79  HL:0DBB  AF:CA12  SP:7FED  PC:0C62
0C65  05        DCR B       (3)  BC:0866  DE:0C79  HL:0DBB  AF:CA12  SP:7FED  PC:0C65
0C66  C2 60 0C  JNZ 0C60    (3)  BC:0766  DE:0C79  HL:0DBB  AF:CA12  SP:7FED  PC:0C66
0C60  1A        LDAX D      (3)  BC:0766  DE:0C79  HL:0DBB  AF:CA12  SP:7FED  PC:0C60
0C61  13        INX D       (3)  BC:0766  DE:0C79  HL:0DBB  AF:5812  SP:7FED  PC:0C61
0C62  CD 7F 0D  CALL 0D7F   (3)  BC:0766  DE:0C7A  HL:0DBB  AF:5812  SP:7FED  PC:0C62
0C65  05        DCR B       (3)  BC:0766  DE:0C7A  HL:0DBB  AF:5812  SP:7FED  PC:0C65
0C66  C2 60 0C  JNZ 0C60    (3)  BC:0666  DE:0C7A  HL:0DBB  AF:5816  SP:7FED  PC:0C66
0C60  1A        LDAX D      (3)  BC:0666  DE:0C7A  HL:0DBB  AF:5816  SP:7FED  PC:0C60
0C61  13        INX D       (3)  BC:0666  DE:0C7A  HL:0DBB  AF:6616  SP:7FED  PC:0C61
0C62  CD 7F 0D  CALL 0D7F   (3)  BC:0666  DE:0C7B  HL:0DBB  AF:6616  SP:7FED  PC:0C62
0C65  05        DCR B       (3)  BC:0666  DE:0C7B  HL:0DBB  AF:6616  SP:7FED  PC:0C65
0C66  C2 60 0C  JNZ 0C60    (3)  BC:0566  DE:0C7B  HL:0DBB  AF:6616  SP:7FED  PC:0C66
0C60  1A        LDAX D      (3)  BC:0566  DE:0C7B  HL:0DBB  AF:6616  SP:7FED  PC:0C60
0C61  13        INX D       (3)  BC:0566  DE:0C7B  HL:0DBB  AF:8516  SP:7FED  PC:0C61
0C62  CD 7F 0D  CALL 0D7F   (3)  BC:0566  DE:0C7C  HL:0DBB  AF:8516  SP:7FED  PC:0C62
0C65  05        DCR B       (3)  BC:0566  DE:0C7C  HL:0DBB  AF:8516  SP:7FED  PC:0C65
0C66  C2 60 0C  JNZ 0C60    (3)  BC:0466  DE:0C7C  HL:0DBB  AF:8512  SP:7FED  PC:0C66
0C60  1A        LDAX D      (3)  BC:0466  DE:0C7C  HL:0DBB  AF:8512  SP:7FED  PC:0C60
0C61  13        INX D       (3)  BC:0466  DE:0C7C  HL:0DBB  AF:C712  SP:7FED  PC:0C61
0C62  CD 7F 0D  CALL 0D7F   (3)  BC:0466  DE:0C7D  HL:0DBB  AF:C712  SP:7FED  PC:0C62
0C65  05        DCR B       (3)  BC:0466  DE:0C7D  HL:0DBB  AF:C712  SP:7FED  PC:0C65
0C66  C2 60 0C  JNZ 0C60    (3)  BC:0366  DE:0C7D  HL:0DBB  AF:C716  SP:7FED  PC:0C66
0C60  1A        LDAX D      (3)  BC:0366  DE:0C7D  HL:0DBB  AF:C716  SP:7FED  PC:0C60
0C61  13        INX D       (3)  BC:0366  DE:0C7D  HL:0DBB  AF:DE16  SP:7FED  PC:0C61
0C62  CD 7F 0D  CALL 0D7F   (3)  BC:0366  DE:0C7E  HL:0DBB  AF:DE16  SP:7FED  PC:0C62
0C65  05        DCR B       (3)  BC:0366  DE:0C7E  HL:0DBB  AF:DE16  SP:7FED  PC:0C65
0C66  C2 60 0C  JNZ 0C60    (3)  BC:0266  DE:0C7E  HL:0DBB  AF:DE12  SP:7FED  PC:0C66
0C60  1A        LDAX D      (3)  BC:0266  DE:0C7E  HL:0DBB  AF:DE12  SP:7FED  PC:0C60
0C61  13        INX D       (3)  BC:0266  DE:0C7E  HL:0DBB  AF:C912  SP:7FED  PC:0C61
0C62  CD 7F 0D  CALL 0D7F   (3)  BC:0266  DE:0C7F  HL:0DBB  AF:C912  SP:7FED  PC:0C62
0C65  05        DCR B       (3)  BC:0266  DE:0C7F  HL:0DBB  AF:C912  SP:7FED  PC:0C65
0C66  C2 60 0C  JNZ 0C60    (3)  BC:0166  DE:0C7F  HL:0DBB  AF:C912  SP:7FED  PC:0C66
0C60  1A        LDAX D      (3)  BC:0166  DE:0C7F  HL:0DBB  AF:C912  SP:7FED  PC:0C60
0C61  13        INX D       (3)  BC:0166  DE:0C7F  HL:0DBB  AF:9B12  SP:7FED  PC:0C61
0C62  CD 7F 0D  CALL 0D7F   (3)  BC:0166  DE:0C80  HL:0DBB  AF:9B12  SP:7FED  PC:0C62
0C65  05        DCR B       (3)  BC:0166  DE:0C80  HL:0DBB  AF:9B12  SP:7FED  PC:0C65
0C66  C2 60 0C  JNZ 0C60    (3)  BC:0066  DE:0C80  HL:0DBB  AF:9B56  SP:7FED  PC:0C66
0C69  E1        POP H       (3)  BC:0066  DE:0C80  HL:0DBB  AF:9B56  SP:7FED  PC:0C69
0C6A  D1        POP D       (3)  BC:0066  DE:0C80  HL:007B  AF:9B56  SP:7FEF  PC:0C6A
0C6B  C1        POP B       (3)  BC:0066  DE:0013  HL:007B  AF:9B56  SP:7FF1  PC:0C6B
0C6C  F1        POP PSW     (3)  BC:007B  DE:0013  HL:007B  AF:9B56  SP:7FF3  PC:0C6C
0C6D  C9        RET         (3)  BC:007B  DE:0013  HL:007B  AF:1907  SP:7FF5  PC:0C6D
0A17  CD 64 0B  CALL 0B64   (2)  BC:007B  DE:0013  HL:007B  AF:1907  SP:7FF7  PC:0A17
0B64  C5        PUSH B      (3)  BC:007B  DE:0013  HL:007B  AF:1907  SP:7FF5  PC:0B64
0B65  D5        PUSH D      (3)  BC:007B  DE:0013  HL:007B  AF:1907  SP:7FF3  PC:0B65
0B66  E5        PUSH H      (3)  BC:007B  DE:0013  HL:007B  AF:1907  SP:7FF1  PC:0B66
0B67  21 B5 0B  LXI H,0BB5  (3)  BC:007B  DE:0013  HL:007B  AF:1907  SP:7FEF  PC:0B67
0B6A  11 14 00  LXI D,0014  (3)  BC:007B  DE:0013  HL:0BB5  AF:1907  SP:7FEF  PC:0B6A
0B6D  EB        XCHG        (3)  BC:007B  DE:0014  HL:0BB5  AF:1907  SP:7FEF  PC:0B6D
0B6E  19        DAD D       (3)  BC:007B  DE:0BB5  HL:0014  AF:1907  SP:7FEF  PC:0B6E
0B6F  EB        XCHG        (3)  BC:007B  DE:0BB5  HL:0BC9  AF:1906  SP:7FEF  PC:0B6F
0B70  34        INR M       (3)  BC:007B  DE:0BC9  HL:0BB5  AF:1906  SP:7FEF  PC:0B70
0B71  7E        MOV A,M     (3)  BC:007B  DE:0BC9  HL:0BB5  AF:1906  SP:7FEF  PC:0B71
0B72  FE 00     CPI 00      (3)  BC:007B  DE:0BC9  HL:0BB5  AF:0C06  SP:7FEF  PC:0B72
0B74  CA 83 0B  JZ 0B83     (3)  BC:007B  DE:0BC9  HL:0BB5  AF:0C16  SP:7FEF  PC:0B74
0B77  47        MOV B,A     (3)  BC:007B  DE:0BC9  HL:0BB5  AF:0C16  SP:7FEF  PC:0B77
0B78  1A        LDAX D      (3)  BC:0C7B  DE:0BC9  HL:0BB5  AF:0C16  SP:7FEF  PC:0B78
0B79  A0        ANA B       (3)  BC:0C7B  DE:0BC9  HL:0BB5  AF:0016  SP:7FEF  PC:0B79
0B7A  CA 7F 0B  JZ 0B7F     (3)  BC:0C7B  DE:0BC9  HL:0BB5  AF:0056  SP:7FEF  PC:0B7A
0B7F  C1        POP B       (3)  BC:0C7B  DE:0BC9  HL:0BB5  AF:0056  SP:7FEF  PC:0B7F
0B80  D1        POP D       (3)  BC:007B  DE:0BC9  HL:0BB5  AF:0056  SP:7FF1  PC:0B80
0B81  E1        POP H       (3)  BC:007B  DE:0013  HL:0BB5  AF:0056  SP:7FF3  PC:0B81
0B82  C9        RET         (3)  BC:007B  DE:0013  HL:007B  AF:0056  SP:7FF5  PC:0B82
0A1A  C4 88 0B  CNZ 0B88    (2)  BC:007B  DE:0013  HL:007B  AF:0056  SP:7FF7  PC:0A1A
0A1D  E1        POP H       (2)  BC:007B  DE:0013  HL:007B  AF:0056  SP:7FF7  PC:0A1D
0A1E  CA 4D 0A  JZ 0A4D     (2)  BC:007B  DE:0013  HL:0067  AF:0056  SP:7FF9  PC:0A1E
0A4D  E5        PUSH H      (2)  BC:007B  DE:0013  HL:0067  AF:0056  SP:7FF9  PC:0A4D
0A4E  3E 01     MVI A,01    (2)  BC:007B  DE:0013  HL:0067  AF:0056  SP:7FF7  PC:0A4E
0A50  32 C3 0A  STA 0AC3    (2)  BC:007B  DE:0013  HL:0067  AF:0156  SP:7FF7  PC:0A50
0A53  32 E7 0A  STA 0AE7    (2)  BC:007B  DE:0013  HL:0067  AF:0156  SP:7FF7  PC:0A53
0A56  21 B5 0B  LXI H,0BB5  (2)  BC:007B  DE:0013  HL:0067  AF:0156  SP:7FF7  PC:0A56
0A59  22 C4 0A  SHLD 0AC4   (2)  BC:007B  DE:0013  HL:0BB5  AF:0156  SP:7FF7  PC:0A59
0A5C  21 DD 0B  LXI H,0BDD  (2)  BC:007B  DE:0013  HL:0BB5  AF:0156  SP:7FF7  PC:0A5C
0A5F  22 E8 0A  SHLD 0AE8   (2)  BC:007B  DE:0013  HL:0BDD  AF:0156  SP:7FF7  PC:0A5F
0A62  06 04     MVI B,04    (2)  BC:007B  DE:0013  HL:0BDD  AF:0156  SP:7FF7  PC:0A62
0A64  E1        POP H       (2)  BC:047B  DE:0013  HL:0BDD  AF:0156  SP:7FF7  PC:0A64
0A65  E5        PUSH H      (2)  BC:047B  DE:0013  HL:0067  AF:0156  SP:7FF9  PC:0A65
0A66  11 24 0C  LXI D,0C24  (2)  BC:047B  DE:0013  HL:0067  AF:0156  SP:7FF7  PC:0A66
0A69  CD 77 0A  CALL 0A77   (2)  BC:047B  DE:0C24  HL:0067  AF:0156  SP:7FF7  PC:0A69
0A77  CD 80 0A  CALL 0A80   (3)  BC:047B  DE:0C24  HL:0067  AF:0156  SP:7FF5  PC:0A77
0A7A  23        INX H       (3)  BC:047B  DE:0C25  HL:0067  AF:0956  SP:7FF5  PC:0A7A
0A7B  05        DCR B       (3)  BC:047B  DE:0C25  HL:0068  AF:0956  SP:7FF5  PC:0A7B
0A7C  C2 77 0A  JNZ 0A77    (3)  BC:037B  DE:0C25  HL:0068  AF:0916  SP:7FF5  PC:0A7C
0A77  CD 80 0A  CALL 0A80   (3)  BC:037B  DE:0C25  HL:0068  AF:0916  SP:7FF5  PC:0A77
0A7A  23        INX H       (3)  BC:037B  DE:0C26  HL:0068  AF:0056  SP:7FF5  PC:0A7A
0A7B  05        DCR B       (3)  BC:037B  DE:0C26  HL:0069  AF:0056  SP:7FF5  PC:0A7B
0A7C  C2 77 0A  JNZ 0A77    (3)  BC:027B  DE:0C26  HL:0069  AF:0012  SP:7FF5  PC:0A7C
0A77  CD 80 0A  CALL 0A80   (3)  BC:027B  DE:0C26  HL:0069  AF:0012  SP:7FF5  PC:0A77
0A7A  23        INX H       (3)  BC:027B  DE:0C27  HL:0069  AF:0056  SP:7FF5  PC:0A7A
0A7B  05        DCR B       (3)  BC:027B  DE:0C27  HL:006A  AF:0056  SP:7FF5  PC:0A7B
0A7C  C2 77 0A  JNZ 0A77    (3)  BC:017B  DE:0C27  HL:006A  AF:0012  SP:7FF5  PC:0A7C
0A77  CD 80 0A  CALL 0A80   (3)  BC:017B  DE:0C27  HL:006A  AF:0012  SP:7FF5  PC:0A77
0A7A  23        INX H       (3)  BC:017B  DE:0C28  HL:006A  AF:0056  SP:7FF5  PC:0A7A
0A7B  05        DCR B       (3)  BC:017B  DE:0C28  HL:006B  AF:0056  SP:7FF5  PC:0A7B
0A7C  C2 77 0A  JNZ 0A77    (3)  BC:007B  DE:0C28  HL:006B  AF:0056  SP:7FF5  PC:0A7C
0A7F  C9        RET         (3)  BC:007B  DE:0C28  HL:006B  AF:0056  SP:7FF5  PC:0A7F
0A6C  06 10     MVI B,10    (2)  BC:007B  DE:0C28  HL:006B  AF:0056  SP:7FF7  PC:0A6C
0A6E  11 03 00  LXI D,0003  (2)  BC:107B  DE:0C28  HL:006B  AF:0056  SP:7FF7  PC:0A6E
0A71  CD 77 0A  CALL 0A77   (2)  BC:107B  DE:0003  HL:006B  AF:0056  SP:7FF7  PC:0A71
0A77  CD 80 0A  CALL 0A80   (3)  BC:107B  DE:0003  HL:006B  AF:0056  SP:7FF5  PC:0A77
0A7A  23        INX H       (3)  BC:107B  DE:0004  HL:006B  AF:A556  SP:7FF5  PC:0A7A
0A7B  05        DCR B       (3)  BC:107B  DE:0004  HL:006C  AF:A556  SP:7FF5  PC:0A7B
0A7C  C2 77 0A  JNZ 0A77    (3)  BC:0F7B  DE:0004  HL:006C  AF:A506  SP:7FF5  PC:0A7C
0A77  CD 80 0A  CALL 0A80   (3)  BC:0F7B  DE:0004  HL:006C  AF:A506  SP:7FF5  PC:0A77
0A7A  23        INX H       (3)  BC:0F7B  DE:0005  HL:006C  AF:C456  SP:7FF5  PC:0A7A
0A7B  05        DCR B       (3)  BC:0F7B  DE:0005  HL:006D  AF:C456  SP:7FF5  PC:0A7B
0A7C  C2 77 0A  JNZ 0A77    (3)  BC:0E7B  DE:0005  HL:006D  AF:C412  SP:7FF5  PC:0A7C
0A77  CD 80 0A  CALL 0A80   (3)  BC:0E7B  DE:0005  HL:006D  AF:C412  SP:7FF5  PC:0A77
0A7A  23        INX H       (3)  BC:0E7B  DE:0006  HL:006D  AF:C756  SP:7FF5  PC:0A7A
0A7B  05        DCR B       (3)  BC:0E7B  DE:0006  HL:006E  AF:C756  SP:7FF5  PC:0A7B
0A7C  C2 77 0A  JNZ 0A77    (3)  BC:0D7B  DE:0006  HL:006E  AF:C712  SP:7FF5  PC:0A7C
0A77  CD 80 0A  CALL 0A80   (3)  BC:0D7B  DE:0006  HL:006E  AF:C712  SP:7FF5  PC:0A77
0A7A  23        INX H       (3)  BC:0D7B  DE:0007  HL:006E  AF:C456  SP:7FF5  PC:0A7A
0A7B  05        DCR B       (3)  BC:0D7B  DE:0007  HL:006F  AF:C456  SP:7FF5  PC:0A7B
0A7C  C2 77 0A  JNZ 0A77    (3)  BC:0C7B  DE:0007  HL:006F  AF:C416  SP:7FF5  PC:0A7C
0A77  CD 80 0A  CALL 0A80   (3)  BC:0C7B  DE:0007  HL:006F  AF:C416  SP:7FF5  PC:0A77
0A7A  23        INX H       (3)  BC:0C7B  DE:0008  HL:006F  AF:2656  SP:7FF5  PC:0A7A
0A7B  05        DCR B       (3)  BC:0C7B  DE:0008  HL:0070  AF:2656  SP:7FF5  PC:0A7B
0A7C  C2 77 0A  JNZ 0A77    (3)  BC:0B7B  DE:0008  HL:0070  AF:2612  SP:7FF5  PC:0A7C
0A77  CD 80 0A  CALL 0A80   (3)  BC:0B7B  DE:0008  HL:0070  AF:2612  SP:7FF5  PC:0A77
0A7A  23        INX H       (3)  BC:0B7B  DE:0009  HL:0070  AF:D256  SP:7FF5  PC:0A7A
0A7B  05        DCR B       (3)  BC:0B7B  DE:0009  HL:0071  AF:D256  SP:7FF5  PC:0A7B
0A7C  C2 77 0A  JNZ 0A77    (3)  BC:0A7B  DE:0009  HL:0071  AF:D216  SP:7FF5  PC:0A7C
0A77  CD 80 0A  CALL 0A80   (3)  BC:0A7B  DE:0009  HL:0071  AF:D216  SP:7FF5  PC:0A77
0A7A  23        INX H       (3)  BC:0A7B  DE:000A  HL:0071  AF:5157  SP:7FF5  PC:0A7A
0A7B  05        DCR B       (3)  BC:0A7B  DE:000A  HL:0072  AF:5157  SP:7FF5  PC:0A7B
0A7C  C2 77 0A  JNZ 0A77    (3)  BC:097B  DE:000A  HL:0072  AF:5117  SP:7FF5  PC:0A7C
0A77  CD 80 0A  CALL 0A80   (3)  BC:097B  DE:000A  HL:0072  AF:5117  SP:7FF5  PC:0A77
0A7A  23        INX H       (3)  BC:097B  DE:000B  HL:0072  AF:A057  SP:7FF5  PC:0A7A
0A7B  05        DCR B       (3)  BC:097B  DE:000B  HL:0073  AF:A057  SP:7FF5  PC:0A7B
0A7C  C2 77 0A  JNZ 0A77    (3)  BC:087B  DE:000B  HL:0073  AF:A013  SP:7FF5  PC:0A7C
0A77  CD 80 0A  CALL 0A80   (3)  BC:087B  DE:000B  HL:0073  AF:A013  SP:7FF5  PC:0A77
0A7A  23        INX H       (3)  BC:087B  DE:000C  HL:0073  AF:CB57  SP:7FF5  PC:0A7A
0A7B  05        DCR B       (3)  BC:087B  DE:000C  HL:0074  AF:CB57  SP:7FF5  PC:0A7B
0A7C  C2 77 0A  JNZ 0A77    (3)  BC:077B  DE:000C  HL:0074  AF:CB13  SP:7FF5  PC:0A7C
0A77  CD 80 0A  CALL 0A80   (3)  BC:077B  DE:000C  HL:0074  AF:CB13  SP:7FF5  PC:0A77
0A7A  23        INX H       (3)  BC:077B  DE:000D  HL:0074  AF:5857  SP:7FF5  PC:0A7A
0A7B  05        DCR B       (3)  BC:077B  DE:000D  HL:0075  AF:5857  SP:7FF5  PC:0A7B
0A7C  C2 77 0A  JNZ 0A77    (3)  BC:067B  DE:000D  HL:0075  AF:5817  SP:7FF5  PC:0A7C
0A77  CD 80 0A  CALL 0A80   (3)  BC:067B  DE:000D  HL:0075  AF:5817  SP:7FF5  PC:0A77
0A7A  23        INX H       (3)  BC:067B  DE:000E  HL:0075  AF:6657  SP:7FF5  PC:0A7A
0A7B  05        DCR B       (3)  BC:067B  DE:000E  HL:0076  AF:6657  SP:7FF5  PC:0A7B
0A7C  C2 77 0A  JNZ 0A77    (3)  BC:057B  DE:000E  HL:0076  AF:6617  SP:7FF5  PC:0A7C
0A77  CD 80 0A  CALL 0A80   (3)  BC:057B  DE:000E  HL:0076  AF:6617  SP:7FF5  PC:0A77
0A7A  23        INX H       (3)  BC:057B  DE:000F  HL:0076  AF:8557  SP:7FF5  PC:0A7A
0A7B  05        DCR B       (3)  BC:057B  DE:000F  HL:0077  AF:8557  SP:7FF5  PC:0A7B
0A7C  C2 77 0A  JNZ 0A77    (3)  BC:047B  DE:000F  HL:0077  AF:8513  SP:7FF5  PC:0A7C
0A77  CD 80 0A  CALL 0A80   (3)  BC:047B  DE:000F  HL:0077  AF:8513  SP:7FF5  PC:0A77
0A7A  23        INX H       (3)  BC:047B  DE:0010  HL:0077  AF:C657  SP:7FF5  PC:0A7A
0A7B  05        DCR B       (3)  BC:047B  DE:0010  HL:0078  AF:C657  SP:7FF5  PC:0A7B
0A7C  C2 77 0A  JNZ 0A77    (3)  BC:037B  DE:0010  HL:0078  AF:C617  SP:7FF5  PC:0A7C
0A77  CD 80 0A  CALL 0A80   (3)  BC:037B  DE:0010  HL:0078  AF:C617  SP:7FF5  PC:0A77
0A7A  23        INX H       (3)  BC:037B  DE:0011  HL:0078  AF:DE56  SP:7FF5  PC:0A7A
0A7B  05        DCR B       (3)  BC:037B  DE:0011  HL:0079  AF:DE56  SP:7FF5  PC:0A7B
0A7C  C2 77 0A  JNZ 0A77    (3)  BC:027B  DE:0011  HL:0079  AF:DE12  SP:7FF5  PC:0A7C
0A77  CD 80 0A  CALL 0A80   (3)  BC:027B  DE:0011  HL:0079  AF:DE12  SP:7FF5  PC:0A77
0A7A  23        INX H       (3)  BC:027B  DE:0012  HL:0079  AF:C957  SP:7FF5  PC:0A7A
0A7B  05        DCR B       (3)  BC:027B  DE:0012  HL:007A  AF:C957  SP:7FF5  PC:0A7B
0A7C  C2 77 0A  JNZ 0A77    (3)  BC:017B  DE:0012  HL:007A  AF:C913  SP:7FF5  PC:0A7C
0A77  CD 80 0A  CALL 0A80   (3)  BC:017B  DE:0012  HL:007A  AF:C913  SP:7FF5  PC:0A77
0A7A  23        INX H       (3)  BC:017B  DE:0013  HL:007A  AF:9B57  SP:7FF5  PC:0A7A
0A7B  05        DCR B       (3)  BC:017B  DE:0013  HL:007B  AF:9B57  SP:7FF5  PC:0A7B
0A7C  C2 77 0A  JNZ 0A77    (3)  BC:007B  DE:0013  HL:007B  AF:9B57  SP:7FF5  PC:0A7C
0A7F  C9        RET         (3)  BC:007B  DE:0013  HL:007B  AF:9B57  SP:7FF5  PC:0A7F
0A74  C3 00 0A  JMP 0A00    (2)  BC:007B  DE:0013  HL:007B  AF:9B57  SP:7FF7  PC:0A74
0A00  3A 24 0C  LDA 0C24    (2)  BC:007B  DE:0013  HL:007B  AF:9B57  SP:7FF7  PC:0A00
0A03  FE 76     CPI 76      (2)  BC:007B  DE:0013  HL:007B  AF:0957  SP:7FF7  PC:0A03
0A05  CA 17 0A  JZ 0A17     (2)  BC:007B  DE:0013  HL:007B  AF:0997  SP:7FF7  PC:0A05
0A08  E6 DF     ANI DF      (2)  BC:007B  DE:0013  HL:007B  AF:0997  SP:7FF7  PC:0A08
0A0A  FE DD     CPI DD      (2)  BC:007B  DE:0013  HL:007B  AF:0916  SP:7FF7  PC:0A0A
0A0C  C2 14 0A  JNZ 0A14    (2)  BC:007B  DE:0013  HL:007B  AF:0903  SP:7FF7  PC:0A0C
0A14  C4 05 0C  CNZ 0C05    (2)  BC:007B  DE:0013  HL:007B  AF:0903  SP:7FF7  PC:0A14
0C05  F5        PUSH PSW    (3)  BC:007B  DE:0013  HL:007B  AF:0903  SP:7FF5  PC:0C05
0C06  C5        PUSH B      (3)  BC:007B  DE:0013  HL:007B  AF:0903  SP:7FF3  PC:0C06
0C07  D5        PUSH D      (3)  BC:007B  DE:0013  HL:007B  AF:0903  SP:7FF1  PC:0C07
0C08  E5        PUSH H      (3)  BC:007B  DE:0013  HL:007B  AF:0903  SP:7FEF  PC:0C08
0C09  F3        DI          (3)  BC:007B  DE:0013  HL:007B  AF:0903  SP:7FED  PC:0C09
0C0A  21 00 00  LXI H,0000  (3)  BC:007B  DE:0013  HL:007B  AF:0903  SP:7FED  PC:0C0A
0C0D  39        DAD SP      (3)  BC:007B  DE:0013  HL:0000  AF:0903  SP:7FED  PC:0C0D
0C0E  22 80 0C  SHLD 0C80   (3)  BC:007B  DE:0013  HL:7FED  AF:0902  SP:7FED  PC:0C0E
0C11  31 05 00  LXI SP,0005 (3)  BC:007B  DE:0013  HL:7FED  AF:0902  SP:7FED  PC:0C11
0C14  E1        POP H       (3)  BC:007B  DE:0013  HL:7FED  AF:0902  SP:0005  PC:0C14
0C15  E1        POP H       (3)  BC:007B  DE:0013  HL:C4C7  AF:0902  SP:0007  PC:0C15
0C16  E1        POP H       (3)  BC:007B  DE:0013  HL:D226  AF:0902  SP:0009  PC:0C16
0C17  D1        POP D       (3)  BC:007B  DE:0013  HL:A051  AF:0902  SP:000B  PC:0C17
0C18  C1        POP B       (3)  BC:007B  DE:58CB  HL:A051  AF:0902  SP:000D  PC:0C18
0C19  F1        POP PSW     (3)  BC:8566  DE:58CB  HL:A051  AF:0902  SP:000F  PC:0C19
0C1A  22 6E 0C  SHLD 0C6E   (3)  BC:8566  DE:58CB  HL:A051  AF:DEC6  SP:0011  PC:0C1A
0C1D  2A 11 00  LHLD 0011   (3)  BC:8566  DE:58CB  HL:A051  AF:DEC6  SP:0011  PC:0C1D
0C20  F9        SPHL        (3)  BC:8566  DE:58CB  HL:9BC9  AF:DEC6  SP:0011  PC:0C20
0C21  2A 6E 0C  LHLD 0C6E   (3)  BC:8566  DE:58CB  HL:9BC9  AF:DEC6  SP:9BC9  PC:0C21
0C24  09        DAD B       (3)  BC:8566  DE:58CB  HL:A051  AF:DEC6  SP:9BC9  PC:0C24
0C25  00        NOP         (3)  BC:8566  DE:58CB  HL:25B7  AF:DEC7  SP:9BC9  PC:0C25
0C26  00        NOP         (3)  BC:8566  DE:58CB  HL:25B7  AF:DEC7  SP:9BC9  PC:0C26
0C27  00        NOP         (3)  BC:8566  DE:58CB  HL:25B7  AF:DEC7  SP:9BC9  PC:0C27
0C28  22 6E 0C  SHLD 0C6E   (3)  BC:8566  DE:58CB  HL:25B7  AF:DEC7  SP:9BC9  PC:0C28
0C2B  21 00 00  LXI H,0000  (3)  BC:8566  DE:58CB  HL:25B7  AF:DEC7  SP:9BC9  PC:0C2B
0C2E  DA 35 0C  JC 0C35     (3)  BC:8566  DE:58CB  HL:0000  AF:DEC7  SP:9BC9  PC:0C2E
0C35  39        DAD SP      (3)  BC:8566  DE:58CB  HL:0000  AF:DEC7  SP:9BC9  PC:0C35
0C36  37        STC         (3)  BC:8566  DE:58CB  HL:9BC9  AF:DEC6  SP:9BC9  PC:0C36
0C37  22 7E 0C  SHLD 0C7E   (3)  BC:8566  DE:58CB  HL:9BC9  AF:DEC7  SP:9BC9  PC:0C37
0C3A  2A 6E 0C  LHLD 0C6E   (3)  BC:8566  DE:58CB  HL:9BC9  AF:DEC7  SP:9BC9  PC:0C3A
0C3D  31 7E 0C  LXI SP,0C7E (3)  BC:8566  DE:58CB  HL:25B7  AF:DEC7  SP:9BC9  PC:0C3D
0C40  F5        PUSH PSW    (3)  BC:8566  DE:58CB  HL:25B7  AF:DEC7  SP:0C7E  PC:0C40
0C41  C5        PUSH B      (3)  BC:8566  DE:58CB  HL:25B7  AF:DEC7  SP:0C7C  PC:0C41
0C42  D5        PUSH D      (3)  BC:8566  DE:58CB  HL:25B7  AF:DEC7  SP:0C7A  PC:0C42
0C43  E5        PUSH H      (3)  BC:8566  DE:58CB  HL:25B7  AF:DEC7  SP:0C78  PC:0C43
0C44  E5        PUSH H      (3)  BC:8566  DE:58CB  HL:25B7  AF:DEC7  SP:0C76  PC:0C44
0C45  E5        PUSH H      (3)  BC:8566  DE:58CB  HL:25B7  AF:DEC7  SP:0C74  PC:0C45
0C46  2A 80 0C  LHLD 0C80   (3)  BC:8566  DE:58CB  HL:25B7  AF:DEC7  SP:0C72  PC:0C46
0C49  F9        SPHL        (3)  BC:8566  DE:58CB  HL:7FED  AF:DEC7  SP:0C72  PC:0C49
0C4A  FB        EI          (3)  BC:8566  DE:58CB  HL:7FED  AF:DEC7  SP:7FED  PC:0C4A
0C4B  2A 03 00  LHLD 0003   (3)  BC:8566  DE:58CB  HL:7FED  AF:DEC7  SP:7FED  PC:0C4B
0C4E  22 70 0C  SHLD 0C70   (3)  BC:8566  DE:58CB  HL:C4A5  AF:DEC7  SP:7FED  PC:0C4E
0C51  21 7C 0C  LXI H,0C7C  (3)  BC:8566  DE:58CB  HL:C4A5  AF:DEC7  SP:7FED  PC:0C51
0C54  7E        MOV A,M     (3)  BC:8566  DE:58CB  HL:0C7C  AF:DEC7  SP:7FED  PC:0C54
0C55  E6 FF     ANI FF      (3)  BC:8566  DE:58CB  HL:0C7C  AF:C7C7  SP:7FED  PC:0C55
0C57  77        MOV M,A     (3)  BC:8566  DE:58CB  HL:0C7C  AF:C792  SP:7FED  PC:0C57
0C58  06 10     MVI B,10    (3)  BC:8566  DE:58CB  HL:0C7C  AF:C792  SP:7FED  PC:0C58
0C5A  11 70 0C  LXI D,0C70  (3)  BC:1066  DE:58CB  HL:0C7C  AF:C792  SP:7FED  PC:0C5A
0C5D  21 BB 0D  LXI H,0DBB  (3)  BC:1066  DE:0C70  HL:0C7C  AF:C792  SP:7FED  PC:0C5D
0C60  1A        LDAX D      (3)  BC:1066  DE:0C70  HL:0DBB  AF:C792  SP:7FED  PC:0C60
0C61  13        INX D       (3)  BC:1066  DE:0C70  HL:0DBB  AF:A592  SP:7FED  PC:0C61
0C62  CD 7F 0D  CALL 0D7F   (3)  BC:1066  DE:0C71  HL:0DBB  AF:A592  SP:7FED  PC:0C62
0C65  05        DCR B       (3)  BC:1066  DE:0C71  HL:0DBB  AF:A592  SP:7FED  PC:0C65
0C66  C2 60 0C  JNZ 0C60    (3)  BC:0F66  DE:0C71  HL:0DBB  AF:A506  SP:7FED  PC:0C66
0C60  1A        LDAX D      (3)  BC:0F66  DE:0C71  HL:0DBB  AF:A506  SP:7FED  PC:0C60
0C61  13        INX D       (3)  BC:0F66  DE:0C71  HL:0DBB  AF:C406  SP:7FED  PC:0C61
0C62  CD 7F 0D  CALL 0D7F   (3)  BC:0F66  DE:0C72  HL:0DBB  AF:C406  SP:7FED  PC:0C62
0C65  05        DCR B       (3)  BC:0F66  DE:0C72  HL:0DBB  AF:C406  SP:7FED  PC:0C65
0C66  C2 60 0C  JNZ 0C60    (3)  BC:0E66  DE:0C72  HL:0DBB  AF:C412  SP:7FED  PC:0C66
0C60  1A        LDAX D      (3)  BC:0E66  DE:0C72  HL:0DBB  AF:C412  SP:7FED  PC:0C60
0C61  13        INX D       (3)  BC:0E66  DE:0C72  HL:0DBB  AF:B712  SP:7FED  PC:0C61
0C62  CD 7F 0D  CALL 0D7F   (3)  BC:0E66  DE:0C73  HL:0DBB  AF:B712  SP:7FED  PC:0C62
0C65  05        DCR B       (3)  BC:0E66  DE:0C73  HL:0DBB  AF:B712  SP:7FED  PC:0C65
0C66  C2 60 0C  JNZ 0C60    (3)  BC:0D66  DE:0C73  HL:0DBB  AF:B712  SP:7FED  PC:0C66
0C60  1A        LDAX D      (3)  BC:0D66  DE:0C73  HL:0DBB  AF:B712  SP:7FED  PC:0C60
0C61  13        INX D       (3)  BC:0D66  DE:0C73  HL:0DBB  AF:2512  SP:7FED  PC:0C61
0C62  CD 7F 0D  CALL 0D7F   (3)  BC:0D66  DE:0C74  HL:0DBB  AF:2512  SP:7FED  PC:0C62
0C65  05        DCR B       (3)  BC:0D66  DE:0C74  HL:0DBB  AF:2512  SP:7FED  PC:0C65
0C66  C2 60 0C  JNZ 0C60    (3)  BC:0C66  DE:0C74  HL:0DBB  AF:2516  SP:7FED  PC:0C66
0C60  1A        LDAX D      (3)  BC:0C66  DE:0C74  HL:0DBB  AF:2516  SP:7FED  PC:0C60
0C61  13        INX D       (3)  BC:0C66  DE:0C74  HL:0DBB  AF:B716  SP:7FED  PC:0C61
0C62  CD 7F 0D  CALL 0D7F   (3)  BC:0C66  DE:0C75  HL:0DBB  AF:B716  SP:7FED  PC:0C62
0C65  05        DCR B       (3)  BC:0C66  DE:0C75  HL:0DBB  AF:B716  SP:7FED  PC:0C65
0C66  C2 60 0C  JNZ 0C60    (3)  BC:0B66  DE:0C75  HL:0DBB  AF:B712  SP:7FED  PC:0C66
0C60  1A        LDAX D      (3)  BC:0B66  DE:0C75  HL:0DBB  AF:B712  SP:7FED  PC:0C60
0C61  13        INX D       (3)  BC:0B66  DE:0C75  HL:0DBB  AF:2512  SP:7FED  PC:0C61
0C62  CD 7F 0D  CALL 0D7F   (3)  BC:0B66  DE:0C76  HL:0DBB  AF:2512  SP:7FED  PC:0C62
0C65  05        DCR B       (3)  BC:0B66  DE:0C76  HL:0DBB  AF:2512  SP:7FED  PC:0C65
0C66  C2 60 0C  JNZ 0C60    (3)  BC:0A66  DE:0C76  HL:0DBB  AF:2516  SP:7FED  PC:0C66
0C60  1A        LDAX D      (3)  BC:0A66  DE:0C76  HL:0DBB  AF:2516  SP:7FED  PC:0C60
0C61  13        INX D       (3)  BC:0A66  DE:0C76  HL:0DBB  AF:B716  SP:7FED  PC:0C61
0C62  CD 7F 0D  CALL 0D7F   (3)  BC:0A66  DE:0C77  HL:0DBB  AF:B716  SP:7FED  PC:0C62
0C65  05        DCR B       (3)  BC:0A66  DE:0C77  HL:0DBB  AF:B716  SP:7FED  PC:0C65
0C66  C2 60 0C  JNZ 0C60    (3)  BC:0966  DE:0C77  HL:0DBB  AF:B716  SP:7FED  PC:0C66
0C60  1A        LDAX D      (3)  BC:0966  DE:0C77  HL:0DBB  AF:B716  SP:7FED  PC:0C60
0C61  13        INX D       (3)  BC:0966  DE:0C77  HL:0DBB  AF:2516  SP:7FED  PC:0C61
0C62  CD 7F 0D  CALL 0D7F   (3)  BC:0966  DE:0C78  HL:0DBB  AF:2516  SP:7FED  PC:0C62
0C65  05        DCR B       (3)  BC:0966  DE:0C78  HL:0DBB  AF:2516  SP:7FED  PC:0C65
0C66  C2 60 0C  JNZ 0C60    (3)  BC:0866  DE:0C78  HL:0DBB  AF:2512  SP:7FED  PC:0C66
0C60  1A        LDAX D      (3)  BC:0866  DE:0C78  HL:0DBB  AF:2512  SP:7FED  PC:0C60
0C61  13        INX D       (3)  BC:0866  DE:0C78  HL:0DBB  AF:CB12  SP:7FED  PC:0C61
0C62  CD 7F 0D  CALL 0D7F   (3)  BC:0866  DE:0C79  HL:0DBB  AF:CB12  SP:7FED  PC:0C62
0C65  05        DCR B       (3)  BC:0866  DE:0C79  HL:0DBB  AF:CB12  SP:7FED  PC:0C65
0C66  C2 60 0C  JNZ 0C60    (3)  BC:0766  DE:0C79  HL:0DBB  AF:CB12  SP:7FED  PC:0C66
0C60  1A        LDAX D      (3)  BC:0766  DE:0C79  HL:0DBB  AF:CB12  SP:7FED  PC:0C60
0C61  13        INX D       (3)  BC:0766  DE:0C79  HL:0DBB  AF:5812  SP:7FED  PC:0C61
0C62  CD 7F 0D  CALL 0D7F   (3)  BC:0766  DE:0C7A  HL:0DBB  AF:5812  SP:7FED  PC:0C62
0C65  05        DCR B       (3)  BC:0766  DE:0C7A  HL:0DBB  AF:5812  SP:7FED  PC:0C65
0C66  C2 60 0C  JNZ 0C60    (3)  BC:0666  DE:0C7A  HL:0DBB  AF:5816  SP:7FED  PC:0C66
0C60  1A        LDAX D      (3)  BC:0666  DE:0C7A  HL:0DBB  AF:5816  SP:7FED  PC:0C60
0C61  13        INX D       (3)  BC:0666  DE:0C7A  HL:0DBB  AF:6616  SP:7FED  PC:0C61
0C62  CD 7F 0D  CALL 0D7F   (3)  BC:0666  DE:0C7B  HL:0DBB  AF:6616  SP:7FED  PC:0C62
0C65  05        DCR B       (3)  BC:0666  DE:0C7B  HL:0DBB  AF:6616  SP:7FED  PC:0C65
0C66  C2 60 0C  JNZ 0C60    (3)  BC:0566  DE:0C7B  HL:0DBB  AF:6616  SP:7FED  PC:0C66
0C60  1A        LDAX D      (3)  BC:0566  DE:0C7B  HL:0DBB  AF:6616  SP:7FED  PC:0C60
0C61  13        INX D       (3)  BC:0566  DE:0C7B  HL:0DBB  AF:8516  SP:7FED  PC:0C61
0C62  CD 7F 0D  CALL 0D7F   (3)  BC:0566  DE:0C7C  HL:0DBB  AF:8516  SP:7FED  PC:0C62
0C65  05        DCR B       (3)  BC:0566  DE:0C7C  HL:0DBB  AF:8516  SP:7FED  PC:0C65
0C66  C2 60 0C  JNZ 0C60    (3)  BC:0466  DE:0C7C  HL:0DBB  AF:8512  SP:7FED  PC:0C66
0C60  1A        LDAX D      (3)  BC:0466  DE:0C7C  HL:0DBB  AF:8512  SP:7FED  PC:0C60
0C61  13        INX D       (3)  BC:0466  DE:0C7C  HL:0DBB  AF:C712  SP:7FED  PC:0C61
0C62  CD 7F 0D  CALL 0D7F   (3)  BC:0466  DE:0C7D  HL:0DBB  AF:C712  SP:7FED  PC:0C62
0C65  05        DCR B       (3)  BC:0466  DE:0C7D  HL:0DBB  AF:C712  SP:7FED  PC:0C65
0C66  C2 60 0C  JNZ 0C60    (3)  BC:0366  DE:0C7D  HL:0DBB  AF:C716  SP:7FED  PC:0C66
0C60  1A        LDAX D      (3)  BC:0366  DE:0C7D  HL:0DBB  AF:C716  SP:7FED  PC:0C60
0C61  13        INX D       (3)  BC:0366  DE:0C7D  HL:0DBB  AF:DE16  SP:7FED  PC:0C61
0C62  CD 7F 0D  CALL 0D7F   (3)  BC:0366  DE:0C7E  HL:0DBB  AF:DE16  SP:7FED  PC:0C62
0C65  05        DCR B       (3)  BC:0366  DE:0C7E  HL:0DBB  AF:DE16  SP:7FED  PC:0C65
0C66  C2 60 0C  JNZ 0C60    (3)  BC:0266  DE:0C7E  HL:0DBB  AF:DE12  SP:7FED  PC:0C66
0C60  1A        LDAX D      (3)  BC:0266  DE:0C7E  HL:0DBB  AF:DE12  SP:7FED  PC:0C60
0C61  13        INX D       (3)  BC:0266  DE:0C7E  HL:0DBB  AF:C912  SP:7FED  PC:0C61
0C62  CD 7F 0D  CALL 0D7F   (3)  BC:0266  DE:0C7F  HL:0DBB  AF:C912  SP:7FED  PC:0C62
0C65  05        DCR B       (3)  BC:0266  DE:0C7F  HL:0DBB  AF:C912  SP:7FED  PC:0C65
0C66  C2 60 0C  JNZ 0C60    (3)  BC:0166  DE:0C7F  HL:0DBB  AF:C912  SP:7FED  PC:0C66
0C60  1A        LDAX D      (3)  BC:0166  DE:0C7F  HL:0DBB  AF:C912  SP:7FED  PC:0C60
0C61  13        INX D       (3)  BC:0166  DE:0C7F  HL:0DBB  AF:9B12  SP:7FED  PC:0C61
0C62  CD 7F 0D  CALL 0D7F   (3)  BC:0166  DE:0C80  HL:0DBB  AF:9B12  SP:7FED  PC:0C62
0C65  05        DCR B       (3)  BC:0166  DE:0C80  HL:0DBB  AF:9B12  SP:7FED  PC:0C65
0C66  C2 60 0C  JNZ 0C60    (3)  BC:0066  DE:0C80  HL:0DBB  AF:9B56  SP:7FED  PC:0C66
0C69  E1        POP H       (3)  BC:0066  DE:0C80  HL:0DBB  AF:9B56  SP:7FED  PC:0C69
0C6A  D1        POP D       (3)  BC:0066  DE:0C80  HL:007B  AF:9B56  SP:7FEF  PC:0C6A
0C6B  C1        POP B       (3)  BC:0066  DE:0013  HL:007B  AF:9B56  SP:7FF1  PC:0C6B
0C6C  F1        POP PSW     (3)  BC:007B  DE:0013  HL:007B  AF:9B56  SP:7FF3  PC:0C6C
0C6D  C9        RET         (3)  BC:007B  DE:0013  HL:007B  AF:0903  SP:7FF5  PC:0C6D
0A17  CD 64 0B  CALL 0B64   (2)  BC:007B  DE:0013  HL:007B  AF:0903  SP:7FF7  PC:0A17
0B64  C5        PUSH B      (3)  BC:007B  DE:0013  HL:007B  AF:0903  SP:7FF5  PC:0B64
0B65  D5        PUSH D      (3)  BC:007B  DE:0013  HL:007B  AF:0903  SP:7FF3  PC:0B65
0B66  E5        PUSH H      (3)  BC:007B  DE:0013  HL:007B  AF:0903  SP:7FF1  PC:0B66
0B67  21 B5 0B  LXI H,0BB5  (3)  BC:007B  DE:0013  HL:007B  AF:0903  SP:7FEF  PC:0B67
0B6A  11 14 00  LXI D,0014  (3)  BC:007B  DE:0013  HL:0BB5  AF:0903  SP:7FEF  PC:0B6A
0B6D  EB        XCHG        (3)  BC:007B  DE:0014  HL:0BB5  AF:0903  SP:7FEF  PC:0B6D
0B6E  19        DAD D       (3)  BC:007B  DE:0BB5  HL:0014  AF:0903  SP:7FEF  PC:0B6E
0B6F  EB        XCHG        (3)  BC:007B  DE:0BB5  HL:0BC9  AF:0902  SP:7FEF  PC:0B6F
0B70  34        INR M       (3)  BC:007B  DE:0BC9  HL:0BB5  AF:0902  SP:7FEF  PC:0B70
0B71  7E        MOV A,M     (3)  BC:007B  DE:0BC9  HL:0BB5  AF:0902  SP:7FEF  PC:0B71
0B72  FE 00     CPI 00      (3)  BC:007B  DE:0BC9  HL:0BB5  AF:0D02  SP:7FEF  PC:0B72
0B74  CA 83 0B  JZ 0B83     (3)  BC:007B  DE:0BC9  HL:0BB5  AF:0D12  SP:7FEF  PC:0B74
0B77  47        MOV B,A     (3)  BC:007B  DE:0BC9  HL:0BB5  AF:0D12  SP:7FEF  PC:0B77
0B78  1A        LDAX D      (3)  BC:0D7B  DE:0BC9  HL:0BB5  AF:0D12  SP:7FEF  PC:0B78
0B79  A0        ANA B       (3)  BC:0D7B  DE:0BC9  HL:0BB5  AF:0012  SP:7FEF  PC:0B79
0B7A  CA 7F 0B  JZ 0B7F     (3)  BC:0D7B  DE:0BC9  HL:0BB5  AF:0056  SP:7FEF  PC:0B7A
0B7F  C1        POP B       (3)  BC:0D7B  DE:0BC9  HL:0BB5  AF:0056  SP:7FEF  PC:0B7F
0B80  D1        POP D       (3)  BC:007B  DE:0BC9  HL:0BB5  AF:0056  SP:7FF1  PC:0B80
0B81  E1        POP H       (3)  BC:007B  DE:0013  HL:0BB5  AF:0056  SP:7FF3  PC:0B81
0B82  C9        RET         (3)  BC:007B  DE:0013  HL:007B  AF:0056  SP:7FF5  PC:0B82
0A1A  C4 88 0B  CNZ 0B88    (2)  BC:007B  DE:0013  HL:007B  AF:0056  SP:7FF7  PC:0A1A
0A1D  E1        POP H       (2)  BC:007B  DE:0013  HL:007B  AF:0056  SP:7FF7  PC:0A1D
0A1E  CA 4D 0A  JZ 0A4D     (2)  BC:007B  DE:0013  HL:0067  AF:0056  SP:7FF9  PC:0A1E
0A4D  E5        PUSH H      (2)  BC:007B  DE:0013  HL:0067  AF:0056  SP:7FF9  PC:0A4D
0A4E  3E 01     MVI A,01    (2)  BC:007B  DE:0013  HL:0067  AF:0056  SP:7FF7  PC:0A4E
0A50  32 C3 0A  STA 0AC3    (2)  BC:007B  DE:0013  HL:0067  AF:0156  SP:7FF7  PC:0A50
0A53  32 E7 0A  STA 0AE7    (2)  BC:007B  DE:0013  HL:0067  AF:0156  SP:7FF7  PC:0A53
0A56  21 B5 0B  LXI H,0BB5  (2)  BC:007B  DE:0013  HL:0067  AF:0156  SP:7FF7  PC:0A56
0A59  22 C4 0A  SHLD 0AC4   (2)  BC:007B  DE:0013  HL:0BB5  AF:0156  SP:7FF7  PC:0A59
0A5C  21 DD 0B  LXI H,0BDD  (2)  BC:007B  DE:0013  HL:0BB5  AF:0156  SP:7FF7  PC:0A5C
0A5F  22 E8 0A  SHLD 0AE8   (2)  BC:007B  DE:0013  HL:0BDD  AF:0156  SP:7FF7  PC:0A5F
0A62  06 04     MVI B,04    (2)  BC:007B  DE:0013  HL:0BDD  AF:0156  SP:7FF7  PC:0A62
0A64  E1        POP H       (2)  BC:047B  DE:0013  HL:0BDD  AF:0156  SP:7FF7  PC:0A64
0A65  E5        PUSH H      (2)  BC:047B  DE:0013  HL:0067  AF:0156  SP:7FF9  PC:0A65
0A66  11 24 0C  LXI D,0C24  (2)  BC:047B  DE:0013  HL:0067  AF:0156  SP:7FF7  PC:0A66
0A69  CD 77 0A  CALL 0A77   (2)  BC:047B  DE:0C24  HL:0067  AF:0156  SP:7FF7  PC:0A69
0A77  CD 80 0A  CALL 0A80   (3)  BC:047B  DE:0C24  HL:0067  AF:0156  SP:7FF5  PC:0A77
0A7A  23        INX H       (3)  BC:047B  DE:0C25  HL:0067  AF:1956  SP:7FF5  PC:0A7A
0A7B  05        DCR B       (3)  BC:047B  DE:0C25  HL:0068  AF:1956  SP:7FF5  PC:0A7B
0A7C  C2 77 0A  JNZ 0A77    (3)  BC:037B  DE:0C25  HL:0068  AF:1916  SP:7FF5  PC:0A7C
0A77  CD 80 0A  CALL 0A80   (3)  BC:037B  DE:0C25  HL:0068  AF:1916  SP:7FF5  PC:0A77
0A7A  23        INX H       (3)  BC:037B  DE:0C26  HL:0068  AF:0056  SP:7FF5  PC:0A7A
0A7B  05        DCR B       (3)  BC:037B  DE:0C26  HL:0069  AF:0056  SP:7FF5  PC:0A7B
0A7C  C2 77 0A  JNZ 0A77    (3)  BC:027B  DE:0C26  HL:0069  AF:0012  SP:7FF5  PC:0A7C
0A77  CD 80 0A  CALL 0A80   (3)  BC:027B  DE:0C26  HL:0069  AF:0012  SP:7FF5  PC:0A77
0A7A  23        INX H       (3)  BC:027B  DE:0C27  HL:0069  AF:0056  SP:7FF5  PC:0A7A
0A7B  05        DCR B       (3)  BC:027B  DE:0C27  HL:006A  AF:0056  SP:7FF5  PC:0A7B
0A7C  C2 77 0A  JNZ 0A77    (3)  BC:017B  DE:0C27  HL:006A  AF:0012  SP:7FF5  PC:0A7C
0A77  CD 80 0A  CALL 0A80   (3)  BC:017B  DE:0C27  HL:006A  AF:0012  SP:7FF5  PC:0A77
0A7A  23        INX H       (3)  BC:017B  DE:0C28  HL:006A  AF:0056  SP:7FF5  PC:0A7A
0A7B  05        DCR B       (3)  BC:017B  DE:0C28  HL:006B  AF:0056  SP:7FF5  PC:0A7B
0A7C  C2 77 0A  JNZ 0A77    (3)  BC:007B  DE:0C28  HL:006B  AF:0056  SP:7FF5  PC:0A7C
0A7F  C9        RET         (3)  BC:007B  DE:0C28  HL:006B  AF:0056  SP:7FF5  PC:0A7F
0A6C  06 10     MVI B,10    (2)  BC:007B  DE:0C28  HL:006B  AF:0056  SP:7FF7  PC:0A6C
0A6E  11 03 00  LXI D,0003  (2)  BC:107B  DE:0C28  HL:006B  AF:0056  SP:7FF7  PC:0A6E
0A71  CD 77 0A  CALL 0A77   (2)  BC:107B  DE:0003  HL:006B  AF:0056  SP:7FF7  PC:0A71
0A77  CD 80 0A  CALL 0A80   (3)  BC:107B  DE:0003  HL:006B  AF:0056  SP:7FF5  PC:0A77
0A7A  23        INX H       (3)  BC:107B  DE:0004  HL:006B  AF:A556  SP:7FF5  PC:0A7A
0A7B  05        DCR B       (3)  BC:107B  DE:0004  HL:006C  AF:A556  SP:7FF5  PC:0A7B
0A7C  C2 77 0A  JNZ 0A77    (3)  BC:0F7B  DE:0004  HL:006C  AF:A506  SP:7FF5  PC:0A7C
0A77  CD 80 0A  CALL 0A80   (3)  BC:0F7B  DE:0004  HL:006C  AF:A506  SP:7FF5  PC:0A77
0A7A  23        INX H       (3)  BC:0F7B  DE:0005  HL:006C  AF:C456  SP:7FF5  PC:0A7A
0A7B  05        DCR B       (3)  BC:0F7B  DE:0005  HL:006D  AF:C456  SP:7FF5  PC:0A7B
0A7C  C2 77 0A  JNZ 0A77    (3)  BC:0E7B  DE:0005  HL:006D  AF:C412  SP:7FF5  PC:0A7C
0A77  CD 80 0A  CALL 0A80   (3)  BC:0E7B  DE:0005  HL:006D  AF:C412  SP:7FF5  PC:0A77
0A7A  23        INX H       (3)  BC:0E7B  DE:0006  HL:006D  AF:C756  SP:7FF5  PC:0A7A
0A7B  05        DCR B       (3)  BC:0E7B  DE:0006  HL:006E  AF:C756  SP:7FF5  PC:0A7B
0A7C  C2 77 0A  JNZ 0A77    (3)  BC:0D7B  DE:0006  HL:006E  AF:C712  SP:7FF5  PC:0A7C
0A77  CD 80 0A  CALL 0A80   (3)  BC:0D7B  DE:0006  HL:006E  AF:C712  SP:7FF5  PC:0A77
0A7A  23        INX H       (3)  BC:0D7B  DE:0007  HL:006E  AF:C456  SP:7FF5  PC:0A7A
0A7B  05        DCR B       (3)  BC:0D7B  DE:0007  HL:006F  AF:C456  SP:7FF5  PC:0A7B
0A7C  C2 77 0A  JNZ 0A77    (3)  BC:0C7B  DE:0007  HL:006F  AF:C416  SP:7FF5  PC:0A7C
0A77  CD 80 0A  CALL 0A80   (3)  BC:0C7B  DE:0007  HL:006F  AF:C416  SP:7FF5  PC:0A77
0A7A  23        INX H       (3)  BC:0C7B  DE:0008  HL:006F  AF:2656  SP:7FF5  PC:0A7A
0A7B  05        DCR B       (3)  BC:0C7B  DE:0008  HL:0070  AF:2656  SP:7FF5  PC:0A7B
0A7C  C2 77 0A  JNZ 0A77    (3)  BC:0B7B  DE:0008  HL:0070  AF:2612  SP:7FF5  PC:0A7C
0A77  CD 80 0A  CALL 0A80   (3)  BC:0B7B  DE:0008  HL:0070  AF:2612  SP:7FF5  PC:0A77
0A7A  23        INX H       (3)  BC:0B7B  DE:0009  HL:0070  AF:D256  SP:7FF5  PC:0A7A
0A7B  05        DCR B       (3)  BC:0B7B  DE:0009  HL:0071  AF:D256  SP:7FF5  PC:0A7B
0A7C  C2 77 0A  JNZ 0A77    (3)  BC:0A7B  DE:0009  HL:0071  AF:D216  SP:7FF5  PC:0A7C
0A77  CD 80 0A  CALL 0A80   (3)  BC:0A7B  DE:0009  HL:0071  AF:D216  SP:7FF5  PC:0A77
0A7A  23        INX H       (3)  BC:0A7B  DE:000A  HL:0071  AF:5157  SP:7FF5  PC:0A7A
0A7B  05        DCR B       (3)  BC:0A7B  DE:000A  HL:0072  AF:5157  SP:7FF5  PC:0A7B
0A7C  C2 77 0A  JNZ 0A77    (3)  BC:097B  DE:000A  HL:0072  AF:5117  SP:7FF5  PC:0A7C
0A77  CD 80 0A  CALL 0A80   (3)  BC:097B  DE:000A  HL:0072  AF:5117  SP:7FF5  PC:0A77
0A7A  23        INX H       (3)  BC:097B  DE:000B  HL:0072  AF:A057  SP:7FF5  PC:0A7A
0A7B  05        DCR B       (3)  BC:097B  DE:000B  HL:0073  AF:A057  SP:7FF5  PC:0A7B
0A7C  C2 77 0A  JNZ 0A77    (3)  BC:087B  DE:000B  HL:0073  AF:A013  SP:7FF5  PC:0A7C
0A77  CD 80 0A  CALL 0A80   (3)  BC:087B  DE:000B  HL:0073  AF:A013  SP:7FF5  PC:0A77
0A7A  23        INX H       (3)  BC:087B  DE:000C  HL:0073  AF:CB57  SP:7FF5  PC:0A7A
0A7B  05        DCR B       (3)  BC:087B  DE:000C  HL:0074  AF:CB57  SP:7FF5  PC:0A7B
0A7C  C2 77 0A  JNZ 0A77    (3)  BC:077B  DE:000C  HL:0074  AF:CB13  SP:7FF5  PC:0A7C
0A77  CD 80 0A  CALL 0A80   (3)  BC:077B  DE:000C  HL:0074  AF:CB13  SP:7FF5  PC:0A77
0A7A  23        INX H       (3)  BC:077B  DE:000D  HL:0074  AF:5857  SP:7FF5  PC:0A7A
0A7B  05        DCR B       (3)  BC:077B  DE:000D  HL:0075  AF:5857  SP:7FF5  PC:0A7B
0A7C  C2 77 0A  JNZ 0A77    (3)  BC:067B  DE:000D  HL:0075  AF:5817  SP:7FF5  PC:0A7C
0A77  CD 80 0A  CALL 0A80   (3)  BC:067B  DE:000D  HL:0075  AF:5817  SP:7FF5  PC:0A77
0A7A  23        INX H       (3)  BC:067B  DE:000E  HL:0075  AF:6657  SP:7FF5  PC:0A7A
0A7B  05        DCR B       (3)  BC:067B  DE:000E  HL:0076  AF:6657  SP:7FF5  PC:0A7B
0A7C  C2 77 0A  JNZ 0A77    (3)  BC:057B  DE:000E  HL:0076  AF:6617  SP:7FF5  PC:0A7C
0A77  CD 80 0A  CALL 0A80   (3)  BC:057B  DE:000E  HL:0076  AF:6617  SP:7FF5  PC:0A77
0A7A  23        INX H       (3)  BC:057B  DE:000F  HL:0076  AF:8557  SP:7FF5  PC:0A7A
0A7B  05        DCR B       (3)  BC:057B  DE:000F  HL:0077  AF:8557  SP:7FF5  PC:0A7B
0A7C  C2 77 0A  JNZ 0A77    (3)  BC:047B  DE:000F  HL:0077  AF:8513  SP:7FF5  PC:0A7C
0A77  CD 80 0A  CALL 0A80   (3)  BC:047B  DE:000F  HL:0077  AF:8513  SP:7FF5  PC:0A77
0A7A  23        INX H       (3)  BC:047B  DE:0010  HL:0077  AF:C657  SP:7FF5  PC:0A7A
0A7B  05        DCR B       (3)  BC:047B  DE:0010  HL:0078  AF:C657  SP:7FF5  PC:0A7B
0A7C  C2 77 0A  JNZ 0A77    (3)  BC:037B  DE:0010  HL:0078  AF:C617  SP:7FF5  PC:0A7C
0A77  CD 80 0A  CALL 0A80   (3)  BC:037B  DE:0010  HL:0078  AF:C617  SP:7FF5  PC:0A77
0A7A  23        INX H       (3)  BC:037B  DE:0011  HL:0078  AF:DE56  SP:7FF5  PC:0A7A
0A7B  05        DCR B       (3)  BC:037B  DE:0011  HL:0079  AF:DE56  SP:7FF5  PC:0A7B
0A7C  C2 77 0A  JNZ 0A77    (3)  BC:027B  DE:0011  HL:0079  AF:DE12  SP:7FF5  PC:0A7C
0A77  CD 80 0A  CALL 0A80   (3)  BC:027B  DE:0011  HL:0079  AF:DE12  SP:7FF5  PC:0A77
0A7A  23        INX H       (3)  BC:027B  DE:0012  HL:0079  AF:C957  SP:7FF5  PC:0A7A
0A7B  05        DCR B       (3)  BC:027B  DE:0012  HL:007A  AF:C957  SP:7FF5  PC:0A7B
0A7C  C2 77 0A  JNZ 0A77    (3)  BC:017B  DE:0012  HL:007A  AF:C913  SP:7FF5  PC:0A7C
0A77  CD 80 0A  CALL 0A80   (3)  BC:017B  DE:0012  HL:007A  AF:C913  SP:7FF5  PC:0A77
0A7A  23        INX H       (3)  BC:017B  DE:0013  HL:007A  AF:9B57  SP:7FF5  PC:0A7A
0A7B  05        DCR B       (3)  BC:017B  DE:0013  HL:007B  AF:9B57  SP:7FF5  PC:0A7B
0A7C  C2 77 0A  JNZ 0A77    (3)  BC:007B  DE:0013  HL:007B  AF:9B57  SP:7FF5  PC:0A7C
0A7F  C9        RET         (3)  BC:007B  DE:0013  HL:007B  AF:9B57  SP:7FF5  PC:0A7F
0A74  C3 00 0A  JMP 0A00    (2)  BC:007B  DE:0013  HL:007B  AF:9B57  SP:7FF7  PC:0A74
0A00  3A 24 0C  LDA 0C24    (2)  BC:007B  DE:0013  HL:007B  AF:9B57  SP:7FF7  PC:0A00
0A03  FE 76     CPI 76      (2)  BC:007B  DE:0013  HL:007B  AF:1957  SP:7FF7  PC:0A03
0A05  CA 17 0A  JZ 0A17     (2)  BC:007B  DE:0013  HL:007B  AF:1997  SP:7FF7  PC:0A05
0A08  E6 DF     ANI DF      (2)  BC:007B  DE:0013  HL:007B  AF:1997  SP:7FF7  PC:0A08
0A0A  FE DD     CPI DD      (2)  BC:007B  DE:0013  HL:007B  AF:1912  SP:7FF7  PC:0A0A
0A0C  C2 14 0A  JNZ 0A14    (2)  BC:007B  DE:0013  HL:007B  AF:1907  SP:7FF7  PC:0A0C
0A14  C4 05 0C  CNZ 0C05    (2)  BC:007B  DE:0013  HL:007B  AF:1907  SP:7FF7  PC:0A14
0C05  F5        PUSH PSW    (3)  BC:007B  DE:0013  HL:007B  AF:1907  SP:7FF5  PC:0C05
0C06  C5        PUSH B      (3)  BC:007B  DE:0013  HL:007B  AF:1907  SP:7FF3  PC:0C06
0C07  D5        PUSH D      (3)  BC:007B  DE:0013  HL:007B  AF:1907  SP:7FF1  PC:0C07
0C08  E5        PUSH H      (3)  BC:007B  DE:0013  HL:007B  AF:1907  SP:7FEF  PC:0C08
0C09  F3        DI          (3)  BC:007B  DE:0013  HL:007B  AF:1907  SP:7FED  PC:0C09
0C0A  21 00 00  LXI H,0000  (3)  BC:007B  DE:0013  HL:007B  AF:1907  SP:7FED  PC:0C0A
0C0D  39        DAD SP      (3)  BC:007B  DE:0013  HL:0000  AF:1907  SP:7FED  PC:0C0D
0C0E  22 80 0C  SHLD 0C80   (3)  BC:007B  DE:0013  HL:7FED  AF:1906  SP:7FED  PC:0C0E
0C11  31 05 00  LXI SP,0005 (3)  BC:007B  DE:0013  HL:7FED  AF:1906  SP:7FED  PC:0C11
0C14  E1        POP H       (3)  BC:007B  DE:0013  HL:7FED  AF:1906  SP:0005  PC:0C14
0C15  E1        POP H       (3)  BC:007B  DE:0013  HL:C4C7  AF:1906  SP:0007  PC:0C15
0C16  E1        POP H       (3)  BC:007B  DE:0013  HL:D226  AF:1906  SP:0009  PC:0C16
0C17  D1        POP D       (3)  BC:007B  DE:0013  HL:A051  AF:1906  SP:000B  PC:0C17
0C18  C1        POP B       (3)  BC:007B  DE:58CB  HL:A051  AF:1906  SP:000D  PC:0C18
0C19  F1        POP PSW     (3)  BC:8566  DE:58CB  HL:A051  AF:1906  SP:000F  PC:0C19
0C1A  22 6E 0C  SHLD 0C6E   (3)  BC:8566  DE:58CB  HL:A051  AF:DEC6  SP:0011  PC:0C1A
0C1D  2A 11 00  LHLD 0011   (3)  BC:8566  DE:58CB  HL:A051  AF:DEC6  SP:0011  PC:0C1D
0C20  F9        SPHL        (3)  BC:8566  DE:58CB  HL:9BC9  AF:DEC6  SP:0011  PC:0C20
0C21  2A 6E 0C  LHLD 0C6E   (3)  BC:8566  DE:58CB  HL:9BC9  AF:DEC6  SP:9BC9  PC:0C21
0C24  19        DAD D       (3)  BC:8566  DE:58CB  HL:A051  AF:DEC6  SP:9BC9  PC:0C24
0C25  00        NOP         (3)  BC:8566  DE:58CB  HL:F91C  AF:DEC6  SP:9BC9  PC:0C25
0C26  00        NOP         (3)  BC:8566  DE:58CB  HL:F91C  AF:DEC6  SP:9BC9  PC:0C26
0C27  00        NOP         (3)  BC:8566  DE:58CB  HL:F91C  AF:DEC6  SP:9BC9  PC:0C27
0C28  22 6E 0C  SHLD 0C6E   (3)  BC:8566  DE:58CB  HL:F91C  AF:DEC6  SP:9BC9  PC:0C28
0C2B  21 00 00  LXI H,0000  (3)  BC:8566  DE:58CB  HL:F91C  AF:DEC6  SP:9BC9  PC:0C2B
0C2E  DA 35 0C  JC 0C35     (3)  BC:8566  DE:58CB  HL:0000  AF:DEC6  SP:9BC9  PC:0C2E
0C31  39        DAD SP      (3)  BC:8566  DE:58CB  HL:0000  AF:DEC6  SP:9BC9  PC:0C31
0C32  C3 37 0C  JMP 0C37    (3)  BC:8566  DE:58CB  HL:9BC9  AF:DEC6  SP:9BC9  PC:0C32
0C37  22 7E 0C  SHLD 0C7E   (3)  BC:8566  DE:58CB  HL:9BC9  AF:DEC6  SP:9BC9  PC:0C37
0C3A  2A 6E 0C  LHLD 0C6E   (3)  BC:8566  DE:58CB  HL:9BC9  AF:DEC6  SP:9BC9  PC:0C3A
0C3D  31 7E 0C  LXI SP,0C7E (3)  BC:8566  DE:58CB  HL:F91C  AF:DEC6  SP:9BC9  PC:0C3D
0C40  F5        PUSH PSW    (3)  BC:8566  DE:58CB  HL:F91C  AF:DEC6  SP:0C7E  PC:0C40
0C41  C5        PUSH B      (3)  BC:8566  DE:58CB  HL:F91C  AF:DEC6  SP:0C7C  PC:0C41
0C42  D5        PUSH D      (3)  BC:8566  DE:58CB  HL:F91C  AF:DEC6  SP:0C7A  PC:0C42
0C43  E5        PUSH H      (3)  BC:8566  DE:58CB  HL:F91C  AF:DEC6  SP:0C78  PC:0C43
0C44  E5        PUSH H      (3)  BC:8566  DE:58CB  HL:F91C  AF:DEC6  SP:0C76  PC:0C44
0C45  E5        PUSH H      (3)  BC:8566  DE:58CB  HL:F91C  AF:DEC6  SP:0C74  PC:0C45
0C46  2A 80 0C  LHLD 0C80   (3)  BC:8566  DE:58CB  HL:F91C  AF:DEC6  SP:0C72  PC:0C46
0C49  F9        SPHL        (3)  BC:8566  DE:58CB  HL:7FED  AF:DEC6  SP:0C72  PC:0C49
0C4A  FB        EI          (3)  BC:8566  DE:58CB  HL:7FED  AF:DEC6  SP:7FED  PC:0C4A
0C4B  2A 03 00  LHLD 0003   (3)  BC:8566  DE:58CB  HL:7FED  AF:DEC6  SP:7FED  PC:0C4B
0C4E  22 70 0C  SHLD 0C70   (3)  BC:8566  DE:58CB  HL:C4A5  AF:DEC6  SP:7FED  PC:0C4E
0C51  21 7C 0C  LXI H,0C7C  (3)  BC:8566  DE:58CB  HL:C4A5  AF:DEC6  SP:7FED  PC:0C51
0C54  7E        MOV A,M     (3)  BC:8566  DE:58CB  HL:0C7C  AF:DEC6  SP:7FED  PC:0C54
0C55  E6 FF     ANI FF      (3)  BC:8566  DE:58CB  HL:0C7C  AF:C6C6  SP:7FED  PC:0C55
0C57  77        MOV M,A     (3)  BC:8566  DE:58CB  HL:0C7C  AF:C696  SP:7FED  PC:0C57
0C58  06 10     MVI B,10    (3)  BC:8566  DE:58CB  HL:0C7C  AF:C696  SP:7FED  PC:0C58
0C5A  11 70 0C  LXI D,0C70  (3)  BC:1066  DE:58CB  HL:0C7C  AF:C696  SP:7FED  PC:0C5A
0C5D  21 BB 0D  LXI H,0DBB  (3)  BC:1066  DE:0C70  HL:0C7C  AF:C696  SP:7FED  PC:0C5D
0C60  1A        LDAX D      (3)  BC:1066  DE:0C70  HL:0DBB  AF:C696  SP:7FED  PC:0C60
0C61  13        INX D       (3)  BC:1066  DE:0C70  HL:0DBB  AF:A596  SP:7FED  PC:0C61
0C62  CD 7F 0D  CALL 0D7F   (3)  BC:1066  DE:0C71  HL:0DBB  AF:A596  SP:7FED  PC:0C62
0C65  05        DCR B       (3)  BC:1066  DE:0C71  HL:0DBB  AF:A596  SP:7FED  PC:0C65
0C66  C2 60 0C  JNZ 0C60    (3)  BC:0F66  DE:0C71  HL:0DBB  AF:A506  SP:7FED  PC:0C66
0C60  1A        LDAX D      (3)  BC:0F66  DE:0C71  HL:0DBB  AF:A506  SP:7FED  PC:0C60
0C61  13        INX D       (3)  BC:0F66  DE:0C71  HL:0DBB  AF:C406  SP:7FED  PC:0C61
0C62  CD 7F 0D  CALL 0D7F   (3)  BC:0F66  DE:0C72  HL:0DBB  AF:C406  SP:7FED  PC:0C62
0C65  05        DCR B       (3)  BC:0F66  DE:0C72  HL:0DBB  AF:C406  SP:7FED  PC:0C65
0C66  C2 60 0C  JNZ 0C60    (3)  BC:0E66  DE:0C72  HL:0DBB  AF:C412  SP:7FED  PC:0C66
0C60  1A        LDAX D      (3)  BC:0E66  DE:0C72  HL:0DBB  AF:C412  SP:7FED  PC:0C60
0C61  13        INX D       (3)  BC:0E66  DE:0C72  HL:0DBB  AF:1C12  SP:7FED  PC:0C61
0C62  CD 7F 0D  CALL 0D7F   (3)  BC:0E66  DE:0C73  HL:0DBB  AF:1C12  SP:7FED  PC:0C62
0C65  05        DCR B       (3)  BC:0E66  DE:0C73  HL:0DBB  AF:1C12  SP:7FED  PC:0C65
0C66  C2 60 0C  JNZ 0C60    (3)  BC:0D66  DE:0C73  HL:0DBB  AF:1C12  SP:7FED  PC:0C66
0C60  1A        LDAX D      (3)  BC:0D66  DE:0C73  HL:0DBB  AF:1C12  SP:7FED  PC:0C60
0C61  13        INX D       (3)  BC:0D66  DE:0C73  HL:0DBB  AF:F912  SP:7FED  PC:0C61
0C62  CD 7F 0D  CALL 0D7F   (3)  BC:0D66  DE:0C74  HL:0DBB  AF:F912  SP:7FED  PC:0C62
0C65  05        DCR B       (3)  BC:0D66  DE:0C74  HL:0DBB  AF:F912  SP:7FED  PC:0C65
0C66  C2 60 0C  JNZ 0C60    (3)  BC:0C66  DE:0C74  HL:0DBB  AF:F916  SP:7FED  PC:0C66
0C60  1A        LDAX D      (3)  BC:0C66  DE:0C74  HL:0DBB  AF:F916  SP:7FED  PC:0C60
0C61  13        INX D       (3)  BC:0C66  DE:0C74  HL:0DBB  AF:1C16  SP:7FED  PC:0C61
0C62  CD 7F 0D  CALL 0D7F   (3)  BC:0C66  DE:0C75  HL:0DBB  AF:1C16  SP:7FED  PC:0C62
0C65  05        DCR B       (3)  BC:0C66  DE:0C75  HL:0DBB  AF:1C16  SP:7FED  PC:0C65
0C66  C2 60 0C  JNZ 0C60    (3)  BC:0B66  DE:0C75  HL:0DBB  AF:1C12  SP:7FED  PC:0C66
0C60  1A        LDAX D      (3)  BC:0B66  DE:0C75  HL:0DBB  AF:1C12  SP:7FED  PC:0C60
0C61  13        INX D       (3)  BC:0B66  DE:0C75  HL:0DBB  AF:F912  SP:7FED  PC:0C61
0C62  CD 7F 0D  CALL 0D7F   (3)  BC:0B66  DE:0C76  HL:0DBB  AF:F912  SP:7FED  PC:0C62
0C65  05        DCR B       (3)  BC:0B66  DE:0C76  HL:0DBB  AF:F912  SP:7FED  PC:0C65
0C66  C2 60 0C  JNZ 0C60    (3)  BC:0A66  DE:0C76  HL:0DBB  AF:F916  SP:7FED  PC:0C66
0C60  1A        LDAX D      (3)  BC:0A66  DE:0C76  HL:0DBB  AF:F916  SP:7FED  PC:0C60
0C61  13        INX D       (3)  BC:0A66  DE:0C76  HL:0DBB  AF:1C16  SP:7FED  PC:0C61
0C62  CD 7F 0D  CALL 0D7F   (3)  BC:0A66  DE:0C77  HL:0DBB  AF:1C16  SP:7FED  PC:0C62
0C65  05        DCR B       (3)  BC:0A66  DE:0C77  HL:0DBB  AF:1C16  SP:7FED  PC:0C65
0C66  C2 60 0C  JNZ 0C60    (3)  BC:0966  DE:0C77  HL:0DBB  AF:1C16  SP:7FED  PC:0C66
0C60  1A        LDAX D      (3)  BC:0966  DE:0C77  HL:0DBB  AF:1C16  SP:7FED  PC:0C60
0C61  13        INX D       (3)  BC:0966  DE:0C77  HL:0DBB  AF:F916  SP:7FED  PC:0C61
0C62  CD 7F 0D  CALL 0D7F   (3)  BC:0966  DE:0C78  HL:0DBB  AF:F916  SP:7FED  PC:0C62
0C65  05        DCR B       (3)  BC:0966  DE:0C78  HL:0DBB  AF:F916  SP:7FED  PC:0C65
0C66  C2 60 0C  JNZ 0C60    (3)  BC:0866  DE:0C78  HL:0DBB  AF:F912  SP:7FED  PC:0C66
0C60  1A        LDAX D      (3)  BC:0866  DE:0C78  HL:0DBB  AF:F912  SP:7FED  PC:0C60
0C61  13        INX D       (3)  BC:0866  DE:0C78  HL:0DBB  AF:CB12  SP:7FED  PC:0C61
0C62  CD 7F 0D  CALL 0D7F   (3)  BC:0866  DE:0C79  HL:0DBB  AF:CB12  SP:7FED  PC:0C62
0C65  05        DCR B       (3)  BC:0866  DE:0C79  HL:0DBB  AF:CB12  SP:7FED  PC:0C65
0C66  C2 60 0C  JNZ 0C60    (3)  BC:0766  DE:0C79  HL:0DBB  AF:CB12  SP:7FED  PC:0C66
0C60  1A        LDAX D      (3)  BC:0766  DE:0C79  HL:0DBB  AF:CB12  SP:7FED  PC:0C60
0C61  13        INX D       (3)  BC:0766  DE:0C79  HL:0DBB  AF:5812  SP:7FED  PC:0C61
0C62  CD 7F 0D  CALL 0D7F   (3)  BC:0766  DE:0C7A  HL:0DBB  AF:5812  SP:7FED  PC:0C62
0C65  05        DCR B       (3)  BC:0766  DE:0C7A  HL:0DBB  AF:5812  SP:7FED  PC:0C65
0C66  C2 60 0C  JNZ 0C60    (3)  BC:0666  DE:0C7A  HL:0DBB  AF:5816  SP:7FED  PC:0C66
0C60  1A        LDAX D      (3)  BC:0666  DE:0C7A  HL:0DBB  AF:5816  SP:7FED  PC:0C60
0C61  13        INX D       (3)  BC:0666  DE:0C7A  HL:0DBB  AF:6616  SP:7FED  PC:0C61
0C62  CD 7F 0D  CALL 0D7F   (3)  BC:0666  DE:0C7B  HL:0DBB  AF:6616  SP:7FED  PC:0C62
0C65  05        DCR B       (3)  BC:0666  DE:0C7B  HL:0DBB  AF:6616  SP:7FED  PC:0C65
0C66  C2 60 0C  JNZ 0C60    (3)  BC:0566  DE:0C7B  HL:0DBB  AF:6616  SP:7FED  PC:0C66
0C60  1A        LDAX D      (3)  BC:0566  DE:0C7B  HL:0DBB  AF:6616  SP:7FED  PC:0C60
0C61  13        INX D       (3)  BC:0566  DE:0C7B  HL:0DBB  AF:8516  SP:7FED  PC:0C61
0C62  CD 7F 0D  CALL 0D7F   (3)  BC:0566  DE:0C7C  HL:0DBB  AF:8516  SP:7FED  PC:0C62
0C65  05        DCR B       (3)  BC:0566  DE:0C7C  HL:0DBB  AF:8516  SP:7FED  PC:0C65
0C66  C2 60 0C  JNZ 0C60    (3)  BC:0466  DE:0C7C  HL:0DBB  AF:8512  SP:7FED  PC:0C66
0C60  1A        LDAX D      (3)  BC:0466  DE:0C7C  HL:0DBB  AF:8512  SP:7FED  PC:0C60
0C61  13        INX D       (3)  BC:0466  DE:0C7C  HL:0DBB  AF:C612  SP:7FED  PC:0C61
0C62  CD 7F 0D  CALL 0D7F   (3)  BC:0466  DE:0C7D  HL:0DBB  AF:C612  SP:7FED  PC:0C62
0C65  05        DCR B       (3)  BC:0466  DE:0C7D  HL:0DBB  AF:C612  SP:7FED  PC:0C65
0C66  C2 60 0C  JNZ 0C60    (3)  BC:0366  DE:0C7D  HL:0DBB  AF:C616  SP:7FED  PC:0C66
0C60  1A        LDAX D      (3)  BC:0366  DE:0C7D  HL:0DBB  AF:C616  SP:7FED  PC:0C60
0C61  13        INX D       (3)  BC:0366  DE:0C7D  HL:0DBB  AF:DE16  SP:7FED  PC:0C61
0C62  CD 7F 0D  CALL 0D7F   (3)  BC:0366  DE:0C7E  HL:0DBB  AF:DE16  SP:7FED  PC:0C62
0C65  05        DCR B       (3)  BC:0366  DE:0C7E  HL:0DBB  AF:DE16  SP:7FED  PC:0C65
0C66  C2 60 0C  JNZ 0C60    (3)  BC:0266  DE:0C7E  HL:0DBB  AF:DE12  SP:7FED  PC:0C66
0C60  1A        LDAX D      (3)  BC:0266  DE:0C7E  HL:0DBB  AF:DE12  SP:7FED  PC:0C60
0C61  13        INX D       (3)  BC:0266  DE:0C7E  HL:0DBB  AF:C912  SP:7FED  PC:0C61
0C62  CD 7F 0D  CALL 0D7F   (3)  BC:0266  DE:0C7F  HL:0DBB  AF:C912  SP:7FED  PC:0C62
0C65  05        DCR B       (3)  BC:0266  DE:0C7F  HL:0DBB  AF:C912  SP:7FED  PC:0C65
0C66  C2 60 0C  JNZ 0C60    (3)  BC:0166  DE:0C7F  HL:0DBB  AF:C912  SP:7FED  PC:0C66
0C60  1A        LDAX D      (3)  BC:0166  DE:0C7F  HL:0DBB  AF:C912  SP:7FED  PC:0C60
0C61  13        INX D       (3)  BC:0166  DE:0C7F  HL:0DBB  AF:9B12  SP:7FED  PC:0C61
0C62  CD 7F 0D  CALL 0D7F   (3)  BC:0166  DE:0C80  HL:0DBB  AF:9B12  SP:7FED  PC:0C62
0C65  05        DCR B       (3)  BC:0166  DE:0C80  HL:0DBB  AF:9B12  SP:7FED  PC:0C65
0C66  C2 60 0C  JNZ 0C60    (3)  BC:0066  DE:0C80  HL:0DBB  AF:9B56  SP:7FED  PC:0C66
0C69  E1        POP H       (3)  BC:0066  DE:0C80  HL:0DBB  AF:9B56  SP:7FED  PC:0C69
0C6A  D1        POP D       (3)  BC:0066  DE:0C80  HL:007B  AF:9B56  SP:7FEF  PC:0C6A
0C6B  C1        POP B       (3)  BC:0066  DE:0013  HL:007B  AF:9B56  SP:7FF1  PC:0C6B
0C6C  F1        POP PSW     (3)  BC:007B  DE:0013  HL:007B  AF:9B56  SP:7FF3  PC:0C6C
0C6D  C9        RET         (3)  BC:007B  DE:0013  HL:007B  AF:1907  SP:7FF5  PC:0C6D
0A17  CD 64 0B  CALL 0B64   (2)  BC:007B  DE:0013  HL:007B  AF:1907  SP:7FF7  PC:0A17
0B64  C5        PUSH B      (3)  BC:007B  DE:0013  HL:007B  AF:1907  SP:7FF5  PC:0B64
0B65  D5        PUSH D      (3)  BC:007B  DE:0013  HL:007B  AF:1907  SP:7FF3  PC:0B65
0B66  E5        PUSH H      (3)  BC:007B  DE:0013  HL:007B  AF:1907  SP:7FF1  PC:0B66
0B67  21 B5 0B  LXI H,0BB5  (3)  BC:007B  DE:0013  HL:007B  AF:1907  SP:7FEF  PC:0B67
0B6A  11 14 00  LXI D,0014  (3)  BC:007B  DE:0013  HL:0BB5  AF:1907  SP:7FEF  PC:0B6A
0B6D  EB        XCHG        (3)  BC:007B  DE:0014  HL:0BB5  AF:1907  SP:7FEF  PC:0B6D
0B6E  19        DAD D       (3)  BC:007B  DE:0BB5  HL:0014  AF:1907  SP:7FEF  PC:0B6E
0B6F  EB        XCHG        (3)  BC:007B  DE:0BB5  HL:0BC9  AF:1906  SP:7FEF  PC:0B6F
0B70  34        INR M       (3)  BC:007B  DE:0BC9  HL:0BB5  AF:1906  SP:7FEF  PC:0B70
0B71  7E        MOV A,M     (3)  BC:007B  DE:0BC9  HL:0BB5  AF:1902  SP:7FEF  PC:0B71
0B72  FE 00     CPI 00      (3)  BC:007B  DE:0BC9  HL:0BB5  AF:0E02  SP:7FEF  PC:0B72
0B74  CA 83 0B  JZ 0B83     (3)  BC:007B  DE:0BC9  HL:0BB5  AF:0E12  SP:7FEF  PC:0B74
0B77  47        MOV B,A     (3)  BC:007B  DE:0BC9  HL:0BB5  AF:0E12  SP:7FEF  PC:0B77
0B78  1A        LDAX D      (3)  BC:0E7B  DE:0BC9  HL:0BB5  AF:0E12  SP:7FEF  PC:0B78
0B79  A0        ANA B       (3)  BC:0E7B  DE:0BC9  HL:0BB5  AF:0012  SP:7FEF  PC:0B79
0B7A  CA 7F 0B  JZ 0B7F     (3)  BC:0E7B  DE:0BC9  HL:0BB5  AF:0056  SP:7FEF  PC:0B7A
0B7F  C1        POP B       (3)  BC:0E7B  DE:0BC9  HL:0BB5  AF:0056  SP:7FEF  PC:0B7F
0B80  D1        POP D       (3)  BC:007B  DE:0BC9  HL:0BB5  AF:0056  SP:7FF1  PC:0B80
0B81  E1        POP H       (3)  BC:007B  DE:0013  HL:0BB5  AF:0056  SP:7FF3  PC:0B81
0B82  C9        RET         (3)  BC:007B  DE:0013  HL:007B  AF:0056  SP:7FF5  PC:0B82
0A1A  C4 88 0B  CNZ 0B88    (2)  BC:007B  DE:0013  HL:007B  AF:0056  SP:7FF7  PC:0A1A
0A1D  E1        POP H       (2)  BC:007B  DE:0013  HL:007B  AF:0056  SP:7FF7  PC:0A1D
0A1E  CA 4D 0A  JZ 0A4D     (2)  BC:007B  DE:0013  HL:0067  AF:0056  SP:7FF9  PC:0A1E
0A4D  E5        PUSH H      (2)  BC:007B  DE:0013  HL:0067  AF:0056  SP:7FF9  PC:0A4D
0A4E  3E 01     MVI A,01    (2)  BC:007B  DE:0013  HL:0067  AF:0056  SP:7FF7  PC:0A4E
0A50  32 C3 0A  STA 0AC3    (2)  BC:007B  DE:0013  HL:0067  AF:0156  SP:7FF7  PC:0A50
0A53  32 E7 0A  STA 0AE7    (2)  BC:007B  DE:0013  HL:0067  AF:0156  SP:7FF7  PC:0A53
0A56  21 B5 0B  LXI H,0BB5  (2)  BC:007B  DE:0013  HL:0067  AF:0156  SP:7FF7  PC:0A56
0A59  22 C4 0A  SHLD 0AC4   (2)  BC:007B  DE:0013  HL:0BB5  AF:0156  SP:7FF7  PC:0A59
0A5C  21 DD 0B  LXI H,0BDD  (2)  BC:007B  DE:0013  HL:0BB5  AF:0156  SP:7FF7  PC:0A5C
0A5F  22 E8 0A  SHLD 0AE8   (2)  BC:007B  DE:0013  HL:0BDD  AF:0156  SP:7FF7  PC:0A5F
0A62  06 04     MVI B,04    (2)  BC:007B  DE:0013  HL:0BDD  AF:0156  SP:7FF7  PC:0A62
0A64  E1        POP H       (2)  BC:047B  DE:0013  HL:0BDD  AF:0156  SP:7FF7  PC:0A64
0A65  E5        PUSH H      (2)  BC:047B  DE:0013  HL:0067  AF:0156  SP:7FF9  PC:0A65
0A66  11 24 0C  LXI D,0C24  (2)  BC:047B  DE:0013  HL:0067  AF:0156  SP:7FF7  PC:0A66
0A69  CD 77 0A  CALL 0A77   (2)  BC:047B  DE:0C24  HL:0067  AF:0156  SP:7FF7  PC:0A69
0A77  CD 80 0A  CALL 0A80   (3)  BC:047B  DE:0C24  HL:0067  AF:0156  SP:7FF5  PC:0A77
0A7A  23        INX H       (3)  BC:047B  DE:0C25  HL:0067  AF:2956  SP:7FF5  PC:0A7A
0A7B  05        DCR B       (3)  BC:047B  DE:0C25  HL:0068  AF:2956  SP:7FF5  PC:0A7B
0A7C  C2 77 0A  JNZ 0A77    (3)  BC:037B  DE:0C25  HL:0068  AF:2916  SP:7FF5  PC:0A7C
0A77  CD 80 0A  CALL 0A80   (3)  BC:037B  DE:0C25  HL:0068  AF:2916  SP:7FF5  PC:0A77
0A7A  23        INX H       (3)  BC:037B  DE:0C26  HL:0068  AF:0056  SP:7FF5  PC:0A7A
0A7B  05        DCR B       (3)  BC:037B  DE:0C26  HL:0069  AF:0056  SP:7FF5  PC:0A7B
0A7C  C2 77 0A  JNZ 0A77    (3)  BC:027B  DE:0C26  HL:0069  AF:0012  SP:7FF5  PC:0A7C
0A77  CD 80 0A  CALL 0A80   (3)  BC:027B  DE:0C26  HL:0069  AF:0012  SP:7FF5  PC:0A77
0A7A  23        INX H       (3)  BC:027B  DE:0C27  HL:0069  AF:0056  SP:7FF5  PC:0A7A
0A7B  05        DCR B       (3)  BC:027B  DE:0C27  HL:006A  AF:0056  SP:7FF5  PC:0A7B
0A7C  C2 77 0A  JNZ 0A77    (3)  BC:017B  DE:0C27  HL:006A  AF:0012  SP:7FF5  PC:0A7C
0A77  CD 80 0A  CALL 0A80   (3)  BC:017B  DE:0C27  HL:006A  AF:0012  SP:7FF5  PC:0A77
0A7A  23        INX H       (3)  BC:017B  DE:0C28  HL:006A  AF:0056  SP:7FF5  PC:0A7A
0A7B  05        DCR B       (3)  BC:017B  DE:0C28  HL:006B  AF:0056  SP:7FF5  PC:0A7B
0A7C  C2 77 0A  JNZ 0A77    (3)  BC:007B  DE:0C28  HL:006B  AF:0056  SP:7FF5  PC:0A7C
0A7F  C9        RET         (3)  BC:007B  DE:0C28  HL:006B  AF:0056  SP:7FF5  PC:0A7F
0A6C  06 10     MVI B,10    (2)  BC:007B  DE:0C28  HL:006B  AF:0056  SP:7FF7  PC:0A6C
0A6E  11 03 00  LXI D,0003  (2)  BC:107B  DE:0C28  HL:006B  AF:0056  SP:7FF7  PC:0A6E
0A71  CD 77 0A  CALL 0A77   (2)  BC:107B  DE:0003  HL:006B  AF:0056  SP:7FF7  PC:0A71
0A77  CD 80 0A  CALL 0A80   (3)  BC:107B  DE:0003  HL:006B  AF:0056  SP:7FF5  PC:0A77
0A7A  23        INX H       (3)  BC:107B  DE:0004  HL:006B  AF:A556  SP:7FF5  PC:0A7A
0A7B  05        DCR B       (3)  BC:107B  DE:0004  HL:006C  AF:A556  SP:7FF5  PC:0A7B
0A7C  C2 77 0A  JNZ 0A77    (3)  BC:0F7B  DE:0004  HL:006C  AF:A506  SP:7FF5  PC:0A7C
0A77  CD 80 0A  CALL 0A80   (3)  BC:0F7B  DE:0004  HL:006C  AF:A506  SP:7FF5  PC:0A77
0A7A  23        INX H       (3)  BC:0F7B  DE:0005  HL:006C  AF:C456  SP:7FF5  PC:0A7A
0A7B  05        DCR B       (3)  BC:0F7B  DE:0005  HL:006D  AF:C456  SP:7FF5  PC:0A7B
0A7C  C2 77 0A  JNZ 0A77    (3)  BC:0E7B  DE:0005  HL:006D  AF:C412  SP:7FF5  PC:0A7C
0A77  CD 80 0A  CALL 0A80   (3)  BC:0E7B  DE:0005  HL:006D  AF:C412  SP:7FF5  PC:0A77
0A7A  23        INX H       (3)  BC:0E7B  DE:0006  HL:006D  AF:C756  SP:7FF5  PC:0A7A
0A7B  05        DCR B       (3)  BC:0E7B  DE:0006  HL:006E  AF:C756  SP:7FF5  PC:0A7B
0A7C  C2 77 0A  JNZ 0A77    (3)  BC:0D7B  DE:0006  HL:006E  AF:C712  SP:7FF5  PC:0A7C
0A77  CD 80 0A  CALL 0A80   (3)  BC:0D7B  DE:0006  HL:006E  AF:C712  SP:7FF5  PC:0A77
0A7A  23        INX H       (3)  BC:0D7B  DE:0007  HL:006E  AF:C456  SP:7FF5  PC:0A7A
0A7B  05        DCR B       (3)  BC:0D7B  DE:0007  HL:006F  AF:C456  SP:7FF5  PC:0A7B
0A7C  C2 77 0A  JNZ 0A77    (3)  BC:0C7B  DE:0007  HL:006F  AF:C416  SP:7FF5  PC:0A7C
0A77  CD 80 0A  CALL 0A80   (3)  BC:0C7B  DE:0007  HL:006F  AF:C416  SP:7FF5  PC:0A77
0A7A  23        INX H       (3)  BC:0C7B  DE:0008  HL:006F  AF:2656  SP:7FF5  PC:0A7A
0A7B  05        DCR B       (3)  BC:0C7B  DE:0008  HL:0070  AF:2656  SP:7FF5  PC:0A7B
0A7C  C2 77 0A  JNZ 0A77    (3)  BC:0B7B  DE:0008  HL:0070  AF:2612  SP:7FF5  PC:0A7C
0A77  CD 80 0A  CALL 0A80   (3)  BC:0B7B  DE:0008  HL:0070  AF:2612  SP:7FF5  PC:0A77
0A7A  23        INX H       (3)  BC:0B7B  DE:0009  HL:0070  AF:D256  SP:7FF5  PC:0A7A
0A7B  05        DCR B       (3)  BC:0B7B  DE:0009  HL:0071  AF:D256  SP:7FF5  PC:0A7B
0A7C  C2 77 0A  JNZ 0A77    (3)  BC:0A7B  DE:0009  HL:0071  AF:D216  SP:7FF5  PC:0A7C
0A77  CD 80 0A  CALL 0A80   (3)  BC:0A7B  DE:0009  HL:0071  AF:D216  SP:7FF5  PC:0A77
0A7A  23        INX H       (3)  BC:0A7B  DE:000A  HL:0071  AF:5157  SP:7FF5  PC:0A7A
0A7B  05        DCR B       (3)  BC:0A7B  DE:000A  HL:0072  AF:5157  SP:7FF5  PC:0A7B
0A7C  C2 77 0A  JNZ 0A77    (3)  BC:097B  DE:000A  HL:0072  AF:5117  SP:7FF5  PC:0A7C
0A77  CD 80 0A  CALL 0A80   (3)  BC:097B  DE:000A  HL:0072  AF:5117  SP:7FF5  PC:0A77
0A7A  23        INX H       (3)  BC:097B  DE:000B  HL:0072  AF:A057  SP:7FF5  PC:0A7A
0A7B  05        DCR B       (3)  BC:097B  DE:000B  HL:0073  AF:A057  SP:7FF5  PC:0A7B
0A7C  C2 77 0A  JNZ 0A77    (3)  BC:087B  DE:000B  HL:0073  AF:A013  SP:7FF5  PC:0A7C
0A77  CD 80 0A  CALL 0A80   (3)  BC:087B  DE:000B  HL:0073  AF:A013  SP:7FF5  PC:0A77
0A7A  23        INX H       (3)  BC:087B  DE:000C  HL:0073  AF:CB57  SP:7FF5  PC:0A7A
0A7B  05        DCR B       (3)  BC:087B  DE:000C  HL:0074  AF:CB57  SP:7FF5  PC:0A7B
0A7C  C2 77 0A  JNZ 0A77    (3)  BC:077B  DE:000C  HL:0074  AF:CB13  SP:7FF5  PC:0A7C
0A77  CD 80 0A  CALL 0A80   (3)  BC:077B  DE:000C  HL:0074  AF:CB13  SP:7FF5  PC:0A77
0A7A  23        INX H       (3)  BC:077B  DE:000D  HL:0074  AF:5857  SP:7FF5  PC:0A7A
0A7B  05        DCR B       (3)  BC:077B  DE:000D  HL:0075  AF:5857  SP:7FF5  PC:0A7B
0A7C  C2 77 0A  JNZ 0A77    (3)  BC:067B  DE:000D  HL:0075  AF:5817  SP:7FF5  PC:0A7C
0A77  CD 80 0A  CALL 0A80   (3)  BC:067B  DE:000D  HL:0075  AF:5817  SP:7FF5  PC:0A77
0A7A  23        INX H       (3)  BC:067B  DE:000E  HL:0075  AF:6657  SP:7FF5  PC:0A7A
0A7B  05        DCR B       (3)  BC:067B  DE:000E  HL:0076  AF:6657  SP:7FF5  PC:0A7B
0A7C  C2 77 0A  JNZ 0A77    (3)  BC:057B  DE:000E  HL:0076  AF:6617  SP:7FF5  PC:0A7C
0A77  CD 80 0A  CALL 0A80   (3)  BC:057B  DE:000E  HL:0076  AF:6617  SP:7FF5  PC:0A77
0A7A  23        INX H       (3)  BC:057B  DE:000F  HL:0076  AF:8557  SP:7FF5  PC:0A7A
0A7B  05        DCR B       (3)  BC:057B  DE:000F  HL:0077  AF:8557  SP:7FF5  PC:0A7B
0A7C  C2 77 0A  JNZ 0A77    (3)  BC:047B  DE:000F  HL:0077  AF:8513  SP:7FF5  PC:0A7C
0A77  CD 80 0A  CALL 0A80   (3)  BC:047B  DE:000F  HL:0077  AF:8513  SP:7FF5  PC:0A77
0A7A  23        INX H       (3)  BC:047B  DE:0010  HL:0077  AF:C657  SP:7FF5  PC:0A7A
0A7B  05        DCR B       (3)  BC:047B  DE:0010  HL:0078  AF:C657  SP:7FF5  PC:0A7B
0A7C  C2 77 0A  JNZ 0A77    (3)  BC:037B  DE:0010  HL:0078  AF:C617  SP:7FF5  PC:0A7C
0A77  CD 80 0A  CALL 0A80   (3)  BC:037B  DE:0010  HL:0078  AF:C617  SP:7FF5  PC:0A77
0A7A  23        INX H       (3)  BC:037B  DE:0011  HL:0078  AF:DE56  SP:7FF5  PC:0A7A
0A7B  05        DCR B       (3)  BC:037B  DE:0011  HL:0079  AF:DE56  SP:7FF5  PC:0A7B
0A7C  C2 77 0A  JNZ 0A77    (3)  BC:027B  DE:0011  HL:0079  AF:DE12  SP:7FF5  PC:0A7C
0A77  CD 80 0A  CALL 0A80   (3)  BC:027B  DE:0011  HL:0079  AF:DE12  SP:7FF5  PC:0A77
0A7A  23        INX H       (3)  BC:027B  DE:0012  HL:0079  AF:C957  SP:7FF5  PC:0A7A
0A7B  05        DCR B       (3)  BC:027B  DE:0012  HL:007A  AF:C957  SP:7FF5  PC:0A7B
0A7C  C2 77 0A  JNZ 0A77    (3)  BC:017B  DE:0012  HL:007A  AF:C913  SP:7FF5  PC:0A7C
0A77  CD 80 0A  CALL 0A80   (3)  BC:017B  DE:0012  HL:007A  AF:C913  SP:7FF5  PC:0A77
0A7A  23        INX H       (3)  BC:017B  DE:0013  HL:007A  AF:9B57  SP:7FF5  PC:0A7A
0A7B  05        DCR B       (3)  BC:017B  DE:0013  HL:007B  AF:9B57  SP:7FF5  PC:0A7B
0A7C  C2 77 0A  JNZ 0A77    (3)  BC:007B  DE:0013  HL:007B  AF:9B57  SP:7FF5  PC:0A7C
0A7F  C9        RET         (3)  BC:007B  DE:0013  HL:007B  AF:9B57  SP:7FF5  PC:0A7F
0A74  C3 00 0A  JMP 0A00    (2)  BC:007B  DE:0013  HL:007B  AF:9B57  SP:7FF7  PC:0A74
0A00  3A 24 0C  LDA 0C24    (2)  BC:007B  DE:0013  HL:007B  AF:9B57  SP:7FF7  PC:0A00
0A03  FE 76     CPI 76      (2)  BC:007B  DE:0013  HL:007B  AF:2957  SP:7FF7  PC:0A03
0A05  CA 17 0A  JZ 0A17     (2)  BC:007B  DE:0013  HL:007B  AF:2993  SP:7FF7  PC:0A05
0A08  E6 DF     ANI DF      (2)  BC:007B  DE:0013  HL:007B  AF:2993  SP:7FF7  PC:0A08
0A0A  FE DD     CPI DD      (2)  BC:007B  DE:0013  HL:007B  AF:0916  SP:7FF7  PC:0A0A
0A0C  C2 14 0A  JNZ 0A14    (2)  BC:007B  DE:0013  HL:007B  AF:0903  SP:7FF7  PC:0A0C
0A14  C4 05 0C  CNZ 0C05    (2)  BC:007B  DE:0013  HL:007B  AF:0903  SP:7FF7  PC:0A14
0C05  F5        PUSH PSW    (3)  BC:007B  DE:0013  HL:007B  AF:0903  SP:7FF5  PC:0C05
0C06  C5        PUSH B      (3)  BC:007B  DE:0013  HL:007B  AF:0903  SP:7FF3  PC:0C06
0C07  D5        PUSH D      (3)  BC:007B  DE:0013  HL:007B  AF:0903  SP:7FF1  PC:0C07
0C08  E5        PUSH H      (3)  BC:007B  DE:0013  HL:007B  AF:0903  SP:7FEF  PC:0C08
0C09  F3        DI          (3)  BC:007B  DE:0013  HL:007B  AF:0903  SP:7FED  PC:0C09
0C0A  21 00 00  LXI H,0000  (3)  BC:007B  DE:0013  HL:007B  AF:0903  SP:7FED  PC:0C0A
0C0D  39        DAD SP      (3)  BC:007B  DE:0013  HL:0000  AF:0903  SP:7FED  PC:0C0D
0C0E  22 80 0C  SHLD 0C80   (3)  BC:007B  DE:0013  HL:7FED  AF:0902  SP:7FED  PC:0C0E
0C11  31 05 00  LXI SP,0005 (3)  BC:007B  DE:0013  HL:7FED  AF:0902  SP:7FED  PC:0C11
0C14  E1        POP H       (3)  BC:007B  DE:0013  HL:7FED  AF:0902  SP:0005  PC:0C14
0C15  E1        POP H       (3)  BC:007B  DE:0013  HL:C4C7  AF:0902  SP:0007  PC:0C15
0C16  E1        POP H       (3)  BC:007B  DE:0013  HL:D226  AF:0902  SP:0009  PC:0C16
0C17  D1        POP D       (3)  BC:007B  DE:0013  HL:A051  AF:0902  SP:000B  PC:0C17
0C18  C1        POP B       (3)  BC:007B  DE:58CB  HL:A051  AF:0902  SP:000D  PC:0C18
0C19  F1        POP PSW     (3)  BC:8566  DE:58CB  HL:A051  AF:0902  SP:000F  PC:0C19
0C1A  22 6E 0C  SHLD 0C6E   (3)  BC:8566  DE:58CB  HL:A051  AF:DEC6  SP:0011  PC:0C1A
0C1D  2A 11 00  LHLD 0011   (3)  BC:8566  DE:58CB  HL:A051  AF:DEC6  SP:0011  PC:0C1D
0C20  F9        SPHL        (3)  BC:8566  DE:58CB  HL:9BC9  AF:DEC6  SP:0011  PC:0C20
0C21  2A 6E 0C  LHLD 0C6E   (3)  BC:8566  DE:58CB  HL:9BC9  AF:DEC6  SP:9BC9  PC:0C21
0C24  29        DAD H       (3)  BC:8566  DE:58CB  HL:A051  AF:DEC6  SP:9BC9  PC:0C24
0C25  00        NOP         (3)  BC:8566  DE:58CB  HL:40A2  AF:DEC7  SP:9BC9  PC:0C25
0C26  00        NOP         (3)  BC:8566  DE:58CB  HL:40A2  AF:DEC7  SP:9BC9  PC:0C26
0C27  00        NOP         (3)  BC:8566  DE:58CB  HL:40A2  AF:DEC7  SP:9BC9  PC:0C27
0C28  22 6E 0C  SHLD 0C6E   (3)  BC:8566  DE:58CB  HL:40A2  AF:DEC7  SP:9BC9  PC:0C28
0C2B  21 00 00  LXI H,0000  (3)  BC:8566  DE:58CB  HL:40A2  AF:DEC7  SP:9BC9  PC:0C2B
0C2E  DA 35 0C  JC 0C35     (3)  BC:8566  DE:58CB  HL:0000  AF:DEC7  SP:9BC9  PC:0C2E
0C35  39        DAD SP      (3)  BC:8566  DE:58CB  HL:0000  AF:DEC7  SP:9BC9  PC:0C35
0C36  37        STC         (3)  BC:8566  DE:58CB  HL:9BC9  AF:DEC6  SP:9BC9  PC:0C36
0C37  22 7E 0C  SHLD 0C7E   (3)  BC:8566  DE:58CB  HL:9BC9  AF:DEC7  SP:9BC9  PC:0C37
0C3A  2A 6E 0C  LHLD 0C6E   (3)  BC:8566  DE:58CB  HL:9BC9  AF:DEC7  SP:9BC9  PC:0C3A
0C3D  31 7E 0C  LXI SP,0C7E (3)  BC:8566  DE:58CB  HL:40A2  AF:DEC7  SP:9BC9  PC:0C3D
0C40  F5        PUSH PSW    (3)  BC:8566  DE:58CB  HL:40A2  AF:DEC7  SP:0C7E  PC:0C40
0C41  C5        PUSH B      (3)  BC:8566  DE:58CB  HL:40A2  AF:DEC7  SP:0C7C  PC:0C41
0C42  D5        PUSH D      (3)  BC:8566  DE:58CB  HL:40A2  AF:DEC7  SP:0C7A  PC:0C42
0C43  E5        PUSH H      (3)  BC:8566  DE:58CB  HL:40A2  AF:DEC7  SP:0C78  PC:0C43
0C44  E5        PUSH H      (3)  BC:8566  DE:58CB  HL:40A2  AF:DEC7  SP:0C76  PC:0C44
0C45  E5        PUSH H      (3)  BC:8566  DE:58CB  HL:40A2  AF:DEC7  SP:0C74  PC:0C45
0C46  2A 80 0C  LHLD 0C80   (3)  BC:8566  DE:58CB  HL:40A2  AF:DEC7  SP:0C72  PC:0C46
0C49  F9        SPHL        (3)  BC:8566  DE:58CB  HL:7FED  AF:DEC7  SP:0C72  PC:0C49
0C4A  FB        EI          (3)  BC:8566  DE:58CB  HL:7FED  AF:DEC7  SP:7FED  PC:0C4A
0C4B  2A 03 00  LHLD 0003   (3)  BC:8566  DE:58CB  HL:7FED  AF:DEC7  SP:7FED  PC:0C4B
0C4E  22 70 0C  SHLD 0C70   (3)  BC:8566  DE:58CB  HL:C4A5  AF:DEC7  SP:7FED  PC:0C4E
0C51  21 7C 0C  LXI H,0C7C  (3)  BC:8566  DE:58CB  HL:C4A5  AF:DEC7  SP:7FED  PC:0C51
0C54  7E        MOV A,M     (3)  BC:8566  DE:58CB  HL:0C7C  AF:DEC7  SP:7FED  PC:0C54
0C55  E6 FF     ANI FF      (3)  BC:8566  DE:58CB  HL:0C7C  AF:C7C7  SP:7FED  PC:0C55
0C57  77        MOV M,A     (3)  BC:8566  DE:58CB  HL:0C7C  AF:C792  SP:7FED  PC:0C57
0C58  06 10     MVI B,10    (3)  BC:8566  DE:58CB  HL:0C7C  AF:C792  SP:7FED  PC:0C58
0C5A  11 70 0C  LXI D,0C70  (3)  BC:1066  DE:58CB  HL:0C7C  AF:C792  SP:7FED  PC:0C5A
0C5D  21 BB 0D  LXI H,0DBB  (3)  BC:1066  DE:0C70  HL:0C7C  AF:C792  SP:7FED  PC:0C5D
0C60  1A        LDAX D      (3)  BC:1066  DE:0C70  HL:0DBB  AF:C792  SP:7FED  PC:0C60
0C61  13        INX D       (3)  BC:1066  DE:0C70  HL:0DBB  AF:A592  SP:7FED  PC:0C61
0C62  CD 7F 0D  CALL 0D7F   (3)  BC:1066  DE:0C71  HL:0DBB  AF:A592  SP:7FED  PC:0C62
0C65  05        DCR B       (3)  BC:1066  DE:0C71  HL:0DBB  AF:A592  SP:7FED  PC:0C65
0C66  C2 60 0C  JNZ 0C60    (3)  BC:0F66  DE:0C71  HL:0DBB  AF:A506  SP:7FED  PC:0C66
0C60  1A        LDAX D      (3)  BC:0F66  DE:0C71  HL:0DBB  AF:A506  SP:7FED  PC:0C60
0C61  13        INX D       (3)  BC:0F66  DE:0C71  HL:0DBB  AF:C406  SP:7FED  PC:0C61
0C62  CD 7F 0D  CALL 0D7F   (3)  BC:0F66  DE:0C72  HL:0DBB  AF:C406  SP:7FED  PC:0C62
0C65  05        DCR B       (3)  BC:0F66  DE:0C72  HL:0DBB  AF:C406  SP:7FED  PC:0C65
0C66  C2 60 0C  JNZ 0C60    (3)  BC:0E66  DE:0C72  HL:0DBB  AF:C412  SP:7FED  PC:0C66
0C60  1A        LDAX D      (3)  BC:0E66  DE:0C72  HL:0DBB  AF:C412  SP:7FED  PC:0C60
0C61  13        INX D       (3)  BC:0E66  DE:0C72  HL:0DBB  AF:A212  SP:7FED  PC:0C61
0C62  CD 7F 0D  CALL 0D7F   (3)  BC:0E66  DE:0C73  HL:0DBB  AF:A212  SP:7FED  PC:0C62
0C65  05        DCR B       (3)  BC:0E66  DE:0C73  HL:0DBB  AF:A212  SP:7FED  PC:0C65
0C66  C2 60 0C  JNZ 0C60    (3)  BC:0D66  DE:0C73  HL:0DBB  AF:A212  SP:7FED  PC:0C66
0C60  1A        LDAX D      (3)  BC:0D66  DE:0C73  HL:0DBB  AF:A212  SP:7FED  PC:0C60
0C61  13        INX D       (3)  BC:0D66  DE:0C73  HL:0DBB  AF:4012  SP:7FED  PC:0C61
0C62  CD 7F 0D  CALL 0D7F   (3)  BC:0D66  DE:0C74  HL:0DBB  AF:4012  SP:7FED  PC:0C62
0C65  05        DCR B       (3)  BC:0D66  DE:0C74  HL:0DBB  AF:4012  SP:7FED  PC:0C65
0C66  C2 60 0C  JNZ 0C60    (3)  BC:0C66  DE:0C74  HL:0DBB  AF:4016  SP:7FED  PC:0C66
0C60  1A        LDAX D      (3)  BC:0C66  DE:0C74  HL:0DBB  AF:4016  SP:7FED  PC:0C60
0C61  13        INX D       (3)  BC:0C66  DE:0C74  HL:0DBB  AF:A216  SP:7FED  PC:0C61
0C62  CD 7F 0D  CALL 0D7F   (3)  BC:0C66  DE:0C75  HL:0DBB  AF:A216  SP:7FED  PC:0C62
0C65  05        DCR B       (3)  BC:0C66  DE:0C75  HL:0DBB  AF:A216  SP:7FED  PC:0C65
0C66  C2 60 0C  JNZ 0C60    (3)  BC:0B66  DE:0C75  HL:0DBB  AF:A212  SP:7FED  PC:0C66
0C60  1A        LDAX D      (3)  BC:0B66  DE:0C75  HL:0DBB  AF:A212  SP:7FED  PC:0C60
0C61  13        INX D       (3)  BC:0B66  DE:0C75  HL:0DBB  AF:4012  SP:7FED  PC:0C61
0C62  CD 7F 0D  CALL 0D7F   (3)  BC:0B66  DE:0C76  HL:0DBB  AF:4012  SP:7FED  PC:0C62
0C65  05        DCR B       (3)  BC:0B66  DE:0C76  HL:0DBB  AF:4012  SP:7FED  PC:0C65
0C66  C2 60 0C  JNZ 0C60    (3)  BC:0A66  DE:0C76  HL:0DBB  AF:4016  SP:7FED  PC:0C66
0C60  1A        LDAX D      (3)  BC:0A66  DE:0C76  HL:0DBB  AF:4016  SP:7FED  PC:0C60
0C61  13        INX D       (3)  BC:0A66  DE:0C76  HL:0DBB  AF:A216  SP:7FED  PC:0C61
0C62  CD 7F 0D  CALL 0D7F   (3)  BC:0A66  DE:0C77  HL:0DBB  AF:A216  SP:7FED  PC:0C62
0C65  05        DCR B       (3)  BC:0A66  DE:0C77  HL:0DBB  AF:A216  SP:7FED  PC:0C65
0C66  C2 60 0C  JNZ 0C60    (3)  BC:0966  DE:0C77  HL:0DBB  AF:A216  SP:7FED  PC:0C66
0C60  1A        LDAX D      (3)  BC:0966  DE:0C77  HL:0DBB  AF:A216  SP:7FED  PC:0C60
0C61  13        INX D       (3)  BC:0966  DE:0C77  HL:0DBB  AF:4016  SP:7FED  PC:0C61
0C62  CD 7F 0D  CALL 0D7F   (3)  BC:0966  DE:0C78  HL:0DBB  AF:4016  SP:7FED  PC:0C62
0C65  05        DCR B       (3)  BC:0966  DE:0C78  HL:0DBB  AF:4016  SP:7FED  PC:0C65
0C66  C2 60 0C  JNZ 0C60    (3)  BC:0866  DE:0C78  HL:0DBB  AF:4012  SP:7FED  PC:0C66
0C60  1A        LDAX D      (3)  BC:0866  DE:0C78  HL:0DBB  AF:4012  SP:7FED  PC:0C60
0C61  13        INX D       (3)  BC:0866  DE:0C78  HL:0DBB  AF:CB12  SP:7FED  PC:0C61
0C62  CD 7F 0D  CALL 0D7F   (3)  BC:0866  DE:0C79  HL:0DBB  AF:CB12  SP:7FED  PC:0C62
0C65  05        DCR B       (3)  BC:0866  DE:0C79  HL:0DBB  AF:CB12  SP:7FED  PC:0C65
0C66  C2 60 0C  JNZ 0C60    (3)  BC:0766  DE:0C79  HL:0DBB  AF:CB12  SP:7FED  PC:0C66
0C60  1A        LDAX D      (3)  BC:0766  DE:0C79  HL:0DBB  AF:CB12  SP:7FED  PC:0C60
0C61  13        INX D       (3)  BC:0766  DE:0C79  HL:0DBB  AF:5812  SP:7FED  PC:0C61
0C62  CD 7F 0D  CALL 0D7F   (3)  BC:0766  DE:0C7A  HL:0DBB  AF:5812  SP:7FED  PC:0C62
0C65  05        DCR B       (3)  BC:0766  DE:0C7A  HL:0DBB  AF:5812  SP:7FED  PC:0C65
0C66  C2 60 0C  JNZ 0C60    (3)  BC:0666  DE:0C7A  HL:0DBB  AF:5816  SP:7FED  PC:0C66
0C60  1A        LDAX D      (3)  BC:0666  DE:0C7A  HL:0DBB  AF:5816  SP:7FED  PC:0C60
0C61  13        INX D       (3)  BC:0666  DE:0C7A  HL:0DBB  AF:6616  SP:7FED  PC:0C61
0C62  CD 7F 0D  CALL 0D7F   (3)  BC:0666  DE:0C7B  HL:0DBB  AF:6616  SP:7FED  PC:0C62
0C65  05        DCR B       (3)  BC:0666  DE:0C7B  HL:0DBB  AF:6616  SP:7FED  PC:0C65
0C66  C2 60 0C  JNZ 0C60    (3)  BC:0566  DE:0C7B  HL:0DBB  AF:6616  SP:7FED  PC:0C66
0C60  1A        LDAX D      (3)  BC:0566  DE:0C7B  HL:0DBB  AF:6616  SP:7FED  PC:0C60
0C61  13        INX D       (3)  BC:0566  DE:0C7B  HL:0DBB  AF:8516  SP:7FED  PC:0C61
0C62  CD 7F 0D  CALL 0D7F   (3)  BC:0566  DE:0C7C  HL:0DBB  AF:8516  SP:7FED  PC:0C62
0C65  05        DCR B       (3)  BC:0566  DE:0C7C  HL:0DBB  AF:8516  SP:7FED  PC:0C65
0C66  C2 60 0C  JNZ 0C60    (3)  BC:0466  DE:0C7C  HL:0DBB  AF:8512  SP:7FED  PC:0C66
0C60  1A        LDAX D      (3)  BC:0466  DE:0C7C  HL:0DBB  AF:8512  SP:7FED  PC:0C60
0C61  13        INX D       (3)  BC:0466  DE:0C7C  HL:0DBB  AF:C712  SP:7FED  PC:0C61
0C62  CD 7F 0D  CALL 0D7F   (3)  BC:0466  DE:0C7D  HL:0DBB  AF:C712  SP:7FED  PC:0C62
0C65  05        DCR B       (3)  BC:0466  DE:0C7D  HL:0DBB  AF:C712  SP:7FED  PC:0C65
0C66  C2 60 0C  JNZ 0C60    (3)  BC:0366  DE:0C7D  HL:0DBB  AF:C716  SP:7FED  PC:0C66
0C60  1A        LDAX D      (3)  BC:0366  DE:0C7D  HL:0DBB  AF:C716  SP:7FED  PC:0C60
0C61  13        INX D       (3)  BC:0366  DE:0C7D  HL:0DBB  AF:DE16  SP:7FED  PC:0C61
0C62  CD 7F 0D  CALL 0D7F   (3)  BC:0366  DE:0C7E  HL:0DBB  AF:DE16  SP:7FED  PC:0C62
0C65  05        DCR B       (3)  BC:0366  DE:0C7E  HL:0DBB  AF:DE16  SP:7FED  PC:0C65
0C66  C2 60 0C  JNZ 0C60    (3)  BC:0266  DE:0C7E  HL:0DBB  AF:DE12  SP:7FED  PC:0C66
0C60  1A        LDAX D      (3)  BC:0266  DE:0C7E  HL:0DBB  AF:DE12  SP:7FED  PC:0C60
0C61  13        INX D       (3)  BC:0266  DE:0C7E  HL:0DBB  AF:C912  SP:7FED  PC:0C61
0C62  CD 7F 0D  CALL 0D7F   (3)  BC:0266  DE:0C7F  HL:0DBB  AF:C912  SP:7FED  PC:0C62
0C65  05        DCR B       (3)  BC:0266  DE:0C7F  HL:0DBB  AF:C912  SP:7FED  PC:0C65
0C66  C2 60 0C  JNZ 0C60    (3)  BC:0166  DE:0C7F  HL:0DBB  AF:C912  SP:7FED  PC:0C66
0C60  1A        LDAX D      (3)  BC:0166  DE:0C7F  HL:0DBB  AF:C912  SP:7FED  PC:0C60
0C61  13        INX D       (3)  BC:0166  DE:0C7F  HL:0DBB  AF:9B12  SP:7FED  PC:0C61
0C62  CD 7F 0D  CALL 0D7F   (3)  BC:0166  DE:0C80  HL:0DBB  AF:9B12  SP:7FED  PC:0C62
0C65  05        DCR B       (3)  BC:0166  DE:0C80  HL:0DBB  AF:9B12  SP:7FED  PC:0C65
0C66  C2 60 0C  JNZ 0C60    (3)  BC:0066  DE:0C80  HL:0DBB  AF:9B56  SP:7FED  PC:0C66
0C69  E1        POP H       (3)  BC:0066  DE:0C80  HL:0DBB  AF:9B56  SP:7FED  PC:0C69
0C6A  D1        POP D       (3)  BC:0066  DE:0C80  HL:007B  AF:9B56  SP:7FEF  PC:0C6A
0C6B  C1        POP B       (3)  BC:0066  DE:0013  HL:007B  AF:9B56  SP:7FF1  PC:0C6B
0C6C  F1        POP PSW     (3)  BC:007B  DE:0013  HL:007B  AF:9B56  SP:7FF3  PC:0C6C
0C6D  C9        RET         (3)  BC:007B  DE:0013  HL:007B  AF:0903  SP:7FF5  PC:0C6D
0A17  CD 64 0B  CALL 0B64   (2)  BC:007B  DE:0013  HL:007B  AF:0903  SP:7FF7  PC:0A17
0B64  C5        PUSH B      (3)  BC:007B  DE:0013  HL:007B  AF:0903  SP:7FF5  PC:0B64
0B65  D5        PUSH D      (3)  BC:007B  DE:0013  HL:007B  AF:0903  SP:7FF3  PC:0B65
0B66  E5        PUSH H      (3)  BC:007B  DE:0013  HL:007B  AF:0903  SP:7FF1  PC:0B66
0B67  21 B5 0B  LXI H,0BB5  (3)  BC:007B  DE:0013  HL:007B  AF:0903  SP:7FEF  PC:0B67
0B6A  11 14 00  LXI D,0014  (3)  BC:007B  DE:0013  HL:0BB5  AF:0903  SP:7FEF  PC:0B6A
0B6D  EB        XCHG        (3)  BC:007B  DE:0014  HL:0BB5  AF:0903  SP:7FEF  PC:0B6D
0B6E  19        DAD D       (3)  BC:007B  DE:0BB5  HL:0014  AF:0903  SP:7FEF  PC:0B6E
0B6F  EB        XCHG        (3)  BC:007B  DE:0BB5  HL:0BC9  AF:0902  SP:7FEF  PC:0B6F
0B70  34        INR M       (3)  BC:007B  DE:0BC9  HL:0BB5  AF:0902  SP:7FEF  PC:0B70
0B71  7E        MOV A,M     (3)  BC:007B  DE:0BC9  HL:0BB5  AF:0906  SP:7FEF  PC:0B71
0B72  FE 00     CPI 00      (3)  BC:007B  DE:0BC9  HL:0BB5  AF:0F06  SP:7FEF  PC:0B72
0B74  CA 83 0B  JZ 0B83     (3)  BC:007B  DE:0BC9  HL:0BB5  AF:0F16  SP:7FEF  PC:0B74
0B77  47        MOV B,A     (3)  BC:007B  DE:0BC9  HL:0BB5  AF:0F16  SP:7FEF  PC:0B77
0B78  1A        LDAX D      (3)  BC:0F7B  DE:0BC9  HL:0BB5  AF:0F16  SP:7FEF  PC:0B78
0B79  A0        ANA B       (3)  BC:0F7B  DE:0BC9  HL:0BB5  AF:0016  SP:7FEF  PC:0B79
0B7A  CA 7F 0B  JZ 0B7F     (3)  BC:0F7B  DE:0BC9  HL:0BB5  AF:0056  SP:7FEF  PC:0B7A
0B7F  C1        POP B       (3)  BC:0F7B  DE:0BC9  HL:0BB5  AF:0056  SP:7FEF  PC:0B7F
0B80  D1        POP D       (3)  BC:007B  DE:0BC9  HL:0BB5  AF:0056  SP:7FF1  PC:0B80
0B81  E1        POP H       (3)  BC:007B  DE:0013  HL:0BB5  AF:0056  SP:7FF3  PC:0B81
0B82  C9        RET         (3)  BC:007B  DE:0013  HL:007B  AF:0056  SP:7FF5  PC:0B82
0A1A  C4 88 0B  CNZ 0B88    (2)  BC:007B  DE:0013  HL:007B  AF:0056  SP:7FF7  PC:0A1A
0A1D  E1        POP H       (2)  BC:007B  DE:0013  HL:007B  AF:0056  SP:7FF7  PC:0A1D
0A1E  CA 4D 0A  JZ 0A4D     (2)  BC:007B  DE:0013  HL:0067  AF:0056  SP:7FF9  PC:0A1E
0A4D  E5        PUSH H      (2)  BC:007B  DE:0013  HL:0067  AF:0056  SP:7FF9  PC:0A4D
0A4E  3E 01     MVI A,01    (2)  BC:007B  DE:0013  HL:0067  AF:0056  SP:7FF7  PC:0A4E
0A50  32 C3 0A  STA 0AC3    (2)  BC:007B  DE:0013  HL:0067  AF:0156  SP:7FF7  PC:0A50
0A53  32 E7 0A  STA 0AE7    (2)  BC:007B  DE:0013  HL:0067  AF:0156  SP:7FF7  PC:0A53
0A56  21 B5 0B  LXI H,0BB5  (2)  BC:007B  DE:0013  HL:0067  AF:0156  SP:7FF7  PC:0A56
0A59  22 C4 0A  SHLD 0AC4   (2)  BC:007B  DE:0013  HL:0BB5  AF:0156  SP:7FF7  PC:0A59
0A5C  21 DD 0B  LXI H,0BDD  (2)  BC:007B  DE:0013  HL:0BB5  AF:0156  SP:7FF7  PC:0A5C
0A5F  22 E8 0A  SHLD 0AE8   (2)  BC:007B  DE:0013  HL:0BDD  AF:0156  SP:7FF7  PC:0A5F
0A62  06 04     MVI B,04    (2)  BC:007B  DE:0013  HL:0BDD  AF:0156  SP:7FF7  PC:0A62
0A64  E1        POP H       (2)  BC:047B  DE:0013  HL:0BDD  AF:0156  SP:7FF7  PC:0A64
0A65  E5        PUSH H      (2)  BC:047B  DE:0013  HL:0067  AF:0156  SP:7FF9  PC:0A65
0A66  11 24 0C  LXI D,0C24  (2)  BC:047B  DE:0013  HL:0067  AF:0156  SP:7FF7  PC:0A66
0A69  CD 77 0A  CALL 0A77   (2)  BC:047B  DE:0C24  HL:0067  AF:0156  SP:7FF7  PC:0A69
0A77  CD 80 0A  CALL 0A80   (3)  BC:047B  DE:0C24  HL:0067  AF:0156  SP:7FF5  PC:0A77
0A7A  23        INX H       (3)  BC:047B  DE:0C25  HL:0067  AF:3956  SP:7FF5  PC:0A7A
0A7B  05        DCR B       (3)  BC:047B  DE:0C25  HL:0068  AF:3956  SP:7FF5  PC:0A7B
0A7C  C2 77 0A  JNZ 0A77    (3)  BC:037B  DE:0C25  HL:0068  AF:3916  SP:7FF5  PC:0A7C
0A77  CD 80 0A  CALL 0A80   (3)  BC:037B  DE:0C25  HL:0068  AF:3916  SP:7FF5  PC:0A77
0A7A  23        INX H       (3)  BC:037B  DE:0C26  HL:0068  AF:0056  SP:7FF5  PC:0A7A
0A7B  05        DCR B       (3)  BC:037B  DE:0C26  HL:0069  AF:0056  SP:7FF5  PC:0A7B
0A7C  C2 77 0A  JNZ 0A77    (3)  BC:027B  DE:0C26  HL:0069  AF:0012  SP:7FF5  PC:0A7C
0A77  CD 80 0A  CALL 0A80   (3)  BC:027B  DE:0C26  HL:0069  AF:0012  SP:7FF5  PC:0A77
0A7A  23        INX H       (3)  BC:027B  DE:0C27  HL:0069  AF:0056  SP:7FF5  PC:0A7A
0A7B  05        DCR B       (3)  BC:027B  DE:0C27  HL:006A  AF:0056  SP:7FF5  PC:0A7B
0A7C  C2 77 0A  JNZ 0A77    (3)  BC:017B  DE:0C27  HL:006A  AF:0012  SP:7FF5  PC:0A7C
0A77  CD 80 0A  CALL 0A80   (3)  BC:017B  DE:0C27  HL:006A  AF:0012  SP:7FF5  PC:0A77
0A7A  23        INX H       (3)  BC:017B  DE:0C28  HL:006A  AF:0056  SP:7FF5  PC:0A7A
0A7B  05        DCR B       (3)  BC:017B  DE:0C28  HL:006B  AF:0056  SP:7FF5  PC:0A7B
0A7C  C2 77 0A  JNZ 0A77    (3)  BC:007B  DE:0C28  HL:006B  AF:0056  SP:7FF5  PC:0A7C
0A7F  C9        RET         (3)  BC:007B  DE:0C28  HL:006B  AF:0056  SP:7FF5  PC:0A7F
0A6C  06 10     MVI B,10    (2)  BC:007B  DE:0C28  HL:006B  AF:0056  SP:7FF7  PC:0A6C
0A6E  11 03 00  LXI D,0003  (2)  BC:107B  DE:0C28  HL:006B  AF:0056  SP:7FF7  PC:0A6E
0A71  CD 77 0A  CALL 0A77   (2)  BC:107B  DE:0003  HL:006B  AF:0056  SP:7FF7  PC:0A71
0A77  CD 80 0A  CALL 0A80   (3)  BC:107B  DE:0003  HL:006B  AF:0056  SP:7FF5  PC:0A77
0A7A  23        INX H       (3)  BC:107B  DE:0004  HL:006B  AF:A556  SP:7FF5  PC:0A7A
0A7B  05        DCR B       (3)  BC:107B  DE:0004  HL:006C  AF:A556  SP:7FF5  PC:0A7B
0A7C  C2 77 0A  JNZ 0A77    (3)  BC:0F7B  DE:0004  HL:006C  AF:A506  SP:7FF5  PC:0A7C
0A77  CD 80 0A  CALL 0A80   (3)  BC:0F7B  DE:0004  HL:006C  AF:A506  SP:7FF5  PC:0A77
0A7A  23        INX H       (3)  BC:0F7B  DE:0005  HL:006C  AF:C456  SP:7FF5  PC:0A7A
0A7B  05        DCR B       (3)  BC:0F7B  DE:0005  HL:006D  AF:C456  SP:7FF5  PC:0A7B
0A7C  C2 77 0A  JNZ 0A77    (3)  BC:0E7B  DE:0005  HL:006D  AF:C412  SP:7FF5  PC:0A7C
0A77  CD 80 0A  CALL 0A80   (3)  BC:0E7B  DE:0005  HL:006D  AF:C412  SP:7FF5  PC:0A77
0A7A  23        INX H       (3)  BC:0E7B  DE:0006  HL:006D  AF:C756  SP:7FF5  PC:0A7A
0A7B  05        DCR B       (3)  BC:0E7B  DE:0006  HL:006E  AF:C756  SP:7FF5  PC:0A7B
0A7C  C2 77 0A  JNZ 0A77    (3)  BC:0D7B  DE:0006  HL:006E  AF:C712  SP:7FF5  PC:0A7C
0A77  CD 80 0A  CALL 0A80   (3)  BC:0D7B  DE:0006  HL:006E  AF:C712  SP:7FF5  PC:0A77
0A7A  23        INX H       (3)  BC:0D7B  DE:0007  HL:006E  AF:C456  SP:7FF5  PC:0A7A
0A7B  05        DCR B       (3)  BC:0D7B  DE:0007  HL:006F  AF:C456  SP:7FF5  PC:0A7B
0A7C  C2 77 0A  JNZ 0A77    (3)  BC:0C7B  DE:0007  HL:006F  AF:C416  SP:7FF5  PC:0A7C
0A77  CD 80 0A  CALL 0A80   (3)  BC:0C7B  DE:0007  HL:006F  AF:C416  SP:7FF5  PC:0A77
0A7A  23        INX H       (3)  BC:0C7B  DE:0008  HL:006F  AF:2656  SP:7FF5  PC:0A7A
0A7B  05        DCR B       (3)  BC:0C7B  DE:0008  HL:0070  AF:2656  SP:7FF5  PC:0A7B
0A7C  C2 77 0A  JNZ 0A77    (3)  BC:0B7B  DE:0008  HL:0070  AF:2612  SP:7FF5  PC:0A7C
0A77  CD 80 0A  CALL 0A80   (3)  BC:0B7B  DE:0008  HL:0070  AF:2612  SP:7FF5  PC:0A77
0A7A  23        INX H       (3)  BC:0B7B  DE:0009  HL:0070  AF:D256  SP:7FF5  PC:0A7A
0A7B  05        DCR B       (3)  BC:0B7B  DE:0009  HL:0071  AF:D256  SP:7FF5  PC:0A7B
0A7C  C2 77 0A  JNZ 0A77    (3)  BC:0A7B  DE:0009  HL:0071  AF:D216  SP:7FF5  PC:0A7C
0A77  CD 80 0A  CALL 0A80   (3)  BC:0A7B  DE:0009  HL:0071  AF:D216  SP:7FF5  PC:0A77
0A7A  23        INX H       (3)  BC:0A7B  DE:000A  HL:0071  AF:5157  SP:7FF5  PC:0A7A
0A7B  05        DCR B       (3)  BC:0A7B  DE:000A  HL:0072  AF:5157  SP:7FF5  PC:0A7B
0A7C  C2 77 0A  JNZ 0A77    (3)  BC:097B  DE:000A  HL:0072  AF:5117  SP:7FF5  PC:0A7C
0A77  CD 80 0A  CALL 0A80   (3)  BC:097B  DE:000A  HL:0072  AF:5117  SP:7FF5  PC:0A77
0A7A  23        INX H       (3)  BC:097B  DE:000B  HL:0072  AF:A057  SP:7FF5  PC:0A7A
0A7B  05        DCR B       (3)  BC:097B  DE:000B  HL:0073  AF:A057  SP:7FF5  PC:0A7B
0A7C  C2 77 0A  JNZ 0A77    (3)  BC:087B  DE:000B  HL:0073  AF:A013  SP:7FF5  PC:0A7C
0A77  CD 80 0A  CALL 0A80   (3)  BC:087B  DE:000B  HL:0073  AF:A013  SP:7FF5  PC:0A77
0A7A  23        INX H       (3)  BC:087B  DE:000C  HL:0073  AF:CB57  SP:7FF5  PC:0A7A
0A7B  05        DCR B       (3)  BC:087B  DE:000C  HL:0074  AF:CB57  SP:7FF5  PC:0A7B
0A7C  C2 77 0A  JNZ 0A77    (3)  BC:077B  DE:000C  HL:0074  AF:CB13  SP:7FF5  PC:0A7C
0A77  CD 80 0A  CALL 0A80   (3)  BC:077B  DE:000C  HL:0074  AF:CB13  SP:7FF5  PC:0A77
0A7A  23        INX H       (3)  BC:077B  DE:000D  HL:0074  AF:5857  SP:7FF5  PC:0A7A
0A7B  05        DCR B       (3)  BC:077B  DE:000D  HL:0075  AF:5857  SP:7FF5  PC:0A7B
0A7C  C2 77 0A  JNZ 0A77    (3)  BC:067B  DE:000D  HL:0075  AF:5817  SP:7FF5  PC:0A7C
0A77  CD 80 0A  CALL 0A80   (3)  BC:067B  DE:000D  HL:0075  AF:5817  SP:7FF5  PC:0A77
0A7A  23        INX H       (3)  BC:067B  DE:000E  HL:0075  AF:6657  SP:7FF5  PC:0A7A
0A7B  05        DCR B       (3)  BC:067B  DE:000E  HL:0076  AF:6657  SP:7FF5  PC:0A7B
0A7C  C2 77 0A  JNZ 0A77    (3)  BC:057B  DE:000E  HL:0076  AF:6617  SP:7FF5  PC:0A7C
0A77  CD 80 0A  CALL 0A80   (3)  BC:057B  DE:000E  HL:0076  AF:6617  SP:7FF5  PC:0A77
0A7A  23        INX H       (3)  BC:057B  DE:000F  HL:0076  AF:8557  SP:7FF5  PC:0A7A
0A7B  05        DCR B       (3)  BC:057B  DE:000F  HL:0077  AF:8557  SP:7FF5  PC:0A7B
0A7C  C2 77 0A  JNZ 0A77    (3)  BC:047B  DE:000F  HL:0077  AF:8513  SP:7FF5  PC:0A7C
0A77  CD 80 0A  CALL 0A80   (3)  BC:047B  DE:000F  HL:0077  AF:8513  SP:7FF5  PC:0A77
0A7A  23        INX H       (3)  BC:047B  DE:0010  HL:0077  AF:C657  SP:7FF5  PC:0A7A
0A7B  05        DCR B       (3)  BC:047B  DE:0010  HL:0078  AF:C657  SP:7FF5  PC:0A7B
0A7C  C2 77 0A  JNZ 0A77    (3)  BC:037B  DE:0010  HL:0078  AF:C617  SP:7FF5  PC:0A7C
0A77  CD 80 0A  CALL 0A80   (3)  BC:037B  DE:0010  HL:0078  AF:C617  SP:7FF5  PC:0A77
0A7A  23        INX H       (3)  BC:037B  DE:0011  HL:0078  AF:DE56  SP:7FF5  PC:0A7A
0A7B  05        DCR B       (3)  BC:037B  DE:0011  HL:0079  AF:DE56  SP:7FF5  PC:0A7B
0A7C  C2 77 0A  JNZ 0A77    (3)  BC:027B  DE:0011  HL:0079  AF:DE12  SP:7FF5  PC:0A7C
0A77  CD 80 0A  CALL 0A80   (3)  BC:027B  DE:0011  HL:0079  AF:DE12  SP:7FF5  PC:0A77
0A7A  23        INX H       (3)  BC:027B  DE:0012  HL:0079  AF:C957  SP:7FF5  PC:0A7A
0A7B  05        DCR B       (3)  BC:027B  DE:0012  HL:007A  AF:C957  SP:7FF5  PC:0A7B
0A7C  C2 77 0A  JNZ 0A77    (3)  BC:017B  DE:0012  HL:007A  AF:C913  SP:7FF5  PC:0A7C
0A77  CD 80 0A  CALL 0A80   (3)  BC:017B  DE:0012  HL:007A  AF:C913  SP:7FF5  PC:0A77
0A7A  23        INX H       (3)  BC:017B  DE:0013  HL:007A  AF:9B57  SP:7FF5  PC:0A7A
0A7B  05        DCR B       (3)  BC:017B  DE:0013  HL:007B  AF:9B57  SP:7FF5  PC:0A7B
0A7C  C2 77 0A  JNZ 0A77    (3)  BC:007B  DE:0013  HL:007B  AF:9B57  SP:7FF5  PC:0A7C
0A7F  C9        RET         (3)  BC:007B  DE:0013  HL:007B  AF:9B57  SP:7FF5  PC:0A7F
0A74  C3 00 0A  JMP 0A00    (2)  BC:007B  DE:0013  HL:007B  AF:9B57  SP:7FF7  PC:0A74
0A00  3A 24 0C  LDA 0C24    (2)  BC:007B  DE:0013  HL:007B  AF:9B57  SP:7FF7  PC:0A00
0A03  FE 76     CPI 76      (2)  BC:007B  DE:0013  HL:007B  AF:3957  SP:7FF7  PC:0A03
0A05  CA 17 0A  JZ 0A17     (2)  BC:007B  DE:0013  HL:007B  AF:3997  SP:7FF7  PC:0A05
0A08  E6 DF     ANI DF      (2)  BC:007B  DE:0013  HL:007B  AF:3997  SP:7FF7  PC:0A08
0A0A  FE DD     CPI DD      (2)  BC:007B  DE:0013  HL:007B  AF:1912  SP:7FF7  PC:0A0A
0A0C  C2 14 0A  JNZ 0A14    (2)  BC:007B  DE:0013  HL:007B  AF:1907  SP:7FF7  PC:0A0C
0A14  C4 05 0C  CNZ 0C05    (2)  BC:007B  DE:0013  HL:007B  AF:1907  SP:7FF7  PC:0A14
0C05  F5        PUSH PSW    (3)  BC:007B  DE:0013  HL:007B  AF:1907  SP:7FF5  PC:0C05
0C06  C5        PUSH B      (3)  BC:007B  DE:0013  HL:007B  AF:1907  SP:7FF3  PC:0C06
0C07  D5        PUSH D      (3)  BC:007B  DE:0013  HL:007B  AF:1907  SP:7FF1  PC:0C07
0C08  E5        PUSH H      (3)  BC:007B  DE:0013  HL:007B  AF:1907  SP:7FEF  PC:0C08
0C09  F3        DI          (3)  BC:007B  DE:0013  HL:007B  AF:1907  SP:7FED  PC:0C09
0C0A  21 00 00  LXI H,0000  (3)  BC:007B  DE:0013  HL:007B  AF:1907  SP:7FED  PC:0C0A
0C0D  39        DAD SP      (3)  BC:007B  DE:0013  HL:0000  AF:1907  SP:7FED  PC:0C0D
0C0E  22 80 0C  SHLD 0C80   (3)  BC:007B  DE:0013  HL:7FED  AF:1906  SP:7FED  PC:0C0E
0C11  31 05 00  LXI SP,0005 (3)  BC:007B  DE:0013  HL:7FED  AF:1906  SP:7FED  PC:0C11
0C14  E1        POP H       (3)  BC:007B  DE:0013  HL:7FED  AF:1906  SP:0005  PC:0C14
0C15  E1        POP H       (3)  BC:007B  DE:0013  HL:C4C7  AF:1906  SP:0007  PC:0C15
0C16  E1        POP H       (3)  BC:007B  DE:0013  HL:D226  AF:1906  SP:0009  PC:0C16
0C17  D1        POP D       (3)  BC:007B  DE:0013  HL:A051  AF:1906  SP:000B  PC:0C17
0C18  C1        POP B       (3)  BC:007B  DE:58CB  HL:A051  AF:1906  SP:000D  PC:0C18
0C19  F1        POP PSW     (3)  BC:8566  DE:58CB  HL:A051  AF:1906  SP:000F  PC:0C19
0C1A  22 6E 0C  SHLD 0C6E   (3)  BC:8566  DE:58CB  HL:A051  AF:DEC6  SP:0011  PC:0C1A
0C1D  2A 11 00  LHLD 0011   (3)  BC:8566  DE:58CB  HL:A051  AF:DEC6  SP:0011  PC:0C1D
0C20  F9        SPHL        (3)  BC:8566  DE:58CB  HL:9BC9  AF:DEC6  SP:0011  PC:0C20
0C21  2A 6E 0C  LHLD 0C6E   (3)  BC:8566  DE:58CB  HL:9BC9  AF:DEC6  SP:9BC9  PC:0C21
0C24  39        DAD SP      (3)  BC:8566  DE:58CB  HL:A051  AF:DEC6  SP:9BC9  PC:0C24
0C25  00        NOP         (3)  BC:8566  DE:58CB  HL:3C1A  AF:DEC7  SP:9BC9  PC:0C25
0C26  00        NOP         (3)  BC:8566  DE:58CB  HL:3C1A  AF:DEC7  SP:9BC9  PC:0C26
0C27  00        NOP         (3)  BC:8566  DE:58CB  HL:3C1A  AF:DEC7  SP:9BC9  PC:0C27
0C28  22 6E 0C  SHLD 0C6E   (3)  BC:8566  DE:58CB  HL:3C1A  AF:DEC7  SP:9BC9  PC:0C28
0C2B  21 00 00  LXI H,0000  (3)  BC:8566  DE:58CB  HL:3C1A  AF:DEC7  SP:9BC9  PC:0C2B
0C2E  DA 35 0C  JC 0C35     (3)  BC:8566  DE:58CB  HL:0000  AF:DEC7  SP:9BC9  PC:0C2E
0C35  39        DAD SP      (3)  BC:8566  DE:58CB  HL:0000  AF:DEC7  SP:9BC9  PC:0C35
0C36  37        STC         (3)  BC:8566  DE:58CB  HL:9BC9  AF:DEC6  SP:9BC9  PC:0C36
0C37  22 7E 0C  SHLD 0C7E   (3)  BC:8566  DE:58CB  HL:9BC9  AF:DEC7  SP:9BC9  PC:0C37
0C3A  2A 6E 0C  LHLD 0C6E   (3)  BC:8566  DE:58CB  HL:9BC9  AF:DEC7  SP:9BC9  PC:0C3A
0C3D  31 7E 0C  LXI SP,0C7E (3)  BC:8566  DE:58CB  HL:3C1A  AF:DEC7  SP:9BC9  PC:0C3D
0C40  F5        PUSH PSW    (3)  BC:8566  DE:58CB  HL:3C1A  AF:DEC7  SP:0C7E  PC:0C40
0C41  C5        PUSH B      (3)  BC:8566  DE:58CB  HL:3C1A  AF:DEC7  SP:0C7C  PC:0C41
0C42  D5        PUSH D      (3)  BC:8566  DE:58CB  HL:3C1A  AF:DEC7  SP:0C7A  PC:0C42
0C43  E5        PUSH H      (3)  BC:8566  DE:58CB  HL:3C1A  AF:DEC7  SP:0C78  PC:0C43
0C44  E5        PUSH H      (3)  BC:8566  DE:58CB  HL:3C1A  AF:DEC7  SP:0C76  PC:0C44
0C45  E5        PUSH H      (3)  BC:8566  DE:58CB  HL:3C1A  AF:DEC7  SP:0C74  PC:0C45
0C46  2A 80 0C  LHLD 0C80   (3)  BC:8566  DE:58CB  HL:3C1A  AF:DEC7  SP:0C72  PC:0C46
0C49  F9        SPHL        (3)  BC:8566  DE:58CB  HL:7FED  AF:DEC7  SP:0C72  PC:0C49
0C4A  FB        EI          (3)  BC:8566  DE:58CB  HL:7FED  AF:DEC7  SP:7FED  PC:0C4A
0C4B  2A 03 00  LHLD 0003   (3)  BC:8566  DE:58CB  HL:7FED  AF:DEC7  SP:7FED  PC:0C4B
0C4E  22 70 0C  SHLD 0C70   (3)  BC:8566  DE:58CB  HL:C4A5  AF:DEC7  SP:7FED  PC:0C4E
0C51  21 7C 0C  LXI H,0C7C  (3)  BC:8566  DE:58CB  HL:C4A5  AF:DEC7  SP:7FED  PC:0C51
0C54  7E        MOV A,M     (3)  BC:8566  DE:58CB  HL:0C7C  AF:DEC7  SP:7FED  PC:0C54
0C55  E6 FF     ANI FF      (3)  BC:8566  DE:58CB  HL:0C7C  AF:C7C7  SP:7FED  PC:0C55
0C57  77        MOV M,A     (3)  BC:8566  DE:58CB  HL:0C7C  AF:C792  SP:7FED  PC:0C57
0C58  06 10     MVI B,10    (3)  BC:8566  DE:58CB  HL:0C7C  AF:C792  SP:7FED  PC:0C58
0C5A  11 70 0C  LXI D,0C70  (3)  BC:1066  DE:58CB  HL:0C7C  AF:C792  SP:7FED  PC:0C5A
0C5D  21 BB 0D  LXI H,0DBB  (3)  BC:1066  DE:0C70  HL:0C7C  AF:C792  SP:7FED  PC:0C5D
0C60  1A        LDAX D      (3)  BC:1066  DE:0C70  HL:0DBB  AF:C792  SP:7FED  PC:0C60
0C61  13        INX D       (3)  BC:1066  DE:0C70  HL:0DBB  AF:A592  SP:7FED  PC:0C61
0C62  CD 7F 0D  CALL 0D7F   (3)  BC:1066  DE:0C71  HL:0DBB  AF:A592  SP:7FED  PC:0C62
0C65  05        DCR B       (3)  BC:1066  DE:0C71  HL:0DBB  AF:A592  SP:7FED  PC:0C65
0C66  C2 60 0C  JNZ 0C60    (3)  BC:0F66  DE:0C71  HL:0DBB  AF:A506  SP:7FED  PC:0C66
0C60  1A        LDAX D      (3)  BC:0F66  DE:0C71  HL:0DBB  AF:A506  SP:7FED  PC:0C60
0C61  13        INX D       (3)  BC:0F66  DE:0C71  HL:0DBB  AF:C406  SP:7FED  PC:0C61
0C62  CD 7F 0D  CALL 0D7F   (3)  BC:0F66  DE:0C72  HL:0DBB  AF:C406  SP:7FED  PC:0C62
0C65  05        DCR B       (3)  BC:0F66  DE:0C72  HL:0DBB  AF:C406  SP:7FED  PC:0C65
0C66  C2 60 0C  JNZ 0C60    (3)  BC:0E66  DE:0C72  HL:0DBB  AF:C412  SP:7FED  PC:0C66
0C60  1A        LDAX D      (3)  BC:0E66  DE:0C72  HL:0DBB  AF:C412  SP:7FED  PC:0C60
0C61  13        INX D       (3)  BC:0E66  DE:0C72  HL:0DBB  AF:1A12  SP:7FED  PC:0C61
0C62  CD 7F 0D  CALL 0D7F   (3)  BC:0E66  DE:0C73  HL:0DBB  AF:1A12  SP:7FED  PC:0C62
0C65  05        DCR B       (3)  BC:0E66  DE:0C73  HL:0DBB  AF:1A12  SP:7FED  PC:0C65
0C66  C2 60 0C  JNZ 0C60    (3)  BC:0D66  DE:0C73  HL:0DBB  AF:1A12  SP:7FED  PC:0C66
0C60  1A        LDAX D      (3)  BC:0D66  DE:0C73  HL:0DBB  AF:1A12  SP:7FED  PC:0C60
0C61  13        INX D       (3)  BC:0D66  DE:0C73  HL:0DBB  AF:3C12  SP:7FED  PC:0C61
0C62  CD 7F 0D  CALL 0D7F   (3)  BC:0D66  DE:0C74  HL:0DBB  AF:3C12  SP:7FED  PC:0C62
0C65  05        DCR B       (3)  BC:0D66  DE:0C74  HL:0DBB  AF:3C12  SP:7FED  PC:0C65
0C66  C2 60 0C  JNZ 0C60    (3)  BC:0C66  DE:0C74  HL:0DBB  AF:3C16  SP:7FED  PC:0C66
0C60  1A        LDAX D      (3)  BC:0C66  DE:0C74  HL:0DBB  AF:3C16  SP:7FED  PC:0C60
0C61  13        INX D       (3)  BC:0C66  DE:0C74  HL:0DBB  AF:1A16  SP:7FED  PC:0C61
0C62  CD 7F 0D  CALL 0D7F   (3)  BC:0C66  DE:0C75  HL:0DBB  AF:1A16  SP:7FED  PC:0C62
0C65  05        DCR B       (3)  BC:0C66  DE:0C75  HL:0DBB  AF:1A16  SP:7FED  PC:0C65
0C66  C2 60 0C  JNZ 0C60    (3)  BC:0B66  DE:0C75  HL:0DBB  AF:1A12  SP:7FED  PC:0C66
0C60  1A        LDAX D      (3)  BC:0B66  DE:0C75  HL:0DBB  AF:1A12  SP:7FED  PC:0C60
0C61  13        INX D       (3)  BC:0B66  DE:0C75  HL:0DBB  AF:3C12  SP:7FED  PC:0C61
0C62  CD 7F 0D  CALL 0D7F   (3)  BC:0B66  DE:0C76  HL:0DBB  AF:3C12  SP:7FED  PC:0C62
0C65  05        DCR B       (3)  BC:0B66  DE:0C76  HL:0DBB  AF:3C12  SP:7FED  PC:0C65
0C66  C2 60 0C  JNZ 0C60    (3)  BC:0A66  DE:0C76  HL:0DBB  AF:3C16  SP:7FED  PC:0C66
0C60  1A        LDAX D      (3)  BC:0A66  DE:0C76  HL:0DBB  AF:3C16  SP:7FED  PC:0C60
0C61  13        INX D       (3)  BC:0A66  DE:0C76  HL:0DBB  AF:1A16  SP:7FED  PC:0C61
0C62  CD 7F 0D  CALL 0D7F   (3)  BC:0A66  DE:0C77  HL:0DBB  AF:1A16  SP:7FED  PC:0C62
0C65  05        DCR B       (3)  BC:0A66  DE:0C77  HL:0DBB  AF:1A16  SP:7FED  PC:0C65
0C66  C2 60 0C  JNZ 0C60    (3)  BC:0966  DE:0C77  HL:0DBB  AF:1A16  SP:7FED  PC:0C66
0C60  1A        LDAX D      (3)  BC:0966  DE:0C77  HL:0DBB  AF:1A16  SP:7FED  PC:0C60
0C61  13        INX D       (3)  BC:0966  DE:0C77  HL:0DBB  AF:3C16  SP:7FED  PC:0C61
0C62  CD 7F 0D  CALL 0D7F   (3)  BC:0966  DE:0C78  HL:0DBB  AF:3C16  SP:7FED  PC:0C62
0C65  05        DCR B       (3)  BC:0966  DE:0C78  HL:0DBB  AF:3C16  SP:7FED  PC:0C65
0C66  C2 60 0C  JNZ 0C60    (3)  BC:0866  DE:0C78  HL:0DBB  AF:3C12  SP:7FED  PC:0C66
0C60  1A        LDAX D      (3)  BC:0866  DE:0C78  HL:0DBB  AF:3C12  SP:7FED  PC:0C60
0C61  13        INX D       (3)  BC:0866  DE:0C78  HL:0DBB  AF:CB12  SP:7FED  PC:0C61
0C62  CD 7F 0D  CALL 0D7F   (3)  BC:0866  DE:0C79  HL:0DBB  AF:CB12  SP:7FED  PC:0C62
0C65  05        DCR B       (3)  BC:0866  DE:0C79  HL:0DBB  AF:CB12  SP:7FED  PC:0C65
0C66  C2 60 0C  JNZ 0C60    (3)  BC:0766  DE:0C79  HL:0DBB  AF:CB12  SP:7FED  PC:0C66
0C60  1A        LDAX D      (3)  BC:0766  DE:0C79  HL:0DBB  AF:CB12  SP:7FED  PC:0C60
0C61  13        INX D       (3)  BC:0766  DE:0C79  HL:0DBB  AF:5812  SP:7FED  PC:0C61
0C62  CD 7F 0D  CALL 0D7F   (3)  BC:0766  DE:0C7A  HL:0DBB  AF:5812  SP:7FED  PC:0C62
0C65  05        DCR B       (3)  BC:0766  DE:0C7A  HL:0DBB  AF:5812  SP:7FED  PC:0C65
0C66  C2 60 0C  JNZ 0C60    (3)  BC:0666  DE:0C7A  HL:0DBB  AF:5816  SP:7FED  PC:0C66
0C60  1A        LDAX D      (3)  BC:0666  DE:0C7A  HL:0DBB  AF:5816  SP:7FED  PC:0C60
0C61  13        INX D       (3)  BC:0666  DE:0C7A  HL:0DBB  AF:6616  SP:7FED  PC:0C61
0C62  CD 7F 0D  CALL 0D7F   (3)  BC:0666  DE:0C7B  HL:0DBB  AF:6616  SP:7FED  PC:0C62
0C65  05        DCR B       (3)  BC:0666  DE:0C7B  HL:0DBB  AF:6616  SP:7FED  PC:0C65
0C66  C2 60 0C  JNZ 0C60    (3)  BC:0566  DE:0C7B  HL:0DBB  AF:6616  SP:7FED  PC:0C66
0C60  1A        LDAX D      (3)  BC:0566  DE:0C7B  HL:0DBB  AF:6616  SP:7FED  PC:0C60
0C61  13        INX D       (3)  BC:0566  DE:0C7B  HL:0DBB  AF:8516  SP:7FED  PC:0C61
0C62  CD 7F 0D  CALL 0D7F   (3)  BC:0566  DE:0C7C  HL:0DBB  AF:8516  SP:7FED  PC:0C62
0C65  05        DCR B       (3)  BC:0566  DE:0C7C  HL:0DBB  AF:8516  SP:7FED  PC:0C65
0C66  C2 60 0C  JNZ 0C60    (3)  BC:0466  DE:0C7C  HL:0DBB  AF:8512  SP:7FED  PC:0C66
0C60  1A        LDAX D      (3)  BC:0466  DE:0C7C  HL:0DBB  AF:8512  SP:7FED  PC:0C60
0C61  13        INX D       (3)  BC:0466  DE:0C7C  HL:0DBB  AF:C712  SP:7FED  PC:0C61
0C62  CD 7F 0D  CALL 0D7F   (3)  BC:0466  DE:0C7D  HL:0DBB  AF:C712  SP:7FED  PC:0C62
0C65  05        DCR B       (3)  BC:0466  DE:0C7D  HL:0DBB  AF:C712  SP:7FED  PC:0C65
0C66  C2 60 0C  JNZ 0C60    (3)  BC:0366  DE:0C7D  HL:0DBB  AF:C716  SP:7FED  PC:0C66
0C60  1A        LDAX D      (3)  BC:0366  DE:0C7D  HL:0DBB  AF:C716  SP:7FED  PC:0C60
0C61  13        INX D       (3)  BC:0366  DE:0C7D  HL:0DBB  AF:DE16  SP:7FED  PC:0C61
0C62  CD 7F 0D  CALL 0D7F   (3)  BC:0366  DE:0C7E  HL:0DBB  AF:DE16  SP:7FED  PC:0C62
0C65  05        DCR B       (3)  BC:0366  DE:0C7E  HL:0DBB  AF:DE16  SP:7FED  PC:0C65
0C66  C2 60 0C  JNZ 0C60    (3)  BC:0266  DE:0C7E  HL:0DBB  AF:DE12  SP:7FED  PC:0C66
0C60  1A        LDAX D      (3)  BC:0266  DE:0C7E  HL:0DBB  AF:DE12  SP:7FED  PC:0C60
0C61  13        INX D       (3)  BC:0266  DE:0C7E  HL:0DBB  AF:C912  SP:7FED  PC:0C61
0C62  CD 7F 0D  CALL 0D7F   (3)  BC:0266  DE:0C7F  HL:0DBB  AF:C912  SP:7FED  PC:0C62
0C65  05        DCR B       (3)  BC:0266  DE:0C7F  HL:0DBB  AF:C912  SP:7FED  PC:0C65
0C66  C2 60 0C  JNZ 0C60    (3)  BC:0166  DE:0C7F  HL:0DBB  AF:C912  SP:7FED  PC:0C66
0C60  1A        LDAX D      (3)  BC:0166  DE:0C7F  HL:0DBB  AF:C912  SP:7FED  PC:0C60
0C61  13        INX D       (3)  BC:0166  DE:0C7F  HL:0DBB  AF:9B12  SP:7FED  PC:0C61
0C62  CD 7F 0D  CALL 0D7F   (3)  BC:0166  DE:0C80  HL:0DBB  AF:9B12  SP:7FED  PC:0C62
0C65  05        DCR B       (3)  BC:0166  DE:0C80  HL:0DBB  AF:9B12  SP:7FED  PC:0C65
0C66  C2 60 0C  JNZ 0C60    (3)  BC:0066  DE:0C80  HL:0DBB  AF:9B56  SP:7FED  PC:0C66
0C69  E1        POP H       (3)  BC:0066  DE:0C80  HL:0DBB  AF:9B56  SP:7FED  PC:0C69
0C6A  D1        POP D       (3)  BC:0066  DE:0C80  HL:007B  AF:9B56  SP:7FEF  PC:0C6A
0C6B  C1        POP B       (3)  BC:0066  DE:0013  HL:007B  AF:9B56  SP:7FF1  PC:0C6B
0C6C  F1        POP PSW     (3)  BC:007B  DE:0013  HL:007B  AF:9B56  SP:7FF3  PC:0C6C
0C6D  C9        RET         (3)  BC:007B  DE:0013  HL:007B  AF:1907  SP:7FF5  PC:0C6D
0A17  CD 64 0B  CALL 0B64   (2)  BC:007B  DE:0013  HL:007B  AF:1907  SP:7FF7  PC:0A17
0B64  C5        PUSH B      (3)  BC:007B  DE:0013  HL:007B  AF:1907  SP:7FF5  PC:0B64
0B65  D5        PUSH D      (3)  BC:007B  DE:0013  HL:007B  AF:1907  SP:7FF3  PC:0B65
0B66  E5        PUSH H      (3)  BC:007B  DE:0013  HL:007B  AF:1907  SP:7FF1  PC:0B66
0B67  21 B5 0B  LXI H,0BB5  (3)  BC:007B  DE:0013  HL:007B  AF:1907  SP:7FEF  PC:0B67
0B6A  11 14 00  LXI D,0014  (3)  BC:007B  DE:0013  HL:0BB5  AF:1907  SP:7FEF  PC:0B6A
0B6D  EB        XCHG        (3)  BC:007B  DE:0014  HL:0BB5  AF:1907  SP:7FEF  PC:0B6D
0B6E  19        DAD D       (3)  BC:007B  DE:0BB5  HL:0014  AF:1907  SP:7FEF  PC:0B6E
0B6F  EB        XCHG        (3)  BC:007B  DE:0BB5  HL:0BC9  AF:1906  SP:7FEF  PC:0B6F
0B70  34        INR M       (3)  BC:007B  DE:0BC9  HL:0BB5  AF:1906  SP:7FEF  PC:0B70
0B71  7E        MOV A,M     (3)  BC:007B  DE:0BC9  HL:0BB5  AF:1912  SP:7FEF  PC:0B71
0B72  FE 00     CPI 00      (3)  BC:007B  DE:0BC9  HL:0BB5  AF:1012  SP:7FEF  PC:0B72
0B74  CA 83 0B  JZ 0B83     (3)  BC:007B  DE:0BC9  HL:0BB5  AF:1012  SP:7FEF  PC:0B74
0B77  47        MOV B,A     (3)  BC:007B  DE:0BC9  HL:0BB5  AF:1012  SP:7FEF  PC:0B77
0B78  1A        LDAX D      (3)  BC:107B  DE:0BC9  HL:0BB5  AF:1012  SP:7FEF  PC:0B78
0B79  A0        ANA B       (3)  BC:107B  DE:0BC9  HL:0BB5  AF:0012  SP:7FEF  PC:0B79
0B7A  CA 7F 0B  JZ 0B7F     (3)  BC:107B  DE:0BC9  HL:0BB5  AF:0046  SP:7FEF  PC:0B7A
0B7F  C1        POP B       (3)  BC:107B  DE:0BC9  HL:0BB5  AF:0046  SP:7FEF  PC:0B7F
0B80  D1        POP D       (3)  BC:007B  DE:0BC9  HL:0BB5  AF:0046  SP:7FF1  PC:0B80
0B81  E1        POP H       (3)  BC:007B  DE:0013  HL:0BB5  AF:0046  SP:7FF3  PC:0B81
0B82  C9        RET         (3)  BC:007B  DE:0013  HL:007B  AF:0046  SP:7FF5  PC:0B82
0A1A  C4 88 0B  CNZ 0B88    (2)  BC:007B  DE:0013  HL:007B  AF:0046  SP:7FF7  PC:0A1A
0A1D  E1        POP H       (2)  BC:007B  DE:0013  HL:007B  AF:0046  SP:7FF7  PC:0A1D
0A1E  CA 4D 0A  JZ 0A4D     (2)  BC:007B  DE:0013  HL:0067  AF:0046  SP:7FF9  PC:0A1E
0A4D  E5        PUSH H      (2)  BC:007B  DE:0013  HL:0067  AF:0046  SP:7FF9  PC:0A4D
0A4E  3E 01     MVI A,01    (2)  BC:007B  DE:0013  HL:0067  AF:0046  SP:7FF7  PC:0A4E
0A50  32 C3 0A  STA 0AC3    (2)  BC:007B  DE:0013  HL:0067  AF:0146  SP:7FF7  PC:0A50
0A53  32 E7 0A  STA 0AE7    (2)  BC:007B  DE:0013  HL:0067  AF:0146  SP:7FF7  PC:0A53
0A56  21 B5 0B  LXI H,0BB5  (2)  BC:007B  DE:0013  HL:0067  AF:0146  SP:7FF7  PC:0A56
0A59  22 C4 0A  SHLD 0AC4   (2)  BC:007B  DE:0013  HL:0BB5  AF:0146  SP:7FF7  PC:0A59
0A5C  21 DD 0B  LXI H,0BDD  (2)  BC:007B  DE:0013  HL:0BB5  AF:0146  SP:7FF7  PC:0A5C
0A5F  22 E8 0A  SHLD 0AE8   (2)  BC:007B  DE:0013  HL:0BDD  AF:0146  SP:7FF7  PC:0A5F
0A62  06 04     MVI B,04    (2)  BC:007B  DE:0013  HL:0BDD  AF:0146  SP:7FF7  PC:0A62
0A64  E1        POP H       (2)  BC:047B  DE:0013  HL:0BDD  AF:0146  SP:7FF7  PC:0A64
0A65  E5        PUSH H      (2)  BC:047B  DE:0013  HL:0067  AF:0146  SP:7FF9  PC:0A65
0A66  11 24 0C  LXI D,0C24  (2)  BC:047B  DE:0013  HL:0067  AF:0146  SP:7FF7  PC:0A66
0A69  CD 77 0A  CALL 0A77   (2)  BC:047B  DE:0C24  HL:0067  AF:0146  SP:7FF7  PC:0A69
0A77  CD 80 0A  CALL 0A80   (3)  BC:047B  DE:0C24  HL:0067  AF:0146  SP:7FF5  PC:0A77
0A7A  23        INX H       (3)  BC:047B  DE:0C25  HL:0067  AF:0956  SP:7FF5  PC:0A7A
0A7B  05        DCR B       (3)  BC:047B  DE:0C25  HL:0068  AF:0956  SP:7FF5  PC:0A7B
0A7C  C2 77 0A  JNZ 0A77    (3)  BC:037B  DE:0C25  HL:0068  AF:0916  SP:7FF5  PC:0A7C
0A77  CD 80 0A  CALL 0A80   (3)  BC:037B  DE:0C25  HL:0068  AF:0916  SP:7FF5  PC:0A77
0A7A  23        INX H       (3)  BC:037B  DE:0C26  HL:0068  AF:0056  SP:7FF5  PC:0A7A
0A7B  05        DCR B       (3)  BC:037B  DE:0C26  HL:0069  AF:0056  SP:7FF5  PC:0A7B
0A7C  C2 77 0A  JNZ 0A77    (3)  BC:027B  DE:0C26  HL:0069  AF:0012  SP:7FF5  PC:0A7C
0A77  CD 80 0A  CALL 0A80   (3)  BC:027B  DE:0C26  HL:0069  AF:0012  SP:7FF5  PC:0A77
0A7A  23        INX H       (3)  BC:027B  DE:0C27  HL:0069  AF:0056  SP:7FF5  PC:0A7A
0A7B  05        DCR B       (3)  BC:027B  DE:0C27  HL:006A  AF:0056  SP:7FF5  PC:0A7B
0A7C  C2 77 0A  JNZ 0A77    (3)  BC:017B  DE:0C27  HL:006A  AF:0012  SP:7FF5  PC:0A7C
0A77  CD 80 0A  CALL 0A80   (3)  BC:017B  DE:0C27  HL:006A  AF:0012  SP:7FF5  PC:0A77
0A7A  23        INX H       (3)  BC:017B  DE:0C28  HL:006A  AF:0056  SP:7FF5  PC:0A7A
0A7B  05        DCR B       (3)  BC:017B  DE:0C28  HL:006B  AF:0056  SP:7FF5  PC:0A7B
0A7C  C2 77 0A  JNZ 0A77    (3)  BC:007B  DE:0C28  HL:006B  AF:0056  SP:7FF5  PC:0A7C
0A7F  C9        RET         (3)  BC:007B  DE:0C28  HL:006B  AF:0056  SP:7FF5  PC:0A7F
0A6C  06 10     MVI B,10    (2)  BC:007B  DE:0C28  HL:006B  AF:0056  SP:7FF7  PC:0A6C
0A6E  11 03 00  LXI D,0003  (2)  BC:107B  DE:0C28  HL:006B  AF:0056  SP:7FF7  PC:0A6E
0A71  CD 77 0A  CALL 0A77   (2)  BC:107B  DE:0003  HL:006B  AF:0056  SP:7FF7  PC:0A71
0A77  CD 80 0A  CALL 0A80   (3)  BC:107B  DE:0003  HL:006B  AF:0056  SP:7FF5  PC:0A77
0A7A  23        INX H       (3)  BC:107B  DE:0004  HL:006B  AF:A556  SP:7FF5  PC:0A7A
0A7B  05        DCR B       (3)  BC:107B  DE:0004  HL:006C  AF:A556  SP:7FF5  PC:0A7B
0A7C  C2 77 0A  JNZ 0A77    (3)  BC:0F7B  DE:0004  HL:006C  AF:A506  SP:7FF5  PC:0A7C
0A77  CD 80 0A  CALL 0A80   (3)  BC:0F7B  DE:0004  HL:006C  AF:A506  SP:7FF5  PC:0A77
0A7A  23        INX H       (3)  BC:0F7B  DE:0005  HL:006C  AF:C456  SP:7FF5  PC:0A7A
0A7B  05        DCR B       (3)  BC:0F7B  DE:0005  HL:006D  AF:C456  SP:7FF5  PC:0A7B
0A7C  C2 77 0A  JNZ 0A77    (3)  BC:0E7B  DE:0005  HL:006D  AF:C412  SP:7FF5  PC:0A7C
0A77  CD 80 0A  CALL 0A80   (3)  BC:0E7B  DE:0005  HL:006D  AF:C412  SP:7FF5  PC:0A77
0A7A  23        INX H       (3)  BC:0E7B  DE:0006  HL:006D  AF:C756  SP:7FF5  PC:0A7A
0A7B  05        DCR B       (3)  BC:0E7B  DE:0006  HL:006E  AF:C756  SP:7FF5  PC:0A7B
0A7C  C2 77 0A  JNZ 0A77    (3)  BC:0D7B  DE:0006  HL:006E  AF:C712  SP:7FF5  PC:0A7C
0A77  CD 80 0A  CALL 0A80   (3)  BC:0D7B  DE:0006  HL:006E  AF:C712  SP:7FF5  PC:0A77
0A7A  23        INX H       (3)  BC:0D7B  DE:0007  HL:006E  AF:C456  SP:7FF5  PC:0A7A
0A7B  05        DCR B       (3)  BC:0D7B  DE:0007  HL:006F  AF:C456  SP:7FF5  PC:0A7B
0A7C  C2 77 0A  JNZ 0A77    (3)  BC:0C7B  DE:0007  HL:006F  AF:C416  SP:7FF5  PC:0A7C
0A77  CD 80 0A  CALL 0A80   (3)  BC:0C7B  DE:0007  HL:006F  AF:C416  SP:7FF5  PC:0A77
0A7A  23        INX H       (3)  BC:0C7B  DE:0008  HL:006F  AF:2656  SP:7FF5  PC:0A7A
0A7B  05        DCR B       (3)  BC:0C7B  DE:0008  HL:0070  AF:2656  SP:7FF5  PC:0A7B
0A7C  C2 77 0A  JNZ 0A77    (3)  BC:0B7B  DE:0008  HL:0070  AF:2612  SP:7FF5  PC:0A7C
0A77  CD 80 0A  CALL 0A80   (3)  BC:0B7B  DE:0008  HL:0070  AF:2612  SP:7FF5  PC:0A77
0A7A  23        INX H       (3)  BC:0B7B  DE:0009  HL:0070  AF:D256  SP:7FF5  PC:0A7A
0A7B  05        DCR B       (3)  BC:0B7B  DE:0009  HL:0071  AF:D256  SP:7FF5  PC:0A7B
0A7C  C2 77 0A  JNZ 0A77    (3)  BC:0A7B  DE:0009  HL:0071  AF:D216  SP:7FF5  PC:0A7C
0A77  CD 80 0A  CALL 0A80   (3)  BC:0A7B  DE:0009  HL:0071  AF:D216  SP:7FF5  PC:0A77
0A7A  23        INX H       (3)  BC:0A7B  DE:000A  HL:0071  AF:5157  SP:7FF5  PC:0A7A
0A7B  05        DCR B       (3)  BC:0A7B  DE:000A  HL:0072  AF:5157  SP:7FF5  PC:0A7B
0A7C  C2 77 0A  JNZ 0A77    (3)  BC:097B  DE:000A  HL:0072  AF:5117  SP:7FF5  PC:0A7C
0A77  CD 80 0A  CALL 0A80   (3)  BC:097B  DE:000A  HL:0072  AF:5117  SP:7FF5  PC:0A77
0A7A  23        INX H       (3)  BC:097B  DE:000B  HL:0072  AF:A057  SP:7FF5  PC:0A7A
0A7B  05        DCR B       (3)  BC:097B  DE:000B  HL:0073  AF:A057  SP:7FF5  PC:0A7B
0A7C  C2 77 0A  JNZ 0A77    (3)  BC:087B  DE:000B  HL:0073  AF:A013  SP:7FF5  PC:0A7C
0A77  CD 80 0A  CALL 0A80   (3)  BC:087B  DE:000B  HL:0073  AF:A013  SP:7FF5  PC:0A77
0A7A  23        INX H       (3)  BC:087B  DE:000C  HL:0073  AF:EA57  SP:7FF5  PC:0A7A
0A7B  05        DCR B       (3)  BC:087B  DE:000C  HL:0074  AF:EA57  SP:7FF5  PC:0A7B
0A7C  C2 77 0A  JNZ 0A77    (3)  BC:077B  DE:000C  HL:0074  AF:EA13  SP:7FF5  PC:0A7C
0A77  CD 80 0A  CALL 0A80   (3)  BC:077B  DE:000C  HL:0074  AF:EA13  SP:7FF5  PC:0A77
0A7A  23        INX H       (3)  BC:077B  DE:000D  HL:0074  AF:5057  SP:7FF5  PC:0A7A
0A7B  05        DCR B       (3)  BC:077B  DE:000D  HL:0075  AF:5057  SP:7FF5  PC:0A7B
0A7C  C2 77 0A  JNZ 0A77    (3)  BC:067B  DE:000D  HL:0075  AF:5017  SP:7FF5  PC:0A7C
0A77  CD 80 0A  CALL 0A80   (3)  BC:067B  DE:000D  HL:0075  AF:5017  SP:7FF5  PC:0A77
0A7A  23        INX H       (3)  BC:067B  DE:000E  HL:0075  AF:6657  SP:7FF5  PC:0A7A
0A7B  05        DCR B       (3)  BC:067B  DE:000E  HL:0076  AF:6657  SP:7FF5  PC:0A7B
0A7C  C2 77 0A  JNZ 0A77    (3)  BC:057B  DE:000E  HL:0076  AF:6617  SP:7FF5  PC:0A7C
0A77  CD 80 0A  CALL 0A80   (3)  BC:057B  DE:000E  HL:0076  AF:6617  SP:7FF5  PC:0A77
0A7A  23        INX H       (3)  BC:057B  DE:000F  HL:0076  AF:8557  SP:7FF5  PC:0A7A
0A7B  05        DCR B       (3)  BC:057B  DE:000F  HL:0077  AF:8557  SP:7FF5  PC:0A7B
0A7C  C2 77 0A  JNZ 0A77    (3)  BC:047B  DE:000F  HL:0077  AF:8513  SP:7FF5  PC:0A7C
0A77  CD 80 0A  CALL 0A80   (3)  BC:047B  DE:000F  HL:0077  AF:8513  SP:7FF5  PC:0A77
0A7A  23        INX H       (3)  BC:047B  DE:0010  HL:0077  AF:C657  SP:7FF5  PC:0A7A
0A7B  05        DCR B       (3)  BC:047B  DE:0010  HL:0078  AF:C657  SP:7FF5  PC:0A7B
0A7C  C2 77 0A  JNZ 0A77    (3)  BC:037B  DE:0010  HL:0078  AF:C617  SP:7FF5  PC:0A7C
0A77  CD 80 0A  CALL 0A80   (3)  BC:037B  DE:0010  HL:0078  AF:C617  SP:7FF5  PC:0A77
0A7A  23        INX H       (3)  BC:037B  DE:0011  HL:0078  AF:DE56  SP:7FF5  PC:0A7A
0A7B  05        DCR B       (3)  BC:037B  DE:0011  HL:0079  AF:DE56  SP:7FF5  PC:0A7B
0A7C  C2 77 0A  JNZ 0A77    (3)  BC:027B  DE:0011  HL:0079  AF:DE12  SP:7FF5  PC:0A7C
0A77  CD 80 0A  CALL 0A80   (3)  BC:027B  DE:0011  HL:0079  AF:DE12  SP:7FF5  PC:0A77
0A7A  23        INX H       (3)  BC:027B  DE:0012  HL:0079  AF:C957  SP:7FF5  PC:0A7A
0A7B  05        DCR B       (3)  BC:027B  DE:0012  HL:007A  AF:C957  SP:7FF5  PC:0A7B
0A7C  C2 77 0A  JNZ 0A77    (3)  BC:017B  DE:0012  HL:007A  AF:C913  SP:7FF5  PC:0A7C
0A77  CD 80 0A  CALL 0A80   (3)  BC:017B  DE:0012  HL:007A  AF:C913  SP:7FF5  PC:0A77
0A7A  23        INX H       (3)  BC:017B  DE:0013  HL:007A  AF:9B57  SP:7FF5  PC:0A7A
0A7B  05        DCR B       (3)  BC:017B  DE:0013  HL:007B  AF:9B57  SP:7FF5  PC:0A7B
0A7C  C2 77 0A  JNZ 0A77    (3)  BC:007B  DE:0013  HL:007B  AF:9B57  SP:7FF5  PC:0A7C
0A7F  C9        RET         (3)  BC:007B  DE:0013  HL:007B  AF:9B57  SP:7FF5  PC:0A7F
0A74  C3 00 0A  JMP 0A00    (2)  BC:007B  DE:0013  HL:007B  AF:9B57  SP:7FF7  PC:0A74
0A00  3A 24 0C  LDA 0C24    (2)  BC:007B  DE:0013  HL:007B  AF:9B57  SP:7FF7  PC:0A00
0A03  FE 76     CPI 76      (2)  BC:007B  DE:0013  HL:007B  AF:0957  SP:7FF7  PC:0A03
0A05  CA 17 0A  JZ 0A17     (2)  BC:007B  DE:0013  HL:007B  AF:0997  SP:7FF7  PC:0A05
0A08  E6 DF     ANI DF      (2)  BC:007B  DE:0013  HL:007B  AF:0997  SP:7FF7  PC:0A08
0A0A  FE DD     CPI DD      (2)  BC:007B  DE:0013  HL:007B  AF:0916  SP:7FF7  PC:0A0A
0A0C  C2 14 0A  JNZ 0A14    (2)  BC:007B  DE:0013  HL:007B  AF:0903  SP:7FF7  PC:0A0C
0A14  C4 05 0C  CNZ 0C05    (2)  BC:007B  DE:0013  HL:007B  AF:0903  SP:7FF7  PC:0A14
0C05  F5        PUSH PSW    (3)  BC:007B  DE:0013  HL:007B  AF:0903  SP:7FF5  PC:0C05
0C06  C5        PUSH B      (3)  BC:007B  DE:0013  HL:007B  AF:0903  SP:7FF3  PC:0C06
0C07  D5        PUSH D      (3)  BC:007B  DE:0013  HL:007B  AF:0903  SP:7FF1  PC:0C07
0C08  E5        PUSH H      (3)  BC:007B  DE:0013  HL:007B  AF:0903  SP:7FEF  PC:0C08
0C09  F3        DI          (3)  BC:007B  DE:0013  HL:007B  AF:0903  SP:7FED  PC:0C09
0C0A  21 00 00  LXI H,0000  (3)  BC:007B  DE:0013  HL:007B  AF:0903  SP:7FED  PC:0C0A
0C0D  39        DAD SP      (3)  BC:007B  DE:0013  HL:0000  AF:0903  SP:7FED  PC:0C0D
0C0E  22 80 0C  SHLD 0C80   (3)  BC:007B  DE:0013  HL:7FED  AF:0902  SP:7FED  PC:0C0E
0C11  31 05 00  LXI SP,0005 (3)  BC:007B  DE:0013  HL:7FED  AF:0902  SP:7FED  PC:0C11
0C14  E1        POP H       (3)  BC:007B  DE:0013  HL:7FED  AF:0902  SP:0005  PC:0C14
0C15  E1        POP H       (3)  BC:007B  DE:0013  HL:C4C7  AF:0902  SP:0007  PC:0C15
0C16  E1        POP H       (3)  BC:007B  DE:0013  HL:D226  AF:0902  SP:0009  PC:0C16
0C17  D1        POP D       (3)  BC:007B  DE:0013  HL:A051  AF:0902  SP:000B  PC:0C17
0C18  C1        POP B       (3)  BC:007B  DE:50EA  HL:A051  AF:0902  SP:000D  PC:0C18
0C19  F1        POP PSW     (3)  BC:8566  DE:50EA  HL:A051  AF:0902  SP:000F  PC:0C19
0C1A  22 6E 0C  SHLD 0C6E   (3)  BC:8566  DE:50EA  HL:A051  AF:DEC6  SP:0011  PC:0C1A
0C1D  2A 11 00  LHLD 0011   (3)  BC:8566  DE:50EA  HL:A051  AF:DEC6  SP:0011  PC:0C1D
0C20  F9        SPHL        (3)  BC:8566  DE:50EA  HL:9BC9  AF:DEC6  SP:0011  PC:0C20
0C21  2A 6E 0C  LHLD 0C6E   (3)  BC:8566  DE:50EA  HL:9BC9  AF:DEC6  SP:9BC9  PC:0C21
0C24  09        DAD B       (3)  BC:8566  DE:50EA  HL:A051  AF:DEC6  SP:9BC9  PC:0C24
0C25  00        NOP         (3)  BC:8566  DE:50EA  HL:25B7  AF:DEC7  SP:9BC9  PC:0C25
0C26  00        NOP         (3)  BC:8566  DE:50EA  HL:25B7  AF:DEC7  SP:9BC9  PC:0C26
0C27  00        NOP         (3)  BC:8566  DE:50EA  HL:25B7  AF:DEC7  SP:9BC9  PC:0C27
0C28  22 6E 0C  SHLD 0C6E   (3)  BC:8566  DE:50EA  HL:25B7  AF:DEC7  SP:9BC9  PC:0C28
0C2B  21 00 00  LXI H,0000  (3)  BC:8566  DE:50EA  HL:25B7  AF:DEC7  SP:9BC9  PC:0C2B
0C2E  DA 35 0C  JC 0C35     (3)  BC:8566  DE:50EA  HL:0000  AF:DEC7  SP:9BC9  PC:0C2E
0C35  39        DAD SP      (3)  BC:8566  DE:50EA  HL:0000  AF:DEC7  SP:9BC9  PC:0C35
0C36  37        STC         (3)  BC:8566  DE:50EA  HL:9BC9  AF:DEC6  SP:9BC9  PC:0C36
0C37  22 7E 0C  SHLD 0C7E   (3)  BC:8566  DE:50EA  HL:9BC9  AF:DEC7  SP:9BC9  PC:0C37
0C3A  2A 6E 0C  LHLD 0C6E   (3)  BC:8566  DE:50EA  HL:9BC9  AF:DEC7  SP:9BC9  PC:0C3A
0C3D  31 7E 0C  LXI SP,0C7E (3)  BC:8566  DE:50EA  HL:25B7  AF:DEC7  SP:9BC9  PC:0C3D
0C40  F5        PUSH PSW    (3)  BC:8566  DE:50EA  HL:25B7  AF:DEC7  SP:0C7E  PC:0C40
0C41  C5        PUSH B      (3)  BC:8566  DE:50EA  HL:25B7  AF:DEC7  SP:0C7C  PC:0C41
0C42  D5        PUSH D      (3)  BC:8566  DE:50EA  HL:25B7  AF:DEC7  SP:0C7A  PC:0C42
0C43  E5        PUSH H      (3)  BC:8566  DE:50EA  HL:25B7  AF:DEC7  SP:0C78  PC:0C43
0C44  E5        PUSH H      (3)  BC:8566  DE:50EA  HL:25B7  AF:DEC7  SP:0C76  PC:0C44
0C45  E5        PUSH H      (3)  BC:8566  DE:50EA  HL:25B7  AF:DEC7  SP:0C74  PC:0C45
0C46  2A 80 0C  LHLD 0C80   (3)  BC:8566  DE:50EA  HL:25B7  AF:DEC7  SP:0C72  PC:0C46
0C49  F9        SPHL        (3)  BC:8566  DE:50EA  HL:7FED  AF:DEC7  SP:0C72  PC:0C49
0C4A  FB        EI          (3)  BC:8566  DE:50EA  HL:7FED  AF:DEC7  SP:7FED  PC:0C4A
0C4B  2A 03 00  LHLD 0003   (3)  BC:8566  DE:50EA  HL:7FED  AF:DEC7  SP:7FED  PC:0C4B
0C4E  22 70 0C  SHLD 0C70   (3)  BC:8566  DE:50EA  HL:C4A5  AF:DEC7  SP:7FED  PC:0C4E
0C51  21 7C 0C  LXI H,0C7C  (3)  BC:8566  DE:50EA  HL:C4A5  AF:DEC7  SP:7FED  PC:0C51
0C54  7E        MOV A,M     (3)  BC:8566  DE:50EA  HL:0C7C  AF:DEC7  SP:7FED  PC:0C54
0C55  E6 FF     ANI FF      (3)  BC:8566  DE:50EA  HL:0C7C  AF:C7C7  SP:7FED  PC:0C55
0C57  77        MOV M,A     (3)  BC:8566  DE:50EA  HL:0C7C  AF:C792  SP:7FED  PC:0C57
0C58  06 10     MVI B,10    (3)  BC:8566  DE:50EA  HL:0C7C  AF:C792  SP:7FED  PC:0C58
0C5A  11 70 0C  LXI D,0C70  (3)  BC:1066  DE:50EA  HL:0C7C  AF:C792  SP:7FED  PC:0C5A
0C5D  21 BB 0D  LXI H,0DBB  (3)  BC:1066  DE:0C70  HL:0C7C  AF:C792  SP:7FED  PC:0C5D
0C60  1A        LDAX D      (3)  BC:1066  DE:0C70  HL:0DBB  AF:C792  SP:7FED  PC:0C60
0C61  13        INX D       (3)  BC:1066  DE:0C70  HL:0DBB  AF:A592  SP:7FED  PC:0C61
0C62  CD 7F 0D  CALL 0D7F   (3)  BC:1066  DE:0C71  HL:0DBB  AF:A592  SP:7FED  PC:0C62
0C65  05        DCR B       (3)  BC:1066  DE:0C71  HL:0DBB  AF:A592  SP:7FED  PC:0C65
0C66  C2 60 0C  JNZ 0C60    (3)  BC:0F66  DE:0C71  HL:0DBB  AF:A506  SP:7FED  PC:0C66
0C60  1A        LDAX D      (3)  BC:0F66  DE:0C71  HL:0DBB  AF:A506  SP:7FED  PC:0C60
0C61  13        INX D       (3)  BC:0F66  DE:0C71  HL:0DBB  AF:C406  SP:7FED  PC:0C61
0C62  CD 7F 0D  CALL 0D7F   (3)  BC:0F66  DE:0C72  HL:0DBB  AF:C406  SP:7FED  PC:0C62
0C65  05        DCR B       (3)  BC:0F66  DE:0C72  HL:0DBB  AF:C406  SP:7FED  PC:0C65
0C66  C2 60 0C  JNZ 0C60    (3)  BC:0E66  DE:0C72  HL:0DBB  AF:C412  SP:7FED  PC:0C66
0C60  1A        LDAX D      (3)  BC:0E66  DE:0C72  HL:0DBB  AF:C412  SP:7FED  PC:0C60
0C61  13        INX D       (3)  BC:0E66  DE:0C72  HL:0DBB  AF:B712  SP:7FED  PC:0C61
0C62  CD 7F 0D  CALL 0D7F   (3)  BC:0E66  DE:0C73  HL:0DBB  AF:B712  SP:7FED  PC:0C62
0C65  05        DCR B       (3)  BC:0E66  DE:0C73  HL:0DBB  AF:B712  SP:7FED  PC:0C65
0C66  C2 60 0C  JNZ 0C60    (3)  BC:0D66  DE:0C73  HL:0DBB  AF:B712  SP:7FED  PC:0C66
0C60  1A        LDAX D      (3)  BC:0D66  DE:0C73  HL:0DBB  AF:B712  SP:7FED  PC:0C60
0C61  13        INX D       (3)  BC:0D66  DE:0C73  HL:0DBB  AF:2512  SP:7FED  PC:0C61
0C62  CD 7F 0D  CALL 0D7F   (3)  BC:0D66  DE:0C74  HL:0DBB  AF:2512  SP:7FED  PC:0C62
0C65  05        DCR B       (3)  BC:0D66  DE:0C74  HL:0DBB  AF:2512  SP:7FED  PC:0C65
0C66  C2 60 0C  JNZ 0C60    (3)  BC:0C66  DE:0C74  HL:0DBB  AF:2516  SP:7FED  PC:0C66
0C60  1A        LDAX D      (3)  BC:0C66  DE:0C74  HL:0DBB  AF:2516  SP:7FED  PC:0C60
0C61  13        INX D       (3)  BC:0C66  DE:0C74  HL:0DBB  AF:B716  SP:7FED  PC:0C61
0C62  CD 7F 0D  CALL 0D7F   (3)  BC:0C66  DE:0C75  HL:0DBB  AF:B716  SP:7FED  PC:0C62
0C65  05        DCR B       (3)  BC:0C66  DE:0C75  HL:0DBB  AF:B716  SP:7FED  PC:0C65
0C66  C2 60 0C  JNZ 0C60    (3)  BC:0B66  DE:0C75  HL:0DBB  AF:B712  SP:7FED  PC:0C66
0C60  1A        LDAX D      (3)  BC:0B66  DE:0C75  HL:0DBB  AF:B712  SP:7FED  PC:0C60
0C61  13        INX D       (3)  BC:0B66  DE:0C75  HL:0DBB  AF:2512  SP:7FED  PC:0C61
0C62  CD 7F 0D  CALL 0D7F   (3)  BC:0B66  DE:0C76  HL:0DBB  AF:2512  SP:7FED  PC:0C62
0C65  05        DCR B       (3)  BC:0B66  DE:0C76  HL:0DBB  AF:2512  SP:7FED  PC:0C65
0C66  C2 60 0C  JNZ 0C60    (3)  BC:0A66  DE:0C76  HL:0DBB  AF:2516  SP:7FED  PC:0C66
0C60  1A        LDAX D      (3)  BC:0A66  DE:0C76  HL:0DBB  AF:2516  SP:7FED  PC:0C60
0C61  13        INX D       (3)  BC:0A66  DE:0C76  HL:0DBB  AF:B716  SP:7FED  PC:0C61
0C62  CD 7F 0D  CALL 0D7F   (3)  BC:0A66  DE:0C77  HL:0DBB  AF:B716  SP:7FED  PC:0C62
0C65  05        DCR B       (3)  BC:0A66  DE:0C77  HL:0DBB  AF:B716  SP:7FED  PC:0C65
0C66  C2 60 0C  JNZ 0C60    (3)  BC:0966  DE:0C77  HL:0DBB  AF:B716  SP:7FED  PC:0C66
0C60  1A        LDAX D      (3)  BC:0966  DE:0C77  HL:0DBB  AF:B716  SP:7FED  PC:0C60
0C61  13        INX D       (3)  BC:0966  DE:0C77  HL:0DBB  AF:2516  SP:7FED  PC:0C61
0C62  CD 7F 0D  CALL 0D7F   (3)  BC:0966  DE:0C78  HL:0DBB  AF:2516  SP:7FED  PC:0C62
0C65  05        DCR B       (3)  BC:0966  DE:0C78  HL:0DBB  AF:2516  SP:7FED  PC:0C65
0C66  C2 60 0C  JNZ 0C60    (3)  BC:0866  DE:0C78  HL:0DBB  AF:2512  SP:7FED  PC:0C66
0C60  1A        LDAX D      (3)  BC:0866  DE:0C78  HL:0DBB  AF:2512  SP:7FED  PC:0C60
0C61  13        INX D       (3)  BC:0866  DE:0C78  HL:0DBB  AF:EA12  SP:7FED  PC:0C61
0C62  CD 7F 0D  CALL 0D7F   (3)  BC:0866  DE:0C79  HL:0DBB  AF:EA12  SP:7FED  PC:0C62
0C65  05        DCR B       (3)  BC:0866  DE:0C79  HL:0DBB  AF:EA12  SP:7FED  PC:0C65
0C66  C2 60 0C  JNZ 0C60    (3)  BC:0766  DE:0C79  HL:0DBB  AF:EA12  SP:7FED  PC:0C66
0C60  1A        LDAX D      (3)  BC:0766  DE:0C79  HL:0DBB  AF:EA12  SP:7FED  PC:0C60
0C61  13        INX D       (3)  BC:0766  DE:0C79  HL:0DBB  AF:5012  SP:7FED  PC:0C61
0C62  CD 7F 0D  CALL 0D7F   (3)  BC:0766  DE:0C7A  HL:0DBB  AF:5012  SP:7FED  PC:0C62
0C65  05        DCR B       (3)  BC:0766  DE:0C7A  HL:0DBB  AF:5012  SP:7FED  PC:0C65
0C66  C2 60 0C  JNZ 0C60    (3)  BC:0666  DE:0C7A  HL:0DBB  AF:5016  SP:7FED  PC:0C66
0C60  1A        LDAX D      (3)  BC:0666  DE:0C7A  HL:0DBB  AF:5016  SP:7FED  PC:0C60
0C61  13        INX D       (3)  BC:0666  DE:0C7A  HL:0DBB  AF:6616  SP:7FED  PC:0C61
0C62  CD 7F 0D  CALL 0D7F   (3)  BC:0666  DE:0C7B  HL:0DBB  AF:6616  SP:7FED  PC:0C62
0C65  05        DCR B       (3)  BC:0666  DE:0C7B  HL:0DBB  AF:6616  SP:7FED  PC:0C65
0C66  C2 60 0C  JNZ 0C60    (3)  BC:0566  DE:0C7B  HL:0DBB  AF:6616  SP:7FED  PC:0C66
0C60  1A        LDAX D      (3)  BC:0566  DE:0C7B  HL:0DBB  AF:6616  SP:7FED  PC:0C60
0C61  13        INX D       (3)  BC:0566  DE:0C7B  HL:0DBB  AF:8516  SP:7FED  PC:0C61
0C62  CD 7F 0D  CALL 0D7F   (3)  BC:0566  DE:0C7C  HL:0DBB  AF:8516  SP:7FED  PC:0C62
0C65  05        DCR B       (3)  BC:0566  DE:0C7C  HL:0DBB  AF:8516  SP:7FED  PC:0C65
0C66  C2 60 0C  JNZ 0C60    (3)  BC:0466  DE:0C7C  HL:0DBB  AF:8512  SP:7FED  PC:0C66
0C60  1A        LDAX D      (3)  BC:0466  DE:0C7C  HL:0DBB  AF:8512  SP:7FED  PC:0C60
0C61  13        INX D       (3)  BC:0466  DE:0C7C  HL:0DBB  AF:C712  SP:7FED  PC:0C61
0C62  CD 7F 0D  CALL 0D7F   (3)  BC:0466  DE:0C7D  HL:0DBB  AF:C712  SP:7FED  PC:0C62
0C65  05        DCR B       (3)  BC:0466  DE:0C7D  HL:0DBB  AF:C712  SP:7FED  PC:0C65
0C66  C2 60 0C  JNZ 0C60    (3)  BC:0366  DE:0C7D  HL:0DBB  AF:C716  SP:7FED  PC:0C66
0C60  1A        LDAX D      (3)  BC:0366  DE:0C7D  HL:0DBB  AF:C716  SP:7FED  PC:0C60
0C61  13        INX D       (3)  BC:0366  DE:0C7D  HL:0DBB  AF:DE16  SP:7FED  PC:0C61
0C62  CD 7F 0D  CALL 0D7F   (3)  BC:0366  DE:0C7E  HL:0DBB  AF:DE16  SP:7FED  PC:0C62
0C65  05        DCR B       (3)  BC:0366  DE:0C7E  HL:0DBB  AF:DE16  SP:7FED  PC:0C65
0C66  C2 60 0C  JNZ 0C60    (3)  BC:0266  DE:0C7E  HL:0DBB  AF:DE12  SP:7FED  PC:0C66
0C60  1A        LDAX D      (3)  BC:0266  DE:0C7E  HL:0DBB  AF:DE12  SP:7FED  PC:0C60
0C61  13        INX D       (3)  BC:0266  DE:0C7E  HL:0DBB  AF:C912  SP:7FED  PC:0C61
0C62  CD 7F 0D  CALL 0D7F   (3)  BC:0266  DE:0C7F  HL:0DBB  AF:C912  SP:7FED  PC:0C62
0C65  05        DCR B       (3)  BC:0266  DE:0C7F  HL:0DBB  AF:C912  SP:7FED  PC:0C65
0C66  C2 60 0C  JNZ 0C60    (3)  BC:0166  DE:0C7F  HL:0DBB  AF:C912  SP:7FED  PC:0C66
0C60  1A        LDAX D      (3)  BC:0166  DE:0C7F  HL:0DBB  AF:C912  SP:7FED  PC:0C60
0C61  13        INX D       (3)  BC:0166  DE:0C7F  HL:0DBB  AF:9B12  SP:7FED  PC:0C61
0C62  CD 7F 0D  CALL 0D7F   (3)  BC:0166  DE:0C80  HL:0DBB  AF:9B12  SP:7FED  PC:0C62
0C65  05        DCR B       (3)  BC:0166  DE:0C80  HL:0DBB  AF:9B12  SP:7FED  PC:0C65
0C66  C2 60 0C  JNZ 0C60    (3)  BC:0066  DE:0C80  HL:0DBB  AF:9B56  SP:7FED  PC:0C66
0C69  E1        POP H       (3)  BC:0066  DE:0C80  HL:0DBB  AF:9B56  SP:7FED  PC:0C69
0C6A  D1        POP D       (3)  BC:0066  DE:0C80  HL:007B  AF:9B56  SP:7FEF  PC:0C6A
0C6B  C1        POP B       (3)  BC:0066  DE:0013  HL:007B  AF:9B56  SP:7FF1  PC:0C6B
0C6C  F1        POP PSW     (3)  BC:007B  DE:0013  HL:007B  AF:9B56  SP:7FF3  PC:0C6C
0C6D  C9        RET         (3)  BC:007B  DE:0013  HL:007B  AF:0903  SP:7FF5  PC:0C6D
0A17  CD 64 0B  CALL 0B64   (2)  BC:007B  DE:0013  HL:007B  AF:0903  SP:7FF7  PC:0A17
0B64  C5        PUSH B      (3)  BC:007B  DE:0013  HL:007B  AF:0903  SP:7FF5  PC:0B64
0B65  D5        PUSH D      (3)  BC:007B  DE:0013  HL:007B  AF:0903  SP:7FF3  PC:0B65
0B66  E5        PUSH H      (3)  BC:007B  DE:0013  HL:007B  AF:0903  SP:7FF1  PC:0B66
0B67  21 B5 0B  LXI H,0BB5  (3)  BC:007B  DE:0013  HL:007B  AF:0903  SP:7FEF  PC:0B67
0B6A  11 14 00  LXI D,0014  (3)  BC:007B  DE:0013  HL:0BB5  AF:0903  SP:7FEF  PC:0B6A
0B6D  EB        XCHG        (3)  BC:007B  DE:0014  HL:0BB5  AF:0903  SP:7FEF  PC:0B6D
0B6E  19        DAD D       (3)  BC:007B  DE:0BB5  HL:0014  AF:0903  SP:7FEF  PC:0B6E
0B6F  EB        XCHG        (3)  BC:007B  DE:0BB5  HL:0BC9  AF:0902  SP:7FEF  PC:0B6F
0B70  34        INR M       (3)  BC:007B  DE:0BC9  HL:0BB5  AF:0902  SP:7FEF  PC:0B70
0B71  7E        MOV A,M     (3)  BC:007B  DE:0BC9  HL:0BB5  AF:0906  SP:7FEF  PC:0B71
0B72  FE 00     CPI 00      (3)  BC:007B  DE:0BC9  HL:0BB5  AF:1106  SP:7FEF  PC:0B72
0B74  CA 83 0B  JZ 0B83     (3)  BC:007B  DE:0BC9  HL:0BB5  AF:1116  SP:7FEF  PC:0B74
0B77  47        MOV B,A     (3)  BC:007B  DE:0BC9  HL:0BB5  AF:1116  SP:7FEF  PC:0B77
0B78  1A        LDAX D      (3)  BC:117B  DE:0BC9  HL:0BB5  AF:1116  SP:7FEF  PC:0B78
0B79  A0        ANA B       (3)  BC:117B  DE:0BC9  HL:0BB5  AF:0016  SP:7FEF  PC:0B79
0B7A  CA 7F 0B  JZ 0B7F     (3)  BC:117B  DE:0BC9  HL:0BB5  AF:0046  SP:7FEF  PC:0B7A
0B7F  C1        POP B       (3)  BC:117B  DE:0BC9  HL:0BB5  AF:0046  SP:7FEF  PC:0B7F
0B80  D1        POP D       (3)  BC:007B  DE:0BC9  HL:0BB5  AF:0046  SP:7FF1  PC:0B80
0B81  E1        POP H       (3)  BC:007B  DE:0013  HL:0BB5  AF:0046  SP:7FF3  PC:0B81
0B82  C9        RET         (3)  BC:007B  DE:0013  HL:007B  AF:0046  SP:7FF5  PC:0B82
0A1A  C4 88 0B  CNZ 0B88    (2)  BC:007B  DE:0013  HL:007B  AF:0046  SP:7FF7  PC:0A1A
0A1D  E1        POP H       (2)  BC:007B  DE:0013  HL:007B  AF:0046  SP:7FF7  PC:0A1D
0A1E  CA 4D 0A  JZ 0A4D     (2)  BC:007B  DE:0013  HL:0067  AF:0046  SP:7FF9  PC:0A1E
0A4D  E5        PUSH H      (2)  BC:007B  DE:0013  HL:0067  AF:0046  SP:7FF9  PC:0A4D
0A4E  3E 01     MVI A,01    (2)  BC:007B  DE:0013  HL:0067  AF:0046  SP:7FF7  PC:0A4E
0A50  32 C3 0A  STA 0AC3    (2)  BC:007B  DE:0013  HL:0067  AF:0146  SP:7FF7  PC:0A50
0A53  32 E7 0A  STA 0AE7    (2)  BC:007B  DE:0013  HL:0067  AF:0146  SP:7FF7  PC:0A53
0A56  21 B5 0B  LXI H,0BB5  (2)  BC:007B  DE:0013  HL:0067  AF:0146  SP:7FF7  PC:0A56
0A59  22 C4 0A  SHLD 0AC4   (2)  BC:007B  DE:0013  HL:0BB5  AF:0146  SP:7FF7  PC:0A59
0A5C  21 DD 0B  LXI H,0BDD  (2)  BC:007B  DE:0013  HL:0BB5  AF:0146  SP:7FF7  PC:0A5C
0A5F  22 E8 0A  SHLD 0AE8   (2)  BC:007B  DE:0013  HL:0BDD  AF:0146  SP:7FF7  PC:0A5F
0A62  06 04     MVI B,04    (2)  BC:007B  DE:0013  HL:0BDD  AF:0146  SP:7FF7  PC:0A62
0A64  E1        POP H       (2)  BC:047B  DE:0013  HL:0BDD  AF:0146  SP:7FF7  PC:0A64
0A65  E5        PUSH H      (2)  BC:047B  DE:0013  HL:0067  AF:0146  SP:7FF9  PC:0A65
0A66  11 24 0C  LXI D,0C24  (2)  BC:047B  DE:0013  HL:0067  AF:0146  SP:7FF7  PC:0A66
0A69  CD 77 0A  CALL 0A77   (2)  BC:047B  DE:0C24  HL:0067  AF:0146  SP:7FF7  PC:0A69
0A77  CD 80 0A  CALL 0A80   (3)  BC:047B  DE:0C24  HL:0067  AF:0146  SP:7FF5  PC:0A77
0A7A  23        INX H       (3)  BC:047B  DE:0C25  HL:0067  AF:1956  SP:7FF5  PC:0A7A
0A7B  05        DCR B       (3)  BC:047B  DE:0C25  HL:0068  AF:1956  SP:7FF5  PC:0A7B
0A7C  C2 77 0A  JNZ 0A77    (3)  BC:037B  DE:0C25  HL:0068  AF:1916  SP:7FF5  PC:0A7C
0A77  CD 80 0A  CALL 0A80   (3)  BC:037B  DE:0C25  HL:0068  AF:1916  SP:7FF5  PC:0A77
0A7A  23        INX H       (3)  BC:037B  DE:0C26  HL:0068  AF:0056  SP:7FF5  PC:0A7A
0A7B  05        DCR B       (3)  BC:037B  DE:0C26  HL:0069  AF:0056  SP:7FF5  PC:0A7B
0A7C  C2 77 0A  JNZ 0A77    (3)  BC:027B  DE:0C26  HL:0069  AF:0012  SP:7FF5  PC:0A7C
0A77  CD 80 0A  CALL 0A80   (3)  BC:027B  DE:0C26  HL:0069  AF:0012  SP:7FF5  PC:0A77
0A7A  23        INX H       (3)  BC:027B  DE:0C27  HL:0069  AF:0056  SP:7FF5  PC:0A7A
0A7B  05        DCR B       (3)  BC:027B  DE:0C27  HL:006A  AF:0056  SP:7FF5  PC:0A7B
0A7C  C2 77 0A  JNZ 0A77    (3)  BC:017B  DE:0C27  HL:006A  AF:0012  SP:7FF5  PC:0A7C
0A77  CD 80 0A  CALL 0A80   (3)  BC:017B  DE:0C27  HL:006A  AF:0012  SP:7FF5  PC:0A77
0A7A  23        INX H       (3)  BC:017B  DE:0C28  HL:006A  AF:0056  SP:7FF5  PC:0A7A
0A7B  05        DCR B       (3)  BC:017B  DE:0C28  HL:006B  AF:0056  SP:7FF5  PC:0A7B
0A7C  C2 77 0A  JNZ 0A77    (3)  BC:007B  DE:0C28  HL:006B  AF:0056  SP:7FF5  PC:0A7C
0A7F  C9        RET         (3)  BC:007B  DE:0C28  HL:006B  AF:0056  SP:7FF5  PC:0A7F
0A6C  06 10     MVI B,10    (2)  BC:007B  DE:0C28  HL:006B  AF:0056  SP:7FF7  PC:0A6C
0A6E  11 03 00  LXI D,0003  (2)  BC:107B  DE:0C28  HL:006B  AF:0056  SP:7FF7  PC:0A6E
0A71  CD 77 0A  CALL 0A77   (2)  BC:107B  DE:0003  HL:006B  AF:0056  SP:7FF7  PC:0A71
0A77  CD 80 0A  CALL 0A80   (3)  BC:107B  DE:0003  HL:006B  AF:0056  SP:7FF5  PC:0A77
0A7A  23        INX H       (3)  BC:107B  DE:0004  HL:006B  AF:A556  SP:7FF5  PC:0A7A
0A7B  05        DCR B       (3)  BC:107B  DE:0004  HL:006C  AF:A556  SP:7FF5  PC:0A7B
0A7C  C2 77 0A  JNZ 0A77    (3)  BC:0F7B  DE:0004  HL:006C  AF:A506  SP:7FF5  PC:0A7C
0A77  CD 80 0A  CALL 0A80   (3)  BC:0F7B  DE:0004  HL:006C  AF:A506  SP:7FF5  PC:0A77
0A7A  23        INX H       (3)  BC:0F7B  DE:0005  HL:006C  AF:C456  SP:7FF5  PC:0A7A
0A7B  05        DCR B       (3)  BC:0F7B  DE:0005  HL:006D  AF:C456  SP:7FF5  PC:0A7B
0A7C  C2 77 0A  JNZ 0A77    (3)  BC:0E7B  DE:0005  HL:006D  AF:C412  SP:7FF5  PC:0A7C
0A77  CD 80 0A  CALL 0A80   (3)  BC:0E7B  DE:0005  HL:006D  AF:C412  SP:7FF5  PC:0A77
0A7A  23        INX H       (3)  BC:0E7B  DE:0006  HL:006D  AF:C756  SP:7FF5  PC:0A7A
0A7B  05        DCR B       (3)  BC:0E7B  DE:0006  HL:006E  AF:C756  SP:7FF5  PC:0A7B
0A7C  C2 77 0A  JNZ 0A77    (3)  BC:0D7B  DE:0006  HL:006E  AF:C712  SP:7FF5  PC:0A7C
0A77  CD 80 0A  CALL 0A80   (3)  BC:0D7B  DE:0006  HL:006E  AF:C712  SP:7FF5  PC:0A77
0A7A  23        INX H       (3)  BC:0D7B  DE:0007  HL:006E  AF:C456  SP:7FF5  PC:0A7A
0A7B  05        DCR B       (3)  BC:0D7B  DE:0007  HL:006F  AF:C456  SP:7FF5  PC:0A7B
0A7C  C2 77 0A  JNZ 0A77    (3)  BC:0C7B  DE:0007  HL:006F  AF:C416  SP:7FF5  PC:0A7C
0A77  CD 80 0A  CALL 0A80   (3)  BC:0C7B  DE:0007  HL:006F  AF:C416  SP:7FF5  PC:0A77
0A7A  23        INX H       (3)  BC:0C7B  DE:0008  HL:006F  AF:2656  SP:7FF5  PC:0A7A
0A7B  05        DCR B       (3)  BC:0C7B  DE:0008  HL:0070  AF:2656  SP:7FF5  PC:0A7B
0A7C  C2 77 0A  JNZ 0A77    (3)  BC:0B7B  DE:0008  HL:0070  AF:2612  SP:7FF5  PC:0A7C
0A77  CD 80 0A  CALL 0A80   (3)  BC:0B7B  DE:0008  HL:0070  AF:2612  SP:7FF5  PC:0A77
0A7A  23        INX H       (3)  BC:0B7B  DE:0009  HL:0070  AF:D256  SP:7FF5  PC:0A7A
0A7B  05        DCR B       (3)  BC:0B7B  DE:0009  HL:0071  AF:D256  SP:7FF5  PC:0A7B
0A7C  C2 77 0A  JNZ 0A77    (3)  BC:0A7B  DE:0009  HL:0071  AF:D216  SP:7FF5  PC:0A7C
0A77  CD 80 0A  CALL 0A80   (3)  BC:0A7B  DE:0009  HL:0071  AF:D216  SP:7FF5  PC:0A77
0A7A  23        INX H       (3)  BC:0A7B  DE:000A  HL:0071  AF:5157  SP:7FF5  PC:0A7A
0A7B  05        DCR B       (3)  BC:0A7B  DE:000A  HL:0072  AF:5157  SP:7FF5  PC:0A7B
0A7C  C2 77 0A  JNZ 0A77    (3)  BC:097B  DE:000A  HL:0072  AF:5117  SP:7FF5  PC:0A7C
0A77  CD 80 0A  CALL 0A80   (3)  BC:097B  DE:000A  HL:0072  AF:5117  SP:7FF5  PC:0A77
0A7A  23        INX H       (3)  BC:097B  DE:000B  HL:0072  AF:A057  SP:7FF5  PC:0A7A
0A7B  05        DCR B       (3)  BC:097B  DE:000B  HL:0073  AF:A057  SP:7FF5  PC:0A7B
0A7C  C2 77 0A  JNZ 0A77    (3)  BC:087B  DE:000B  HL:0073  AF:A013  SP:7FF5  PC:0A7C
0A77  CD 80 0A  CALL 0A80   (3)  BC:087B  DE:000B  HL:0073  AF:A013  SP:7FF5  PC:0A77
0A7A  23        INX H       (3)  BC:087B  DE:000C  HL:0073  AF:EA57  SP:7FF5  PC:0A7A
0A7B  05        DCR B       (3)  BC:087B  DE:000C  HL:0074  AF:EA57  SP:7FF5  PC:0A7B
0A7C  C2 77 0A  JNZ 0A77    (3)  BC:077B  DE:000C  HL:0074  AF:EA13  SP:7FF5  PC:0A7C
0A77  CD 80 0A  CALL 0A80   (3)  BC:077B  DE:000C  HL:0074  AF:EA13  SP:7FF5  PC:0A77
0A7A  23        INX H       (3)  BC:077B  DE:000D  HL:0074  AF:5057  SP:7FF5  PC:0A7A
0A7B  05        DCR B       (3)  BC:077B  DE:000D  HL:0075  AF:5057  SP:7FF5  PC:0A7B
0A7C  C2 77 0A  JNZ 0A77    (3)  BC:067B  DE:000D  HL:0075  AF:5017  SP:7FF5  PC:0A7C
0A77  CD 80 0A  CALL 0A80   (3)  BC:067B  DE:000D  HL:0075  AF:5017  SP:7FF5  PC:0A77
0A7A  23        INX H       (3)  BC:067B  DE:000E  HL:0075  AF:6657  SP:7FF5  PC:0A7A
0A7B  05        DCR B       (3)  BC:067B  DE:000E  HL:0076  AF:6657  SP:7FF5  PC:0A7B
0A7C  C2 77 0A  JNZ 0A77    (3)  BC:057B  DE:000E  HL:0076  AF:6617  SP:7FF5  PC:0A7C
0A77  CD 80 0A  CALL 0A80   (3)  BC:057B  DE:000E  HL:0076  AF:6617  SP:7FF5  PC:0A77
0A7A  23        INX H       (3)  BC:057B  DE:000F  HL:0076  AF:8557  SP:7FF5  PC:0A7A
0A7B  05        DCR B       (3)  BC:057B  DE:000F  HL:0077  AF:8557  SP:7FF5  PC:0A7B
0A7C  C2 77 0A  JNZ 0A77    (3)  BC:047B  DE:000F  HL:0077  AF:8513  SP:7FF5  PC:0A7C
0A77  CD 80 0A  CALL 0A80   (3)  BC:047B  DE:000F  HL:0077  AF:8513  SP:7FF5  PC:0A77
0A7A  23        INX H       (3)  BC:047B  DE:0010  HL:0077  AF:C657  SP:7FF5  PC:0A7A
0A7B  05        DCR B       (3)  BC:047B  DE:0010  HL:0078  AF:C657  SP:7FF5  PC:0A7B
0A7C  C2 77 0A  JNZ 0A77    (3)  BC:037B  DE:0010  HL:0078  AF:C617  SP:7FF5  PC:0A7C
0A77  CD 80 0A  CALL 0A80   (3)  BC:037B  DE:0010  HL:0078  AF:C617  SP:7FF5  PC:0A77
0A7A  23        INX H       (3)  BC:037B  DE:0011  HL:0078  AF:DE56  SP:7FF5  PC:0A7A
0A7B  05        DCR B       (3)  BC:037B  DE:0011  HL:0079  AF:DE56  SP:7FF5  PC:0A7B
0A7C  C2 77 0A  JNZ 0A77    (3)  BC:027B  DE:0011  HL:0079  AF:DE12  SP:7FF5  PC:0A7C
0A77  CD 80 0A  CALL 0A80   (3)  BC:027B  DE:0011  HL:0079  AF:DE12  SP:7FF5  PC:0A77
0A7A  23        INX H       (3)  BC:027B  DE:0012  HL:0079  AF:C957  SP:7FF5  PC:0A7A
0A7B  05        DCR B       (3)  BC:027B  DE:0012  HL:007A  AF:C957  SP:7FF5  PC:0A7B
0A7C  C2 77 0A  JNZ 0A77    (3)  BC:017B  DE:0012  HL:007A  AF:C913  SP:7FF5  PC:0A7C
0A77  CD 80 0A  CALL 0A80   (3)  BC:017B  DE:0012  HL:007A  AF:C913  SP:7FF5  PC:0A77
0A7A  23        INX H       (3)  BC:017B  DE:0013  HL:007A  AF:9B57  SP:7FF5  PC:0A7A
0A7B  05        DCR B       (3)  BC:017B  DE:0013  HL:007B  AF:9B57  SP:7FF5  PC:0A7B
0A7C  C2 77 0A  JNZ 0A77    (3)  BC:007B  DE:0013  HL:007B  AF:9B57  SP:7FF5  PC:0A7C
0A7F  C9        RET         (3)  BC:007B  DE:0013  HL:007B  AF:9B57  SP:7FF5  PC:0A7F
0A74  C3 00 0A  JMP 0A00    (2)  BC:007B  DE:0013  HL:007B  AF:9B57  SP:7FF7  PC:0A74
0A00  3A 24 0C  LDA 0C24    (2)  BC:007B  DE:0013  HL:007B  AF:9B57  SP:7FF7  PC:0A00
0A03  FE 76     CPI 76      (2)  BC:007B  DE:0013  HL:007B  AF:1957  SP:7FF7  PC:0A03
0A05  CA 17 0A  JZ 0A17     (2)  BC:007B  DE:0013  HL:007B  AF:1997  SP:7FF7  PC:0A05
0A08  E6 DF     ANI DF      (2)  BC:007B  DE:0013  HL:007B  AF:1997  SP:7FF7  PC:0A08
0A0A  FE DD     CPI DD      (2)  BC:007B  DE:0013  HL:007B  AF:1912  SP:7FF7  PC:0A0A
0A0C  C2 14 0A  JNZ 0A14    (2)  BC:007B  DE:0013  HL:007B  AF:1907  SP:7FF7  PC:0A0C
0A14  C4 05 0C  CNZ 0C05    (2)  BC:007B  DE:0013  HL:007B  AF:1907  SP:7FF7  PC:0A14
0C05  F5        PUSH PSW    (3)  BC:007B  DE:0013  HL:007B  AF:1907  SP:7FF5  PC:0C05
0C06  C5        PUSH B      (3)  BC:007B  DE:0013  HL:007B  AF:1907  SP:7FF3  PC:0C06
0C07  D5        PUSH D      (3)  BC:007B  DE:0013  HL:007B  AF:1907  SP:7FF1  PC:0C07
0C08  E5        PUSH H      (3)  BC:007B  DE:0013  HL:007B  AF:1907  SP:7FEF  PC:0C08
0C09  F3        DI          (3)  BC:007B  DE:0013  HL:007B  AF:1907  SP:7FED  PC:0C09
0C0A  21 00 00  LXI H,0000  (3)  BC:007B  DE:0013  HL:007B  AF:1907  SP:7FED  PC:0C0A
0C0D  39        DAD SP      (3)  BC:007B  DE:0013  HL:0000  AF:1907  SP:7FED  PC:0C0D
0C0E  22 80 0C  SHLD 0C80   (3)  BC:007B  DE:0013  HL:7FED  AF:1906  SP:7FED  PC:0C0E
0C11  31 05 00  LXI SP,0005 (3)  BC:007B  DE:0013  HL:7FED  AF:1906  SP:7FED  PC:0C11
0C14  E1        POP H       (3)  BC:007B  DE:0013  HL:7FED  AF:1906  SP:0005  PC:0C14
0C15  E1        POP H       (3)  BC:007B  DE:0013  HL:C4C7  AF:1906  SP:0007  PC:0C15
0C16  E1        POP H       (3)  BC:007B  DE:0013  HL:D226  AF:1906  SP:0009  PC:0C16
0C17  D1        POP D       (3)  BC:007B  DE:0013  HL:A051  AF:1906  SP:000B  PC:0C17
0C18  C1        POP B       (3)  BC:007B  DE:50EA  HL:A051  AF:1906  SP:000D  PC:0C18
0C19  F1        POP PSW     (3)  BC:8566  DE:50EA  HL:A051  AF:1906  SP:000F  PC:0C19
0C1A  22 6E 0C  SHLD 0C6E   (3)  BC:8566  DE:50EA  HL:A051  AF:DEC6  SP:0011  PC:0C1A
0C1D  2A 11 00  LHLD 0011   (3)  BC:8566  DE:50EA  HL:A051  AF:DEC6  SP:0011  PC:0C1D
0C20  F9        SPHL        (3)  BC:8566  DE:50EA  HL:9BC9  AF:DEC6  SP:0011  PC:0C20
0C21  2A 6E 0C  LHLD 0C6E   (3)  BC:8566  DE:50EA  HL:9BC9  AF:DEC6  SP:9BC9  PC:0C21
0C24  19        DAD D       (3)  BC:8566  DE:50EA  HL:A051  AF:DEC6  SP:9BC9  PC:0C24
0C25  00        NOP         (3)  BC:8566  DE:50EA  HL:F13B  AF:DEC6  SP:9BC9  PC:0C25
0C26  00        NOP         (3)  BC:8566  DE:50EA  HL:F13B  AF:DEC6  SP:9BC9  PC:0C26
0C27  00        NOP         (3)  BC:8566  DE:50EA  HL:F13B  AF:DEC6  SP:9BC9  PC:0C27
0C28  22 6E 0C  SHLD 0C6E   (3)  BC:8566  DE:50EA  HL:F13B  AF:DEC6  SP:9BC9  PC:0C28
0C2B  21 00 00  LXI H,0000  (3)  BC:8566  DE:50EA  HL:F13B  AF:DEC6  SP:9BC9  PC:0C2B
0C2E  DA 35 0C  JC 0C35     (3)  BC:8566  DE:50EA  HL:0000  AF:DEC6  SP:9BC9  PC:0C2E
0C31  39        DAD SP      (3)  BC:8566  DE:50EA  HL:0000  AF:DEC6  SP:9BC9  PC:0C31
0C32  C3 37 0C  JMP 0C37    (3)  BC:8566  DE:50EA  HL:9BC9  AF:DEC6  SP:9BC9  PC:0C32
0C37  22 7E 0C  SHLD 0C7E   (3)  BC:8566  DE:50EA  HL:9BC9  AF:DEC6  SP:9BC9  PC:0C37
0C3A  2A 6E 0C  LHLD 0C6E   (3)  BC:8566  DE:50EA  HL:9BC9  AF:DEC6  SP:9BC9  PC:0C3A
0C3D  31 7E 0C  LXI SP,0C7E (3)  BC:8566  DE:50EA  HL:F13B  AF:DEC6  SP:9BC9  PC:0C3D
0C40  F5        PUSH PSW    (3)  BC:8566  DE:50EA  HL:F13B  AF:DEC6  SP:0C7E  PC:0C40
0C41  C5        PUSH B      (3)  BC:8566  DE:50EA  HL:F13B  AF:DEC6  SP:0C7C  PC:0C41
0C42  D5        PUSH D      (3)  BC:8566  DE:50EA  HL:F13B  AF:DEC6  SP:0C7A  PC:0C42
0C43  E5        PUSH H      (3)  BC:8566  DE:50EA  HL:F13B  AF:DEC6  SP:0C78  PC:0C43
0C44  E5        PUSH H      (3)  BC:8566  DE:50EA  HL:F13B  AF:DEC6  SP:0C76  PC:0C44
0C45  E5        PUSH H      (3)  BC:8566  DE:50EA  HL:F13B  AF:DEC6  SP:0C74  PC:0C45
0C46  2A 80 0C  LHLD 0C80   (3)  BC:8566  DE:50EA  HL:F13B  AF:DEC6  SP:0C72  PC:0C46
0C49  F9        SPHL        (3)  BC:8566  DE:50EA  HL:7FED  AF:DEC6  SP:0C72  PC:0C49
0C4A  FB        EI          (3)  BC:8566  DE:50EA  HL:7FED  AF:DEC6  SP:7FED  PC:0C4A
0C4B  2A 03 00  LHLD 0003   (3)  BC:8566  DE:50EA  HL:7FED  AF:DEC6  SP:7FED  PC:0C4B
0C4E  22 70 0C  SHLD 0C70   (3)  BC:8566  DE:50EA  HL:C4A5  AF:DEC6  SP:7FED  PC:0C4E
0C51  21 7C 0C  LXI H,0C7C  (3)  BC:8566  DE:50EA  HL:C4A5  AF:DEC6  SP:7FED  PC:0C51
0C54  7E        MOV A,M     (3)  BC:8566  DE:50EA  HL:0C7C  AF:DEC6  SP:7FED  PC:0C54
0C55  E6 FF     ANI FF      (3)  BC:8566  DE:50EA  HL:0C7C  AF:C6C6  SP:7FED  PC:0C55
0C57  77        MOV M,A     (3)  BC:8566  DE:50EA  HL:0C7C  AF:C696  SP:7FED  PC:0C57
0C58  06 10     MVI B,10    (3)  BC:8566  DE:50EA  HL:0C7C  AF:C696  SP:7FED  PC:0C58
0C5A  11 70 0C  LXI D,0C70  (3)  BC:1066  DE:50EA  HL:0C7C  AF:C696  SP:7FED  PC:0C5A
0C5D  21 BB 0D  LXI H,0DBB  (3)  BC:1066  DE:0C70  HL:0C7C  AF:C696  SP:7FED  PC:0C5D
0C60  1A        LDAX D      (3)  BC:1066  DE:0C70  HL:0DBB  AF:C696  SP:7FED  PC:0C60
0C61  13        INX D       (3)  BC:1066  DE:0C70  HL:0DBB  AF:A596  SP:7FED  PC:0C61
0C62  CD 7F 0D  CALL 0D7F   (3)  BC:1066  DE:0C71  HL:0DBB  AF:A596  SP:7FED  PC:0C62
0C65  05        DCR B       (3)  BC:1066  DE:0C71  HL:0DBB  AF:A596  SP:7FED  PC:0C65
0C66  C2 60 0C  JNZ 0C60    (3)  BC:0F66  DE:0C71  HL:0DBB  AF:A506  SP:7FED  PC:0C66
0C60  1A        LDAX D      (3)  BC:0F66  DE:0C71  HL:0DBB  AF:A506  SP:7FED  PC:0C60
0C61  13        INX D       (3)  BC:0F66  DE:0C71  HL:0DBB  AF:C406  SP:7FED  PC:0C61
0C62  CD 7F 0D  CALL 0D7F   (3)  BC:0F66  DE:0C72  HL:0DBB  AF:C406  SP:7FED  PC:0C62
0C65  05        DCR B       (3)  BC:0F66  DE:0C72  HL:0DBB  AF:C406  SP:7FED  PC:0C65
0C66  C2 60 0C  JNZ 0C60    (3)  BC:0E66  DE:0C72  HL:0DBB  AF:C412  SP:7FED  PC:0C66
0C60  1A        LDAX D      (3)  BC:0E66  DE:0C72  HL:0DBB  AF:C412  SP:7FED  PC:0C60
0C61  13        INX D       (3)  BC:0E66  DE:0C72  HL:0DBB  AF:3B12  SP:7FED  PC:0C61
0C62  CD 7F 0D  CALL 0D7F   (3)  BC:0E66  DE:0C73  HL:0DBB  AF:3B12  SP:7FED  PC:0C62
0C65  05        DCR B       (3)  BC:0E66  DE:0C73  HL:0DBB  AF:3B12  SP:7FED  PC:0C65
0C66  C2 60 0C  JNZ 0C60    (3)  BC:0D66  DE:0C73  HL:0DBB  AF:3B12  SP:7FED  PC:0C66
0C60  1A        LDAX D      (3)  BC:0D66  DE:0C73  HL:0DBB  AF:3B12  SP:7FED  PC:0C60
0C61  13        INX D       (3)  BC:0D66  DE:0C73  HL:0DBB  AF:F112  SP:7FED  PC:0C61
0C62  CD 7F 0D  CALL 0D7F   (3)  BC:0D66  DE:0C74  HL:0DBB  AF:F112  SP:7FED  PC:0C62
0C65  05        DCR B       (3)  BC:0D66  DE:0C74  HL:0DBB  AF:F112  SP:7FED  PC:0C65
0C66  C2 60 0C  JNZ 0C60    (3)  BC:0C66  DE:0C74  HL:0DBB  AF:F116  SP:7FED  PC:0C66
0C60  1A        LDAX D      (3)  BC:0C66  DE:0C74  HL:0DBB  AF:F116  SP:7FED  PC:0C60
0C61  13        INX D       (3)  BC:0C66  DE:0C74  HL:0DBB  AF:3B16  SP:7FED  PC:0C61
0C62  CD 7F 0D  CALL 0D7F   (3)  BC:0C66  DE:0C75  HL:0DBB  AF:3B16  SP:7FED  PC:0C62
0C65  05        DCR B       (3)  BC:0C66  DE:0C75  HL:0DBB  AF:3B16  SP:7FED  PC:0C65
0C66  C2 60 0C  JNZ 0C60    (3)  BC:0B66  DE:0C75  HL:0DBB  AF:3B12  SP:7FED  PC:0C66
0C60  1A        LDAX D      (3)  BC:0B66  DE:0C75  HL:0DBB  AF:3B12  SP:7FED  PC:0C60
0C61  13        INX D       (3)  BC:0B66  DE:0C75  HL:0DBB  AF:F112  SP:7FED  PC:0C61
0C62  CD 7F 0D  CALL 0D7F   (3)  BC:0B66  DE:0C76  HL:0DBB  AF:F112  SP:7FED  PC:0C62
0C65  05        DCR B       (3)  BC:0B66  DE:0C76  HL:0DBB  AF:F112  SP:7FED  PC:0C65
0C66  C2 60 0C  JNZ 0C60    (3)  BC:0A66  DE:0C76  HL:0DBB  AF:F116  SP:7FED  PC:0C66
0C60  1A        LDAX D      (3)  BC:0A66  DE:0C76  HL:0DBB  AF:F116  SP:7FED  PC:0C60
0C61  13        INX D       (3)  BC:0A66  DE:0C76  HL:0DBB  AF:3B16  SP:7FED  PC:0C61
0C62  CD 7F 0D  CALL 0D7F   (3)  BC:0A66  DE:0C77  HL:0DBB  AF:3B16  SP:7FED  PC:0C62
0C65  05        DCR B       (3)  BC:0A66  DE:0C77  HL:0DBB  AF:3B16  SP:7FED  PC:0C65
0C66  C2 60 0C  JNZ 0C60    (3)  BC:0966  DE:0C77  HL:0DBB  AF:3B16  SP:7FED  PC:0C66
0C60  1A        LDAX D      (3)  BC:0966  DE:0C77  HL:0DBB  AF:3B16  SP:7FED  PC:0C60
0C61  13        INX D       (3)  BC:0966  DE:0C77  HL:0DBB  AF:F116  SP:7FED  PC:0C61
0C62  CD 7F 0D  CALL 0D7F   (3)  BC:0966  DE:0C78  HL:0DBB  AF:F116  SP:7FED  PC:0C62
0C65  05        DCR B       (3)  BC:0966  DE:0C78  HL:0DBB  AF:F116  SP:7FED  PC:0C65
0C66  C2 60 0C  JNZ 0C60    (3)  BC:0866  DE:0C78  HL:0DBB  AF:F112  SP:7FED  PC:0C66
0C60  1A        LDAX D      (3)  BC:0866  DE:0C78  HL:0DBB  AF:F112  SP:7FED  PC:0C60
0C61  13        INX D       (3)  BC:0866  DE:0C78  HL:0DBB  AF:EA12  SP:7FED  PC:0C61
0C62  CD 7F 0D  CALL 0D7F   (3)  BC:0866  DE:0C79  HL:0DBB  AF:EA12  SP:7FED  PC:0C62
0C65  05        DCR B       (3)  BC:0866  DE:0C79  HL:0DBB  AF:EA12  SP:7FED  PC:0C65
0C66  C2 60 0C  JNZ 0C60    (3)  BC:0766  DE:0C79  HL:0DBB  AF:EA12  SP:7FED  PC:0C66
0C60  1A        LDAX D      (3)  BC:0766  DE:0C79  HL:0DBB  AF:EA12  SP:7FED  PC:0C60
0C61  13        INX D       (3)  BC:0766  DE:0C79  HL:0DBB  AF:5012  SP:7FED  PC:0C61
0C62  CD 7F 0D  CALL 0D7F   (3)  BC:0766  DE:0C7A  HL:0DBB  AF:5012  SP:7FED  PC:0C62
0C65  05        DCR B       (3)  BC:0766  DE:0C7A  HL:0DBB  AF:5012  SP:7FED  PC:0C65
0C66  C2 60 0C  JNZ 0C60    (3)  BC:0666  DE:0C7A  HL:0DBB  AF:5016  SP:7FED  PC:0C66
0C60  1A        LDAX D      (3)  BC:0666  DE:0C7A  HL:0DBB  AF:5016  SP:7FED  PC:0C60
0C61  13        INX D       (3)  BC:0666  DE:0C7A  HL:0DBB  AF:6616  SP:7FED  PC:0C61
0C62  CD 7F 0D  CALL 0D7F   (3)  BC:0666  DE:0C7B  HL:0DBB  AF:6616  SP:7FED  PC:0C62
0C65  05        DCR B       (3)  BC:0666  DE:0C7B  HL:0DBB  AF:6616  SP:7FED  PC:0C65
0C66  C2 60 0C  JNZ 0C60    (3)  BC:0566  DE:0C7B  HL:0DBB  AF:6616  SP:7FED  PC:0C66
0C60  1A        LDAX D      (3)  BC:0566  DE:0C7B  HL:0DBB  AF:6616  SP:7FED  PC:0C60
0C61  13        INX D       (3)  BC:0566  DE:0C7B  HL:0DBB  AF:8516  SP:7FED  PC:0C61
0C62  CD 7F 0D  CALL 0D7F   (3)  BC:0566  DE:0C7C  HL:0DBB  AF:8516  SP:7FED  PC:0C62
0C65  05        DCR B       (3)  BC:0566  DE:0C7C  HL:0DBB  AF:8516  SP:7FED  PC:0C65
0C66  C2 60 0C  JNZ 0C60    (3)  BC:0466  DE:0C7C  HL:0DBB  AF:8512  SP:7FED  PC:0C66
0C60  1A        LDAX D      (3)  BC:0466  DE:0C7C  HL:0DBB  AF:8512  SP:7FED  PC:0C60
0C61  13        INX D       (3)  BC:0466  DE:0C7C  HL:0DBB  AF:C612  SP:7FED  PC:0C61
0C62  CD 7F 0D  CALL 0D7F   (3)  BC:0466  DE:0C7D  HL:0DBB  AF:C612  SP:7FED  PC:0C62
0C65  05        DCR B       (3)  BC:0466  DE:0C7D  HL:0DBB  AF:C612  SP:7FED  PC:0C65
0C66  C2 60 0C  JNZ 0C60    (3)  BC:0366  DE:0C7D  HL:0DBB  AF:C616  SP:7FED  PC:0C66
0C60  1A        LDAX D      (3)  BC:0366  DE:0C7D  HL:0DBB  AF:C616  SP:7FED  PC:0C60
0C61  13        INX D       (3)  BC:0366  DE:0C7D  HL:0DBB  AF:DE16  SP:7FED  PC:0C61
0C62  CD 7F 0D  CALL 0D7F   (3)  BC:0366  DE:0C7E  HL:0DBB  AF:DE16  SP:7FED  PC:0C62
0C65  05        DCR B       (3)  BC:0366  DE:0C7E  HL:0DBB  AF:DE16  SP:7FED  PC:0C65
0C66  C2 60 0C  JNZ 0C60    (3)  BC:0266  DE:0C7E  HL:0DBB  AF:DE12  SP:7FED  PC:0C66
0C60  1A        LDAX D      (3)  BC:0266  DE:0C7E  HL:0DBB  AF:DE12  SP:7FED  PC:0C60
0C61  13        INX D       (3)  BC:0266  DE:0C7E  HL:0DBB  AF:C912  SP:7FED  PC:0C61
0C62  CD 7F 0D  CALL 0D7F   (3)  BC:0266  DE:0C7F  HL:0DBB  AF:C912  SP:7FED  PC:0C62
0C65  05        DCR B       (3)  BC:0266  DE:0C7F  HL:0DBB  AF:C912  SP:7FED  PC:0C65
0C66  C2 60 0C  JNZ 0C60    (3)  BC:0166  DE:0C7F  HL:0DBB  AF:C912  SP:7FED  PC:0C66
0C60  1A        LDAX D      (3)  BC:0166  DE:0C7F  HL:0DBB  AF:C912  SP:7FED  PC:0C60
0C61  13        INX D       (3)  BC:0166  DE:0C7F  HL:0DBB  AF:9B12  SP:7FED  PC:0C61
0C62  CD 7F 0D  CALL 0D7F   (3)  BC:0166  DE:0C80  HL:0DBB  AF:9B12  SP:7FED  PC:0C62
0C65  05        DCR B       (3)  BC:0166  DE:0C80  HL:0DBB  AF:9B12  SP:7FED  PC:0C65
0C66  C2 60 0C  JNZ 0C60    (3)  BC:0066  DE:0C80  HL:0DBB  AF:9B56  SP:7FED  PC:0C66
0C69  E1        POP H       (3)  BC:0066  DE:0C80  HL:0DBB  AF:9B56  SP:7FED  PC:0C69
0C6A  D1        POP D       (3)  BC:0066  DE:0C80  HL:007B  AF:9B56  SP:7FEF  PC:0C6A
0C6B  C1        POP B       (3)  BC:0066  DE:0013  HL:007B  AF:9B56  SP:7FF1  PC:0C6B
0C6C  F1        POP PSW     (3)  BC:007B  DE:0013  HL:007B  AF:9B56  SP:7FF3  PC:0C6C
0C6D  C9        RET         (3)  BC:007B  DE:0013  HL:007B  AF:1907  SP:7FF5  PC:0C6D
0A17  CD 64 0B  CALL 0B64   (2)  BC:007B  DE:0013  HL:007B  AF:1907  SP:7FF7  PC:0A17
0B64  C5        PUSH B      (3)  BC:007B  DE:0013  HL:007B  AF:1907  SP:7FF5  PC:0B64
0B65  D5        PUSH D      (3)  BC:007B  DE:0013  HL:007B  AF:1907  SP:7FF3  PC:0B65
0B66  E5        PUSH H      (3)  BC:007B  DE:0013  HL:007B  AF:1907  SP:7FF1  PC:0B66
0B67  21 B5 0B  LXI H,0BB5  (3)  BC:007B  DE:0013  HL:007B  AF:1907  SP:7FEF  PC:0B67
0B6A  11 14 00  LXI D,0014  (3)  BC:007B  DE:0013  HL:0BB5  AF:1907  SP:7FEF  PC:0B6A
0B6D  EB        XCHG        (3)  BC:007B  DE:0014  HL:0BB5  AF:1907  SP:7FEF  PC:0B6D
0B6E  19        DAD D       (3)  BC:007B  DE:0BB5  HL:0014  AF:1907  SP:7FEF  PC:0B6E
0B6F  EB        XCHG        (3)  BC:007B  DE:0BB5  HL:0BC9  AF:1906  SP:7FEF  PC:0B6F
0B70  34        INR M       (3)  BC:007B  DE:0BC9  HL:0BB5  AF:1906  SP:7FEF  PC:0B70
0B71  7E        MOV A,M     (3)  BC:007B  DE:0BC9  HL:0BB5  AF:1906  SP:7FEF  PC:0B71
0B72  FE 00     CPI 00      (3)  BC:007B  DE:0BC9  HL:0BB5  AF:1206  SP:7FEF  PC:0B72
0B74  CA 83 0B  JZ 0B83     (3)  BC:007B  DE:0BC9  HL:0BB5  AF:1216  SP:7FEF  PC:0B74
0B77  47        MOV B,A     (3)  BC:007B  DE:0BC9  HL:0BB5  AF:1216  SP:7FEF  PC:0B77
0B78  1A        LDAX D      (3)  BC:127B  DE:0BC9  HL:0BB5  AF:1216  SP:7FEF  PC:0B78
0B79  A0        ANA B       (3)  BC:127B  DE:0BC9  HL:0BB5  AF:0016  SP:7FEF  PC:0B79
0B7A  CA 7F 0B  JZ 0B7F     (3)  BC:127B  DE:0BC9  HL:0BB5  AF:0046  SP:7FEF  PC:0B7A
0B7F  C1        POP B       (3)  BC:127B  DE:0BC9  HL:0BB5  AF:0046  SP:7FEF  PC:0B7F
0B80  D1        POP D       (3)  BC:007B  DE:0BC9  HL:0BB5  AF:0046  SP:7FF1  PC:0B80
0B81  E1        POP H       (3)  BC:007B  DE:0013  HL:0BB5  AF:0046  SP:7FF3  PC:0B81
0B82  C9        RET         (3)  BC:007B  DE:0013  HL:007B  AF:0046  SP:7FF5  PC:0B82
0A1A  C4 88 0B  CNZ 0B88    (2)  BC:007B  DE:0013  HL:007B  AF:0046  SP:7FF7  PC:0A1A
0A1D  E1        POP H       (2)  BC:007B  DE:0013  HL:007B  AF:0046  SP:7FF7  PC:0A1D
0A1E  CA 4D 0A  JZ 0A4D     (2)  BC:007B  DE:0013  HL:0067  AF:0046  SP:7FF9  PC:0A1E
0A4D  E5        PUSH H      (2)  BC:007B  DE:0013  HL:0067  AF:0046  SP:7FF9  PC:0A4D
0A4E  3E 01     MVI A,01    (2)  BC:007B  DE:0013  HL:0067  AF:0046  SP:7FF7  PC:0A4E
0A50  32 C3 0A  STA 0AC3    (2)  BC:007B  DE:0013  HL:0067  AF:0146  SP:7FF7  PC:0A50
0A53  32 E7 0A  STA 0AE7    (2)  BC:007B  DE:0013  HL:0067  AF:0146  SP:7FF7  PC:0A53
0A56  21 B5 0B  LXI H,0BB5  (2)  BC:007B  DE:0013  HL:0067  AF:0146  SP:7FF7  PC:0A56
0A59  22 C4 0A  SHLD 0AC4   (2)  BC:007B  DE:0013  HL:0BB5  AF:0146  SP:7FF7  PC:0A59
0A5C  21 DD 0B  LXI H,0BDD  (2)  BC:007B  DE:0013  HL:0BB5  AF:0146  SP:7FF7  PC:0A5C
0A5F  22 E8 0A  SHLD 0AE8   (2)  BC:007B  DE:0013  HL:0BDD  AF:0146  SP:7FF7  PC:0A5F
0A62  06 04     MVI B,04    (2)  BC:007B  DE:0013  HL:0BDD  AF:0146  SP:7FF7  PC:0A62
0A64  E1        POP H       (2)  BC:047B  DE:0013  HL:0BDD  AF:0146  SP:7FF7  PC:0A64
0A65  E5        PUSH H      (2)  BC:047B  DE:0013  HL:0067  AF:0146  SP:7FF9  PC:0A65
0A66  11 24 0C  LXI D,0C24  (2)  BC:047B  DE:0013  HL:0067  AF:0146  SP:7FF7  PC:0A66
0A69  CD 77 0A  CALL 0A77   (2)  BC:047B  DE:0C24  HL:0067  AF:0146  SP:7FF7  PC:0A69
0A77  CD 80 0A  CALL 0A80   (3)  BC:047B  DE:0C24  HL:0067  AF:0146  SP:7FF5  PC:0A77
0A7A  23        INX H       (3)  BC:047B  DE:0C25  HL:0067  AF:2956  SP:7FF5  PC:0A7A
0A7B  05        DCR B       (3)  BC:047B  DE:0C25  HL:0068  AF:2956  SP:7FF5  PC:0A7B
0A7C  C2 77 0A  JNZ 0A77    (3)  BC:037B  DE:0C25  HL:0068  AF:2916  SP:7FF5  PC:0A7C
0A77  CD 80 0A  CALL 0A80   (3)  BC:037B  DE:0C25  HL:0068  AF:2916  SP:7FF5  PC:0A77
0A7A  23        INX H       (3)  BC:037B  DE:0C26  HL:0068  AF:0056  SP:7FF5  PC:0A7A
0A7B  05        DCR B       (3)  BC:037B  DE:0C26  HL:0069  AF:0056  SP:7FF5  PC:0A7B
0A7C  C2 77 0A  JNZ 0A77    (3)  BC:027B  DE:0C26  HL:0069  AF:0012  SP:7FF5  PC:0A7C
0A77  CD 80 0A  CALL 0A80   (3)  BC:027B  DE:0C26  HL:0069  AF:0012  SP:7FF5  PC:0A77
0A7A  23        INX H       (3)  BC:027B  DE:0C27  HL:0069  AF:0056  SP:7FF5  PC:0A7A
0A7B  05        DCR B       (3)  BC:027B  DE:0C27  HL:006A  AF:0056  SP:7FF5  PC:0A7B
0A7C  C2 77 0A  JNZ 0A77    (3)  BC:017B  DE:0C27  HL:006A  AF:0012  SP:7FF5  PC:0A7C
0A77  CD 80 0A  CALL 0A80   (3)  BC:017B  DE:0C27  HL:006A  AF:0012  SP:7FF5  PC:0A77
0A7A  23        INX H       (3)  BC:017B  DE:0C28  HL:006A  AF:0056  SP:7FF5  PC:0A7A
0A7B  05        DCR B       (3)  BC:017B  DE:0C28  HL:006B  AF:0056  SP:7FF5  PC:0A7B
0A7C  C2 77 0A  JNZ 0A77    (3)  BC:007B  DE:0C28  HL:006B  AF:0056  SP:7FF5  PC:0A7C
0A7F  C9        RET         (3)  BC:007B  DE:0C28  HL:006B  AF:0056  SP:7FF5  PC:0A7F
0A6C  06 10     MVI B,10    (2)  BC:007B  DE:0C28  HL:006B  AF:0056  SP:7FF7  PC:0A6C
0A6E  11 03 00  LXI D,0003  (2)  BC:107B  DE:0C28  HL:006B  AF:0056  SP:7FF7  PC:0A6E
0A71  CD 77 0A  CALL 0A77   (2)  BC:107B  DE:0003  HL:006B  AF:0056  SP:7FF7  PC:0A71
0A77  CD 80 0A  CALL 0A80   (3)  BC:107B  DE:0003  HL:006B  AF:0056  SP:7FF5  PC:0A77
0A7A  23        INX H       (3)  BC:107B  DE:0004  HL:006B  AF:A556  SP:7FF5  PC:0A7A
0A7B  05        DCR B       (3)  BC:107B  DE:0004  HL:006C  AF:A556  SP:7FF5  PC:0A7B
0A7C  C2 77 0A  JNZ 0A77    (3)  BC:0F7B  DE:0004  HL:006C  AF:A506  SP:7FF5  PC:0A7C
0A77  CD 80 0A  CALL 0A80   (3)  BC:0F7B  DE:0004  HL:006C  AF:A506  SP:7FF5  PC:0A77
0A7A  23        INX H       (3)  BC:0F7B  DE:0005  HL:006C  AF:C456  SP:7FF5  PC:0A7A
0A7B  05        DCR B       (3)  BC:0F7B  DE:0005  HL:006D  AF:C456  SP:7FF5  PC:0A7B
0A7C  C2 77 0A  JNZ 0A77    (3)  BC:0E7B  DE:0005  HL:006D  AF:C412  SP:7FF5  PC:0A7C
0A77  CD 80 0A  CALL 0A80   (3)  BC:0E7B  DE:0005  HL:006D  AF:C412  SP:7FF5  PC:0A77
0A7A  23        INX H       (3)  BC:0E7B  DE:0006  HL:006D  AF:C756  SP:7FF5  PC:0A7A
0A7B  05        DCR B       (3)  BC:0E7B  DE:0006  HL:006E  AF:C756  SP:7FF5  PC:0A7B
0A7C  C2 77 0A  JNZ 0A77    (3)  BC:0D7B  DE:0006  HL:006E  AF:C712  SP:7FF5  PC:0A7C
0A77  CD 80 0A  CALL 0A80   (3)  BC:0D7B  DE:0006  HL:006E  AF:C712  SP:7FF5  PC:0A77
0A7A  23        INX H       (3)  BC:0D7B  DE:0007  HL:006E  AF:C456  SP:7FF5  PC:0A7A
0A7B  05        DCR B       (3)  BC:0D7B  DE:0007  HL:006F  AF:C456  SP:7FF5  PC:0A7B
0A7C  C2 77 0A  JNZ 0A77    (3)  BC:0C7B  DE:0007  HL:006F  AF:C416  SP:7FF5  PC:0A7C
0A77  CD 80 0A  CALL 0A80   (3)  BC:0C7B  DE:0007  HL:006F  AF:C416  SP:7FF5  PC:0A77
0A7A  23        INX H       (3)  BC:0C7B  DE:0008  HL:006F  AF:2656  SP:7FF5  PC:0A7A
0A7B  05        DCR B       (3)  BC:0C7B  DE:0008  HL:0070  AF:2656  SP:7FF5  PC:0A7B
0A7C  C2 77 0A  JNZ 0A77    (3)  BC:0B7B  DE:0008  HL:0070  AF:2612  SP:7FF5  PC:0A7C
0A77  CD 80 0A  CALL 0A80   (3)  BC:0B7B  DE:0008  HL:0070  AF:2612  SP:7FF5  PC:0A77
0A7A  23        INX H       (3)  BC:0B7B  DE:0009  HL:0070  AF:D256  SP:7FF5  PC:0A7A
0A7B  05        DCR B       (3)  BC:0B7B  DE:0009  HL:0071  AF:D256  SP:7FF5  PC:0A7B
0A7C  C2 77 0A  JNZ 0A77    (3)  BC:0A7B  DE:0009  HL:0071  AF:D216  SP:7FF5  PC:0A7C
0A77  CD 80 0A  CALL 0A80   (3)  BC:0A7B  DE:0009  HL:0071  AF:D216  SP:7FF5  PC:0A77
0A7A  23        INX H       (3)  BC:0A7B  DE:000A  HL:0071  AF:5157  SP:7FF5  PC:0A7A
0A7B  05        DCR B       (3)  BC:0A7B  DE:000A  HL:0072  AF:5157  SP:7FF5  PC:0A7B
0A7C  C2 77 0A  JNZ 0A77    (3)  BC:097B  DE:000A  HL:0072  AF:5117  SP:7FF5  PC:0A7C
0A77  CD 80 0A  CALL 0A80   (3)  BC:097B  DE:000A  HL:0072  AF:5117  SP:7FF5  PC:0A77
0A7A  23        INX H       (3)  BC:097B  DE:000B  HL:0072  AF:A057  SP:7FF5  PC:0A7A
0A7B  05        DCR B       (3)  BC:097B  DE:000B  HL:0073  AF:A057  SP:7FF5  PC:0A7B
0A7C  C2 77 0A  JNZ 0A77    (3)  BC:087B  DE:000B  HL:0073  AF:A013  SP:7FF5  PC:0A7C
0A77  CD 80 0A  CALL 0A80   (3)  BC:087B  DE:000B  HL:0073  AF:A013  SP:7FF5  PC:0A77
0A7A  23        INX H       (3)  BC:087B  DE:000C  HL:0073  AF:EA57  SP:7FF5  PC:0A7A
0A7B  05        DCR B       (3)  BC:087B  DE:000C  HL:0074  AF:EA57  SP:7FF5  PC:0A7B
0A7C  C2 77 0A  JNZ 0A77    (3)  BC:077B  DE:000C  HL:0074  AF:EA13  SP:7FF5  PC:0A7C
0A77  CD 80 0A  CALL 0A80   (3)  BC:077B  DE:000C  HL:0074  AF:EA13  SP:7FF5  PC:0A77
0A7A  23        INX H       (3)  BC:077B  DE:000D  HL:0074  AF:5057  SP:7FF5  PC:0A7A
0A7B  05        DCR B       (3)  BC:077B  DE:000D  HL:0075  AF:5057  SP:7FF5  PC:0A7B
0A7C  C2 77 0A  JNZ 0A77    (3)  BC:067B  DE:000D  HL:0075  AF:5017  SP:7FF5  PC:0A7C
0A77  CD 80 0A  CALL 0A80   (3)  BC:067B  DE:000D  HL:0075  AF:5017  SP:7FF5  PC:0A77
0A7A  23        INX H       (3)  BC:067B  DE:000E  HL:0075  AF:6657  SP:7FF5  PC:0A7A
0A7B  05        DCR B       (3)  BC:067B  DE:000E  HL:0076  AF:6657  SP:7FF5  PC:0A7B
0A7C  C2 77 0A  JNZ 0A77    (3)  BC:057B  DE:000E  HL:0076  AF:6617  SP:7FF5  PC:0A7C
0A77  CD 80 0A  CALL 0A80   (3)  BC:057B  DE:000E  HL:0076  AF:6617  SP:7FF5  PC:0A77
0A7A  23        INX H       (3)  BC:057B  DE:000F  HL:0076  AF:8557  SP:7FF5  PC:0A7A
0A7B  05        DCR B       (3)  BC:057B  DE:000F  HL:0077  AF:8557  SP:7FF5  PC:0A7B
0A7C  C2 77 0A  JNZ 0A77    (3)  BC:047B  DE:000F  HL:0077  AF:8513  SP:7FF5  PC:0A7C
0A77  CD 80 0A  CALL 0A80   (3)  BC:047B  DE:000F  HL:0077  AF:8513  SP:7FF5  PC:0A77
0A7A  23        INX H       (3)  BC:047B  DE:0010  HL:0077  AF:C657  SP:7FF5  PC:0A7A
0A7B  05        DCR B       (3)  BC:047B  DE:0010  HL:0078  AF:C657  SP:7FF5  PC:0A7B
0A7C  C2 77 0A  JNZ 0A77    (3)  BC:037B  DE:0010  HL:0078  AF:C617  SP:7FF5  PC:0A7C
0A77  CD 80 0A  CALL 0A80   (3)  BC:037B  DE:0010  HL:0078  AF:C617  SP:7FF5  PC:0A77
0A7A  23        INX H       (3)  BC:037B  DE:0011  HL:0078  AF:DE56  SP:7FF5  PC:0A7A
0A7B  05        DCR B       (3)  BC:037B  DE:0011  HL:0079  AF:DE56  SP:7FF5  PC:0A7B
0A7C  C2 77 0A  JNZ 0A77    (3)  BC:027B  DE:0011  HL:0079  AF:DE12  SP:7FF5  PC:0A7C
0A77  CD 80 0A  CALL 0A80   (3)  BC:027B  DE:0011  HL:0079  AF:DE12  SP:7FF5  PC:0A77
0A7A  23        INX H       (3)  BC:027B  DE:0012  HL:0079  AF:C957  SP:7FF5  PC:0A7A
0A7B  05        DCR B       (3)  BC:027B  DE:0012  HL:007A  AF:C957  SP:7FF5  PC:0A7B
0A7C  C2 77 0A  JNZ 0A77    (3)  BC:017B  DE:0012  HL:007A  AF:C913  SP:7FF5  PC:0A7C
0A77  CD 80 0A  CALL 0A80   (3)  BC:017B  DE:0012  HL:007A  AF:C913  SP:7FF5  PC:0A77
0A7A  23        INX H       (3)  BC:017B  DE:0013  HL:007A  AF:9B57  SP:7FF5  PC:0A7A
0A7B  05        DCR B       (3)  BC:017B  DE:0013  HL:007B  AF:9B57  SP:7FF5  PC:0A7B
0A7C  C2 77 0A  JNZ 0A77    (3)  BC:007B  DE:0013  HL:007B  AF:9B57  SP:7FF5  PC:0A7C
0A7F  C9        RET         (3)  BC:007B  DE:0013  HL:007B  AF:9B57  SP:7FF5  PC:0A7F
0A74  C3 00 0A  JMP 0A00    (2)  BC:007B  DE:0013  HL:007B  AF:9B57  SP:7FF7  PC:0A74
0A00  3A 24 0C  LDA 0C24    (2)  BC:007B  DE:0013  HL:007B  AF:9B57  SP:7FF7  PC:0A00
0A03  FE 76     CPI 76      (2)  BC:007B  DE:0013  HL:007B  AF:2957  SP:7FF7  PC:0A03
0A05  CA 17 0A  JZ 0A17     (2)  BC:007B  DE:0013  HL:007B  AF:2993  SP:7FF7  PC:0A05
0A08  E6 DF     ANI DF      (2)  BC:007B  DE:0013  HL:007B  AF:2993  SP:7FF7  PC:0A08
0A0A  FE DD     CPI DD      (2)  BC:007B  DE:0013  HL:007B  AF:0916  SP:7FF7  PC:0A0A
0A0C  C2 14 0A  JNZ 0A14    (2)  BC:007B  DE:0013  HL:007B  AF:0903  SP:7FF7  PC:0A0C
0A14  C4 05 0C  CNZ 0C05    (2)  BC:007B  DE:0013  HL:007B  AF:0903  SP:7FF7  PC:0A14
0C05  F5        PUSH PSW    (3)  BC:007B  DE:0013  HL:007B  AF:0903  SP:7FF5  PC:0C05
0C06  C5        PUSH B      (3)  BC:007B  DE:0013  HL:007B  AF:0903  SP:7FF3  PC:0C06
0C07  D5        PUSH D      (3)  BC:007B  DE:0013  HL:007B  AF:0903  SP:7FF1  PC:0C07
0C08  E5        PUSH H      (3)  BC:007B  DE:0013  HL:007B  AF:0903  SP:7FEF  PC:0C08
0C09  F3        DI          (3)  BC:007B  DE:0013  HL:007B  AF:0903  SP:7FED  PC:0C09
0C0A  21 00 00  LXI H,0000  (3)  BC:007B  DE:0013  HL:007B  AF:0903  SP:7FED  PC:0C0A
0C0D  39        DAD SP      (3)  BC:007B  DE:0013  HL:0000  AF:0903  SP:7FED  PC:0C0D
0C0E  22 80 0C  SHLD 0C80   (3)  BC:007B  DE:0013  HL:7FED  AF:0902  SP:7FED  PC:0C0E
0C11  31 05 00  LXI SP,0005 (3)  BC:007B  DE:0013  HL:7FED  AF:0902  SP:7FED  PC:0C11
0C14  E1        POP H       (3)  BC:007B  DE:0013  HL:7FED  AF:0902  SP:0005  PC:0C14
0C15  E1        POP H       (3)  BC:007B  DE:0013  HL:C4C7  AF:0902  SP:0007  PC:0C15
0C16  E1        POP H       (3)  BC:007B  DE:0013  HL:D226  AF:0902  SP:0009  PC:0C16
0C17  D1        POP D       (3)  BC:007B  DE:0013  HL:A051  AF:0902  SP:000B  PC:0C17
0C18  C1        POP B       (3)  BC:007B  DE:50EA  HL:A051  AF:0902  SP:000D  PC:0C18
0C19  F1        POP PSW     (3)  BC:8566  DE:50EA  HL:A051  AF:0902  SP:000F  PC:0C19
0C1A  22 6E 0C  SHLD 0C6E   (3)  BC:8566  DE:50EA  HL:A051  AF:DEC6  SP:0011  PC:0C1A
0C1D  2A 11 00  LHLD 0011   (3)  BC:8566  DE:50EA  HL:A051  AF:DEC6  SP:0011  PC:0C1D
0C20  F9        SPHL        (3)  BC:8566  DE:50EA  HL:9BC9  AF:DEC6  SP:0011  PC:0C20
0C21  2A 6E 0C  LHLD 0C6E   (3)  BC:8566  DE:50EA  HL:9BC9  AF:DEC6  SP:9BC9  PC:0C21
0C24  29        DAD H       (3)  BC:8566  DE:50EA  HL:A051  AF:DEC6  SP:9BC9  PC:0C24
0C25  00        NOP         (3)  BC:8566  DE:50EA  HL:40A2  AF:DEC7  SP:9BC9  PC:0C25
0C26  00        NOP         (3)  BC:8566  DE:50EA  HL:40A2  AF:DEC7  SP:9BC9  PC:0C26
0C27  00        NOP         (3)  BC:8566  DE:50EA  HL:40A2  AF:DEC7  SP:9BC9  PC:0C27
0C28  22 6E 0C  SHLD 0C6E   (3)  BC:8566  DE:50EA  HL:40A2  AF:DEC7  SP:9BC9  PC:0C28
0C2B  21 00 00  LXI H,0000  (3)  BC:8566  DE:50EA  HL:40A2  AF:DEC7  SP:9BC9  PC:0C2B
0C2E  DA 35 0C  JC 0C35     (3)  BC:8566  DE:50EA  HL:0000  AF:DEC7  SP:9BC9  PC:0C2E
0C35  39        DAD SP      (3)  BC:8566  DE:50EA  HL:0000  AF:DEC7  SP:9BC9  PC:0C35
0C36  37        STC         (3)  BC:8566  DE:50EA  HL:9BC9  AF:DEC6  SP:9BC9  PC:0C36
0C37  22 7E 0C  SHLD 0C7E   (3)  BC:8566  DE:50EA  HL:9BC9  AF:DEC7  SP:9BC9  PC:0C37
0C3A  2A 6E 0C  LHLD 0C6E   (3)  BC:8566  DE:50EA  HL:9BC9  AF:DEC7  SP:9BC9  PC:0C3A
0C3D  31 7E 0C  LXI SP,0C7E (3)  BC:8566  DE:50EA  HL:40A2  AF:DEC7  SP:9BC9  PC:0C3D
0C40  F5        PUSH PSW    (3)  BC:8566  DE:50EA  HL:40A2  AF:DEC7  SP:0C7E  PC:0C40
0C41  C5        PUSH B      (3)  BC:8566  DE:50EA  HL:40A2  AF:DEC7  SP:0C7C  PC:0C41
0C42  D5        PUSH D      (3)  BC:8566  DE:50EA  HL:40A2  AF:DEC7  SP:0C7A  PC:0C42
0C43  E5        PUSH H      (3)  BC:8566  DE:50EA  HL:40A2  AF:DEC7  SP:0C78  PC:0C43
0C44  E5        PUSH H      (3)  BC:8566  DE:50EA  HL:40A2  AF:DEC7  SP:0C76  PC:0C44
0C45  E5        PUSH H      (3)  BC:8566  DE:50EA  HL:40A2  AF:DEC7  SP:0C74  PC:0C45
0C46  2A 80 0C  LHLD 0C80   (3)  BC:8566  DE:50EA  HL:40A2  AF:DEC7  SP:0C72  PC:0C46
0C49  F9        SPHL        (3)  BC:8566  DE:50EA  HL:7FED  AF:DEC7  SP:0C72  PC:0C49
0C4A  FB        EI          (3)  BC:8566  DE:50EA  HL:7FED  AF:DEC7  SP:7FED  PC:0C4A
0C4B  2A 03 00  LHLD 0003   (3)  BC:8566  DE:50EA  HL:7FED  AF:DEC7  SP:7FED  PC:0C4B
0C4E  22 70 0C  SHLD 0C70   (3)  BC:8566  DE:50EA  HL:C4A5  AF:DEC7  SP:7FED  PC:0C4E
0C51  21 7C 0C  LXI H,0C7C  (3)  BC:8566  DE:50EA  HL:C4A5  AF:DEC7  SP:7FED  PC:0C51
0C54  7E        MOV A,M     (3)  BC:8566  DE:50EA  HL:0C7C  AF:DEC7  SP:7FED  PC:0C54
0C55  E6 FF     ANI FF      (3)  BC:8566  DE:50EA  HL:0C7C  AF:C7C7  SP:7FED  PC:0C55
0C57  77        MOV M,A     (3)  BC:8566  DE:50EA  HL:0C7C  AF:C792  SP:7FED  PC:0C57
0C58  06 10     MVI B,10    (3)  BC:8566  DE:50EA  HL:0C7C  AF:C792  SP:7FED  PC:0C58
0C5A  11 70 0C  LXI D,0C70  (3)  BC:1066  DE:50EA  HL:0C7C  AF:C792  SP:7FED  PC:0C5A
0C5D  21 BB 0D  LXI H,0DBB  (3)  BC:1066  DE:0C70  HL:0C7C  AF:C792  SP:7FED  PC:0C5D
0C60  1A        LDAX D      (3)  BC:1066  DE:0C70  HL:0DBB  AF:C792  SP:7FED  PC:0C60
0C61  13        INX D       (3)  BC:1066  DE:0C70  HL:0DBB  AF:A592  SP:7FED  PC:0C61
0C62  CD 7F 0D  CALL 0D7F   (3)  BC:1066  DE:0C71  HL:0DBB  AF:A592  SP:7FED  PC:0C62
0C65  05        DCR B       (3)  BC:1066  DE:0C71  HL:0DBB  AF:A592  SP:7FED  PC:0C65
0C66  C2 60 0C  JNZ 0C60    (3)  BC:0F66  DE:0C71  HL:0DBB  AF:A506  SP:7FED  PC:0C66
0C60  1A        LDAX D      (3)  BC:0F66  DE:0C71  HL:0DBB  AF:A506  SP:7FED  PC:0C60
0C61  13        INX D       (3)  BC:0F66  DE:0C71  HL:0DBB  AF:C406  SP:7FED  PC:0C61
0C62  CD 7F 0D  CALL 0D7F   (3)  BC:0F66  DE:0C72  HL:0DBB  AF:C406  SP:7FED  PC:0C62
0C65  05        DCR B       (3)  BC:0F66  DE:0C72  HL:0DBB  AF:C406  SP:7FED  PC:0C65
0C66  C2 60 0C  JNZ 0C60    (3)  BC:0E66  DE:0C72  HL:0DBB  AF:C412  SP:7FED  PC:0C66
0C60  1A        LDAX D      (3)  BC:0E66  DE:0C72  HL:0DBB  AF:C412  SP:7FED  PC:0C60
0C61  13        INX D       (3)  BC:0E66  DE:0C72  HL:0DBB  AF:A212  SP:7FED  PC:0C61
0C62  CD 7F 0D  CALL 0D7F   (3)  BC:0E66  DE:0C73  HL:0DBB  AF:A212  SP:7FED  PC:0C62
0C65  05        DCR B       (3)  BC:0E66  DE:0C73  HL:0DBB  AF:A212  SP:7FED  PC:0C65
0C66  C2 60 0C  JNZ 0C60    (3)  BC:0D66  DE:0C73  HL:0DBB  AF:A212  SP:7FED  PC:0C66
0C60  1A        LDAX D      (3)  BC:0D66  DE:0C73  HL:0DBB  AF:A212  SP:7FED  PC:0C60
0C61  13        INX D       (3)  BC:0D66  DE:0C73  HL:0DBB  AF:4012  SP:7FED  PC:0C61
0C62  CD 7F 0D  CALL 0D7F   (3)  BC:0D66  DE:0C74  HL:0DBB  AF:4012  SP:7FED  PC:0C62
0C65  05        DCR B       (3)  BC:0D66  DE:0C74  HL:0DBB  AF:4012  SP:7FED  PC:0C65
0C66  C2 60 0C  JNZ 0C60    (3)  BC:0C66  DE:0C74  HL:0DBB  AF:4016  SP:7FED  PC:0C66
0C60  1A        LDAX D      (3)  BC:0C66  DE:0C74  HL:0DBB  AF:4016  SP:7FED  PC:0C60
0C61  13        INX D       (3)  BC:0C66  DE:0C74  HL:0DBB  AF:A216  SP:7FED  PC:0C61
0C62  CD 7F 0D  CALL 0D7F   (3)  BC:0C66  DE:0C75  HL:0DBB  AF:A216  SP:7FED  PC:0C62
0C65  05        DCR B       (3)  BC:0C66  DE:0C75  HL:0DBB  AF:A216  SP:7FED  PC:0C65
0C66  C2 60 0C  JNZ 0C60    (3)  BC:0B66  DE:0C75  HL:0DBB  AF:A212  SP:7FED  PC:0C66
0C60  1A        LDAX D      (3)  BC:0B66  DE:0C75  HL:0DBB  AF:A212  SP:7FED  PC:0C60
0C61  13        INX D       (3)  BC:0B66  DE:0C75  HL:0DBB  AF:4012  SP:7FED  PC:0C61
0C62  CD 7F 0D  CALL 0D7F   (3)  BC:0B66  DE:0C76  HL:0DBB  AF:4012  SP:7FED  PC:0C62
0C65  05        DCR B       (3)  BC:0B66  DE:0C76  HL:0DBB  AF:4012  SP:7FED  PC:0C65
0C66  C2 60 0C  JNZ 0C60    (3)  BC:0A66  DE:0C76  HL:0DBB  AF:4016  SP:7FED  PC:0C66
0C60  1A        LDAX D      (3)  BC:0A66  DE:0C76  HL:0DBB  AF:4016  SP:7FED  PC:0C60
0C61  13        INX D       (3)  BC:0A66  DE:0C76  HL:0DBB  AF:A216  SP:7FED  PC:0C61
0C62  CD 7F 0D  CALL 0D7F   (3)  BC:0A66  DE:0C77  HL:0DBB  AF:A216  SP:7FED  PC:0C62
0C65  05        DCR B       (3)  BC:0A66  DE:0C77  HL:0DBB  AF:A216  SP:7FED  PC:0C65
0C66  C2 60 0C  JNZ 0C60    (3)  BC:0966  DE:0C77  HL:0DBB  AF:A216  SP:7FED  PC:0C66
0C60  1A        LDAX D      (3)  BC:0966  DE:0C77  HL:0DBB  AF:A216  SP:7FED  PC:0C60
0C61  13        INX D       (3)  BC:0966  DE:0C77  HL:0DBB  AF:4016  SP:7FED  PC:0C61
0C62  CD 7F 0D  CALL 0D7F   (3)  BC:0966  DE:0C78  HL:0DBB  AF:4016  SP:7FED  PC:0C62
0C65  05        DCR B       (3)  BC:0966  DE:0C78  HL:0DBB  AF:4016  SP:7FED  PC:0C65
0C66  C2 60 0C  JNZ 0C60    (3)  BC:0866  DE:0C78  HL:0DBB  AF:4012  SP:7FED  PC:0C66
0C60  1A        LDAX D      (3)  BC:0866  DE:0C78  HL:0DBB  AF:4012  SP:7FED  PC:0C60
0C61  13        INX D       (3)  BC:0866  DE:0C78  HL:0DBB  AF:EA12  SP:7FED  PC:0C61
0C62  CD 7F 0D  CALL 0D7F   (3)  BC:0866  DE:0C79  HL:0DBB  AF:EA12  SP:7FED  PC:0C62
0C65  05        DCR B       (3)  BC:0866  DE:0C79  HL:0DBB  AF:EA12  SP:7FED  PC:0C65
0C66  C2 60 0C  JNZ 0C60    (3)  BC:0766  DE:0C79  HL:0DBB  AF:EA12  SP:7FED  PC:0C66
0C60  1A        LDAX D      (3)  BC:0766  DE:0C79  HL:0DBB  AF:EA12  SP:7FED  PC:0C60
0C61  13        INX D       (3)  BC:0766  DE:0C79  HL:0DBB  AF:5012  SP:7FED  PC:0C61
0C62  CD 7F 0D  CALL 0D7F   (3)  BC:0766  DE:0C7A  HL:0DBB  AF:5012  SP:7FED  PC:0C62
0C65  05        DCR B       (3)  BC:0766  DE:0C7A  HL:0DBB  AF:5012  SP:7FED  PC:0C65
0C66  C2 60 0C  JNZ 0C60    (3)  BC:0666  DE:0C7A  HL:0DBB  AF:5016  SP:7FED  PC:0C66
0C60  1A        LDAX D      (3)  BC:0666  DE:0C7A  HL:0DBB  AF:5016  SP:7FED  PC:0C60
0C61  13        INX D       (3)  BC:0666  DE:0C7A  HL:0DBB  AF:6616  SP:7FED  PC:0C61
0C62  CD 7F 0D  CALL 0D7F   (3)  BC:0666  DE:0C7B  HL:0DBB  AF:6616  SP:7FED  PC:0C62
0C65  05        DCR B       (3)  BC:0666  DE:0C7B  HL:0DBB  AF:6616  SP:7FED  PC:0C65
0C66  C2 60 0C  JNZ 0C60    (3)  BC:0566  DE:0C7B  HL:0DBB  AF:6616  SP:7FED  PC:0C66
0C60  1A        LDAX D      (3)  BC:0566  DE:0C7B  HL:0DBB  AF:6616  SP:7FED  PC:0C60
0C61  13        INX D       (3)  BC:0566  DE:0C7B  HL:0DBB  AF:8516  SP:7FED  PC:0C61
0C62  CD 7F 0D  CALL 0D7F   (3)  BC:0566  DE:0C7C  HL:0DBB  AF:8516  SP:7FED  PC:0C62
0C65  05        DCR B       (3)  BC:0566  DE:0C7C  HL:0DBB  AF:8516  SP:7FED  PC:0C65
0C66  C2 60 0C  JNZ 0C60    (3)  BC:0466  DE:0C7C  HL:0DBB  AF:8512  SP:7FED  PC:0C66
0C60  1A        LDAX D      (3)  BC:0466  DE:0C7C  HL:0DBB  AF:8512  SP:7FED  PC:0C60
0C61  13        INX D       (3)  BC:0466  DE:0C7C  HL:0DBB  AF:C712  SP:7FED  PC:0C61
0C62  CD 7F 0D  CALL 0D7F   (3)  BC:0466  DE:0C7D  HL:0DBB  AF:C712  SP:7FED  PC:0C62
0C65  05        DCR B       (3)  BC:0466  DE:0C7D  HL:0DBB  AF:C712  SP:7FED  PC:0C65
0C66  C2 60 0C  JNZ 0C60    (3)  BC:0366  DE:0C7D  HL:0DBB  AF:C716  SP:7FED  PC:0C66
0C60  1A        LDAX D      (3)  BC:0366  DE:0C7D  HL:0DBB  AF:C716  SP:7FED  PC:0C60
0C61  13        INX D       (3)  BC:0366  DE:0C7D  HL:0DBB  AF:DE16  SP:7FED  PC:0C61
0C62  CD 7F 0D  CALL 0D7F   (3)  BC:0366  DE:0C7E  HL:0DBB  AF:DE16  SP:7FED  PC:0C62
0C65  05        DCR B       (3)  BC:0366  DE:0C7E  HL:0DBB  AF:DE16  SP:7FED  PC:0C65
0C66  C2 60 0C  JNZ 0C60    (3)  BC:0266  DE:0C7E  HL:0DBB  AF:DE12  SP:7FED  PC:0C66
0C60  1A        LDAX D      (3)  BC:0266  DE:0C7E  HL:0DBB  AF:DE12  SP:7FED  PC:0C60
0C61  13        INX D       (3)  BC:0266  DE:0C7E  HL:0DBB  AF:C912  SP:7FED  PC:0C61
0C62  CD 7F 0D  CALL 0D7F   (3)  BC:0266  DE:0C7F  HL:0DBB  AF:C912  SP:7FED  PC:0C62
0C65  05        DCR B       (3)  BC:0266  DE:0C7F  HL:0DBB  AF:C912  SP:7FED  PC:0C65
0C66  C2 60 0C  JNZ 0C60    (3)  BC:0166  DE:0C7F  HL:0DBB  AF:C912  SP:7FED  PC:0C66
0C60  1A        LDAX D      (3)  BC:0166  DE:0C7F  HL:0DBB  AF:C912  SP:7FED  PC:0C60
0C61  13        INX D       (3)  BC:0166  DE:0C7F  HL:0DBB  AF:9B12  SP:7FED  PC:0C61
0C62  CD 7F 0D  CALL 0D7F   (3)  BC:0166  DE:0C80  HL:0DBB  AF:9B12  SP:7FED  PC:0C62
0C65  05        DCR B       (3)  BC:0166  DE:0C80  HL:0DBB  AF:9B12  SP:7FED  PC:0C65
0C66  C2 60 0C  JNZ 0C60    (3)  BC:0066  DE:0C80  HL:0DBB  AF:9B56  SP:7FED  PC:0C66
0C69  E1        POP H       (3)  BC:0066  DE:0C80  HL:0DBB  AF:9B56  SP:7FED  PC:0C69
0C6A  D1        POP D       (3)  BC:0066  DE:0C80  HL:007B  AF:9B56  SP:7FEF  PC:0C6A
0C6B  C1        POP B       (3)  BC:0066  DE:0013  HL:007B  AF:9B56  SP:7FF1  PC:0C6B
0C6C  F1        POP PSW     (3)  BC:007B  DE:0013  HL:007B  AF:9B56  SP:7FF3  PC:0C6C
0C6D  C9        RET         (3)  BC:007B  DE:0013  HL:007B  AF:0903  SP:7FF5  PC:0C6D
0A17  CD 64 0B  CALL 0B64   (2)  BC:007B  DE:0013  HL:007B  AF:0903  SP:7FF7  PC:0A17
0B64  C5        PUSH B      (3)  BC:007B  DE:0013  HL:007B  AF:0903  SP:7FF5  PC:0B64
0B65  D5        PUSH D      (3)  BC:007B  DE:0013  HL:007B  AF:0903  SP:7FF3  PC:0B65
0B66  E5        PUSH H      (3)  BC:007B  DE:0013  HL:007B  AF:0903  SP:7FF1  PC:0B66
0B67  21 B5 0B  LXI H,0BB5  (3)  BC:007B  DE:0013  HL:007B  AF:0903  SP:7FEF  PC:0B67
0B6A  11 14 00  LXI D,0014  (3)  BC:007B  DE:0013  HL:0BB5  AF:0903  SP:7FEF  PC:0B6A
0B6D  EB        XCHG        (3)  BC:007B  DE:0014  HL:0BB5  AF:0903  SP:7FEF  PC:0B6D
0B6E  19        DAD D       (3)  BC:007B  DE:0BB5  HL:0014  AF:0903  SP:7FEF  PC:0B6E
0B6F  EB        XCHG        (3)  BC:007B  DE:0BB5  HL:0BC9  AF:0902  SP:7FEF  PC:0B6F
0B70  34        INR M       (3)  BC:007B  DE:0BC9  HL:0BB5  AF:0902  SP:7FEF  PC:0B70
0B71  7E        MOV A,M     (3)  BC:007B  DE:0BC9  HL:0BB5  AF:0902  SP:7FEF  PC:0B71
0B72  FE 00     CPI 00      (3)  BC:007B  DE:0BC9  HL:0BB5  AF:1302  SP:7FEF  PC:0B72
0B74  CA 83 0B  JZ 0B83     (3)  BC:007B  DE:0BC9  HL:0BB5  AF:1312  SP:7FEF  PC:0B74
0B77  47        MOV B,A     (3)  BC:007B  DE:0BC9  HL:0BB5  AF:1312  SP:7FEF  PC:0B77
0B78  1A        LDAX D      (3)  BC:137B  DE:0BC9  HL:0BB5  AF:1312  SP:7FEF  PC:0B78
0B79  A0        ANA B       (3)  BC:137B  DE:0BC9  HL:0BB5  AF:0012  SP:7FEF  PC:0B79
0B7A  CA 7F 0B  JZ 0B7F     (3)  BC:137B  DE:0BC9  HL:0BB5  AF:0046  SP:7FEF  PC:0B7A
0B7F  C1        POP B       (3)  BC:137B  DE:0BC9  HL:0BB5  AF:0046  SP:7FEF  PC:0B7F
0B80  D1        POP D       (3)  BC:007B  DE:0BC9  HL:0BB5  AF:0046  SP:7FF1  PC:0B80
0B81  E1        POP H       (3)  BC:007B  DE:0013  HL:0BB5  AF:0046  SP:7FF3  PC:0B81
0B82  C9        RET         (3)  BC:007B  DE:0013  HL:007B  AF:0046  SP:7FF5  PC:0B82
0A1A  C4 88 0B  CNZ 0B88    (2)  BC:007B  DE:0013  HL:007B  AF:0046  SP:7FF7  PC:0A1A
0A1D  E1        POP H       (2)  BC:007B  DE:0013  HL:007B  AF:0046  SP:7FF7  PC:0A1D
0A1E  CA 4D 0A  JZ 0A4D     (2)  BC:007B  DE:0013  HL:0067  AF:0046  SP:7FF9  PC:0A1E
0A4D  E5        PUSH H      (2)  BC:007B  DE:0013  HL:0067  AF:0046  SP:7FF9  PC:0A4D
0A4E  3E 01     MVI A,01    (2)  BC:007B  DE:0013  HL:0067  AF:0046  SP:7FF7  PC:0A4E
0A50  32 C3 0A  STA 0AC3    (2)  BC:007B  DE:0013  HL:0067  AF:0146  SP:7FF7  PC:0A50
0A53  32 E7 0A  STA 0AE7    (2)  BC:007B  DE:0013  HL:0067  AF:0146  SP:7FF7  PC:0A53
0A56  21 B5 0B  LXI H,0BB5  (2)  BC:007B  DE:0013  HL:0067  AF:0146  SP:7FF7  PC:0A56
0A59  22 C4 0A  SHLD 0AC4   (2)  BC:007B  DE:0013  HL:0BB5  AF:0146  SP:7FF7  PC:0A59
0A5C  21 DD 0B  LXI H,0BDD  (2)  BC:007B  DE:0013  HL:0BB5  AF:0146  SP:7FF7  PC:0A5C
0A5F  22 E8 0A  SHLD 0AE8   (2)  BC:007B  DE:0013  HL:0BDD  AF:0146  SP:7FF7  PC:0A5F
0A62  06 04     MVI B,04    (2)  BC:007B  DE:0013  HL:0BDD  AF:0146  SP:7FF7  PC:0A62
0A64  E1        POP H       (2)  BC:047B  DE:0013  HL:0BDD  AF:0146  SP:7FF7  PC:0A64
0A65  E5        PUSH H      (2)  BC:047B  DE:0013  HL:0067  AF:0146  SP:7FF9  PC:0A65
0A66  11 24 0C  LXI D,0C24  (2)  BC:047B  DE:0013  HL:0067  AF:0146  SP:7FF7  PC:0A66
0A69  CD 77 0A  CALL 0A77   (2)  BC:047B  DE:0C24  HL:0067  AF:0146  SP:7FF7  PC:0A69
0A77  CD 80 0A  CALL 0A80   (3)  BC:047B  DE:0C24  HL:0067  AF:0146  SP:7FF5  PC:0A77
0A7A  23        INX H       (3)  BC:047B  DE:0C25  HL:0067  AF:3956  SP:7FF5  PC:0A7A
0A7B  05        DCR B       (3)  BC:047B  DE:0C25  HL:0068  AF:3956  SP:7FF5  PC:0A7B
0A7C  C2 77 0A  JNZ 0A77    (3)  BC:037B  DE:0C25  HL:0068  AF:3916  SP:7FF5  PC:0A7C
0A77  CD 80 0A  CALL 0A80   (3)  BC:037B  DE:0C25  HL:0068  AF:3916  SP:7FF5  PC:0A77
0A7A  23        INX H       (3)  BC:037B  DE:0C26  HL:0068  AF:0056  SP:7FF5  PC:0A7A
0A7B  05        DCR B       (3)  BC:037B  DE:0C26  HL:0069  AF:0056  SP:7FF5  PC:0A7B
0A7C  C2 77 0A  JNZ 0A77    (3)  BC:027B  DE:0C26  HL:0069  AF:0012  SP:7FF5  PC:0A7C
0A77  CD 80 0A  CALL 0A80   (3)  BC:027B  DE:0C26  HL:0069  AF:0012  SP:7FF5  PC:0A77
0A7A  23        INX H       (3)  BC:027B  DE:0C27  HL:0069  AF:0056  SP:7FF5  PC:0A7A
0A7B  05        DCR B       (3)  BC:027B  DE:0C27  HL:006A  AF:0056  SP:7FF5  PC:0A7B
0A7C  C2 77 0A  JNZ 0A77    (3)  BC:017B  DE:0C27  HL:006A  AF:0012  SP:7FF5  PC:0A7C
0A77  CD 80 0A  CALL 0A80   (3)  BC:017B  DE:0C27  HL:006A  AF:0012  SP:7FF5  PC:0A77
0A7A  23        INX H       (3)  BC:017B  DE:0C28  HL:006A  AF:0056  SP:7FF5  PC:0A7A
0A7B  05        DCR B       (3)  BC:017B  DE:0C28  HL:006B  AF:0056  SP:7FF5  PC:0A7B
0A7C  C2 77 0A  JNZ 0A77    (3)  BC:007B  DE:0C28  HL:006B  AF:0056  SP:7FF5  PC:0A7C
0A7F  C9        RET         (3)  BC:007B  DE:0C28  HL:006B  AF:0056  SP:7FF5  PC:0A7F
0A6C  06 10     MVI B,10    (2)  BC:007B  DE:0C28  HL:006B  AF:0056  SP:7FF7  PC:0A6C
0A6E  11 03 00  LXI D,0003  (2)  BC:107B  DE:0C28  HL:006B  AF:0056  SP:7FF7  PC:0A6E
0A71  CD 77 0A  CALL 0A77   (2)  BC:107B  DE:0003  HL:006B  AF:0056  SP:7FF7  PC:0A71
0A77  CD 80 0A  CALL 0A80   (3)  BC:107B  DE:0003  HL:006B  AF:0056  SP:7FF5  PC:0A77
0A7A  23        INX H       (3)  BC:107B  DE:0004  HL:006B  AF:A556  SP:7FF5  PC:0A7A
0A7B  05        DCR B       (3)  BC:107B  DE:0004  HL:006C  AF:A556  SP:7FF5  PC:0A7B
0A7C  C2 77 0A  JNZ 0A77    (3)  BC:0F7B  DE:0004  HL:006C  AF:A506  SP:7FF5  PC:0A7C
0A77  CD 80 0A  CALL 0A80   (3)  BC:0F7B  DE:0004  HL:006C  AF:A506  SP:7FF5  PC:0A77
0A7A  23        INX H       (3)  BC:0F7B  DE:0005  HL:006C  AF:C456  SP:7FF5  PC:0A7A
0A7B  05        DCR B       (3)  BC:0F7B  DE:0005  HL:006D  AF:C456  SP:7FF5  PC:0A7B
0A7C  C2 77 0A  JNZ 0A77    (3)  BC:0E7B  DE:0005  HL:006D  AF:C412  SP:7FF5  PC:0A7C
0A77  CD 80 0A  CALL 0A80   (3)  BC:0E7B  DE:0005  HL:006D  AF:C412  SP:7FF5  PC:0A77
0A7A  23        INX H       (3)  BC:0E7B  DE:0006  HL:006D  AF:C756  SP:7FF5  PC:0A7A
0A7B  05        DCR B       (3)  BC:0E7B  DE:0006  HL:006E  AF:C756  SP:7FF5  PC:0A7B
0A7C  C2 77 0A  JNZ 0A77    (3)  BC:0D7B  DE:0006  HL:006E  AF:C712  SP:7FF5  PC:0A7C
0A77  CD 80 0A  CALL 0A80   (3)  BC:0D7B  DE:0006  HL:006E  AF:C712  SP:7FF5  PC:0A77
0A7A  23        INX H       (3)  BC:0D7B  DE:0007  HL:006E  AF:C456  SP:7FF5  PC:0A7A
0A7B  05        DCR B       (3)  BC:0D7B  DE:0007  HL:006F  AF:C456  SP:7FF5  PC:0A7B
0A7C  C2 77 0A  JNZ 0A77    (3)  BC:0C7B  DE:0007  HL:006F  AF:C416  SP:7FF5  PC:0A7C
0A77  CD 80 0A  CALL 0A80   (3)  BC:0C7B  DE:0007  HL:006F  AF:C416  SP:7FF5  PC:0A77
0A7A  23        INX H       (3)  BC:0C7B  DE:0008  HL:006F  AF:2656  SP:7FF5  PC:0A7A
0A7B  05        DCR B       (3)  BC:0C7B  DE:0008  HL:0070  AF:2656  SP:7FF5  PC:0A7B
0A7C  C2 77 0A  JNZ 0A77    (3)  BC:0B7B  DE:0008  HL:0070  AF:2612  SP:7FF5  PC:0A7C
0A77  CD 80 0A  CALL 0A80   (3)  BC:0B7B  DE:0008  HL:0070  AF:2612  SP:7FF5  PC:0A77
0A7A  23        INX H       (3)  BC:0B7B  DE:0009  HL:0070  AF:D256  SP:7FF5  PC:0A7A
0A7B  05        DCR B       (3)  BC:0B7B  DE:0009  HL:0071  AF:D256  SP:7FF5  PC:0A7B
0A7C  C2 77 0A  JNZ 0A77    (3)  BC:0A7B  DE:0009  HL:0071  AF:D216  SP:7FF5  PC:0A7C
0A77  CD 80 0A  CALL 0A80   (3)  BC:0A7B  DE:0009  HL:0071  AF:D216  SP:7FF5  PC:0A77
0A7A  23        INX H       (3)  BC:0A7B  DE:000A  HL:0071  AF:5157  SP:7FF5  PC:0A7A
0A7B  05        DCR B       (3)  BC:0A7B  DE:000A  HL:0072  AF:5157  SP:7FF5  PC:0A7B
0A7C  C2 77 0A  JNZ 0A77    (3)  BC:097B  DE:000A  HL:0072  AF:5117  SP:7FF5  PC:0A7C
0A77  CD 80 0A  CALL 0A80   (3)  BC:097B  DE:000A  HL:0072  AF:5117  SP:7FF5  PC:0A77
0A7A  23        INX H       (3)  BC:097B  DE:000B  HL:0072  AF:A057  SP:7FF5  PC:0A7A
0A7B  05        DCR B       (3)  BC:097B  DE:000B  HL:0073  AF:A057  SP:7FF5  PC:0A7B
0A7C  C2 77 0A  JNZ 0A77    (3)  BC:087B  DE:000B  HL:0073  AF:A013  SP:7FF5  PC:0A7C
0A77  CD 80 0A  CALL 0A80   (3)  BC:087B  DE:000B  HL:0073  AF:A013  SP:7FF5  PC:0A77
0A7A  23        INX H       (3)  BC:087B  DE:000C  HL:0073  AF:EA57  SP:7FF5  PC:0A7A
0A7B  05        DCR B       (3)  BC:087B  DE:000C  HL:0074  AF:EA57  SP:7FF5  PC:0A7B
0A7C  C2 77 0A  JNZ 0A77    (3)  BC:077B  DE:000C  HL:0074  AF:EA13  SP:7FF5  PC:0A7C
0A77  CD 80 0A  CALL 0A80   (3)  BC:077B  DE:000C  HL:0074  AF:EA13  SP:7FF5  PC:0A77
0A7A  23        INX H       (3)  BC:077B  DE:000D  HL:0074  AF:5057  SP:7FF5  PC:0A7A
0A7B  05        DCR B       (3)  BC:077B  DE:000D  HL:0075  AF:5057  SP:7FF5  PC:0A7B
0A7C  C2 77 0A  JNZ 0A77    (3)  BC:067B  DE:000D  HL:0075  AF:5017  SP:7FF5  PC:0A7C
0A77  CD 80 0A  CALL 0A80   (3)  BC:067B  DE:000D  HL:0075  AF:5017  SP:7FF5  PC:0A77
0A7A  23        INX H       (3)  BC:067B  DE:000E  HL:0075  AF:6657  SP:7FF5  PC:0A7A
0A7B  05        DCR B       (3)  BC:067B  DE:000E  HL:0076  AF:6657  SP:7FF5  PC:0A7B
0A7C  C2 77 0A  JNZ 0A77    (3)  BC:057B  DE:000E  HL:0076  AF:6617  SP:7FF5  PC:0A7C
0A77  CD 80 0A  CALL 0A80   (3)  BC:057B  DE:000E  HL:0076  AF:6617  SP:7FF5  PC:0A77
0A7A  23        INX H       (3)  BC:057B  DE:000F  HL:0076  AF:8557  SP:7FF5  PC:0A7A
0A7B  05        DCR B       (3)  BC:057B  DE:000F  HL:0077  AF:8557  SP:7FF5  PC:0A7B
0A7C  C2 77 0A  JNZ 0A77    (3)  BC:047B  DE:000F  HL:0077  AF:8513  SP:7FF5  PC:0A7C
0A77  CD 80 0A  CALL 0A80   (3)  BC:047B  DE:000F  HL:0077  AF:8513  SP:7FF5  PC:0A77
0A7A  23        INX H       (3)  BC:047B  DE:0010  HL:0077  AF:C657  SP:7FF5  PC:0A7A
0A7B  05        DCR B       (3)  BC:047B  DE:0010  HL:0078  AF:C657  SP:7FF5  PC:0A7B
0A7C  C2 77 0A  JNZ 0A77    (3)  BC:037B  DE:0010  HL:0078  AF:C617  SP:7FF5  PC:0A7C
0A77  CD 80 0A  CALL 0A80   (3)  BC:037B  DE:0010  HL:0078  AF:C617  SP:7FF5  PC:0A77
0A7A  23        INX H       (3)  BC:037B  DE:0011  HL:0078  AF:DE56  SP:7FF5  PC:0A7A
0A7B  05        DCR B       (3)  BC:037B  DE:0011  HL:0079  AF:DE56  SP:7FF5  PC:0A7B
0A7C  C2 77 0A  JNZ 0A77    (3)  BC:027B  DE:0011  HL:0079  AF:DE12  SP:7FF5  PC:0A7C
0A77  CD 80 0A  CALL 0A80   (3)  BC:027B  DE:0011  HL:0079  AF:DE12  SP:7FF5  PC:0A77
0A7A  23        INX H       (3)  BC:027B  DE:0012  HL:0079  AF:C957  SP:7FF5  PC:0A7A
0A7B  05        DCR B       (3)  BC:027B  DE:0012  HL:007A  AF:C957  SP:7FF5  PC:0A7B
0A7C  C2 77 0A  JNZ 0A77    (3)  BC:017B  DE:0012  HL:007A  AF:C913  SP:7FF5  PC:0A7C
0A77  CD 80 0A  CALL 0A80   (3)  BC:017B  DE:0012  HL:007A  AF:C913  SP:7FF5  PC:0A77
0A7A  23        INX H       (3)  BC:017B  DE:0013  HL:007A  AF:9B57  SP:7FF5  PC:0A7A
0A7B  05        DCR B       (3)  BC:017B  DE:0013  HL:007B  AF:9B57  SP:7FF5  PC:0A7B
0A7C  C2 77 0A  JNZ 0A77    (3)  BC:007B  DE:0013  HL:007B  AF:9B57  SP:7FF5  PC:0A7C
0A7F  C9        RET         (3)  BC:007B  DE:0013  HL:007B  AF:9B57  SP:7FF5  PC:0A7F
0A74  C3 00 0A  JMP 0A00    (2)  BC:007B  DE:0013  HL:007B  AF:9B57  SP:7FF7  PC:0A74
0A00  3A 24 0C  LDA 0C24    (2)  BC:007B  DE:0013  HL:007B  AF:9B57  SP:7FF7  PC:0A00
0A03  FE 76     CPI 76      (2)  BC:007B  DE:0013  HL:007B  AF:3957  SP:7FF7  PC:0A03
0A05  CA 17 0A  JZ 0A17     (2)  BC:007B  DE:0013  HL:007B  AF:3997  SP:7FF7  PC:0A05
0A08  E6 DF     ANI DF      (2)  BC:007B  DE:0013  HL:007B  AF:3997  SP:7FF7  PC:0A08
0A0A  FE DD     CPI DD      (2)  BC:007B  DE:0013  HL:007B  AF:1912  SP:7FF7  PC:0A0A
0A0C  C2 14 0A  JNZ 0A14    (2)  BC:007B  DE:0013  HL:007B  AF:1907  SP:7FF7  PC:0A0C
0A14  C4 05 0C  CNZ 0C05    (2)  BC:007B  DE:0013  HL:007B  AF:1907  SP:7FF7  PC:0A14
0C05  F5        PUSH PSW    (3)  BC:007B  DE:0013  HL:007B  AF:1907  SP:7FF5  PC:0C05
0C06  C5        PUSH B      (3)  BC:007B  DE:0013  HL:007B  AF:1907  SP:7FF3  PC:0C06
0C07  D5        PUSH D      (3)  BC:007B  DE:0013  HL:007B  AF:1907  SP:7FF1  PC:0C07
0C08  E5        PUSH H      (3)  BC:007B  DE:0013  HL:007B  AF:1907  SP:7FEF  PC:0C08
0C09  F3        DI          (3)  BC:007B  DE:0013  HL:007B  AF:1907  SP:7FED  PC:0C09
0C0A  21 00 00  LXI H,0000  (3)  BC:007B  DE:0013  HL:007B  AF:1907  SP:7FED  PC:0C0A
0C0D  39        DAD SP      (3)  BC:007B  DE:0013  HL:0000  AF:1907  SP:7FED  PC:0C0D
0C0E  22 80 0C  SHLD 0C80   (3)  BC:007B  DE:0013  HL:7FED  AF:1906  SP:7FED  PC:0C0E
0C11  31 05 00  LXI SP,0005 (3)  BC:007B  DE:0013  HL:7FED  AF:1906  SP:7FED  PC:0C11
0C14  E1        POP H       (3)  BC:007B  DE:0013  HL:7FED  AF:1906  SP:0005  PC:0C14
0C15  E1        POP H       (3)  BC:007B  DE:0013  HL:C4C7  AF:1906  SP:0007  PC:0C15
0C16  E1        POP H       (3)  BC:007B  DE:0013  HL:D226  AF:1906  SP:0009  PC:0C16
0C17  D1        POP D       (3)  BC:007B  DE:0013  HL:A051  AF:1906  SP:000B  PC:0C17
0C18  C1        POP B       (3)  BC:007B  DE:50EA  HL:A051  AF:1906  SP:000D  PC:0C18
0C19  F1        POP PSW     (3)  BC:8566  DE:50EA  HL:A051  AF:1906  SP:000F  PC:0C19
0C1A  22 6E 0C  SHLD 0C6E   (3)  BC:8566  DE:50EA  HL:A051  AF:DEC6  SP:0011  PC:0C1A
0C1D  2A 11 00  LHLD 0011   (3)  BC:8566  DE:50EA  HL:A051  AF:DEC6  SP:0011  PC:0C1D
0C20  F9        SPHL        (3)  BC:8566  DE:50EA  HL:9BC9  AF:DEC6  SP:0011  PC:0C20
0C21  2A 6E 0C  LHLD 0C6E   (3)  BC:8566  DE:50EA  HL:9BC9  AF:DEC6  SP:9BC9  PC:0C21
0C24  39        DAD SP      (3)  BC:8566  DE:50EA  HL:A051  AF:DEC6  SP:9BC9  PC:0C24
0C25  00        NOP         (3)  BC:8566  DE:50EA  HL:3C1A  AF:DEC7  SP:9BC9  PC:0C25
0C26  00        NOP         (3)  BC:8566  DE:50EA  HL:3C1A  AF:DEC7  SP:9BC9  PC:0C26
0C27  00        NOP         (3)  BC:8566  DE:50EA  HL:3C1A  AF:DEC7  SP:9BC9  PC:0C27
0C28  22 6E 0C  SHLD 0C6E   (3)  BC:8566  DE:50EA  HL:3C1A  AF:DEC7  SP:9BC9  PC:0C28
0C2B  21 00 00  LXI H,0000  (3)  BC:8566  DE:50EA  HL:3C1A  AF:DEC7  SP:9BC9  PC:0C2B
0C2E  DA 35 0C  JC 0C35     (3)  BC:8566  DE:50EA  HL:0000  AF:DEC7  SP:9BC9  PC:0C2E
0C35  39        DAD SP      (3)  BC:8566  DE:50EA  HL:0000  AF:DEC7  SP:9BC9  PC:0C35
0C36  37        STC         (3)  BC:8566  DE:50EA  HL:9BC9  AF:DEC6  SP:9BC9  PC:0C36
0C37  22 7E 0C  SHLD 0C7E   (3)  BC:8566  DE:50EA  HL:9BC9  AF:DEC7  SP:9BC9  PC:0C37
0C3A  2A 6E 0C  LHLD 0C6E   (3)  BC:8566  DE:50EA  HL:9BC9  AF:DEC7  SP:9BC9  PC:0C3A
0C3D  31 7E 0C  LXI SP,0C7E (3)  BC:8566  DE:50EA  HL:3C1A  AF:DEC7  SP:9BC9  PC:0C3D
0C40  F5        PUSH PSW    (3)  BC:8566  DE:50EA  HL:3C1A  AF:DEC7  SP:0C7E  PC:0C40
0C41  C5        PUSH B      (3)  BC:8566  DE:50EA  HL:3C1A  AF:DEC7  SP:0C7C  PC:0C41
0C42  D5        PUSH D      (3)  BC:8566  DE:50EA  HL:3C1A  AF:DEC7  SP:0C7A  PC:0C42
0C43  E5        PUSH H      (3)  BC:8566  DE:50EA  HL:3C1A  AF:DEC7  SP:0C78  PC:0C43
0C44  E5        PUSH H      (3)  BC:8566  DE:50EA  HL:3C1A  AF:DEC7  SP:0C76  PC:0C44
0C45  E5        PUSH H      (3)  BC:8566  DE:50EA  HL:3C1A  AF:DEC7  SP:0C74  PC:0C45
0C46  2A 80 0C  LHLD 0C80   (3)  BC:8566  DE:50EA  HL:3C1A  AF:DEC7  SP:0C72  PC:0C46
0C49  F9        SPHL        (3)  BC:8566  DE:50EA  HL:7FED  AF:DEC7  SP:0C72  PC:0C49
0C4A  FB        EI          (3)  BC:8566  DE:50EA  HL:7FED  AF:DEC7  SP:7FED  PC:0C4A
0C4B  2A 03 00  LHLD 0003   (3)  BC:8566  DE:50EA  HL:7FED  AF:DEC7  SP:7FED  PC:0C4B
0C4E  22 70 0C  SHLD 0C70   (3)  BC:8566  DE:50EA  HL:C4A5  AF:DEC7  SP:7FED  PC:0C4E
0C51  21 7C 0C  LXI H,0C7C  (3)  BC:8566  DE:50EA  HL:C4A5  AF:DEC7  SP:7FED  PC:0C51
0C54  7E        MOV A,M     (3)  BC:8566  DE:50EA  HL:0C7C  AF:DEC7  SP:7FED  PC:0C54
0C55  E6 FF     ANI FF      (3)  BC:8566  DE:50EA  HL:0C7C  AF:C7C7  SP:7FED  PC:0C55
0C57  77        MOV M,A     (3)  BC:8566  DE:50EA  HL:0C7C  AF:C792  SP:7FED  PC:0C57
0C58  06 10     MVI B,10    (3)  BC:8566  DE:50EA  HL:0C7C  AF:C792  SP:7FED  PC:0C58
0C5A  11 70 0C  LXI D,0C70  (3)  BC:1066  DE:50EA  HL:0C7C  AF:C792  SP:7FED  PC:0C5A
0C5D  21 BB 0D  LXI H,0DBB  (3)  BC:1066  DE:0C70  HL:0C7C  AF:C792  SP:7FED  PC:0C5D
0C60  1A        LDAX D      (3)  BC:1066  DE:0C70  HL:0DBB  AF:C792  SP:7FED  PC:0C60
0C61  13        INX D       (3)  BC:1066  DE:0C70  HL:0DBB  AF:A592  SP:7FED  PC:0C61
0C62  CD 7F 0D  CALL 0D7F   (3)  BC:1066  DE:0C71  HL:0DBB  AF:A592  SP:7FED  PC:0C62
0C65  05        DCR B       (3)  BC:1066  DE:0C71  HL:0DBB  AF:A592  SP:7FED  PC:0C65
0C66  C2 60 0C  JNZ 0C60    (3)  BC:0F66  DE:0C71  HL:0DBB  AF:A506  SP:7FED  PC:0C66
0C60  1A        LDAX D      (3)  BC:0F66  DE:0C71  HL:0DBB  AF:A506  SP:7FED  PC:0C60
0C61  13        INX D       (3)  BC:0F66  DE:0C71  HL:0DBB  AF:C406  SP:7FED  PC:0C61
0C62  CD 7F 0D  CALL 0D7F   (3)  BC:0F66  DE:0C72  HL:0DBB  AF:C406  SP:7FED  PC:0C62
0C65  05        DCR B       (3)  BC:0F66  DE:0C72  HL:0DBB  AF:C406  SP:7FED  PC:0C65
0C66  C2 60 0C  JNZ 0C60    (3)  BC:0E66  DE:0C72  HL:0DBB  AF:C412  SP:7FED  PC:0C66
0C60  1A        LDAX D      (3)  BC:0E66  DE:0C72  HL:0DBB  AF:C412  SP:7FED  PC:0C60
0C61  13        INX D       (3)  BC:0E66  DE:0C72  HL:0DBB  AF:1A12  SP:7FED  PC:0C61
0C62  CD 7F 0D  CALL 0D7F   (3)  BC:0E66  DE:0C73  HL:0DBB  AF:1A12  SP:7FED  PC:0C62
0C65  05        DCR B       (3)  BC:0E66  DE:0C73  HL:0DBB  AF:1A12  SP:7FED  PC:0C65
0C66  C2 60 0C  JNZ 0C60    (3)  BC:0D66  DE:0C73  HL:0DBB  AF:1A12  SP:7FED  PC:0C66
0C60  1A        LDAX D      (3)  BC:0D66  DE:0C73  HL:0DBB  AF:1A12  SP:7FED  PC:0C60
0C61  13        INX D       (3)  BC:0D66  DE:0C73  HL:0DBB  AF:3C12  SP:7FED  PC:0C61
0C62  CD 7F 0D  CALL 0D7F   (3)  BC:0D66  DE:0C74  HL:0DBB  AF:3C12  SP:7FED  PC:0C62
0C65  05        DCR B       (3)  BC:0D66  DE:0C74  HL:0DBB  AF:3C12  SP:7FED  PC:0C65
0C66  C2 60 0C  JNZ 0C60    (3)  BC:0C66  DE:0C74  HL:0DBB  AF:3C16  SP:7FED  PC:0C66
0C60  1A        LDAX D      (3)  BC:0C66  DE:0C74  HL:0DBB  AF:3C16  SP:7FED  PC:0C60
0C61  13        INX D       (3)  BC:0C66  DE:0C74  HL:0DBB  AF:1A16  SP:7FED  PC:0C61
0C62  CD 7F 0D  CALL 0D7F   (3)  BC:0C66  DE:0C75  HL:0DBB  AF:1A16  SP:7FED  PC:0C62
0C65  05        DCR B       (3)  BC:0C66  DE:0C75  HL:0DBB  AF:1A16  SP:7FED  PC:0C65
0C66  C2 60 0C  JNZ 0C60    (3)  BC:0B66  DE:0C75  HL:0DBB  AF:1A12  SP:7FED  PC:0C66
0C60  1A        LDAX D      (3)  BC:0B66  DE:0C75  HL:0DBB  AF:1A12  SP:7FED  PC:0C60
0C61  13        INX D       (3)  BC:0B66  DE:0C75  HL:0DBB  AF:3C12  SP:7FED  PC:0C61
0C62  CD 7F 0D  CALL 0D7F   (3)  BC:0B66  DE:0C76  HL:0DBB  AF:3C12  SP:7FED  PC:0C62
0C65  05        DCR B       (3)  BC:0B66  DE:0C76  HL:0DBB  AF:3C12  SP:7FED  PC:0C65
0C66  C2 60 0C  JNZ 0C60    (3)  BC:0A66  DE:0C76  HL:0DBB  AF:3C16  SP:7FED  PC:0C66
0C60  1A        LDAX D      (3)  BC:0A66  DE:0C76  HL:0DBB  AF:3C16  SP:7FED  PC:0C60
0C61  13        INX D       (3)  BC:0A66  DE:0C76  HL:0DBB  AF:1A16  SP:7FED  PC:0C61
0C62  CD 7F 0D  CALL 0D7F   (3)  BC:0A66  DE:0C77  HL:0DBB  AF:1A16  SP:7FED  PC:0C62
0C65  05        DCR B       (3)  BC:0A66  DE:0C77  HL:0DBB  AF:1A16  SP:7FED  PC:0C65
0C66  C2 60 0C  JNZ 0C60    (3)  BC:0966  DE:0C77  HL:0DBB  AF:1A16  SP:7FED  PC:0C66
0C60  1A        LDAX D      (3)  BC:0966  DE:0C77  HL:0DBB  AF:1A16  SP:7FED  PC:0C60
0C61  13        INX D       (3)  BC:0966  DE:0C77  HL:0DBB  AF:3C16  SP:7FED  PC:0C61
0C62  CD 7F 0D  CALL 0D7F   (3)  BC:0966  DE:0C78  HL:0DBB  AF:3C16  SP:7FED  PC:0C62
0C65  05        DCR B       (3)  BC:0966  DE:0C78  HL:0DBB  AF:3C16  SP:7FED  PC:0C65
0C66  C2 60 0C  JNZ 0C60    (3)  BC:0866  DE:0C78  HL:0DBB  AF:3C12  SP:7FED  PC:0C66
0C60  1A        LDAX D      (3)  BC:0866  DE:0C78  HL:0DBB  AF:3C12  SP:7FED  PC:0C60
0C61  13        INX D       (3)  BC:0866  DE:0C78  HL:0DBB  AF:EA12  SP:7FED  PC:0C61
0C62  CD 7F 0D  CALL 0D7F   (3)  BC:0866  DE:0C79  HL:0DBB  AF:EA12  SP:7FED  PC:0C62
0C65  05        DCR B       (3)  BC:0866  DE:0C79  HL:0DBB  AF:EA12  SP:7FED  PC:0C65
0C66  C2 60 0C  JNZ 0C60    (3)  BC:0766  DE:0C79  HL:0DBB  AF:EA12  SP:7FED  PC:0C66
0C60  1A        LDAX D      (3)  BC:0766  DE:0C79  HL:0DBB  AF:EA12  SP:7FED  PC:0C60
0C61  13        INX D       (3)  BC:0766  DE:0C79  HL:0DBB  AF:5012  SP:7FED  PC:0C61
0C62  CD 7F 0D  CALL 0D7F   (3)  BC:0766  DE:0C7A  HL:0DBB  AF:5012  SP:7FED  PC:0C62
0C65  05        DCR B       (3)  BC:0766  DE:0C7A  HL:0DBB  AF:5012  SP:7FED  PC:0C65
0C66  C2 60 0C  JNZ 0C60    (3)  BC:0666  DE:0C7A  HL:0DBB  AF:5016  SP:7FED  PC:0C66
0C60  1A        LDAX D      (3)  BC:0666  DE:0C7A  HL:0DBB  AF:5016  SP:7FED  PC:0C60
0C61  13        INX D       (3)  BC:0666  DE:0C7A  HL:0DBB  AF:6616  SP:7FED  PC:0C61
0C62  CD 7F 0D  CALL 0D7F   (3)  BC:0666  DE:0C7B  HL:0DBB  AF:6616  SP:7FED  PC:0C62
0C65  05        DCR B       (3)  BC:0666  DE:0C7B  HL:0DBB  AF:6616  SP:7FED  PC:0C65
0C66  C2 60 0C  JNZ 0C60    (3)  BC:0566  DE:0C7B  HL:0DBB  AF:6616  SP:7FED  PC:0C66
0C60  1A        LDAX D      (3)  BC:0566  DE:0C7B  HL:0DBB  AF:6616  SP:7FED  PC:0C60
0C61  13        INX D       (3)  BC:0566  DE:0C7B  HL:0DBB  AF:8516  SP:7FED  PC:0C61
0C62  CD 7F 0D  CALL 0D7F   (3)  BC:0566  DE:0C7C  HL:0DBB  AF:8516  SP:7FED  PC:0C62
0C65  05        DCR B       (3)  BC:0566  DE:0C7C  HL:0DBB  AF:8516  SP:7FED  PC:0C65
0C66  C2 60 0C  JNZ 0C60    (3)  BC:0466  DE:0C7C  HL:0DBB  AF:8512  SP:7FED  PC:0C66
0C60  1A        LDAX D      (3)  BC:0466  DE:0C7C  HL:0DBB  AF:8512  SP:7FED  PC:0C60
0C61  13        INX D       (3)  BC:0466  DE:0C7C  HL:0DBB  AF:C712  SP:7FED  PC:0C61
0C62  CD 7F 0D  CALL 0D7F   (3)  BC:0466  DE:0C7D  HL:0DBB  AF:C712  SP:7FED  PC:0C62
0C65  05        DCR B       (3)  BC:0466  DE:0C7D  HL:0DBB  AF:C712  SP:7FED  PC:0C65
0C66  C2 60 0C  JNZ 0C60    (3)  BC:0366  DE:0C7D  HL:0DBB  AF:C716  SP:7FED  PC:0C66
0C60  1A        LDAX D      (3)  BC:0366  DE:0C7D  HL:0DBB  AF:C716  SP:7FED  PC:0C60
0C61  13        INX D       (3)  BC:0366  DE:0C7D  HL:0DBB  AF:DE16  SP:7FED  PC:0C61
0C62  CD 7F 0D  CALL 0D7F   (3)  BC:0366  DE:0C7E  HL:0DBB  AF:DE16  SP:7FED  PC:0C62
0C65  05        DCR B       (3)  BC:0366  DE:0C7E  HL:0DBB  AF:DE16  SP:7FED  PC:0C65
0C66  C2 60 0C  JNZ 0C60    (3)  BC:0266  DE:0C7E  HL:0DBB  AF:DE12  SP:7FED  PC:0C66
0C60  1A        LDAX D      (3)  BC:0266  DE:0C7E  HL:0DBB  AF:DE12  SP:7FED  PC:0C60
0C61  13        INX D       (3)  BC:0266  DE:0C7E  HL:0DBB  AF:C912  SP:7FED  PC:0C61
0C62  CD 7F 0D  CALL 0D7F   (3)  BC:0266  DE:0C7F  HL:0DBB  AF:C912  SP:7FED  PC:0C62
0C65  05        DCR B       (3)  BC:0266  DE:0C7F  HL:0DBB  AF:C912  SP:7FED  PC:0C65
0C66  C2 60 0C  JNZ 0C60    (3)  BC:0166  DE:0C7F  HL:0DBB  AF:C912  SP:7FED  PC:0C66
0C60  1A        LDAX D      (3)  BC:0166  DE:0C7F  HL:0DBB  AF:C912  SP:7FED  PC:0C60
0C61  13        INX D       (3)  BC:0166  DE:0C7F  HL:0DBB  AF:9B12  SP:7FED  PC:0C61
0C62  CD 7F 0D  CALL 0D7F   (3)  BC:0166  DE:0C80  HL:0DBB  AF:9B12  SP:7FED  PC:0C62
0C65  05        DCR B       (3)  BC:0166  DE:0C80  HL:0DBB  AF:9B12  SP:7FED  PC:0C65
0C66  C2 60 0C  JNZ 0C60    (3)  BC:0066  DE:0C80  HL:0DBB  AF:9B56  SP:7FED  PC:0C66
0C69  E1        POP H       (3)  BC:0066  DE:0C80  HL:0DBB  AF:9B56  SP:7FED  PC:0C69
0C6A  D1        POP D       (3)  BC:0066  DE:0C80  HL:007B  AF:9B56  SP:7FEF  PC:0C6A
0C6B  C1        POP B       (3)  BC:0066  DE:0013  HL:007B  AF:9B56  SP:7FF1  PC:0C6B
0C6C  F1        POP PSW     (3)  BC:007B  DE:0013  HL:007B  AF:9B56  SP:7FF3  PC:0C6C
0C6D  C9        RET         (3)  BC:007B  DE:0013  HL:007B  AF:1907  SP:7FF5  PC:0C6D
0A17  CD 64 0B  CALL 0B64   (2)  BC:007B  DE:0013  HL:007B  AF:1907  SP:7FF7  PC:0A17
0B64  C5        PUSH B      (3)  BC:007B  DE:0013  HL:007B  AF:1907  SP:7FF5  PC:0B64
0B65  D5        PUSH D      (3)  BC:007B  DE:0013  HL:007B  AF:1907  SP:7FF3  PC:0B65
0B66  E5        PUSH H      (3)  BC:007B  DE:0013  HL:007B  AF:1907  SP:7FF1  PC:0B66
0B67  21 B5 0B  LXI H,0BB5  (3)  BC:007B  DE:0013  HL:007B  AF:1907  SP:7FEF  PC:0B67
0B6A  11 14 00  LXI D,0014  (3)  BC:007B  DE:0013  HL:0BB5  AF:1907  SP:7FEF  PC:0B6A
0B6D  EB        XCHG        (3)  BC:007B  DE:0014  HL:0BB5  AF:1907  SP:7FEF  PC:0B6D
0B6E  19        DAD D       (3)  BC:007B  DE:0BB5  HL:0014  AF:1907  SP:7FEF  PC:0B6E
0B6F  EB        XCHG        (3)  BC:007B  DE:0BB5  HL:0BC9  AF:1906  SP:7FEF  PC:0B6F
0B70  34        INR M       (3)  BC:007B  DE:0BC9  HL:0BB5  AF:1906  SP:7FEF  PC:0B70
0B71  7E        MOV A,M     (3)  BC:007B  DE:0BC9  HL:0BB5  AF:1906  SP:7FEF  PC:0B71
0B72  FE 00     CPI 00      (3)  BC:007B  DE:0BC9  HL:0BB5  AF:1406  SP:7FEF  PC:0B72
0B74  CA 83 0B  JZ 0B83     (3)  BC:007B  DE:0BC9  HL:0BB5  AF:1416  SP:7FEF  PC:0B74
0B77  47        MOV B,A     (3)  BC:007B  DE:0BC9  HL:0BB5  AF:1416  SP:7FEF  PC:0B77
0B78  1A        LDAX D      (3)  BC:147B  DE:0BC9  HL:0BB5  AF:1416  SP:7FEF  PC:0B78
0B79  A0        ANA B       (3)  BC:147B  DE:0BC9  HL:0BB5  AF:0016  SP:7FEF  PC:0B79
0B7A  CA 7F 0B  JZ 0B7F     (3)  BC:147B  DE:0BC9  HL:0BB5  AF:0046  SP:7FEF  PC:0B7A
0B7F  C1        POP B       (3)  BC:147B  DE:0BC9  HL:0BB5  AF:0046  SP:7FEF  PC:0B7F
0B80  D1        POP D       (3)  BC:007B  DE:0BC9  HL:0BB5  AF:0046  SP:7FF1  PC:0B80
0B81  E1        POP H       (3)  BC:007B  DE:0013  HL:0BB5  AF:0046  SP:7FF3  PC:0B81
0B82  C9        RET         (3)  BC:007B  DE:0013  HL:007B  AF:0046  SP:7FF5  PC:0B82
0A1A  C4 88 0B  CNZ 0B88    (2)  BC:007B  DE:0013  HL:007B  AF:0046  SP:7FF7  PC:0A1A
0A1D  E1        POP H       (2)  BC:007B  DE:0013  HL:007B  AF:0046  SP:7FF7  PC:0A1D
0A1E  CA 4D 0A  JZ 0A4D     (2)  BC:007B  DE:0013  HL:0067  AF:0046  SP:7FF9  PC:0A1E
0A4D  E5        PUSH H      (2)  BC:007B  DE:0013  HL:0067  AF:0046  SP:7FF9  PC:0A4D
0A4E  3E 01     MVI A,01    (2)  BC:007B  DE:0013  HL:0067  AF:0046  SP:7FF7  PC:0A4E
0A50  32 C3 0A  STA 0AC3    (2)  BC:007B  DE:0013  HL:0067  AF:0146  SP:7FF7  PC:0A50
0A53  32 E7 0A  STA 0AE7    (2)  BC:007B  DE:0013  HL:0067  AF:0146  SP:7FF7  PC:0A53
0A56  21 B5 0B  LXI H,0BB5  (2)  BC:007B  DE:0013  HL:0067  AF:0146  SP:7FF7  PC:0A56
0A59  22 C4 0A  SHLD 0AC4   (2)  BC:007B  DE:0013  HL:0BB5  AF:0146  SP:7FF7  PC:0A59
0A5C  21 DD 0B  LXI H,0BDD  (2)  BC:007B  DE:0013  HL:0BB5  AF:0146  SP:7FF7  PC:0A5C
0A5F  22 E8 0A  SHLD 0AE8   (2)  BC:007B  DE:0013  HL:0BDD  AF:0146  SP:7FF7  PC:0A5F
0A62  06 04     MVI B,04    (2)  BC:007B  DE:0013  HL:0BDD  AF:0146  SP:7FF7  PC:0A62
0A64  E1        POP H       (2)  BC:047B  DE:0013  HL:0BDD  AF:0146  SP:7FF7  PC:0A64
0A65  E5        PUSH H      (2)  BC:047B  DE:0013  HL:0067  AF:0146  SP:7FF9  PC:0A65
0A66  11 24 0C  LXI D,0C24  (2)  BC:047B  DE:0013  HL:0067  AF:0146  SP:7FF7  PC:0A66
0A69  CD 77 0A  CALL 0A77   (2)  BC:047B  DE:0C24  HL:0067  AF:0146  SP:7FF7  PC:0A69
0A77  CD 80 0A  CALL 0A80   (3)  BC:047B  DE:0C24  HL:0067  AF:0146  SP:7FF5  PC:0A77
0A7A  23        INX H       (3)  BC:047B  DE:0C25  HL:0067  AF:0956  SP:7FF5  PC:0A7A
0A7B  05        DCR B       (3)  BC:047B  DE:0C25  HL:0068  AF:0956  SP:7FF5  PC:0A7B
0A7C  C2 77 0A  JNZ 0A77    (3)  BC:037B  DE:0C25  HL:0068  AF:0916  SP:7FF5  PC:0A7C
0A77  CD 80 0A  CALL 0A80   (3)  BC:037B  DE:0C25  HL:0068  AF:0916  SP:7FF5  PC:0A77
0A7A  23        INX H       (3)  BC:037B  DE:0C26  HL:0068  AF:0056  SP:7FF5  PC:0A7A
0A7B  05        DCR B       (3)  BC:037B  DE:0C26  HL:0069  AF:0056  SP:7FF5  PC:0A7B
0A7C  C2 77 0A  JNZ 0A77    (3)  BC:027B  DE:0C26  HL:0069  AF:0012  SP:7FF5  PC:0A7C
0A77  CD 80 0A  CALL 0A80   (3)  BC:027B  DE:0C26  HL:0069  AF:0012  SP:7FF5  PC:0A77
0A7A  23        INX H       (3)  BC:027B  DE:0C27  HL:0069  AF:0056  SP:7FF5  PC:0A7A
0A7B  05        DCR B       (3)  BC:027B  DE:0C27  HL:006A  AF:0056  SP:7FF5  PC:0A7B
0A7C  C2 77 0A  JNZ 0A77    (3)  BC:017B  DE:0C27  HL:006A  AF:0012  SP:7FF5  PC:0A7C
0A77  CD 80 0A  CALL 0A80   (3)  BC:017B  DE:0C27  HL:006A  AF:0012  SP:7FF5  PC:0A77
0A7A  23        INX H       (3)  BC:017B  DE:0C28  HL:006A  AF:0056  SP:7FF5  PC:0A7A
0A7B  05        DCR B       (3)  BC:017B  DE:0C28  HL:006B  AF:0056  SP:7FF5  PC:0A7B
0A7C  C2 77 0A  JNZ 0A77    (3)  BC:007B  DE:0C28  HL:006B  AF:0056  SP:7FF5  PC:0A7C
0A7F  C9        RET         (3)  BC:007B  DE:0C28  HL:006B  AF:0056  SP:7FF5  PC:0A7F
0A6C  06 10     MVI B,10    (2)  BC:007B  DE:0C28  HL:006B  AF:0056  SP:7FF7  PC:0A6C
0A6E  11 03 00  LXI D,0003  (2)  BC:107B  DE:0C28  HL:006B  AF:0056  SP:7FF7  PC:0A6E
0A71  CD 77 0A  CALL 0A77   (2)  BC:107B  DE:0003  HL:006B  AF:0056  SP:7FF7  PC:0A71
0A77  CD 80 0A  CALL 0A80   (3)  BC:107B  DE:0003  HL:006B  AF:0056  SP:7FF5  PC:0A77
0A7A  23        INX H       (3)  BC:107B  DE:0004  HL:006B  AF:A556  SP:7FF5  PC:0A7A
0A7B  05        DCR B       (3)  BC:107B  DE:0004  HL:006C  AF:A556  SP:7FF5  PC:0A7B
0A7C  C2 77 0A  JNZ 0A77    (3)  BC:0F7B  DE:0004  HL:006C  AF:A506  SP:7FF5  PC:0A7C
0A77  CD 80 0A  CALL 0A80   (3)  BC:0F7B  DE:0004  HL:006C  AF:A506  SP:7FF5  PC:0A77
0A7A  23        INX H       (3)  BC:0F7B  DE:0005  HL:006C  AF:C456  SP:7FF5  PC:0A7A
0A7B  05        DCR B       (3)  BC:0F7B  DE:0005  HL:006D  AF:C456  SP:7FF5  PC:0A7B
0A7C  C2 77 0A  JNZ 0A77    (3)  BC:0E7B  DE:0005  HL:006D  AF:C412  SP:7FF5  PC:0A7C
0A77  CD 80 0A  CALL 0A80   (3)  BC:0E7B  DE:0005  HL:006D  AF:C412  SP:7FF5  PC:0A77
0A7A  23        INX H       (3)  BC:0E7B  DE:0006  HL:006D  AF:C756  SP:7FF5  PC:0A7A
0A7B  05        DCR B       (3)  BC:0E7B  DE:0006  HL:006E  AF:C756  SP:7FF5  PC:0A7B
0A7C  C2 77 0A  JNZ 0A77    (3)  BC:0D7B  DE:0006  HL:006E  AF:C712  SP:7FF5  PC:0A7C
0A77  CD 80 0A  CALL 0A80   (3)  BC:0D7B  DE:0006  HL:006E  AF:C712  SP:7FF5  PC:0A77
0A7A  23        INX H       (3)  BC:0D7B  DE:0007  HL:006E  AF:C456  SP:7FF5  PC:0A7A
0A7B  05        DCR B       (3)  BC:0D7B  DE:0007  HL:006F  AF:C456  SP:7FF5  PC:0A7B
0A7C  C2 77 0A  JNZ 0A77    (3)  BC:0C7B  DE:0007  HL:006F  AF:C416  SP:7FF5  PC:0A7C
0A77  CD 80 0A  CALL 0A80   (3)  BC:0C7B  DE:0007  HL:006F  AF:C416  SP:7FF5  PC:0A77
0A7A  23        INX H       (3)  BC:0C7B  DE:0008  HL:006F  AF:2656  SP:7FF5  PC:0A7A
0A7B  05        DCR B       (3)  BC:0C7B  DE:0008  HL:0070  AF:2656  SP:7FF5  PC:0A7B
0A7C  C2 77 0A  JNZ 0A77    (3)  BC:0B7B  DE:0008  HL:0070  AF:2612  SP:7FF5  PC:0A7C
0A77  CD 80 0A  CALL 0A80   (3)  BC:0B7B  DE:0008  HL:0070  AF:2612  SP:7FF5  PC:0A77
0A7A  23        INX H       (3)  BC:0B7B  DE:0009  HL:0070  AF:D256  SP:7FF5  PC:0A7A
0A7B  05        DCR B       (3)  BC:0B7B  DE:0009  HL:0071  AF:D256  SP:7FF5  PC:0A7B
0A7C  C2 77 0A  JNZ 0A77    (3)  BC:0A7B  DE:0009  HL:0071  AF:D216  SP:7FF5  PC:0A7C
0A77  CD 80 0A  CALL 0A80   (3)  BC:0A7B  DE:0009  HL:0071  AF:D216  SP:7FF5  PC:0A77
0A7A  23        INX H       (3)  BC:0A7B  DE:000A  HL:0071  AF:5157  SP:7FF5  PC:0A7A
0A7B  05        DCR B       (3)  BC:0A7B  DE:000A  HL:0072  AF:5157  SP:7FF5  PC:0A7B
0A7C  C2 77 0A  JNZ 0A77    (3)  BC:097B  DE:000A  HL:0072  AF:5117  SP:7FF5  PC:0A7C
0A77  CD 80 0A  CALL 0A80   (3)  BC:097B  DE:000A  HL:0072  AF:5117  SP:7FF5  PC:0A77
0A7A  23        INX H       (3)  BC:097B  DE:000B  HL:0072  AF:A057  SP:7FF5  PC:0A7A
0A7B  05        DCR B       (3)  BC:097B  DE:000B  HL:0073  AF:A057  SP:7FF5  PC:0A7B
0A7C  C2 77 0A  JNZ 0A77    (3)  BC:087B  DE:000B  HL:0073  AF:A013  SP:7FF5  PC:0A7C
0A77  CD 80 0A  CALL 0A80   (3)  BC:087B  DE:000B  HL:0073  AF:A013  SP:7FF5  PC:0A77
0A7A  23        INX H       (3)  BC:087B  DE:000C  HL:0073  AF:EB57  SP:7FF5  PC:0A7A
0A7B  05        DCR B       (3)  BC:087B  DE:000C  HL:0074  AF:EB57  SP:7FF5  PC:0A7B
0A7C  C2 77 0A  JNZ 0A77    (3)  BC:077B  DE:000C  HL:0074  AF:EB13  SP:7FF5  PC:0A7C
0A77  CD 80 0A  CALL 0A80   (3)  BC:077B  DE:000C  HL:0074  AF:EB13  SP:7FF5  PC:0A77
0A7A  23        INX H       (3)  BC:077B  DE:000D  HL:0074  AF:5057  SP:7FF5  PC:0A7A
0A7B  05        DCR B       (3)  BC:077B  DE:000D  HL:0075  AF:5057  SP:7FF5  PC:0A7B
0A7C  C2 77 0A  JNZ 0A77    (3)  BC:067B  DE:000D  HL:0075  AF:5017  SP:7FF5  PC:0A7C
0A77  CD 80 0A  CALL 0A80   (3)  BC:067B  DE:000D  HL:0075  AF:5017  SP:7FF5  PC:0A77
0A7A  23        INX H       (3)  BC:067B  DE:000E  HL:0075  AF:6657  SP:7FF5  PC:0A7A
0A7B  05        DCR B       (3)  BC:067B  DE:000E  HL:0076  AF:6657  SP:7FF5  PC:0A7B
0A7C  C2 77 0A  JNZ 0A77    (3)  BC:057B  DE:000E  HL:0076  AF:6617  SP:7FF5  PC:0A7C
0A77  CD 80 0A  CALL 0A80   (3)  BC:057B  DE:000E  HL:0076  AF:6617  SP:7FF5  PC:0A77
0A7A  23        INX H       (3)  BC:057B  DE:000F  HL:0076  AF:8557  SP:7FF5  PC:0A7A
0A7B  05        DCR B       (3)  BC:057B  DE:000F  HL:0077  AF:8557  SP:7FF5  PC:0A7B
0A7C  C2 77 0A  JNZ 0A77    (3)  BC:047B  DE:000F  HL:0077  AF:8513  SP:7FF5  PC:0A7C
0A77  CD 80 0A  CALL 0A80   (3)  BC:047B  DE:000F  HL:0077  AF:8513  SP:7FF5  PC:0A77
0A7A  23        INX H       (3)  BC:047B  DE:0010  HL:0077  AF:C657  SP:7FF5  PC:0A7A
0A7B  05        DCR B       (3)  BC:047B  DE:0010  HL:0078  AF:C657  SP:7FF5  PC:0A7B
0A7C  C2 77 0A  JNZ 0A77    (3)  BC:037B  DE:0010  HL:0078  AF:C617  SP:7FF5  PC:0A7C
0A77  CD 80 0A  CALL 0A80   (3)  BC:037B  DE:0010  HL:0078  AF:C617  SP:7FF5  PC:0A77
0A7A  23        INX H       (3)  BC:037B  DE:0011  HL:0078  AF:DE56  SP:7FF5  PC:0A7A
0A7B  05        DCR B       (3)  BC:037B  DE:0011  HL:0079  AF:DE56  SP:7FF5  PC:0A7B
0A7C  C2 77 0A  JNZ 0A77    (3)  BC:027B  DE:0011  HL:0079  AF:DE12  SP:7FF5  PC:0A7C
0A77  CD 80 0A  CALL 0A80   (3)  BC:027B  DE:0011  HL:0079  AF:DE12  SP:7FF5  PC:0A77
0A7A  23        INX H       (3)  BC:027B  DE:0012  HL:0079  AF:C957  SP:7FF5  PC:0A7A
0A7B  05        DCR B       (3)  BC:027B  DE:0012  HL:007A  AF:C957  SP:7FF5  PC:0A7B
0A7C  C2 77 0A  JNZ 0A77    (3)  BC:017B  DE:0012  HL:007A  AF:C913  SP:7FF5  PC:0A7C
0A77  CD 80 0A  CALL 0A80   (3)  BC:017B  DE:0012  HL:007A  AF:C913  SP:7FF5  PC:0A77
0A7A  23        INX H       (3)  BC:017B  DE:0013  HL:007A  AF:9B57  SP:7FF5  PC:0A7A
0A7B  05        DCR B       (3)  BC:017B  DE:0013  HL:007B  AF:9B57  SP:7FF5  PC:0A7B
0A7C  C2 77 0A  JNZ 0A77    (3)  BC:007B  DE:0013  HL:007B  AF:9B57  SP:7FF5  PC:0A7C
0A7F  C9        RET         (3)  BC:007B  DE:0013  HL:007B  AF:9B57  SP:7FF5  PC:0A7F
0A74  C3 00 0A  JMP 0A00    (2)  BC:007B  DE:0013  HL:007B  AF:9B57  SP:7FF7  PC:0A74
0A00  3A 24 0C  LDA 0C24    (2)  BC:007B  DE:0013  HL:007B  AF:9B57  SP:7FF7  PC:0A00
0A03  FE 76     CPI 76      (2)  BC:007B  DE:0013  HL:007B  AF:0957  SP:7FF7  PC:0A03
0A05  CA 17 0A  JZ 0A17     (2)  BC:007B  DE:0013  HL:007B  AF:0997  SP:7FF7  PC:0A05
0A08  E6 DF     ANI DF      (2)  BC:007B  DE:0013  HL:007B  AF:0997  SP:7FF7  PC:0A08
0A0A  FE DD     CPI DD      (2)  BC:007B  DE:0013  HL:007B  AF:0916  SP:7FF7  PC:0A0A
0A0C  C2 14 0A  JNZ 0A14    (2)  BC:007B  DE:0013  HL:007B  AF:0903  SP:7FF7  PC:0A0C
0A14  C4 05 0C  CNZ 0C05    (2)  BC:007B  DE:0013  HL:007B  AF:0903  SP:7FF7  PC:0A14
0C05  F5        PUSH PSW    (3)  BC:007B  DE:0013  HL:007B  AF:0903  SP:7FF5  PC:0C05
0C06  C5        PUSH B      (3)  BC:007B  DE:0013  HL:007B  AF:0903  SP:7FF3  PC:0C06
0C07  D5        PUSH D      (3)  BC:007B  DE:0013  HL:007B  AF:0903  SP:7FF1  PC:0C07
0C08  E5        PUSH H      (3)  BC:007B  DE:0013  HL:007B  AF:0903  SP:7FEF  PC:0C08
0C09  F3        DI          (3)  BC:007B  DE:0013  HL:007B  AF:0903  SP:7FED  PC:0C09
0C0A  21 00 00  LXI H,0000  (3)  BC:007B  DE:0013  HL:007B  AF:0903  SP:7FED  PC:0C0A
0C0D  39        DAD SP      (3)  BC:007B  DE:0013  HL:0000  AF:0903  SP:7FED  PC:0C0D
0C0E  22 80 0C  SHLD 0C80   (3)  BC:007B  DE:0013  HL:7FED  AF:0902  SP:7FED  PC:0C0E
0C11  31 05 00  LXI SP,0005 (3)  BC:007B  DE:0013  HL:7FED  AF:0902  SP:7FED  PC:0C11
0C14  E1        POP H       (3)  BC:007B  DE:0013  HL:7FED  AF:0902  SP:0005  PC:0C14
0C15  E1        POP H       (3)  BC:007B  DE:0013  HL:C4C7  AF:0902  SP:0007  PC:0C15
0C16  E1        POP H       (3)  BC:007B  DE:0013  HL:D226  AF:0902  SP:0009  PC:0C16
0C17  D1        POP D       (3)  BC:007B  DE:0013  HL:A051  AF:0902  SP:000B  PC:0C17
0C18  C1        POP B       (3)  BC:007B  DE:50EB  HL:A051  AF:0902  SP:000D  PC:0C18
0C19  F1        POP PSW     (3)  BC:8566  DE:50EB  HL:A051  AF:0902  SP:000F  PC:0C19
0C1A  22 6E 0C  SHLD 0C6E   (3)  BC:8566  DE:50EB  HL:A051  AF:DEC6  SP:0011  PC:0C1A
0C1D  2A 11 00  LHLD 0011   (3)  BC:8566  DE:50EB  HL:A051  AF:DEC6  SP:0011  PC:0C1D
0C20  F9        SPHL        (3)  BC:8566  DE:50EB  HL:9BC9  AF:DEC6  SP:0011  PC:0C20
0C21  2A 6E 0C  LHLD 0C6E   (3)  BC:8566  DE:50EB  HL:9BC9  AF:DEC6  SP:9BC9  PC:0C21
0C24  09        DAD B       (3)  BC:8566  DE:50EB  HL:A051  AF:DEC6  SP:9BC9  PC:0C24
0C25  00        NOP         (3)  BC:8566  DE:50EB  HL:25B7  AF:DEC7  SP:9BC9  PC:0C25
0C26  00        NOP         (3)  BC:8566  DE:50EB  HL:25B7  AF:DEC7  SP:9BC9  PC:0C26
0C27  00        NOP         (3)  BC:8566  DE:50EB  HL:25B7  AF:DEC7  SP:9BC9  PC:0C27
0C28  22 6E 0C  SHLD 0C6E   (3)  BC:8566  DE:50EB  HL:25B7  AF:DEC7  SP:9BC9  PC:0C28
0C2B  21 00 00  LXI H,0000  (3)  BC:8566  DE:50EB  HL:25B7  AF:DEC7  SP:9BC9  PC:0C2B
0C2E  DA 35 0C  JC 0C35     (3)  BC:8566  DE:50EB  HL:0000  AF:DEC7  SP:9BC9  PC:0C2E
0C35  39        DAD SP      (3)  BC:8566  DE:50EB  HL:0000  AF:DEC7  SP:9BC9  PC:0C35
0C36  37        STC         (3)  BC:8566  DE:50EB  HL:9BC9  AF:DEC6  SP:9BC9  PC:0C36
0C37  22 7E 0C  SHLD 0C7E   (3)  BC:8566  DE:50EB  HL:9BC9  AF:DEC7  SP:9BC9  PC:0C37
0C3A  2A 6E 0C  LHLD 0C6E   (3)  BC:8566  DE:50EB  HL:9BC9  AF:DEC7  SP:9BC9  PC:0C3A
0C3D  31 7E 0C  LXI SP,0C7E (3)  BC:8566  DE:50EB  HL:25B7  AF:DEC7  SP:9BC9  PC:0C3D
0C40  F5        PUSH PSW    (3)  BC:8566  DE:50EB  HL:25B7  AF:DEC7  SP:0C7E  PC:0C40
0C41  C5        PUSH B      (3)  BC:8566  DE:50EB  HL:25B7  AF:DEC7  SP:0C7C  PC:0C41
0C42  D5        PUSH D      (3)  BC:8566  DE:50EB  HL:25B7  AF:DEC7  SP:0C7A  PC:0C42
0C43  E5        PUSH H      (3)  BC:8566  DE:50EB  HL:25B7  AF:DEC7  SP:0C78  PC:0C43
0C44  E5        PUSH H      (3)  BC:8566  DE:50EB  HL:25B7  AF:DEC7  SP:0C76  PC:0C44
0C45  E5        PUSH H      (3)  BC:8566  DE:50EB  HL:25B7  AF:DEC7  SP:0C74  PC:0C45
0C46  2A 80 0C  LHLD 0C80   (3)  BC:8566  DE:50EB  HL:25B7  AF:DEC7  SP:0C72  PC:0C46
0C49  F9        SPHL        (3)  BC:8566  DE:50EB  HL:7FED  AF:DEC7  SP:0C72  PC:0C49
0C4A  FB        EI          (3)  BC:8566  DE:50EB  HL:7FED  AF:DEC7  SP:7FED  PC:0C4A
0C4B  2A 03 00  LHLD 0003   (3)  BC:8566  DE:50EB  HL:7FED  AF:DEC7  SP:7FED  PC:0C4B
0C4E  22 70 0C  SHLD 0C70   (3)  BC:8566  DE:50EB  HL:C4A5  AF:DEC7  SP:7FED  PC:0C4E
0C51  21 7C 0C  LXI H,0C7C  (3)  BC:8566  DE:50EB  HL:C4A5  AF:DEC7  SP:7FED  PC:0C51
0C54  7E        MOV A,M     (3)  BC:8566  DE:50EB  HL:0C7C  AF:DEC7  SP:7FED  PC:0C54
0C55  E6 FF     ANI FF      (3)  BC:8566  DE:50EB  HL:0C7C  AF:C7C7  SP:7FED  PC:0C55
0C57  77        MOV M,A     (3)  BC:8566  DE:50EB  HL:0C7C  AF:C792  SP:7FED  PC:0C57
0C58  06 10     MVI B,10    (3)  BC:8566  DE:50EB  HL:0C7C  AF:C792  SP:7FED  PC:0C58
0C5A  11 70 0C  LXI D,0C70  (3)  BC:1066  DE:50EB  HL:0C7C  AF:C792  SP:7FED  PC:0C5A
0C5D  21 BB 0D  LXI H,0DBB  (3)  BC:1066  DE:0C70  HL:0C7C  AF:C792  SP:7FED  PC:0C5D
0C60  1A        LDAX D      (3)  BC:1066  DE:0C70  HL:0DBB  AF:C792  SP:7FED  PC:0C60
0C61  13        INX D       (3)  BC:1066  DE:0C70  HL:0DBB  AF:A592  SP:7FED  PC:0C61
0C62  CD 7F 0D  CALL 0D7F   (3)  BC:1066  DE:0C71  HL:0DBB  AF:A592  SP:7FED  PC:0C62
0C65  05        DCR B       (3)  BC:1066  DE:0C71  HL:0DBB  AF:A592  SP:7FED  PC:0C65
0C66  C2 60 0C  JNZ 0C60    (3)  BC:0F66  DE:0C71  HL:0DBB  AF:A506  SP:7FED  PC:0C66
0C60  1A        LDAX D      (3)  BC:0F66  DE:0C71  HL:0DBB  AF:A506  SP:7FED  PC:0C60
0C61  13        INX D       (3)  BC:0F66  DE:0C71  HL:0DBB  AF:C406  SP:7FED  PC:0C61
0C62  CD 7F 0D  CALL 0D7F   (3)  BC:0F66  DE:0C72  HL:0DBB  AF:C406  SP:7FED  PC:0C62
0C65  05        DCR B       (3)  BC:0F66  DE:0C72  HL:0DBB  AF:C406  SP:7FED  PC:0C65
0C66  C2 60 0C  JNZ 0C60    (3)  BC:0E66  DE:0C72  HL:0DBB  AF:C412  SP:7FED  PC:0C66
0C60  1A        LDAX D      (3)  BC:0E66  DE:0C72  HL:0DBB  AF:C412  SP:7FED  PC:0C60
0C61  13        INX D       (3)  BC:0E66  DE:0C72  HL:0DBB  AF:B712  SP:7FED  PC:0C61
0C62  CD 7F 0D  CALL 0D7F   (3)  BC:0E66  DE:0C73  HL:0DBB  AF:B712  SP:7FED  PC:0C62

Process finished with exit code 130
