0000  C3 4F 00  JMP 004F    (1)  BC:0000  DE:0000  HL:0000  AF:0046  SP:7FFD  PC:0000   
004F  21 06 00  LXI H,0006  (1)  BC:0000  DE:0000  HL:0000  AF:0046  SP:7FFD  PC:004F   
0052  CD 16 01  CALL 0116   (1)  BC:0000  DE:0000  HL:0006  AF:0046  SP:7FFD  PC:0052   
0116  C5        PUSH B      (2)  BC:0000  DE:0000  HL:0006  AF:0046  SP:7FFB  PC:0116   
0117  D5        PUSH D      (2)  BC:0000  DE:0000  HL:0006  AF:0046  SP:7FF9  PC:0117   
0118  E5        PUSH H      (2)  BC:0000  DE:0000  HL:0006  AF:0046  SP:7FF7  PC:0118   
0119  F5        PUSH PSW    (2)  BC:0000  DE:0000  HL:0006  AF:0046  SP:7FF5  PC:0119   
011A  7E        MOV A,M     (2)  BC:0000  DE:0000  HL:0006  AF:0046  SP:7FF3  PC:011A   
011B  FE 24     CPI 24      (2)  BC:0000  DE:0000  HL:0006  AF:0D46  SP:7FF3  PC:011B   
011D  CA 28 01  JZ 0128     (2)  BC:0000  DE:0000  HL:0006  AF:0D93  SP:7FF3  PC:011D   
0120  7E        MOV A,M     (2)  BC:0000  DE:0000  HL:0006  AF:0D93  SP:7FF3  PC:0120   
0121  CD 2D 01  CALL 012D   (2)  BC:0000  DE:0000  HL:0006  AF:0D93  SP:7FF3  PC:0121   
012D  C5        PUSH B      (3)  BC:0000  DE:0000  HL:0006  AF:0D93  SP:7FF1  PC:012D   
012E  D5        PUSH D      (3)  BC:0000  DE:0000  HL:0006  AF:0D93  SP:7FEF  PC:012E   
012F  E5        PUSH H      (3)  BC:0000  DE:0000  HL:0006  AF:0D93  SP:7FED  PC:012F   
0130  F5        PUSH PSW    (3)  BC:0000  DE:0000  HL:0006  AF:0D93  SP:7FEB  PC:0130   
0131  4F        MOV C,A     (3)  BC:0000  DE:0000  HL:0006  AF:0D93  SP:7FE9  PC:0131   
0132  CD 37 C0  CALL C037   (3)  BC:000D  DE:0000  HL:0006  AF:0D93  SP:7FE9  PC:0132   
0135  F1        POP PSW     (3)  BC:000D  DE:0000  HL:0006  AF:0D93  SP:7FE9  PC:0135   
0136  E1        POP H       (3)  BC:000D  DE:0000  HL:0006  AF:0D93  SP:7FEB  PC:0136   
0137  D1        POP D       (3)  BC:000D  DE:0000  HL:0006  AF:0D93  SP:7FED  PC:0137   
0138  C1        POP B       (3)  BC:000D  DE:0000  HL:0006  AF:0D93  SP:7FEF  PC:0138   
0139  C9        RET         (3)  BC:0000  DE:0000  HL:0006  AF:0D93  SP:7FF1  PC:0139   
0124  23        INX H       (2)  BC:0000  DE:0000  HL:0006  AF:0D93  SP:7FF3  PC:0124   
0125  C3 1A 01  JMP 011A    (2)  BC:0000  DE:0000  HL:0007  AF:0D93  SP:7FF3  PC:0125   
011A  7E        MOV A,M     (2)  BC:0000  DE:0000  HL:0007  AF:0D93  SP:7FF3  PC:011A   
011B  FE 24     CPI 24      (2)  BC:0000  DE:0000  HL:0007  AF:0A93  SP:7FF3  PC:011B   
011D  CA 28 01  JZ 0128     (2)  BC:0000  DE:0000  HL:0007  AF:0A93  SP:7FF3  PC:011D   
0120  7E        MOV A,M     (2)  BC:0000  DE:0000  HL:0007  AF:0A93  SP:7FF3  PC:0120   
0121  CD 2D 01  CALL 012D   (2)  BC:0000  DE:0000  HL:0007  AF:0A93  SP:7FF3  PC:0121   
012D  C5        PUSH B      (3)  BC:0000  DE:0000  HL:0007  AF:0A93  SP:7FF1  PC:012D   
012E  D5        PUSH D      (3)  BC:0000  DE:0000  HL:0007  AF:0A93  SP:7FEF  PC:012E   
012F  E5        PUSH H      (3)  BC:0000  DE:0000  HL:0007  AF:0A93  SP:7FED  PC:012F   
0130  F5        PUSH PSW    (3)  BC:0000  DE:0000  HL:0007  AF:0A93  SP:7FEB  PC:0130   
0131  4F        MOV C,A     (3)  BC:0000  DE:0000  HL:0007  AF:0A93  SP:7FE9  PC:0131   
0132  CD 37 C0  CALL C037   (3)  BC:000A  DE:0000  HL:0007  AF:0A93  SP:7FE9  PC:0132   
0135  F1        POP PSW     (3)  BC:000A  DE:0000  HL:0007  AF:0A93  SP:7FE9  PC:0135   
0136  E1        POP H       (3)  BC:000A  DE:0000  HL:0007  AF:0A93  SP:7FEB  PC:0136   
0137  D1        POP D       (3)  BC:000A  DE:0000  HL:0007  AF:0A93  SP:7FED  PC:0137   
0138  C1        POP B       (3)  BC:000A  DE:0000  HL:0007  AF:0A93  SP:7FEF  PC:0138   
0139  C9        RET         (3)  BC:0000  DE:0000  HL:0007  AF:0A93  SP:7FF1  PC:0139   
0124  23        INX H       (2)  BC:0000  DE:0000  HL:0007  AF:0A93  SP:7FF3  PC:0124   
0125  C3 1A 01  JMP 011A    (2)  BC:0000  DE:0000  HL:0008  AF:0A93  SP:7FF3  PC:0125   
011A  7E        MOV A,M     (2)  BC:0000  DE:0000  HL:0008  AF:0A93  SP:7FF3  PC:011A   
011B  FE 24     CPI 24      (2)  BC:0000  DE:0000  HL:0008  AF:3893  SP:7FF3  PC:011B   
011D  CA 28 01  JZ 0128     (2)  BC:0000  DE:0000  HL:0008  AF:3816  SP:7FF3  PC:011D   
0120  7E        MOV A,M     (2)  BC:0000  DE:0000  HL:0008  AF:3816  SP:7FF3  PC:0120   
0121  CD 2D 01  CALL 012D   (2)  BC:0000  DE:0000  HL:0008  AF:3816  SP:7FF3  PC:0121   
012D  C5        PUSH B      (3)  BC:0000  DE:0000  HL:0008  AF:3816  SP:7FF1  PC:012D   
012E  D5        PUSH D      (3)  BC:0000  DE:0000  HL:0008  AF:3816  SP:7FEF  PC:012E   
012F  E5        PUSH H      (3)  BC:0000  DE:0000  HL:0008  AF:3816  SP:7FED  PC:012F   
0130  F5        PUSH PSW    (3)  BC:0000  DE:0000  HL:0008  AF:3816  SP:7FEB  PC:0130   
0131  4F        MOV C,A     (3)  BC:0000  DE:0000  HL:0008  AF:3816  SP:7FE9  PC:0131   
0132  CD 37 C0  CALL C037   (3)  BC:0038  DE:0000  HL:0008  AF:3816  SP:7FE9  PC:0132   
0135  F1        POP PSW     (3)  BC:0038  DE:0000  HL:0008  AF:3816  SP:7FE9  PC:0135   
0136  E1        POP H       (3)  BC:0038  DE:0000  HL:0008  AF:3816  SP:7FEB  PC:0136   
0137  D1        POP D       (3)  BC:0038  DE:0000  HL:0008  AF:3816  SP:7FED  PC:0137   
0138  C1        POP B       (3)  BC:0038  DE:0000  HL:0008  AF:3816  SP:7FEF  PC:0138   
0139  C9        RET         (3)  BC:0000  DE:0000  HL:0008  AF:3816  SP:7FF1  PC:0139   
0124  23        INX H       (2)  BC:0000  DE:0000  HL:0008  AF:3816  SP:7FF3  PC:0124   
0125  C3 1A 01  JMP 011A    (2)  BC:0000  DE:0000  HL:0009  AF:3816  SP:7FF3  PC:0125   
011A  7E        MOV A,M     (2)  BC:0000  DE:0000  HL:0009  AF:3816  SP:7FF3  PC:011A   
011B  FE 24     CPI 24      (2)  BC:0000  DE:0000  HL:0009  AF:3016  SP:7FF3  PC:011B   
011D  CA 28 01  JZ 0128     (2)  BC:0000  DE:0000  HL:0009  AF:3006  SP:7FF3  PC:011D   
0120  7E        MOV A,M     (2)  BC:0000  DE:0000  HL:0009  AF:3006  SP:7FF3  PC:0120   
0121  CD 2D 01  CALL 012D   (2)  BC:0000  DE:0000  HL:0009  AF:3006  SP:7FF3  PC:0121   
012D  C5        PUSH B      (3)  BC:0000  DE:0000  HL:0009  AF:3006  SP:7FF1  PC:012D   
012E  D5        PUSH D      (3)  BC:0000  DE:0000  HL:0009  AF:3006  SP:7FEF  PC:012E   
012F  E5        PUSH H      (3)  BC:0000  DE:0000  HL:0009  AF:3006  SP:7FED  PC:012F   
0130  F5        PUSH PSW    (3)  BC:0000  DE:0000  HL:0009  AF:3006  SP:7FEB  PC:0130   
0131  4F        MOV C,A     (3)  BC:0000  DE:0000  HL:0009  AF:3006  SP:7FE9  PC:0131   
0132  CD 37 C0  CALL C037   (3)  BC:0030  DE:0000  HL:0009  AF:3006  SP:7FE9  PC:0132   
0135  F1        POP PSW     (3)  BC:0030  DE:0000  HL:0009  AF:3006  SP:7FE9  PC:0135   
0136  E1        POP H       (3)  BC:0030  DE:0000  HL:0009  AF:3006  SP:7FEB  PC:0136   
0137  D1        POP D       (3)  BC:0030  DE:0000  HL:0009  AF:3006  SP:7FED  PC:0137   
0138  C1        POP B       (3)  BC:0030  DE:0000  HL:0009  AF:3006  SP:7FEF  PC:0138   
0139  C9        RET         (3)  BC:0000  DE:0000  HL:0009  AF:3006  SP:7FF1  PC:0139   
0124  23        INX H       (2)  BC:0000  DE:0000  HL:0009  AF:3006  SP:7FF3  PC:0124   
0125  C3 1A 01  JMP 011A    (2)  BC:0000  DE:0000  HL:000A  AF:3006  SP:7FF3  PC:0125   
011A  7E        MOV A,M     (2)  BC:0000  DE:0000  HL:000A  AF:3006  SP:7FF3  PC:011A   
011B  FE 24     CPI 24      (2)  BC:0000  DE:0000  HL:000A  AF:3806  SP:7FF3  PC:011B   
011D  CA 28 01  JZ 0128     (2)  BC:0000  DE:0000  HL:000A  AF:3816  SP:7FF3  PC:011D   
0120  7E        MOV A,M     (2)  BC:0000  DE:0000  HL:000A  AF:3816  SP:7FF3  PC:0120   
0121  CD 2D 01  CALL 012D   (2)  BC:0000  DE:0000  HL:000A  AF:3816  SP:7FF3  PC:0121   
012D  C5        PUSH B      (3)  BC:0000  DE:0000  HL:000A  AF:3816  SP:7FF1  PC:012D   
012E  D5        PUSH D      (3)  BC:0000  DE:0000  HL:000A  AF:3816  SP:7FEF  PC:012E   
012F  E5        PUSH H      (3)  BC:0000  DE:0000  HL:000A  AF:3816  SP:7FED  PC:012F   
0130  F5        PUSH PSW    (3)  BC:0000  DE:0000  HL:000A  AF:3816  SP:7FEB  PC:0130   
0131  4F        MOV C,A     (3)  BC:0000  DE:0000  HL:000A  AF:3816  SP:7FE9  PC:0131   
0132  CD 37 C0  CALL C037   (3)  BC:0038  DE:0000  HL:000A  AF:3816  SP:7FE9  PC:0132   
0135  F1        POP PSW     (3)  BC:0038  DE:0000  HL:000A  AF:3816  SP:7FE9  PC:0135   
0136  E1        POP H       (3)  BC:0038  DE:0000  HL:000A  AF:3816  SP:7FEB  PC:0136   
0137  D1        POP D       (3)  BC:0038  DE:0000  HL:000A  AF:3816  SP:7FED  PC:0137   
0138  C1        POP B       (3)  BC:0038  DE:0000  HL:000A  AF:3816  SP:7FEF  PC:0138   
0139  C9        RET         (3)  BC:0000  DE:0000  HL:000A  AF:3816  SP:7FF1  PC:0139   
0124  23        INX H       (2)  BC:0000  DE:0000  HL:000A  AF:3816  SP:7FF3  PC:0124   
0125  C3 1A 01  JMP 011A    (2)  BC:0000  DE:0000  HL:000B  AF:3816  SP:7FF3  PC:0125   
011A  7E        MOV A,M     (2)  BC:0000  DE:0000  HL:000B  AF:3816  SP:7FF3  PC:011A   
011B  FE 24     CPI 24      (2)  BC:0000  DE:0000  HL:000B  AF:3016  SP:7FF3  PC:011B   
011D  CA 28 01  JZ 0128     (2)  BC:0000  DE:0000  HL:000B  AF:3006  SP:7FF3  PC:011D   
0120  7E        MOV A,M     (2)  BC:0000  DE:0000  HL:000B  AF:3006  SP:7FF3  PC:0120   
0121  CD 2D 01  CALL 012D   (2)  BC:0000  DE:0000  HL:000B  AF:3006  SP:7FF3  PC:0121   
012D  C5        PUSH B      (3)  BC:0000  DE:0000  HL:000B  AF:3006  SP:7FF1  PC:012D   
012E  D5        PUSH D      (3)  BC:0000  DE:0000  HL:000B  AF:3006  SP:7FEF  PC:012E   
012F  E5        PUSH H      (3)  BC:0000  DE:0000  HL:000B  AF:3006  SP:7FED  PC:012F   
0130  F5        PUSH PSW    (3)  BC:0000  DE:0000  HL:000B  AF:3006  SP:7FEB  PC:0130   
0131  4F        MOV C,A     (3)  BC:0000  DE:0000  HL:000B  AF:3006  SP:7FE9  PC:0131   
0132  CD 37 C0  CALL C037   (3)  BC:0030  DE:0000  HL:000B  AF:3006  SP:7FE9  PC:0132   
0135  F1        POP PSW     (3)  BC:0030  DE:0000  HL:000B  AF:3006  SP:7FE9  PC:0135   
0136  E1        POP H       (3)  BC:0030  DE:0000  HL:000B  AF:3006  SP:7FEB  PC:0136   
0137  D1        POP D       (3)  BC:0030  DE:0000  HL:000B  AF:3006  SP:7FED  PC:0137   
0138  C1        POP B       (3)  BC:0030  DE:0000  HL:000B  AF:3006  SP:7FEF  PC:0138   
0139  C9        RET         (3)  BC:0000  DE:0000  HL:000B  AF:3006  SP:7FF1  PC:0139   
0124  23        INX H       (2)  BC:0000  DE:0000  HL:000B  AF:3006  SP:7FF3  PC:0124   
0125  C3 1A 01  JMP 011A    (2)  BC:0000  DE:0000  HL:000C  AF:3006  SP:7FF3  PC:0125   
011A  7E        MOV A,M     (2)  BC:0000  DE:0000  HL:000C  AF:3006  SP:7FF3  PC:011A   
011B  FE 24     CPI 24      (2)  BC:0000  DE:0000  HL:000C  AF:2006  SP:7FF3  PC:011B   
011D  CA 28 01  JZ 0128     (2)  BC:0000  DE:0000  HL:000C  AF:2087  SP:7FF3  PC:011D   
0120  7E        MOV A,M     (2)  BC:0000  DE:0000  HL:000C  AF:2087  SP:7FF3  PC:0120   
0121  CD 2D 01  CALL 012D   (2)  BC:0000  DE:0000  HL:000C  AF:2087  SP:7FF3  PC:0121   
012D  C5        PUSH B      (3)  BC:0000  DE:0000  HL:000C  AF:2087  SP:7FF1  PC:012D   
012E  D5        PUSH D      (3)  BC:0000  DE:0000  HL:000C  AF:2087  SP:7FEF  PC:012E   
012F  E5        PUSH H      (3)  BC:0000  DE:0000  HL:000C  AF:2087  SP:7FED  PC:012F   
0130  F5        PUSH PSW    (3)  BC:0000  DE:0000  HL:000C  AF:2087  SP:7FEB  PC:0130   
0131  4F        MOV C,A     (3)  BC:0000  DE:0000  HL:000C  AF:2087  SP:7FE9  PC:0131   
0132  CD 37 C0  CALL C037   (3)  BC:0020  DE:0000  HL:000C  AF:2087  SP:7FE9  PC:0132   
0135  F1        POP PSW     (3)  BC:0020  DE:0000  HL:000C  AF:2087  SP:7FE9  PC:0135   
0136  E1        POP H       (3)  BC:0020  DE:0000  HL:000C  AF:2087  SP:7FEB  PC:0136   
0137  D1        POP D       (3)  BC:0020  DE:0000  HL:000C  AF:2087  SP:7FED  PC:0137   
0138  C1        POP B       (3)  BC:0020  DE:0000  HL:000C  AF:2087  SP:7FEF  PC:0138   
0139  C9        RET         (3)  BC:0000  DE:0000  HL:000C  AF:2087  SP:7FF1  PC:0139   
0124  23        INX H       (2)  BC:0000  DE:0000  HL:000C  AF:2087  SP:7FF3  PC:0124   
0125  C3 1A 01  JMP 011A    (2)  BC:0000  DE:0000  HL:000D  AF:2087  SP:7FF3  PC:0125   
011A  7E        MOV A,M     (2)  BC:0000  DE:0000  HL:000D  AF:2087  SP:7FF3  PC:011A   
011B  FE 24     CPI 24      (2)  BC:0000  DE:0000  HL:000D  AF:4987  SP:7FF3  PC:011B   
011D  CA 28 01  JZ 0128     (2)  BC:0000  DE:0000  HL:000D  AF:4912  SP:7FF3  PC:011D   
0120  7E        MOV A,M     (2)  BC:0000  DE:0000  HL:000D  AF:4912  SP:7FF3  PC:0120   
0121  CD 2D 01  CALL 012D   (2)  BC:0000  DE:0000  HL:000D  AF:4912  SP:7FF3  PC:0121   
012D  C5        PUSH B      (3)  BC:0000  DE:0000  HL:000D  AF:4912  SP:7FF1  PC:012D   
012E  D5        PUSH D      (3)  BC:0000  DE:0000  HL:000D  AF:4912  SP:7FEF  PC:012E   
012F  E5        PUSH H      (3)  BC:0000  DE:0000  HL:000D  AF:4912  SP:7FED  PC:012F   
0130  F5        PUSH PSW    (3)  BC:0000  DE:0000  HL:000D  AF:4912  SP:7FEB  PC:0130   
0131  4F        MOV C,A     (3)  BC:0000  DE:0000  HL:000D  AF:4912  SP:7FE9  PC:0131   
0132  CD 37 C0  CALL C037   (3)  BC:0049  DE:0000  HL:000D  AF:4912  SP:7FE9  PC:0132   
0135  F1        POP PSW     (3)  BC:0049  DE:0000  HL:000D  AF:4912  SP:7FE9  PC:0135   
0136  E1        POP H       (3)  BC:0049  DE:0000  HL:000D  AF:4912  SP:7FEB  PC:0136   
0137  D1        POP D       (3)  BC:0049  DE:0000  HL:000D  AF:4912  SP:7FED  PC:0137   
0138  C1        POP B       (3)  BC:0049  DE:0000  HL:000D  AF:4912  SP:7FEF  PC:0138   
0139  C9        RET         (3)  BC:0000  DE:0000  HL:000D  AF:4912  SP:7FF1  PC:0139   
0124  23        INX H       (2)  BC:0000  DE:0000  HL:000D  AF:4912  SP:7FF3  PC:0124   
0125  C3 1A 01  JMP 011A    (2)  BC:0000  DE:0000  HL:000E  AF:4912  SP:7FF3  PC:0125   
011A  7E        MOV A,M     (2)  BC:0000  DE:0000  HL:000E  AF:4912  SP:7FF3  PC:011A   
011B  FE 24     CPI 24      (2)  BC:0000  DE:0000  HL:000E  AF:4E12  SP:7FF3  PC:011B   
011D  CA 28 01  JZ 0128     (2)  BC:0000  DE:0000  HL:000E  AF:4E12  SP:7FF3  PC:011D   
0120  7E        MOV A,M     (2)  BC:0000  DE:0000  HL:000E  AF:4E12  SP:7FF3  PC:0120   
0121  CD 2D 01  CALL 012D   (2)  BC:0000  DE:0000  HL:000E  AF:4E12  SP:7FF3  PC:0121   
012D  C5        PUSH B      (3)  BC:0000  DE:0000  HL:000E  AF:4E12  SP:7FF1  PC:012D   
012E  D5        PUSH D      (3)  BC:0000  DE:0000  HL:000E  AF:4E12  SP:7FEF  PC:012E   
012F  E5        PUSH H      (3)  BC:0000  DE:0000  HL:000E  AF:4E12  SP:7FED  PC:012F   
0130  F5        PUSH PSW    (3)  BC:0000  DE:0000  HL:000E  AF:4E12  SP:7FEB  PC:0130   
0131  4F        MOV C,A     (3)  BC:0000  DE:0000  HL:000E  AF:4E12  SP:7FE9  PC:0131   
0132  CD 37 C0  CALL C037   (3)  BC:004E  DE:0000  HL:000E  AF:4E12  SP:7FE9  PC:0132   
0135  F1        POP PSW     (3)  BC:004E  DE:0000  HL:000E  AF:4E12  SP:7FE9  PC:0135   
0136  E1        POP H       (3)  BC:004E  DE:0000  HL:000E  AF:4E12  SP:7FEB  PC:0136   
0137  D1        POP D       (3)  BC:004E  DE:0000  HL:000E  AF:4E12  SP:7FED  PC:0137   
0138  C1        POP B       (3)  BC:004E  DE:0000  HL:000E  AF:4E12  SP:7FEF  PC:0138   
0139  C9        RET         (3)  BC:0000  DE:0000  HL:000E  AF:4E12  SP:7FF1  PC:0139   
0124  23        INX H       (2)  BC:0000  DE:0000  HL:000E  AF:4E12  SP:7FF3  PC:0124   
0125  C3 1A 01  JMP 011A    (2)  BC:0000  DE:0000  HL:000F  AF:4E12  SP:7FF3  PC:0125   
011A  7E        MOV A,M     (2)  BC:0000  DE:0000  HL:000F  AF:4E12  SP:7FF3  PC:011A   
011B  FE 24     CPI 24      (2)  BC:0000  DE:0000  HL:000F  AF:5312  SP:7FF3  PC:011B   
011D  CA 28 01  JZ 0128     (2)  BC:0000  DE:0000  HL:000F  AF:5302  SP:7FF3  PC:011D   
0120  7E        MOV A,M     (2)  BC:0000  DE:0000  HL:000F  AF:5302  SP:7FF3  PC:0120   
0121  CD 2D 01  CALL 012D   (2)  BC:0000  DE:0000  HL:000F  AF:5302  SP:7FF3  PC:0121   
012D  C5        PUSH B      (3)  BC:0000  DE:0000  HL:000F  AF:5302  SP:7FF1  PC:012D   
012E  D5        PUSH D      (3)  BC:0000  DE:0000  HL:000F  AF:5302  SP:7FEF  PC:012E   
012F  E5        PUSH H      (3)  BC:0000  DE:0000  HL:000F  AF:5302  SP:7FED  PC:012F   
0130  F5        PUSH PSW    (3)  BC:0000  DE:0000  HL:000F  AF:5302  SP:7FEB  PC:0130   
0131  4F        MOV C,A     (3)  BC:0000  DE:0000  HL:000F  AF:5302  SP:7FE9  PC:0131   
0132  CD 37 C0  CALL C037   (3)  BC:0053  DE:0000  HL:000F  AF:5302  SP:7FE9  PC:0132   
0135  F1        POP PSW     (3)  BC:0053  DE:0000  HL:000F  AF:5302  SP:7FE9  PC:0135   
0136  E1        POP H       (3)  BC:0053  DE:0000  HL:000F  AF:5302  SP:7FEB  PC:0136   
0137  D1        POP D       (3)  BC:0053  DE:0000  HL:000F  AF:5302  SP:7FED  PC:0137   
0138  C1        POP B       (3)  BC:0053  DE:0000  HL:000F  AF:5302  SP:7FEF  PC:0138   
0139  C9        RET         (3)  BC:0000  DE:0000  HL:000F  AF:5302  SP:7FF1  PC:0139   
0124  23        INX H       (2)  BC:0000  DE:0000  HL:000F  AF:5302  SP:7FF3  PC:0124   
0125  C3 1A 01  JMP 011A    (2)  BC:0000  DE:0000  HL:0010  AF:5302  SP:7FF3  PC:0125   
011A  7E        MOV A,M     (2)  BC:0000  DE:0000  HL:0010  AF:5302  SP:7FF3  PC:011A   
011B  FE 24     CPI 24      (2)  BC:0000  DE:0000  HL:0010  AF:5402  SP:7FF3  PC:011B   
011D  CA 28 01  JZ 0128     (2)  BC:0000  DE:0000  HL:0010  AF:5416  SP:7FF3  PC:011D   
0120  7E        MOV A,M     (2)  BC:0000  DE:0000  HL:0010  AF:5416  SP:7FF3  PC:0120   
0121  CD 2D 01  CALL 012D   (2)  BC:0000  DE:0000  HL:0010  AF:5416  SP:7FF3  PC:0121   
012D  C5        PUSH B      (3)  BC:0000  DE:0000  HL:0010  AF:5416  SP:7FF1  PC:012D   
012E  D5        PUSH D      (3)  BC:0000  DE:0000  HL:0010  AF:5416  SP:7FEF  PC:012E   
012F  E5        PUSH H      (3)  BC:0000  DE:0000  HL:0010  AF:5416  SP:7FED  PC:012F   
0130  F5        PUSH PSW    (3)  BC:0000  DE:0000  HL:0010  AF:5416  SP:7FEB  PC:0130   
0131  4F        MOV C,A     (3)  BC:0000  DE:0000  HL:0010  AF:5416  SP:7FE9  PC:0131   
0132  CD 37 C0  CALL C037   (3)  BC:0054  DE:0000  HL:0010  AF:5416  SP:7FE9  PC:0132   
0135  F1        POP PSW     (3)  BC:0054  DE:0000  HL:0010  AF:5416  SP:7FE9  PC:0135   
0136  E1        POP H       (3)  BC:0054  DE:0000  HL:0010  AF:5416  SP:7FEB  PC:0136   
0137  D1        POP D       (3)  BC:0054  DE:0000  HL:0010  AF:5416  SP:7FED  PC:0137   
0138  C1        POP B       (3)  BC:0054  DE:0000  HL:0010  AF:5416  SP:7FEF  PC:0138   
0139  C9        RET         (3)  BC:0000  DE:0000  HL:0010  AF:5416  SP:7FF1  PC:0139   
0124  23        INX H       (2)  BC:0000  DE:0000  HL:0010  AF:5416  SP:7FF3  PC:0124   
0125  C3 1A 01  JMP 011A    (2)  BC:0000  DE:0000  HL:0011  AF:5416  SP:7FF3  PC:0125   
011A  7E        MOV A,M     (2)  BC:0000  DE:0000  HL:0011  AF:5416  SP:7FF3  PC:011A   
011B  FE 24     CPI 24      (2)  BC:0000  DE:0000  HL:0011  AF:5216  SP:7FF3  PC:011B   
011D  CA 28 01  JZ 0128     (2)  BC:0000  DE:0000  HL:0011  AF:5206  SP:7FF3  PC:011D   
0120  7E        MOV A,M     (2)  BC:0000  DE:0000  HL:0011  AF:5206  SP:7FF3  PC:0120   
0121  CD 2D 01  CALL 012D   (2)  BC:0000  DE:0000  HL:0011  AF:5206  SP:7FF3  PC:0121   
012D  C5        PUSH B      (3)  BC:0000  DE:0000  HL:0011  AF:5206  SP:7FF1  PC:012D   
012E  D5        PUSH D      (3)  BC:0000  DE:0000  HL:0011  AF:5206  SP:7FEF  PC:012E   
012F  E5        PUSH H      (3)  BC:0000  DE:0000  HL:0011  AF:5206  SP:7FED  PC:012F   
0130  F5        PUSH PSW    (3)  BC:0000  DE:0000  HL:0011  AF:5206  SP:7FEB  PC:0130   
0131  4F        MOV C,A     (3)  BC:0000  DE:0000  HL:0011  AF:5206  SP:7FE9  PC:0131   
0132  CD 37 C0  CALL C037   (3)  BC:0052  DE:0000  HL:0011  AF:5206  SP:7FE9  PC:0132   
0135  F1        POP PSW     (3)  BC:0052  DE:0000  HL:0011  AF:5206  SP:7FE9  PC:0135   
0136  E1        POP H       (3)  BC:0052  DE:0000  HL:0011  AF:5206  SP:7FEB  PC:0136   
0137  D1        POP D       (3)  BC:0052  DE:0000  HL:0011  AF:5206  SP:7FED  PC:0137   
0138  C1        POP B       (3)  BC:0052  DE:0000  HL:0011  AF:5206  SP:7FEF  PC:0138   
0139  C9        RET         (3)  BC:0000  DE:0000  HL:0011  AF:5206  SP:7FF1  PC:0139   
0124  23        INX H       (2)  BC:0000  DE:0000  HL:0011  AF:5206  SP:7FF3  PC:0124   
0125  C3 1A 01  JMP 011A    (2)  BC:0000  DE:0000  HL:0012  AF:5206  SP:7FF3  PC:0125   
011A  7E        MOV A,M     (2)  BC:0000  DE:0000  HL:0012  AF:5206  SP:7FF3  PC:011A   
011B  FE 24     CPI 24      (2)  BC:0000  DE:0000  HL:0012  AF:5506  SP:7FF3  PC:011B   
011D  CA 28 01  JZ 0128     (2)  BC:0000  DE:0000  HL:0012  AF:5512  SP:7FF3  PC:011D   
0120  7E        MOV A,M     (2)  BC:0000  DE:0000  HL:0012  AF:5512  SP:7FF3  PC:0120   
0121  CD 2D 01  CALL 012D   (2)  BC:0000  DE:0000  HL:0012  AF:5512  SP:7FF3  PC:0121   
012D  C5        PUSH B      (3)  BC:0000  DE:0000  HL:0012  AF:5512  SP:7FF1  PC:012D   
012E  D5        PUSH D      (3)  BC:0000  DE:0000  HL:0012  AF:5512  SP:7FEF  PC:012E   
012F  E5        PUSH H      (3)  BC:0000  DE:0000  HL:0012  AF:5512  SP:7FED  PC:012F   
0130  F5        PUSH PSW    (3)  BC:0000  DE:0000  HL:0012  AF:5512  SP:7FEB  PC:0130   
0131  4F        MOV C,A     (3)  BC:0000  DE:0000  HL:0012  AF:5512  SP:7FE9  PC:0131   
0132  CD 37 C0  CALL C037   (3)  BC:0055  DE:0000  HL:0012  AF:5512  SP:7FE9  PC:0132   
0135  F1        POP PSW     (3)  BC:0055  DE:0000  HL:0012  AF:5512  SP:7FE9  PC:0135   
0136  E1        POP H       (3)  BC:0055  DE:0000  HL:0012  AF:5512  SP:7FEB  PC:0136   
0137  D1        POP D       (3)  BC:0055  DE:0000  HL:0012  AF:5512  SP:7FED  PC:0137   
0138  C1        POP B       (3)  BC:0055  DE:0000  HL:0012  AF:5512  SP:7FEF  PC:0138   
0139  C9        RET         (3)  BC:0000  DE:0000  HL:0012  AF:5512  SP:7FF1  PC:0139   
0124  23        INX H       (2)  BC:0000  DE:0000  HL:0012  AF:5512  SP:7FF3  PC:0124   
0125  C3 1A 01  JMP 011A    (2)  BC:0000  DE:0000  HL:0013  AF:5512  SP:7FF3  PC:0125   
011A  7E        MOV A,M     (2)  BC:0000  DE:0000  HL:0013  AF:5512  SP:7FF3  PC:011A   
011B  FE 24     CPI 24      (2)  BC:0000  DE:0000  HL:0013  AF:4312  SP:7FF3  PC:011B   
011D  CA 28 01  JZ 0128     (2)  BC:0000  DE:0000  HL:0013  AF:4302  SP:7FF3  PC:011D   
0120  7E        MOV A,M     (2)  BC:0000  DE:0000  HL:0013  AF:4302  SP:7FF3  PC:0120   
0121  CD 2D 01  CALL 012D   (2)  BC:0000  DE:0000  HL:0013  AF:4302  SP:7FF3  PC:0121   
012D  C5        PUSH B      (3)  BC:0000  DE:0000  HL:0013  AF:4302  SP:7FF1  PC:012D   
012E  D5        PUSH D      (3)  BC:0000  DE:0000  HL:0013  AF:4302  SP:7FEF  PC:012E   
012F  E5        PUSH H      (3)  BC:0000  DE:0000  HL:0013  AF:4302  SP:7FED  PC:012F   
0130  F5        PUSH PSW    (3)  BC:0000  DE:0000  HL:0013  AF:4302  SP:7FEB  PC:0130   
0131  4F        MOV C,A     (3)  BC:0000  DE:0000  HL:0013  AF:4302  SP:7FE9  PC:0131   
0132  CD 37 C0  CALL C037   (3)  BC:0043  DE:0000  HL:0013  AF:4302  SP:7FE9  PC:0132   
0135  F1        POP PSW     (3)  BC:0043  DE:0000  HL:0013  AF:4302  SP:7FE9  PC:0135   
0136  E1        POP H       (3)  BC:0043  DE:0000  HL:0013  AF:4302  SP:7FEB  PC:0136   
0137  D1        POP D       (3)  BC:0043  DE:0000  HL:0013  AF:4302  SP:7FED  PC:0137   
0138  C1        POP B       (3)  BC:0043  DE:0000  HL:0013  AF:4302  SP:7FEF  PC:0138   
0139  C9        RET         (3)  BC:0000  DE:0000  HL:0013  AF:4302  SP:7FF1  PC:0139   
0124  23        INX H       (2)  BC:0000  DE:0000  HL:0013  AF:4302  SP:7FF3  PC:0124   
0125  C3 1A 01  JMP 011A    (2)  BC:0000  DE:0000  HL:0014  AF:4302  SP:7FF3  PC:0125   
011A  7E        MOV A,M     (2)  BC:0000  DE:0000  HL:0014  AF:4302  SP:7FF3  PC:011A   
011B  FE 24     CPI 24      (2)  BC:0000  DE:0000  HL:0014  AF:5402  SP:7FF3  PC:011B   
011D  CA 28 01  JZ 0128     (2)  BC:0000  DE:0000  HL:0014  AF:5416  SP:7FF3  PC:011D   
0120  7E        MOV A,M     (2)  BC:0000  DE:0000  HL:0014  AF:5416  SP:7FF3  PC:0120   
0121  CD 2D 01  CALL 012D   (2)  BC:0000  DE:0000  HL:0014  AF:5416  SP:7FF3  PC:0121   
012D  C5        PUSH B      (3)  BC:0000  DE:0000  HL:0014  AF:5416  SP:7FF1  PC:012D   
012E  D5        PUSH D      (3)  BC:0000  DE:0000  HL:0014  AF:5416  SP:7FEF  PC:012E   
012F  E5        PUSH H      (3)  BC:0000  DE:0000  HL:0014  AF:5416  SP:7FED  PC:012F   
0130  F5        PUSH PSW    (3)  BC:0000  DE:0000  HL:0014  AF:5416  SP:7FEB  PC:0130   
0131  4F        MOV C,A     (3)  BC:0000  DE:0000  HL:0014  AF:5416  SP:7FE9  PC:0131   
0132  CD 37 C0  CALL C037   (3)  BC:0054  DE:0000  HL:0014  AF:5416  SP:7FE9  PC:0132   
0135  F1        POP PSW     (3)  BC:0054  DE:0000  HL:0014  AF:5416  SP:7FE9  PC:0135   
0136  E1        POP H       (3)  BC:0054  DE:0000  HL:0014  AF:5416  SP:7FEB  PC:0136   
0137  D1        POP D       (3)  BC:0054  DE:0000  HL:0014  AF:5416  SP:7FED  PC:0137   
0138  C1        POP B       (3)  BC:0054  DE:0000  HL:0014  AF:5416  SP:7FEF  PC:0138   
0139  C9        RET         (3)  BC:0000  DE:0000  HL:0014  AF:5416  SP:7FF1  PC:0139   
0124  23        INX H       (2)  BC:0000  DE:0000  HL:0014  AF:5416  SP:7FF3  PC:0124   
0125  C3 1A 01  JMP 011A    (2)  BC:0000  DE:0000  HL:0015  AF:5416  SP:7FF3  PC:0125   
011A  7E        MOV A,M     (2)  BC:0000  DE:0000  HL:0015  AF:5416  SP:7FF3  PC:011A   
011B  FE 24     CPI 24      (2)  BC:0000  DE:0000  HL:0015  AF:4916  SP:7FF3  PC:011B   
011D  CA 28 01  JZ 0128     (2)  BC:0000  DE:0000  HL:0015  AF:4912  SP:7FF3  PC:011D   
0120  7E        MOV A,M     (2)  BC:0000  DE:0000  HL:0015  AF:4912  SP:7FF3  PC:0120   
0121  CD 2D 01  CALL 012D   (2)  BC:0000  DE:0000  HL:0015  AF:4912  SP:7FF3  PC:0121   
012D  C5        PUSH B      (3)  BC:0000  DE:0000  HL:0015  AF:4912  SP:7FF1  PC:012D   
012E  D5        PUSH D      (3)  BC:0000  DE:0000  HL:0015  AF:4912  SP:7FEF  PC:012E   
012F  E5        PUSH H      (3)  BC:0000  DE:0000  HL:0015  AF:4912  SP:7FED  PC:012F   
0130  F5        PUSH PSW    (3)  BC:0000  DE:0000  HL:0015  AF:4912  SP:7FEB  PC:0130   
0131  4F        MOV C,A     (3)  BC:0000  DE:0000  HL:0015  AF:4912  SP:7FE9  PC:0131   
0132  CD 37 C0  CALL C037   (3)  BC:0049  DE:0000  HL:0015  AF:4912  SP:7FE9  PC:0132   
0135  F1        POP PSW     (3)  BC:0049  DE:0000  HL:0015  AF:4912  SP:7FE9  PC:0135   
0136  E1        POP H       (3)  BC:0049  DE:0000  HL:0015  AF:4912  SP:7FEB  PC:0136   
0137  D1        POP D       (3)  BC:0049  DE:0000  HL:0015  AF:4912  SP:7FED  PC:0137   
0138  C1        POP B       (3)  BC:0049  DE:0000  HL:0015  AF:4912  SP:7FEF  PC:0138   
0139  C9        RET         (3)  BC:0000  DE:0000  HL:0015  AF:4912  SP:7FF1  PC:0139   
0124  23        INX H       (2)  BC:0000  DE:0000  HL:0015  AF:4912  SP:7FF3  PC:0124   
0125  C3 1A 01  JMP 011A    (2)  BC:0000  DE:0000  HL:0016  AF:4912  SP:7FF3  PC:0125   
011A  7E        MOV A,M     (2)  BC:0000  DE:0000  HL:0016  AF:4912  SP:7FF3  PC:011A   
011B  FE 24     CPI 24      (2)  BC:0000  DE:0000  HL:0016  AF:4F12  SP:7FF3  PC:011B   
011D  CA 28 01  JZ 0128     (2)  BC:0000  DE:0000  HL:0016  AF:4F16  SP:7FF3  PC:011D   
0120  7E        MOV A,M     (2)  BC:0000  DE:0000  HL:0016  AF:4F16  SP:7FF3  PC:0120   
0121  CD 2D 01  CALL 012D   (2)  BC:0000  DE:0000  HL:0016  AF:4F16  SP:7FF3  PC:0121   
012D  C5        PUSH B      (3)  BC:0000  DE:0000  HL:0016  AF:4F16  SP:7FF1  PC:012D   
012E  D5        PUSH D      (3)  BC:0000  DE:0000  HL:0016  AF:4F16  SP:7FEF  PC:012E   
012F  E5        PUSH H      (3)  BC:0000  DE:0000  HL:0016  AF:4F16  SP:7FED  PC:012F   
0130  F5        PUSH PSW    (3)  BC:0000  DE:0000  HL:0016  AF:4F16  SP:7FEB  PC:0130   
0131  4F        MOV C,A     (3)  BC:0000  DE:0000  HL:0016  AF:4F16  SP:7FE9  PC:0131   
0132  CD 37 C0  CALL C037   (3)  BC:004F  DE:0000  HL:0016  AF:4F16  SP:7FE9  PC:0132   
0135  F1        POP PSW     (3)  BC:004F  DE:0000  HL:0016  AF:4F16  SP:7FE9  PC:0135   
0136  E1        POP H       (3)  BC:004F  DE:0000  HL:0016  AF:4F16  SP:7FEB  PC:0136   
0137  D1        POP D       (3)  BC:004F  DE:0000  HL:0016  AF:4F16  SP:7FED  PC:0137   
0138  C1        POP B       (3)  BC:004F  DE:0000  HL:0016  AF:4F16  SP:7FEF  PC:0138   
0139  C9        RET         (3)  BC:0000  DE:0000  HL:0016  AF:4F16  SP:7FF1  PC:0139   
0124  23        INX H       (2)  BC:0000  DE:0000  HL:0016  AF:4F16  SP:7FF3  PC:0124   
0125  C3 1A 01  JMP 011A    (2)  BC:0000  DE:0000  HL:0017  AF:4F16  SP:7FF3  PC:0125   
011A  7E        MOV A,M     (2)  BC:0000  DE:0000  HL:0017  AF:4F16  SP:7FF3  PC:011A   
011B  FE 24     CPI 24      (2)  BC:0000  DE:0000  HL:0017  AF:4E16  SP:7FF3  PC:011B   
011D  CA 28 01  JZ 0128     (2)  BC:0000  DE:0000  HL:0017  AF:4E12  SP:7FF3  PC:011D   
0120  7E        MOV A,M     (2)  BC:0000  DE:0000  HL:0017  AF:4E12  SP:7FF3  PC:0120   
0121  CD 2D 01  CALL 012D   (2)  BC:0000  DE:0000  HL:0017  AF:4E12  SP:7FF3  PC:0121   
012D  C5        PUSH B      (3)  BC:0000  DE:0000  HL:0017  AF:4E12  SP:7FF1  PC:012D   
012E  D5        PUSH D      (3)  BC:0000  DE:0000  HL:0017  AF:4E12  SP:7FEF  PC:012E   
012F  E5        PUSH H      (3)  BC:0000  DE:0000  HL:0017  AF:4E12  SP:7FED  PC:012F   
0130  F5        PUSH PSW    (3)  BC:0000  DE:0000  HL:0017  AF:4E12  SP:7FEB  PC:0130   
0131  4F        MOV C,A     (3)  BC:0000  DE:0000  HL:0017  AF:4E12  SP:7FE9  PC:0131   
0132  CD 37 C0  CALL C037   (3)  BC:004E  DE:0000  HL:0017  AF:4E12  SP:7FE9  PC:0132   
0135  F1        POP PSW     (3)  BC:004E  DE:0000  HL:0017  AF:4E12  SP:7FE9  PC:0135   
0136  E1        POP H       (3)  BC:004E  DE:0000  HL:0017  AF:4E12  SP:7FEB  PC:0136   
0137  D1        POP D       (3)  BC:004E  DE:0000  HL:0017  AF:4E12  SP:7FED  PC:0137   
0138  C1        POP B       (3)  BC:004E  DE:0000  HL:0017  AF:4E12  SP:7FEF  PC:0138   
0139  C9        RET         (3)  BC:0000  DE:0000  HL:0017  AF:4E12  SP:7FF1  PC:0139   
0124  23        INX H       (2)  BC:0000  DE:0000  HL:0017  AF:4E12  SP:7FF3  PC:0124   
0125  C3 1A 01  JMP 011A    (2)  BC:0000  DE:0000  HL:0018  AF:4E12  SP:7FF3  PC:0125   
011A  7E        MOV A,M     (2)  BC:0000  DE:0000  HL:0018  AF:4E12  SP:7FF3  PC:011A   
011B  FE 24     CPI 24      (2)  BC:0000  DE:0000  HL:0018  AF:2012  SP:7FF3  PC:011B   
011D  CA 28 01  JZ 0128     (2)  BC:0000  DE:0000  HL:0018  AF:2087  SP:7FF3  PC:011D   
0120  7E        MOV A,M     (2)  BC:0000  DE:0000  HL:0018  AF:2087  SP:7FF3  PC:0120   
0121  CD 2D 01  CALL 012D   (2)  BC:0000  DE:0000  HL:0018  AF:2087  SP:7FF3  PC:0121   
012D  C5        PUSH B      (3)  BC:0000  DE:0000  HL:0018  AF:2087  SP:7FF1  PC:012D   
012E  D5        PUSH D      (3)  BC:0000  DE:0000  HL:0018  AF:2087  SP:7FEF  PC:012E   
012F  E5        PUSH H      (3)  BC:0000  DE:0000  HL:0018  AF:2087  SP:7FED  PC:012F   
0130  F5        PUSH PSW    (3)  BC:0000  DE:0000  HL:0018  AF:2087  SP:7FEB  PC:0130   
0131  4F        MOV C,A     (3)  BC:0000  DE:0000  HL:0018  AF:2087  SP:7FE9  PC:0131   
0132  CD 37 C0  CALL C037   (3)  BC:0020  DE:0000  HL:0018  AF:2087  SP:7FE9  PC:0132   
0135  F1        POP PSW     (3)  BC:0020  DE:0000  HL:0018  AF:2087  SP:7FE9  PC:0135   
0136  E1        POP H       (3)  BC:0020  DE:0000  HL:0018  AF:2087  SP:7FEB  PC:0136   
0137  D1        POP D       (3)  BC:0020  DE:0000  HL:0018  AF:2087  SP:7FED  PC:0137   
0138  C1        POP B       (3)  BC:0020  DE:0000  HL:0018  AF:2087  SP:7FEF  PC:0138   
0139  C9        RET         (3)  BC:0000  DE:0000  HL:0018  AF:2087  SP:7FF1  PC:0139   
0124  23        INX H       (2)  BC:0000  DE:0000  HL:0018  AF:2087  SP:7FF3  PC:0124   
0125  C3 1A 01  JMP 011A    (2)  BC:0000  DE:0000  HL:0019  AF:2087  SP:7FF3  PC:0125   
011A  7E        MOV A,M     (2)  BC:0000  DE:0000  HL:0019  AF:2087  SP:7FF3  PC:011A   
011B  FE 24     CPI 24      (2)  BC:0000  DE:0000  HL:0019  AF:5487  SP:7FF3  PC:011B   
011D  CA 28 01  JZ 0128     (2)  BC:0000  DE:0000  HL:0019  AF:5416  SP:7FF3  PC:011D   
0120  7E        MOV A,M     (2)  BC:0000  DE:0000  HL:0019  AF:5416  SP:7FF3  PC:0120   
0121  CD 2D 01  CALL 012D   (2)  BC:0000  DE:0000  HL:0019  AF:5416  SP:7FF3  PC:0121   
012D  C5        PUSH B      (3)  BC:0000  DE:0000  HL:0019  AF:5416  SP:7FF1  PC:012D   
012E  D5        PUSH D      (3)  BC:0000  DE:0000  HL:0019  AF:5416  SP:7FEF  PC:012E   
012F  E5        PUSH H      (3)  BC:0000  DE:0000  HL:0019  AF:5416  SP:7FED  PC:012F   
0130  F5        PUSH PSW    (3)  BC:0000  DE:0000  HL:0019  AF:5416  SP:7FEB  PC:0130   
0131  4F        MOV C,A     (3)  BC:0000  DE:0000  HL:0019  AF:5416  SP:7FE9  PC:0131   
0132  CD 37 C0  CALL C037   (3)  BC:0054  DE:0000  HL:0019  AF:5416  SP:7FE9  PC:0132   
0135  F1        POP PSW     (3)  BC:0054  DE:0000  HL:0019  AF:5416  SP:7FE9  PC:0135   
0136  E1        POP H       (3)  BC:0054  DE:0000  HL:0019  AF:5416  SP:7FEB  PC:0136   
0137  D1        POP D       (3)  BC:0054  DE:0000  HL:0019  AF:5416  SP:7FED  PC:0137   
0138  C1        POP B       (3)  BC:0054  DE:0000  HL:0019  AF:5416  SP:7FEF  PC:0138   
0139  C9        RET         (3)  BC:0000  DE:0000  HL:0019  AF:5416  SP:7FF1  PC:0139   
0124  23        INX H       (2)  BC:0000  DE:0000  HL:0019  AF:5416  SP:7FF3  PC:0124   
0125  C3 1A 01  JMP 011A    (2)  BC:0000  DE:0000  HL:001A  AF:5416  SP:7FF3  PC:0125   
011A  7E        MOV A,M     (2)  BC:0000  DE:0000  HL:001A  AF:5416  SP:7FF3  PC:011A   
011B  FE 24     CPI 24      (2)  BC:0000  DE:0000  HL:001A  AF:4516  SP:7FF3  PC:011B   
011D  CA 28 01  JZ 0128     (2)  BC:0000  DE:0000  HL:001A  AF:4516  SP:7FF3  PC:011D   
0120  7E        MOV A,M     (2)  BC:0000  DE:0000  HL:001A  AF:4516  SP:7FF3  PC:0120   
0121  CD 2D 01  CALL 012D   (2)  BC:0000  DE:0000  HL:001A  AF:4516  SP:7FF3  PC:0121   
012D  C5        PUSH B      (3)  BC:0000  DE:0000  HL:001A  AF:4516  SP:7FF1  PC:012D   
012E  D5        PUSH D      (3)  BC:0000  DE:0000  HL:001A  AF:4516  SP:7FEF  PC:012E   
012F  E5        PUSH H      (3)  BC:0000  DE:0000  HL:001A  AF:4516  SP:7FED  PC:012F   
0130  F5        PUSH PSW    (3)  BC:0000  DE:0000  HL:001A  AF:4516  SP:7FEB  PC:0130   
0131  4F        MOV C,A     (3)  BC:0000  DE:0000  HL:001A  AF:4516  SP:7FE9  PC:0131   
0132  CD 37 C0  CALL C037   (3)  BC:0045  DE:0000  HL:001A  AF:4516  SP:7FE9  PC:0132   
0135  F1        POP PSW     (3)  BC:0045  DE:0000  HL:001A  AF:4516  SP:7FE9  PC:0135   
0136  E1        POP H       (3)  BC:0045  DE:0000  HL:001A  AF:4516  SP:7FEB  PC:0136   
0137  D1        POP D       (3)  BC:0045  DE:0000  HL:001A  AF:4516  SP:7FED  PC:0137   
0138  C1        POP B       (3)  BC:0045  DE:0000  HL:001A  AF:4516  SP:7FEF  PC:0138   
0139  C9        RET         (3)  BC:0000  DE:0000  HL:001A  AF:4516  SP:7FF1  PC:0139   
0124  23        INX H       (2)  BC:0000  DE:0000  HL:001A  AF:4516  SP:7FF3  PC:0124   
0125  C3 1A 01  JMP 011A    (2)  BC:0000  DE:0000  HL:001B  AF:4516  SP:7FF3  PC:0125   
011A  7E        MOV A,M     (2)  BC:0000  DE:0000  HL:001B  AF:4516  SP:7FF3  PC:011A   
011B  FE 24     CPI 24      (2)  BC:0000  DE:0000  HL:001B  AF:5316  SP:7FF3  PC:011B   
011D  CA 28 01  JZ 0128     (2)  BC:0000  DE:0000  HL:001B  AF:5302  SP:7FF3  PC:011D   
0120  7E        MOV A,M     (2)  BC:0000  DE:0000  HL:001B  AF:5302  SP:7FF3  PC:0120   
0121  CD 2D 01  CALL 012D   (2)  BC:0000  DE:0000  HL:001B  AF:5302  SP:7FF3  PC:0121   
012D  C5        PUSH B      (3)  BC:0000  DE:0000  HL:001B  AF:5302  SP:7FF1  PC:012D   
012E  D5        PUSH D      (3)  BC:0000  DE:0000  HL:001B  AF:5302  SP:7FEF  PC:012E   
012F  E5        PUSH H      (3)  BC:0000  DE:0000  HL:001B  AF:5302  SP:7FED  PC:012F   
0130  F5        PUSH PSW    (3)  BC:0000  DE:0000  HL:001B  AF:5302  SP:7FEB  PC:0130   
0131  4F        MOV C,A     (3)  BC:0000  DE:0000  HL:001B  AF:5302  SP:7FE9  PC:0131   
0132  CD 37 C0  CALL C037   (3)  BC:0053  DE:0000  HL:001B  AF:5302  SP:7FE9  PC:0132   
0135  F1        POP PSW     (3)  BC:0053  DE:0000  HL:001B  AF:5302  SP:7FE9  PC:0135   
0136  E1        POP H       (3)  BC:0053  DE:0000  HL:001B  AF:5302  SP:7FEB  PC:0136   
0137  D1        POP D       (3)  BC:0053  DE:0000  HL:001B  AF:5302  SP:7FED  PC:0137   
0138  C1        POP B       (3)  BC:0053  DE:0000  HL:001B  AF:5302  SP:7FEF  PC:0138   
0139  C9        RET         (3)  BC:0000  DE:0000  HL:001B  AF:5302  SP:7FF1  PC:0139   
0124  23        INX H       (2)  BC:0000  DE:0000  HL:001B  AF:5302  SP:7FF3  PC:0124   
0125  C3 1A 01  JMP 011A    (2)  BC:0000  DE:0000  HL:001C  AF:5302  SP:7FF3  PC:0125   
011A  7E        MOV A,M     (2)  BC:0000  DE:0000  HL:001C  AF:5302  SP:7FF3  PC:011A   
011B  FE 24     CPI 24      (2)  BC:0000  DE:0000  HL:001C  AF:5402  SP:7FF3  PC:011B   
011D  CA 28 01  JZ 0128     (2)  BC:0000  DE:0000  HL:001C  AF:5416  SP:7FF3  PC:011D   
0120  7E        MOV A,M     (2)  BC:0000  DE:0000  HL:001C  AF:5416  SP:7FF3  PC:0120   
0121  CD 2D 01  CALL 012D   (2)  BC:0000  DE:0000  HL:001C  AF:5416  SP:7FF3  PC:0121   
012D  C5        PUSH B      (3)  BC:0000  DE:0000  HL:001C  AF:5416  SP:7FF1  PC:012D   
012E  D5        PUSH D      (3)  BC:0000  DE:0000  HL:001C  AF:5416  SP:7FEF  PC:012E   
012F  E5        PUSH H      (3)  BC:0000  DE:0000  HL:001C  AF:5416  SP:7FED  PC:012F   
0130  F5        PUSH PSW    (3)  BC:0000  DE:0000  HL:001C  AF:5416  SP:7FEB  PC:0130   
0131  4F        MOV C,A     (3)  BC:0000  DE:0000  HL:001C  AF:5416  SP:7FE9  PC:0131   
0132  CD 37 C0  CALL C037   (3)  BC:0054  DE:0000  HL:001C  AF:5416  SP:7FE9  PC:0132   
0135  F1        POP PSW     (3)  BC:0054  DE:0000  HL:001C  AF:5416  SP:7FE9  PC:0135   
0136  E1        POP H       (3)  BC:0054  DE:0000  HL:001C  AF:5416  SP:7FEB  PC:0136   
0137  D1        POP D       (3)  BC:0054  DE:0000  HL:001C  AF:5416  SP:7FED  PC:0137   
0138  C1        POP B       (3)  BC:0054  DE:0000  HL:001C  AF:5416  SP:7FEF  PC:0138   
0139  C9        RET         (3)  BC:0000  DE:0000  HL:001C  AF:5416  SP:7FF1  PC:0139   
0124  23        INX H       (2)  BC:0000  DE:0000  HL:001C  AF:5416  SP:7FF3  PC:0124   
0125  C3 1A 01  JMP 011A    (2)  BC:0000  DE:0000  HL:001D  AF:5416  SP:7FF3  PC:0125   
011A  7E        MOV A,M     (2)  BC:0000  DE:0000  HL:001D  AF:5416  SP:7FF3  PC:011A   
011B  FE 24     CPI 24      (2)  BC:0000  DE:0000  HL:001D  AF:2016  SP:7FF3  PC:011B   
011D  CA 28 01  JZ 0128     (2)  BC:0000  DE:0000  HL:001D  AF:2087  SP:7FF3  PC:011D   
0120  7E        MOV A,M     (2)  BC:0000  DE:0000  HL:001D  AF:2087  SP:7FF3  PC:0120   
0121  CD 2D 01  CALL 012D   (2)  BC:0000  DE:0000  HL:001D  AF:2087  SP:7FF3  PC:0121   
012D  C5        PUSH B      (3)  BC:0000  DE:0000  HL:001D  AF:2087  SP:7FF1  PC:012D   
012E  D5        PUSH D      (3)  BC:0000  DE:0000  HL:001D  AF:2087  SP:7FEF  PC:012E   
012F  E5        PUSH H      (3)  BC:0000  DE:0000  HL:001D  AF:2087  SP:7FED  PC:012F   
0130  F5        PUSH PSW    (3)  BC:0000  DE:0000  HL:001D  AF:2087  SP:7FEB  PC:0130   
0131  4F        MOV C,A     (3)  BC:0000  DE:0000  HL:001D  AF:2087  SP:7FE9  PC:0131   
0132  CD 37 C0  CALL C037   (3)  BC:0020  DE:0000  HL:001D  AF:2087  SP:7FE9  PC:0132   
0135  F1        POP PSW     (3)  BC:0020  DE:0000  HL:001D  AF:2087  SP:7FE9  PC:0135   
0136  E1        POP H       (3)  BC:0020  DE:0000  HL:001D  AF:2087  SP:7FEB  PC:0136   
0137  D1        POP D       (3)  BC:0020  DE:0000  HL:001D  AF:2087  SP:7FED  PC:0137   
0138  C1        POP B       (3)  BC:0020  DE:0000  HL:001D  AF:2087  SP:7FEF  PC:0138   
0139  C9        RET         (3)  BC:0000  DE:0000  HL:001D  AF:2087  SP:7FF1  PC:0139   
0124  23        INX H       (2)  BC:0000  DE:0000  HL:001D  AF:2087  SP:7FF3  PC:0124   
0125  C3 1A 01  JMP 011A    (2)  BC:0000  DE:0000  HL:001E  AF:2087  SP:7FF3  PC:0125   
011A  7E        MOV A,M     (2)  BC:0000  DE:0000  HL:001E  AF:2087  SP:7FF3  PC:011A   
011B  FE 24     CPI 24      (2)  BC:0000  DE:0000  HL:001E  AF:2887  SP:7FF3  PC:011B   
011D  CA 28 01  JZ 0128     (2)  BC:0000  DE:0000  HL:001E  AF:2812  SP:7FF3  PC:011D   
0120  7E        MOV A,M     (2)  BC:0000  DE:0000  HL:001E  AF:2812  SP:7FF3  PC:0120   
0121  CD 2D 01  CALL 012D   (2)  BC:0000  DE:0000  HL:001E  AF:2812  SP:7FF3  PC:0121   
012D  C5        PUSH B      (3)  BC:0000  DE:0000  HL:001E  AF:2812  SP:7FF1  PC:012D   
012E  D5        PUSH D      (3)  BC:0000  DE:0000  HL:001E  AF:2812  SP:7FEF  PC:012E   
012F  E5        PUSH H      (3)  BC:0000  DE:0000  HL:001E  AF:2812  SP:7FED  PC:012F   
0130  F5        PUSH PSW    (3)  BC:0000  DE:0000  HL:001E  AF:2812  SP:7FEB  PC:0130   
0131  4F        MOV C,A     (3)  BC:0000  DE:0000  HL:001E  AF:2812  SP:7FE9  PC:0131   
0132  CD 37 C0  CALL C037   (3)  BC:0028  DE:0000  HL:001E  AF:2812  SP:7FE9  PC:0132   
0135  F1        POP PSW     (3)  BC:0028  DE:0000  HL:001E  AF:2812  SP:7FE9  PC:0135   
0136  E1        POP H       (3)  BC:0028  DE:0000  HL:001E  AF:2812  SP:7FEB  PC:0136   
0137  D1        POP D       (3)  BC:0028  DE:0000  HL:001E  AF:2812  SP:7FED  PC:0137   
0138  C1        POP B       (3)  BC:0028  DE:0000  HL:001E  AF:2812  SP:7FEF  PC:0138   
0139  C9        RET         (3)  BC:0000  DE:0000  HL:001E  AF:2812  SP:7FF1  PC:0139   
0124  23        INX H       (2)  BC:0000  DE:0000  HL:001E  AF:2812  SP:7FF3  PC:0124   
0125  C3 1A 01  JMP 011A    (2)  BC:0000  DE:0000  HL:001F  AF:2812  SP:7FF3  PC:0125   
011A  7E        MOV A,M     (2)  BC:0000  DE:0000  HL:001F  AF:2812  SP:7FF3  PC:011A   
011B  FE 24     CPI 24      (2)  BC:0000  DE:0000  HL:001F  AF:4B12  SP:7FF3  PC:011B   
011D  CA 28 01  JZ 0128     (2)  BC:0000  DE:0000  HL:001F  AF:4B16  SP:7FF3  PC:011D   
0120  7E        MOV A,M     (2)  BC:0000  DE:0000  HL:001F  AF:4B16  SP:7FF3  PC:0120   
0121  CD 2D 01  CALL 012D   (2)  BC:0000  DE:0000  HL:001F  AF:4B16  SP:7FF3  PC:0121   
012D  C5        PUSH B      (3)  BC:0000  DE:0000  HL:001F  AF:4B16  SP:7FF1  PC:012D   
012E  D5        PUSH D      (3)  BC:0000  DE:0000  HL:001F  AF:4B16  SP:7FEF  PC:012E   
012F  E5        PUSH H      (3)  BC:0000  DE:0000  HL:001F  AF:4B16  SP:7FED  PC:012F   
0130  F5        PUSH PSW    (3)  BC:0000  DE:0000  HL:001F  AF:4B16  SP:7FEB  PC:0130   
0131  4F        MOV C,A     (3)  BC:0000  DE:0000  HL:001F  AF:4B16  SP:7FE9  PC:0131   
0132  CD 37 C0  CALL C037   (3)  BC:004B  DE:0000  HL:001F  AF:4B16  SP:7FE9  PC:0132   
0135  F1        POP PSW     (3)  BC:004B  DE:0000  HL:001F  AF:4B16  SP:7FE9  PC:0135   
0136  E1        POP H       (3)  BC:004B  DE:0000  HL:001F  AF:4B16  SP:7FEB  PC:0136   
0137  D1        POP D       (3)  BC:004B  DE:0000  HL:001F  AF:4B16  SP:7FED  PC:0137   
0138  C1        POP B       (3)  BC:004B  DE:0000  HL:001F  AF:4B16  SP:7FEF  PC:0138   
0139  C9        RET         (3)  BC:0000  DE:0000  HL:001F  AF:4B16  SP:7FF1  PC:0139   
0124  23        INX H       (2)  BC:0000  DE:0000  HL:001F  AF:4B16  SP:7FF3  PC:0124   
0125  C3 1A 01  JMP 011A    (2)  BC:0000  DE:0000  HL:0020  AF:4B16  SP:7FF3  PC:0125   
011A  7E        MOV A,M     (2)  BC:0000  DE:0000  HL:0020  AF:4B16  SP:7FF3  PC:011A   
011B  FE 24     CPI 24      (2)  BC:0000  DE:0000  HL:0020  AF:5216  SP:7FF3  PC:011B   
011D  CA 28 01  JZ 0128     (2)  BC:0000  DE:0000  HL:0020  AF:5206  SP:7FF3  PC:011D   
0120  7E        MOV A,M     (2)  BC:0000  DE:0000  HL:0020  AF:5206  SP:7FF3  PC:0120   
0121  CD 2D 01  CALL 012D   (2)  BC:0000  DE:0000  HL:0020  AF:5206  SP:7FF3  PC:0121   
012D  C5        PUSH B      (3)  BC:0000  DE:0000  HL:0020  AF:5206  SP:7FF1  PC:012D   
012E  D5        PUSH D      (3)  BC:0000  DE:0000  HL:0020  AF:5206  SP:7FEF  PC:012E   
012F  E5        PUSH H      (3)  BC:0000  DE:0000  HL:0020  AF:5206  SP:7FED  PC:012F   
0130  F5        PUSH PSW    (3)  BC:0000  DE:0000  HL:0020  AF:5206  SP:7FEB  PC:0130   
0131  4F        MOV C,A     (3)  BC:0000  DE:0000  HL:0020  AF:5206  SP:7FE9  PC:0131   
0132  CD 37 C0  CALL C037   (3)  BC:0052  DE:0000  HL:0020  AF:5206  SP:7FE9  PC:0132   
0135  F1        POP PSW     (3)  BC:0052  DE:0000  HL:0020  AF:5206  SP:7FE9  PC:0135   
0136  E1        POP H       (3)  BC:0052  DE:0000  HL:0020  AF:5206  SP:7FEB  PC:0136   
0137  D1        POP D       (3)  BC:0052  DE:0000  HL:0020  AF:5206  SP:7FED  PC:0137   
0138  C1        POP B       (3)  BC:0052  DE:0000  HL:0020  AF:5206  SP:7FEF  PC:0138   
0139  C9        RET         (3)  BC:0000  DE:0000  HL:0020  AF:5206  SP:7FF1  PC:0139   
0124  23        INX H       (2)  BC:0000  DE:0000  HL:0020  AF:5206  SP:7FF3  PC:0124   
0125  C3 1A 01  JMP 011A    (2)  BC:0000  DE:0000  HL:0021  AF:5206  SP:7FF3  PC:0125   
011A  7E        MOV A,M     (2)  BC:0000  DE:0000  HL:0021  AF:5206  SP:7FF3  PC:011A   
011B  FE 24     CPI 24      (2)  BC:0000  DE:0000  HL:0021  AF:3506  SP:7FF3  PC:011B   
011D  CA 28 01  JZ 0128     (2)  BC:0000  DE:0000  HL:0021  AF:3516  SP:7FF3  PC:011D   
0120  7E        MOV A,M     (2)  BC:0000  DE:0000  HL:0021  AF:3516  SP:7FF3  PC:0120   
0121  CD 2D 01  CALL 012D   (2)  BC:0000  DE:0000  HL:0021  AF:3516  SP:7FF3  PC:0121   
012D  C5        PUSH B      (3)  BC:0000  DE:0000  HL:0021  AF:3516  SP:7FF1  PC:012D   
012E  D5        PUSH D      (3)  BC:0000  DE:0000  HL:0021  AF:3516  SP:7FEF  PC:012E   
012F  E5        PUSH H      (3)  BC:0000  DE:0000  HL:0021  AF:3516  SP:7FED  PC:012F   
0130  F5        PUSH PSW    (3)  BC:0000  DE:0000  HL:0021  AF:3516  SP:7FEB  PC:0130   
0131  4F        MOV C,A     (3)  BC:0000  DE:0000  HL:0021  AF:3516  SP:7FE9  PC:0131   
0132  CD 37 C0  CALL C037   (3)  BC:0035  DE:0000  HL:0021  AF:3516  SP:7FE9  PC:0132   
0135  F1        POP PSW     (3)  BC:0035  DE:0000  HL:0021  AF:3516  SP:7FE9  PC:0135   
0136  E1        POP H       (3)  BC:0035  DE:0000  HL:0021  AF:3516  SP:7FEB  PC:0136   
0137  D1        POP D       (3)  BC:0035  DE:0000  HL:0021  AF:3516  SP:7FED  PC:0137   
0138  C1        POP B       (3)  BC:0035  DE:0000  HL:0021  AF:3516  SP:7FEF  PC:0138   
0139  C9        RET         (3)  BC:0000  DE:0000  HL:0021  AF:3516  SP:7FF1  PC:0139   
0124  23        INX H       (2)  BC:0000  DE:0000  HL:0021  AF:3516  SP:7FF3  PC:0124   
0125  C3 1A 01  JMP 011A    (2)  BC:0000  DE:0000  HL:0022  AF:3516  SP:7FF3  PC:0125   
011A  7E        MOV A,M     (2)  BC:0000  DE:0000  HL:0022  AF:3516  SP:7FF3  PC:011A   
011B  FE 24     CPI 24      (2)  BC:0000  DE:0000  HL:0022  AF:3816  SP:7FF3  PC:011B   
011D  CA 28 01  JZ 0128     (2)  BC:0000  DE:0000  HL:0022  AF:3816  SP:7FF3  PC:011D   
0120  7E        MOV A,M     (2)  BC:0000  DE:0000  HL:0022  AF:3816  SP:7FF3  PC:0120   
0121  CD 2D 01  CALL 012D   (2)  BC:0000  DE:0000  HL:0022  AF:3816  SP:7FF3  PC:0121   
012D  C5        PUSH B      (3)  BC:0000  DE:0000  HL:0022  AF:3816  SP:7FF1  PC:012D   
012E  D5        PUSH D      (3)  BC:0000  DE:0000  HL:0022  AF:3816  SP:7FEF  PC:012E   
012F  E5        PUSH H      (3)  BC:0000  DE:0000  HL:0022  AF:3816  SP:7FED  PC:012F   
0130  F5        PUSH PSW    (3)  BC:0000  DE:0000  HL:0022  AF:3816  SP:7FEB  PC:0130   
0131  4F        MOV C,A     (3)  BC:0000  DE:0000  HL:0022  AF:3816  SP:7FE9  PC:0131   
0132  CD 37 C0  CALL C037   (3)  BC:0038  DE:0000  HL:0022  AF:3816  SP:7FE9  PC:0132   
0135  F1        POP PSW     (3)  BC:0038  DE:0000  HL:0022  AF:3816  SP:7FE9  PC:0135   
0136  E1        POP H       (3)  BC:0038  DE:0000  HL:0022  AF:3816  SP:7FEB  PC:0136   
0137  D1        POP D       (3)  BC:0038  DE:0000  HL:0022  AF:3816  SP:7FED  PC:0137   
0138  C1        POP B       (3)  BC:0038  DE:0000  HL:0022  AF:3816  SP:7FEF  PC:0138   
0139  C9        RET         (3)  BC:0000  DE:0000  HL:0022  AF:3816  SP:7FF1  PC:0139   
0124  23        INX H       (2)  BC:0000  DE:0000  HL:0022  AF:3816  SP:7FF3  PC:0124   
0125  C3 1A 01  JMP 011A    (2)  BC:0000  DE:0000  HL:0023  AF:3816  SP:7FF3  PC:0125   
011A  7E        MOV A,M     (2)  BC:0000  DE:0000  HL:0023  AF:3816  SP:7FF3  PC:011A   
011B  FE 24     CPI 24      (2)  BC:0000  DE:0000  HL:0023  AF:3016  SP:7FF3  PC:011B   
011D  CA 28 01  JZ 0128     (2)  BC:0000  DE:0000  HL:0023  AF:3006  SP:7FF3  PC:011D   
0120  7E        MOV A,M     (2)  BC:0000  DE:0000  HL:0023  AF:3006  SP:7FF3  PC:0120   
0121  CD 2D 01  CALL 012D   (2)  BC:0000  DE:0000  HL:0023  AF:3006  SP:7FF3  PC:0121   
012D  C5        PUSH B      (3)  BC:0000  DE:0000  HL:0023  AF:3006  SP:7FF1  PC:012D   
012E  D5        PUSH D      (3)  BC:0000  DE:0000  HL:0023  AF:3006  SP:7FEF  PC:012E   
012F  E5        PUSH H      (3)  BC:0000  DE:0000  HL:0023  AF:3006  SP:7FED  PC:012F   
0130  F5        PUSH PSW    (3)  BC:0000  DE:0000  HL:0023  AF:3006  SP:7FEB  PC:0130   
0131  4F        MOV C,A     (3)  BC:0000  DE:0000  HL:0023  AF:3006  SP:7FE9  PC:0131   
0132  CD 37 C0  CALL C037   (3)  BC:0030  DE:0000  HL:0023  AF:3006  SP:7FE9  PC:0132   
0135  F1        POP PSW     (3)  BC:0030  DE:0000  HL:0023  AF:3006  SP:7FE9  PC:0135   
0136  E1        POP H       (3)  BC:0030  DE:0000  HL:0023  AF:3006  SP:7FEB  PC:0136   
0137  D1        POP D       (3)  BC:0030  DE:0000  HL:0023  AF:3006  SP:7FED  PC:0137   
0138  C1        POP B       (3)  BC:0030  DE:0000  HL:0023  AF:3006  SP:7FEF  PC:0138   
0139  C9        RET         (3)  BC:0000  DE:0000  HL:0023  AF:3006  SP:7FF1  PC:0139   
0124  23        INX H       (2)  BC:0000  DE:0000  HL:0023  AF:3006  SP:7FF3  PC:0124   
0125  C3 1A 01  JMP 011A    (2)  BC:0000  DE:0000  HL:0024  AF:3006  SP:7FF3  PC:0125   
011A  7E        MOV A,M     (2)  BC:0000  DE:0000  HL:0024  AF:3006  SP:7FF3  PC:011A   
011B  FE 24     CPI 24      (2)  BC:0000  DE:0000  HL:0024  AF:5606  SP:7FF3  PC:011B   
011D  CA 28 01  JZ 0128     (2)  BC:0000  DE:0000  HL:0024  AF:5612  SP:7FF3  PC:011D   
0120  7E        MOV A,M     (2)  BC:0000  DE:0000  HL:0024  AF:5612  SP:7FF3  PC:0120   
0121  CD 2D 01  CALL 012D   (2)  BC:0000  DE:0000  HL:0024  AF:5612  SP:7FF3  PC:0121   
012D  C5        PUSH B      (3)  BC:0000  DE:0000  HL:0024  AF:5612  SP:7FF1  PC:012D   
012E  D5        PUSH D      (3)  BC:0000  DE:0000  HL:0024  AF:5612  SP:7FEF  PC:012E   
012F  E5        PUSH H      (3)  BC:0000  DE:0000  HL:0024  AF:5612  SP:7FED  PC:012F   
0130  F5        PUSH PSW    (3)  BC:0000  DE:0000  HL:0024  AF:5612  SP:7FEB  PC:0130   
0131  4F        MOV C,A     (3)  BC:0000  DE:0000  HL:0024  AF:5612  SP:7FE9  PC:0131   
0132  CD 37 C0  CALL C037   (3)  BC:0056  DE:0000  HL:0024  AF:5612  SP:7FE9  PC:0132   
0135  F1        POP PSW     (3)  BC:0056  DE:0000  HL:0024  AF:5612  SP:7FE9  PC:0135   
0136  E1        POP H       (3)  BC:0056  DE:0000  HL:0024  AF:5612  SP:7FEB  PC:0136   
0137  D1        POP D       (3)  BC:0056  DE:0000  HL:0024  AF:5612  SP:7FED  PC:0137   
0138  C1        POP B       (3)  BC:0056  DE:0000  HL:0024  AF:5612  SP:7FEF  PC:0138   
0139  C9        RET         (3)  BC:0000  DE:0000  HL:0024  AF:5612  SP:7FF1  PC:0139   
0124  23        INX H       (2)  BC:0000  DE:0000  HL:0024  AF:5612  SP:7FF3  PC:0124   
0125  C3 1A 01  JMP 011A    (2)  BC:0000  DE:0000  HL:0025  AF:5612  SP:7FF3  PC:0125   
011A  7E        MOV A,M     (2)  BC:0000  DE:0000  HL:0025  AF:5612  SP:7FF3  PC:011A   
011B  FE 24     CPI 24      (2)  BC:0000  DE:0000  HL:0025  AF:4D12  SP:7FF3  PC:011B   
011D  CA 28 01  JZ 0128     (2)  BC:0000  DE:0000  HL:0025  AF:4D12  SP:7FF3  PC:011D   
0120  7E        MOV A,M     (2)  BC:0000  DE:0000  HL:0025  AF:4D12  SP:7FF3  PC:0120   
0121  CD 2D 01  CALL 012D   (2)  BC:0000  DE:0000  HL:0025  AF:4D12  SP:7FF3  PC:0121   
012D  C5        PUSH B      (3)  BC:0000  DE:0000  HL:0025  AF:4D12  SP:7FF1  PC:012D   
012E  D5        PUSH D      (3)  BC:0000  DE:0000  HL:0025  AF:4D12  SP:7FEF  PC:012E   
012F  E5        PUSH H      (3)  BC:0000  DE:0000  HL:0025  AF:4D12  SP:7FED  PC:012F   
0130  F5        PUSH PSW    (3)  BC:0000  DE:0000  HL:0025  AF:4D12  SP:7FEB  PC:0130   
0131  4F        MOV C,A     (3)  BC:0000  DE:0000  HL:0025  AF:4D12  SP:7FE9  PC:0131   
0132  CD 37 C0  CALL C037   (3)  BC:004D  DE:0000  HL:0025  AF:4D12  SP:7FE9  PC:0132   
0135  F1        POP PSW     (3)  BC:004D  DE:0000  HL:0025  AF:4D12  SP:7FE9  PC:0135   
0136  E1        POP H       (3)  BC:004D  DE:0000  HL:0025  AF:4D12  SP:7FEB  PC:0136   
0137  D1        POP D       (3)  BC:004D  DE:0000  HL:0025  AF:4D12  SP:7FED  PC:0137   
0138  C1        POP B       (3)  BC:004D  DE:0000  HL:0025  AF:4D12  SP:7FEF  PC:0138   
0139  C9        RET         (3)  BC:0000  DE:0000  HL:0025  AF:4D12  SP:7FF1  PC:0139   
0124  23        INX H       (2)  BC:0000  DE:0000  HL:0025  AF:4D12  SP:7FF3  PC:0124   
0125  C3 1A 01  JMP 011A    (2)  BC:0000  DE:0000  HL:0026  AF:4D12  SP:7FF3  PC:0125   
011A  7E        MOV A,M     (2)  BC:0000  DE:0000  HL:0026  AF:4D12  SP:7FF3  PC:011A   
011B  FE 24     CPI 24      (2)  BC:0000  DE:0000  HL:0026  AF:3812  SP:7FF3  PC:011B   
011D  CA 28 01  JZ 0128     (2)  BC:0000  DE:0000  HL:0026  AF:3816  SP:7FF3  PC:011D   
0120  7E        MOV A,M     (2)  BC:0000  DE:0000  HL:0026  AF:3816  SP:7FF3  PC:0120   
0121  CD 2D 01  CALL 012D   (2)  BC:0000  DE:0000  HL:0026  AF:3816  SP:7FF3  PC:0121   
012D  C5        PUSH B      (3)  BC:0000  DE:0000  HL:0026  AF:3816  SP:7FF1  PC:012D   
012E  D5        PUSH D      (3)  BC:0000  DE:0000  HL:0026  AF:3816  SP:7FEF  PC:012E   
012F  E5        PUSH H      (3)  BC:0000  DE:0000  HL:0026  AF:3816  SP:7FED  PC:012F   
0130  F5        PUSH PSW    (3)  BC:0000  DE:0000  HL:0026  AF:3816  SP:7FEB  PC:0130   
0131  4F        MOV C,A     (3)  BC:0000  DE:0000  HL:0026  AF:3816  SP:7FE9  PC:0131   
0132  CD 37 C0  CALL C037   (3)  BC:0038  DE:0000  HL:0026  AF:3816  SP:7FE9  PC:0132   
0135  F1        POP PSW     (3)  BC:0038  DE:0000  HL:0026  AF:3816  SP:7FE9  PC:0135   
0136  E1        POP H       (3)  BC:0038  DE:0000  HL:0026  AF:3816  SP:7FEB  PC:0136   
0137  D1        POP D       (3)  BC:0038  DE:0000  HL:0026  AF:3816  SP:7FED  PC:0137   
0138  C1        POP B       (3)  BC:0038  DE:0000  HL:0026  AF:3816  SP:7FEF  PC:0138   
0139  C9        RET         (3)  BC:0000  DE:0000  HL:0026  AF:3816  SP:7FF1  PC:0139   
0124  23        INX H       (2)  BC:0000  DE:0000  HL:0026  AF:3816  SP:7FF3  PC:0124   
0125  C3 1A 01  JMP 011A    (2)  BC:0000  DE:0000  HL:0027  AF:3816  SP:7FF3  PC:0125   
011A  7E        MOV A,M     (2)  BC:0000  DE:0000  HL:0027  AF:3816  SP:7FF3  PC:011A   
011B  FE 24     CPI 24      (2)  BC:0000  DE:0000  HL:0027  AF:3016  SP:7FF3  PC:011B   
011D  CA 28 01  JZ 0128     (2)  BC:0000  DE:0000  HL:0027  AF:3006  SP:7FF3  PC:011D   
0120  7E        MOV A,M     (2)  BC:0000  DE:0000  HL:0027  AF:3006  SP:7FF3  PC:0120   
0121  CD 2D 01  CALL 012D   (2)  BC:0000  DE:0000  HL:0027  AF:3006  SP:7FF3  PC:0121   
012D  C5        PUSH B      (3)  BC:0000  DE:0000  HL:0027  AF:3006  SP:7FF1  PC:012D   
012E  D5        PUSH D      (3)  BC:0000  DE:0000  HL:0027  AF:3006  SP:7FEF  PC:012E   
012F  E5        PUSH H      (3)  BC:0000  DE:0000  HL:0027  AF:3006  SP:7FED  PC:012F   
0130  F5        PUSH PSW    (3)  BC:0000  DE:0000  HL:0027  AF:3006  SP:7FEB  PC:0130   
0131  4F        MOV C,A     (3)  BC:0000  DE:0000  HL:0027  AF:3006  SP:7FE9  PC:0131   
0132  CD 37 C0  CALL C037   (3)  BC:0030  DE:0000  HL:0027  AF:3006  SP:7FE9  PC:0132   
0135  F1        POP PSW     (3)  BC:0030  DE:0000  HL:0027  AF:3006  SP:7FE9  PC:0135   
0136  E1        POP H       (3)  BC:0030  DE:0000  HL:0027  AF:3006  SP:7FEB  PC:0136   
0137  D1        POP D       (3)  BC:0030  DE:0000  HL:0027  AF:3006  SP:7FED  PC:0137   
0138  C1        POP B       (3)  BC:0030  DE:0000  HL:0027  AF:3006  SP:7FEF  PC:0138   
0139  C9        RET         (3)  BC:0000  DE:0000  HL:0027  AF:3006  SP:7FF1  PC:0139   
0124  23        INX H       (2)  BC:0000  DE:0000  HL:0027  AF:3006  SP:7FF3  PC:0124   
0125  C3 1A 01  JMP 011A    (2)  BC:0000  DE:0000  HL:0028  AF:3006  SP:7FF3  PC:0125   
011A  7E        MOV A,M     (2)  BC:0000  DE:0000  HL:0028  AF:3006  SP:7FF3  PC:011A   
011B  FE 24     CPI 24      (2)  BC:0000  DE:0000  HL:0028  AF:4106  SP:7FF3  PC:011B   
011D  CA 28 01  JZ 0128     (2)  BC:0000  DE:0000  HL:0028  AF:4106  SP:7FF3  PC:011D   
0120  7E        MOV A,M     (2)  BC:0000  DE:0000  HL:0028  AF:4106  SP:7FF3  PC:0120   
0121  CD 2D 01  CALL 012D   (2)  BC:0000  DE:0000  HL:0028  AF:4106  SP:7FF3  PC:0121   
012D  C5        PUSH B      (3)  BC:0000  DE:0000  HL:0028  AF:4106  SP:7FF1  PC:012D   
012E  D5        PUSH D      (3)  BC:0000  DE:0000  HL:0028  AF:4106  SP:7FEF  PC:012E   
012F  E5        PUSH H      (3)  BC:0000  DE:0000  HL:0028  AF:4106  SP:7FED  PC:012F   
0130  F5        PUSH PSW    (3)  BC:0000  DE:0000  HL:0028  AF:4106  SP:7FEB  PC:0130   
0131  4F        MOV C,A     (3)  BC:0000  DE:0000  HL:0028  AF:4106  SP:7FE9  PC:0131   
0132  CD 37 C0  CALL C037   (3)  BC:0041  DE:0000  HL:0028  AF:4106  SP:7FE9  PC:0132   
0135  F1        POP PSW     (3)  BC:0041  DE:0000  HL:0028  AF:4106  SP:7FE9  PC:0135   
0136  E1        POP H       (3)  BC:0041  DE:0000  HL:0028  AF:4106  SP:7FEB  PC:0136   
0137  D1        POP D       (3)  BC:0041  DE:0000  HL:0028  AF:4106  SP:7FED  PC:0137   
0138  C1        POP B       (3)  BC:0041  DE:0000  HL:0028  AF:4106  SP:7FEF  PC:0138   
0139  C9        RET         (3)  BC:0000  DE:0000  HL:0028  AF:4106  SP:7FF1  PC:0139   
0124  23        INX H       (2)  BC:0000  DE:0000  HL:0028  AF:4106  SP:7FF3  PC:0124   
0125  C3 1A 01  JMP 011A    (2)  BC:0000  DE:0000  HL:0029  AF:4106  SP:7FF3  PC:0125   
011A  7E        MOV A,M     (2)  BC:0000  DE:0000  HL:0029  AF:4106  SP:7FF3  PC:011A   
011B  FE 24     CPI 24      (2)  BC:0000  DE:0000  HL:0029  AF:2006  SP:7FF3  PC:011B   
011D  CA 28 01  JZ 0128     (2)  BC:0000  DE:0000  HL:0029  AF:2087  SP:7FF3  PC:011D   
0120  7E        MOV A,M     (2)  BC:0000  DE:0000  HL:0029  AF:2087  SP:7FF3  PC:0120   
0121  CD 2D 01  CALL 012D   (2)  BC:0000  DE:0000  HL:0029  AF:2087  SP:7FF3  PC:0121   
012D  C5        PUSH B      (3)  BC:0000  DE:0000  HL:0029  AF:2087  SP:7FF1  PC:012D   
012E  D5        PUSH D      (3)  BC:0000  DE:0000  HL:0029  AF:2087  SP:7FEF  PC:012E   
012F  E5        PUSH H      (3)  BC:0000  DE:0000  HL:0029  AF:2087  SP:7FED  PC:012F   
0130  F5        PUSH PSW    (3)  BC:0000  DE:0000  HL:0029  AF:2087  SP:7FEB  PC:0130   
0131  4F        MOV C,A     (3)  BC:0000  DE:0000  HL:0029  AF:2087  SP:7FE9  PC:0131   
0132  CD 37 C0  CALL C037   (3)  BC:0020  DE:0000  HL:0029  AF:2087  SP:7FE9  PC:0132   
0135  F1        POP PSW     (3)  BC:0020  DE:0000  HL:0029  AF:2087  SP:7FE9  PC:0135   
0136  E1        POP H       (3)  BC:0020  DE:0000  HL:0029  AF:2087  SP:7FEB  PC:0136   
0137  D1        POP D       (3)  BC:0020  DE:0000  HL:0029  AF:2087  SP:7FED  PC:0137   
0138  C1        POP B       (3)  BC:0020  DE:0000  HL:0029  AF:2087  SP:7FEF  PC:0138   
0139  C9        RET         (3)  BC:0000  DE:0000  HL:0029  AF:2087  SP:7FF1  PC:0139   
0124  23        INX H       (2)  BC:0000  DE:0000  HL:0029  AF:2087  SP:7FF3  PC:0124   
0125  C3 1A 01  JMP 011A    (2)  BC:0000  DE:0000  HL:002A  AF:2087  SP:7FF3  PC:0125   
011A  7E        MOV A,M     (2)  BC:0000  DE:0000  HL:002A  AF:2087  SP:7FF3  PC:011A   
011B  FE 24     CPI 24      (2)  BC:0000  DE:0000  HL:002A  AF:4387  SP:7FF3  PC:011B   
011D  CA 28 01  JZ 0128     (2)  BC:0000  DE:0000  HL:002A  AF:4302  SP:7FF3  PC:011D   
0120  7E        MOV A,M     (2)  BC:0000  DE:0000  HL:002A  AF:4302  SP:7FF3  PC:0120   
0121  CD 2D 01  CALL 012D   (2)  BC:0000  DE:0000  HL:002A  AF:4302  SP:7FF3  PC:0121   
012D  C5        PUSH B      (3)  BC:0000  DE:0000  HL:002A  AF:4302  SP:7FF1  PC:012D   
012E  D5        PUSH D      (3)  BC:0000  DE:0000  HL:002A  AF:4302  SP:7FEF  PC:012E   
012F  E5        PUSH H      (3)  BC:0000  DE:0000  HL:002A  AF:4302  SP:7FED  PC:012F   
0130  F5        PUSH PSW    (3)  BC:0000  DE:0000  HL:002A  AF:4302  SP:7FEB  PC:0130   
0131  4F        MOV C,A     (3)  BC:0000  DE:0000  HL:002A  AF:4302  SP:7FE9  PC:0131   
0132  CD 37 C0  CALL C037   (3)  BC:0043  DE:0000  HL:002A  AF:4302  SP:7FE9  PC:0132   
0135  F1        POP PSW     (3)  BC:0043  DE:0000  HL:002A  AF:4302  SP:7FE9  PC:0135   
0136  E1        POP H       (3)  BC:0043  DE:0000  HL:002A  AF:4302  SP:7FEB  PC:0136   
0137  D1        POP D       (3)  BC:0043  DE:0000  HL:002A  AF:4302  SP:7FED  PC:0137   
0138  C1        POP B       (3)  BC:0043  DE:0000  HL:002A  AF:4302  SP:7FEF  PC:0138   
0139  C9        RET         (3)  BC:0000  DE:0000  HL:002A  AF:4302  SP:7FF1  PC:0139   
0124  23        INX H       (2)  BC:0000  DE:0000  HL:002A  AF:4302  SP:7FF3  PC:0124   
0125  C3 1A 01  JMP 011A    (2)  BC:0000  DE:0000  HL:002B  AF:4302  SP:7FF3  PC:0125   
011A  7E        MOV A,M     (2)  BC:0000  DE:0000  HL:002B  AF:4302  SP:7FF3  PC:011A   
011B  FE 24     CPI 24      (2)  BC:0000  DE:0000  HL:002B  AF:5002  SP:7FF3  PC:011B   
011D  CA 28 01  JZ 0128     (2)  BC:0000  DE:0000  HL:002B  AF:5002  SP:7FF3  PC:011D   
0120  7E        MOV A,M     (2)  BC:0000  DE:0000  HL:002B  AF:5002  SP:7FF3  PC:0120   
0121  CD 2D 01  CALL 012D   (2)  BC:0000  DE:0000  HL:002B  AF:5002  SP:7FF3  PC:0121   
012D  C5        PUSH B      (3)  BC:0000  DE:0000  HL:002B  AF:5002  SP:7FF1  PC:012D   
012E  D5        PUSH D      (3)  BC:0000  DE:0000  HL:002B  AF:5002  SP:7FEF  PC:012E   
012F  E5        PUSH H      (3)  BC:0000  DE:0000  HL:002B  AF:5002  SP:7FED  PC:012F   
0130  F5        PUSH PSW    (3)  BC:0000  DE:0000  HL:002B  AF:5002  SP:7FEB  PC:0130   
0131  4F        MOV C,A     (3)  BC:0000  DE:0000  HL:002B  AF:5002  SP:7FE9  PC:0131   
0132  CD 37 C0  CALL C037   (3)  BC:0050  DE:0000  HL:002B  AF:5002  SP:7FE9  PC:0132   
0135  F1        POP PSW     (3)  BC:0050  DE:0000  HL:002B  AF:5002  SP:7FE9  PC:0135   
0136  E1        POP H       (3)  BC:0050  DE:0000  HL:002B  AF:5002  SP:7FEB  PC:0136   
0137  D1        POP D       (3)  BC:0050  DE:0000  HL:002B  AF:5002  SP:7FED  PC:0137   
0138  C1        POP B       (3)  BC:0050  DE:0000  HL:002B  AF:5002  SP:7FEF  PC:0138   
0139  C9        RET         (3)  BC:0000  DE:0000  HL:002B  AF:5002  SP:7FF1  PC:0139   
0124  23        INX H       (2)  BC:0000  DE:0000  HL:002B  AF:5002  SP:7FF3  PC:0124   
0125  C3 1A 01  JMP 011A    (2)  BC:0000  DE:0000  HL:002C  AF:5002  SP:7FF3  PC:0125   
011A  7E        MOV A,M     (2)  BC:0000  DE:0000  HL:002C  AF:5002  SP:7FF3  PC:011A   
011B  FE 24     CPI 24      (2)  BC:0000  DE:0000  HL:002C  AF:5502  SP:7FF3  PC:011B   
011D  CA 28 01  JZ 0128     (2)  BC:0000  DE:0000  HL:002C  AF:5512  SP:7FF3  PC:011D   
0120  7E        MOV A,M     (2)  BC:0000  DE:0000  HL:002C  AF:5512  SP:7FF3  PC:0120   
0121  CD 2D 01  CALL 012D   (2)  BC:0000  DE:0000  HL:002C  AF:5512  SP:7FF3  PC:0121   
012D  C5        PUSH B      (3)  BC:0000  DE:0000  HL:002C  AF:5512  SP:7FF1  PC:012D   
012E  D5        PUSH D      (3)  BC:0000  DE:0000  HL:002C  AF:5512  SP:7FEF  PC:012E   
012F  E5        PUSH H      (3)  BC:0000  DE:0000  HL:002C  AF:5512  SP:7FED  PC:012F   
0130  F5        PUSH PSW    (3)  BC:0000  DE:0000  HL:002C  AF:5512  SP:7FEB  PC:0130   
0131  4F        MOV C,A     (3)  BC:0000  DE:0000  HL:002C  AF:5512  SP:7FE9  PC:0131   
0132  CD 37 C0  CALL C037   (3)  BC:0055  DE:0000  HL:002C  AF:5512  SP:7FE9  PC:0132   
0135  F1        POP PSW     (3)  BC:0055  DE:0000  HL:002C  AF:5512  SP:7FE9  PC:0135   
0136  E1        POP H       (3)  BC:0055  DE:0000  HL:002C  AF:5512  SP:7FEB  PC:0136   
0137  D1        POP D       (3)  BC:0055  DE:0000  HL:002C  AF:5512  SP:7FED  PC:0137   
0138  C1        POP B       (3)  BC:0055  DE:0000  HL:002C  AF:5512  SP:7FEF  PC:0138   
0139  C9        RET         (3)  BC:0000  DE:0000  HL:002C  AF:5512  SP:7FF1  PC:0139   
0124  23        INX H       (2)  BC:0000  DE:0000  HL:002C  AF:5512  SP:7FF3  PC:0124   
0125  C3 1A 01  JMP 011A    (2)  BC:0000  DE:0000  HL:002D  AF:5512  SP:7FF3  PC:0125   
011A  7E        MOV A,M     (2)  BC:0000  DE:0000  HL:002D  AF:5512  SP:7FF3  PC:011A   
011B  FE 24     CPI 24      (2)  BC:0000  DE:0000  HL:002D  AF:2912  SP:7FF3  PC:011B   
011D  CA 28 01  JZ 0128     (2)  BC:0000  DE:0000  HL:002D  AF:2916  SP:7FF3  PC:011D   
0120  7E        MOV A,M     (2)  BC:0000  DE:0000  HL:002D  AF:2916  SP:7FF3  PC:0120   
0121  CD 2D 01  CALL 012D   (2)  BC:0000  DE:0000  HL:002D  AF:2916  SP:7FF3  PC:0121   
012D  C5        PUSH B      (3)  BC:0000  DE:0000  HL:002D  AF:2916  SP:7FF1  PC:012D   
012E  D5        PUSH D      (3)  BC:0000  DE:0000  HL:002D  AF:2916  SP:7FEF  PC:012E   
012F  E5        PUSH H      (3)  BC:0000  DE:0000  HL:002D  AF:2916  SP:7FED  PC:012F   
0130  F5        PUSH PSW    (3)  BC:0000  DE:0000  HL:002D  AF:2916  SP:7FEB  PC:0130   
0131  4F        MOV C,A     (3)  BC:0000  DE:0000  HL:002D  AF:2916  SP:7FE9  PC:0131   
0132  CD 37 C0  CALL C037   (3)  BC:0029  DE:0000  HL:002D  AF:2916  SP:7FE9  PC:0132   
0135  F1        POP PSW     (3)  BC:0029  DE:0000  HL:002D  AF:2916  SP:7FE9  PC:0135   
0136  E1        POP H       (3)  BC:0029  DE:0000  HL:002D  AF:2916  SP:7FEB  PC:0136   
0137  D1        POP D       (3)  BC:0029  DE:0000  HL:002D  AF:2916  SP:7FED  PC:0137   
0138  C1        POP B       (3)  BC:0029  DE:0000  HL:002D  AF:2916  SP:7FEF  PC:0138   
0139  C9        RET         (3)  BC:0000  DE:0000  HL:002D  AF:2916  SP:7FF1  PC:0139   
0124  23        INX H       (2)  BC:0000  DE:0000  HL:002D  AF:2916  SP:7FF3  PC:0124   
0125  C3 1A 01  JMP 011A    (2)  BC:0000  DE:0000  HL:002E  AF:2916  SP:7FF3  PC:0125   
011A  7E        MOV A,M     (2)  BC:0000  DE:0000  HL:002E  AF:2916  SP:7FF3  PC:011A   
011B  FE 24     CPI 24      (2)  BC:0000  DE:0000  HL:002E  AF:2016  SP:7FF3  PC:011B   
011D  CA 28 01  JZ 0128     (2)  BC:0000  DE:0000  HL:002E  AF:2087  SP:7FF3  PC:011D   
0120  7E        MOV A,M     (2)  BC:0000  DE:0000  HL:002E  AF:2087  SP:7FF3  PC:0120   
0121  CD 2D 01  CALL 012D   (2)  BC:0000  DE:0000  HL:002E  AF:2087  SP:7FF3  PC:0121   
012D  C5        PUSH B      (3)  BC:0000  DE:0000  HL:002E  AF:2087  SP:7FF1  PC:012D   
012E  D5        PUSH D      (3)  BC:0000  DE:0000  HL:002E  AF:2087  SP:7FEF  PC:012E   
012F  E5        PUSH H      (3)  BC:0000  DE:0000  HL:002E  AF:2087  SP:7FED  PC:012F   
0130  F5        PUSH PSW    (3)  BC:0000  DE:0000  HL:002E  AF:2087  SP:7FEB  PC:0130   
0131  4F        MOV C,A     (3)  BC:0000  DE:0000  HL:002E  AF:2087  SP:7FE9  PC:0131   
0132  CD 37 C0  CALL C037   (3)  BC:0020  DE:0000  HL:002E  AF:2087  SP:7FE9  PC:0132   
0135  F1        POP PSW     (3)  BC:0020  DE:0000  HL:002E  AF:2087  SP:7FE9  PC:0135   
0136  E1        POP H       (3)  BC:0020  DE:0000  HL:002E  AF:2087  SP:7FEB  PC:0136   
0137  D1        POP D       (3)  BC:0020  DE:0000  HL:002E  AF:2087  SP:7FED  PC:0137   
0138  C1        POP B       (3)  BC:0020  DE:0000  HL:002E  AF:2087  SP:7FEF  PC:0138   
0139  C9        RET         (3)  BC:0000  DE:0000  HL:002E  AF:2087  SP:7FF1  PC:0139   
0124  23        INX H       (2)  BC:0000  DE:0000  HL:002E  AF:2087  SP:7FF3  PC:0124   
0125  C3 1A 01  JMP 011A    (2)  BC:0000  DE:0000  HL:002F  AF:2087  SP:7FF3  PC:0125   
011A  7E        MOV A,M     (2)  BC:0000  DE:0000  HL:002F  AF:2087  SP:7FF3  PC:011A   
011B  FE 24     CPI 24      (2)  BC:0000  DE:0000  HL:002F  AF:4287  SP:7FF3  PC:011B   
011D  CA 28 01  JZ 0128     (2)  BC:0000  DE:0000  HL:002F  AF:4206  SP:7FF3  PC:011D   
0120  7E        MOV A,M     (2)  BC:0000  DE:0000  HL:002F  AF:4206  SP:7FF3  PC:0120   
0121  CD 2D 01  CALL 012D   (2)  BC:0000  DE:0000  HL:002F  AF:4206  SP:7FF3  PC:0121   
012D  C5        PUSH B      (3)  BC:0000  DE:0000  HL:002F  AF:4206  SP:7FF1  PC:012D   
012E  D5        PUSH D      (3)  BC:0000  DE:0000  HL:002F  AF:4206  SP:7FEF  PC:012E   
012F  E5        PUSH H      (3)  BC:0000  DE:0000  HL:002F  AF:4206  SP:7FED  PC:012F   
0130  F5        PUSH PSW    (3)  BC:0000  DE:0000  HL:002F  AF:4206  SP:7FEB  PC:0130   
0131  4F        MOV C,A     (3)  BC:0000  DE:0000  HL:002F  AF:4206  SP:7FE9  PC:0131   
0132  CD 37 C0  CALL C037   (3)  BC:0042  DE:0000  HL:002F  AF:4206  SP:7FE9  PC:0132   
0135  F1        POP PSW     (3)  BC:0042  DE:0000  HL:002F  AF:4206  SP:7FE9  PC:0135   
0136  E1        POP H       (3)  BC:0042  DE:0000  HL:002F  AF:4206  SP:7FEB  PC:0136   
0137  D1        POP D       (3)  BC:0042  DE:0000  HL:002F  AF:4206  SP:7FED  PC:0137   
0138  C1        POP B       (3)  BC:0042  DE:0000  HL:002F  AF:4206  SP:7FEF  PC:0138   
0139  C9        RET         (3)  BC:0000  DE:0000  HL:002F  AF:4206  SP:7FF1  PC:0139   
0124  23        INX H       (2)  BC:0000  DE:0000  HL:002F  AF:4206  SP:7FF3  PC:0124   
0125  C3 1A 01  JMP 011A    (2)  BC:0000  DE:0000  HL:0030  AF:4206  SP:7FF3  PC:0125   
011A  7E        MOV A,M     (2)  BC:0000  DE:0000  HL:0030  AF:4206  SP:7FF3  PC:011A   
011B  FE 24     CPI 24      (2)  BC:0000  DE:0000  HL:0030  AF:5906  SP:7FF3  PC:011B   
011D  CA 28 01  JZ 0128     (2)  BC:0000  DE:0000  HL:0030  AF:5916  SP:7FF3  PC:011D   
0120  7E        MOV A,M     (2)  BC:0000  DE:0000  HL:0030  AF:5916  SP:7FF3  PC:0120   
0121  CD 2D 01  CALL 012D   (2)  BC:0000  DE:0000  HL:0030  AF:5916  SP:7FF3  PC:0121   
012D  C5        PUSH B      (3)  BC:0000  DE:0000  HL:0030  AF:5916  SP:7FF1  PC:012D   
012E  D5        PUSH D      (3)  BC:0000  DE:0000  HL:0030  AF:5916  SP:7FEF  PC:012E   
012F  E5        PUSH H      (3)  BC:0000  DE:0000  HL:0030  AF:5916  SP:7FED  PC:012F   
0130  F5        PUSH PSW    (3)  BC:0000  DE:0000  HL:0030  AF:5916  SP:7FEB  PC:0130   
0131  4F        MOV C,A     (3)  BC:0000  DE:0000  HL:0030  AF:5916  SP:7FE9  PC:0131   
0132  CD 37 C0  CALL C037   (3)  BC:0059  DE:0000  HL:0030  AF:5916  SP:7FE9  PC:0132   
0135  F1        POP PSW     (3)  BC:0059  DE:0000  HL:0030  AF:5916  SP:7FE9  PC:0135   
0136  E1        POP H       (3)  BC:0059  DE:0000  HL:0030  AF:5916  SP:7FEB  PC:0136   
0137  D1        POP D       (3)  BC:0059  DE:0000  HL:0030  AF:5916  SP:7FED  PC:0137   
0138  C1        POP B       (3)  BC:0059  DE:0000  HL:0030  AF:5916  SP:7FEF  PC:0138   
0139  C9        RET         (3)  BC:0000  DE:0000  HL:0030  AF:5916  SP:7FF1  PC:0139   
0124  23        INX H       (2)  BC:0000  DE:0000  HL:0030  AF:5916  SP:7FF3  PC:0124   
0125  C3 1A 01  JMP 011A    (2)  BC:0000  DE:0000  HL:0031  AF:5916  SP:7FF3  PC:0125   
011A  7E        MOV A,M     (2)  BC:0000  DE:0000  HL:0031  AF:5916  SP:7FF3  PC:011A   
011B  FE 24     CPI 24      (2)  BC:0000  DE:0000  HL:0031  AF:2016  SP:7FF3  PC:011B   
011D  CA 28 01  JZ 0128     (2)  BC:0000  DE:0000  HL:0031  AF:2087  SP:7FF3  PC:011D   
0120  7E        MOV A,M     (2)  BC:0000  DE:0000  HL:0031  AF:2087  SP:7FF3  PC:0120   
0121  CD 2D 01  CALL 012D   (2)  BC:0000  DE:0000  HL:0031  AF:2087  SP:7FF3  PC:0121   
012D  C5        PUSH B      (3)  BC:0000  DE:0000  HL:0031  AF:2087  SP:7FF1  PC:012D   
012E  D5        PUSH D      (3)  BC:0000  DE:0000  HL:0031  AF:2087  SP:7FEF  PC:012E   
012F  E5        PUSH H      (3)  BC:0000  DE:0000  HL:0031  AF:2087  SP:7FED  PC:012F   
0130  F5        PUSH PSW    (3)  BC:0000  DE:0000  HL:0031  AF:2087  SP:7FEB  PC:0130   
0131  4F        MOV C,A     (3)  BC:0000  DE:0000  HL:0031  AF:2087  SP:7FE9  PC:0131   
0132  CD 37 C0  CALL C037   (3)  BC:0020  DE:0000  HL:0031  AF:2087  SP:7FE9  PC:0132   
0135  F1        POP PSW     (3)  BC:0020  DE:0000  HL:0031  AF:2087  SP:7FE9  PC:0135   
0136  E1        POP H       (3)  BC:0020  DE:0000  HL:0031  AF:2087  SP:7FEB  PC:0136   
0137  D1        POP D       (3)  BC:0020  DE:0000  HL:0031  AF:2087  SP:7FED  PC:0137   
0138  C1        POP B       (3)  BC:0020  DE:0000  HL:0031  AF:2087  SP:7FEF  PC:0138   
0139  C9        RET         (3)  BC:0000  DE:0000  HL:0031  AF:2087  SP:7FF1  PC:0139   
0124  23        INX H       (2)  BC:0000  DE:0000  HL:0031  AF:2087  SP:7FF3  PC:0124   
0125  C3 1A 01  JMP 011A    (2)  BC:0000  DE:0000  HL:0032  AF:2087  SP:7FF3  PC:0125   
011A  7E        MOV A,M     (2)  BC:0000  DE:0000  HL:0032  AF:2087  SP:7FF3  PC:011A   
011B  FE 24     CPI 24      (2)  BC:0000  DE:0000  HL:0032  AF:4187  SP:7FF3  PC:011B   
011D  CA 28 01  JZ 0128     (2)  BC:0000  DE:0000  HL:0032  AF:4106  SP:7FF3  PC:011D   
0120  7E        MOV A,M     (2)  BC:0000  DE:0000  HL:0032  AF:4106  SP:7FF3  PC:0120   
0121  CD 2D 01  CALL 012D   (2)  BC:0000  DE:0000  HL:0032  AF:4106  SP:7FF3  PC:0121   
012D  C5        PUSH B      (3)  BC:0000  DE:0000  HL:0032  AF:4106  SP:7FF1  PC:012D   
012E  D5        PUSH D      (3)  BC:0000  DE:0000  HL:0032  AF:4106  SP:7FEF  PC:012E   
012F  E5        PUSH H      (3)  BC:0000  DE:0000  HL:0032  AF:4106  SP:7FED  PC:012F   
0130  F5        PUSH PSW    (3)  BC:0000  DE:0000  HL:0032  AF:4106  SP:7FEB  PC:0130   
0131  4F        MOV C,A     (3)  BC:0000  DE:0000  HL:0032  AF:4106  SP:7FE9  PC:0131   
0132  CD 37 C0  CALL C037   (3)  BC:0041  DE:0000  HL:0032  AF:4106  SP:7FE9  PC:0132   
0135  F1        POP PSW     (3)  BC:0041  DE:0000  HL:0032  AF:4106  SP:7FE9  PC:0135   
0136  E1        POP H       (3)  BC:0041  DE:0000  HL:0032  AF:4106  SP:7FEB  PC:0136   
0137  D1        POP D       (3)  BC:0041  DE:0000  HL:0032  AF:4106  SP:7FED  PC:0137   
0138  C1        POP B       (3)  BC:0041  DE:0000  HL:0032  AF:4106  SP:7FEF  PC:0138   
0139  C9        RET         (3)  BC:0000  DE:0000  HL:0032  AF:4106  SP:7FF1  PC:0139   
0124  23        INX H       (2)  BC:0000  DE:0000  HL:0032  AF:4106  SP:7FF3  PC:0124   
0125  C3 1A 01  JMP 011A    (2)  BC:0000  DE:0000  HL:0033  AF:4106  SP:7FF3  PC:0125   
011A  7E        MOV A,M     (2)  BC:0000  DE:0000  HL:0033  AF:4106  SP:7FF3  PC:011A   
011B  FE 24     CPI 24      (2)  BC:0000  DE:0000  HL:0033  AF:5006  SP:7FF3  PC:011B   
011D  CA 28 01  JZ 0128     (2)  BC:0000  DE:0000  HL:0033  AF:5002  SP:7FF3  PC:011D   
0120  7E        MOV A,M     (2)  BC:0000  DE:0000  HL:0033  AF:5002  SP:7FF3  PC:0120   
0121  CD 2D 01  CALL 012D   (2)  BC:0000  DE:0000  HL:0033  AF:5002  SP:7FF3  PC:0121   
012D  C5        PUSH B      (3)  BC:0000  DE:0000  HL:0033  AF:5002  SP:7FF1  PC:012D   
012E  D5        PUSH D      (3)  BC:0000  DE:0000  HL:0033  AF:5002  SP:7FEF  PC:012E   
012F  E5        PUSH H      (3)  BC:0000  DE:0000  HL:0033  AF:5002  SP:7FED  PC:012F   
0130  F5        PUSH PSW    (3)  BC:0000  DE:0000  HL:0033  AF:5002  SP:7FEB  PC:0130   
0131  4F        MOV C,A     (3)  BC:0000  DE:0000  HL:0033  AF:5002  SP:7FE9  PC:0131   
0132  CD 37 C0  CALL C037   (3)  BC:0050  DE:0000  HL:0033  AF:5002  SP:7FE9  PC:0132   
0135  F1        POP PSW     (3)  BC:0050  DE:0000  HL:0033  AF:5002  SP:7FE9  PC:0135   
0136  E1        POP H       (3)  BC:0050  DE:0000  HL:0033  AF:5002  SP:7FEB  PC:0136   
0137  D1        POP D       (3)  BC:0050  DE:0000  HL:0033  AF:5002  SP:7FED  PC:0137   
0138  C1        POP B       (3)  BC:0050  DE:0000  HL:0033  AF:5002  SP:7FEF  PC:0138   
0139  C9        RET         (3)  BC:0000  DE:0000  HL:0033  AF:5002  SP:7FF1  PC:0139   
0124  23        INX H       (2)  BC:0000  DE:0000  HL:0033  AF:5002  SP:7FF3  PC:0124   
0125  C3 1A 01  JMP 011A    (2)  BC:0000  DE:0000  HL:0034  AF:5002  SP:7FF3  PC:0125   
011A  7E        MOV A,M     (2)  BC:0000  DE:0000  HL:0034  AF:5002  SP:7FF3  PC:011A   
011B  FE 24     CPI 24      (2)  BC:0000  DE:0000  HL:0034  AF:4F02  SP:7FF3  PC:011B   
011D  CA 28 01  JZ 0128     (2)  BC:0000  DE:0000  HL:0034  AF:4F16  SP:7FF3  PC:011D   
0120  7E        MOV A,M     (2)  BC:0000  DE:0000  HL:0034  AF:4F16  SP:7FF3  PC:0120   
0121  CD 2D 01  CALL 012D   (2)  BC:0000  DE:0000  HL:0034  AF:4F16  SP:7FF3  PC:0121   
012D  C5        PUSH B      (3)  BC:0000  DE:0000  HL:0034  AF:4F16  SP:7FF1  PC:012D   
012E  D5        PUSH D      (3)  BC:0000  DE:0000  HL:0034  AF:4F16  SP:7FEF  PC:012E   
012F  E5        PUSH H      (3)  BC:0000  DE:0000  HL:0034  AF:4F16  SP:7FED  PC:012F   
0130  F5        PUSH PSW    (3)  BC:0000  DE:0000  HL:0034  AF:4F16  SP:7FEB  PC:0130   
0131  4F        MOV C,A     (3)  BC:0000  DE:0000  HL:0034  AF:4F16  SP:7FE9  PC:0131   
0132  CD 37 C0  CALL C037   (3)  BC:004F  DE:0000  HL:0034  AF:4F16  SP:7FE9  PC:0132   
0135  F1        POP PSW     (3)  BC:004F  DE:0000  HL:0034  AF:4F16  SP:7FE9  PC:0135   
0136  E1        POP H       (3)  BC:004F  DE:0000  HL:0034  AF:4F16  SP:7FEB  PC:0136   
0137  D1        POP D       (3)  BC:004F  DE:0000  HL:0034  AF:4F16  SP:7FED  PC:0137   
0138  C1        POP B       (3)  BC:004F  DE:0000  HL:0034  AF:4F16  SP:7FEF  PC:0138   
0139  C9        RET         (3)  BC:0000  DE:0000  HL:0034  AF:4F16  SP:7FF1  PC:0139   
0124  23        INX H       (2)  BC:0000  DE:0000  HL:0034  AF:4F16  SP:7FF3  PC:0124   
0125  C3 1A 01  JMP 011A    (2)  BC:0000  DE:0000  HL:0035  AF:4F16  SP:7FF3  PC:0125   
011A  7E        MOV A,M     (2)  BC:0000  DE:0000  HL:0035  AF:4F16  SP:7FF3  PC:011A   
011B  FE 24     CPI 24      (2)  BC:0000  DE:0000  HL:0035  AF:4616  SP:7FF3  PC:011B   
011D  CA 28 01  JZ 0128     (2)  BC:0000  DE:0000  HL:0035  AF:4616  SP:7FF3  PC:011D   
0120  7E        MOV A,M     (2)  BC:0000  DE:0000  HL:0035  AF:4616  SP:7FF3  PC:0120   
0121  CD 2D 01  CALL 012D   (2)  BC:0000  DE:0000  HL:0035  AF:4616  SP:7FF3  PC:0121   
012D  C5        PUSH B      (3)  BC:0000  DE:0000  HL:0035  AF:4616  SP:7FF1  PC:012D   
012E  D5        PUSH D      (3)  BC:0000  DE:0000  HL:0035  AF:4616  SP:7FEF  PC:012E   
012F  E5        PUSH H      (3)  BC:0000  DE:0000  HL:0035  AF:4616  SP:7FED  PC:012F   
0130  F5        PUSH PSW    (3)  BC:0000  DE:0000  HL:0035  AF:4616  SP:7FEB  PC:0130   
0131  4F        MOV C,A     (3)  BC:0000  DE:0000  HL:0035  AF:4616  SP:7FE9  PC:0131   
0132  CD 37 C0  CALL C037   (3)  BC:0046  DE:0000  HL:0035  AF:4616  SP:7FE9  PC:0132   
0135  F1        POP PSW     (3)  BC:0046  DE:0000  HL:0035  AF:4616  SP:7FE9  PC:0135   
0136  E1        POP H       (3)  BC:0046  DE:0000  HL:0035  AF:4616  SP:7FEB  PC:0136   
0137  D1        POP D       (3)  BC:0046  DE:0000  HL:0035  AF:4616  SP:7FED  PC:0137   
0138  C1        POP B       (3)  BC:0046  DE:0000  HL:0035  AF:4616  SP:7FEF  PC:0138   
0139  C9        RET         (3)  BC:0000  DE:0000  HL:0035  AF:4616  SP:7FF1  PC:0139   
0124  23        INX H       (2)  BC:0000  DE:0000  HL:0035  AF:4616  SP:7FF3  PC:0124   
0125  C3 1A 01  JMP 011A    (2)  BC:0000  DE:0000  HL:0036  AF:4616  SP:7FF3  PC:0125   
011A  7E        MOV A,M     (2)  BC:0000  DE:0000  HL:0036  AF:4616  SP:7FF3  PC:011A   
011B  FE 24     CPI 24      (2)  BC:0000  DE:0000  HL:0036  AF:4916  SP:7FF3  PC:011B   
011D  CA 28 01  JZ 0128     (2)  BC:0000  DE:0000  HL:0036  AF:4912  SP:7FF3  PC:011D   
0120  7E        MOV A,M     (2)  BC:0000  DE:0000  HL:0036  AF:4912  SP:7FF3  PC:0120   
0121  CD 2D 01  CALL 012D   (2)  BC:0000  DE:0000  HL:0036  AF:4912  SP:7FF3  PC:0121   
012D  C5        PUSH B      (3)  BC:0000  DE:0000  HL:0036  AF:4912  SP:7FF1  PC:012D   
012E  D5        PUSH D      (3)  BC:0000  DE:0000  HL:0036  AF:4912  SP:7FEF  PC:012E   
012F  E5        PUSH H      (3)  BC:0000  DE:0000  HL:0036  AF:4912  SP:7FED  PC:012F   
0130  F5        PUSH PSW    (3)  BC:0000  DE:0000  HL:0036  AF:4912  SP:7FEB  PC:0130   
0131  4F        MOV C,A     (3)  BC:0000  DE:0000  HL:0036  AF:4912  SP:7FE9  PC:0131   
0132  CD 37 C0  CALL C037   (3)  BC:0049  DE:0000  HL:0036  AF:4912  SP:7FE9  PC:0132   
0135  F1        POP PSW     (3)  BC:0049  DE:0000  HL:0036  AF:4912  SP:7FE9  PC:0135   
0136  E1        POP H       (3)  BC:0049  DE:0000  HL:0036  AF:4912  SP:7FEB  PC:0136   
0137  D1        POP D       (3)  BC:0049  DE:0000  HL:0036  AF:4912  SP:7FED  PC:0137   
0138  C1        POP B       (3)  BC:0049  DE:0000  HL:0036  AF:4912  SP:7FEF  PC:0138   
0139  C9        RET         (3)  BC:0000  DE:0000  HL:0036  AF:4912  SP:7FF1  PC:0139   
0124  23        INX H       (2)  BC:0000  DE:0000  HL:0036  AF:4912  SP:7FF3  PC:0124   
0125  C3 1A 01  JMP 011A    (2)  BC:0000  DE:0000  HL:0037  AF:4912  SP:7FF3  PC:0125   
011A  7E        MOV A,M     (2)  BC:0000  DE:0000  HL:0037  AF:4912  SP:7FF3  PC:011A   
011B  FE 24     CPI 24      (2)  BC:0000  DE:0000  HL:0037  AF:4712  SP:7FF3  PC:011B   
011D  CA 28 01  JZ 0128     (2)  BC:0000  DE:0000  HL:0037  AF:4712  SP:7FF3  PC:011D   
0120  7E        MOV A,M     (2)  BC:0000  DE:0000  HL:0037  AF:4712  SP:7FF3  PC:0120   
0121  CD 2D 01  CALL 012D   (2)  BC:0000  DE:0000  HL:0037  AF:4712  SP:7FF3  PC:0121   
012D  C5        PUSH B      (3)  BC:0000  DE:0000  HL:0037  AF:4712  SP:7FF1  PC:012D   
012E  D5        PUSH D      (3)  BC:0000  DE:0000  HL:0037  AF:4712  SP:7FEF  PC:012E   
012F  E5        PUSH H      (3)  BC:0000  DE:0000  HL:0037  AF:4712  SP:7FED  PC:012F   
0130  F5        PUSH PSW    (3)  BC:0000  DE:0000  HL:0037  AF:4712  SP:7FEB  PC:0130   
0131  4F        MOV C,A     (3)  BC:0000  DE:0000  HL:0037  AF:4712  SP:7FE9  PC:0131   
0132  CD 37 C0  CALL C037   (3)  BC:0047  DE:0000  HL:0037  AF:4712  SP:7FE9  PC:0132   
0135  F1        POP PSW     (3)  BC:0047  DE:0000  HL:0037  AF:4712  SP:7FE9  PC:0135   
0136  E1        POP H       (3)  BC:0047  DE:0000  HL:0037  AF:4712  SP:7FEB  PC:0136   
0137  D1        POP D       (3)  BC:0047  DE:0000  HL:0037  AF:4712  SP:7FED  PC:0137   
0138  C1        POP B       (3)  BC:0047  DE:0000  HL:0037  AF:4712  SP:7FEF  PC:0138   
0139  C9        RET         (3)  BC:0000  DE:0000  HL:0037  AF:4712  SP:7FF1  PC:0139   
0124  23        INX H       (2)  BC:0000  DE:0000  HL:0037  AF:4712  SP:7FF3  PC:0124   
0125  C3 1A 01  JMP 011A    (2)  BC:0000  DE:0000  HL:0038  AF:4712  SP:7FF3  PC:0125   
011A  7E        MOV A,M     (2)  BC:0000  DE:0000  HL:0038  AF:4712  SP:7FF3  PC:011A   
011B  FE 24     CPI 24      (2)  BC:0000  DE:0000  HL:0038  AF:0D12  SP:7FF3  PC:011B   
011D  CA 28 01  JZ 0128     (2)  BC:0000  DE:0000  HL:0038  AF:0D93  SP:7FF3  PC:011D   
0120  7E        MOV A,M     (2)  BC:0000  DE:0000  HL:0038  AF:0D93  SP:7FF3  PC:0120   
0121  CD 2D 01  CALL 012D   (2)  BC:0000  DE:0000  HL:0038  AF:0D93  SP:7FF3  PC:0121   
012D  C5        PUSH B      (3)  BC:0000  DE:0000  HL:0038  AF:0D93  SP:7FF1  PC:012D   
012E  D5        PUSH D      (3)  BC:0000  DE:0000  HL:0038  AF:0D93  SP:7FEF  PC:012E   
012F  E5        PUSH H      (3)  BC:0000  DE:0000  HL:0038  AF:0D93  SP:7FED  PC:012F   
0130  F5        PUSH PSW    (3)  BC:0000  DE:0000  HL:0038  AF:0D93  SP:7FEB  PC:0130   
0131  4F        MOV C,A     (3)  BC:0000  DE:0000  HL:0038  AF:0D93  SP:7FE9  PC:0131   
0132  CD 37 C0  CALL C037   (3)  BC:000D  DE:0000  HL:0038  AF:0D93  SP:7FE9  PC:0132   
0135  F1        POP PSW     (3)  BC:000D  DE:0000  HL:0038  AF:0D93  SP:7FE9  PC:0135   
0136  E1        POP H       (3)  BC:000D  DE:0000  HL:0038  AF:0D93  SP:7FEB  PC:0136   
0137  D1        POP D       (3)  BC:000D  DE:0000  HL:0038  AF:0D93  SP:7FED  PC:0137   
0138  C1        POP B       (3)  BC:000D  DE:0000  HL:0038  AF:0D93  SP:7FEF  PC:0138   
0139  C9        RET         (3)  BC:0000  DE:0000  HL:0038  AF:0D93  SP:7FF1  PC:0139   
0124  23        INX H       (2)  BC:0000  DE:0000  HL:0038  AF:0D93  SP:7FF3  PC:0124   
0125  C3 1A 01  JMP 011A    (2)  BC:0000  DE:0000  HL:0039  AF:0D93  SP:7FF3  PC:0125   
011A  7E        MOV A,M     (2)  BC:0000  DE:0000  HL:0039  AF:0D93  SP:7FF3  PC:011A   
011B  FE 24     CPI 24      (2)  BC:0000  DE:0000  HL:0039  AF:0A93  SP:7FF3  PC:011B   
011D  CA 28 01  JZ 0128     (2)  BC:0000  DE:0000  HL:0039  AF:0A93  SP:7FF3  PC:011D   
0120  7E        MOV A,M     (2)  BC:0000  DE:0000  HL:0039  AF:0A93  SP:7FF3  PC:0120   
0121  CD 2D 01  CALL 012D   (2)  BC:0000  DE:0000  HL:0039  AF:0A93  SP:7FF3  PC:0121   
012D  C5        PUSH B      (3)  BC:0000  DE:0000  HL:0039  AF:0A93  SP:7FF1  PC:012D   
012E  D5        PUSH D      (3)  BC:0000  DE:0000  HL:0039  AF:0A93  SP:7FEF  PC:012E   
012F  E5        PUSH H      (3)  BC:0000  DE:0000  HL:0039  AF:0A93  SP:7FED  PC:012F   
0130  F5        PUSH PSW    (3)  BC:0000  DE:0000  HL:0039  AF:0A93  SP:7FEB  PC:0130   
0131  4F        MOV C,A     (3)  BC:0000  DE:0000  HL:0039  AF:0A93  SP:7FE9  PC:0131   
0132  CD 37 C0  CALL C037   (3)  BC:000A  DE:0000  HL:0039  AF:0A93  SP:7FE9  PC:0132   
0135  F1        POP PSW     (3)  BC:000A  DE:0000  HL:0039  AF:0A93  SP:7FE9  PC:0135   
0136  E1        POP H       (3)  BC:000A  DE:0000  HL:0039  AF:0A93  SP:7FEB  PC:0136   
0137  D1        POP D       (3)  BC:000A  DE:0000  HL:0039  AF:0A93  SP:7FED  PC:0137   
0138  C1        POP B       (3)  BC:000A  DE:0000  HL:0039  AF:0A93  SP:7FEF  PC:0138   
0139  C9        RET         (3)  BC:0000  DE:0000  HL:0039  AF:0A93  SP:7FF1  PC:0139   
0124  23        INX H       (2)  BC:0000  DE:0000  HL:0039  AF:0A93  SP:7FF3  PC:0124   
0125  C3 1A 01  JMP 011A    (2)  BC:0000  DE:0000  HL:003A  AF:0A93  SP:7FF3  PC:0125   
011A  7E        MOV A,M     (2)  BC:0000  DE:0000  HL:003A  AF:0A93  SP:7FF3  PC:011A   
011B  FE 24     CPI 24      (2)  BC:0000  DE:0000  HL:003A  AF:2493  SP:7FF3  PC:011B   
011D  CA 28 01  JZ 0128     (2)  BC:0000  DE:0000  HL:003A  AF:2456  SP:7FF3  PC:011D   
0128  F1        POP PSW     (2)  BC:0000  DE:0000  HL:003A  AF:2456  SP:7FF3  PC:0128   
0129  E1        POP H       (2)  BC:0000  DE:0000  HL:003A  AF:0046  SP:7FF5  PC:0129   
012A  D1        POP D       (2)  BC:0000  DE:0000  HL:0006  AF:0046  SP:7FF7  PC:012A   
012B  C1        POP B       (2)  BC:0000  DE:0000  HL:0006  AF:0046  SP:7FF9  PC:012B   
012C  C9        RET         (2)  BC:0000  DE:0000  HL:0006  AF:0046  SP:7FFB  PC:012C   
0055  CD 62 00  CALL 0062   (1)  BC:0000  DE:0000  HL:0006  AF:0046  SP:7FFD  PC:0055   
0062  AF        XRA A       (2)  BC:0000  DE:0000  HL:0006  AF:0046  SP:7FFB  PC:0062   
0063  01 00 00  LXI B,0000  (2)  BC:0000  DE:0000  HL:0006  AF:0046  SP:7FFB  PC:0063   
0066  11 00 00  LXI D,0000  (2)  BC:0000  DE:0000  HL:0006  AF:0046  SP:7FFB  PC:0066   
0069  21 00 00  LXI H,0000  (2)  BC:0000  DE:0000  HL:0006  AF:0046  SP:7FFB  PC:0069   
006C  F6 77     ORI 77      (2)  BC:0000  DE:0000  HL:0000  AF:0046  SP:7FFB  PC:006C   
006E  CD F4 00  CALL 00F4   (2)  BC:0000  DE:0000  HL:0000  AF:7706  SP:7FFB  PC:006E   
00F4  C5        PUSH B      (3)  BC:0000  DE:0000  HL:0000  AF:7706  SP:7FF9  PC:00F4   
00F5  D5        PUSH D      (3)  BC:0000  DE:0000  HL:0000  AF:7706  SP:7FF7  PC:00F5   
00F6  E5        PUSH H      (3)  BC:0000  DE:0000  HL:0000  AF:7706  SP:7FF5  PC:00F6   
00F7  F5        PUSH PSW    (3)  BC:0000  DE:0000  HL:0000  AF:7706  SP:7FF3  PC:00F7   
00F8  21 00 00  LXI H,0000  (3)  BC:0000  DE:0000  HL:0000  AF:7706  SP:7FF1  PC:00F8   
00FB  39        DAD SP      (3)  BC:0000  DE:0000  HL:0000  AF:7706  SP:7FF1  PC:00FB   
00FC  0E 08     MVI C,08    (3)  BC:0000  DE:0000  HL:7FF1  AF:7706  SP:7FF1  PC:00FC   
00FE  2B        DCX H       (3)  BC:0008  DE:0000  HL:7FF1  AF:7706  SP:7FF1  PC:00FE   
00FF  0D        DCR C       (3)  BC:0008  DE:0000  HL:7FF0  AF:7706  SP:7FF1  PC:00FF   
0100  C2 FE 00  JNZ 00FE    (3)  BC:0007  DE:0000  HL:7FF0  AF:7712  SP:7FF1  PC:0100   
00FE  2B        DCX H       (3)  BC:0007  DE:0000  HL:7FF0  AF:7712  SP:7FF1  PC:00FE   
00FF  0D        DCR C       (3)  BC:0007  DE:0000  HL:7FEF  AF:7712  SP:7FF1  PC:00FF   
0100  C2 FE 00  JNZ 00FE    (3)  BC:0006  DE:0000  HL:7FEF  AF:7716  SP:7FF1  PC:0100   
00FE  2B        DCX H       (3)  BC:0006  DE:0000  HL:7FEF  AF:7716  SP:7FF1  PC:00FE   
00FF  0D        DCR C       (3)  BC:0006  DE:0000  HL:7FEE  AF:7716  SP:7FF1  PC:00FF   
0100  C2 FE 00  JNZ 00FE    (3)  BC:0005  DE:0000  HL:7FEE  AF:7716  SP:7FF1  PC:0100   
00FE  2B        DCX H       (3)  BC:0005  DE:0000  HL:7FEE  AF:7716  SP:7FF1  PC:00FE   
00FF  0D        DCR C       (3)  BC:0005  DE:0000  HL:7FED  AF:7716  SP:7FF1  PC:00FF   
0100  C2 FE 00  JNZ 00FE    (3)  BC:0004  DE:0000  HL:7FED  AF:7712  SP:7FF1  PC:0100   
00FE  2B        DCX H       (3)  BC:0004  DE:0000  HL:7FED  AF:7712  SP:7FF1  PC:00FE   
00FF  0D        DCR C       (3)  BC:0004  DE:0000  HL:7FEC  AF:7712  SP:7FF1  PC:00FF   
0100  C2 FE 00  JNZ 00FE    (3)  BC:0003  DE:0000  HL:7FEC  AF:7716  SP:7FF1  PC:0100   
00FE  2B        DCX H       (3)  BC:0003  DE:0000  HL:7FEC  AF:7716  SP:7FF1  PC:00FE   
00FF  0D        DCR C       (3)  BC:0003  DE:0000  HL:7FEB  AF:7716  SP:7FF1  PC:00FF   
0100  C2 FE 00  JNZ 00FE    (3)  BC:0002  DE:0000  HL:7FEB  AF:7712  SP:7FF1  PC:0100   
00FE  2B        DCX H       (3)  BC:0002  DE:0000  HL:7FEB  AF:7712  SP:7FF1  PC:00FE   
00FF  0D        DCR C       (3)  BC:0002  DE:0000  HL:7FEA  AF:7712  SP:7FF1  PC:00FF   
0100  C2 FE 00  JNZ 00FE    (3)  BC:0001  DE:0000  HL:7FEA  AF:7712  SP:7FF1  PC:0100   
00FE  2B        DCX H       (3)  BC:0001  DE:0000  HL:7FEA  AF:7712  SP:7FF1  PC:00FE   
00FF  0D        DCR C       (3)  BC:0001  DE:0000  HL:7FE9  AF:7712  SP:7FF1  PC:00FF   
0100  C2 FE 00  JNZ 00FE    (3)  BC:0000  DE:0000  HL:7FE9  AF:7756  SP:7FF1  PC:0100   
0103  11 61 00  LXI D,0061  (3)  BC:0000  DE:0000  HL:7FE9  AF:7756  SP:7FF1  PC:0103   
0106  1A        LDAX D      (3)  BC:0000  DE:0061  HL:7FE9  AF:7756  SP:7FF1  PC:0106   
0107  0E 08     MVI C,08    (3)  BC:0000  DE:0061  HL:7FE9  AF:0056  SP:7FF1  PC:0107   
0109  46        MOV B,M     (3)  BC:0008  DE:0061  HL:7FE9  AF:0056  SP:7FF1  PC:0109   
010A  A8        XRA B       (3)  BC:9308  DE:0061  HL:7FE9  AF:0056  SP:7FF1  PC:010A   
010B  23        INX H       (3)  BC:9308  DE:0061  HL:7FE9  AF:9386  SP:7FF1  PC:010B   
010C  0D        DCR C       (3)  BC:9308  DE:0061  HL:7FEA  AF:9386  SP:7FF1  PC:010C   
010D  C2 09 01  JNZ 0109    (3)  BC:9307  DE:0061  HL:7FEA  AF:9312  SP:7FF1  PC:010D   
0109  46        MOV B,M     (3)  BC:9307  DE:0061  HL:7FEA  AF:9312  SP:7FF1  PC:0109   
010A  A8        XRA B       (3)  BC:0A07  DE:0061  HL:7FEA  AF:9312  SP:7FF1  PC:010A   
010B  23        INX H       (3)  BC:0A07  DE:0061  HL:7FEA  AF:9986  SP:7FF1  PC:010B   
010C  0D        DCR C       (3)  BC:0A07  DE:0061  HL:7FEB  AF:9986  SP:7FF1  PC:010C   
010D  C2 09 01  JNZ 0109    (3)  BC:0A06  DE:0061  HL:7FEB  AF:9916  SP:7FF1  PC:010D   
0109  46        MOV B,M     (3)  BC:0A06  DE:0061  HL:7FEB  AF:9916  SP:7FF1  PC:0109   
010A  A8        XRA B       (3)  BC:3906  DE:0061  HL:7FEB  AF:9916  SP:7FF1  PC:010A   
010B  23        INX H       (3)  BC:3906  DE:0061  HL:7FEB  AF:A086  SP:7FF1  PC:010B   
010C  0D        DCR C       (3)  BC:3906  DE:0061  HL:7FEC  AF:A086  SP:7FF1  PC:010C   
010D  C2 09 01  JNZ 0109    (3)  BC:3905  DE:0061  HL:7FEC  AF:A016  SP:7FF1  PC:010D   
0109  46        MOV B,M     (3)  BC:3905  DE:0061  HL:7FEC  AF:A016  SP:7FF1  PC:0109   
010A  A8        XRA B       (3)  BC:0005  DE:0061  HL:7FEC  AF:A016  SP:7FF1  PC:010A   
010B  23        INX H       (3)  BC:0005  DE:0061  HL:7FEC  AF:A086  SP:7FF1  PC:010B   
010C  0D        DCR C       (3)  BC:0005  DE:0061  HL:7FED  AF:A086  SP:7FF1  PC:010C   
010D  C2 09 01  JNZ 0109    (3)  BC:0004  DE:0061  HL:7FED  AF:A012  SP:7FF1  PC:010D   
0109  46        MOV B,M     (3)  BC:0004  DE:0061  HL:7FED  AF:A012  SP:7FF1  PC:0109   
010A  A8        XRA B       (3)  BC:0004  DE:0061  HL:7FED  AF:A012  SP:7FF1  PC:010A   
010B  23        INX H       (3)  BC:0004  DE:0061  HL:7FED  AF:A086  SP:7FF1  PC:010B   
010C  0D        DCR C       (3)  BC:0004  DE:0061  HL:7FEE  AF:A086  SP:7FF1  PC:010C   
010D  C2 09 01  JNZ 0109    (3)  BC:0003  DE:0061  HL:7FEE  AF:A016  SP:7FF1  PC:010D   
0109  46        MOV B,M     (3)  BC:0003  DE:0061  HL:7FEE  AF:A016  SP:7FF1  PC:0109   
010A  A8        XRA B       (3)  BC:0003  DE:0061  HL:7FEE  AF:A016  SP:7FF1  PC:010A   
010B  23        INX H       (3)  BC:0003  DE:0061  HL:7FEE  AF:A086  SP:7FF1  PC:010B   
010C  0D        DCR C       (3)  BC:0003  DE:0061  HL:7FEF  AF:A086  SP:7FF1  PC:010C   
010D  C2 09 01  JNZ 0109    (3)  BC:0002  DE:0061  HL:7FEF  AF:A012  SP:7FF1  PC:010D   
0109  46        MOV B,M     (3)  BC:0002  DE:0061  HL:7FEF  AF:A012  SP:7FF1  PC:0109   
010A  A8        XRA B       (3)  BC:0002  DE:0061  HL:7FEF  AF:A012  SP:7FF1  PC:010A   
010B  23        INX H       (3)  BC:0002  DE:0061  HL:7FEF  AF:A086  SP:7FF1  PC:010B   
010C  0D        DCR C       (3)  BC:0002  DE:0061  HL:7FF0  AF:A086  SP:7FF1  PC:010C   
010D  C2 09 01  JNZ 0109    (3)  BC:0001  DE:0061  HL:7FF0  AF:A012  SP:7FF1  PC:010D   
0109  46        MOV B,M     (3)  BC:0001  DE:0061  HL:7FF0  AF:A012  SP:7FF1  PC:0109   
010A  A8        XRA B       (3)  BC:0001  DE:0061  HL:7FF0  AF:A012  SP:7FF1  PC:010A   
010B  23        INX H       (3)  BC:0001  DE:0061  HL:7FF0  AF:A086  SP:7FF1  PC:010B   
010C  0D        DCR C       (3)  BC:0001  DE:0061  HL:7FF1  AF:A086  SP:7FF1  PC:010C   
010D  C2 09 01  JNZ 0109    (3)  BC:0000  DE:0061  HL:7FF1  AF:A056  SP:7FF1  PC:010D   
0110  12        STAX D      (3)  BC:0000  DE:0061  HL:7FF1  AF:A056  SP:7FF1  PC:0110   
0111  C1        POP B       (3)  BC:0000  DE:0061  HL:7FF1  AF:A056  SP:7FF1  PC:0111   
0112  D1        POP D       (3)  BC:7706  DE:0061  HL:7FF1  AF:A056  SP:7FF3  PC:0112   
0113  E1        POP H       (3)  BC:7706  DE:0000  HL:7FF1  AF:A056  SP:7FF5  PC:0113   
0114  F1        POP PSW     (3)  BC:7706  DE:0000  HL:0000  AF:A056  SP:7FF7  PC:0114   
0115  C9        RET         (3)  BC:7706  DE:0000  HL:0000  AF:0002  SP:7FF9  PC:0115   
0071  CD 3A 01  CALL 013A   (2)  BC:7706  DE:0000  HL:0000  AF:0002  SP:7FFB  PC:0071   
013A  C5        PUSH B      (3)  BC:7706  DE:0000  HL:0000  AF:0002  SP:7FF9  PC:013A   
013B  D5        PUSH D      (3)  BC:7706  DE:0000  HL:0000  AF:0002  SP:7FF7  PC:013B   
013C  E5        PUSH H      (3)  BC:7706  DE:0000  HL:0000  AF:0002  SP:7FF5  PC:013C   
013D  F5        PUSH PSW    (3)  BC:7706  DE:0000  HL:0000  AF:0002  SP:7FF3  PC:013D   
013E  F5        PUSH PSW    (3)  BC:7706  DE:0000  HL:0000  AF:0002  SP:7FF1  PC:013E   
013F  CD 51 01  CALL 0151   (3)  BC:7706  DE:0000  HL:0000  AF:0002  SP:7FEF  PC:013F   
0151  0F        RRC         (4)  BC:7706  DE:0000  HL:0000  AF:0002  SP:7FED  PC:0151   
0152  0F        RRC         (4)  BC:7706  DE:0000  HL:0000  AF:0002  SP:7FED  PC:0152   
0153  0F        RRC         (4)  BC:7706  DE:0000  HL:0000  AF:0002  SP:7FED  PC:0153   
0154  0F        RRC         (4)  BC:7706  DE:0000  HL:0000  AF:0002  SP:7FED  PC:0154   
0155  E6 0F     ANI 0F      (4)  BC:7706  DE:0000  HL:0000  AF:0002  SP:7FED  PC:0155   
0157  FE 0A     CPI 0A      (4)  BC:7706  DE:0000  HL:0000  AF:0056  SP:7FED  PC:0157   
0159  FA 5E 01  JM 015E     (4)  BC:7706  DE:0000  HL:0000  AF:0087  SP:7FED  PC:0159   
015E  C6 30     ADI 30      (4)  BC:7706  DE:0000  HL:0000  AF:0087  SP:7FED  PC:015E   
0160  C9        RET         (4)  BC:7706  DE:0000  HL:0000  AF:3006  SP:7FED  PC:0160   
0142  CD 2D 01  CALL 012D   (3)  BC:7706  DE:0000  HL:0000  AF:3006  SP:7FEF  PC:0142   
012D  C5        PUSH B      (4)  BC:7706  DE:0000  HL:0000  AF:3006  SP:7FED  PC:012D   
012E  D5        PUSH D      (4)  BC:7706  DE:0000  HL:0000  AF:3006  SP:7FEB  PC:012E   
012F  E5        PUSH H      (4)  BC:7706  DE:0000  HL:0000  AF:3006  SP:7FE9  PC:012F   
0130  F5        PUSH PSW    (4)  BC:7706  DE:0000  HL:0000  AF:3006  SP:7FE7  PC:0130   
0131  4F        MOV C,A     (4)  BC:7706  DE:0000  HL:0000  AF:3006  SP:7FE5  PC:0131   
0132  CD 37 C0  CALL C037   (4)  BC:7730  DE:0000  HL:0000  AF:3006  SP:7FE5  PC:0132   
0135  F1        POP PSW     (4)  BC:7730  DE:0000  HL:0000  AF:3006  SP:7FE5  PC:0135   
0136  E1        POP H       (4)  BC:7730  DE:0000  HL:0000  AF:3006  SP:7FE7  PC:0136   
0137  D1        POP D       (4)  BC:7730  DE:0000  HL:0000  AF:3006  SP:7FE9  PC:0137   
0138  C1        POP B       (4)  BC:7730  DE:0000  HL:0000  AF:3006  SP:7FEB  PC:0138   
0139  C9        RET         (4)  BC:7706  DE:0000  HL:0000  AF:3006  SP:7FED  PC:0139   
0145  F1        POP PSW     (3)  BC:7706  DE:0000  HL:0000  AF:3006  SP:7FEF  PC:0145   
0146  CD 55 01  CALL 0155   (3)  BC:7706  DE:0000  HL:0000  AF:0002  SP:7FF1  PC:0146   
0155  E6 0F     ANI 0F      (4)  BC:7706  DE:0000  HL:0000  AF:0002  SP:7FEF  PC:0155   
0157  FE 0A     CPI 0A      (4)  BC:7706  DE:0000  HL:0000  AF:0056  SP:7FEF  PC:0157   
0159  FA 5E 01  JM 015E     (4)  BC:7706  DE:0000  HL:0000  AF:0087  SP:7FEF  PC:0159   
015E  C6 30     ADI 30      (4)  BC:7706  DE:0000  HL:0000  AF:0087  SP:7FEF  PC:015E   
0160  C9        RET         (4)  BC:7706  DE:0000  HL:0000  AF:3006  SP:7FEF  PC:0160   
0149  CD 2D 01  CALL 012D   (3)  BC:7706  DE:0000  HL:0000  AF:3006  SP:7FF1  PC:0149   
012D  C5        PUSH B      (4)  BC:7706  DE:0000  HL:0000  AF:3006  SP:7FEF  PC:012D   
012E  D5        PUSH D      (4)  BC:7706  DE:0000  HL:0000  AF:3006  SP:7FED  PC:012E   
012F  E5        PUSH H      (4)  BC:7706  DE:0000  HL:0000  AF:3006  SP:7FEB  PC:012F   
0130  F5        PUSH PSW    (4)  BC:7706  DE:0000  HL:0000  AF:3006  SP:7FE9  PC:0130   
0131  4F        MOV C,A     (4)  BC:7706  DE:0000  HL:0000  AF:3006  SP:7FE7  PC:0131   
0132  CD 37 C0  CALL C037   (4)  BC:7730  DE:0000  HL:0000  AF:3006  SP:7FE7  PC:0132   
0135  F1        POP PSW     (4)  BC:7730  DE:0000  HL:0000  AF:3006  SP:7FE7  PC:0135   
0136  E1        POP H       (4)  BC:7730  DE:0000  HL:0000  AF:3006  SP:7FE9  PC:0136   
0137  D1        POP D       (4)  BC:7730  DE:0000  HL:0000  AF:3006  SP:7FEB  PC:0137   
0138  C1        POP B       (4)  BC:7730  DE:0000  HL:0000  AF:3006  SP:7FED  PC:0138   
0139  C9        RET         (4)  BC:7706  DE:0000  HL:0000  AF:3006  SP:7FEF  PC:0139   
014C  F1        POP PSW     (3)  BC:7706  DE:0000  HL:0000  AF:3006  SP:7FF1  PC:014C   
014D  E1        POP H       (3)  BC:7706  DE:0000  HL:0000  AF:0002  SP:7FF3  PC:014D   
014E  D1        POP D       (3)  BC:7706  DE:0000  HL:0000  AF:0002  SP:7FF5  PC:014E   
014F  C1        POP B       (3)  BC:7706  DE:0000  HL:0000  AF:0002  SP:7FF7  PC:014F   
0150  C9        RET         (3)  BC:7706  DE:0000  HL:0000  AF:0002  SP:7FF9  PC:0150   
0074  17        RAL         (2)  BC:7706  DE:0000  HL:0000  AF:0002  SP:7FFB  PC:0074   
0075  CD F4 00  CALL 00F4   (2)  BC:7706  DE:0000  HL:0000  AF:0002  SP:7FFB  PC:0075   
00F4  C5        PUSH B      (3)  BC:7706  DE:0000  HL:0000  AF:0002  SP:7FF9  PC:00F4   
00F5  D5        PUSH D      (3)  BC:7706  DE:0000  HL:0000  AF:0002  SP:7FF7  PC:00F5   
00F6  E5        PUSH H      (3)  BC:7706  DE:0000  HL:0000  AF:0002  SP:7FF5  PC:00F6   
00F7  F5        PUSH PSW    (3)  BC:7706  DE:0000  HL:0000  AF:0002  SP:7FF3  PC:00F7   
00F8  21 00 00  LXI H,0000  (3)  BC:7706  DE:0000  HL:0000  AF:0002  SP:7FF1  PC:00F8   
00FB  39        DAD SP      (3)  BC:7706  DE:0000  HL:0000  AF:0002  SP:7FF1  PC:00FB   
00FC  0E 08     MVI C,08    (3)  BC:7706  DE:0000  HL:7FF1  AF:0002  SP:7FF1  PC:00FC   
00FE  2B        DCX H       (3)  BC:7708  DE:0000  HL:7FF1  AF:0002  SP:7FF1  PC:00FE   
00FF  0D        DCR C       (3)  BC:7708  DE:0000  HL:7FF0  AF:0002  SP:7FF1  PC:00FF   
0100  C2 FE 00  JNZ 00FE    (3)  BC:7707  DE:0000  HL:7FF0  AF:0012  SP:7FF1  PC:0100   
00FE  2B        DCX H       (3)  BC:7707  DE:0000  HL:7FF0  AF:0012  SP:7FF1  PC:00FE   
00FF  0D        DCR C       (3)  BC:7707  DE:0000  HL:7FEF  AF:0012  SP:7FF1  PC:00FF   
0100  C2 FE 00  JNZ 00FE    (3)  BC:7706  DE:0000  HL:7FEF  AF:0016  SP:7FF1  PC:0100   
00FE  2B        DCX H       (3)  BC:7706  DE:0000  HL:7FEF  AF:0016  SP:7FF1  PC:00FE   
00FF  0D        DCR C       (3)  BC:7706  DE:0000  HL:7FEE  AF:0016  SP:7FF1  PC:00FF   
0100  C2 FE 00  JNZ 00FE    (3)  BC:7705  DE:0000  HL:7FEE  AF:0016  SP:7FF1  PC:0100   
00FE  2B        DCX H       (3)  BC:7705  DE:0000  HL:7FEE  AF:0016  SP:7FF1  PC:00FE   
00FF  0D        DCR C       (3)  BC:7705  DE:0000  HL:7FED  AF:0016  SP:7FF1  PC:00FF   
0100  C2 FE 00  JNZ 00FE    (3)  BC:7704  DE:0000  HL:7FED  AF:0012  SP:7FF1  PC:0100   
00FE  2B        DCX H       (3)  BC:7704  DE:0000  HL:7FED  AF:0012  SP:7FF1  PC:00FE   
00FF  0D        DCR C       (3)  BC:7704  DE:0000  HL:7FEC  AF:0012  SP:7FF1  PC:00FF   
0100  C2 FE 00  JNZ 00FE    (3)  BC:7703  DE:0000  HL:7FEC  AF:0016  SP:7FF1  PC:0100   
00FE  2B        DCX H       (3)  BC:7703  DE:0000  HL:7FEC  AF:0016  SP:7FF1  PC:00FE   
00FF  0D        DCR C       (3)  BC:7703  DE:0000  HL:7FEB  AF:0016  SP:7FF1  PC:00FF   
0100  C2 FE 00  JNZ 00FE    (3)  BC:7702  DE:0000  HL:7FEB  AF:0012  SP:7FF1  PC:0100   
00FE  2B        DCX H       (3)  BC:7702  DE:0000  HL:7FEB  AF:0012  SP:7FF1  PC:00FE   
00FF  0D        DCR C       (3)  BC:7702  DE:0000  HL:7FEA  AF:0012  SP:7FF1  PC:00FF   
0100  C2 FE 00  JNZ 00FE    (3)  BC:7701  DE:0000  HL:7FEA  AF:0012  SP:7FF1  PC:0100   
00FE  2B        DCX H       (3)  BC:7701  DE:0000  HL:7FEA  AF:0012  SP:7FF1  PC:00FE   
00FF  0D        DCR C       (3)  BC:7701  DE:0000  HL:7FE9  AF:0012  SP:7FF1  PC:00FF   
0100  C2 FE 00  JNZ 00FE    (3)  BC:7700  DE:0000  HL:7FE9  AF:0056  SP:7FF1  PC:0100   
0103  11 61 00  LXI D,0061  (3)  BC:7700  DE:0000  HL:7FE9  AF:0056  SP:7FF1  PC:0103   
0106  1A        LDAX D      (3)  BC:7700  DE:0061  HL:7FE9  AF:0056  SP:7FF1  PC:0106   
0107  0E 08     MVI C,08    (3)  BC:7700  DE:0061  HL:7FE9  AF:A056  SP:7FF1  PC:0107   
0109  46        MOV B,M     (3)  BC:7708  DE:0061  HL:7FE9  AF:A056  SP:7FF1  PC:0109   
010A  A8        XRA B       (3)  BC:0008  DE:0061  HL:7FE9  AF:A056  SP:7FF1  PC:010A   
010B  23        INX H       (3)  BC:0008  DE:0061  HL:7FE9  AF:A086  SP:7FF1  PC:010B   
010C  0D        DCR C       (3)  BC:0008  DE:0061  HL:7FEA  AF:A086  SP:7FF1  PC:010C   
010D  C2 09 01  JNZ 0109    (3)  BC:0007  DE:0061  HL:7FEA  AF:A012  SP:7FF1  PC:010D   
0109  46        MOV B,M     (3)  BC:0007  DE:0061  HL:7FEA  AF:A012  SP:7FF1  PC:0109   
010A  A8        XRA B       (3)  BC:0007  DE:0061  HL:7FEA  AF:A012  SP:7FF1  PC:010A   
010B  23        INX H       (3)  BC:0007  DE:0061  HL:7FEA  AF:A086  SP:7FF1  PC:010B   
010C  0D        DCR C       (3)  BC:0007  DE:0061  HL:7FEB  AF:A086  SP:7FF1  PC:010C   
010D  C2 09 01  JNZ 0109    (3)  BC:0006  DE:0061  HL:7FEB  AF:A016  SP:7FF1  PC:010D   
0109  46        MOV B,M     (3)  BC:0006  DE:0061  HL:7FEB  AF:A016  SP:7FF1  PC:0109   
010A  A8        XRA B       (3)  BC:0006  DE:0061  HL:7FEB  AF:A016  SP:7FF1  PC:010A   
010B  23        INX H       (3)  BC:0006  DE:0061  HL:7FEB  AF:A086  SP:7FF1  PC:010B   
010C  0D        DCR C       (3)  BC:0006  DE:0061  HL:7FEC  AF:A086  SP:7FF1  PC:010C   
010D  C2 09 01  JNZ 0109    (3)  BC:0005  DE:0061  HL:7FEC  AF:A016  SP:7FF1  PC:010D   
0109  46        MOV B,M     (3)  BC:0005  DE:0061  HL:7FEC  AF:A016  SP:7FF1  PC:0109   
010A  A8        XRA B       (3)  BC:0005  DE:0061  HL:7FEC  AF:A016  SP:7FF1  PC:010A   
010B  23        INX H       (3)  BC:0005  DE:0061  HL:7FEC  AF:A086  SP:7FF1  PC:010B   
010C  0D        DCR C       (3)  BC:0005  DE:0061  HL:7FED  AF:A086  SP:7FF1  PC:010C   
010D  C2 09 01  JNZ 0109    (3)  BC:0004  DE:0061  HL:7FED  AF:A012  SP:7FF1  PC:010D   
0109  46        MOV B,M     (3)  BC:0004  DE:0061  HL:7FED  AF:A012  SP:7FF1  PC:0109   
010A  A8        XRA B       (3)  BC:0604  DE:0061  HL:7FED  AF:A012  SP:7FF1  PC:010A   
010B  23        INX H       (3)  BC:0604  DE:0061  HL:7FED  AF:A686  SP:7FF1  PC:010B   
010C  0D        DCR C       (3)  BC:0604  DE:0061  HL:7FEE  AF:A686  SP:7FF1  PC:010C   
010D  C2 09 01  JNZ 0109    (3)  BC:0603  DE:0061  HL:7FEE  AF:A616  SP:7FF1  PC:010D   
0109  46        MOV B,M     (3)  BC:0603  DE:0061  HL:7FEE  AF:A616  SP:7FF1  PC:0109   
010A  A8        XRA B       (3)  BC:7703  DE:0061  HL:7FEE  AF:A616  SP:7FF1  PC:010A   
010B  23        INX H       (3)  BC:7703  DE:0061  HL:7FEE  AF:D186  SP:7FF1  PC:010B   
010C  0D        DCR C       (3)  BC:7703  DE:0061  HL:7FEF  AF:D186  SP:7FF1  PC:010C   
010D  C2 09 01  JNZ 0109    (3)  BC:7702  DE:0061  HL:7FEF  AF:D112  SP:7FF1  PC:010D   
0109  46        MOV B,M     (3)  BC:7702  DE:0061  HL:7FEF  AF:D112  SP:7FF1  PC:0109   
010A  A8        XRA B       (3)  BC:4C02  DE:0061  HL:7FEF  AF:D112  SP:7FF1  PC:010A   
010B  23        INX H       (3)  BC:4C02  DE:0061  HL:7FEF  AF:9D82  SP:7FF1  PC:010B   
010C  0D        DCR C       (3)  BC:4C02  DE:0061  HL:7FF0  AF:9D82  SP:7FF1  PC:010C   
010D  C2 09 01  JNZ 0109    (3)  BC:4C01  DE:0061  HL:7FF0  AF:9D12  SP:7FF1  PC:010D   
0109  46        MOV B,M     (3)  BC:4C01  DE:0061  HL:7FF0  AF:9D12  SP:7FF1  PC:0109   
010A  A8        XRA B       (3)  BC:0101  DE:0061  HL:7FF0  AF:9D12  SP:7FF1  PC:010A   
010B  23        INX H       (3)  BC:0101  DE:0061  HL:7FF0  AF:9C86  SP:7FF1  PC:010B   
010C  0D        DCR C       (3)  BC:0101  DE:0061  HL:7FF1  AF:9C86  SP:7FF1  PC:010C   
010D  C2 09 01  JNZ 0109    (3)  BC:0100  DE:0061  HL:7FF1  AF:9C56  SP:7FF1  PC:010D   
0110  12        STAX D      (3)  BC:0100  DE:0061  HL:7FF1  AF:9C56  SP:7FF1  PC:0110   
0111  C1        POP B       (3)  BC:0100  DE:0061  HL:7FF1  AF:9C56  SP:7FF1  PC:0111   
0112  D1        POP D       (3)  BC:0002  DE:0061  HL:7FF1  AF:9C56  SP:7FF3  PC:0112   
0113  E1        POP H       (3)  BC:0002  DE:0000  HL:7FF1  AF:9C56  SP:7FF5  PC:0113   
0114  F1        POP PSW     (3)  BC:0002  DE:0000  HL:0000  AF:9C56  SP:7FF7  PC:0114   
0115  C9        RET         (3)  BC:0002  DE:0000  HL:0000  AF:7706  SP:7FF9  PC:0115   
0078  CD 3A 01  CALL 013A   (2)  BC:0002  DE:0000  HL:0000  AF:7706  SP:7FFB  PC:0078   
013A  C5        PUSH B      (3)  BC:0002  DE:0000  HL:0000  AF:7706  SP:7FF9  PC:013A   
013B  D5        PUSH D      (3)  BC:0002  DE:0000  HL:0000  AF:7706  SP:7FF7  PC:013B   
013C  E5        PUSH H      (3)  BC:0002  DE:0000  HL:0000  AF:7706  SP:7FF5  PC:013C   
013D  F5        PUSH PSW    (3)  BC:0002  DE:0000  HL:0000  AF:7706  SP:7FF3  PC:013D   
013E  F5        PUSH PSW    (3)  BC:0002  DE:0000  HL:0000  AF:7706  SP:7FF1  PC:013E   
013F  CD 51 01  CALL 0151   (3)  BC:0002  DE:0000  HL:0000  AF:7706  SP:7FEF  PC:013F   
0151  0F        RRC         (4)  BC:0002  DE:0000  HL:0000  AF:7706  SP:7FED  PC:0151   
0152  0F        RRC         (4)  BC:0002  DE:0000  HL:0000  AF:BB07  SP:7FED  PC:0152   
0153  0F        RRC         (4)  BC:0002  DE:0000  HL:0000  AF:DD07  SP:7FED  PC:0153   
0154  0F        RRC         (4)  BC:0002  DE:0000  HL:0000  AF:EE07  SP:7FED  PC:0154   
0155  E6 0F     ANI 0F      (4)  BC:0002  DE:0000  HL:0000  AF:7706  SP:7FED  PC:0155   
0157  FE 0A     CPI 0A      (4)  BC:0002  DE:0000  HL:0000  AF:0712  SP:7FED  PC:0157   
0159  FA 5E 01  JM 015E     (4)  BC:0002  DE:0000  HL:0000  AF:0783  SP:7FED  PC:0159   
015E  C6 30     ADI 30      (4)  BC:0002  DE:0000  HL:0000  AF:0783  SP:7FED  PC:015E   
0160  C9        RET         (4)  BC:0002  DE:0000  HL:0000  AF:3702  SP:7FED  PC:0160   
0142  CD 2D 01  CALL 012D   (3)  BC:0002  DE:0000  HL:0000  AF:3702  SP:7FEF  PC:0142   
012D  C5        PUSH B      (4)  BC:0002  DE:0000  HL:0000  AF:3702  SP:7FED  PC:012D   
012E  D5        PUSH D      (4)  BC:0002  DE:0000  HL:0000  AF:3702  SP:7FEB  PC:012E   
012F  E5        PUSH H      (4)  BC:0002  DE:0000  HL:0000  AF:3702  SP:7FE9  PC:012F   
0130  F5        PUSH PSW    (4)  BC:0002  DE:0000  HL:0000  AF:3702  SP:7FE7  PC:0130   
0131  4F        MOV C,A     (4)  BC:0002  DE:0000  HL:0000  AF:3702  SP:7FE5  PC:0131   
0132  CD 37 C0  CALL C037   (4)  BC:0037  DE:0000  HL:0000  AF:3702  SP:7FE5  PC:0132   
0135  F1        POP PSW     (4)  BC:0037  DE:0000  HL:0000  AF:3702  SP:7FE5  PC:0135   
0136  E1        POP H       (4)  BC:0037  DE:0000  HL:0000  AF:3702  SP:7FE7  PC:0136   
0137  D1        POP D       (4)  BC:0037  DE:0000  HL:0000  AF:3702  SP:7FE9  PC:0137   
0138  C1        POP B       (4)  BC:0037  DE:0000  HL:0000  AF:3702  SP:7FEB  PC:0138   
0139  C9        RET         (4)  BC:0002  DE:0000  HL:0000  AF:3702  SP:7FED  PC:0139   
0145  F1        POP PSW     (3)  BC:0002  DE:0000  HL:0000  AF:3702  SP:7FEF  PC:0145   
0146  CD 55 01  CALL 0155   (3)  BC:0002  DE:0000  HL:0000  AF:7706  SP:7FF1  PC:0146   
0155  E6 0F     ANI 0F      (4)  BC:0002  DE:0000  HL:0000  AF:7706  SP:7FEF  PC:0155   
0157  FE 0A     CPI 0A      (4)  BC:0002  DE:0000  HL:0000  AF:0712  SP:7FEF  PC:0157   
0159  FA 5E 01  JM 015E     (4)  BC:0002  DE:0000  HL:0000  AF:0783  SP:7FEF  PC:0159   
015E  C6 30     ADI 30      (4)  BC:0002  DE:0000  HL:0000  AF:0783  SP:7FEF  PC:015E   
0160  C9        RET         (4)  BC:0002  DE:0000  HL:0000  AF:3702  SP:7FEF  PC:0160   
0149  CD 2D 01  CALL 012D   (3)  BC:0002  DE:0000  HL:0000  AF:3702  SP:7FF1  PC:0149   
012D  C5        PUSH B      (4)  BC:0002  DE:0000  HL:0000  AF:3702  SP:7FEF  PC:012D   
012E  D5        PUSH D      (4)  BC:0002  DE:0000  HL:0000  AF:3702  SP:7FED  PC:012E   
012F  E5        PUSH H      (4)  BC:0002  DE:0000  HL:0000  AF:3702  SP:7FEB  PC:012F   
0130  F5        PUSH PSW    (4)  BC:0002  DE:0000  HL:0000  AF:3702  SP:7FE9  PC:0130   
0131  4F        MOV C,A     (4)  BC:0002  DE:0000  HL:0000  AF:3702  SP:7FE7  PC:0131   
0132  CD 37 C0  CALL C037   (4)  BC:0037  DE:0000  HL:0000  AF:3702  SP:7FE7  PC:0132   
0135  F1        POP PSW     (4)  BC:0037  DE:0000  HL:0000  AF:3702  SP:7FE7  PC:0135   
0136  E1        POP H       (4)  BC:0037  DE:0000  HL:0000  AF:3702  SP:7FE9  PC:0136   
0137  D1        POP D       (4)  BC:0037  DE:0000  HL:0000  AF:3702  SP:7FEB  PC:0137   
0138  C1        POP B       (4)  BC:0037  DE:0000  HL:0000  AF:3702  SP:7FED  PC:0138   
0139  C9        RET         (4)  BC:0002  DE:0000  HL:0000  AF:3702  SP:7FEF  PC:0139   
014C  F1        POP PSW     (3)  BC:0002  DE:0000  HL:0000  AF:3702  SP:7FF1  PC:014C   
014D  E1        POP H       (3)  BC:0002  DE:0000  HL:0000  AF:7706  SP:7FF3  PC:014D   
014E  D1        POP D       (3)  BC:0002  DE:0000  HL:0000  AF:7706  SP:7FF5  PC:014E   
014F  C1        POP B       (3)  BC:0002  DE:0000  HL:0000  AF:7706  SP:7FF7  PC:014F   
0150  C9        RET         (3)  BC:0002  DE:0000  HL:0000  AF:7706  SP:7FF9  PC:0150   
007B  EE E8     XRI E8      (2)  BC:0002  DE:0000  HL:0000  AF:7706  SP:7FFB  PC:007B   
007D  CD F4 00  CALL 00F4   (2)  BC:0002  DE:0000  HL:0000  AF:9F86  SP:7FFB  PC:007D   
00F4  C5        PUSH B      (3)  BC:0002  DE:0000  HL:0000  AF:9F86  SP:7FF9  PC:00F4   
00F5  D5        PUSH D      (3)  BC:0002  DE:0000  HL:0000  AF:9F86  SP:7FF7  PC:00F5   
00F6  E5        PUSH H      (3)  BC:0002  DE:0000  HL:0000  AF:9F86  SP:7FF5  PC:00F6   
00F7  F5        PUSH PSW    (3)  BC:0002  DE:0000  HL:0000  AF:9F86  SP:7FF3  PC:00F7   
00F8  21 00 00  LXI H,0000  (3)  BC:0002  DE:0000  HL:0000  AF:9F86  SP:7FF1  PC:00F8   
00FB  39        DAD SP      (3)  BC:0002  DE:0000  HL:0000  AF:9F86  SP:7FF1  PC:00FB   
00FC  0E 08     MVI C,08    (3)  BC:0002  DE:0000  HL:7FF1  AF:9F86  SP:7FF1  PC:00FC   
00FE  2B        DCX H       (3)  BC:0008  DE:0000  HL:7FF1  AF:9F86  SP:7FF1  PC:00FE   
00FF  0D        DCR C       (3)  BC:0008  DE:0000  HL:7FF0  AF:9F86  SP:7FF1  PC:00FF   
0100  C2 FE 00  JNZ 00FE    (3)  BC:0007  DE:0000  HL:7FF0  AF:9F12  SP:7FF1  PC:0100   
00FE  2B        DCX H       (3)  BC:0007  DE:0000  HL:7FF0  AF:9F12  SP:7FF1  PC:00FE   
00FF  0D        DCR C       (3)  BC:0007  DE:0000  HL:7FEF  AF:9F12  SP:7FF1  PC:00FF   
0100  C2 FE 00  JNZ 00FE    (3)  BC:0006  DE:0000  HL:7FEF  AF:9F16  SP:7FF1  PC:0100   
00FE  2B        DCX H       (3)  BC:0006  DE:0000  HL:7FEF  AF:9F16  SP:7FF1  PC:00FE   
00FF  0D        DCR C       (3)  BC:0006  DE:0000  HL:7FEE  AF:9F16  SP:7FF1  PC:00FF   
0100  C2 FE 00  JNZ 00FE    (3)  BC:0005  DE:0000  HL:7FEE  AF:9F16  SP:7FF1  PC:0100   
00FE  2B        DCX H       (3)  BC:0005  DE:0000  HL:7FEE  AF:9F16  SP:7FF1  PC:00FE   
00FF  0D        DCR C       (3)  BC:0005  DE:0000  HL:7FED  AF:9F16  SP:7FF1  PC:00FF   
0100  C2 FE 00  JNZ 00FE    (3)  BC:0004  DE:0000  HL:7FED  AF:9F12  SP:7FF1  PC:0100   
00FE  2B        DCX H       (3)  BC:0004  DE:0000  HL:7FED  AF:9F12  SP:7FF1  PC:00FE   
00FF  0D        DCR C       (3)  BC:0004  DE:0000  HL:7FEC  AF:9F12  SP:7FF1  PC:00FF   
0100  C2 FE 00  JNZ 00FE    (3)  BC:0003  DE:0000  HL:7FEC  AF:9F16  SP:7FF1  PC:0100   
00FE  2B        DCX H       (3)  BC:0003  DE:0000  HL:7FEC  AF:9F16  SP:7FF1  PC:00FE   
00FF  0D        DCR C       (3)  BC:0003  DE:0000  HL:7FEB  AF:9F16  SP:7FF1  PC:00FF   
0100  C2 FE 00  JNZ 00FE    (3)  BC:0002  DE:0000  HL:7FEB  AF:9F12  SP:7FF1  PC:0100   
00FE  2B        DCX H       (3)  BC:0002  DE:0000  HL:7FEB  AF:9F12  SP:7FF1  PC:00FE   
00FF  0D        DCR C       (3)  BC:0002  DE:0000  HL:7FEA  AF:9F12  SP:7FF1  PC:00FF   
0100  C2 FE 00  JNZ 00FE    (3)  BC:0001  DE:0000  HL:7FEA  AF:9F12  SP:7FF1  PC:0100   
00FE  2B        DCX H       (3)  BC:0001  DE:0000  HL:7FEA  AF:9F12  SP:7FF1  PC:00FE   
00FF  0D        DCR C       (3)  BC:0001  DE:0000  HL:7FE9  AF:9F12  SP:7FF1  PC:00FF   
0100  C2 FE 00  JNZ 00FE    (3)  BC:0000  DE:0000  HL:7FE9  AF:9F56  SP:7FF1  PC:0100   
0103  11 61 00  LXI D,0061  (3)  BC:0000  DE:0000  HL:7FE9  AF:9F56  SP:7FF1  PC:0103   
0106  1A        LDAX D      (3)  BC:0000  DE:0061  HL:7FE9  AF:9F56  SP:7FF1  PC:0106   
0107  0E 08     MVI C,08    (3)  BC:0000  DE:0061  HL:7FE9  AF:9C56  SP:7FF1  PC:0107   
0109  46        MOV B,M     (3)  BC:0008  DE:0061  HL:7FE9  AF:9C56  SP:7FF1  PC:0109   
010A  A8        XRA B       (3)  BC:0008  DE:0061  HL:7FE9  AF:9C56  SP:7FF1  PC:010A   
010B  23        INX H       (3)  BC:0008  DE:0061  HL:7FE9  AF:9C86  SP:7FF1  PC:010B   
010C  0D        DCR C       (3)  BC:0008  DE:0061  HL:7FEA  AF:9C86  SP:7FF1  PC:010C   
010D  C2 09 01  JNZ 0109    (3)  BC:0007  DE:0061  HL:7FEA  AF:9C12  SP:7FF1  PC:010D   
0109  46        MOV B,M     (3)  BC:0007  DE:0061  HL:7FEA  AF:9C12  SP:7FF1  PC:0109   
010A  A8        XRA B       (3)  BC:0007  DE:0061  HL:7FEA  AF:9C12  SP:7FF1  PC:010A   
010B  23        INX H       (3)  BC:0007  DE:0061  HL:7FEA  AF:9C86  SP:7FF1  PC:010B   
010C  0D        DCR C       (3)  BC:0007  DE:0061  HL:7FEB  AF:9C86  SP:7FF1  PC:010C   
010D  C2 09 01  JNZ 0109    (3)  BC:0006  DE:0061  HL:7FEB  AF:9C16  SP:7FF1  PC:010D   
0109  46        MOV B,M     (3)  BC:0006  DE:0061  HL:7FEB  AF:9C16  SP:7FF1  PC:0109   
010A  A8        XRA B       (3)  BC:0006  DE:0061  HL:7FEB  AF:9C16  SP:7FF1  PC:010A   
010B  23        INX H       (3)  BC:0006  DE:0061  HL:7FEB  AF:9C86  SP:7FF1  PC:010B   
010C  0D        DCR C       (3)  BC:0006  DE:0061  HL:7FEC  AF:9C86  SP:7FF1  PC:010C   
010D  C2 09 01  JNZ 0109    (3)  BC:0005  DE:0061  HL:7FEC  AF:9C16  SP:7FF1  PC:010D   
0109  46        MOV B,M     (3)  BC:0005  DE:0061  HL:7FEC  AF:9C16  SP:7FF1  PC:0109   
010A  A8        XRA B       (3)  BC:0005  DE:0061  HL:7FEC  AF:9C16  SP:7FF1  PC:010A   
010B  23        INX H       (3)  BC:0005  DE:0061  HL:7FEC  AF:9C86  SP:7FF1  PC:010B   
010C  0D        DCR C       (3)  BC:0005  DE:0061  HL:7FED  AF:9C86  SP:7FF1  PC:010C   
010D  C2 09 01  JNZ 0109    (3)  BC:0004  DE:0061  HL:7FED  AF:9C12  SP:7FF1  PC:010D   
0109  46        MOV B,M     (3)  BC:0004  DE:0061  HL:7FED  AF:9C12  SP:7FF1  PC:0109   
010A  A8        XRA B       (3)  BC:0204  DE:0061  HL:7FED  AF:9C12  SP:7FF1  PC:010A   
010B  23        INX H       (3)  BC:0204  DE:0061  HL:7FED  AF:9E82  SP:7FF1  PC:010B   
010C  0D        DCR C       (3)  BC:0204  DE:0061  HL:7FEE  AF:9E82  SP:7FF1  PC:010C   
010D  C2 09 01  JNZ 0109    (3)  BC:0203  DE:0061  HL:7FEE  AF:9E16  SP:7FF1  PC:010D   
0109  46        MOV B,M     (3)  BC:0203  DE:0061  HL:7FEE  AF:9E16  SP:7FF1  PC:0109   
010A  A8        XRA B       (3)  BC:0003  DE:0061  HL:7FEE  AF:9E16  SP:7FF1  PC:010A   
010B  23        INX H       (3)  BC:0003  DE:0061  HL:7FEE  AF:9E82  SP:7FF1  PC:010B   
010C  0D        DCR C       (3)  BC:0003  DE:0061  HL:7FEF  AF:9E82  SP:7FF1  PC:010C   
010D  C2 09 01  JNZ 0109    (3)  BC:0002  DE:0061  HL:7FEF  AF:9E12  SP:7FF1  PC:010D   
0109  46        MOV B,M     (3)  BC:0002  DE:0061  HL:7FEF  AF:9E12  SP:7FF1  PC:0109   
010A  A8        XRA B       (3)  BC:4C02  DE:0061  HL:7FEF  AF:9E12  SP:7FF1  PC:010A   
010B  23        INX H       (3)  BC:4C02  DE:0061  HL:7FEF  AF:D286  SP:7FF1  PC:010B   
010C  0D        DCR C       (3)  BC:4C02  DE:0061  HL:7FF0  AF:D286  SP:7FF1  PC:010C   
010D  C2 09 01  JNZ 0109    (3)  BC:4C01  DE:0061  HL:7FF0  AF:D212  SP:7FF1  PC:010D   
0109  46        MOV B,M     (3)  BC:4C01  DE:0061  HL:7FF0  AF:D212  SP:7FF1  PC:0109   
010A  A8        XRA B       (3)  BC:0101  DE:0061  HL:7FF0  AF:D212  SP:7FF1  PC:010A   
010B  23        INX H       (3)  BC:0101  DE:0061  HL:7FF0  AF:D382  SP:7FF1  PC:010B   
010C  0D        DCR C       (3)  BC:0101  DE:0061  HL:7FF1  AF:D382  SP:7FF1  PC:010C   
010D  C2 09 01  JNZ 0109    (3)  BC:0100  DE:0061  HL:7FF1  AF:D356  SP:7FF1  PC:010D   
0110  12        STAX D      (3)  BC:0100  DE:0061  HL:7FF1  AF:D356  SP:7FF1  PC:0110   
0111  C1        POP B       (3)  BC:0100  DE:0061  HL:7FF1  AF:D356  SP:7FF1  PC:0111   
0112  D1        POP D       (3)  BC:9F86  DE:0061  HL:7FF1  AF:D356  SP:7FF3  PC:0112   
0113  E1        POP H       (3)  BC:9F86  DE:0000  HL:7FF1  AF:D356  SP:7FF5  PC:0113   
0114  F1        POP PSW     (3)  BC:9F86  DE:0000  HL:0000  AF:D356  SP:7FF7  PC:0114   
0115  C9        RET         (3)  BC:9F86  DE:0000  HL:0000  AF:0002  SP:7FF9  PC:0115   
0080  CD 3A 01  CALL 013A   (2)  BC:9F86  DE:0000  HL:0000  AF:0002  SP:7FFB  PC:0080   
013A  C5        PUSH B      (3)  BC:9F86  DE:0000  HL:0000  AF:0002  SP:7FF9  PC:013A   
013B  D5        PUSH D      (3)  BC:9F86  DE:0000  HL:0000  AF:0002  SP:7FF7  PC:013B   
013C  E5        PUSH H      (3)  BC:9F86  DE:0000  HL:0000  AF:0002  SP:7FF5  PC:013C   
013D  F5        PUSH PSW    (3)  BC:9F86  DE:0000  HL:0000  AF:0002  SP:7FF3  PC:013D   
013E  F5        PUSH PSW    (3)  BC:9F86  DE:0000  HL:0000  AF:0002  SP:7FF1  PC:013E   
013F  CD 51 01  CALL 0151   (3)  BC:9F86  DE:0000  HL:0000  AF:0002  SP:7FEF  PC:013F   
0151  0F        RRC         (4)  BC:9F86  DE:0000  HL:0000  AF:0002  SP:7FED  PC:0151   
0152  0F        RRC         (4)  BC:9F86  DE:0000  HL:0000  AF:0002  SP:7FED  PC:0152   
0153  0F        RRC         (4)  BC:9F86  DE:0000  HL:0000  AF:0002  SP:7FED  PC:0153   
0154  0F        RRC         (4)  BC:9F86  DE:0000  HL:0000  AF:0002  SP:7FED  PC:0154   
0155  E6 0F     ANI 0F      (4)  BC:9F86  DE:0000  HL:0000  AF:0002  SP:7FED  PC:0155   
0157  FE 0A     CPI 0A      (4)  BC:9F86  DE:0000  HL:0000  AF:0056  SP:7FED  PC:0157   
0159  FA 5E 01  JM 015E     (4)  BC:9F86  DE:0000  HL:0000  AF:0087  SP:7FED  PC:0159   
015E  C6 30     ADI 30      (4)  BC:9F86  DE:0000  HL:0000  AF:0087  SP:7FED  PC:015E   
0160  C9        RET         (4)  BC:9F86  DE:0000  HL:0000  AF:3006  SP:7FED  PC:0160   
0142  CD 2D 01  CALL 012D   (3)  BC:9F86  DE:0000  HL:0000  AF:3006  SP:7FEF  PC:0142   
012D  C5        PUSH B      (4)  BC:9F86  DE:0000  HL:0000  AF:3006  SP:7FED  PC:012D   
012E  D5        PUSH D      (4)  BC:9F86  DE:0000  HL:0000  AF:3006  SP:7FEB  PC:012E   
012F  E5        PUSH H      (4)  BC:9F86  DE:0000  HL:0000  AF:3006  SP:7FE9  PC:012F   
0130  F5        PUSH PSW    (4)  BC:9F86  DE:0000  HL:0000  AF:3006  SP:7FE7  PC:0130   
0131  4F        MOV C,A     (4)  BC:9F86  DE:0000  HL:0000  AF:3006  SP:7FE5  PC:0131   
0132  CD 37 C0  CALL C037   (4)  BC:9F30  DE:0000  HL:0000  AF:3006  SP:7FE5  PC:0132   
0135  F1        POP PSW     (4)  BC:9F30  DE:0000  HL:0000  AF:3006  SP:7FE5  PC:0135   
0136  E1        POP H       (4)  BC:9F30  DE:0000  HL:0000  AF:3006  SP:7FE7  PC:0136   
0137  D1        POP D       (4)  BC:9F30  DE:0000  HL:0000  AF:3006  SP:7FE9  PC:0137   
0138  C1        POP B       (4)  BC:9F30  DE:0000  HL:0000  AF:3006  SP:7FEB  PC:0138   
0139  C9        RET         (4)  BC:9F86  DE:0000  HL:0000  AF:3006  SP:7FED  PC:0139   
0145  F1        POP PSW     (3)  BC:9F86  DE:0000  HL:0000  AF:3006  SP:7FEF  PC:0145   
0146  CD 55 01  CALL 0155   (3)  BC:9F86  DE:0000  HL:0000  AF:0002  SP:7FF1  PC:0146   
0155  E6 0F     ANI 0F      (4)  BC:9F86  DE:0000  HL:0000  AF:0002  SP:7FEF  PC:0155   
0157  FE 0A     CPI 0A      (4)  BC:9F86  DE:0000  HL:0000  AF:0056  SP:7FEF  PC:0157   
0159  FA 5E 01  JM 015E     (4)  BC:9F86  DE:0000  HL:0000  AF:0087  SP:7FEF  PC:0159   
015E  C6 30     ADI 30      (4)  BC:9F86  DE:0000  HL:0000  AF:0087  SP:7FEF  PC:015E   
0160  C9        RET         (4)  BC:9F86  DE:0000  HL:0000  AF:3006  SP:7FEF  PC:0160   
0149  CD 2D 01  CALL 012D   (3)  BC:9F86  DE:0000  HL:0000  AF:3006  SP:7FF1  PC:0149   
012D  C5        PUSH B      (4)  BC:9F86  DE:0000  HL:0000  AF:3006  SP:7FEF  PC:012D   
012E  D5        PUSH D      (4)  BC:9F86  DE:0000  HL:0000  AF:3006  SP:7FED  PC:012E   
012F  E5        PUSH H      (4)  BC:9F86  DE:0000  HL:0000  AF:3006  SP:7FEB  PC:012F   
0130  F5        PUSH PSW    (4)  BC:9F86  DE:0000  HL:0000  AF:3006  SP:7FE9  PC:0130   
0131  4F        MOV C,A     (4)  BC:9F86  DE:0000  HL:0000  AF:3006  SP:7FE7  PC:0131   
0132  CD 37 C0  CALL C037   (4)  BC:9F30  DE:0000  HL:0000  AF:3006  SP:7FE7  PC:0132   
0135  F1        POP PSW     (4)  BC:9F30  DE:0000  HL:0000  AF:3006  SP:7FE7  PC:0135   
0136  E1        POP H       (4)  BC:9F30  DE:0000  HL:0000  AF:3006  SP:7FE9  PC:0136   
0137  D1        POP D       (4)  BC:9F30  DE:0000  HL:0000  AF:3006  SP:7FEB  PC:0137   
0138  C1        POP B       (4)  BC:9F30  DE:0000  HL:0000  AF:3006  SP:7FED  PC:0138   
0139  C9        RET         (4)  BC:9F86  DE:0000  HL:0000  AF:3006  SP:7FEF  PC:0139   
014C  F1        POP PSW     (3)  BC:9F86  DE:0000  HL:0000  AF:3006  SP:7FF1  PC:014C   
014D  E1        POP H       (3)  BC:9F86  DE:0000  HL:0000  AF:0002  SP:7FF3  PC:014D   
014E  D1        POP D       (3)  BC:9F86  DE:0000  HL:0000  AF:0002  SP:7FF5  PC:014E   
014F  C1        POP B       (3)  BC:9F86  DE:0000  HL:0000  AF:0002  SP:7FF7  PC:014F   
0150  C9        RET         (3)  BC:9F86  DE:0000  HL:0000  AF:0002  SP:7FF9  PC:0150   
0083  07        RLC         (2)  BC:9F86  DE:0000  HL:0000  AF:0002  SP:7FFB  PC:0083   
0084  CD F4 00  CALL 00F4   (2)  BC:9F86  DE:0000  HL:0000  AF:0002  SP:7FFB  PC:0084   
00F4  C5        PUSH B      (3)  BC:9F86  DE:0000  HL:0000  AF:0002  SP:7FF9  PC:00F4   
00F5  D5        PUSH D      (3)  BC:9F86  DE:0000  HL:0000  AF:0002  SP:7FF7  PC:00F5   
00F6  E5        PUSH H      (3)  BC:9F86  DE:0000  HL:0000  AF:0002  SP:7FF5  PC:00F6   
00F7  F5        PUSH PSW    (3)  BC:9F86  DE:0000  HL:0000  AF:0002  SP:7FF3  PC:00F7   
00F8  21 00 00  LXI H,0000  (3)  BC:9F86  DE:0000  HL:0000  AF:0002  SP:7FF1  PC:00F8   
00FB  39        DAD SP      (3)  BC:9F86  DE:0000  HL:0000  AF:0002  SP:7FF1  PC:00FB   
00FC  0E 08     MVI C,08    (3)  BC:9F86  DE:0000  HL:7FF1  AF:0002  SP:7FF1  PC:00FC   
00FE  2B        DCX H       (3)  BC:9F08  DE:0000  HL:7FF1  AF:0002  SP:7FF1  PC:00FE   
00FF  0D        DCR C       (3)  BC:9F08  DE:0000  HL:7FF0  AF:0002  SP:7FF1  PC:00FF   
0100  C2 FE 00  JNZ 00FE    (3)  BC:9F07  DE:0000  HL:7FF0  AF:0012  SP:7FF1  PC:0100   
00FE  2B        DCX H       (3)  BC:9F07  DE:0000  HL:7FF0  AF:0012  SP:7FF1  PC:00FE   
00FF  0D        DCR C       (3)  BC:9F07  DE:0000  HL:7FEF  AF:0012  SP:7FF1  PC:00FF   
0100  C2 FE 00  JNZ 00FE    (3)  BC:9F06  DE:0000  HL:7FEF  AF:0016  SP:7FF1  PC:0100   
00FE  2B        DCX H       (3)  BC:9F06  DE:0000  HL:7FEF  AF:0016  SP:7FF1  PC:00FE   
00FF  0D        DCR C       (3)  BC:9F06  DE:0000  HL:7FEE  AF:0016  SP:7FF1  PC:00FF   
0100  C2 FE 00  JNZ 00FE    (3)  BC:9F05  DE:0000  HL:7FEE  AF:0016  SP:7FF1  PC:0100   
00FE  2B        DCX H       (3)  BC:9F05  DE:0000  HL:7FEE  AF:0016  SP:7FF1  PC:00FE   
00FF  0D        DCR C       (3)  BC:9F05  DE:0000  HL:7FED  AF:0016  SP:7FF1  PC:00FF   
0100  C2 FE 00  JNZ 00FE    (3)  BC:9F04  DE:0000  HL:7FED  AF:0012  SP:7FF1  PC:0100   
00FE  2B        DCX H       (3)  BC:9F04  DE:0000  HL:7FED  AF:0012  SP:7FF1  PC:00FE   
00FF  0D        DCR C       (3)  BC:9F04  DE:0000  HL:7FEC  AF:0012  SP:7FF1  PC:00FF   
0100  C2 FE 00  JNZ 00FE    (3)  BC:9F03  DE:0000  HL:7FEC  AF:0016  SP:7FF1  PC:0100   
00FE  2B        DCX H       (3)  BC:9F03  DE:0000  HL:7FEC  AF:0016  SP:7FF1  PC:00FE   
00FF  0D        DCR C       (3)  BC:9F03  DE:0000  HL:7FEB  AF:0016  SP:7FF1  PC:00FF   
0100  C2 FE 00  JNZ 00FE    (3)  BC:9F02  DE:0000  HL:7FEB  AF:0012  SP:7FF1  PC:0100   
00FE  2B        DCX H       (3)  BC:9F02  DE:0000  HL:7FEB  AF:0012  SP:7FF1  PC:00FE   
00FF  0D        DCR C       (3)  BC:9F02  DE:0000  HL:7FEA  AF:0012  SP:7FF1  PC:00FF   
0100  C2 FE 00  JNZ 00FE    (3)  BC:9F01  DE:0000  HL:7FEA  AF:0012  SP:7FF1  PC:0100   
00FE  2B        DCX H       (3)  BC:9F01  DE:0000  HL:7FEA  AF:0012  SP:7FF1  PC:00FE   
00FF  0D        DCR C       (3)  BC:9F01  DE:0000  HL:7FE9  AF:0012  SP:7FF1  PC:00FF   
0100  C2 FE 00  JNZ 00FE    (3)  BC:9F00  DE:0000  HL:7FE9  AF:0056  SP:7FF1  PC:0100   
0103  11 61 00  LXI D,0061  (3)  BC:9F00  DE:0000  HL:7FE9  AF:0056  SP:7FF1  PC:0103   
0106  1A        LDAX D      (3)  BC:9F00  DE:0061  HL:7FE9  AF:0056  SP:7FF1  PC:0106   
0107  0E 08     MVI C,08    (3)  BC:9F00  DE:0061  HL:7FE9  AF:D356  SP:7FF1  PC:0107   
0109  46        MOV B,M     (3)  BC:9F08  DE:0061  HL:7FE9  AF:D356  SP:7FF1  PC:0109   
010A  A8        XRA B       (3)  BC:0008  DE:0061  HL:7FE9  AF:D356  SP:7FF1  PC:010A   
010B  23        INX H       (3)  BC:0008  DE:0061  HL:7FE9  AF:D382  SP:7FF1  PC:010B   
010C  0D        DCR C       (3)  BC:0008  DE:0061  HL:7FEA  AF:D382  SP:7FF1  PC:010C   
010D  C2 09 01  JNZ 0109    (3)  BC:0007  DE:0061  HL:7FEA  AF:D312  SP:7FF1  PC:010D   
0109  46        MOV B,M     (3)  BC:0007  DE:0061  HL:7FEA  AF:D312  SP:7FF1  PC:0109   
010A  A8        XRA B       (3)  BC:0007  DE:0061  HL:7FEA  AF:D312  SP:7FF1  PC:010A   
010B  23        INX H       (3)  BC:0007  DE:0061  HL:7FEA  AF:D382  SP:7FF1  PC:010B   
010C  0D        DCR C       (3)  BC:0007  DE:0061  HL:7FEB  AF:D382  SP:7FF1  PC:010C   
010D  C2 09 01  JNZ 0109    (3)  BC:0006  DE:0061  HL:7FEB  AF:D316  SP:7FF1  PC:010D   
0109  46        MOV B,M     (3)  BC:0006  DE:0061  HL:7FEB  AF:D316  SP:7FF1  PC:0109   
010A  A8        XRA B       (3)  BC:0006  DE:0061  HL:7FEB  AF:D316  SP:7FF1  PC:010A   
010B  23        INX H       (3)  BC:0006  DE:0061  HL:7FEB  AF:D382  SP:7FF1  PC:010B   
010C  0D        DCR C       (3)  BC:0006  DE:0061  HL:7FEC  AF:D382  SP:7FF1  PC:010C   
010D  C2 09 01  JNZ 0109    (3)  BC:0005  DE:0061  HL:7FEC  AF:D316  SP:7FF1  PC:010D   
0109  46        MOV B,M     (3)  BC:0005  DE:0061  HL:7FEC  AF:D316  SP:7FF1  PC:0109   
010A  A8        XRA B       (3)  BC:0005  DE:0061  HL:7FEC  AF:D316  SP:7FF1  PC:010A   
010B  23        INX H       (3)  BC:0005  DE:0061  HL:7FEC  AF:D382  SP:7FF1  PC:010B   
010C  0D        DCR C       (3)  BC:0005  DE:0061  HL:7FED  AF:D382  SP:7FF1  PC:010C   
010D  C2 09 01  JNZ 0109    (3)  BC:0004  DE:0061  HL:7FED  AF:D312  SP:7FF1  PC:010D   
0109  46        MOV B,M     (3)  BC:0004  DE:0061  HL:7FED  AF:D312  SP:7FF1  PC:0109   
010A  A8        XRA B       (3)  BC:8604  DE:0061  HL:7FED  AF:D312  SP:7FF1  PC:010A   
010B  23        INX H       (3)  BC:8604  DE:0061  HL:7FED  AF:5506  SP:7FF1  PC:010B   
010C  0D        DCR C       (3)  BC:8604  DE:0061  HL:7FEE  AF:5506  SP:7FF1  PC:010C   
010D  C2 09 01  JNZ 0109    (3)  BC:8603  DE:0061  HL:7FEE  AF:5516  SP:7FF1  PC:010D   
0109  46        MOV B,M     (3)  BC:8603  DE:0061  HL:7FEE  AF:5516  SP:7FF1  PC:0109   
010A  A8        XRA B       (3)  BC:9F03  DE:0061  HL:7FEE  AF:5516  SP:7FF1  PC:010A   
010B  23        INX H       (3)  BC:9F03  DE:0061  HL:7FEE  AF:CA86  SP:7FF1  PC:010B   
010C  0D        DCR C       (3)  BC:9F03  DE:0061  HL:7FEF  AF:CA86  SP:7FF1  PC:010C   
010D  C2 09 01  JNZ 0109    (3)  BC:9F02  DE:0061  HL:7FEF  AF:CA12  SP:7FF1  PC:010D   
0109  46        MOV B,M     (3)  BC:9F02  DE:0061  HL:7FEF  AF:CA12  SP:7FF1  PC:0109   
010A  A8        XRA B       (3)  BC:4C02  DE:0061  HL:7FEF  AF:CA12  SP:7FF1  PC:010A   
010B  23        INX H       (3)  BC:4C02  DE:0061  HL:7FEF  AF:8682  SP:7FF1  PC:010B   
010C  0D        DCR C       (3)  BC:4C02  DE:0061  HL:7FF0  AF:8682  SP:7FF1  PC:010C   
010D  C2 09 01  JNZ 0109    (3)  BC:4C01  DE:0061  HL:7FF0  AF:8612  SP:7FF1  PC:010D   
0109  46        MOV B,M     (3)  BC:4C01  DE:0061  HL:7FF0  AF:8612  SP:7FF1  PC:0109   
010A  A8        XRA B       (3)  BC:0101  DE:0061  HL:7FF0  AF:8612  SP:7FF1  PC:010A   
010B  23        INX H       (3)  BC:0101  DE:0061  HL:7FF0  AF:8786  SP:7FF1  PC:010B   
010C  0D        DCR C       (3)  BC:0101  DE:0061  HL:7FF1  AF:8786  SP:7FF1  PC:010C   
010D  C2 09 01  JNZ 0109    (3)  BC:0100  DE:0061  HL:7FF1  AF:8756  SP:7FF1  PC:010D   
0110  12        STAX D      (3)  BC:0100  DE:0061  HL:7FF1  AF:8756  SP:7FF1  PC:0110   
0111  C1        POP B       (3)  BC:0100  DE:0061  HL:7FF1  AF:8756  SP:7FF1  PC:0111   
0112  D1        POP D       (3)  BC:0002  DE:0061  HL:7FF1  AF:8756  SP:7FF3  PC:0112   
0113  E1        POP H       (3)  BC:0002  DE:0000  HL:7FF1  AF:8756  SP:7FF5  PC:0113   
0114  F1        POP PSW     (3)  BC:0002  DE:0000  HL:0000  AF:8756  SP:7FF7  PC:0114   
0115  C9        RET         (3)  BC:0002  DE:0000  HL:0000  AF:9F86  SP:7FF9  PC:0115   
0087  CD 3A 01  CALL 013A   (2)  BC:0002  DE:0000  HL:0000  AF:9F86  SP:7FFB  PC:0087   
013A  C5        PUSH B      (3)  BC:0002  DE:0000  HL:0000  AF:9F86  SP:7FF9  PC:013A   
013B  D5        PUSH D      (3)  BC:0002  DE:0000  HL:0000  AF:9F86  SP:7FF7  PC:013B   
013C  E5        PUSH H      (3)  BC:0002  DE:0000  HL:0000  AF:9F86  SP:7FF5  PC:013C   
013D  F5        PUSH PSW    (3)  BC:0002  DE:0000  HL:0000  AF:9F86  SP:7FF3  PC:013D   
013E  F5        PUSH PSW    (3)  BC:0002  DE:0000  HL:0000  AF:9F86  SP:7FF1  PC:013E   
013F  CD 51 01  CALL 0151   (3)  BC:0002  DE:0000  HL:0000  AF:9F86  SP:7FEF  PC:013F   
0151  0F        RRC         (4)  BC:0002  DE:0000  HL:0000  AF:9F86  SP:7FED  PC:0151   
0152  0F        RRC         (4)  BC:0002  DE:0000  HL:0000  AF:CF87  SP:7FED  PC:0152   
0153  0F        RRC         (4)  BC:0002  DE:0000  HL:0000  AF:E787  SP:7FED  PC:0153   
0154  0F        RRC         (4)  BC:0002  DE:0000  HL:0000  AF:F387  SP:7FED  PC:0154   
0155  E6 0F     ANI 0F      (4)  BC:0002  DE:0000  HL:0000  AF:F987  SP:7FED  PC:0155   
0157  FE 0A     CPI 0A      (4)  BC:0002  DE:0000  HL:0000  AF:0916  SP:7FED  PC:0157   
0159  FA 5E 01  JM 015E     (4)  BC:0002  DE:0000  HL:0000  AF:0987  SP:7FED  PC:0159   
015E  C6 30     ADI 30      (4)  BC:0002  DE:0000  HL:0000  AF:0987  SP:7FED  PC:015E   
0160  C9        RET         (4)  BC:0002  DE:0000  HL:0000  AF:3906  SP:7FED  PC:0160   
0142  CD 2D 01  CALL 012D   (3)  BC:0002  DE:0000  HL:0000  AF:3906  SP:7FEF  PC:0142   
012D  C5        PUSH B      (4)  BC:0002  DE:0000  HL:0000  AF:3906  SP:7FED  PC:012D   
012E  D5        PUSH D      (4)  BC:0002  DE:0000  HL:0000  AF:3906  SP:7FEB  PC:012E   
012F  E5        PUSH H      (4)  BC:0002  DE:0000  HL:0000  AF:3906  SP:7FE9  PC:012F   
0130  F5        PUSH PSW    (4)  BC:0002  DE:0000  HL:0000  AF:3906  SP:7FE7  PC:0130   
0131  4F        MOV C,A     (4)  BC:0002  DE:0000  HL:0000  AF:3906  SP:7FE5  PC:0131   
0132  CD 37 C0  CALL C037   (4)  BC:0039  DE:0000  HL:0000  AF:3906  SP:7FE5  PC:0132   
0135  F1        POP PSW     (4)  BC:0039  DE:0000  HL:0000  AF:3906  SP:7FE5  PC:0135   
0136  E1        POP H       (4)  BC:0039  DE:0000  HL:0000  AF:3906  SP:7FE7  PC:0136   
0137  D1        POP D       (4)  BC:0039  DE:0000  HL:0000  AF:3906  SP:7FE9  PC:0137   
0138  C1        POP B       (4)  BC:0039  DE:0000  HL:0000  AF:3906  SP:7FEB  PC:0138   
0139  C9        RET         (4)  BC:0002  DE:0000  HL:0000  AF:3906  SP:7FED  PC:0139   
0145  F1        POP PSW     (3)  BC:0002  DE:0000  HL:0000  AF:3906  SP:7FEF  PC:0145   
0146  CD 55 01  CALL 0155   (3)  BC:0002  DE:0000  HL:0000  AF:9F86  SP:7FF1  PC:0146   
0155  E6 0F     ANI 0F      (4)  BC:0002  DE:0000  HL:0000  AF:9F86  SP:7FEF  PC:0155   
0157  FE 0A     CPI 0A      (4)  BC:0002  DE:0000  HL:0000  AF:0F16  SP:7FEF  PC:0157   
0159  FA 5E 01  JM 015E     (4)  BC:0002  DE:0000  HL:0000  AF:0F16  SP:7FEF  PC:0159   
015C  C6 07     ADI 07      (4)  BC:0002  DE:0000  HL:0000  AF:0F16  SP:7FEF  PC:015C   
015E  C6 30     ADI 30      (4)  BC:0002  DE:0000  HL:0000  AF:1612  SP:7FEF  PC:015E   
0160  C9        RET         (4)  BC:0002  DE:0000  HL:0000  AF:4602  SP:7FEF  PC:0160   
0149  CD 2D 01  CALL 012D   (3)  BC:0002  DE:0000  HL:0000  AF:4602  SP:7FF1  PC:0149   
012D  C5        PUSH B      (4)  BC:0002  DE:0000  HL:0000  AF:4602  SP:7FEF  PC:012D   
012E  D5        PUSH D      (4)  BC:0002  DE:0000  HL:0000  AF:4602  SP:7FED  PC:012E   
012F  E5        PUSH H      (4)  BC:0002  DE:0000  HL:0000  AF:4602  SP:7FEB  PC:012F   
0130  F5        PUSH PSW    (4)  BC:0002  DE:0000  HL:0000  AF:4602  SP:7FE9  PC:0130   
0131  4F        MOV C,A     (4)  BC:0002  DE:0000  HL:0000  AF:4602  SP:7FE7  PC:0131   
0132  CD 37 C0  CALL C037   (4)  BC:0046  DE:0000  HL:0000  AF:4602  SP:7FE7  PC:0132   
0135  F1        POP PSW     (4)  BC:0046  DE:0000  HL:0000  AF:4602  SP:7FE7  PC:0135   
0136  E1        POP H       (4)  BC:0046  DE:0000  HL:0000  AF:4602  SP:7FE9  PC:0136   
0137  D1        POP D       (4)  BC:0046  DE:0000  HL:0000  AF:4602  SP:7FEB  PC:0137   
0138  C1        POP B       (4)  BC:0046  DE:0000  HL:0000  AF:4602  SP:7FED  PC:0138   
0139  C9        RET         (4)  BC:0002  DE:0000  HL:0000  AF:4602  SP:7FEF  PC:0139   
014C  F1        POP PSW     (3)  BC:0002  DE:0000  HL:0000  AF:4602  SP:7FF1  PC:014C   
014D  E1        POP H       (3)  BC:0002  DE:0000  HL:0000  AF:9F86  SP:7FF3  PC:014D   
014E  D1        POP D       (3)  BC:0002  DE:0000  HL:0000  AF:9F86  SP:7FF5  PC:014E   
014F  C1        POP B       (3)  BC:0002  DE:0000  HL:0000  AF:9F86  SP:7FF7  PC:014F   
0150  C9        RET         (3)  BC:0002  DE:0000  HL:0000  AF:9F86  SP:7FF9  PC:0150   
008A  E6 DE     ANI DE      (2)  BC:0002  DE:0000  HL:0000  AF:9F86  SP:7FFB  PC:008A   
008C  CD F4 00  CALL 00F4   (2)  BC:0002  DE:0000  HL:0000  AF:9E92  SP:7FFB  PC:008C   
00F4  C5        PUSH B      (3)  BC:0002  DE:0000  HL:0000  AF:9E92  SP:7FF9  PC:00F4   
00F5  D5        PUSH D      (3)  BC:0002  DE:0000  HL:0000  AF:9E92  SP:7FF7  PC:00F5   
00F6  E5        PUSH H      (3)  BC:0002  DE:0000  HL:0000  AF:9E92  SP:7FF5  PC:00F6   
00F7  F5        PUSH PSW    (3)  BC:0002  DE:0000  HL:0000  AF:9E92  SP:7FF3  PC:00F7   
00F8  21 00 00  LXI H,0000  (3)  BC:0002  DE:0000  HL:0000  AF:9E92  SP:7FF1  PC:00F8   
00FB  39        DAD SP      (3)  BC:0002  DE:0000  HL:0000  AF:9E92  SP:7FF1  PC:00FB   
00FC  0E 08     MVI C,08    (3)  BC:0002  DE:0000  HL:7FF1  AF:9E92  SP:7FF1  PC:00FC   
00FE  2B        DCX H       (3)  BC:0008  DE:0000  HL:7FF1  AF:9E92  SP:7FF1  PC:00FE   
00FF  0D        DCR C       (3)  BC:0008  DE:0000  HL:7FF0  AF:9E92  SP:7FF1  PC:00FF   
0100  C2 FE 00  JNZ 00FE    (3)  BC:0007  DE:0000  HL:7FF0  AF:9E12  SP:7FF1  PC:0100   
00FE  2B        DCX H       (3)  BC:0007  DE:0000  HL:7FF0  AF:9E12  SP:7FF1  PC:00FE   
00FF  0D        DCR C       (3)  BC:0007  DE:0000  HL:7FEF  AF:9E12  SP:7FF1  PC:00FF   
0100  C2 FE 00  JNZ 00FE    (3)  BC:0006  DE:0000  HL:7FEF  AF:9E16  SP:7FF1  PC:0100   
00FE  2B        DCX H       (3)  BC:0006  DE:0000  HL:7FEF  AF:9E16  SP:7FF1  PC:00FE   
00FF  0D        DCR C       (3)  BC:0006  DE:0000  HL:7FEE  AF:9E16  SP:7FF1  PC:00FF   
0100  C2 FE 00  JNZ 00FE    (3)  BC:0005  DE:0000  HL:7FEE  AF:9E16  SP:7FF1  PC:0100   
00FE  2B        DCX H       (3)  BC:0005  DE:0000  HL:7FEE  AF:9E16  SP:7FF1  PC:00FE   
00FF  0D        DCR C       (3)  BC:0005  DE:0000  HL:7FED  AF:9E16  SP:7FF1  PC:00FF   
0100  C2 FE 00  JNZ 00FE    (3)  BC:0004  DE:0000  HL:7FED  AF:9E12  SP:7FF1  PC:0100   
00FE  2B        DCX H       (3)  BC:0004  DE:0000  HL:7FED  AF:9E12  SP:7FF1  PC:00FE   
00FF  0D        DCR C       (3)  BC:0004  DE:0000  HL:7FEC  AF:9E12  SP:7FF1  PC:00FF   
0100  C2 FE 00  JNZ 00FE    (3)  BC:0003  DE:0000  HL:7FEC  AF:9E16  SP:7FF1  PC:0100   
00FE  2B        DCX H       (3)  BC:0003  DE:0000  HL:7FEC  AF:9E16  SP:7FF1  PC:00FE   
00FF  0D        DCR C       (3)  BC:0003  DE:0000  HL:7FEB  AF:9E16  SP:7FF1  PC:00FF   
0100  C2 FE 00  JNZ 00FE    (3)  BC:0002  DE:0000  HL:7FEB  AF:9E12  SP:7FF1  PC:0100   
00FE  2B        DCX H       (3)  BC:0002  DE:0000  HL:7FEB  AF:9E12  SP:7FF1  PC:00FE   
00FF  0D        DCR C       (3)  BC:0002  DE:0000  HL:7FEA  AF:9E12  SP:7FF1  PC:00FF   
0100  C2 FE 00  JNZ 00FE    (3)  BC:0001  DE:0000  HL:7FEA  AF:9E12  SP:7FF1  PC:0100   
00FE  2B        DCX H       (3)  BC:0001  DE:0000  HL:7FEA  AF:9E12  SP:7FF1  PC:00FE   
00FF  0D        DCR C       (3)  BC:0001  DE:0000  HL:7FE9  AF:9E12  SP:7FF1  PC:00FF   
0100  C2 FE 00  JNZ 00FE    (3)  BC:0000  DE:0000  HL:7FE9  AF:9E56  SP:7FF1  PC:0100   
0103  11 61 00  LXI D,0061  (3)  BC:0000  DE:0000  HL:7FE9  AF:9E56  SP:7FF1  PC:0103   
0106  1A        LDAX D      (3)  BC:0000  DE:0061  HL:7FE9  AF:9E56  SP:7FF1  PC:0106   
0107  0E 08     MVI C,08    (3)  BC:0000  DE:0061  HL:7FE9  AF:8756  SP:7FF1  PC:0107   
0109  46        MOV B,M     (3)  BC:0008  DE:0061  HL:7FE9  AF:8756  SP:7FF1  PC:0109   
010A  A8        XRA B       (3)  BC:0008  DE:0061  HL:7FE9  AF:8756  SP:7FF1  PC:010A   
010B  23        INX H       (3)  BC:0008  DE:0061  HL:7FE9  AF:8786  SP:7FF1  PC:010B   
010C  0D        DCR C       (3)  BC:0008  DE:0061  HL:7FEA  AF:8786  SP:7FF1  PC:010C   
010D  C2 09 01  JNZ 0109    (3)  BC:0007  DE:0061  HL:7FEA  AF:8712  SP:7FF1  PC:010D   
0109  46        MOV B,M     (3)  BC:0007  DE:0061  HL:7FEA  AF:8712  SP:7FF1  PC:0109   
010A  A8        XRA B       (3)  BC:0007  DE:0061  HL:7FEA  AF:8712  SP:7FF1  PC:010A   
010B  23        INX H       (3)  BC:0007  DE:0061  HL:7FEA  AF:8786  SP:7FF1  PC:010B   
010C  0D        DCR C       (3)  BC:0007  DE:0061  HL:7FEB  AF:8786  SP:7FF1  PC:010C   
010D  C2 09 01  JNZ 0109    (3)  BC:0006  DE:0061  HL:7FEB  AF:8716  SP:7FF1  PC:010D   
0109  46        MOV B,M     (3)  BC:0006  DE:0061  HL:7FEB  AF:8716  SP:7FF1  PC:0109   
010A  A8        XRA B       (3)  BC:0006  DE:0061  HL:7FEB  AF:8716  SP:7FF1  PC:010A   
010B  23        INX H       (3)  BC:0006  DE:0061  HL:7FEB  AF:8786  SP:7FF1  PC:010B   
010C  0D        DCR C       (3)  BC:0006  DE:0061  HL:7FEC  AF:8786  SP:7FF1  PC:010C   
010D  C2 09 01  JNZ 0109    (3)  BC:0005  DE:0061  HL:7FEC  AF:8716  SP:7FF1  PC:010D   
0109  46        MOV B,M     (3)  BC:0005  DE:0061  HL:7FEC  AF:8716  SP:7FF1  PC:0109   
010A  A8        XRA B       (3)  BC:0005  DE:0061  HL:7FEC  AF:8716  SP:7FF1  PC:010A   
010B  23        INX H       (3)  BC:0005  DE:0061  HL:7FEC  AF:8786  SP:7FF1  PC:010B   
010C  0D        DCR C       (3)  BC:0005  DE:0061  HL:7FED  AF:8786  SP:7FF1  PC:010C   
010D  C2 09 01  JNZ 0109    (3)  BC:0004  DE:0061  HL:7FED  AF:8712  SP:7FF1  PC:010D   
0109  46        MOV B,M     (3)  BC:0004  DE:0061  HL:7FED  AF:8712  SP:7FF1  PC:0109   
010A  A8        XRA B       (3)  BC:0204  DE:0061  HL:7FED  AF:8712  SP:7FF1  PC:010A   
010B  23        INX H       (3)  BC:0204  DE:0061  HL:7FED  AF:8582  SP:7FF1  PC:010B   
010C  0D        DCR C       (3)  BC:0204  DE:0061  HL:7FEE  AF:8582  SP:7FF1  PC:010C   
010D  C2 09 01  JNZ 0109    (3)  BC:0203  DE:0061  HL:7FEE  AF:8516  SP:7FF1  PC:010D   
0109  46        MOV B,M     (3)  BC:0203  DE:0061  HL:7FEE  AF:8516  SP:7FF1  PC:0109   
010A  A8        XRA B       (3)  BC:0003  DE:0061  HL:7FEE  AF:8516  SP:7FF1  PC:010A   
010B  23        INX H       (3)  BC:0003  DE:0061  HL:7FEE  AF:8582  SP:7FF1  PC:010B   
010C  0D        DCR C       (3)  BC:0003  DE:0061  HL:7FEF  AF:8582  SP:7FF1  PC:010C   
010D  C2 09 01  JNZ 0109    (3)  BC:0002  DE:0061  HL:7FEF  AF:8512  SP:7FF1  PC:010D   
0109  46        MOV B,M     (3)  BC:0002  DE:0061  HL:7FEF  AF:8512  SP:7FF1  PC:0109   
010A  A8        XRA B       (3)  BC:4C02  DE:0061  HL:7FEF  AF:8512  SP:7FF1  PC:010A   
010B  23        INX H       (3)  BC:4C02  DE:0061  HL:7FEF  AF:C986  SP:7FF1  PC:010B   
010C  0D        DCR C       (3)  BC:4C02  DE:0061  HL:7FF0  AF:C986  SP:7FF1  PC:010C   
010D  C2 09 01  JNZ 0109    (3)  BC:4C01  DE:0061  HL:7FF0  AF:C912  SP:7FF1  PC:010D   
0109  46        MOV B,M     (3)  BC:4C01  DE:0061  HL:7FF0  AF:C912  SP:7FF1  PC:0109   
010A  A8        XRA B       (3)  BC:0101  DE:0061  HL:7FF0  AF:C912  SP:7FF1  PC:010A   
010B  23        INX H       (3)  BC:0101  DE:0061  HL:7FF0  AF:C882  SP:7FF1  PC:010B   
010C  0D        DCR C       (3)  BC:0101  DE:0061  HL:7FF1  AF:C882  SP:7FF1  PC:010C   
010D  C2 09 01  JNZ 0109    (3)  BC:0100  DE:0061  HL:7FF1  AF:C856  SP:7FF1  PC:010D   
0110  12        STAX D      (3)  BC:0100  DE:0061  HL:7FF1  AF:C856  SP:7FF1  PC:0110   
0111  C1        POP B       (3)  BC:0100  DE:0061  HL:7FF1  AF:C856  SP:7FF1  PC:0111   
0112  D1        POP D       (3)  BC:9E92  DE:0061  HL:7FF1  AF:C856  SP:7FF3  PC:0112   
0113  E1        POP H       (3)  BC:9E92  DE:0000  HL:7FF1  AF:C856  SP:7FF5  PC:0113   
0114  F1        POP PSW     (3)  BC:9E92  DE:0000  HL:0000  AF:C856  SP:7FF7  PC:0114   
0115  C9        RET         (3)  BC:9E92  DE:0000  HL:0000  AF:0002  SP:7FF9  PC:0115   
008F  CD 3A 01  CALL 013A   (2)  BC:9E92  DE:0000  HL:0000  AF:0002  SP:7FFB  PC:008F   
013A  C5        PUSH B      (3)  BC:9E92  DE:0000  HL:0000  AF:0002  SP:7FF9  PC:013A   
013B  D5        PUSH D      (3)  BC:9E92  DE:0000  HL:0000  AF:0002  SP:7FF7  PC:013B   
013C  E5        PUSH H      (3)  BC:9E92  DE:0000  HL:0000  AF:0002  SP:7FF5  PC:013C   
013D  F5        PUSH PSW    (3)  BC:9E92  DE:0000  HL:0000  AF:0002  SP:7FF3  PC:013D   
013E  F5        PUSH PSW    (3)  BC:9E92  DE:0000  HL:0000  AF:0002  SP:7FF1  PC:013E   
013F  CD 51 01  CALL 0151   (3)  BC:9E92  DE:0000  HL:0000  AF:0002  SP:7FEF  PC:013F   
0151  0F        RRC         (4)  BC:9E92  DE:0000  HL:0000  AF:0002  SP:7FED  PC:0151   
0152  0F        RRC         (4)  BC:9E92  DE:0000  HL:0000  AF:0002  SP:7FED  PC:0152   
0153  0F        RRC         (4)  BC:9E92  DE:0000  HL:0000  AF:0002  SP:7FED  PC:0153   
0154  0F        RRC         (4)  BC:9E92  DE:0000  HL:0000  AF:0002  SP:7FED  PC:0154   
0155  E6 0F     ANI 0F      (4)  BC:9E92  DE:0000  HL:0000  AF:0002  SP:7FED  PC:0155   
0157  FE 0A     CPI 0A      (4)  BC:9E92  DE:0000  HL:0000  AF:0056  SP:7FED  PC:0157   
0159  FA 5E 01  JM 015E     (4)  BC:9E92  DE:0000  HL:0000  AF:0087  SP:7FED  PC:0159   
015E  C6 30     ADI 30      (4)  BC:9E92  DE:0000  HL:0000  AF:0087  SP:7FED  PC:015E   
0160  C9        RET         (4)  BC:9E92  DE:0000  HL:0000  AF:3006  SP:7FED  PC:0160   
0142  CD 2D 01  CALL 012D   (3)  BC:9E92  DE:0000  HL:0000  AF:3006  SP:7FEF  PC:0142   
012D  C5        PUSH B      (4)  BC:9E92  DE:0000  HL:0000  AF:3006  SP:7FED  PC:012D   
012E  D5        PUSH D      (4)  BC:9E92  DE:0000  HL:0000  AF:3006  SP:7FEB  PC:012E   
012F  E5        PUSH H      (4)  BC:9E92  DE:0000  HL:0000  AF:3006  SP:7FE9  PC:012F   
0130  F5        PUSH PSW    (4)  BC:9E92  DE:0000  HL:0000  AF:3006  SP:7FE7  PC:0130   
0131  4F        MOV C,A     (4)  BC:9E92  DE:0000  HL:0000  AF:3006  SP:7FE5  PC:0131   
0132  CD 37 C0  CALL C037   (4)  BC:9E30  DE:0000  HL:0000  AF:3006  SP:7FE5  PC:0132   
0135  F1        POP PSW     (4)  BC:9E30  DE:0000  HL:0000  AF:3006  SP:7FE5  PC:0135   
0136  E1        POP H       (4)  BC:9E30  DE:0000  HL:0000  AF:3006  SP:7FE7  PC:0136   
0137  D1        POP D       (4)  BC:9E30  DE:0000  HL:0000  AF:3006  SP:7FE9  PC:0137   
0138  C1        POP B       (4)  BC:9E30  DE:0000  HL:0000  AF:3006  SP:7FEB  PC:0138   
0139  C9        RET         (4)  BC:9E92  DE:0000  HL:0000  AF:3006  SP:7FED  PC:0139   
0145  F1        POP PSW     (3)  BC:9E92  DE:0000  HL:0000  AF:3006  SP:7FEF  PC:0145   
0146  CD 55 01  CALL 0155   (3)  BC:9E92  DE:0000  HL:0000  AF:0002  SP:7FF1  PC:0146   
0155  E6 0F     ANI 0F      (4)  BC:9E92  DE:0000  HL:0000  AF:0002  SP:7FEF  PC:0155   
0157  FE 0A     CPI 0A      (4)  BC:9E92  DE:0000  HL:0000  AF:0056  SP:7FEF  PC:0157   
0159  FA 5E 01  JM 015E     (4)  BC:9E92  DE:0000  HL:0000  AF:0087  SP:7FEF  PC:0159   
015E  C6 30     ADI 30      (4)  BC:9E92  DE:0000  HL:0000  AF:0087  SP:7FEF  PC:015E   
0160  C9        RET         (4)  BC:9E92  DE:0000  HL:0000  AF:3006  SP:7FEF  PC:0160   
0149  CD 2D 01  CALL 012D   (3)  BC:9E92  DE:0000  HL:0000  AF:3006  SP:7FF1  PC:0149   
012D  C5        PUSH B      (4)  BC:9E92  DE:0000  HL:0000  AF:3006  SP:7FEF  PC:012D   
012E  D5        PUSH D      (4)  BC:9E92  DE:0000  HL:0000  AF:3006  SP:7FED  PC:012E   
012F  E5        PUSH H      (4)  BC:9E92  DE:0000  HL:0000  AF:3006  SP:7FEB  PC:012F   
0130  F5        PUSH PSW    (4)  BC:9E92  DE:0000  HL:0000  AF:3006  SP:7FE9  PC:0130   
0131  4F        MOV C,A     (4)  BC:9E92  DE:0000  HL:0000  AF:3006  SP:7FE7  PC:0131   
0132  CD 37 C0  CALL C037   (4)  BC:9E30  DE:0000  HL:0000  AF:3006  SP:7FE7  PC:0132   
0135  F1        POP PSW     (4)  BC:9E30  DE:0000  HL:0000  AF:3006  SP:7FE7  PC:0135   
0136  E1        POP H       (4)  BC:9E30  DE:0000  HL:0000  AF:3006  SP:7FE9  PC:0136   
0137  D1        POP D       (4)  BC:9E30  DE:0000  HL:0000  AF:3006  SP:7FEB  PC:0137   
0138  C1        POP B       (4)  BC:9E30  DE:0000  HL:0000  AF:3006  SP:7FED  PC:0138   
0139  C9        RET         (4)  BC:9E92  DE:0000  HL:0000  AF:3006  SP:7FEF  PC:0139   
014C  F1        POP PSW     (3)  BC:9E92  DE:0000  HL:0000  AF:3006  SP:7FF1  PC:014C   
014D  E1        POP H       (3)  BC:9E92  DE:0000  HL:0000  AF:0002  SP:7FF3  PC:014D   
014E  D1        POP D       (3)  BC:9E92  DE:0000  HL:0000  AF:0002  SP:7FF5  PC:014E   
014F  C1        POP B       (3)  BC:9E92  DE:0000  HL:0000  AF:0002  SP:7FF7  PC:014F   
0150  C9        RET         (3)  BC:9E92  DE:0000  HL:0000  AF:0002  SP:7FF9  PC:0150   
0092  0F        RRC         (2)  BC:9E92  DE:0000  HL:0000  AF:0002  SP:7FFB  PC:0092   
0093  CD F4 00  CALL 00F4   (2)  BC:9E92  DE:0000  HL:0000  AF:0002  SP:7FFB  PC:0093   
00F4  C5        PUSH B      (3)  BC:9E92  DE:0000  HL:0000  AF:0002  SP:7FF9  PC:00F4   
00F5  D5        PUSH D      (3)  BC:9E92  DE:0000  HL:0000  AF:0002  SP:7FF7  PC:00F5   
00F6  E5        PUSH H      (3)  BC:9E92  DE:0000  HL:0000  AF:0002  SP:7FF5  PC:00F6   
00F7  F5        PUSH PSW    (3)  BC:9E92  DE:0000  HL:0000  AF:0002  SP:7FF3  PC:00F7   
00F8  21 00 00  LXI H,0000  (3)  BC:9E92  DE:0000  HL:0000  AF:0002  SP:7FF1  PC:00F8   
00FB  39        DAD SP      (3)  BC:9E92  DE:0000  HL:0000  AF:0002  SP:7FF1  PC:00FB   
00FC  0E 08     MVI C,08    (3)  BC:9E92  DE:0000  HL:7FF1  AF:0002  SP:7FF1  PC:00FC   
00FE  2B        DCX H       (3)  BC:9E08  DE:0000  HL:7FF1  AF:0002  SP:7FF1  PC:00FE   
00FF  0D        DCR C       (3)  BC:9E08  DE:0000  HL:7FF0  AF:0002  SP:7FF1  PC:00FF   
0100  C2 FE 00  JNZ 00FE    (3)  BC:9E07  DE:0000  HL:7FF0  AF:0012  SP:7FF1  PC:0100   
00FE  2B        DCX H       (3)  BC:9E07  DE:0000  HL:7FF0  AF:0012  SP:7FF1  PC:00FE   
00FF  0D        DCR C       (3)  BC:9E07  DE:0000  HL:7FEF  AF:0012  SP:7FF1  PC:00FF   
0100  C2 FE 00  JNZ 00FE    (3)  BC:9E06  DE:0000  HL:7FEF  AF:0016  SP:7FF1  PC:0100   
00FE  2B        DCX H       (3)  BC:9E06  DE:0000  HL:7FEF  AF:0016  SP:7FF1  PC:00FE   
00FF  0D        DCR C       (3)  BC:9E06  DE:0000  HL:7FEE  AF:0016  SP:7FF1  PC:00FF   
0100  C2 FE 00  JNZ 00FE    (3)  BC:9E05  DE:0000  HL:7FEE  AF:0016  SP:7FF1  PC:0100   
00FE  2B        DCX H       (3)  BC:9E05  DE:0000  HL:7FEE  AF:0016  SP:7FF1  PC:00FE   
00FF  0D        DCR C       (3)  BC:9E05  DE:0000  HL:7FED  AF:0016  SP:7FF1  PC:00FF   
0100  C2 FE 00  JNZ 00FE    (3)  BC:9E04  DE:0000  HL:7FED  AF:0012  SP:7FF1  PC:0100   
00FE  2B        DCX H       (3)  BC:9E04  DE:0000  HL:7FED  AF:0012  SP:7FF1  PC:00FE   
00FF  0D        DCR C       (3)  BC:9E04  DE:0000  HL:7FEC  AF:0012  SP:7FF1  PC:00FF   
0100  C2 FE 00  JNZ 00FE    (3)  BC:9E03  DE:0000  HL:7FEC  AF:0016  SP:7FF1  PC:0100   
00FE  2B        DCX H       (3)  BC:9E03  DE:0000  HL:7FEC  AF:0016  SP:7FF1  PC:00FE   
00FF  0D        DCR C       (3)  BC:9E03  DE:0000  HL:7FEB  AF:0016  SP:7FF1  PC:00FF   
0100  C2 FE 00  JNZ 00FE    (3)  BC:9E02  DE:0000  HL:7FEB  AF:0012  SP:7FF1  PC:0100   
00FE  2B        DCX H       (3)  BC:9E02  DE:0000  HL:7FEB  AF:0012  SP:7FF1  PC:00FE   
00FF  0D        DCR C       (3)  BC:9E02  DE:0000  HL:7FEA  AF:0012  SP:7FF1  PC:00FF   
0100  C2 FE 00  JNZ 00FE    (3)  BC:9E01  DE:0000  HL:7FEA  AF:0012  SP:7FF1  PC:0100   
00FE  2B        DCX H       (3)  BC:9E01  DE:0000  HL:7FEA  AF:0012  SP:7FF1  PC:00FE   
00FF  0D        DCR C       (3)  BC:9E01  DE:0000  HL:7FE9  AF:0012  SP:7FF1  PC:00FF   
0100  C2 FE 00  JNZ 00FE    (3)  BC:9E00  DE:0000  HL:7FE9  AF:0056  SP:7FF1  PC:0100   
0103  11 61 00  LXI D,0061  (3)  BC:9E00  DE:0000  HL:7FE9  AF:0056  SP:7FF1  PC:0103   
0106  1A        LDAX D      (3)  BC:9E00  DE:0061  HL:7FE9  AF:0056  SP:7FF1  PC:0106   
0107  0E 08     MVI C,08    (3)  BC:9E00  DE:0061  HL:7FE9  AF:C856  SP:7FF1  PC:0107   
0109  46        MOV B,M     (3)  BC:9E08  DE:0061  HL:7FE9  AF:C856  SP:7FF1  PC:0109   
010A  A8        XRA B       (3)  BC:0008  DE:0061  HL:7FE9  AF:C856  SP:7FF1  PC:010A   
010B  23        INX H       (3)  BC:0008  DE:0061  HL:7FE9  AF:C882  SP:7FF1  PC:010B   
010C  0D        DCR C       (3)  BC:0008  DE:0061  HL:7FEA  AF:C882  SP:7FF1  PC:010C   
010D  C2 09 01  JNZ 0109    (3)  BC:0007  DE:0061  HL:7FEA  AF:C812  SP:7FF1  PC:010D   
0109  46        MOV B,M     (3)  BC:0007  DE:0061  HL:7FEA  AF:C812  SP:7FF1  PC:0109   
010A  A8        XRA B       (3)  BC:0007  DE:0061  HL:7FEA  AF:C812  SP:7FF1  PC:010A   
010B  23        INX H       (3)  BC:0007  DE:0061  HL:7FEA  AF:C882  SP:7FF1  PC:010B   
010C  0D        DCR C       (3)  BC:0007  DE:0061  HL:7FEB  AF:C882  SP:7FF1  PC:010C   
010D  C2 09 01  JNZ 0109    (3)  BC:0006  DE:0061  HL:7FEB  AF:C816  SP:7FF1  PC:010D   
0109  46        MOV B,M     (3)  BC:0006  DE:0061  HL:7FEB  AF:C816  SP:7FF1  PC:0109   
010A  A8        XRA B       (3)  BC:0006  DE:0061  HL:7FEB  AF:C816  SP:7FF1  PC:010A   
010B  23        INX H       (3)  BC:0006  DE:0061  HL:7FEB  AF:C882  SP:7FF1  PC:010B   
010C  0D        DCR C       (3)  BC:0006  DE:0061  HL:7FEC  AF:C882  SP:7FF1  PC:010C   
010D  C2 09 01  JNZ 0109    (3)  BC:0005  DE:0061  HL:7FEC  AF:C816  SP:7FF1  PC:010D   
0109  46        MOV B,M     (3)  BC:0005  DE:0061  HL:7FEC  AF:C816  SP:7FF1  PC:0109   
010A  A8        XRA B       (3)  BC:0005  DE:0061  HL:7FEC  AF:C816  SP:7FF1  PC:010A   
010B  23        INX H       (3)  BC:0005  DE:0061  HL:7FEC  AF:C882  SP:7FF1  PC:010B   
010C  0D        DCR C       (3)  BC:0005  DE:0061  HL:7FED  AF:C882  SP:7FF1  PC:010C   
010D  C2 09 01  JNZ 0109    (3)  BC:0004  DE:0061  HL:7FED  AF:C812  SP:7FF1  PC:010D   
0109  46        MOV B,M     (3)  BC:0004  DE:0061  HL:7FED  AF:C812  SP:7FF1  PC:0109   
010A  A8        XRA B       (3)  BC:9204  DE:0061  HL:7FED  AF:C812  SP:7FF1  PC:010A   
010B  23        INX H       (3)  BC:9204  DE:0061  HL:7FED  AF:5A06  SP:7FF1  PC:010B   
010C  0D        DCR C       (3)  BC:9204  DE:0061  HL:7FEE  AF:5A06  SP:7FF1  PC:010C   
010D  C2 09 01  JNZ 0109    (3)  BC:9203  DE:0061  HL:7FEE  AF:5A16  SP:7FF1  PC:010D   
0109  46        MOV B,M     (3)  BC:9203  DE:0061  HL:7FEE  AF:5A16  SP:7FF1  PC:0109   
010A  A8        XRA B       (3)  BC:9E03  DE:0061  HL:7FEE  AF:5A16  SP:7FF1  PC:010A   
010B  23        INX H       (3)  BC:9E03  DE:0061  HL:7FEE  AF:C482  SP:7FF1  PC:010B   
010C  0D        DCR C       (3)  BC:9E03  DE:0061  HL:7FEF  AF:C482  SP:7FF1  PC:010C   
010D  C2 09 01  JNZ 0109    (3)  BC:9E02  DE:0061  HL:7FEF  AF:C412  SP:7FF1  PC:010D   
0109  46        MOV B,M     (3)  BC:9E02  DE:0061  HL:7FEF  AF:C412  SP:7FF1  PC:0109   
010A  A8        XRA B       (3)  BC:4C02  DE:0061  HL:7FEF  AF:C412  SP:7FF1  PC:010A   
010B  23        INX H       (3)  BC:4C02  DE:0061  HL:7FEF  AF:8886  SP:7FF1  PC:010B   
010C  0D        DCR C       (3)  BC:4C02  DE:0061  HL:7FF0  AF:8886  SP:7FF1  PC:010C   
010D  C2 09 01  JNZ 0109    (3)  BC:4C01  DE:0061  HL:7FF0  AF:8812  SP:7FF1  PC:010D   
0109  46        MOV B,M     (3)  BC:4C01  DE:0061  HL:7FF0  AF:8812  SP:7FF1  PC:0109   
010A  A8        XRA B       (3)  BC:0101  DE:0061  HL:7FF0  AF:8812  SP:7FF1  PC:010A   
010B  23        INX H       (3)  BC:0101  DE:0061  HL:7FF0  AF:8982  SP:7FF1  PC:010B   
010C  0D        DCR C       (3)  BC:0101  DE:0061  HL:7FF1  AF:8982  SP:7FF1  PC:010C   
010D  C2 09 01  JNZ 0109    (3)  BC:0100  DE:0061  HL:7FF1  AF:8956  SP:7FF1  PC:010D   
0110  12        STAX D      (3)  BC:0100  DE:0061  HL:7FF1  AF:8956  SP:7FF1  PC:0110   
0111  C1        POP B       (3)  BC:0100  DE:0061  HL:7FF1  AF:8956  SP:7FF1  PC:0111   
0112  D1        POP D       (3)  BC:0002  DE:0061  HL:7FF1  AF:8956  SP:7FF3  PC:0112   
0113  E1        POP H       (3)  BC:0002  DE:0000  HL:7FF1  AF:8956  SP:7FF5  PC:0113   
0114  F1        POP PSW     (3)  BC:0002  DE:0000  HL:0000  AF:8956  SP:7FF7  PC:0114   
0115  C9        RET         (3)  BC:0002  DE:0000  HL:0000  AF:9E92  SP:7FF9  PC:0115   
0096  CD 3A 01  CALL 013A   (2)  BC:0002  DE:0000  HL:0000  AF:9E92  SP:7FFB  PC:0096   
013A  C5        PUSH B      (3)  BC:0002  DE:0000  HL:0000  AF:9E92  SP:7FF9  PC:013A   
013B  D5        PUSH D      (3)  BC:0002  DE:0000  HL:0000  AF:9E92  SP:7FF7  PC:013B   
013C  E5        PUSH H      (3)  BC:0002  DE:0000  HL:0000  AF:9E92  SP:7FF5  PC:013C   
013D  F5        PUSH PSW    (3)  BC:0002  DE:0000  HL:0000  AF:9E92  SP:7FF3  PC:013D   
013E  F5        PUSH PSW    (3)  BC:0002  DE:0000  HL:0000  AF:9E92  SP:7FF1  PC:013E   
013F  CD 51 01  CALL 0151   (3)  BC:0002  DE:0000  HL:0000  AF:9E92  SP:7FEF  PC:013F   
0151  0F        RRC         (4)  BC:0002  DE:0000  HL:0000  AF:9E92  SP:7FED  PC:0151   
0152  0F        RRC         (4)  BC:0002  DE:0000  HL:0000  AF:4F92  SP:7FED  PC:0152   
0153  0F        RRC         (4)  BC:0002  DE:0000  HL:0000  AF:A793  SP:7FED  PC:0153   
0154  0F        RRC         (4)  BC:0002  DE:0000  HL:0000  AF:D393  SP:7FED  PC:0154   
0155  E6 0F     ANI 0F      (4)  BC:0002  DE:0000  HL:0000  AF:E993  SP:7FED  PC:0155   
0157  FE 0A     CPI 0A      (4)  BC:0002  DE:0000  HL:0000  AF:0916  SP:7FED  PC:0157   
0159  FA 5E 01  JM 015E     (4)  BC:0002  DE:0000  HL:0000  AF:0987  SP:7FED  PC:0159   
015E  C6 30     ADI 30      (4)  BC:0002  DE:0000  HL:0000  AF:0987  SP:7FED  PC:015E   
0160  C9        RET         (4)  BC:0002  DE:0000  HL:0000  AF:3906  SP:7FED  PC:0160   
0142  CD 2D 01  CALL 012D   (3)  BC:0002  DE:0000  HL:0000  AF:3906  SP:7FEF  PC:0142   
012D  C5        PUSH B      (4)  BC:0002  DE:0000  HL:0000  AF:3906  SP:7FED  PC:012D   
012E  D5        PUSH D      (4)  BC:0002  DE:0000  HL:0000  AF:3906  SP:7FEB  PC:012E   
012F  E5        PUSH H      (4)  BC:0002  DE:0000  HL:0000  AF:3906  SP:7FE9  PC:012F   
0130  F5        PUSH PSW    (4)  BC:0002  DE:0000  HL:0000  AF:3906  SP:7FE7  PC:0130   
0131  4F        MOV C,A     (4)  BC:0002  DE:0000  HL:0000  AF:3906  SP:7FE5  PC:0131   
0132  CD 37 C0  CALL C037   (4)  BC:0039  DE:0000  HL:0000  AF:3906  SP:7FE5  PC:0132   
0135  F1        POP PSW     (4)  BC:0039  DE:0000  HL:0000  AF:3906  SP:7FE5  PC:0135   
0136  E1        POP H       (4)  BC:0039  DE:0000  HL:0000  AF:3906  SP:7FE7  PC:0136   
0137  D1        POP D       (4)  BC:0039  DE:0000  HL:0000  AF:3906  SP:7FE9  PC:0137   
0138  C1        POP B       (4)  BC:0039  DE:0000  HL:0000  AF:3906  SP:7FEB  PC:0138   
0139  C9        RET         (4)  BC:0002  DE:0000  HL:0000  AF:3906  SP:7FED  PC:0139   
0145  F1        POP PSW     (3)  BC:0002  DE:0000  HL:0000  AF:3906  SP:7FEF  PC:0145   
0146  CD 55 01  CALL 0155   (3)  BC:0002  DE:0000  HL:0000  AF:9E92  SP:7FF1  PC:0146   
0155  E6 0F     ANI 0F      (4)  BC:0002  DE:0000  HL:0000  AF:9E92  SP:7FEF  PC:0155   
0157  FE 0A     CPI 0A      (4)  BC:0002  DE:0000  HL:0000  AF:0E12  SP:7FEF  PC:0157   
0159  FA 5E 01  JM 015E     (4)  BC:0002  DE:0000  HL:0000  AF:0E12  SP:7FEF  PC:0159   
015C  C6 07     ADI 07      (4)  BC:0002  DE:0000  HL:0000  AF:0E12  SP:7FEF  PC:015C   
015E  C6 30     ADI 30      (4)  BC:0002  DE:0000  HL:0000  AF:1512  SP:7FEF  PC:015E   
0160  C9        RET         (4)  BC:0002  DE:0000  HL:0000  AF:4502  SP:7FEF  PC:0160   
0149  CD 2D 01  CALL 012D   (3)  BC:0002  DE:0000  HL:0000  AF:4502  SP:7FF1  PC:0149   
012D  C5        PUSH B      (4)  BC:0002  DE:0000  HL:0000  AF:4502  SP:7FEF  PC:012D   
012E  D5        PUSH D      (4)  BC:0002  DE:0000  HL:0000  AF:4502  SP:7FED  PC:012E   
012F  E5        PUSH H      (4)  BC:0002  DE:0000  HL:0000  AF:4502  SP:7FEB  PC:012F   
0130  F5        PUSH PSW    (4)  BC:0002  DE:0000  HL:0000  AF:4502  SP:7FE9  PC:0130   
0131  4F        MOV C,A     (4)  BC:0002  DE:0000  HL:0000  AF:4502  SP:7FE7  PC:0131   
0132  CD 37 C0  CALL C037   (4)  BC:0045  DE:0000  HL:0000  AF:4502  SP:7FE7  PC:0132   
0135  F1        POP PSW     (4)  BC:0045  DE:0000  HL:0000  AF:4502  SP:7FE7  PC:0135   
0136  E1        POP H       (4)  BC:0045  DE:0000  HL:0000  AF:4502  SP:7FE9  PC:0136   
0137  D1        POP D       (4)  BC:0045  DE:0000  HL:0000  AF:4502  SP:7FEB  PC:0137   
0138  C1        POP B       (4)  BC:0045  DE:0000  HL:0000  AF:4502  SP:7FED  PC:0138   
0139  C9        RET         (4)  BC:0002  DE:0000  HL:0000  AF:4502  SP:7FEF  PC:0139   
014C  F1        POP PSW     (3)  BC:0002  DE:0000  HL:0000  AF:4502  SP:7FF1  PC:014C   
014D  E1        POP H       (3)  BC:0002  DE:0000  HL:0000  AF:9E92  SP:7FF3  PC:014D   
014E  D1        POP D       (3)  BC:0002  DE:0000  HL:0000  AF:9E92  SP:7FF5  PC:014E   
014F  C1        POP B       (3)  BC:0002  DE:0000  HL:0000  AF:9E92  SP:7FF7  PC:014F   
0150  C9        RET         (3)  BC:0002  DE:0000  HL:0000  AF:9E92  SP:7FF9  PC:0150   
0099  F6 79     ORI 79      (2)  BC:0002  DE:0000  HL:0000  AF:9E92  SP:7FFB  PC:0099   
009B  CD F4 00  CALL 00F4   (2)  BC:0002  DE:0000  HL:0000  AF:FF86  SP:7FFB  PC:009B   
00F4  C5        PUSH B      (3)  BC:0002  DE:0000  HL:0000  AF:FF86  SP:7FF9  PC:00F4   
00F5  D5        PUSH D      (3)  BC:0002  DE:0000  HL:0000  AF:FF86  SP:7FF7  PC:00F5   
00F6  E5        PUSH H      (3)  BC:0002  DE:0000  HL:0000  AF:FF86  SP:7FF5  PC:00F6   
00F7  F5        PUSH PSW    (3)  BC:0002  DE:0000  HL:0000  AF:FF86  SP:7FF3  PC:00F7   
00F8  21 00 00  LXI H,0000  (3)  BC:0002  DE:0000  HL:0000  AF:FF86  SP:7FF1  PC:00F8   
00FB  39        DAD SP      (3)  BC:0002  DE:0000  HL:0000  AF:FF86  SP:7FF1  PC:00FB   
00FC  0E 08     MVI C,08    (3)  BC:0002  DE:0000  HL:7FF1  AF:FF86  SP:7FF1  PC:00FC   
00FE  2B        DCX H       (3)  BC:0008  DE:0000  HL:7FF1  AF:FF86  SP:7FF1  PC:00FE   
00FF  0D        DCR C       (3)  BC:0008  DE:0000  HL:7FF0  AF:FF86  SP:7FF1  PC:00FF   
0100  C2 FE 00  JNZ 00FE    (3)  BC:0007  DE:0000  HL:7FF0  AF:FF12  SP:7FF1  PC:0100   
00FE  2B        DCX H       (3)  BC:0007  DE:0000  HL:7FF0  AF:FF12  SP:7FF1  PC:00FE   
00FF  0D        DCR C       (3)  BC:0007  DE:0000  HL:7FEF  AF:FF12  SP:7FF1  PC:00FF   
0100  C2 FE 00  JNZ 00FE    (3)  BC:0006  DE:0000  HL:7FEF  AF:FF16  SP:7FF1  PC:0100   
00FE  2B        DCX H       (3)  BC:0006  DE:0000  HL:7FEF  AF:FF16  SP:7FF1  PC:00FE   
00FF  0D        DCR C       (3)  BC:0006  DE:0000  HL:7FEE  AF:FF16  SP:7FF1  PC:00FF   
0100  C2 FE 00  JNZ 00FE    (3)  BC:0005  DE:0000  HL:7FEE  AF:FF16  SP:7FF1  PC:0100   
00FE  2B        DCX H       (3)  BC:0005  DE:0000  HL:7FEE  AF:FF16  SP:7FF1  PC:00FE   
00FF  0D        DCR C       (3)  BC:0005  DE:0000  HL:7FED  AF:FF16  SP:7FF1  PC:00FF   
0100  C2 FE 00  JNZ 00FE    (3)  BC:0004  DE:0000  HL:7FED  AF:FF12  SP:7FF1  PC:0100   
00FE  2B        DCX H       (3)  BC:0004  DE:0000  HL:7FED  AF:FF12  SP:7FF1  PC:00FE   
00FF  0D        DCR C       (3)  BC:0004  DE:0000  HL:7FEC  AF:FF12  SP:7FF1  PC:00FF   
0100  C2 FE 00  JNZ 00FE    (3)  BC:0003  DE:0000  HL:7FEC  AF:FF16  SP:7FF1  PC:0100   
00FE  2B        DCX H       (3)  BC:0003  DE:0000  HL:7FEC  AF:FF16  SP:7FF1  PC:00FE   
00FF  0D        DCR C       (3)  BC:0003  DE:0000  HL:7FEB  AF:FF16  SP:7FF1  PC:00FF   
0100  C2 FE 00  JNZ 00FE    (3)  BC:0002  DE:0000  HL:7FEB  AF:FF12  SP:7FF1  PC:0100   
00FE  2B        DCX H       (3)  BC:0002  DE:0000  HL:7FEB  AF:FF12  SP:7FF1  PC:00FE   
00FF  0D        DCR C       (3)  BC:0002  DE:0000  HL:7FEA  AF:FF12  SP:7FF1  PC:00FF   
0100  C2 FE 00  JNZ 00FE    (3)  BC:0001  DE:0000  HL:7FEA  AF:FF12  SP:7FF1  PC:0100   
00FE  2B        DCX H       (3)  BC:0001  DE:0000  HL:7FEA  AF:FF12  SP:7FF1  PC:00FE   
00FF  0D        DCR C       (3)  BC:0001  DE:0000  HL:7FE9  AF:FF12  SP:7FF1  PC:00FF   
0100  C2 FE 00  JNZ 00FE    (3)  BC:0000  DE:0000  HL:7FE9  AF:FF56  SP:7FF1  PC:0100   
0103  11 61 00  LXI D,0061  (3)  BC:0000  DE:0000  HL:7FE9  AF:FF56  SP:7FF1  PC:0103   
0106  1A        LDAX D      (3)  BC:0000  DE:0061  HL:7FE9  AF:FF56  SP:7FF1  PC:0106   
0107  0E 08     MVI C,08    (3)  BC:0000  DE:0061  HL:7FE9  AF:8956  SP:7FF1  PC:0107   
0109  46        MOV B,M     (3)  BC:0008  DE:0061  HL:7FE9  AF:8956  SP:7FF1  PC:0109   
010A  A8        XRA B       (3)  BC:0008  DE:0061  HL:7FE9  AF:8956  SP:7FF1  PC:010A   
010B  23        INX H       (3)  BC:0008  DE:0061  HL:7FE9  AF:8982  SP:7FF1  PC:010B   
010C  0D        DCR C       (3)  BC:0008  DE:0061  HL:7FEA  AF:8982  SP:7FF1  PC:010C   
010D  C2 09 01  JNZ 0109    (3)  BC:0007  DE:0061  HL:7FEA  AF:8912  SP:7FF1  PC:010D   
0109  46        MOV B,M     (3)  BC:0007  DE:0061  HL:7FEA  AF:8912  SP:7FF1  PC:0109   
010A  A8        XRA B       (3)  BC:0007  DE:0061  HL:7FEA  AF:8912  SP:7FF1  PC:010A   
010B  23        INX H       (3)  BC:0007  DE:0061  HL:7FEA  AF:8982  SP:7FF1  PC:010B   
010C  0D        DCR C       (3)  BC:0007  DE:0061  HL:7FEB  AF:8982  SP:7FF1  PC:010C   
010D  C2 09 01  JNZ 0109    (3)  BC:0006  DE:0061  HL:7FEB  AF:8916  SP:7FF1  PC:010D   
0109  46        MOV B,M     (3)  BC:0006  DE:0061  HL:7FEB  AF:8916  SP:7FF1  PC:0109   
010A  A8        XRA B       (3)  BC:0006  DE:0061  HL:7FEB  AF:8916  SP:7FF1  PC:010A   
010B  23        INX H       (3)  BC:0006  DE:0061  HL:7FEB  AF:8982  SP:7FF1  PC:010B   
010C  0D        DCR C       (3)  BC:0006  DE:0061  HL:7FEC  AF:8982  SP:7FF1  PC:010C   
010D  C2 09 01  JNZ 0109    (3)  BC:0005  DE:0061  HL:7FEC  AF:8916  SP:7FF1  PC:010D   
0109  46        MOV B,M     (3)  BC:0005  DE:0061  HL:7FEC  AF:8916  SP:7FF1  PC:0109   
010A  A8        XRA B       (3)  BC:0005  DE:0061  HL:7FEC  AF:8916  SP:7FF1  PC:010A   
010B  23        INX H       (3)  BC:0005  DE:0061  HL:7FEC  AF:8982  SP:7FF1  PC:010B   
010C  0D        DCR C       (3)  BC:0005  DE:0061  HL:7FED  AF:8982  SP:7FF1  PC:010C   
010D  C2 09 01  JNZ 0109    (3)  BC:0004  DE:0061  HL:7FED  AF:8912  SP:7FF1  PC:010D   
0109  46        MOV B,M     (3)  BC:0004  DE:0061  HL:7FED  AF:8912  SP:7FF1  PC:0109   
010A  A8        XRA B       (3)  BC:0204  DE:0061  HL:7FED  AF:8912  SP:7FF1  PC:010A   
010B  23        INX H       (3)  BC:0204  DE:0061  HL:7FED  AF:8B86  SP:7FF1  PC:010B   
010C  0D        DCR C       (3)  BC:0204  DE:0061  HL:7FEE  AF:8B86  SP:7FF1  PC:010C   
010D  C2 09 01  JNZ 0109    (3)  BC:0203  DE:0061  HL:7FEE  AF:8B16  SP:7FF1  PC:010D   
0109  46        MOV B,M     (3)  BC:0203  DE:0061  HL:7FEE  AF:8B16  SP:7FF1  PC:0109   
010A  A8        XRA B       (3)  BC:0003  DE:0061  HL:7FEE  AF:8B16  SP:7FF1  PC:010A   
010B  23        INX H       (3)  BC:0003  DE:0061  HL:7FEE  AF:8B86  SP:7FF1  PC:010B   
010C  0D        DCR C       (3)  BC:0003  DE:0061  HL:7FEF  AF:8B86  SP:7FF1  PC:010C   
010D  C2 09 01  JNZ 0109    (3)  BC:0002  DE:0061  HL:7FEF  AF:8B12  SP:7FF1  PC:010D   
0109  46        MOV B,M     (3)  BC:0002  DE:0061  HL:7FEF  AF:8B12  SP:7FF1  PC:0109   
010A  A8        XRA B       (3)  BC:4C02  DE:0061  HL:7FEF  AF:8B12  SP:7FF1  PC:010A   
010B  23        INX H       (3)  BC:4C02  DE:0061  HL:7FEF  AF:C782  SP:7FF1  PC:010B   
010C  0D        DCR C       (3)  BC:4C02  DE:0061  HL:7FF0  AF:C782  SP:7FF1  PC:010C   
010D  C2 09 01  JNZ 0109    (3)  BC:4C01  DE:0061  HL:7FF0  AF:C712  SP:7FF1  PC:010D   
0109  46        MOV B,M     (3)  BC:4C01  DE:0061  HL:7FF0  AF:C712  SP:7FF1  PC:0109   
010A  A8        XRA B       (3)  BC:0101  DE:0061  HL:7FF0  AF:C712  SP:7FF1  PC:010A   
010B  23        INX H       (3)  BC:0101  DE:0061  HL:7FF0  AF:C686  SP:7FF1  PC:010B   
010C  0D        DCR C       (3)  BC:0101  DE:0061  HL:7FF1  AF:C686  SP:7FF1  PC:010C   
010D  C2 09 01  JNZ 0109    (3)  BC:0100  DE:0061  HL:7FF1  AF:C656  SP:7FF1  PC:010D   
0110  12        STAX D      (3)  BC:0100  DE:0061  HL:7FF1  AF:C656  SP:7FF1  PC:0110   
0111  C1        POP B       (3)  BC:0100  DE:0061  HL:7FF1  AF:C656  SP:7FF1  PC:0111   
0112  D1        POP D       (3)  BC:FF86  DE:0061  HL:7FF1  AF:C656  SP:7FF3  PC:0112   
0113  E1        POP H       (3)  BC:FF86  DE:0000  HL:7FF1  AF:C656  SP:7FF5  PC:0113   
0114  F1        POP PSW     (3)  BC:FF86  DE:0000  HL:0000  AF:C656  SP:7FF7  PC:0114   
0115  C9        RET         (3)  BC:FF86  DE:0000  HL:0000  AF:0002  SP:7FF9  PC:0115   
009E  CD 3A 01  CALL 013A   (2)  BC:FF86  DE:0000  HL:0000  AF:0002  SP:7FFB  PC:009E   
013A  C5        PUSH B      (3)  BC:FF86  DE:0000  HL:0000  AF:0002  SP:7FF9  PC:013A   
013B  D5        PUSH D      (3)  BC:FF86  DE:0000  HL:0000  AF:0002  SP:7FF7  PC:013B   
013C  E5        PUSH H      (3)  BC:FF86  DE:0000  HL:0000  AF:0002  SP:7FF5  PC:013C   
013D  F5        PUSH PSW    (3)  BC:FF86  DE:0000  HL:0000  AF:0002  SP:7FF3  PC:013D   
013E  F5        PUSH PSW    (3)  BC:FF86  DE:0000  HL:0000  AF:0002  SP:7FF1  PC:013E   
013F  CD 51 01  CALL 0151   (3)  BC:FF86  DE:0000  HL:0000  AF:0002  SP:7FEF  PC:013F   
0151  0F        RRC         (4)  BC:FF86  DE:0000  HL:0000  AF:0002  SP:7FED  PC:0151   
0152  0F        RRC         (4)  BC:FF86  DE:0000  HL:0000  AF:0002  SP:7FED  PC:0152   
0153  0F        RRC         (4)  BC:FF86  DE:0000  HL:0000  AF:0002  SP:7FED  PC:0153   
0154  0F        RRC         (4)  BC:FF86  DE:0000  HL:0000  AF:0002  SP:7FED  PC:0154   
0155  E6 0F     ANI 0F      (4)  BC:FF86  DE:0000  HL:0000  AF:0002  SP:7FED  PC:0155   
0157  FE 0A     CPI 0A      (4)  BC:FF86  DE:0000  HL:0000  AF:0056  SP:7FED  PC:0157   
0159  FA 5E 01  JM 015E     (4)  BC:FF86  DE:0000  HL:0000  AF:0087  SP:7FED  PC:0159   
015E  C6 30     ADI 30      (4)  BC:FF86  DE:0000  HL:0000  AF:0087  SP:7FED  PC:015E   
0160  C9        RET         (4)  BC:FF86  DE:0000  HL:0000  AF:3006  SP:7FED  PC:0160   
0142  CD 2D 01  CALL 012D   (3)  BC:FF86  DE:0000  HL:0000  AF:3006  SP:7FEF  PC:0142   
012D  C5        PUSH B      (4)  BC:FF86  DE:0000  HL:0000  AF:3006  SP:7FED  PC:012D   
012E  D5        PUSH D      (4)  BC:FF86  DE:0000  HL:0000  AF:3006  SP:7FEB  PC:012E   
012F  E5        PUSH H      (4)  BC:FF86  DE:0000  HL:0000  AF:3006  SP:7FE9  PC:012F   
0130  F5        PUSH PSW    (4)  BC:FF86  DE:0000  HL:0000  AF:3006  SP:7FE7  PC:0130   
0131  4F        MOV C,A     (4)  BC:FF86  DE:0000  HL:0000  AF:3006  SP:7FE5  PC:0131   
0132  CD 37 C0  CALL C037   (4)  BC:FF30  DE:0000  HL:0000  AF:3006  SP:7FE5  PC:0132   
0135  F1        POP PSW     (4)  BC:FF30  DE:0000  HL:0000  AF:3006  SP:7FE5  PC:0135   
0136  E1        POP H       (4)  BC:FF30  DE:0000  HL:0000  AF:3006  SP:7FE7  PC:0136   
0137  D1        POP D       (4)  BC:FF30  DE:0000  HL:0000  AF:3006  SP:7FE9  PC:0137   
0138  C1        POP B       (4)  BC:FF30  DE:0000  HL:0000  AF:3006  SP:7FEB  PC:0138   
0139  C9        RET         (4)  BC:FF86  DE:0000  HL:0000  AF:3006  SP:7FED  PC:0139   
0145  F1        POP PSW     (3)  BC:FF86  DE:0000  HL:0000  AF:3006  SP:7FEF  PC:0145   
0146  CD 55 01  CALL 0155   (3)  BC:FF86  DE:0000  HL:0000  AF:0002  SP:7FF1  PC:0146   
0155  E6 0F     ANI 0F      (4)  BC:FF86  DE:0000  HL:0000  AF:0002  SP:7FEF  PC:0155   
0157  FE 0A     CPI 0A      (4)  BC:FF86  DE:0000  HL:0000  AF:0056  SP:7FEF  PC:0157   
0159  FA 5E 01  JM 015E     (4)  BC:FF86  DE:0000  HL:0000  AF:0087  SP:7FEF  PC:0159   
015E  C6 30     ADI 30      (4)  BC:FF86  DE:0000  HL:0000  AF:0087  SP:7FEF  PC:015E   
0160  C9        RET         (4)  BC:FF86  DE:0000  HL:0000  AF:3006  SP:7FEF  PC:0160   
0149  CD 2D 01  CALL 012D   (3)  BC:FF86  DE:0000  HL:0000  AF:3006  SP:7FF1  PC:0149   
012D  C5        PUSH B      (4)  BC:FF86  DE:0000  HL:0000  AF:3006  SP:7FEF  PC:012D   
012E  D5        PUSH D      (4)  BC:FF86  DE:0000  HL:0000  AF:3006  SP:7FED  PC:012E   
012F  E5        PUSH H      (4)  BC:FF86  DE:0000  HL:0000  AF:3006  SP:7FEB  PC:012F   
0130  F5        PUSH PSW    (4)  BC:FF86  DE:0000  HL:0000  AF:3006  SP:7FE9  PC:0130   
0131  4F        MOV C,A     (4)  BC:FF86  DE:0000  HL:0000  AF:3006  SP:7FE7  PC:0131   
0132  CD 37 C0  CALL C037   (4)  BC:FF30  DE:0000  HL:0000  AF:3006  SP:7FE7  PC:0132   
0135  F1        POP PSW     (4)  BC:FF30  DE:0000  HL:0000  AF:3006  SP:7FE7  PC:0135   
0136  E1        POP H       (4)  BC:FF30  DE:0000  HL:0000  AF:3006  SP:7FE9  PC:0136   
0137  D1        POP D       (4)  BC:FF30  DE:0000  HL:0000  AF:3006  SP:7FEB  PC:0137   
0138  C1        POP B       (4)  BC:FF30  DE:0000  HL:0000  AF:3006  SP:7FED  PC:0138   
0139  C9        RET         (4)  BC:FF86  DE:0000  HL:0000  AF:3006  SP:7FEF  PC:0139   
014C  F1        POP PSW     (3)  BC:FF86  DE:0000  HL:0000  AF:3006  SP:7FF1  PC:014C   
014D  E1        POP H       (3)  BC:FF86  DE:0000  HL:0000  AF:0002  SP:7FF3  PC:014D   
014E  D1        POP D       (3)  BC:FF86  DE:0000  HL:0000  AF:0002  SP:7FF5  PC:014E   
014F  C1        POP B       (3)  BC:FF86  DE:0000  HL:0000  AF:0002  SP:7FF7  PC:014F   
0150  C9        RET         (3)  BC:FF86  DE:0000  HL:0000  AF:0002  SP:7FF9  PC:0150   
00A1  1F        RAR         (2)  BC:FF86  DE:0000  HL:0000  AF:0002  SP:7FFB  PC:00A1   
00A2  CD F4 00  CALL 00F4   (2)  BC:FF86  DE:0000  HL:0000  AF:0002  SP:7FFB  PC:00A2   
00F4  C5        PUSH B      (3)  BC:FF86  DE:0000  HL:0000  AF:0002  SP:7FF9  PC:00F4   
00F5  D5        PUSH D      (3)  BC:FF86  DE:0000  HL:0000  AF:0002  SP:7FF7  PC:00F5   
00F6  E5        PUSH H      (3)  BC:FF86  DE:0000  HL:0000  AF:0002  SP:7FF5  PC:00F6   
00F7  F5        PUSH PSW    (3)  BC:FF86  DE:0000  HL:0000  AF:0002  SP:7FF3  PC:00F7   
00F8  21 00 00  LXI H,0000  (3)  BC:FF86  DE:0000  HL:0000  AF:0002  SP:7FF1  PC:00F8   
00FB  39        DAD SP      (3)  BC:FF86  DE:0000  HL:0000  AF:0002  SP:7FF1  PC:00FB   
00FC  0E 08     MVI C,08    (3)  BC:FF86  DE:0000  HL:7FF1  AF:0002  SP:7FF1  PC:00FC   
00FE  2B        DCX H       (3)  BC:FF08  DE:0000  HL:7FF1  AF:0002  SP:7FF1  PC:00FE   
00FF  0D        DCR C       (3)  BC:FF08  DE:0000  HL:7FF0  AF:0002  SP:7FF1  PC:00FF   
0100  C2 FE 00  JNZ 00FE    (3)  BC:FF07  DE:0000  HL:7FF0  AF:0012  SP:7FF1  PC:0100   
00FE  2B        DCX H       (3)  BC:FF07  DE:0000  HL:7FF0  AF:0012  SP:7FF1  PC:00FE   
00FF  0D        DCR C       (3)  BC:FF07  DE:0000  HL:7FEF  AF:0012  SP:7FF1  PC:00FF   
0100  C2 FE 00  JNZ 00FE    (3)  BC:FF06  DE:0000  HL:7FEF  AF:0016  SP:7FF1  PC:0100   
00FE  2B        DCX H       (3)  BC:FF06  DE:0000  HL:7FEF  AF:0016  SP:7FF1  PC:00FE   
00FF  0D        DCR C       (3)  BC:FF06  DE:0000  HL:7FEE  AF:0016  SP:7FF1  PC:00FF   
0100  C2 FE 00  JNZ 00FE    (3)  BC:FF05  DE:0000  HL:7FEE  AF:0016  SP:7FF1  PC:0100   
00FE  2B        DCX H       (3)  BC:FF05  DE:0000  HL:7FEE  AF:0016  SP:7FF1  PC:00FE   
00FF  0D        DCR C       (3)  BC:FF05  DE:0000  HL:7FED  AF:0016  SP:7FF1  PC:00FF   
0100  C2 FE 00  JNZ 00FE    (3)  BC:FF04  DE:0000  HL:7FED  AF:0012  SP:7FF1  PC:0100   
00FE  2B        DCX H       (3)  BC:FF04  DE:0000  HL:7FED  AF:0012  SP:7FF1  PC:00FE   
00FF  0D        DCR C       (3)  BC:FF04  DE:0000  HL:7FEC  AF:0012  SP:7FF1  PC:00FF   
0100  C2 FE 00  JNZ 00FE    (3)  BC:FF03  DE:0000  HL:7FEC  AF:0016  SP:7FF1  PC:0100   
00FE  2B        DCX H       (3)  BC:FF03  DE:0000  HL:7FEC  AF:0016  SP:7FF1  PC:00FE   
00FF  0D        DCR C       (3)  BC:FF03  DE:0000  HL:7FEB  AF:0016  SP:7FF1  PC:00FF   
0100  C2 FE 00  JNZ 00FE    (3)  BC:FF02  DE:0000  HL:7FEB  AF:0012  SP:7FF1  PC:0100   
00FE  2B        DCX H       (3)  BC:FF02  DE:0000  HL:7FEB  AF:0012  SP:7FF1  PC:00FE   
00FF  0D        DCR C       (3)  BC:FF02  DE:0000  HL:7FEA  AF:0012  SP:7FF1  PC:00FF   
0100  C2 FE 00  JNZ 00FE    (3)  BC:FF01  DE:0000  HL:7FEA  AF:0012  SP:7FF1  PC:0100   
00FE  2B        DCX H       (3)  BC:FF01  DE:0000  HL:7FEA  AF:0012  SP:7FF1  PC:00FE   
00FF  0D        DCR C       (3)  BC:FF01  DE:0000  HL:7FE9  AF:0012  SP:7FF1  PC:00FF   
0100  C2 FE 00  JNZ 00FE    (3)  BC:FF00  DE:0000  HL:7FE9  AF:0056  SP:7FF1  PC:0100   
0103  11 61 00  LXI D,0061  (3)  BC:FF00  DE:0000  HL:7FE9  AF:0056  SP:7FF1  PC:0103   
0106  1A        LDAX D      (3)  BC:FF00  DE:0061  HL:7FE9  AF:0056  SP:7FF1  PC:0106   
0107  0E 08     MVI C,08    (3)  BC:FF00  DE:0061  HL:7FE9  AF:C656  SP:7FF1  PC:0107   
0109  46        MOV B,M     (3)  BC:FF08  DE:0061  HL:7FE9  AF:C656  SP:7FF1  PC:0109   
010A  A8        XRA B       (3)  BC:0008  DE:0061  HL:7FE9  AF:C656  SP:7FF1  PC:010A   
010B  23        INX H       (3)  BC:0008  DE:0061  HL:7FE9  AF:C686  SP:7FF1  PC:010B   
010C  0D        DCR C       (3)  BC:0008  DE:0061  HL:7FEA  AF:C686  SP:7FF1  PC:010C   
010D  C2 09 01  JNZ 0109    (3)  BC:0007  DE:0061  HL:7FEA  AF:C612  SP:7FF1  PC:010D   
0109  46        MOV B,M     (3)  BC:0007  DE:0061  HL:7FEA  AF:C612  SP:7FF1  PC:0109   
010A  A8        XRA B       (3)  BC:0007  DE:0061  HL:7FEA  AF:C612  SP:7FF1  PC:010A   
010B  23        INX H       (3)  BC:0007  DE:0061  HL:7FEA  AF:C686  SP:7FF1  PC:010B   
010C  0D        DCR C       (3)  BC:0007  DE:0061  HL:7FEB  AF:C686  SP:7FF1  PC:010C   
010D  C2 09 01  JNZ 0109    (3)  BC:0006  DE:0061  HL:7FEB  AF:C616  SP:7FF1  PC:010D   
0109  46        MOV B,M     (3)  BC:0006  DE:0061  HL:7FEB  AF:C616  SP:7FF1  PC:0109   
010A  A8        XRA B       (3)  BC:0006  DE:0061  HL:7FEB  AF:C616  SP:7FF1  PC:010A   
010B  23        INX H       (3)  BC:0006  DE:0061  HL:7FEB  AF:C686  SP:7FF1  PC:010B   
010C  0D        DCR C       (3)  BC:0006  DE:0061  HL:7FEC  AF:C686  SP:7FF1  PC:010C   
010D  C2 09 01  JNZ 0109    (3)  BC:0005  DE:0061  HL:7FEC  AF:C616  SP:7FF1  PC:010D   
0109  46        MOV B,M     (3)  BC:0005  DE:0061  HL:7FEC  AF:C616  SP:7FF1  PC:0109   
010A  A8        XRA B       (3)  BC:0005  DE:0061  HL:7FEC  AF:C616  SP:7FF1  PC:010A   
010B  23        INX H       (3)  BC:0005  DE:0061  HL:7FEC  AF:C686  SP:7FF1  PC:010B   
010C  0D        DCR C       (3)  BC:0005  DE:0061  HL:7FED  AF:C686  SP:7FF1  PC:010C   
010D  C2 09 01  JNZ 0109    (3)  BC:0004  DE:0061  HL:7FED  AF:C612  SP:7FF1  PC:010D   
0109  46        MOV B,M     (3)  BC:0004  DE:0061  HL:7FED  AF:C612  SP:7FF1  PC:0109   
010A  A8        XRA B       (3)  BC:8604  DE:0061  HL:7FED  AF:C612  SP:7FF1  PC:010A   
010B  23        INX H       (3)  BC:8604  DE:0061  HL:7FED  AF:4002  SP:7FF1  PC:010B   
010C  0D        DCR C       (3)  BC:8604  DE:0061  HL:7FEE  AF:4002  SP:7FF1  PC:010C   
010D  C2 09 01  JNZ 0109    (3)  BC:8603  DE:0061  HL:7FEE  AF:4016  SP:7FF1  PC:010D   
0109  46        MOV B,M     (3)  BC:8603  DE:0061  HL:7FEE  AF:4016  SP:7FF1  PC:0109   
010A  A8        XRA B       (3)  BC:FF03  DE:0061  HL:7FEE  AF:4016  SP:7FF1  PC:010A   
010B  23        INX H       (3)  BC:FF03  DE:0061  HL:7FEE  AF:BF82  SP:7FF1  PC:010B   
010C  0D        DCR C       (3)  BC:FF03  DE:0061  HL:7FEF  AF:BF82  SP:7FF1  PC:010C   
010D  C2 09 01  JNZ 0109    (3)  BC:FF02  DE:0061  HL:7FEF  AF:BF12  SP:7FF1  PC:010D   
0109  46        MOV B,M     (3)  BC:FF02  DE:0061  HL:7FEF  AF:BF12  SP:7FF1  PC:0109   
010A  A8        XRA B       (3)  BC:4C02  DE:0061  HL:7FEF  AF:BF12  SP:7FF1  PC:010A   
010B  23        INX H       (3)  BC:4C02  DE:0061  HL:7FEF  AF:F386  SP:7FF1  PC:010B   
010C  0D        DCR C       (3)  BC:4C02  DE:0061  HL:7FF0  AF:F386  SP:7FF1  PC:010C   
010D  C2 09 01  JNZ 0109    (3)  BC:4C01  DE:0061  HL:7FF0  AF:F312  SP:7FF1  PC:010D   
0109  46        MOV B,M     (3)  BC:4C01  DE:0061  HL:7FF0  AF:F312  SP:7FF1  PC:0109   
010A  A8        XRA B       (3)  BC:0101  DE:0061  HL:7FF0  AF:F312  SP:7FF1  PC:010A   
010B  23        INX H       (3)  BC:0101  DE:0061  HL:7FF0  AF:F282  SP:7FF1  PC:010B   
010C  0D        DCR C       (3)  BC:0101  DE:0061  HL:7FF1  AF:F282  SP:7FF1  PC:010C   
010D  C2 09 01  JNZ 0109    (3)  BC:0100  DE:0061  HL:7FF1  AF:F256  SP:7FF1  PC:010D   
0110  12        STAX D      (3)  BC:0100  DE:0061  HL:7FF1  AF:F256  SP:7FF1  PC:0110   
0111  C1        POP B       (3)  BC:0100  DE:0061  HL:7FF1  AF:F256  SP:7FF1  PC:0111   
0112  D1        POP D       (3)  BC:0002  DE:0061  HL:7FF1  AF:F256  SP:7FF3  PC:0112   
0113  E1        POP H       (3)  BC:0002  DE:0000  HL:7FF1  AF:F256  SP:7FF5  PC:0113   
0114  F1        POP PSW     (3)  BC:0002  DE:0000  HL:0000  AF:F256  SP:7FF7  PC:0114   
0115  C9        RET         (3)  BC:0002  DE:0000  HL:0000  AF:FF86  SP:7FF9  PC:0115   
00A5  CD 3A 01  CALL 013A   (2)  BC:0002  DE:0000  HL:0000  AF:FF86  SP:7FFB  PC:00A5   
013A  C5        PUSH B      (3)  BC:0002  DE:0000  HL:0000  AF:FF86  SP:7FF9  PC:013A   
013B  D5        PUSH D      (3)  BC:0002  DE:0000  HL:0000  AF:FF86  SP:7FF7  PC:013B   
013C  E5        PUSH H      (3)  BC:0002  DE:0000  HL:0000  AF:FF86  SP:7FF5  PC:013C   
013D  F5        PUSH PSW    (3)  BC:0002  DE:0000  HL:0000  AF:FF86  SP:7FF3  PC:013D   
013E  F5        PUSH PSW    (3)  BC:0002  DE:0000  HL:0000  AF:FF86  SP:7FF1  PC:013E   
013F  CD 51 01  CALL 0151   (3)  BC:0002  DE:0000  HL:0000  AF:FF86  SP:7FEF  PC:013F   
0151  0F        RRC         (4)  BC:0002  DE:0000  HL:0000  AF:FF86  SP:7FED  PC:0151   
0152  0F        RRC         (4)  BC:0002  DE:0000  HL:0000  AF:FF87  SP:7FED  PC:0152   
0153  0F        RRC         (4)  BC:0002  DE:0000  HL:0000  AF:FF87  SP:7FED  PC:0153   
0154  0F        RRC         (4)  BC:0002  DE:0000  HL:0000  AF:FF87  SP:7FED  PC:0154   
0155  E6 0F     ANI 0F      (4)  BC:0002  DE:0000  HL:0000  AF:FF87  SP:7FED  PC:0155   
0157  FE 0A     CPI 0A      (4)  BC:0002  DE:0000  HL:0000  AF:0F16  SP:7FED  PC:0157   
0159  FA 5E 01  JM 015E     (4)  BC:0002  DE:0000  HL:0000  AF:0F16  SP:7FED  PC:0159   
015C  C6 07     ADI 07      (4)  BC:0002  DE:0000  HL:0000  AF:0F16  SP:7FED  PC:015C   
015E  C6 30     ADI 30      (4)  BC:0002  DE:0000  HL:0000  AF:1612  SP:7FED  PC:015E   
0160  C9        RET         (4)  BC:0002  DE:0000  HL:0000  AF:4602  SP:7FED  PC:0160   
0142  CD 2D 01  CALL 012D   (3)  BC:0002  DE:0000  HL:0000  AF:4602  SP:7FEF  PC:0142   
012D  C5        PUSH B      (4)  BC:0002  DE:0000  HL:0000  AF:4602  SP:7FED  PC:012D   
012E  D5        PUSH D      (4)  BC:0002  DE:0000  HL:0000  AF:4602  SP:7FEB  PC:012E   
012F  E5        PUSH H      (4)  BC:0002  DE:0000  HL:0000  AF:4602  SP:7FE9  PC:012F   
0130  F5        PUSH PSW    (4)  BC:0002  DE:0000  HL:0000  AF:4602  SP:7FE7  PC:0130   
0131  4F        MOV C,A     (4)  BC:0002  DE:0000  HL:0000  AF:4602  SP:7FE5  PC:0131   
0132  CD 37 C0  CALL C037   (4)  BC:0046  DE:0000  HL:0000  AF:4602  SP:7FE5  PC:0132   
0135  F1        POP PSW     (4)  BC:0046  DE:0000  HL:0000  AF:4602  SP:7FE5  PC:0135   
0136  E1        POP H       (4)  BC:0046  DE:0000  HL:0000  AF:4602  SP:7FE7  PC:0136   
0137  D1        POP D       (4)  BC:0046  DE:0000  HL:0000  AF:4602  SP:7FE9  PC:0137   
0138  C1        POP B       (4)  BC:0046  DE:0000  HL:0000  AF:4602  SP:7FEB  PC:0138   
0139  C9        RET         (4)  BC:0002  DE:0000  HL:0000  AF:4602  SP:7FED  PC:0139   
0145  F1        POP PSW     (3)  BC:0002  DE:0000  HL:0000  AF:4602  SP:7FEF  PC:0145   
0146  CD 55 01  CALL 0155   (3)  BC:0002  DE:0000  HL:0000  AF:FF86  SP:7FF1  PC:0146   
0155  E6 0F     ANI 0F      (4)  BC:0002  DE:0000  HL:0000  AF:FF86  SP:7FEF  PC:0155   
0157  FE 0A     CPI 0A      (4)  BC:0002  DE:0000  HL:0000  AF:0F16  SP:7FEF  PC:0157   
0159  FA 5E 01  JM 015E     (4)  BC:0002  DE:0000  HL:0000  AF:0F16  SP:7FEF  PC:0159   
015C  C6 07     ADI 07      (4)  BC:0002  DE:0000  HL:0000  AF:0F16  SP:7FEF  PC:015C   
015E  C6 30     ADI 30      (4)  BC:0002  DE:0000  HL:0000  AF:1612  SP:7FEF  PC:015E   
0160  C9        RET         (4)  BC:0002  DE:0000  HL:0000  AF:4602  SP:7FEF  PC:0160   
0149  CD 2D 01  CALL 012D   (3)  BC:0002  DE:0000  HL:0000  AF:4602  SP:7FF1  PC:0149   
012D  C5        PUSH B      (4)  BC:0002  DE:0000  HL:0000  AF:4602  SP:7FEF  PC:012D   
012E  D5        PUSH D      (4)  BC:0002  DE:0000  HL:0000  AF:4602  SP:7FED  PC:012E   
012F  E5        PUSH H      (4)  BC:0002  DE:0000  HL:0000  AF:4602  SP:7FEB  PC:012F   
0130  F5        PUSH PSW    (4)  BC:0002  DE:0000  HL:0000  AF:4602  SP:7FE9  PC:0130   
0131  4F        MOV C,A     (4)  BC:0002  DE:0000  HL:0000  AF:4602  SP:7FE7  PC:0131   
0132  CD 37 C0  CALL C037   (4)  BC:0046  DE:0000  HL:0000  AF:4602  SP:7FE7  PC:0132   
0135  F1        POP PSW     (4)  BC:0046  DE:0000  HL:0000  AF:4602  SP:7FE7  PC:0135   
0136  E1        POP H       (4)  BC:0046  DE:0000  HL:0000  AF:4602  SP:7FE9  PC:0136   
0137  D1        POP D       (4)  BC:0046  DE:0000  HL:0000  AF:4602  SP:7FEB  PC:0137   
0138  C1        POP B       (4)  BC:0046  DE:0000  HL:0000  AF:4602  SP:7FED  PC:0138   
0139  C9        RET         (4)  BC:0002  DE:0000  HL:0000  AF:4602  SP:7FEF  PC:0139   
014C  F1        POP PSW     (3)  BC:0002  DE:0000  HL:0000  AF:4602  SP:7FF1  PC:014C   
014D  E1        POP H       (3)  BC:0002  DE:0000  HL:0000  AF:FF86  SP:7FF3  PC:014D   
014E  D1        POP D       (3)  BC:0002  DE:0000  HL:0000  AF:FF86  SP:7FF5  PC:014E   
014F  C1        POP B       (3)  BC:0002  DE:0000  HL:0000  AF:FF86  SP:7FF7  PC:014F   
0150  C9        RET         (3)  BC:0002  DE:0000  HL:0000  AF:FF86  SP:7FF9  PC:0150   
00A8  EE AC     XRI AC      (2)  BC:0002  DE:0000  HL:0000  AF:FF86  SP:7FFB  PC:00A8   
00AA  CD F4 00  CALL 00F4   (2)  BC:0002  DE:0000  HL:0000  AF:5306  SP:7FFB  PC:00AA   
00F4  C5        PUSH B      (3)  BC:0002  DE:0000  HL:0000  AF:5306  SP:7FF9  PC:00F4   
00F5  D5        PUSH D      (3)  BC:0002  DE:0000  HL:0000  AF:5306  SP:7FF7  PC:00F5   
00F6  E5        PUSH H      (3)  BC:0002  DE:0000  HL:0000  AF:5306  SP:7FF5  PC:00F6   
00F7  F5        PUSH PSW    (3)  BC:0002  DE:0000  HL:0000  AF:5306  SP:7FF3  PC:00F7   
00F8  21 00 00  LXI H,0000  (3)  BC:0002  DE:0000  HL:0000  AF:5306  SP:7FF1  PC:00F8   
00FB  39        DAD SP      (3)  BC:0002  DE:0000  HL:0000  AF:5306  SP:7FF1  PC:00FB   
00FC  0E 08     MVI C,08    (3)  BC:0002  DE:0000  HL:7FF1  AF:5306  SP:7FF1  PC:00FC   
00FE  2B        DCX H       (3)  BC:0008  DE:0000  HL:7FF1  AF:5306  SP:7FF1  PC:00FE   
00FF  0D        DCR C       (3)  BC:0008  DE:0000  HL:7FF0  AF:5306  SP:7FF1  PC:00FF   
0100  C2 FE 00  JNZ 00FE    (3)  BC:0007  DE:0000  HL:7FF0  AF:5312  SP:7FF1  PC:0100   
00FE  2B        DCX H       (3)  BC:0007  DE:0000  HL:7FF0  AF:5312  SP:7FF1  PC:00FE   
00FF  0D        DCR C       (3)  BC:0007  DE:0000  HL:7FEF  AF:5312  SP:7FF1  PC:00FF   
0100  C2 FE 00  JNZ 00FE    (3)  BC:0006  DE:0000  HL:7FEF  AF:5316  SP:7FF1  PC:0100   
00FE  2B        DCX H       (3)  BC:0006  DE:0000  HL:7FEF  AF:5316  SP:7FF1  PC:00FE   
00FF  0D        DCR C       (3)  BC:0006  DE:0000  HL:7FEE  AF:5316  SP:7FF1  PC:00FF   
0100  C2 FE 00  JNZ 00FE    (3)  BC:0005  DE:0000  HL:7FEE  AF:5316  SP:7FF1  PC:0100   
00FE  2B        DCX H       (3)  BC:0005  DE:0000  HL:7FEE  AF:5316  SP:7FF1  PC:00FE   
00FF  0D        DCR C       (3)  BC:0005  DE:0000  HL:7FED  AF:5316  SP:7FF1  PC:00FF   
0100  C2 FE 00  JNZ 00FE    (3)  BC:0004  DE:0000  HL:7FED  AF:5312  SP:7FF1  PC:0100   
00FE  2B        DCX H       (3)  BC:0004  DE:0000  HL:7FED  AF:5312  SP:7FF1  PC:00FE   
00FF  0D        DCR C       (3)  BC:0004  DE:0000  HL:7FEC  AF:5312  SP:7FF1  PC:00FF   
0100  C2 FE 00  JNZ 00FE    (3)  BC:0003  DE:0000  HL:7FEC  AF:5316  SP:7FF1  PC:0100   
00FE  2B        DCX H       (3)  BC:0003  DE:0000  HL:7FEC  AF:5316  SP:7FF1  PC:00FE   
00FF  0D        DCR C       (3)  BC:0003  DE:0000  HL:7FEB  AF:5316  SP:7FF1  PC:00FF   
0100  C2 FE 00  JNZ 00FE    (3)  BC:0002  DE:0000  HL:7FEB  AF:5312  SP:7FF1  PC:0100   
00FE  2B        DCX H       (3)  BC:0002  DE:0000  HL:7FEB  AF:5312  SP:7FF1  PC:00FE   
00FF  0D        DCR C       (3)  BC:0002  DE:0000  HL:7FEA  AF:5312  SP:7FF1  PC:00FF   
0100  C2 FE 00  JNZ 00FE    (3)  BC:0001  DE:0000  HL:7FEA  AF:5312  SP:7FF1  PC:0100   
00FE  2B        DCX H       (3)  BC:0001  DE:0000  HL:7FEA  AF:5312  SP:7FF1  PC:00FE   
00FF  0D        DCR C       (3)  BC:0001  DE:0000  HL:7FE9  AF:5312  SP:7FF1  PC:00FF   
0100  C2 FE 00  JNZ 00FE    (3)  BC:0000  DE:0000  HL:7FE9  AF:5356  SP:7FF1  PC:0100   
0103  11 61 00  LXI D,0061  (3)  BC:0000  DE:0000  HL:7FE9  AF:5356  SP:7FF1  PC:0103   
0106  1A        LDAX D      (3)  BC:0000  DE:0061  HL:7FE9  AF:5356  SP:7FF1  PC:0106   
0107  0E 08     MVI C,08    (3)  BC:0000  DE:0061  HL:7FE9  AF:F256  SP:7FF1  PC:0107   
0109  46        MOV B,M     (3)  BC:0008  DE:0061  HL:7FE9  AF:F256  SP:7FF1  PC:0109   
010A  A8        XRA B       (3)  BC:0008  DE:0061  HL:7FE9  AF:F256  SP:7FF1  PC:010A   
010B  23        INX H       (3)  BC:0008  DE:0061  HL:7FE9  AF:F282  SP:7FF1  PC:010B   
010C  0D        DCR C       (3)  BC:0008  DE:0061  HL:7FEA  AF:F282  SP:7FF1  PC:010C   
010D  C2 09 01  JNZ 0109    (3)  BC:0007  DE:0061  HL:7FEA  AF:F212  SP:7FF1  PC:010D   
0109  46        MOV B,M     (3)  BC:0007  DE:0061  HL:7FEA  AF:F212  SP:7FF1  PC:0109   
010A  A8        XRA B       (3)  BC:0007  DE:0061  HL:7FEA  AF:F212  SP:7FF1  PC:010A   
010B  23        INX H       (3)  BC:0007  DE:0061  HL:7FEA  AF:F282  SP:7FF1  PC:010B   
010C  0D        DCR C       (3)  BC:0007  DE:0061  HL:7FEB  AF:F282  SP:7FF1  PC:010C   
010D  C2 09 01  JNZ 0109    (3)  BC:0006  DE:0061  HL:7FEB  AF:F216  SP:7FF1  PC:010D   
0109  46        MOV B,M     (3)  BC:0006  DE:0061  HL:7FEB  AF:F216  SP:7FF1  PC:0109   
010A  A8        XRA B       (3)  BC:0006  DE:0061  HL:7FEB  AF:F216  SP:7FF1  PC:010A   
010B  23        INX H       (3)  BC:0006  DE:0061  HL:7FEB  AF:F282  SP:7FF1  PC:010B   
010C  0D        DCR C       (3)  BC:0006  DE:0061  HL:7FEC  AF:F282  SP:7FF1  PC:010C   
010D  C2 09 01  JNZ 0109    (3)  BC:0005  DE:0061  HL:7FEC  AF:F216  SP:7FF1  PC:010D   
0109  46        MOV B,M     (3)  BC:0005  DE:0061  HL:7FEC  AF:F216  SP:7FF1  PC:0109   
010A  A8        XRA B       (3)  BC:0005  DE:0061  HL:7FEC  AF:F216  SP:7FF1  PC:010A   
010B  23        INX H       (3)  BC:0005  DE:0061  HL:7FEC  AF:F282  SP:7FF1  PC:010B   
010C  0D        DCR C       (3)  BC:0005  DE:0061  HL:7FED  AF:F282  SP:7FF1  PC:010C   
010D  C2 09 01  JNZ 0109    (3)  BC:0004  DE:0061  HL:7FED  AF:F212  SP:7FF1  PC:010D   
0109  46        MOV B,M     (3)  BC:0004  DE:0061  HL:7FED  AF:F212  SP:7FF1  PC:0109   
010A  A8        XRA B       (3)  BC:0204  DE:0061  HL:7FED  AF:F212  SP:7FF1  PC:010A   
010B  23        INX H       (3)  BC:0204  DE:0061  HL:7FED  AF:F086  SP:7FF1  PC:010B   
010C  0D        DCR C       (3)  BC:0204  DE:0061  HL:7FEE  AF:F086  SP:7FF1  PC:010C   
010D  C2 09 01  JNZ 0109    (3)  BC:0203  DE:0061  HL:7FEE  AF:F016  SP:7FF1  PC:010D   
0109  46        MOV B,M     (3)  BC:0203  DE:0061  HL:7FEE  AF:F016  SP:7FF1  PC:0109   
010A  A8        XRA B       (3)  BC:0003  DE:0061  HL:7FEE  AF:F016  SP:7FF1  PC:010A   
010B  23        INX H       (3)  BC:0003  DE:0061  HL:7FEE  AF:F086  SP:7FF1  PC:010B   
010C  0D        DCR C       (3)  BC:0003  DE:0061  HL:7FEF  AF:F086  SP:7FF1  PC:010C   
010D  C2 09 01  JNZ 0109    (3)  BC:0002  DE:0061  HL:7FEF  AF:F012  SP:7FF1  PC:010D   
0109  46        MOV B,M     (3)  BC:0002  DE:0061  HL:7FEF  AF:F012  SP:7FF1  PC:0109   
010A  A8        XRA B       (3)  BC:4C02  DE:0061  HL:7FEF  AF:F012  SP:7FF1  PC:010A   
010B  23        INX H       (3)  BC:4C02  DE:0061  HL:7FEF  AF:BC82  SP:7FF1  PC:010B   
010C  0D        DCR C       (3)  BC:4C02  DE:0061  HL:7FF0  AF:BC82  SP:7FF1  PC:010C   
010D  C2 09 01  JNZ 0109    (3)  BC:4C01  DE:0061  HL:7FF0  AF:BC12  SP:7FF1  PC:010D   
0109  46        MOV B,M     (3)  BC:4C01  DE:0061  HL:7FF0  AF:BC12  SP:7FF1  PC:0109   
010A  A8        XRA B       (3)  BC:0101  DE:0061  HL:7FF0  AF:BC12  SP:7FF1  PC:010A   
010B  23        INX H       (3)  BC:0101  DE:0061  HL:7FF0  AF:BD86  SP:7FF1  PC:010B   
010C  0D        DCR C       (3)  BC:0101  DE:0061  HL:7FF1  AF:BD86  SP:7FF1  PC:010C   
010D  C2 09 01  JNZ 0109    (3)  BC:0100  DE:0061  HL:7FF1  AF:BD56  SP:7FF1  PC:010D   
0110  12        STAX D      (3)  BC:0100  DE:0061  HL:7FF1  AF:BD56  SP:7FF1  PC:0110   
0111  C1        POP B       (3)  BC:0100  DE:0061  HL:7FF1  AF:BD56  SP:7FF1  PC:0111   
0112  D1        POP D       (3)  BC:5306  DE:0061  HL:7FF1  AF:BD56  SP:7FF3  PC:0112   
0113  E1        POP H       (3)  BC:5306  DE:0000  HL:7FF1  AF:BD56  SP:7FF5  PC:0113   
0114  F1        POP PSW     (3)  BC:5306  DE:0000  HL:0000  AF:BD56  SP:7FF7  PC:0114   
0115  C9        RET         (3)  BC:5306  DE:0000  HL:0000  AF:0002  SP:7FF9  PC:0115   
00AD  CD 3A 01  CALL 013A   (2)  BC:5306  DE:0000  HL:0000  AF:0002  SP:7FFB  PC:00AD   
013A  C5        PUSH B      (3)  BC:5306  DE:0000  HL:0000  AF:0002  SP:7FF9  PC:013A   
013B  D5        PUSH D      (3)  BC:5306  DE:0000  HL:0000  AF:0002  SP:7FF7  PC:013B   
013C  E5        PUSH H      (3)  BC:5306  DE:0000  HL:0000  AF:0002  SP:7FF5  PC:013C   
013D  F5        PUSH PSW    (3)  BC:5306  DE:0000  HL:0000  AF:0002  SP:7FF3  PC:013D   
013E  F5        PUSH PSW    (3)  BC:5306  DE:0000  HL:0000  AF:0002  SP:7FF1  PC:013E   
013F  CD 51 01  CALL 0151   (3)  BC:5306  DE:0000  HL:0000  AF:0002  SP:7FEF  PC:013F   
0151  0F        RRC         (4)  BC:5306  DE:0000  HL:0000  AF:0002  SP:7FED  PC:0151   
0152  0F        RRC         (4)  BC:5306  DE:0000  HL:0000  AF:0002  SP:7FED  PC:0152   
0153  0F        RRC         (4)  BC:5306  DE:0000  HL:0000  AF:0002  SP:7FED  PC:0153   
0154  0F        RRC         (4)  BC:5306  DE:0000  HL:0000  AF:0002  SP:7FED  PC:0154   
0155  E6 0F     ANI 0F      (4)  BC:5306  DE:0000  HL:0000  AF:0002  SP:7FED  PC:0155   
0157  FE 0A     CPI 0A      (4)  BC:5306  DE:0000  HL:0000  AF:0056  SP:7FED  PC:0157   
0159  FA 5E 01  JM 015E     (4)  BC:5306  DE:0000  HL:0000  AF:0087  SP:7FED  PC:0159   
015E  C6 30     ADI 30      (4)  BC:5306  DE:0000  HL:0000  AF:0087  SP:7FED  PC:015E   
0160  C9        RET         (4)  BC:5306  DE:0000  HL:0000  AF:3006  SP:7FED  PC:0160   
0142  CD 2D 01  CALL 012D   (3)  BC:5306  DE:0000  HL:0000  AF:3006  SP:7FEF  PC:0142   
012D  C5        PUSH B      (4)  BC:5306  DE:0000  HL:0000  AF:3006  SP:7FED  PC:012D   
012E  D5        PUSH D      (4)  BC:5306  DE:0000  HL:0000  AF:3006  SP:7FEB  PC:012E   
012F  E5        PUSH H      (4)  BC:5306  DE:0000  HL:0000  AF:3006  SP:7FE9  PC:012F   
0130  F5        PUSH PSW    (4)  BC:5306  DE:0000  HL:0000  AF:3006  SP:7FE7  PC:0130   
0131  4F        MOV C,A     (4)  BC:5306  DE:0000  HL:0000  AF:3006  SP:7FE5  PC:0131   
0132  CD 37 C0  CALL C037   (4)  BC:5330  DE:0000  HL:0000  AF:3006  SP:7FE5  PC:0132   
0135  F1        POP PSW     (4)  BC:5330  DE:0000  HL:0000  AF:3006  SP:7FE5  PC:0135   
0136  E1        POP H       (4)  BC:5330  DE:0000  HL:0000  AF:3006  SP:7FE7  PC:0136   
0137  D1        POP D       (4)  BC:5330  DE:0000  HL:0000  AF:3006  SP:7FE9  PC:0137   
0138  C1        POP B       (4)  BC:5330  DE:0000  HL:0000  AF:3006  SP:7FEB  PC:0138   
0139  C9        RET         (4)  BC:5306  DE:0000  HL:0000  AF:3006  SP:7FED  PC:0139   
0145  F1        POP PSW     (3)  BC:5306  DE:0000  HL:0000  AF:3006  SP:7FEF  PC:0145   
0146  CD 55 01  CALL 0155   (3)  BC:5306  DE:0000  HL:0000  AF:0002  SP:7FF1  PC:0146   
0155  E6 0F     ANI 0F      (4)  BC:5306  DE:0000  HL:0000  AF:0002  SP:7FEF  PC:0155   
0157  FE 0A     CPI 0A      (4)  BC:5306  DE:0000  HL:0000  AF:0056  SP:7FEF  PC:0157   
0159  FA 5E 01  JM 015E     (4)  BC:5306  DE:0000  HL:0000  AF:0087  SP:7FEF  PC:0159   
015E  C6 30     ADI 30      (4)  BC:5306  DE:0000  HL:0000  AF:0087  SP:7FEF  PC:015E   
0160  C9        RET         (4)  BC:5306  DE:0000  HL:0000  AF:3006  SP:7FEF  PC:0160   
0149  CD 2D 01  CALL 012D   (3)  BC:5306  DE:0000  HL:0000  AF:3006  SP:7FF1  PC:0149   
012D  C5        PUSH B      (4)  BC:5306  DE:0000  HL:0000  AF:3006  SP:7FEF  PC:012D   
012E  D5        PUSH D      (4)  BC:5306  DE:0000  HL:0000  AF:3006  SP:7FED  PC:012E   
012F  E5        PUSH H      (4)  BC:5306  DE:0000  HL:0000  AF:3006  SP:7FEB  PC:012F   
0130  F5        PUSH PSW    (4)  BC:5306  DE:0000  HL:0000  AF:3006  SP:7FE9  PC:0130   
0131  4F        MOV C,A     (4)  BC:5306  DE:0000  HL:0000  AF:3006  SP:7FE7  PC:0131   
0132  CD 37 C0  CALL C037   (4)  BC:5330  DE:0000  HL:0000  AF:3006  SP:7FE7  PC:0132   
0135  F1        POP PSW     (4)  BC:5330  DE:0000  HL:0000  AF:3006  SP:7FE7  PC:0135   
0136  E1        POP H       (4)  BC:5330  DE:0000  HL:0000  AF:3006  SP:7FE9  PC:0136   
0137  D1        POP D       (4)  BC:5330  DE:0000  HL:0000  AF:3006  SP:7FEB  PC:0137   
0138  C1        POP B       (4)  BC:5330  DE:0000  HL:0000  AF:3006  SP:7FED  PC:0138   
0139  C9        RET         (4)  BC:5306  DE:0000  HL:0000  AF:3006  SP:7FEF  PC:0139   
014C  F1        POP PSW     (3)  BC:5306  DE:0000  HL:0000  AF:3006  SP:7FF1  PC:014C   
014D  E1        POP H       (3)  BC:5306  DE:0000  HL:0000  AF:0002  SP:7FF3  PC:014D   
014E  D1        POP D       (3)  BC:5306  DE:0000  HL:0000  AF:0002  SP:7FF5  PC:014E   
014F  C1        POP B       (3)  BC:5306  DE:0000  HL:0000  AF:0002  SP:7FF7  PC:014F   
0150  C9        RET         (3)  BC:5306  DE:0000  HL:0000  AF:0002  SP:7FF9  PC:0150   
00B0  17        RAL         (2)  BC:5306  DE:0000  HL:0000  AF:0002  SP:7FFB  PC:00B0   
00B1  CD F4 00  CALL 00F4   (2)  BC:5306  DE:0000  HL:0000  AF:0002  SP:7FFB  PC:00B1   
00F4  C5        PUSH B      (3)  BC:5306  DE:0000  HL:0000  AF:0002  SP:7FF9  PC:00F4   
00F5  D5        PUSH D      (3)  BC:5306  DE:0000  HL:0000  AF:0002  SP:7FF7  PC:00F5   
00F6  E5        PUSH H      (3)  BC:5306  DE:0000  HL:0000  AF:0002  SP:7FF5  PC:00F6   
00F7  F5        PUSH PSW    (3)  BC:5306  DE:0000  HL:0000  AF:0002  SP:7FF3  PC:00F7   
00F8  21 00 00  LXI H,0000  (3)  BC:5306  DE:0000  HL:0000  AF:0002  SP:7FF1  PC:00F8   
00FB  39        DAD SP      (3)  BC:5306  DE:0000  HL:0000  AF:0002  SP:7FF1  PC:00FB   
00FC  0E 08     MVI C,08    (3)  BC:5306  DE:0000  HL:7FF1  AF:0002  SP:7FF1  PC:00FC   
00FE  2B        DCX H       (3)  BC:5308  DE:0000  HL:7FF1  AF:0002  SP:7FF1  PC:00FE   
00FF  0D        DCR C       (3)  BC:5308  DE:0000  HL:7FF0  AF:0002  SP:7FF1  PC:00FF   
0100  C2 FE 00  JNZ 00FE    (3)  BC:5307  DE:0000  HL:7FF0  AF:0012  SP:7FF1  PC:0100   
00FE  2B        DCX H       (3)  BC:5307  DE:0000  HL:7FF0  AF:0012  SP:7FF1  PC:00FE   
00FF  0D        DCR C       (3)  BC:5307  DE:0000  HL:7FEF  AF:0012  SP:7FF1  PC:00FF   
0100  C2 FE 00  JNZ 00FE    (3)  BC:5306  DE:0000  HL:7FEF  AF:0016  SP:7FF1  PC:0100   
00FE  2B        DCX H       (3)  BC:5306  DE:0000  HL:7FEF  AF:0016  SP:7FF1  PC:00FE   
00FF  0D        DCR C       (3)  BC:5306  DE:0000  HL:7FEE  AF:0016  SP:7FF1  PC:00FF   
0100  C2 FE 00  JNZ 00FE    (3)  BC:5305  DE:0000  HL:7FEE  AF:0016  SP:7FF1  PC:0100   
00FE  2B        DCX H       (3)  BC:5305  DE:0000  HL:7FEE  AF:0016  SP:7FF1  PC:00FE   
00FF  0D        DCR C       (3)  BC:5305  DE:0000  HL:7FED  AF:0016  SP:7FF1  PC:00FF   
0100  C2 FE 00  JNZ 00FE    (3)  BC:5304  DE:0000  HL:7FED  AF:0012  SP:7FF1  PC:0100   
00FE  2B        DCX H       (3)  BC:5304  DE:0000  HL:7FED  AF:0012  SP:7FF1  PC:00FE   
00FF  0D        DCR C       (3)  BC:5304  DE:0000  HL:7FEC  AF:0012  SP:7FF1  PC:00FF   
0100  C2 FE 00  JNZ 00FE    (3)  BC:5303  DE:0000  HL:7FEC  AF:0016  SP:7FF1  PC:0100   
00FE  2B        DCX H       (3)  BC:5303  DE:0000  HL:7FEC  AF:0016  SP:7FF1  PC:00FE   
00FF  0D        DCR C       (3)  BC:5303  DE:0000  HL:7FEB  AF:0016  SP:7FF1  PC:00FF   
0100  C2 FE 00  JNZ 00FE    (3)  BC:5302  DE:0000  HL:7FEB  AF:0012  SP:7FF1  PC:0100   
00FE  2B        DCX H       (3)  BC:5302  DE:0000  HL:7FEB  AF:0012  SP:7FF1  PC:00FE   
00FF  0D        DCR C       (3)  BC:5302  DE:0000  HL:7FEA  AF:0012  SP:7FF1  PC:00FF   
0100  C2 FE 00  JNZ 00FE    (3)  BC:5301  DE:0000  HL:7FEA  AF:0012  SP:7FF1  PC:0100   
00FE  2B        DCX H       (3)  BC:5301  DE:0000  HL:7FEA  AF:0012  SP:7FF1  PC:00FE   
00FF  0D        DCR C       (3)  BC:5301  DE:0000  HL:7FE9  AF:0012  SP:7FF1  PC:00FF   
0100  C2 FE 00  JNZ 00FE    (3)  BC:5300  DE:0000  HL:7FE9  AF:0056  SP:7FF1  PC:0100   
0103  11 61 00  LXI D,0061  (3)  BC:5300  DE:0000  HL:7FE9  AF:0056  SP:7FF1  PC:0103   
0106  1A        LDAX D      (3)  BC:5300  DE:0061  HL:7FE9  AF:0056  SP:7FF1  PC:0106   
0107  0E 08     MVI C,08    (3)  BC:5300  DE:0061  HL:7FE9  AF:BD56  SP:7FF1  PC:0107   
0109  46        MOV B,M     (3)  BC:5308  DE:0061  HL:7FE9  AF:BD56  SP:7FF1  PC:0109   
010A  A8        XRA B       (3)  BC:0008  DE:0061  HL:7FE9  AF:BD56  SP:7FF1  PC:010A   
010B  23        INX H       (3)  BC:0008  DE:0061  HL:7FE9  AF:BD86  SP:7FF1  PC:010B   
010C  0D        DCR C       (3)  BC:0008  DE:0061  HL:7FEA  AF:BD86  SP:7FF1  PC:010C   
010D  C2 09 01  JNZ 0109    (3)  BC:0007  DE:0061  HL:7FEA  AF:BD12  SP:7FF1  PC:010D   
0109  46        MOV B,M     (3)  BC:0007  DE:0061  HL:7FEA  AF:BD12  SP:7FF1  PC:0109   
010A  A8        XRA B       (3)  BC:0007  DE:0061  HL:7FEA  AF:BD12  SP:7FF1  PC:010A   
010B  23        INX H       (3)  BC:0007  DE:0061  HL:7FEA  AF:BD86  SP:7FF1  PC:010B   
010C  0D        DCR C       (3)  BC:0007  DE:0061  HL:7FEB  AF:BD86  SP:7FF1  PC:010C   
010D  C2 09 01  JNZ 0109    (3)  BC:0006  DE:0061  HL:7FEB  AF:BD16  SP:7FF1  PC:010D   
0109  46        MOV B,M     (3)  BC:0006  DE:0061  HL:7FEB  AF:BD16  SP:7FF1  PC:0109   
010A  A8        XRA B       (3)  BC:0006  DE:0061  HL:7FEB  AF:BD16  SP:7FF1  PC:010A   
010B  23        INX H       (3)  BC:0006  DE:0061  HL:7FEB  AF:BD86  SP:7FF1  PC:010B   
010C  0D        DCR C       (3)  BC:0006  DE:0061  HL:7FEC  AF:BD86  SP:7FF1  PC:010C   
010D  C2 09 01  JNZ 0109    (3)  BC:0005  DE:0061  HL:7FEC  AF:BD16  SP:7FF1  PC:010D   
0109  46        MOV B,M     (3)  BC:0005  DE:0061  HL:7FEC  AF:BD16  SP:7FF1  PC:0109   
010A  A8        XRA B       (3)  BC:0005  DE:0061  HL:7FEC  AF:BD16  SP:7FF1  PC:010A   
010B  23        INX H       (3)  BC:0005  DE:0061  HL:7FEC  AF:BD86  SP:7FF1  PC:010B   
010C  0D        DCR C       (3)  BC:0005  DE:0061  HL:7FED  AF:BD86  SP:7FF1  PC:010C   
010D  C2 09 01  JNZ 0109    (3)  BC:0004  DE:0061  HL:7FED  AF:BD12  SP:7FF1  PC:010D   
0109  46        MOV B,M     (3)  BC:0004  DE:0061  HL:7FED  AF:BD12  SP:7FF1  PC:0109   
010A  A8        XRA B       (3)  BC:0604  DE:0061  HL:7FED  AF:BD12  SP:7FF1  PC:010A   
010B  23        INX H       (3)  BC:0604  DE:0061  HL:7FED  AF:BB86  SP:7FF1  PC:010B   
010C  0D        DCR C       (3)  BC:0604  DE:0061  HL:7FEE  AF:BB86  SP:7FF1  PC:010C   
010D  C2 09 01  JNZ 0109    (3)  BC:0603  DE:0061  HL:7FEE  AF:BB16  SP:7FF1  PC:010D   
0109  46        MOV B,M     (3)  BC:0603  DE:0061  HL:7FEE  AF:BB16  SP:7FF1  PC:0109   
010A  A8        XRA B       (3)  BC:5303  DE:0061  HL:7FEE  AF:BB16  SP:7FF1  PC:010A   
010B  23        INX H       (3)  BC:5303  DE:0061  HL:7FEE  AF:E886  SP:7FF1  PC:010B   
010C  0D        DCR C       (3)  BC:5303  DE:0061  HL:7FEF  AF:E886  SP:7FF1  PC:010C   
010D  C2 09 01  JNZ 0109    (3)  BC:5302  DE:0061  HL:7FEF  AF:E812  SP:7FF1  PC:010D   
0109  46        MOV B,M     (3)  BC:5302  DE:0061  HL:7FEF  AF:E812  SP:7FF1  PC:0109   
010A  A8        XRA B       (3)  BC:4C02  DE:0061  HL:7FEF  AF:E812  SP:7FF1  PC:010A   
010B  23        INX H       (3)  BC:4C02  DE:0061  HL:7FEF  AF:A482  SP:7FF1  PC:010B   
010C  0D        DCR C       (3)  BC:4C02  DE:0061  HL:7FF0  AF:A482  SP:7FF1  PC:010C   
010D  C2 09 01  JNZ 0109    (3)  BC:4C01  DE:0061  HL:7FF0  AF:A412  SP:7FF1  PC:010D   
0109  46        MOV B,M     (3)  BC:4C01  DE:0061  HL:7FF0  AF:A412  SP:7FF1  PC:0109   
010A  A8        XRA B       (3)  BC:0101  DE:0061  HL:7FF0  AF:A412  SP:7FF1  PC:010A   
010B  23        INX H       (3)  BC:0101  DE:0061  HL:7FF0  AF:A586  SP:7FF1  PC:010B   
010C  0D        DCR C       (3)  BC:0101  DE:0061  HL:7FF1  AF:A586  SP:7FF1  PC:010C   
010D  C2 09 01  JNZ 0109    (3)  BC:0100  DE:0061  HL:7FF1  AF:A556  SP:7FF1  PC:010D   
0110  12        STAX D      (3)  BC:0100  DE:0061  HL:7FF1  AF:A556  SP:7FF1  PC:0110   
0111  C1        POP B       (3)  BC:0100  DE:0061  HL:7FF1  AF:A556  SP:7FF1  PC:0111   
0112  D1        POP D       (3)  BC:0002  DE:0061  HL:7FF1  AF:A556  SP:7FF3  PC:0112   
0113  E1        POP H       (3)  BC:0002  DE:0000  HL:7FF1  AF:A556  SP:7FF5  PC:0113   
0114  F1        POP PSW     (3)  BC:0002  DE:0000  HL:0000  AF:A556  SP:7FF7  PC:0114   
0115  C9        RET         (3)  BC:0002  DE:0000  HL:0000  AF:5306  SP:7FF9  PC:0115   
00B4  CD 3A 01  CALL 013A   (2)  BC:0002  DE:0000  HL:0000  AF:5306  SP:7FFB  PC:00B4   
013A  C5        PUSH B      (3)  BC:0002  DE:0000  HL:0000  AF:5306  SP:7FF9  PC:013A   
013B  D5        PUSH D      (3)  BC:0002  DE:0000  HL:0000  AF:5306  SP:7FF7  PC:013B   
013C  E5        PUSH H      (3)  BC:0002  DE:0000  HL:0000  AF:5306  SP:7FF5  PC:013C   
013D  F5        PUSH PSW    (3)  BC:0002  DE:0000  HL:0000  AF:5306  SP:7FF3  PC:013D   
013E  F5        PUSH PSW    (3)  BC:0002  DE:0000  HL:0000  AF:5306  SP:7FF1  PC:013E   
013F  CD 51 01  CALL 0151   (3)  BC:0002  DE:0000  HL:0000  AF:5306  SP:7FEF  PC:013F   
0151  0F        RRC         (4)  BC:0002  DE:0000  HL:0000  AF:5306  SP:7FED  PC:0151   
0152  0F        RRC         (4)  BC:0002  DE:0000  HL:0000  AF:A907  SP:7FED  PC:0152   
0153  0F        RRC         (4)  BC:0002  DE:0000  HL:0000  AF:D407  SP:7FED  PC:0153   
0154  0F        RRC         (4)  BC:0002  DE:0000  HL:0000  AF:6A06  SP:7FED  PC:0154   
0155  E6 0F     ANI 0F      (4)  BC:0002  DE:0000  HL:0000  AF:3506  SP:7FED  PC:0155   
0157  FE 0A     CPI 0A      (4)  BC:0002  DE:0000  HL:0000  AF:0516  SP:7FED  PC:0157   
0159  FA 5E 01  JM 015E     (4)  BC:0002  DE:0000  HL:0000  AF:0583  SP:7FED  PC:0159   
015E  C6 30     ADI 30      (4)  BC:0002  DE:0000  HL:0000  AF:0583  SP:7FED  PC:015E   
0160  C9        RET         (4)  BC:0002  DE:0000  HL:0000  AF:3506  SP:7FED  PC:0160   
0142  CD 2D 01  CALL 012D   (3)  BC:0002  DE:0000  HL:0000  AF:3506  SP:7FEF  PC:0142   
012D  C5        PUSH B      (4)  BC:0002  DE:0000  HL:0000  AF:3506  SP:7FED  PC:012D   
012E  D5        PUSH D      (4)  BC:0002  DE:0000  HL:0000  AF:3506  SP:7FEB  PC:012E   
012F  E5        PUSH H      (4)  BC:0002  DE:0000  HL:0000  AF:3506  SP:7FE9  PC:012F   
0130  F5        PUSH PSW    (4)  BC:0002  DE:0000  HL:0000  AF:3506  SP:7FE7  PC:0130   
0131  4F        MOV C,A     (4)  BC:0002  DE:0000  HL:0000  AF:3506  SP:7FE5  PC:0131   
0132  CD 37 C0  CALL C037   (4)  BC:0035  DE:0000  HL:0000  AF:3506  SP:7FE5  PC:0132   
0135  F1        POP PSW     (4)  BC:0035  DE:0000  HL:0000  AF:3506  SP:7FE5  PC:0135   
0136  E1        POP H       (4)  BC:0035  DE:0000  HL:0000  AF:3506  SP:7FE7  PC:0136   
0137  D1        POP D       (4)  BC:0035  DE:0000  HL:0000  AF:3506  SP:7FE9  PC:0137   
0138  C1        POP B       (4)  BC:0035  DE:0000  HL:0000  AF:3506  SP:7FEB  PC:0138   
0139  C9        RET         (4)  BC:0002  DE:0000  HL:0000  AF:3506  SP:7FED  PC:0139   
0145  F1        POP PSW     (3)  BC:0002  DE:0000  HL:0000  AF:3506  SP:7FEF  PC:0145   
0146  CD 55 01  CALL 0155   (3)  BC:0002  DE:0000  HL:0000  AF:5306  SP:7FF1  PC:0146   
0155  E6 0F     ANI 0F      (4)  BC:0002  DE:0000  HL:0000  AF:5306  SP:7FEF  PC:0155   
0157  FE 0A     CPI 0A      (4)  BC:0002  DE:0000  HL:0000  AF:0316  SP:7FEF  PC:0157   
0159  FA 5E 01  JM 015E     (4)  BC:0002  DE:0000  HL:0000  AF:0387  SP:7FEF  PC:0159   
015E  C6 30     ADI 30      (4)  BC:0002  DE:0000  HL:0000  AF:0387  SP:7FEF  PC:015E   
0160  C9        RET         (4)  BC:0002  DE:0000  HL:0000  AF:3306  SP:7FEF  PC:0160   
0149  CD 2D 01  CALL 012D   (3)  BC:0002  DE:0000  HL:0000  AF:3306  SP:7FF1  PC:0149   
012D  C5        PUSH B      (4)  BC:0002  DE:0000  HL:0000  AF:3306  SP:7FEF  PC:012D   
012E  D5        PUSH D      (4)  BC:0002  DE:0000  HL:0000  AF:3306  SP:7FED  PC:012E   
012F  E5        PUSH H      (4)  BC:0002  DE:0000  HL:0000  AF:3306  SP:7FEB  PC:012F   
0130  F5        PUSH PSW    (4)  BC:0002  DE:0000  HL:0000  AF:3306  SP:7FE9  PC:0130   
0131  4F        MOV C,A     (4)  BC:0002  DE:0000  HL:0000  AF:3306  SP:7FE7  PC:0131   
0132  CD 37 C0  CALL C037   (4)  BC:0033  DE:0000  HL:0000  AF:3306  SP:7FE7  PC:0132   
0135  F1        POP PSW     (4)  BC:0033  DE:0000  HL:0000  AF:3306  SP:7FE7  PC:0135   
0136  E1        POP H       (4)  BC:0033  DE:0000  HL:0000  AF:3306  SP:7FE9  PC:0136   
0137  D1        POP D       (4)  BC:0033  DE:0000  HL:0000  AF:3306  SP:7FEB  PC:0137   
0138  C1        POP B       (4)  BC:0033  DE:0000  HL:0000  AF:3306  SP:7FED  PC:0138   
0139  C9        RET         (4)  BC:0002  DE:0000  HL:0000  AF:3306  SP:7FEF  PC:0139   
014C  F1        POP PSW     (3)  BC:0002  DE:0000  HL:0000  AF:3306  SP:7FF1  PC:014C   
014D  E1        POP H       (3)  BC:0002  DE:0000  HL:0000  AF:5306  SP:7FF3  PC:014D   
014E  D1        POP D       (3)  BC:0002  DE:0000  HL:0000  AF:5306  SP:7FF5  PC:014E   
014F  C1        POP B       (3)  BC:0002  DE:0000  HL:0000  AF:5306  SP:7FF7  PC:014F   
0150  C9        RET         (3)  BC:0002  DE:0000  HL:0000  AF:5306  SP:7FF9  PC:0150   
00B7  E6 BA     ANI BA      (2)  BC:0002  DE:0000  HL:0000  AF:5306  SP:7FFB  PC:00B7   
00B9  CD F4 00  CALL 00F4   (2)  BC:0002  DE:0000  HL:0000  AF:1216  SP:7FFB  PC:00B9   
00F4  C5        PUSH B      (3)  BC:0002  DE:0000  HL:0000  AF:1216  SP:7FF9  PC:00F4   
00F5  D5        PUSH D      (3)  BC:0002  DE:0000  HL:0000  AF:1216  SP:7FF7  PC:00F5   
00F6  E5        PUSH H      (3)  BC:0002  DE:0000  HL:0000  AF:1216  SP:7FF5  PC:00F6   
00F7  F5        PUSH PSW    (3)  BC:0002  DE:0000  HL:0000  AF:1216  SP:7FF3  PC:00F7   
00F8  21 00 00  LXI H,0000  (3)  BC:0002  DE:0000  HL:0000  AF:1216  SP:7FF1  PC:00F8   
00FB  39        DAD SP      (3)  BC:0002  DE:0000  HL:0000  AF:1216  SP:7FF1  PC:00FB   
00FC  0E 08     MVI C,08    (3)  BC:0002  DE:0000  HL:7FF1  AF:1216  SP:7FF1  PC:00FC   
00FE  2B        DCX H       (3)  BC:0008  DE:0000  HL:7FF1  AF:1216  SP:7FF1  PC:00FE   
00FF  0D        DCR C       (3)  BC:0008  DE:0000  HL:7FF0  AF:1216  SP:7FF1  PC:00FF   
0100  C2 FE 00  JNZ 00FE    (3)  BC:0007  DE:0000  HL:7FF0  AF:1212  SP:7FF1  PC:0100   
00FE  2B        DCX H       (3)  BC:0007  DE:0000  HL:7FF0  AF:1212  SP:7FF1  PC:00FE   
00FF  0D        DCR C       (3)  BC:0007  DE:0000  HL:7FEF  AF:1212  SP:7FF1  PC:00FF   
0100  C2 FE 00  JNZ 00FE    (3)  BC:0006  DE:0000  HL:7FEF  AF:1216  SP:7FF1  PC:0100   
00FE  2B        DCX H       (3)  BC:0006  DE:0000  HL:7FEF  AF:1216  SP:7FF1  PC:00FE   
00FF  0D        DCR C       (3)  BC:0006  DE:0000  HL:7FEE  AF:1216  SP:7FF1  PC:00FF   
0100  C2 FE 00  JNZ 00FE    (3)  BC:0005  DE:0000  HL:7FEE  AF:1216  SP:7FF1  PC:0100   
00FE  2B        DCX H       (3)  BC:0005  DE:0000  HL:7FEE  AF:1216  SP:7FF1  PC:00FE   
00FF  0D        DCR C       (3)  BC:0005  DE:0000  HL:7FED  AF:1216  SP:7FF1  PC:00FF   
0100  C2 FE 00  JNZ 00FE    (3)  BC:0004  DE:0000  HL:7FED  AF:1212  SP:7FF1  PC:0100   
00FE  2B        DCX H       (3)  BC:0004  DE:0000  HL:7FED  AF:1212  SP:7FF1  PC:00FE   
00FF  0D        DCR C       (3)  BC:0004  DE:0000  HL:7FEC  AF:1212  SP:7FF1  PC:00FF   
0100  C2 FE 00  JNZ 00FE    (3)  BC:0003  DE:0000  HL:7FEC  AF:1216  SP:7FF1  PC:0100   
00FE  2B        DCX H       (3)  BC:0003  DE:0000  HL:7FEC  AF:1216  SP:7FF1  PC:00FE   
00FF  0D        DCR C       (3)  BC:0003  DE:0000  HL:7FEB  AF:1216  SP:7FF1  PC:00FF   
0100  C2 FE 00  JNZ 00FE    (3)  BC:0002  DE:0000  HL:7FEB  AF:1212  SP:7FF1  PC:0100   
00FE  2B        DCX H       (3)  BC:0002  DE:0000  HL:7FEB  AF:1212  SP:7FF1  PC:00FE   
00FF  0D        DCR C       (3)  BC:0002  DE:0000  HL:7FEA  AF:1212  SP:7FF1  PC:00FF   
0100  C2 FE 00  JNZ 00FE    (3)  BC:0001  DE:0000  HL:7FEA  AF:1212  SP:7FF1  PC:0100   
00FE  2B        DCX H       (3)  BC:0001  DE:0000  HL:7FEA  AF:1212  SP:7FF1  PC:00FE   
00FF  0D        DCR C       (3)  BC:0001  DE:0000  HL:7FE9  AF:1212  SP:7FF1  PC:00FF   
0100  C2 FE 00  JNZ 00FE    (3)  BC:0000  DE:0000  HL:7FE9  AF:1256  SP:7FF1  PC:0100   
0103  11 61 00  LXI D,0061  (3)  BC:0000  DE:0000  HL:7FE9  AF:1256  SP:7FF1  PC:0103   
0106  1A        LDAX D      (3)  BC:0000  DE:0061  HL:7FE9  AF:1256  SP:7FF1  PC:0106   
0107  0E 08     MVI C,08    (3)  BC:0000  DE:0061  HL:7FE9  AF:A556  SP:7FF1  PC:0107   
0109  46        MOV B,M     (3)  BC:0008  DE:0061  HL:7FE9  AF:A556  SP:7FF1  PC:0109   
010A  A8        XRA B       (3)  BC:0008  DE:0061  HL:7FE9  AF:A556  SP:7FF1  PC:010A   
010B  23        INX H       (3)  BC:0008  DE:0061  HL:7FE9  AF:A586  SP:7FF1  PC:010B   
010C  0D        DCR C       (3)  BC:0008  DE:0061  HL:7FEA  AF:A586  SP:7FF1  PC:010C   
010D  C2 09 01  JNZ 0109    (3)  BC:0007  DE:0061  HL:7FEA  AF:A512  SP:7FF1  PC:010D   
0109  46        MOV B,M     (3)  BC:0007  DE:0061  HL:7FEA  AF:A512  SP:7FF1  PC:0109   
010A  A8        XRA B       (3)  BC:0007  DE:0061  HL:7FEA  AF:A512  SP:7FF1  PC:010A   
010B  23        INX H       (3)  BC:0007  DE:0061  HL:7FEA  AF:A586  SP:7FF1  PC:010B   
010C  0D        DCR C       (3)  BC:0007  DE:0061  HL:7FEB  AF:A586  SP:7FF1  PC:010C   
010D  C2 09 01  JNZ 0109    (3)  BC:0006  DE:0061  HL:7FEB  AF:A516  SP:7FF1  PC:010D   
0109  46        MOV B,M     (3)  BC:0006  DE:0061  HL:7FEB  AF:A516  SP:7FF1  PC:0109   
010A  A8        XRA B       (3)  BC:0006  DE:0061  HL:7FEB  AF:A516  SP:7FF1  PC:010A   
010B  23        INX H       (3)  BC:0006  DE:0061  HL:7FEB  AF:A586  SP:7FF1  PC:010B   
010C  0D        DCR C       (3)  BC:0006  DE:0061  HL:7FEC  AF:A586  SP:7FF1  PC:010C   
010D  C2 09 01  JNZ 0109    (3)  BC:0005  DE:0061  HL:7FEC  AF:A516  SP:7FF1  PC:010D   
0109  46        MOV B,M     (3)  BC:0005  DE:0061  HL:7FEC  AF:A516  SP:7FF1  PC:0109   
010A  A8        XRA B       (3)  BC:0005  DE:0061  HL:7FEC  AF:A516  SP:7FF1  PC:010A   
010B  23        INX H       (3)  BC:0005  DE:0061  HL:7FEC  AF:A586  SP:7FF1  PC:010B   
010C  0D        DCR C       (3)  BC:0005  DE:0061  HL:7FED  AF:A586  SP:7FF1  PC:010C   
010D  C2 09 01  JNZ 0109    (3)  BC:0004  DE:0061  HL:7FED  AF:A512  SP:7FF1  PC:010D   
0109  46        MOV B,M     (3)  BC:0004  DE:0061  HL:7FED  AF:A512  SP:7FF1  PC:0109   
010A  A8        XRA B       (3)  BC:0204  DE:0061  HL:7FED  AF:A512  SP:7FF1  PC:010A   
010B  23        INX H       (3)  BC:0204  DE:0061  HL:7FED  AF:A782  SP:7FF1  PC:010B   
010C  0D        DCR C       (3)  BC:0204  DE:0061  HL:7FEE  AF:A782  SP:7FF1  PC:010C   
010D  C2 09 01  JNZ 0109    (3)  BC:0203  DE:0061  HL:7FEE  AF:A716  SP:7FF1  PC:010D   
0109  46        MOV B,M     (3)  BC:0203  DE:0061  HL:7FEE  AF:A716  SP:7FF1  PC:0109   
010A  A8        XRA B       (3)  BC:0003  DE:0061  HL:7FEE  AF:A716  SP:7FF1  PC:010A   
010B  23        INX H       (3)  BC:0003  DE:0061  HL:7FEE  AF:A782  SP:7FF1  PC:010B   
010C  0D        DCR C       (3)  BC:0003  DE:0061  HL:7FEF  AF:A782  SP:7FF1  PC:010C   
010D  C2 09 01  JNZ 0109    (3)  BC:0002  DE:0061  HL:7FEF  AF:A712  SP:7FF1  PC:010D   
0109  46        MOV B,M     (3)  BC:0002  DE:0061  HL:7FEF  AF:A712  SP:7FF1  PC:0109   
010A  A8        XRA B       (3)  BC:4C02  DE:0061  HL:7FEF  AF:A712  SP:7FF1  PC:010A   
010B  23        INX H       (3)  BC:4C02  DE:0061  HL:7FEF  AF:EB86  SP:7FF1  PC:010B   
010C  0D        DCR C       (3)  BC:4C02  DE:0061  HL:7FF0  AF:EB86  SP:7FF1  PC:010C   
010D  C2 09 01  JNZ 0109    (3)  BC:4C01  DE:0061  HL:7FF0  AF:EB12  SP:7FF1  PC:010D   
0109  46        MOV B,M     (3)  BC:4C01  DE:0061  HL:7FF0  AF:EB12  SP:7FF1  PC:0109   
010A  A8        XRA B       (3)  BC:0101  DE:0061  HL:7FF0  AF:EB12  SP:7FF1  PC:010A   
010B  23        INX H       (3)  BC:0101  DE:0061  HL:7FF0  AF:EA82  SP:7FF1  PC:010B   
010C  0D        DCR C       (3)  BC:0101  DE:0061  HL:7FF1  AF:EA82  SP:7FF1  PC:010C   
010D  C2 09 01  JNZ 0109    (3)  BC:0100  DE:0061  HL:7FF1  AF:EA56  SP:7FF1  PC:010D   
0110  12        STAX D      (3)  BC:0100  DE:0061  HL:7FF1  AF:EA56  SP:7FF1  PC:0110   
0111  C1        POP B       (3)  BC:0100  DE:0061  HL:7FF1  AF:EA56  SP:7FF1  PC:0111   
0112  D1        POP D       (3)  BC:1216  DE:0061  HL:7FF1  AF:EA56  SP:7FF3  PC:0112   
0113  E1        POP H       (3)  BC:1216  DE:0000  HL:7FF1  AF:EA56  SP:7FF5  PC:0113   
0114  F1        POP PSW     (3)  BC:1216  DE:0000  HL:0000  AF:EA56  SP:7FF7  PC:0114   
0115  C9        RET         (3)  BC:1216  DE:0000  HL:0000  AF:0002  SP:7FF9  PC:0115   
00BC  CD 3A 01  CALL 013A   (2)  BC:1216  DE:0000  HL:0000  AF:0002  SP:7FFB  PC:00BC   
013A  C5        PUSH B      (3)  BC:1216  DE:0000  HL:0000  AF:0002  SP:7FF9  PC:013A   
013B  D5        PUSH D      (3)  BC:1216  DE:0000  HL:0000  AF:0002  SP:7FF7  PC:013B   
013C  E5        PUSH H      (3)  BC:1216  DE:0000  HL:0000  AF:0002  SP:7FF5  PC:013C   
013D  F5        PUSH PSW    (3)  BC:1216  DE:0000  HL:0000  AF:0002  SP:7FF3  PC:013D   
013E  F5        PUSH PSW    (3)  BC:1216  DE:0000  HL:0000  AF:0002  SP:7FF1  PC:013E   
013F  CD 51 01  CALL 0151   (3)  BC:1216  DE:0000  HL:0000  AF:0002  SP:7FEF  PC:013F   
0151  0F        RRC         (4)  BC:1216  DE:0000  HL:0000  AF:0002  SP:7FED  PC:0151   
0152  0F        RRC         (4)  BC:1216  DE:0000  HL:0000  AF:0002  SP:7FED  PC:0152   
0153  0F        RRC         (4)  BC:1216  DE:0000  HL:0000  AF:0002  SP:7FED  PC:0153   
0154  0F        RRC         (4)  BC:1216  DE:0000  HL:0000  AF:0002  SP:7FED  PC:0154   
0155  E6 0F     ANI 0F      (4)  BC:1216  DE:0000  HL:0000  AF:0002  SP:7FED  PC:0155   
0157  FE 0A     CPI 0A      (4)  BC:1216  DE:0000  HL:0000  AF:0056  SP:7FED  PC:0157   
0159  FA 5E 01  JM 015E     (4)  BC:1216  DE:0000  HL:0000  AF:0087  SP:7FED  PC:0159   
015E  C6 30     ADI 30      (4)  BC:1216  DE:0000  HL:0000  AF:0087  SP:7FED  PC:015E   
0160  C9        RET         (4)  BC:1216  DE:0000  HL:0000  AF:3006  SP:7FED  PC:0160   
0142  CD 2D 01  CALL 012D   (3)  BC:1216  DE:0000  HL:0000  AF:3006  SP:7FEF  PC:0142   
012D  C5        PUSH B      (4)  BC:1216  DE:0000  HL:0000  AF:3006  SP:7FED  PC:012D   
012E  D5        PUSH D      (4)  BC:1216  DE:0000  HL:0000  AF:3006  SP:7FEB  PC:012E   
012F  E5        PUSH H      (4)  BC:1216  DE:0000  HL:0000  AF:3006  SP:7FE9  PC:012F   
0130  F5        PUSH PSW    (4)  BC:1216  DE:0000  HL:0000  AF:3006  SP:7FE7  PC:0130   
0131  4F        MOV C,A     (4)  BC:1216  DE:0000  HL:0000  AF:3006  SP:7FE5  PC:0131   
0132  CD 37 C0  CALL C037   (4)  BC:1230  DE:0000  HL:0000  AF:3006  SP:7FE5  PC:0132   
0135  F1        POP PSW     (4)  BC:1230  DE:0000  HL:0000  AF:3006  SP:7FE5  PC:0135   
0136  E1        POP H       (4)  BC:1230  DE:0000  HL:0000  AF:3006  SP:7FE7  PC:0136   
0137  D1        POP D       (4)  BC:1230  DE:0000  HL:0000  AF:3006  SP:7FE9  PC:0137   
0138  C1        POP B       (4)  BC:1230  DE:0000  HL:0000  AF:3006  SP:7FEB  PC:0138   
0139  C9        RET         (4)  BC:1216  DE:0000  HL:0000  AF:3006  SP:7FED  PC:0139   
0145  F1        POP PSW     (3)  BC:1216  DE:0000  HL:0000  AF:3006  SP:7FEF  PC:0145   
0146  CD 55 01  CALL 0155   (3)  BC:1216  DE:0000  HL:0000  AF:0002  SP:7FF1  PC:0146   
0155  E6 0F     ANI 0F      (4)  BC:1216  DE:0000  HL:0000  AF:0002  SP:7FEF  PC:0155   
0157  FE 0A     CPI 0A      (4)  BC:1216  DE:0000  HL:0000  AF:0056  SP:7FEF  PC:0157   
0159  FA 5E 01  JM 015E     (4)  BC:1216  DE:0000  HL:0000  AF:0087  SP:7FEF  PC:0159   
015E  C6 30     ADI 30      (4)  BC:1216  DE:0000  HL:0000  AF:0087  SP:7FEF  PC:015E   
0160  C9        RET         (4)  BC:1216  DE:0000  HL:0000  AF:3006  SP:7FEF  PC:0160   
0149  CD 2D 01  CALL 012D   (3)  BC:1216  DE:0000  HL:0000  AF:3006  SP:7FF1  PC:0149   
012D  C5        PUSH B      (4)  BC:1216  DE:0000  HL:0000  AF:3006  SP:7FEF  PC:012D   
012E  D5        PUSH D      (4)  BC:1216  DE:0000  HL:0000  AF:3006  SP:7FED  PC:012E   
012F  E5        PUSH H      (4)  BC:1216  DE:0000  HL:0000  AF:3006  SP:7FEB  PC:012F   
0130  F5        PUSH PSW    (4)  BC:1216  DE:0000  HL:0000  AF:3006  SP:7FE9  PC:0130   
0131  4F        MOV C,A     (4)  BC:1216  DE:0000  HL:0000  AF:3006  SP:7FE7  PC:0131   
0132  CD 37 C0  CALL C037   (4)  BC:1230  DE:0000  HL:0000  AF:3006  SP:7FE7  PC:0132   
0135  F1        POP PSW     (4)  BC:1230  DE:0000  HL:0000  AF:3006  SP:7FE7  PC:0135   
0136  E1        POP H       (4)  BC:1230  DE:0000  HL:0000  AF:3006  SP:7FE9  PC:0136   
0137  D1        POP D       (4)  BC:1230  DE:0000  HL:0000  AF:3006  SP:7FEB  PC:0137   
0138  C1        POP B       (4)  BC:1230  DE:0000  HL:0000  AF:3006  SP:7FED  PC:0138   
0139  C9        RET         (4)  BC:1216  DE:0000  HL:0000  AF:3006  SP:7FEF  PC:0139   
014C  F1        POP PSW     (3)  BC:1216  DE:0000  HL:0000  AF:3006  SP:7FF1  PC:014C   
014D  E1        POP H       (3)  BC:1216  DE:0000  HL:0000  AF:0002  SP:7FF3  PC:014D   
014E  D1        POP D       (3)  BC:1216  DE:0000  HL:0000  AF:0002  SP:7FF5  PC:014E   
014F  C1        POP B       (3)  BC:1216  DE:0000  HL:0000  AF:0002  SP:7FF7  PC:014F   
0150  C9        RET         (3)  BC:1216  DE:0000  HL:0000  AF:0002  SP:7FF9  PC:0150   
00BF  07        RLC         (2)  BC:1216  DE:0000  HL:0000  AF:0002  SP:7FFB  PC:00BF   
00C0  CD F4 00  CALL 00F4   (2)  BC:1216  DE:0000  HL:0000  AF:0002  SP:7FFB  PC:00C0   
00F4  C5        PUSH B      (3)  BC:1216  DE:0000  HL:0000  AF:0002  SP:7FF9  PC:00F4   
00F5  D5        PUSH D      (3)  BC:1216  DE:0000  HL:0000  AF:0002  SP:7FF7  PC:00F5   
00F6  E5        PUSH H      (3)  BC:1216  DE:0000  HL:0000  AF:0002  SP:7FF5  PC:00F6   
00F7  F5        PUSH PSW    (3)  BC:1216  DE:0000  HL:0000  AF:0002  SP:7FF3  PC:00F7   
00F8  21 00 00  LXI H,0000  (3)  BC:1216  DE:0000  HL:0000  AF:0002  SP:7FF1  PC:00F8   
00FB  39        DAD SP      (3)  BC:1216  DE:0000  HL:0000  AF:0002  SP:7FF1  PC:00FB   
00FC  0E 08     MVI C,08    (3)  BC:1216  DE:0000  HL:7FF1  AF:0002  SP:7FF1  PC:00FC   
00FE  2B        DCX H       (3)  BC:1208  DE:0000  HL:7FF1  AF:0002  SP:7FF1  PC:00FE   
00FF  0D        DCR C       (3)  BC:1208  DE:0000  HL:7FF0  AF:0002  SP:7FF1  PC:00FF   
0100  C2 FE 00  JNZ 00FE    (3)  BC:1207  DE:0000  HL:7FF0  AF:0012  SP:7FF1  PC:0100   
00FE  2B        DCX H       (3)  BC:1207  DE:0000  HL:7FF0  AF:0012  SP:7FF1  PC:00FE   
00FF  0D        DCR C       (3)  BC:1207  DE:0000  HL:7FEF  AF:0012  SP:7FF1  PC:00FF   
0100  C2 FE 00  JNZ 00FE    (3)  BC:1206  DE:0000  HL:7FEF  AF:0016  SP:7FF1  PC:0100   
00FE  2B        DCX H       (3)  BC:1206  DE:0000  HL:7FEF  AF:0016  SP:7FF1  PC:00FE   
00FF  0D        DCR C       (3)  BC:1206  DE:0000  HL:7FEE  AF:0016  SP:7FF1  PC:00FF   
0100  C2 FE 00  JNZ 00FE    (3)  BC:1205  DE:0000  HL:7FEE  AF:0016  SP:7FF1  PC:0100   
00FE  2B        DCX H       (3)  BC:1205  DE:0000  HL:7FEE  AF:0016  SP:7FF1  PC:00FE   
00FF  0D        DCR C       (3)  BC:1205  DE:0000  HL:7FED  AF:0016  SP:7FF1  PC:00FF   
0100  C2 FE 00  JNZ 00FE    (3)  BC:1204  DE:0000  HL:7FED  AF:0012  SP:7FF1  PC:0100   
00FE  2B        DCX H       (3)  BC:1204  DE:0000  HL:7FED  AF:0012  SP:7FF1  PC:00FE   
00FF  0D        DCR C       (3)  BC:1204  DE:0000  HL:7FEC  AF:0012  SP:7FF1  PC:00FF   
0100  C2 FE 00  JNZ 00FE    (3)  BC:1203  DE:0000  HL:7FEC  AF:0016  SP:7FF1  PC:0100   
00FE  2B        DCX H       (3)  BC:1203  DE:0000  HL:7FEC  AF:0016  SP:7FF1  PC:00FE   
00FF  0D        DCR C       (3)  BC:1203  DE:0000  HL:7FEB  AF:0016  SP:7FF1  PC:00FF   
0100  C2 FE 00  JNZ 00FE    (3)  BC:1202  DE:0000  HL:7FEB  AF:0012  SP:7FF1  PC:0100   
00FE  2B        DCX H       (3)  BC:1202  DE:0000  HL:7FEB  AF:0012  SP:7FF1  PC:00FE   
00FF  0D        DCR C       (3)  BC:1202  DE:0000  HL:7FEA  AF:0012  SP:7FF1  PC:00FF   
0100  C2 FE 00  JNZ 00FE    (3)  BC:1201  DE:0000  HL:7FEA  AF:0012  SP:7FF1  PC:0100   
00FE  2B        DCX H       (3)  BC:1201  DE:0000  HL:7FEA  AF:0012  SP:7FF1  PC:00FE   
00FF  0D        DCR C       (3)  BC:1201  DE:0000  HL:7FE9  AF:0012  SP:7FF1  PC:00FF   
0100  C2 FE 00  JNZ 00FE    (3)  BC:1200  DE:0000  HL:7FE9  AF:0056  SP:7FF1  PC:0100   
0103  11 61 00  LXI D,0061  (3)  BC:1200  DE:0000  HL:7FE9  AF:0056  SP:7FF1  PC:0103   
0106  1A        LDAX D      (3)  BC:1200  DE:0061  HL:7FE9  AF:0056  SP:7FF1  PC:0106   
0107  0E 08     MVI C,08    (3)  BC:1200  DE:0061  HL:7FE9  AF:EA56  SP:7FF1  PC:0107   
0109  46        MOV B,M     (3)  BC:1208  DE:0061  HL:7FE9  AF:EA56  SP:7FF1  PC:0109   
010A  A8        XRA B       (3)  BC:0008  DE:0061  HL:7FE9  AF:EA56  SP:7FF1  PC:010A   
010B  23        INX H       (3)  BC:0008  DE:0061  HL:7FE9  AF:EA82  SP:7FF1  PC:010B   
010C  0D        DCR C       (3)  BC:0008  DE:0061  HL:7FEA  AF:EA82  SP:7FF1  PC:010C   
010D  C2 09 01  JNZ 0109    (3)  BC:0007  DE:0061  HL:7FEA  AF:EA12  SP:7FF1  PC:010D   
0109  46        MOV B,M     (3)  BC:0007  DE:0061  HL:7FEA  AF:EA12  SP:7FF1  PC:0109   
010A  A8        XRA B       (3)  BC:0007  DE:0061  HL:7FEA  AF:EA12  SP:7FF1  PC:010A   
010B  23        INX H       (3)  BC:0007  DE:0061  HL:7FEA  AF:EA82  SP:7FF1  PC:010B   
010C  0D        DCR C       (3)  BC:0007  DE:0061  HL:7FEB  AF:EA82  SP:7FF1  PC:010C   
010D  C2 09 01  JNZ 0109    (3)  BC:0006  DE:0061  HL:7FEB  AF:EA16  SP:7FF1  PC:010D   
0109  46        MOV B,M     (3)  BC:0006  DE:0061  HL:7FEB  AF:EA16  SP:7FF1  PC:0109   
010A  A8        XRA B       (3)  BC:0006  DE:0061  HL:7FEB  AF:EA16  SP:7FF1  PC:010A   
010B  23        INX H       (3)  BC:0006  DE:0061  HL:7FEB  AF:EA82  SP:7FF1  PC:010B   
010C  0D        DCR C       (3)  BC:0006  DE:0061  HL:7FEC  AF:EA82  SP:7FF1  PC:010C   
010D  C2 09 01  JNZ 0109    (3)  BC:0005  DE:0061  HL:7FEC  AF:EA16  SP:7FF1  PC:010D   
0109  46        MOV B,M     (3)  BC:0005  DE:0061  HL:7FEC  AF:EA16  SP:7FF1  PC:0109   
010A  A8        XRA B       (3)  BC:0005  DE:0061  HL:7FEC  AF:EA16  SP:7FF1  PC:010A   
010B  23        INX H       (3)  BC:0005  DE:0061  HL:7FEC  AF:EA82  SP:7FF1  PC:010B   
010C  0D        DCR C       (3)  BC:0005  DE:0061  HL:7FED  AF:EA82  SP:7FF1  PC:010C   
010D  C2 09 01  JNZ 0109    (3)  BC:0004  DE:0061  HL:7FED  AF:EA12  SP:7FF1  PC:010D   
0109  46        MOV B,M     (3)  BC:0004  DE:0061  HL:7FED  AF:EA12  SP:7FF1  PC:0109   
010A  A8        XRA B       (3)  BC:1604  DE:0061  HL:7FED  AF:EA12  SP:7FF1  PC:010A   
010B  23        INX H       (3)  BC:1604  DE:0061  HL:7FED  AF:FC86  SP:7FF1  PC:010B   
010C  0D        DCR C       (3)  BC:1604  DE:0061  HL:7FEE  AF:FC86  SP:7FF1  PC:010C   
010D  C2 09 01  JNZ 0109    (3)  BC:1603  DE:0061  HL:7FEE  AF:FC16  SP:7FF1  PC:010D   
0109  46        MOV B,M     (3)  BC:1603  DE:0061  HL:7FEE  AF:FC16  SP:7FF1  PC:0109   
010A  A8        XRA B       (3)  BC:1203  DE:0061  HL:7FEE  AF:FC16  SP:7FF1  PC:010A   
010B  23        INX H       (3)  BC:1203  DE:0061  HL:7FEE  AF:EE86  SP:7FF1  PC:010B   
010C  0D        DCR C       (3)  BC:1203  DE:0061  HL:7FEF  AF:EE86  SP:7FF1  PC:010C   
010D  C2 09 01  JNZ 0109    (3)  BC:1202  DE:0061  HL:7FEF  AF:EE12  SP:7FF1  PC:010D   
0109  46        MOV B,M     (3)  BC:1202  DE:0061  HL:7FEF  AF:EE12  SP:7FF1  PC:0109   
010A  A8        XRA B       (3)  BC:4C02  DE:0061  HL:7FEF  AF:EE12  SP:7FF1  PC:010A   
010B  23        INX H       (3)  BC:4C02  DE:0061  HL:7FEF  AF:A282  SP:7FF1  PC:010B   
010C  0D        DCR C       (3)  BC:4C02  DE:0061  HL:7FF0  AF:A282  SP:7FF1  PC:010C   
010D  C2 09 01  JNZ 0109    (3)  BC:4C01  DE:0061  HL:7FF0  AF:A212  SP:7FF1  PC:010D   
0109  46        MOV B,M     (3)  BC:4C01  DE:0061  HL:7FF0  AF:A212  SP:7FF1  PC:0109   
010A  A8        XRA B       (3)  BC:0101  DE:0061  HL:7FF0  AF:A212  SP:7FF1  PC:010A   
010B  23        INX H       (3)  BC:0101  DE:0061  HL:7FF0  AF:A386  SP:7FF1  PC:010B   
010C  0D        DCR C       (3)  BC:0101  DE:0061  HL:7FF1  AF:A386  SP:7FF1  PC:010C   
010D  C2 09 01  JNZ 0109    (3)  BC:0100  DE:0061  HL:7FF1  AF:A356  SP:7FF1  PC:010D   
0110  12        STAX D      (3)  BC:0100  DE:0061  HL:7FF1  AF:A356  SP:7FF1  PC:0110   
0111  C1        POP B       (3)  BC:0100  DE:0061  HL:7FF1  AF:A356  SP:7FF1  PC:0111   
0112  D1        POP D       (3)  BC:0002  DE:0061  HL:7FF1  AF:A356  SP:7FF3  PC:0112   
0113  E1        POP H       (3)  BC:0002  DE:0000  HL:7FF1  AF:A356  SP:7FF5  PC:0113   
0114  F1        POP PSW     (3)  BC:0002  DE:0000  HL:0000  AF:A356  SP:7FF7  PC:0114   
0115  C9        RET         (3)  BC:0002  DE:0000  HL:0000  AF:1216  SP:7FF9  PC:0115   
00C3  CD 3A 01  CALL 013A   (2)  BC:0002  DE:0000  HL:0000  AF:1216  SP:7FFB  PC:00C3   
013A  C5        PUSH B      (3)  BC:0002  DE:0000  HL:0000  AF:1216  SP:7FF9  PC:013A   
013B  D5        PUSH D      (3)  BC:0002  DE:0000  HL:0000  AF:1216  SP:7FF7  PC:013B   
013C  E5        PUSH H      (3)  BC:0002  DE:0000  HL:0000  AF:1216  SP:7FF5  PC:013C   
013D  F5        PUSH PSW    (3)  BC:0002  DE:0000  HL:0000  AF:1216  SP:7FF3  PC:013D   
013E  F5        PUSH PSW    (3)  BC:0002  DE:0000  HL:0000  AF:1216  SP:7FF1  PC:013E   
013F  CD 51 01  CALL 0151   (3)  BC:0002  DE:0000  HL:0000  AF:1216  SP:7FEF  PC:013F   
0151  0F        RRC         (4)  BC:0002  DE:0000  HL:0000  AF:1216  SP:7FED  PC:0151   
0152  0F        RRC         (4)  BC:0002  DE:0000  HL:0000  AF:0916  SP:7FED  PC:0152   
0153  0F        RRC         (4)  BC:0002  DE:0000  HL:0000  AF:8417  SP:7FED  PC:0153   
0154  0F        RRC         (4)  BC:0002  DE:0000  HL:0000  AF:4216  SP:7FED  PC:0154   
0155  E6 0F     ANI 0F      (4)  BC:0002  DE:0000  HL:0000  AF:2116  SP:7FED  PC:0155   
0157  FE 0A     CPI 0A      (4)  BC:0002  DE:0000  HL:0000  AF:0112  SP:7FED  PC:0157   
0159  FA 5E 01  JM 015E     (4)  BC:0002  DE:0000  HL:0000  AF:0183  SP:7FED  PC:0159   
015E  C6 30     ADI 30      (4)  BC:0002  DE:0000  HL:0000  AF:0183  SP:7FED  PC:015E   
0160  C9        RET         (4)  BC:0002  DE:0000  HL:0000  AF:3102  SP:7FED  PC:0160   
0142  CD 2D 01  CALL 012D   (3)  BC:0002  DE:0000  HL:0000  AF:3102  SP:7FEF  PC:0142   
012D  C5        PUSH B      (4)  BC:0002  DE:0000  HL:0000  AF:3102  SP:7FED  PC:012D   
012E  D5        PUSH D      (4)  BC:0002  DE:0000  HL:0000  AF:3102  SP:7FEB  PC:012E   
012F  E5        PUSH H      (4)  BC:0002  DE:0000  HL:0000  AF:3102  SP:7FE9  PC:012F   
0130  F5        PUSH PSW    (4)  BC:0002  DE:0000  HL:0000  AF:3102  SP:7FE7  PC:0130   
0131  4F        MOV C,A     (4)  BC:0002  DE:0000  HL:0000  AF:3102  SP:7FE5  PC:0131   
0132  CD 37 C0  CALL C037   (4)  BC:0031  DE:0000  HL:0000  AF:3102  SP:7FE5  PC:0132   
0135  F1        POP PSW     (4)  BC:0031  DE:0000  HL:0000  AF:3102  SP:7FE5  PC:0135   
0136  E1        POP H       (4)  BC:0031  DE:0000  HL:0000  AF:3102  SP:7FE7  PC:0136   
0137  D1        POP D       (4)  BC:0031  DE:0000  HL:0000  AF:3102  SP:7FE9  PC:0137   
0138  C1        POP B       (4)  BC:0031  DE:0000  HL:0000  AF:3102  SP:7FEB  PC:0138   
0139  C9        RET         (4)  BC:0002  DE:0000  HL:0000  AF:3102  SP:7FED  PC:0139   
0145  F1        POP PSW     (3)  BC:0002  DE:0000  HL:0000  AF:3102  SP:7FEF  PC:0145   
0146  CD 55 01  CALL 0155   (3)  BC:0002  DE:0000  HL:0000  AF:1216  SP:7FF1  PC:0146   
0155  E6 0F     ANI 0F      (4)  BC:0002  DE:0000  HL:0000  AF:1216  SP:7FEF  PC:0155   
0157  FE 0A     CPI 0A      (4)  BC:0002  DE:0000  HL:0000  AF:0212  SP:7FEF  PC:0157   
0159  FA 5E 01  JM 015E     (4)  BC:0002  DE:0000  HL:0000  AF:0283  SP:7FEF  PC:0159   
015E  C6 30     ADI 30      (4)  BC:0002  DE:0000  HL:0000  AF:0283  SP:7FEF  PC:015E   
0160  C9        RET         (4)  BC:0002  DE:0000  HL:0000  AF:3202  SP:7FEF  PC:0160   
0149  CD 2D 01  CALL 012D   (3)  BC:0002  DE:0000  HL:0000  AF:3202  SP:7FF1  PC:0149   
012D  C5        PUSH B      (4)  BC:0002  DE:0000  HL:0000  AF:3202  SP:7FEF  PC:012D   
012E  D5        PUSH D      (4)  BC:0002  DE:0000  HL:0000  AF:3202  SP:7FED  PC:012E   
012F  E5        PUSH H      (4)  BC:0002  DE:0000  HL:0000  AF:3202  SP:7FEB  PC:012F   
0130  F5        PUSH PSW    (4)  BC:0002  DE:0000  HL:0000  AF:3202  SP:7FE9  PC:0130   
0131  4F        MOV C,A     (4)  BC:0002  DE:0000  HL:0000  AF:3202  SP:7FE7  PC:0131   
0132  CD 37 C0  CALL C037   (4)  BC:0032  DE:0000  HL:0000  AF:3202  SP:7FE7  PC:0132   
0135  F1        POP PSW     (4)  BC:0032  DE:0000  HL:0000  AF:3202  SP:7FE7  PC:0135   
0136  E1        POP H       (4)  BC:0032  DE:0000  HL:0000  AF:3202  SP:7FE9  PC:0136   
0137  D1        POP D       (4)  BC:0032  DE:0000  HL:0000  AF:3202  SP:7FEB  PC:0137   
0138  C1        POP B       (4)  BC:0032  DE:0000  HL:0000  AF:3202  SP:7FED  PC:0138   
0139  C9        RET         (4)  BC:0002  DE:0000  HL:0000  AF:3202  SP:7FEF  PC:0139   
014C  F1        POP PSW     (3)  BC:0002  DE:0000  HL:0000  AF:3202  SP:7FF1  PC:014C   
014D  E1        POP H       (3)  BC:0002  DE:0000  HL:0000  AF:1216  SP:7FF3  PC:014D   
014E  D1        POP D       (3)  BC:0002  DE:0000  HL:0000  AF:1216  SP:7FF5  PC:014E   
014F  C1        POP B       (3)  BC:0002  DE:0000  HL:0000  AF:1216  SP:7FF7  PC:014F   
0150  C9        RET         (3)  BC:0002  DE:0000  HL:0000  AF:1216  SP:7FF9  PC:0150   
00C6  F6 75     ORI 75      (2)  BC:0002  DE:0000  HL:0000  AF:1216  SP:7FFB  PC:00C6   
00C8  CD F4 00  CALL 00F4   (2)  BC:0002  DE:0000  HL:0000  AF:7706  SP:7FFB  PC:00C8   
00F4  C5        PUSH B      (3)  BC:0002  DE:0000  HL:0000  AF:7706  SP:7FF9  PC:00F4   
00F5  D5        PUSH D      (3)  BC:0002  DE:0000  HL:0000  AF:7706  SP:7FF7  PC:00F5   
00F6  E5        PUSH H      (3)  BC:0002  DE:0000  HL:0000  AF:7706  SP:7FF5  PC:00F6   
00F7  F5        PUSH PSW    (3)  BC:0002  DE:0000  HL:0000  AF:7706  SP:7FF3  PC:00F7   
00F8  21 00 00  LXI H,0000  (3)  BC:0002  DE:0000  HL:0000  AF:7706  SP:7FF1  PC:00F8   
00FB  39        DAD SP      (3)  BC:0002  DE:0000  HL:0000  AF:7706  SP:7FF1  PC:00FB   
00FC  0E 08     MVI C,08    (3)  BC:0002  DE:0000  HL:7FF1  AF:7706  SP:7FF1  PC:00FC   
00FE  2B        DCX H       (3)  BC:0008  DE:0000  HL:7FF1  AF:7706  SP:7FF1  PC:00FE   
00FF  0D        DCR C       (3)  BC:0008  DE:0000  HL:7FF0  AF:7706  SP:7FF1  PC:00FF   
0100  C2 FE 00  JNZ 00FE    (3)  BC:0007  DE:0000  HL:7FF0  AF:7712  SP:7FF1  PC:0100   
00FE  2B        DCX H       (3)  BC:0007  DE:0000  HL:7FF0  AF:7712  SP:7FF1  PC:00FE   
00FF  0D        DCR C       (3)  BC:0007  DE:0000  HL:7FEF  AF:7712  SP:7FF1  PC:00FF   
0100  C2 FE 00  JNZ 00FE    (3)  BC:0006  DE:0000  HL:7FEF  AF:7716  SP:7FF1  PC:0100   
00FE  2B        DCX H       (3)  BC:0006  DE:0000  HL:7FEF  AF:7716  SP:7FF1  PC:00FE   
00FF  0D        DCR C       (3)  BC:0006  DE:0000  HL:7FEE  AF:7716  SP:7FF1  PC:00FF   
0100  C2 FE 00  JNZ 00FE    (3)  BC:0005  DE:0000  HL:7FEE  AF:7716  SP:7FF1  PC:0100   
00FE  2B        DCX H       (3)  BC:0005  DE:0000  HL:7FEE  AF:7716  SP:7FF1  PC:00FE   
00FF  0D        DCR C       (3)  BC:0005  DE:0000  HL:7FED  AF:7716  SP:7FF1  PC:00FF   
0100  C2 FE 00  JNZ 00FE    (3)  BC:0004  DE:0000  HL:7FED  AF:7712  SP:7FF1  PC:0100   
00FE  2B        DCX H       (3)  BC:0004  DE:0000  HL:7FED  AF:7712  SP:7FF1  PC:00FE   
00FF  0D        DCR C       (3)  BC:0004  DE:0000  HL:7FEC  AF:7712  SP:7FF1  PC:00FF   
0100  C2 FE 00  JNZ 00FE    (3)  BC:0003  DE:0000  HL:7FEC  AF:7716  SP:7FF1  PC:0100   
00FE  2B        DCX H       (3)  BC:0003  DE:0000  HL:7FEC  AF:7716  SP:7FF1  PC:00FE   
00FF  0D        DCR C       (3)  BC:0003  DE:0000  HL:7FEB  AF:7716  SP:7FF1  PC:00FF   
0100  C2 FE 00  JNZ 00FE    (3)  BC:0002  DE:0000  HL:7FEB  AF:7712  SP:7FF1  PC:0100   
00FE  2B        DCX H       (3)  BC:0002  DE:0000  HL:7FEB  AF:7712  SP:7FF1  PC:00FE   
00FF  0D        DCR C       (3)  BC:0002  DE:0000  HL:7FEA  AF:7712  SP:7FF1  PC:00FF   
0100  C2 FE 00  JNZ 00FE    (3)  BC:0001  DE:0000  HL:7FEA  AF:7712  SP:7FF1  PC:0100   
00FE  2B        DCX H       (3)  BC:0001  DE:0000  HL:7FEA  AF:7712  SP:7FF1  PC:00FE   
00FF  0D        DCR C       (3)  BC:0001  DE:0000  HL:7FE9  AF:7712  SP:7FF1  PC:00FF   
0100  C2 FE 00  JNZ 00FE    (3)  BC:0000  DE:0000  HL:7FE9  AF:7756  SP:7FF1  PC:0100   
0103  11 61 00  LXI D,0061  (3)  BC:0000  DE:0000  HL:7FE9  AF:7756  SP:7FF1  PC:0103   
0106  1A        LDAX D      (3)  BC:0000  DE:0061  HL:7FE9  AF:7756  SP:7FF1  PC:0106   
0107  0E 08     MVI C,08    (3)  BC:0000  DE:0061  HL:7FE9  AF:A356  SP:7FF1  PC:0107   
0109  46        MOV B,M     (3)  BC:0008  DE:0061  HL:7FE9  AF:A356  SP:7FF1  PC:0109   
010A  A8        XRA B       (3)  BC:0008  DE:0061  HL:7FE9  AF:A356  SP:7FF1  PC:010A   
010B  23        INX H       (3)  BC:0008  DE:0061  HL:7FE9  AF:A386  SP:7FF1  PC:010B   
010C  0D        DCR C       (3)  BC:0008  DE:0061  HL:7FEA  AF:A386  SP:7FF1  PC:010C   
010D  C2 09 01  JNZ 0109    (3)  BC:0007  DE:0061  HL:7FEA  AF:A312  SP:7FF1  PC:010D   
0109  46        MOV B,M     (3)  BC:0007  DE:0061  HL:7FEA  AF:A312  SP:7FF1  PC:0109   
010A  A8        XRA B       (3)  BC:0007  DE:0061  HL:7FEA  AF:A312  SP:7FF1  PC:010A   
010B  23        INX H       (3)  BC:0007  DE:0061  HL:7FEA  AF:A386  SP:7FF1  PC:010B   
010C  0D        DCR C       (3)  BC:0007  DE:0061  HL:7FEB  AF:A386  SP:7FF1  PC:010C   
010D  C2 09 01  JNZ 0109    (3)  BC:0006  DE:0061  HL:7FEB  AF:A316  SP:7FF1  PC:010D   
0109  46        MOV B,M     (3)  BC:0006  DE:0061  HL:7FEB  AF:A316  SP:7FF1  PC:0109   
010A  A8        XRA B       (3)  BC:0006  DE:0061  HL:7FEB  AF:A316  SP:7FF1  PC:010A   
010B  23        INX H       (3)  BC:0006  DE:0061  HL:7FEB  AF:A386  SP:7FF1  PC:010B   
010C  0D        DCR C       (3)  BC:0006  DE:0061  HL:7FEC  AF:A386  SP:7FF1  PC:010C   
010D  C2 09 01  JNZ 0109    (3)  BC:0005  DE:0061  HL:7FEC  AF:A316  SP:7FF1  PC:010D   
0109  46        MOV B,M     (3)  BC:0005  DE:0061  HL:7FEC  AF:A316  SP:7FF1  PC:0109   
010A  A8        XRA B       (3)  BC:0005  DE:0061  HL:7FEC  AF:A316  SP:7FF1  PC:010A   
010B  23        INX H       (3)  BC:0005  DE:0061  HL:7FEC  AF:A386  SP:7FF1  PC:010B   
010C  0D        DCR C       (3)  BC:0005  DE:0061  HL:7FED  AF:A386  SP:7FF1  PC:010C   
010D  C2 09 01  JNZ 0109    (3)  BC:0004  DE:0061  HL:7FED  AF:A312  SP:7FF1  PC:010D   
0109  46        MOV B,M     (3)  BC:0004  DE:0061  HL:7FED  AF:A312  SP:7FF1  PC:0109   
010A  A8        XRA B       (3)  BC:0204  DE:0061  HL:7FED  AF:A312  SP:7FF1  PC:010A   
010B  23        INX H       (3)  BC:0204  DE:0061  HL:7FED  AF:A182  SP:7FF1  PC:010B   
010C  0D        DCR C       (3)  BC:0204  DE:0061  HL:7FEE  AF:A182  SP:7FF1  PC:010C   
010D  C2 09 01  JNZ 0109    (3)  BC:0203  DE:0061  HL:7FEE  AF:A116  SP:7FF1  PC:010D   
0109  46        MOV B,M     (3)  BC:0203  DE:0061  HL:7FEE  AF:A116  SP:7FF1  PC:0109   
010A  A8        XRA B       (3)  BC:0003  DE:0061  HL:7FEE  AF:A116  SP:7FF1  PC:010A   
010B  23        INX H       (3)  BC:0003  DE:0061  HL:7FEE  AF:A182  SP:7FF1  PC:010B   
010C  0D        DCR C       (3)  BC:0003  DE:0061  HL:7FEF  AF:A182  SP:7FF1  PC:010C   
010D  C2 09 01  JNZ 0109    (3)  BC:0002  DE:0061  HL:7FEF  AF:A112  SP:7FF1  PC:010D   
0109  46        MOV B,M     (3)  BC:0002  DE:0061  HL:7FEF  AF:A112  SP:7FF1  PC:0109   
010A  A8        XRA B       (3)  BC:4C02  DE:0061  HL:7FEF  AF:A112  SP:7FF1  PC:010A   
010B  23        INX H       (3)  BC:4C02  DE:0061  HL:7FEF  AF:ED86  SP:7FF1  PC:010B   
010C  0D        DCR C       (3)  BC:4C02  DE:0061  HL:7FF0  AF:ED86  SP:7FF1  PC:010C   
010D  C2 09 01  JNZ 0109    (3)  BC:4C01  DE:0061  HL:7FF0  AF:ED12  SP:7FF1  PC:010D   
0109  46        MOV B,M     (3)  BC:4C01  DE:0061  HL:7FF0  AF:ED12  SP:7FF1  PC:0109   
010A  A8        XRA B       (3)  BC:0101  DE:0061  HL:7FF0  AF:ED12  SP:7FF1  PC:010A   
010B  23        INX H       (3)  BC:0101  DE:0061  HL:7FF0  AF:EC82  SP:7FF1  PC:010B   
010C  0D        DCR C       (3)  BC:0101  DE:0061  HL:7FF1  AF:EC82  SP:7FF1  PC:010C   
010D  C2 09 01  JNZ 0109    (3)  BC:0100  DE:0061  HL:7FF1  AF:EC56  SP:7FF1  PC:010D   
0110  12        STAX D      (3)  BC:0100  DE:0061  HL:7FF1  AF:EC56  SP:7FF1  PC:0110   
0111  C1        POP B       (3)  BC:0100  DE:0061  HL:7FF1  AF:EC56  SP:7FF1  PC:0111   
0112  D1        POP D       (3)  BC:7706  DE:0061  HL:7FF1  AF:EC56  SP:7FF3  PC:0112   
0113  E1        POP H       (3)  BC:7706  DE:0000  HL:7FF1  AF:EC56  SP:7FF5  PC:0113   
0114  F1        POP PSW     (3)  BC:7706  DE:0000  HL:0000  AF:EC56  SP:7FF7  PC:0114   
0115  C9        RET         (3)  BC:7706  DE:0000  HL:0000  AF:0002  SP:7FF9  PC:0115   
00CB  CD 3A 01  CALL 013A   (2)  BC:7706  DE:0000  HL:0000  AF:0002  SP:7FFB  PC:00CB   
013A  C5        PUSH B      (3)  BC:7706  DE:0000  HL:0000  AF:0002  SP:7FF9  PC:013A   
013B  D5        PUSH D      (3)  BC:7706  DE:0000  HL:0000  AF:0002  SP:7FF7  PC:013B   
013C  E5        PUSH H      (3)  BC:7706  DE:0000  HL:0000  AF:0002  SP:7FF5  PC:013C   
013D  F5        PUSH PSW    (3)  BC:7706  DE:0000  HL:0000  AF:0002  SP:7FF3  PC:013D   
013E  F5        PUSH PSW    (3)  BC:7706  DE:0000  HL:0000  AF:0002  SP:7FF1  PC:013E   
013F  CD 51 01  CALL 0151   (3)  BC:7706  DE:0000  HL:0000  AF:0002  SP:7FEF  PC:013F   
0151  0F        RRC         (4)  BC:7706  DE:0000  HL:0000  AF:0002  SP:7FED  PC:0151   
0152  0F        RRC         (4)  BC:7706  DE:0000  HL:0000  AF:0002  SP:7FED  PC:0152   
0153  0F        RRC         (4)  BC:7706  DE:0000  HL:0000  AF:0002  SP:7FED  PC:0153   
0154  0F        RRC         (4)  BC:7706  DE:0000  HL:0000  AF:0002  SP:7FED  PC:0154   
0155  E6 0F     ANI 0F      (4)  BC:7706  DE:0000  HL:0000  AF:0002  SP:7FED  PC:0155   
0157  FE 0A     CPI 0A      (4)  BC:7706  DE:0000  HL:0000  AF:0056  SP:7FED  PC:0157   
0159  FA 5E 01  JM 015E     (4)  BC:7706  DE:0000  HL:0000  AF:0087  SP:7FED  PC:0159   
015E  C6 30     ADI 30      (4)  BC:7706  DE:0000  HL:0000  AF:0087  SP:7FED  PC:015E   
0160  C9        RET         (4)  BC:7706  DE:0000  HL:0000  AF:3006  SP:7FED  PC:0160   
0142  CD 2D 01  CALL 012D   (3)  BC:7706  DE:0000  HL:0000  AF:3006  SP:7FEF  PC:0142   
012D  C5        PUSH B      (4)  BC:7706  DE:0000  HL:0000  AF:3006  SP:7FED  PC:012D   
012E  D5        PUSH D      (4)  BC:7706  DE:0000  HL:0000  AF:3006  SP:7FEB  PC:012E   
012F  E5        PUSH H      (4)  BC:7706  DE:0000  HL:0000  AF:3006  SP:7FE9  PC:012F   
0130  F5        PUSH PSW    (4)  BC:7706  DE:0000  HL:0000  AF:3006  SP:7FE7  PC:0130   
0131  4F        MOV C,A     (4)  BC:7706  DE:0000  HL:0000  AF:3006  SP:7FE5  PC:0131   
0132  CD 37 C0  CALL C037   (4)  BC:7730  DE:0000  HL:0000  AF:3006  SP:7FE5  PC:0132   
0135  F1        POP PSW     (4)  BC:7730  DE:0000  HL:0000  AF:3006  SP:7FE5  PC:0135   
0136  E1        POP H       (4)  BC:7730  DE:0000  HL:0000  AF:3006  SP:7FE7  PC:0136   
0137  D1        POP D       (4)  BC:7730  DE:0000  HL:0000  AF:3006  SP:7FE9  PC:0137   
0138  C1        POP B       (4)  BC:7730  DE:0000  HL:0000  AF:3006  SP:7FEB  PC:0138   
0139  C9        RET         (4)  BC:7706  DE:0000  HL:0000  AF:3006  SP:7FED  PC:0139   
0145  F1        POP PSW     (3)  BC:7706  DE:0000  HL:0000  AF:3006  SP:7FEF  PC:0145   
0146  CD 55 01  CALL 0155   (3)  BC:7706  DE:0000  HL:0000  AF:0002  SP:7FF1  PC:0146   
0155  E6 0F     ANI 0F      (4)  BC:7706  DE:0000  HL:0000  AF:0002  SP:7FEF  PC:0155   
0157  FE 0A     CPI 0A      (4)  BC:7706  DE:0000  HL:0000  AF:0056  SP:7FEF  PC:0157   
0159  FA 5E 01  JM 015E     (4)  BC:7706  DE:0000  HL:0000  AF:0087  SP:7FEF  PC:0159   
015E  C6 30     ADI 30      (4)  BC:7706  DE:0000  HL:0000  AF:0087  SP:7FEF  PC:015E   
0160  C9        RET         (4)  BC:7706  DE:0000  HL:0000  AF:3006  SP:7FEF  PC:0160   
0149  CD 2D 01  CALL 012D   (3)  BC:7706  DE:0000  HL:0000  AF:3006  SP:7FF1  PC:0149   
012D  C5        PUSH B      (4)  BC:7706  DE:0000  HL:0000  AF:3006  SP:7FEF  PC:012D   
012E  D5        PUSH D      (4)  BC:7706  DE:0000  HL:0000  AF:3006  SP:7FED  PC:012E   
012F  E5        PUSH H      (4)  BC:7706  DE:0000  HL:0000  AF:3006  SP:7FEB  PC:012F   
0130  F5        PUSH PSW    (4)  BC:7706  DE:0000  HL:0000  AF:3006  SP:7FE9  PC:0130   
0131  4F        MOV C,A     (4)  BC:7706  DE:0000  HL:0000  AF:3006  SP:7FE7  PC:0131   
0132  CD 37 C0  CALL C037   (4)  BC:7730  DE:0000  HL:0000  AF:3006  SP:7FE7  PC:0132   
0135  F1        POP PSW     (4)  BC:7730  DE:0000  HL:0000  AF:3006  SP:7FE7  PC:0135   
0136  E1        POP H       (4)  BC:7730  DE:0000  HL:0000  AF:3006  SP:7FE9  PC:0136   
0137  D1        POP D       (4)  BC:7730  DE:0000  HL:0000  AF:3006  SP:7FEB  PC:0137   
0138  C1        POP B       (4)  BC:7730  DE:0000  HL:0000  AF:3006  SP:7FED  PC:0138   
0139  C9        RET         (4)  BC:7706  DE:0000  HL:0000  AF:3006  SP:7FEF  PC:0139   
014C  F1        POP PSW     (3)  BC:7706  DE:0000  HL:0000  AF:3006  SP:7FF1  PC:014C   
014D  E1        POP H       (3)  BC:7706  DE:0000  HL:0000  AF:0002  SP:7FF3  PC:014D   
014E  D1        POP D       (3)  BC:7706  DE:0000  HL:0000  AF:0002  SP:7FF5  PC:014E   
014F  C1        POP B       (3)  BC:7706  DE:0000  HL:0000  AF:0002  SP:7FF7  PC:014F   
0150  C9        RET         (3)  BC:7706  DE:0000  HL:0000  AF:0002  SP:7FF9  PC:0150   
00CE  0F        RRC         (2)  BC:7706  DE:0000  HL:0000  AF:0002  SP:7FFB  PC:00CE   
00CF  CD F4 00  CALL 00F4   (2)  BC:7706  DE:0000  HL:0000  AF:0002  SP:7FFB  PC:00CF   
00F4  C5        PUSH B      (3)  BC:7706  DE:0000  HL:0000  AF:0002  SP:7FF9  PC:00F4   
00F5  D5        PUSH D      (3)  BC:7706  DE:0000  HL:0000  AF:0002  SP:7FF7  PC:00F5   
00F6  E5        PUSH H      (3)  BC:7706  DE:0000  HL:0000  AF:0002  SP:7FF5  PC:00F6   
00F7  F5        PUSH PSW    (3)  BC:7706  DE:0000  HL:0000  AF:0002  SP:7FF3  PC:00F7   
00F8  21 00 00  LXI H,0000  (3)  BC:7706  DE:0000  HL:0000  AF:0002  SP:7FF1  PC:00F8   
00FB  39        DAD SP      (3)  BC:7706  DE:0000  HL:0000  AF:0002  SP:7FF1  PC:00FB   
00FC  0E 08     MVI C,08    (3)  BC:7706  DE:0000  HL:7FF1  AF:0002  SP:7FF1  PC:00FC   
00FE  2B        DCX H       (3)  BC:7708  DE:0000  HL:7FF1  AF:0002  SP:7FF1  PC:00FE   
00FF  0D        DCR C       (3)  BC:7708  DE:0000  HL:7FF0  AF:0002  SP:7FF1  PC:00FF   
0100  C2 FE 00  JNZ 00FE    (3)  BC:7707  DE:0000  HL:7FF0  AF:0012  SP:7FF1  PC:0100   
00FE  2B        DCX H       (3)  BC:7707  DE:0000  HL:7FF0  AF:0012  SP:7FF1  PC:00FE   
00FF  0D        DCR C       (3)  BC:7707  DE:0000  HL:7FEF  AF:0012  SP:7FF1  PC:00FF   
0100  C2 FE 00  JNZ 00FE    (3)  BC:7706  DE:0000  HL:7FEF  AF:0016  SP:7FF1  PC:0100   
00FE  2B        DCX H       (3)  BC:7706  DE:0000  HL:7FEF  AF:0016  SP:7FF1  PC:00FE   
00FF  0D        DCR C       (3)  BC:7706  DE:0000  HL:7FEE  AF:0016  SP:7FF1  PC:00FF   
0100  C2 FE 00  JNZ 00FE    (3)  BC:7705  DE:0000  HL:7FEE  AF:0016  SP:7FF1  PC:0100   
00FE  2B        DCX H       (3)  BC:7705  DE:0000  HL:7FEE  AF:0016  SP:7FF1  PC:00FE   
00FF  0D        DCR C       (3)  BC:7705  DE:0000  HL:7FED  AF:0016  SP:7FF1  PC:00FF   
0100  C2 FE 00  JNZ 00FE    (3)  BC:7704  DE:0000  HL:7FED  AF:0012  SP:7FF1  PC:0100   
00FE  2B        DCX H       (3)  BC:7704  DE:0000  HL:7FED  AF:0012  SP:7FF1  PC:00FE   
00FF  0D        DCR C       (3)  BC:7704  DE:0000  HL:7FEC  AF:0012  SP:7FF1  PC:00FF   
0100  C2 FE 00  JNZ 00FE    (3)  BC:7703  DE:0000  HL:7FEC  AF:0016  SP:7FF1  PC:0100   
00FE  2B        DCX H       (3)  BC:7703  DE:0000  HL:7FEC  AF:0016  SP:7FF1  PC:00FE   
00FF  0D        DCR C       (3)  BC:7703  DE:0000  HL:7FEB  AF:0016  SP:7FF1  PC:00FF   
0100  C2 FE 00  JNZ 00FE    (3)  BC:7702  DE:0000  HL:7FEB  AF:0012  SP:7FF1  PC:0100   
00FE  2B        DCX H       (3)  BC:7702  DE:0000  HL:7FEB  AF:0012  SP:7FF1  PC:00FE   
00FF  0D        DCR C       (3)  BC:7702  DE:0000  HL:7FEA  AF:0012  SP:7FF1  PC:00FF   
0100  C2 FE 00  JNZ 00FE    (3)  BC:7701  DE:0000  HL:7FEA  AF:0012  SP:7FF1  PC:0100   
00FE  2B        DCX H       (3)  BC:7701  DE:0000  HL:7FEA  AF:0012  SP:7FF1  PC:00FE   
00FF  0D        DCR C       (3)  BC:7701  DE:0000  HL:7FE9  AF:0012  SP:7FF1  PC:00FF   
0100  C2 FE 00  JNZ 00FE    (3)  BC:7700  DE:0000  HL:7FE9  AF:0056  SP:7FF1  PC:0100   
0103  11 61 00  LXI D,0061  (3)  BC:7700  DE:0000  HL:7FE9  AF:0056  SP:7FF1  PC:0103   
0106  1A        LDAX D      (3)  BC:7700  DE:0061  HL:7FE9  AF:0056  SP:7FF1  PC:0106   
0107  0E 08     MVI C,08    (3)  BC:7700  DE:0061  HL:7FE9  AF:EC56  SP:7FF1  PC:0107   
0109  46        MOV B,M     (3)  BC:7708  DE:0061  HL:7FE9  AF:EC56  SP:7FF1  PC:0109   
010A  A8        XRA B       (3)  BC:0008  DE:0061  HL:7FE9  AF:EC56  SP:7FF1  PC:010A   
010B  23        INX H       (3)  BC:0008  DE:0061  HL:7FE9  AF:EC82  SP:7FF1  PC:010B   
010C  0D        DCR C       (3)  BC:0008  DE:0061  HL:7FEA  AF:EC82  SP:7FF1  PC:010C   
010D  C2 09 01  JNZ 0109    (3)  BC:0007  DE:0061  HL:7FEA  AF:EC12  SP:7FF1  PC:010D   
0109  46        MOV B,M     (3)  BC:0007  DE:0061  HL:7FEA  AF:EC12  SP:7FF1  PC:0109   
010A  A8        XRA B       (3)  BC:0007  DE:0061  HL:7FEA  AF:EC12  SP:7FF1  PC:010A   
010B  23        INX H       (3)  BC:0007  DE:0061  HL:7FEA  AF:EC82  SP:7FF1  PC:010B   
010C  0D        DCR C       (3)  BC:0007  DE:0061  HL:7FEB  AF:EC82  SP:7FF1  PC:010C   
010D  C2 09 01  JNZ 0109    (3)  BC:0006  DE:0061  HL:7FEB  AF:EC16  SP:7FF1  PC:010D   
0109  46        MOV B,M     (3)  BC:0006  DE:0061  HL:7FEB  AF:EC16  SP:7FF1  PC:0109   
010A  A8        XRA B       (3)  BC:0006  DE:0061  HL:7FEB  AF:EC16  SP:7FF1  PC:010A   
010B  23        INX H       (3)  BC:0006  DE:0061  HL:7FEB  AF:EC82  SP:7FF1  PC:010B   
010C  0D        DCR C       (3)  BC:0006  DE:0061  HL:7FEC  AF:EC82  SP:7FF1  PC:010C   
010D  C2 09 01  JNZ 0109    (3)  BC:0005  DE:0061  HL:7FEC  AF:EC16  SP:7FF1  PC:010D   
0109  46        MOV B,M     (3)  BC:0005  DE:0061  HL:7FEC  AF:EC16  SP:7FF1  PC:0109   
010A  A8        XRA B       (3)  BC:0005  DE:0061  HL:7FEC  AF:EC16  SP:7FF1  PC:010A   
010B  23        INX H       (3)  BC:0005  DE:0061  HL:7FEC  AF:EC82  SP:7FF1  PC:010B   
010C  0D        DCR C       (3)  BC:0005  DE:0061  HL:7FED  AF:EC82  SP:7FF1  PC:010C   
010D  C2 09 01  JNZ 0109    (3)  BC:0004  DE:0061  HL:7FED  AF:EC12  SP:7FF1  PC:010D   
0109  46        MOV B,M     (3)  BC:0004  DE:0061  HL:7FED  AF:EC12  SP:7FF1  PC:0109   
010A  A8        XRA B       (3)  BC:0604  DE:0061  HL:7FED  AF:EC12  SP:7FF1  PC:010A   
010B  23        INX H       (3)  BC:0604  DE:0061  HL:7FED  AF:EA82  SP:7FF1  PC:010B   
010C  0D        DCR C       (3)  BC:0604  DE:0061  HL:7FEE  AF:EA82  SP:7FF1  PC:010C   
010D  C2 09 01  JNZ 0109    (3)  BC:0603  DE:0061  HL:7FEE  AF:EA16  SP:7FF1  PC:010D   
0109  46        MOV B,M     (3)  BC:0603  DE:0061  HL:7FEE  AF:EA16  SP:7FF1  PC:0109   
010A  A8        XRA B       (3)  BC:7703  DE:0061  HL:7FEE  AF:EA16  SP:7FF1  PC:010A   
010B  23        INX H       (3)  BC:7703  DE:0061  HL:7FEE  AF:9D82  SP:7FF1  PC:010B   
010C  0D        DCR C       (3)  BC:7703  DE:0061  HL:7FEF  AF:9D82  SP:7FF1  PC:010C   
010D  C2 09 01  JNZ 0109    (3)  BC:7702  DE:0061  HL:7FEF  AF:9D12  SP:7FF1  PC:010D   
0109  46        MOV B,M     (3)  BC:7702  DE:0061  HL:7FEF  AF:9D12  SP:7FF1  PC:0109   
010A  A8        XRA B       (3)  BC:4C02  DE:0061  HL:7FEF  AF:9D12  SP:7FF1  PC:010A   
010B  23        INX H       (3)  BC:4C02  DE:0061  HL:7FEF  AF:D186  SP:7FF1  PC:010B   
010C  0D        DCR C       (3)  BC:4C02  DE:0061  HL:7FF0  AF:D186  SP:7FF1  PC:010C   
010D  C2 09 01  JNZ 0109    (3)  BC:4C01  DE:0061  HL:7FF0  AF:D112  SP:7FF1  PC:010D   
0109  46        MOV B,M     (3)  BC:4C01  DE:0061  HL:7FF0  AF:D112  SP:7FF1  PC:0109   
010A  A8        XRA B       (3)  BC:0101  DE:0061  HL:7FF0  AF:D112  SP:7FF1  PC:010A   
010B  23        INX H       (3)  BC:0101  DE:0061  HL:7FF0  AF:D082  SP:7FF1  PC:010B   
010C  0D        DCR C       (3)  BC:0101  DE:0061  HL:7FF1  AF:D082  SP:7FF1  PC:010C   
010D  C2 09 01  JNZ 0109    (3)  BC:0100  DE:0061  HL:7FF1  AF:D056  SP:7FF1  PC:010D   
0110  12        STAX D      (3)  BC:0100  DE:0061  HL:7FF1  AF:D056  SP:7FF1  PC:0110   
0111  C1        POP B       (3)  BC:0100  DE:0061  HL:7FF1  AF:D056  SP:7FF1  PC:0111   
0112  D1        POP D       (3)  BC:0002  DE:0061  HL:7FF1  AF:D056  SP:7FF3  PC:0112   
0113  E1        POP H       (3)  BC:0002  DE:0000  HL:7FF1  AF:D056  SP:7FF5  PC:0113   
0114  F1        POP PSW     (3)  BC:0002  DE:0000  HL:0000  AF:D056  SP:7FF7  PC:0114   
0115  C9        RET         (3)  BC:0002  DE:0000  HL:0000  AF:7706  SP:7FF9  PC:0115   
00D2  CD 3A 01  CALL 013A   (2)  BC:0002  DE:0000  HL:0000  AF:7706  SP:7FFB  PC:00D2   
013A  C5        PUSH B      (3)  BC:0002  DE:0000  HL:0000  AF:7706  SP:7FF9  PC:013A   
013B  D5        PUSH D      (3)  BC:0002  DE:0000  HL:0000  AF:7706  SP:7FF7  PC:013B   
013C  E5        PUSH H      (3)  BC:0002  DE:0000  HL:0000  AF:7706  SP:7FF5  PC:013C   
013D  F5        PUSH PSW    (3)  BC:0002  DE:0000  HL:0000  AF:7706  SP:7FF3  PC:013D   
013E  F5        PUSH PSW    (3)  BC:0002  DE:0000  HL:0000  AF:7706  SP:7FF1  PC:013E   
013F  CD 51 01  CALL 0151   (3)  BC:0002  DE:0000  HL:0000  AF:7706  SP:7FEF  PC:013F   
0151  0F        RRC         (4)  BC:0002  DE:0000  HL:0000  AF:7706  SP:7FED  PC:0151   
0152  0F        RRC         (4)  BC:0002  DE:0000  HL:0000  AF:BB07  SP:7FED  PC:0152   
0153  0F        RRC         (4)  BC:0002  DE:0000  HL:0000  AF:DD07  SP:7FED  PC:0153   
0154  0F        RRC         (4)  BC:0002  DE:0000  HL:0000  AF:EE07  SP:7FED  PC:0154   
0155  E6 0F     ANI 0F      (4)  BC:0002  DE:0000  HL:0000  AF:7706  SP:7FED  PC:0155   
0157  FE 0A     CPI 0A      (4)  BC:0002  DE:0000  HL:0000  AF:0712  SP:7FED  PC:0157   
0159  FA 5E 01  JM 015E     (4)  BC:0002  DE:0000  HL:0000  AF:0783  SP:7FED  PC:0159   
015E  C6 30     ADI 30      (4)  BC:0002  DE:0000  HL:0000  AF:0783  SP:7FED  PC:015E   
0160  C9        RET         (4)  BC:0002  DE:0000  HL:0000  AF:3702  SP:7FED  PC:0160   
0142  CD 2D 01  CALL 012D   (3)  BC:0002  DE:0000  HL:0000  AF:3702  SP:7FEF  PC:0142   
012D  C5        PUSH B      (4)  BC:0002  DE:0000  HL:0000  AF:3702  SP:7FED  PC:012D   
012E  D5        PUSH D      (4)  BC:0002  DE:0000  HL:0000  AF:3702  SP:7FEB  PC:012E   
012F  E5        PUSH H      (4)  BC:0002  DE:0000  HL:0000  AF:3702  SP:7FE9  PC:012F   
0130  F5        PUSH PSW    (4)  BC:0002  DE:0000  HL:0000  AF:3702  SP:7FE7  PC:0130   
0131  4F        MOV C,A     (4)  BC:0002  DE:0000  HL:0000  AF:3702  SP:7FE5  PC:0131   
0132  CD 37 C0  CALL C037   (4)  BC:0037  DE:0000  HL:0000  AF:3702  SP:7FE5  PC:0132   
0135  F1        POP PSW     (4)  BC:0037  DE:0000  HL:0000  AF:3702  SP:7FE5  PC:0135   
0136  E1        POP H       (4)  BC:0037  DE:0000  HL:0000  AF:3702  SP:7FE7  PC:0136   
0137  D1        POP D       (4)  BC:0037  DE:0000  HL:0000  AF:3702  SP:7FE9  PC:0137   
0138  C1        POP B       (4)  BC:0037  DE:0000  HL:0000  AF:3702  SP:7FEB  PC:0138   
0139  C9        RET         (4)  BC:0002  DE:0000  HL:0000  AF:3702  SP:7FED  PC:0139   
0145  F1        POP PSW     (3)  BC:0002  DE:0000  HL:0000  AF:3702  SP:7FEF  PC:0145   
0146  CD 55 01  CALL 0155   (3)  BC:0002  DE:0000  HL:0000  AF:7706  SP:7FF1  PC:0146   
0155  E6 0F     ANI 0F      (4)  BC:0002  DE:0000  HL:0000  AF:7706  SP:7FEF  PC:0155   
0157  FE 0A     CPI 0A      (4)  BC:0002  DE:0000  HL:0000  AF:0712  SP:7FEF  PC:0157   
0159  FA 5E 01  JM 015E     (4)  BC:0002  DE:0000  HL:0000  AF:0783  SP:7FEF  PC:0159   
015E  C6 30     ADI 30      (4)  BC:0002  DE:0000  HL:0000  AF:0783  SP:7FEF  PC:015E   
0160  C9        RET         (4)  BC:0002  DE:0000  HL:0000  AF:3702  SP:7FEF  PC:0160   
0149  CD 2D 01  CALL 012D   (3)  BC:0002  DE:0000  HL:0000  AF:3702  SP:7FF1  PC:0149   
012D  C5        PUSH B      (4)  BC:0002  DE:0000  HL:0000  AF:3702  SP:7FEF  PC:012D   
012E  D5        PUSH D      (4)  BC:0002  DE:0000  HL:0000  AF:3702  SP:7FED  PC:012E   
012F  E5        PUSH H      (4)  BC:0002  DE:0000  HL:0000  AF:3702  SP:7FEB  PC:012F   
0130  F5        PUSH PSW    (4)  BC:0002  DE:0000  HL:0000  AF:3702  SP:7FE9  PC:0130   
0131  4F        MOV C,A     (4)  BC:0002  DE:0000  HL:0000  AF:3702  SP:7FE7  PC:0131   
0132  CD 37 C0  CALL C037   (4)  BC:0037  DE:0000  HL:0000  AF:3702  SP:7FE7  PC:0132   
0135  F1        POP PSW     (4)  BC:0037  DE:0000  HL:0000  AF:3702  SP:7FE7  PC:0135   
0136  E1        POP H       (4)  BC:0037  DE:0000  HL:0000  AF:3702  SP:7FE9  PC:0136   
0137  D1        POP D       (4)  BC:0037  DE:0000  HL:0000  AF:3702  SP:7FEB  PC:0137   
0138  C1        POP B       (4)  BC:0037  DE:0000  HL:0000  AF:3702  SP:7FED  PC:0138   
0139  C9        RET         (4)  BC:0002  DE:0000  HL:0000  AF:3702  SP:7FEF  PC:0139   
014C  F1        POP PSW     (3)  BC:0002  DE:0000  HL:0000  AF:3702  SP:7FF1  PC:014C   
014D  E1        POP H       (3)  BC:0002  DE:0000  HL:0000  AF:7706  SP:7FF3  PC:014D   
014E  D1        POP D       (3)  BC:0002  DE:0000  HL:0000  AF:7706  SP:7FF5  PC:014E   
014F  C1        POP B       (3)  BC:0002  DE:0000  HL:0000  AF:7706  SP:7FF7  PC:014F   
0150  C9        RET         (3)  BC:0002  DE:0000  HL:0000  AF:7706  SP:7FF9  PC:0150   
00D5  EE EA     XRI EA      (2)  BC:0002  DE:0000  HL:0000  AF:7706  SP:7FFB  PC:00D5   
00D7  CD F4 00  CALL 00F4   (2)  BC:0002  DE:0000  HL:0000  AF:9D82  SP:7FFB  PC:00D7   
00F4  C5        PUSH B      (3)  BC:0002  DE:0000  HL:0000  AF:9D82  SP:7FF9  PC:00F4   
00F5  D5        PUSH D      (3)  BC:0002  DE:0000  HL:0000  AF:9D82  SP:7FF7  PC:00F5   
00F6  E5        PUSH H      (3)  BC:0002  DE:0000  HL:0000  AF:9D82  SP:7FF5  PC:00F6   
00F7  F5        PUSH PSW    (3)  BC:0002  DE:0000  HL:0000  AF:9D82  SP:7FF3  PC:00F7   
00F8  21 00 00  LXI H,0000  (3)  BC:0002  DE:0000  HL:0000  AF:9D82  SP:7FF1  PC:00F8   
00FB  39        DAD SP      (3)  BC:0002  DE:0000  HL:0000  AF:9D82  SP:7FF1  PC:00FB   
00FC  0E 08     MVI C,08    (3)  BC:0002  DE:0000  HL:7FF1  AF:9D82  SP:7FF1  PC:00FC   
00FE  2B        DCX H       (3)  BC:0008  DE:0000  HL:7FF1  AF:9D82  SP:7FF1  PC:00FE   
00FF  0D        DCR C       (3)  BC:0008  DE:0000  HL:7FF0  AF:9D82  SP:7FF1  PC:00FF   
0100  C2 FE 00  JNZ 00FE    (3)  BC:0007  DE:0000  HL:7FF0  AF:9D12  SP:7FF1  PC:0100   
00FE  2B        DCX H       (3)  BC:0007  DE:0000  HL:7FF0  AF:9D12  SP:7FF1  PC:00FE   
00FF  0D        DCR C       (3)  BC:0007  DE:0000  HL:7FEF  AF:9D12  SP:7FF1  PC:00FF   
0100  C2 FE 00  JNZ 00FE    (3)  BC:0006  DE:0000  HL:7FEF  AF:9D16  SP:7FF1  PC:0100   
00FE  2B        DCX H       (3)  BC:0006  DE:0000  HL:7FEF  AF:9D16  SP:7FF1  PC:00FE   
00FF  0D        DCR C       (3)  BC:0006  DE:0000  HL:7FEE  AF:9D16  SP:7FF1  PC:00FF   
0100  C2 FE 00  JNZ 00FE    (3)  BC:0005  DE:0000  HL:7FEE  AF:9D16  SP:7FF1  PC:0100   
00FE  2B        DCX H       (3)  BC:0005  DE:0000  HL:7FEE  AF:9D16  SP:7FF1  PC:00FE   
00FF  0D        DCR C       (3)  BC:0005  DE:0000  HL:7FED  AF:9D16  SP:7FF1  PC:00FF   
0100  C2 FE 00  JNZ 00FE    (3)  BC:0004  DE:0000  HL:7FED  AF:9D12  SP:7FF1  PC:0100   
00FE  2B        DCX H       (3)  BC:0004  DE:0000  HL:7FED  AF:9D12  SP:7FF1  PC:00FE   
00FF  0D        DCR C       (3)  BC:0004  DE:0000  HL:7FEC  AF:9D12  SP:7FF1  PC:00FF   
0100  C2 FE 00  JNZ 00FE    (3)  BC:0003  DE:0000  HL:7FEC  AF:9D16  SP:7FF1  PC:0100   
00FE  2B        DCX H       (3)  BC:0003  DE:0000  HL:7FEC  AF:9D16  SP:7FF1  PC:00FE   
00FF  0D        DCR C       (3)  BC:0003  DE:0000  HL:7FEB  AF:9D16  SP:7FF1  PC:00FF   
0100  C2 FE 00  JNZ 00FE    (3)  BC:0002  DE:0000  HL:7FEB  AF:9D12  SP:7FF1  PC:0100   
00FE  2B        DCX H       (3)  BC:0002  DE:0000  HL:7FEB  AF:9D12  SP:7FF1  PC:00FE   
00FF  0D        DCR C       (3)  BC:0002  DE:0000  HL:7FEA  AF:9D12  SP:7FF1  PC:00FF   
0100  C2 FE 00  JNZ 00FE    (3)  BC:0001  DE:0000  HL:7FEA  AF:9D12  SP:7FF1  PC:0100   
00FE  2B        DCX H       (3)  BC:0001  DE:0000  HL:7FEA  AF:9D12  SP:7FF1  PC:00FE   
00FF  0D        DCR C       (3)  BC:0001  DE:0000  HL:7FE9  AF:9D12  SP:7FF1  PC:00FF   
0100  C2 FE 00  JNZ 00FE    (3)  BC:0000  DE:0000  HL:7FE9  AF:9D56  SP:7FF1  PC:0100   
0103  11 61 00  LXI D,0061  (3)  BC:0000  DE:0000  HL:7FE9  AF:9D56  SP:7FF1  PC:0103   
0106  1A        LDAX D      (3)  BC:0000  DE:0061  HL:7FE9  AF:9D56  SP:7FF1  PC:0106   
0107  0E 08     MVI C,08    (3)  BC:0000  DE:0061  HL:7FE9  AF:D056  SP:7FF1  PC:0107   
0109  46        MOV B,M     (3)  BC:0008  DE:0061  HL:7FE9  AF:D056  SP:7FF1  PC:0109   
010A  A8        XRA B       (3)  BC:0008  DE:0061  HL:7FE9  AF:D056  SP:7FF1  PC:010A   
010B  23        INX H       (3)  BC:0008  DE:0061  HL:7FE9  AF:D082  SP:7FF1  PC:010B   
010C  0D        DCR C       (3)  BC:0008  DE:0061  HL:7FEA  AF:D082  SP:7FF1  PC:010C   
010D  C2 09 01  JNZ 0109    (3)  BC:0007  DE:0061  HL:7FEA  AF:D012  SP:7FF1  PC:010D   
0109  46        MOV B,M     (3)  BC:0007  DE:0061  HL:7FEA  AF:D012  SP:7FF1  PC:0109   
010A  A8        XRA B       (3)  BC:0007  DE:0061  HL:7FEA  AF:D012  SP:7FF1  PC:010A   
010B  23        INX H       (3)  BC:0007  DE:0061  HL:7FEA  AF:D082  SP:7FF1  PC:010B   
010C  0D        DCR C       (3)  BC:0007  DE:0061  HL:7FEB  AF:D082  SP:7FF1  PC:010C   
010D  C2 09 01  JNZ 0109    (3)  BC:0006  DE:0061  HL:7FEB  AF:D016  SP:7FF1  PC:010D   
0109  46        MOV B,M     (3)  BC:0006  DE:0061  HL:7FEB  AF:D016  SP:7FF1  PC:0109   
010A  A8        XRA B       (3)  BC:0006  DE:0061  HL:7FEB  AF:D016  SP:7FF1  PC:010A   
010B  23        INX H       (3)  BC:0006  DE:0061  HL:7FEB  AF:D082  SP:7FF1  PC:010B   
010C  0D        DCR C       (3)  BC:0006  DE:0061  HL:7FEC  AF:D082  SP:7FF1  PC:010C   
010D  C2 09 01  JNZ 0109    (3)  BC:0005  DE:0061  HL:7FEC  AF:D016  SP:7FF1  PC:010D   
0109  46        MOV B,M     (3)  BC:0005  DE:0061  HL:7FEC  AF:D016  SP:7FF1  PC:0109   
010A  A8        XRA B       (3)  BC:0005  DE:0061  HL:7FEC  AF:D016  SP:7FF1  PC:010A   
010B  23        INX H       (3)  BC:0005  DE:0061  HL:7FEC  AF:D082  SP:7FF1  PC:010B   
010C  0D        DCR C       (3)  BC:0005  DE:0061  HL:7FED  AF:D082  SP:7FF1  PC:010C   
010D  C2 09 01  JNZ 0109    (3)  BC:0004  DE:0061  HL:7FED  AF:D012  SP:7FF1  PC:010D   
0109  46        MOV B,M     (3)  BC:0004  DE:0061  HL:7FED  AF:D012  SP:7FF1  PC:0109   
010A  A8        XRA B       (3)  BC:0204  DE:0061  HL:7FED  AF:D012  SP:7FF1  PC:010A   
010B  23        INX H       (3)  BC:0204  DE:0061  HL:7FED  AF:D286  SP:7FF1  PC:010B   
010C  0D        DCR C       (3)  BC:0204  DE:0061  HL:7FEE  AF:D286  SP:7FF1  PC:010C   
010D  C2 09 01  JNZ 0109    (3)  BC:0203  DE:0061  HL:7FEE  AF:D216  SP:7FF1  PC:010D   
0109  46        MOV B,M     (3)  BC:0203  DE:0061  HL:7FEE  AF:D216  SP:7FF1  PC:0109   
010A  A8        XRA B       (3)  BC:0003  DE:0061  HL:7FEE  AF:D216  SP:7FF1  PC:010A   
010B  23        INX H       (3)  BC:0003  DE:0061  HL:7FEE  AF:D286  SP:7FF1  PC:010B   
010C  0D        DCR C       (3)  BC:0003  DE:0061  HL:7FEF  AF:D286  SP:7FF1  PC:010C   
010D  C2 09 01  JNZ 0109    (3)  BC:0002  DE:0061  HL:7FEF  AF:D212  SP:7FF1  PC:010D   
0109  46        MOV B,M     (3)  BC:0002  DE:0061  HL:7FEF  AF:D212  SP:7FF1  PC:0109   
010A  A8        XRA B       (3)  BC:4C02  DE:0061  HL:7FEF  AF:D212  SP:7FF1  PC:010A   
010B  23        INX H       (3)  BC:4C02  DE:0061  HL:7FEF  AF:9E82  SP:7FF1  PC:010B   
010C  0D        DCR C       (3)  BC:4C02  DE:0061  HL:7FF0  AF:9E82  SP:7FF1  PC:010C   
010D  C2 09 01  JNZ 0109    (3)  BC:4C01  DE:0061  HL:7FF0  AF:9E12  SP:7FF1  PC:010D   
0109  46        MOV B,M     (3)  BC:4C01  DE:0061  HL:7FF0  AF:9E12  SP:7FF1  PC:0109   
010A  A8        XRA B       (3)  BC:0101  DE:0061  HL:7FF0  AF:9E12  SP:7FF1  PC:010A   
010B  23        INX H       (3)  BC:0101  DE:0061  HL:7FF0  AF:9F86  SP:7FF1  PC:010B   
010C  0D        DCR C       (3)  BC:0101  DE:0061  HL:7FF1  AF:9F86  SP:7FF1  PC:010C   
010D  C2 09 01  JNZ 0109    (3)  BC:0100  DE:0061  HL:7FF1  AF:9F56  SP:7FF1  PC:010D   
0110  12        STAX D      (3)  BC:0100  DE:0061  HL:7FF1  AF:9F56  SP:7FF1  PC:0110   
0111  C1        POP B       (3)  BC:0100  DE:0061  HL:7FF1  AF:9F56  SP:7FF1  PC:0111   
0112  D1        POP D       (3)  BC:9D82  DE:0061  HL:7FF1  AF:9F56  SP:7FF3  PC:0112   
0113  E1        POP H       (3)  BC:9D82  DE:0000  HL:7FF1  AF:9F56  SP:7FF5  PC:0113   
0114  F1        POP PSW     (3)  BC:9D82  DE:0000  HL:0000  AF:9F56  SP:7FF7  PC:0114   
0115  C9        RET         (3)  BC:9D82  DE:0000  HL:0000  AF:0002  SP:7FF9  PC:0115   
00DA  CD 3A 01  CALL 013A   (2)  BC:9D82  DE:0000  HL:0000  AF:0002  SP:7FFB  PC:00DA   
013A  C5        PUSH B      (3)  BC:9D82  DE:0000  HL:0000  AF:0002  SP:7FF9  PC:013A   
013B  D5        PUSH D      (3)  BC:9D82  DE:0000  HL:0000  AF:0002  SP:7FF7  PC:013B   
013C  E5        PUSH H      (3)  BC:9D82  DE:0000  HL:0000  AF:0002  SP:7FF5  PC:013C   
013D  F5        PUSH PSW    (3)  BC:9D82  DE:0000  HL:0000  AF:0002  SP:7FF3  PC:013D   
013E  F5        PUSH PSW    (3)  BC:9D82  DE:0000  HL:0000  AF:0002  SP:7FF1  PC:013E   
013F  CD 51 01  CALL 0151   (3)  BC:9D82  DE:0000  HL:0000  AF:0002  SP:7FEF  PC:013F   
0151  0F        RRC         (4)  BC:9D82  DE:0000  HL:0000  AF:0002  SP:7FED  PC:0151   
0152  0F        RRC         (4)  BC:9D82  DE:0000  HL:0000  AF:0002  SP:7FED  PC:0152   
0153  0F        RRC         (4)  BC:9D82  DE:0000  HL:0000  AF:0002  SP:7FED  PC:0153   
0154  0F        RRC         (4)  BC:9D82  DE:0000  HL:0000  AF:0002  SP:7FED  PC:0154   
0155  E6 0F     ANI 0F      (4)  BC:9D82  DE:0000  HL:0000  AF:0002  SP:7FED  PC:0155   
0157  FE 0A     CPI 0A      (4)  BC:9D82  DE:0000  HL:0000  AF:0056  SP:7FED  PC:0157   
0159  FA 5E 01  JM 015E     (4)  BC:9D82  DE:0000  HL:0000  AF:0087  SP:7FED  PC:0159   
015E  C6 30     ADI 30      (4)  BC:9D82  DE:0000  HL:0000  AF:0087  SP:7FED  PC:015E   
0160  C9        RET         (4)  BC:9D82  DE:0000  HL:0000  AF:3006  SP:7FED  PC:0160   
0142  CD 2D 01  CALL 012D   (3)  BC:9D82  DE:0000  HL:0000  AF:3006  SP:7FEF  PC:0142   
012D  C5        PUSH B      (4)  BC:9D82  DE:0000  HL:0000  AF:3006  SP:7FED  PC:012D   
012E  D5        PUSH D      (4)  BC:9D82  DE:0000  HL:0000  AF:3006  SP:7FEB  PC:012E   
012F  E5        PUSH H      (4)  BC:9D82  DE:0000  HL:0000  AF:3006  SP:7FE9  PC:012F   
0130  F5        PUSH PSW    (4)  BC:9D82  DE:0000  HL:0000  AF:3006  SP:7FE7  PC:0130   
0131  4F        MOV C,A     (4)  BC:9D82  DE:0000  HL:0000  AF:3006  SP:7FE5  PC:0131   
0132  CD 37 C0  CALL C037   (4)  BC:9D30  DE:0000  HL:0000  AF:3006  SP:7FE5  PC:0132   
0135  F1        POP PSW     (4)  BC:9D30  DE:0000  HL:0000  AF:3006  SP:7FE5  PC:0135   
0136  E1        POP H       (4)  BC:9D30  DE:0000  HL:0000  AF:3006  SP:7FE7  PC:0136   
0137  D1        POP D       (4)  BC:9D30  DE:0000  HL:0000  AF:3006  SP:7FE9  PC:0137   
0138  C1        POP B       (4)  BC:9D30  DE:0000  HL:0000  AF:3006  SP:7FEB  PC:0138   
0139  C9        RET         (4)  BC:9D82  DE:0000  HL:0000  AF:3006  SP:7FED  PC:0139   
0145  F1        POP PSW     (3)  BC:9D82  DE:0000  HL:0000  AF:3006  SP:7FEF  PC:0145   
0146  CD 55 01  CALL 0155   (3)  BC:9D82  DE:0000  HL:0000  AF:0002  SP:7FF1  PC:0146   
0155  E6 0F     ANI 0F      (4)  BC:9D82  DE:0000  HL:0000  AF:0002  SP:7FEF  PC:0155   
0157  FE 0A     CPI 0A      (4)  BC:9D82  DE:0000  HL:0000  AF:0056  SP:7FEF  PC:0157   
0159  FA 5E 01  JM 015E     (4)  BC:9D82  DE:0000  HL:0000  AF:0087  SP:7FEF  PC:0159   
015E  C6 30     ADI 30      (4)  BC:9D82  DE:0000  HL:0000  AF:0087  SP:7FEF  PC:015E   
0160  C9        RET         (4)  BC:9D82  DE:0000  HL:0000  AF:3006  SP:7FEF  PC:0160   
0149  CD 2D 01  CALL 012D   (3)  BC:9D82  DE:0000  HL:0000  AF:3006  SP:7FF1  PC:0149   
012D  C5        PUSH B      (4)  BC:9D82  DE:0000  HL:0000  AF:3006  SP:7FEF  PC:012D   
012E  D5        PUSH D      (4)  BC:9D82  DE:0000  HL:0000  AF:3006  SP:7FED  PC:012E   
012F  E5        PUSH H      (4)  BC:9D82  DE:0000  HL:0000  AF:3006  SP:7FEB  PC:012F   
0130  F5        PUSH PSW    (4)  BC:9D82  DE:0000  HL:0000  AF:3006  SP:7FE9  PC:0130   
0131  4F        MOV C,A     (4)  BC:9D82  DE:0000  HL:0000  AF:3006  SP:7FE7  PC:0131   
0132  CD 37 C0  CALL C037   (4)  BC:9D30  DE:0000  HL:0000  AF:3006  SP:7FE7  PC:0132   
0135  F1        POP PSW     (4)  BC:9D30  DE:0000  HL:0000  AF:3006  SP:7FE7  PC:0135   
0136  E1        POP H       (4)  BC:9D30  DE:0000  HL:0000  AF:3006  SP:7FE9  PC:0136   
0137  D1        POP D       (4)  BC:9D30  DE:0000  HL:0000  AF:3006  SP:7FEB  PC:0137   
0138  C1        POP B       (4)  BC:9D30  DE:0000  HL:0000  AF:3006  SP:7FED  PC:0138   
0139  C9        RET         (4)  BC:9D82  DE:0000  HL:0000  AF:3006  SP:7FEF  PC:0139   
014C  F1        POP PSW     (3)  BC:9D82  DE:0000  HL:0000  AF:3006  SP:7FF1  PC:014C   
014D  E1        POP H       (3)  BC:9D82  DE:0000  HL:0000  AF:0002  SP:7FF3  PC:014D   
014E  D1        POP D       (3)  BC:9D82  DE:0000  HL:0000  AF:0002  SP:7FF5  PC:014E   
014F  C1        POP B       (3)  BC:9D82  DE:0000  HL:0000  AF:0002  SP:7FF7  PC:014F   
0150  C9        RET         (3)  BC:9D82  DE:0000  HL:0000  AF:0002  SP:7FF9  PC:0150   
00DD  1F        RAR         (2)  BC:9D82  DE:0000  HL:0000  AF:0002  SP:7FFB  PC:00DD   
00DE  CD F4 00  CALL 00F4   (2)  BC:9D82  DE:0000  HL:0000  AF:0002  SP:7FFB  PC:00DE   
00F4  C5        PUSH B      (3)  BC:9D82  DE:0000  HL:0000  AF:0002  SP:7FF9  PC:00F4   
00F5  D5        PUSH D      (3)  BC:9D82  DE:0000  HL:0000  AF:0002  SP:7FF7  PC:00F5   
00F6  E5        PUSH H      (3)  BC:9D82  DE:0000  HL:0000  AF:0002  SP:7FF5  PC:00F6   
00F7  F5        PUSH PSW    (3)  BC:9D82  DE:0000  HL:0000  AF:0002  SP:7FF3  PC:00F7   
00F8  21 00 00  LXI H,0000  (3)  BC:9D82  DE:0000  HL:0000  AF:0002  SP:7FF1  PC:00F8   
00FB  39        DAD SP      (3)  BC:9D82  DE:0000  HL:0000  AF:0002  SP:7FF1  PC:00FB   
00FC  0E 08     MVI C,08    (3)  BC:9D82  DE:0000  HL:7FF1  AF:0002  SP:7FF1  PC:00FC   
00FE  2B        DCX H       (3)  BC:9D08  DE:0000  HL:7FF1  AF:0002  SP:7FF1  PC:00FE   
00FF  0D        DCR C       (3)  BC:9D08  DE:0000  HL:7FF0  AF:0002  SP:7FF1  PC:00FF   
0100  C2 FE 00  JNZ 00FE    (3)  BC:9D07  DE:0000  HL:7FF0  AF:0012  SP:7FF1  PC:0100   
00FE  2B        DCX H       (3)  BC:9D07  DE:0000  HL:7FF0  AF:0012  SP:7FF1  PC:00FE   
00FF  0D        DCR C       (3)  BC:9D07  DE:0000  HL:7FEF  AF:0012  SP:7FF1  PC:00FF   
0100  C2 FE 00  JNZ 00FE    (3)  BC:9D06  DE:0000  HL:7FEF  AF:0016  SP:7FF1  PC:0100   
00FE  2B        DCX H       (3)  BC:9D06  DE:0000  HL:7FEF  AF:0016  SP:7FF1  PC:00FE   
00FF  0D        DCR C       (3)  BC:9D06  DE:0000  HL:7FEE  AF:0016  SP:7FF1  PC:00FF   
0100  C2 FE 00  JNZ 00FE    (3)  BC:9D05  DE:0000  HL:7FEE  AF:0016  SP:7FF1  PC:0100   
00FE  2B        DCX H       (3)  BC:9D05  DE:0000  HL:7FEE  AF:0016  SP:7FF1  PC:00FE   
00FF  0D        DCR C       (3)  BC:9D05  DE:0000  HL:7FED  AF:0016  SP:7FF1  PC:00FF   
0100  C2 FE 00  JNZ 00FE    (3)  BC:9D04  DE:0000  HL:7FED  AF:0012  SP:7FF1  PC:0100   
00FE  2B        DCX H       (3)  BC:9D04  DE:0000  HL:7FED  AF:0012  SP:7FF1  PC:00FE   
00FF  0D        DCR C       (3)  BC:9D04  DE:0000  HL:7FEC  AF:0012  SP:7FF1  PC:00FF   
0100  C2 FE 00  JNZ 00FE    (3)  BC:9D03  DE:0000  HL:7FEC  AF:0016  SP:7FF1  PC:0100   
00FE  2B        DCX H       (3)  BC:9D03  DE:0000  HL:7FEC  AF:0016  SP:7FF1  PC:00FE   
00FF  0D        DCR C       (3)  BC:9D03  DE:0000  HL:7FEB  AF:0016  SP:7FF1  PC:00FF   
0100  C2 FE 00  JNZ 00FE    (3)  BC:9D02  DE:0000  HL:7FEB  AF:0012  SP:7FF1  PC:0100   
00FE  2B        DCX H       (3)  BC:9D02  DE:0000  HL:7FEB  AF:0012  SP:7FF1  PC:00FE   
00FF  0D        DCR C       (3)  BC:9D02  DE:0000  HL:7FEA  AF:0012  SP:7FF1  PC:00FF   
0100  C2 FE 00  JNZ 00FE    (3)  BC:9D01  DE:0000  HL:7FEA  AF:0012  SP:7FF1  PC:0100   
00FE  2B        DCX H       (3)  BC:9D01  DE:0000  HL:7FEA  AF:0012  SP:7FF1  PC:00FE   
00FF  0D        DCR C       (3)  BC:9D01  DE:0000  HL:7FE9  AF:0012  SP:7FF1  PC:00FF   
0100  C2 FE 00  JNZ 00FE    (3)  BC:9D00  DE:0000  HL:7FE9  AF:0056  SP:7FF1  PC:0100   
0103  11 61 00  LXI D,0061  (3)  BC:9D00  DE:0000  HL:7FE9  AF:0056  SP:7FF1  PC:0103   
0106  1A        LDAX D      (3)  BC:9D00  DE:0061  HL:7FE9  AF:0056  SP:7FF1  PC:0106   
0107  0E 08     MVI C,08    (3)  BC:9D00  DE:0061  HL:7FE9  AF:9F56  SP:7FF1  PC:0107   
0109  46        MOV B,M     (3)  BC:9D08  DE:0061  HL:7FE9  AF:9F56  SP:7FF1  PC:0109   
010A  A8        XRA B       (3)  BC:0008  DE:0061  HL:7FE9  AF:9F56  SP:7FF1  PC:010A   
010B  23        INX H       (3)  BC:0008  DE:0061  HL:7FE9  AF:9F86  SP:7FF1  PC:010B   
010C  0D        DCR C       (3)  BC:0008  DE:0061  HL:7FEA  AF:9F86  SP:7FF1  PC:010C   
010D  C2 09 01  JNZ 0109    (3)  BC:0007  DE:0061  HL:7FEA  AF:9F12  SP:7FF1  PC:010D   
0109  46        MOV B,M     (3)  BC:0007  DE:0061  HL:7FEA  AF:9F12  SP:7FF1  PC:0109   
010A  A8        XRA B       (3)  BC:0007  DE:0061  HL:7FEA  AF:9F12  SP:7FF1  PC:010A   
010B  23        INX H       (3)  BC:0007  DE:0061  HL:7FEA  AF:9F86  SP:7FF1  PC:010B   
010C  0D        DCR C       (3)  BC:0007  DE:0061  HL:7FEB  AF:9F86  SP:7FF1  PC:010C   
010D  C2 09 01  JNZ 0109    (3)  BC:0006  DE:0061  HL:7FEB  AF:9F16  SP:7FF1  PC:010D   
0109  46        MOV B,M     (3)  BC:0006  DE:0061  HL:7FEB  AF:9F16  SP:7FF1  PC:0109   
010A  A8        XRA B       (3)  BC:0006  DE:0061  HL:7FEB  AF:9F16  SP:7FF1  PC:010A   
010B  23        INX H       (3)  BC:0006  DE:0061  HL:7FEB  AF:9F86  SP:7FF1  PC:010B   
010C  0D        DCR C       (3)  BC:0006  DE:0061  HL:7FEC  AF:9F86  SP:7FF1  PC:010C   
010D  C2 09 01  JNZ 0109    (3)  BC:0005  DE:0061  HL:7FEC  AF:9F16  SP:7FF1  PC:010D   
0109  46        MOV B,M     (3)  BC:0005  DE:0061  HL:7FEC  AF:9F16  SP:7FF1  PC:0109   
010A  A8        XRA B       (3)  BC:0005  DE:0061  HL:7FEC  AF:9F16  SP:7FF1  PC:010A   
010B  23        INX H       (3)  BC:0005  DE:0061  HL:7FEC  AF:9F86  SP:7FF1  PC:010B   
010C  0D        DCR C       (3)  BC:0005  DE:0061  HL:7FED  AF:9F86  SP:7FF1  PC:010C   
010D  C2 09 01  JNZ 0109    (3)  BC:0004  DE:0061  HL:7FED  AF:9F12  SP:7FF1  PC:010D   
0109  46        MOV B,M     (3)  BC:0004  DE:0061  HL:7FED  AF:9F12  SP:7FF1  PC:0109   
010A  A8        XRA B       (3)  BC:8204  DE:0061  HL:7FED  AF:9F12  SP:7FF1  PC:010A   
010B  23        INX H       (3)  BC:8204  DE:0061  HL:7FED  AF:1D06  SP:7FF1  PC:010B   
010C  0D        DCR C       (3)  BC:8204  DE:0061  HL:7FEE  AF:1D06  SP:7FF1  PC:010C   
010D  C2 09 01  JNZ 0109    (3)  BC:8203  DE:0061  HL:7FEE  AF:1D16  SP:7FF1  PC:010D   
0109  46        MOV B,M     (3)  BC:8203  DE:0061  HL:7FEE  AF:1D16  SP:7FF1  PC:0109   
010A  A8        XRA B       (3)  BC:9D03  DE:0061  HL:7FEE  AF:1D16  SP:7FF1  PC:010A   
010B  23        INX H       (3)  BC:9D03  DE:0061  HL:7FEE  AF:8082  SP:7FF1  PC:010B   
010C  0D        DCR C       (3)  BC:9D03  DE:0061  HL:7FEF  AF:8082  SP:7FF1  PC:010C   
010D  C2 09 01  JNZ 0109    (3)  BC:9D02  DE:0061  HL:7FEF  AF:8012  SP:7FF1  PC:010D   
0109  46        MOV B,M     (3)  BC:9D02  DE:0061  HL:7FEF  AF:8012  SP:7FF1  PC:0109   
010A  A8        XRA B       (3)  BC:4C02  DE:0061  HL:7FEF  AF:8012  SP:7FF1  PC:010A   
010B  23        INX H       (3)  BC:4C02  DE:0061  HL:7FEF  AF:CC86  SP:7FF1  PC:010B   
010C  0D        DCR C       (3)  BC:4C02  DE:0061  HL:7FF0  AF:CC86  SP:7FF1  PC:010C   
010D  C2 09 01  JNZ 0109    (3)  BC:4C01  DE:0061  HL:7FF0  AF:CC12  SP:7FF1  PC:010D   
0109  46        MOV B,M     (3)  BC:4C01  DE:0061  HL:7FF0  AF:CC12  SP:7FF1  PC:0109   
010A  A8        XRA B       (3)  BC:0101  DE:0061  HL:7FF0  AF:CC12  SP:7FF1  PC:010A   
010B  23        INX H       (3)  BC:0101  DE:0061  HL:7FF0  AF:CD82  SP:7FF1  PC:010B   
010C  0D        DCR C       (3)  BC:0101  DE:0061  HL:7FF1  AF:CD82  SP:7FF1  PC:010C   
010D  C2 09 01  JNZ 0109    (3)  BC:0100  DE:0061  HL:7FF1  AF:CD56  SP:7FF1  PC:010D   
0110  12        STAX D      (3)  BC:0100  DE:0061  HL:7FF1  AF:CD56  SP:7FF1  PC:0110   
0111  C1        POP B       (3)  BC:0100  DE:0061  HL:7FF1  AF:CD56  SP:7FF1  PC:0111   
0112  D1        POP D       (3)  BC:0002  DE:0061  HL:7FF1  AF:CD56  SP:7FF3  PC:0112   
0113  E1        POP H       (3)  BC:0002  DE:0000  HL:7FF1  AF:CD56  SP:7FF5  PC:0113   
0114  F1        POP PSW     (3)  BC:0002  DE:0000  HL:0000  AF:CD56  SP:7FF7  PC:0114   
0115  C9        RET         (3)  BC:0002  DE:0000  HL:0000  AF:9D82  SP:7FF9  PC:0115   
00E1  CD 3A 01  CALL 013A   (2)  BC:0002  DE:0000  HL:0000  AF:9D82  SP:7FFB  PC:00E1   
013A  C5        PUSH B      (3)  BC:0002  DE:0000  HL:0000  AF:9D82  SP:7FF9  PC:013A   
013B  D5        PUSH D      (3)  BC:0002  DE:0000  HL:0000  AF:9D82  SP:7FF7  PC:013B   
013C  E5        PUSH H      (3)  BC:0002  DE:0000  HL:0000  AF:9D82  SP:7FF5  PC:013C   
013D  F5        PUSH PSW    (3)  BC:0002  DE:0000  HL:0000  AF:9D82  SP:7FF3  PC:013D   
013E  F5        PUSH PSW    (3)  BC:0002  DE:0000  HL:0000  AF:9D82  SP:7FF1  PC:013E   
013F  CD 51 01  CALL 0151   (3)  BC:0002  DE:0000  HL:0000  AF:9D82  SP:7FEF  PC:013F   
0151  0F        RRC         (4)  BC:0002  DE:0000  HL:0000  AF:9D82  SP:7FED  PC:0151   
0152  0F        RRC         (4)  BC:0002  DE:0000  HL:0000  AF:CE83  SP:7FED  PC:0152   
0153  0F        RRC         (4)  BC:0002  DE:0000  HL:0000  AF:6782  SP:7FED  PC:0153   
0154  0F        RRC         (4)  BC:0002  DE:0000  HL:0000  AF:B383  SP:7FED  PC:0154   
0155  E6 0F     ANI 0F      (4)  BC:0002  DE:0000  HL:0000  AF:D983  SP:7FED  PC:0155   
0157  FE 0A     CPI 0A      (4)  BC:0002  DE:0000  HL:0000  AF:0916  SP:7FED  PC:0157   
0159  FA 5E 01  JM 015E     (4)  BC:0002  DE:0000  HL:0000  AF:0987  SP:7FED  PC:0159   
015E  C6 30     ADI 30      (4)  BC:0002  DE:0000  HL:0000  AF:0987  SP:7FED  PC:015E   
0160  C9        RET         (4)  BC:0002  DE:0000  HL:0000  AF:3906  SP:7FED  PC:0160   
0142  CD 2D 01  CALL 012D   (3)  BC:0002  DE:0000  HL:0000  AF:3906  SP:7FEF  PC:0142   
012D  C5        PUSH B      (4)  BC:0002  DE:0000  HL:0000  AF:3906  SP:7FED  PC:012D   
012E  D5        PUSH D      (4)  BC:0002  DE:0000  HL:0000  AF:3906  SP:7FEB  PC:012E   
012F  E5        PUSH H      (4)  BC:0002  DE:0000  HL:0000  AF:3906  SP:7FE9  PC:012F   
0130  F5        PUSH PSW    (4)  BC:0002  DE:0000  HL:0000  AF:3906  SP:7FE7  PC:0130   
0131  4F        MOV C,A     (4)  BC:0002  DE:0000  HL:0000  AF:3906  SP:7FE5  PC:0131   
0132  CD 37 C0  CALL C037   (4)  BC:0039  DE:0000  HL:0000  AF:3906  SP:7FE5  PC:0132   
0135  F1        POP PSW     (4)  BC:0039  DE:0000  HL:0000  AF:3906  SP:7FE5  PC:0135   
0136  E1        POP H       (4)  BC:0039  DE:0000  HL:0000  AF:3906  SP:7FE7  PC:0136   
0137  D1        POP D       (4)  BC:0039  DE:0000  HL:0000  AF:3906  SP:7FE9  PC:0137   
0138  C1        POP B       (4)  BC:0039  DE:0000  HL:0000  AF:3906  SP:7FEB  PC:0138   
0139  C9        RET         (4)  BC:0002  DE:0000  HL:0000  AF:3906  SP:7FED  PC:0139   
0145  F1        POP PSW     (3)  BC:0002  DE:0000  HL:0000  AF:3906  SP:7FEF  PC:0145   
0146  CD 55 01  CALL 0155   (3)  BC:0002  DE:0000  HL:0000  AF:9D82  SP:7FF1  PC:0146   
0155  E6 0F     ANI 0F      (4)  BC:0002  DE:0000  HL:0000  AF:9D82  SP:7FEF  PC:0155   
0157  FE 0A     CPI 0A      (4)  BC:0002  DE:0000  HL:0000  AF:0D12  SP:7FEF  PC:0157   
0159  FA 5E 01  JM 015E     (4)  BC:0002  DE:0000  HL:0000  AF:0D16  SP:7FEF  PC:0159   
015C  C6 07     ADI 07      (4)  BC:0002  DE:0000  HL:0000  AF:0D16  SP:7FEF  PC:015C   
015E  C6 30     ADI 30      (4)  BC:0002  DE:0000  HL:0000  AF:1416  SP:7FEF  PC:015E   
0160  C9        RET         (4)  BC:0002  DE:0000  HL:0000  AF:4406  SP:7FEF  PC:0160   
0149  CD 2D 01  CALL 012D   (3)  BC:0002  DE:0000  HL:0000  AF:4406  SP:7FF1  PC:0149   
012D  C5        PUSH B      (4)  BC:0002  DE:0000  HL:0000  AF:4406  SP:7FEF  PC:012D   
012E  D5        PUSH D      (4)  BC:0002  DE:0000  HL:0000  AF:4406  SP:7FED  PC:012E   
012F  E5        PUSH H      (4)  BC:0002  DE:0000  HL:0000  AF:4406  SP:7FEB  PC:012F   
0130  F5        PUSH PSW    (4)  BC:0002  DE:0000  HL:0000  AF:4406  SP:7FE9  PC:0130   
0131  4F        MOV C,A     (4)  BC:0002  DE:0000  HL:0000  AF:4406  SP:7FE7  PC:0131   
0132  CD 37 C0  CALL C037   (4)  BC:0044  DE:0000  HL:0000  AF:4406  SP:7FE7  PC:0132   
0135  F1        POP PSW     (4)  BC:0044  DE:0000  HL:0000  AF:4406  SP:7FE7  PC:0135   
0136  E1        POP H       (4)  BC:0044  DE:0000  HL:0000  AF:4406  SP:7FE9  PC:0136   
0137  D1        POP D       (4)  BC:0044  DE:0000  HL:0000  AF:4406  SP:7FEB  PC:0137   
0138  C1        POP B       (4)  BC:0044  DE:0000  HL:0000  AF:4406  SP:7FED  PC:0138   
0139  C9        RET         (4)  BC:0002  DE:0000  HL:0000  AF:4406  SP:7FEF  PC:0139   
014C  F1        POP PSW     (3)  BC:0002  DE:0000  HL:0000  AF:4406  SP:7FF1  PC:014C   
014D  E1        POP H       (3)  BC:0002  DE:0000  HL:0000  AF:9D82  SP:7FF3  PC:014D   
014E  D1        POP D       (3)  BC:0002  DE:0000  HL:0000  AF:9D82  SP:7FF5  PC:014E   
014F  C1        POP B       (3)  BC:0002  DE:0000  HL:0000  AF:9D82  SP:7FF7  PC:014F   
0150  C9        RET         (3)  BC:0002  DE:0000  HL:0000  AF:9D82  SP:7FF9  PC:0150   
00E4  E6 BE     ANI BE      (2)  BC:0002  DE:0000  HL:0000  AF:9D82  SP:7FFB  PC:00E4   
00E6  CD F4 00  CALL 00F4   (2)  BC:0002  DE:0000  HL:0000  AF:9C96  SP:7FFB  PC:00E6   
00F4  C5        PUSH B      (3)  BC:0002  DE:0000  HL:0000  AF:9C96  SP:7FF9  PC:00F4   
00F5  D5        PUSH D      (3)  BC:0002  DE:0000  HL:0000  AF:9C96  SP:7FF7  PC:00F5   
00F6  E5        PUSH H      (3)  BC:0002  DE:0000  HL:0000  AF:9C96  SP:7FF5  PC:00F6   
00F7  F5        PUSH PSW    (3)  BC:0002  DE:0000  HL:0000  AF:9C96  SP:7FF3  PC:00F7   
00F8  21 00 00  LXI H,0000  (3)  BC:0002  DE:0000  HL:0000  AF:9C96  SP:7FF1  PC:00F8   
00FB  39        DAD SP      (3)  BC:0002  DE:0000  HL:0000  AF:9C96  SP:7FF1  PC:00FB   
00FC  0E 08     MVI C,08    (3)  BC:0002  DE:0000  HL:7FF1  AF:9C96  SP:7FF1  PC:00FC   
00FE  2B        DCX H       (3)  BC:0008  DE:0000  HL:7FF1  AF:9C96  SP:7FF1  PC:00FE   
00FF  0D        DCR C       (3)  BC:0008  DE:0000  HL:7FF0  AF:9C96  SP:7FF1  PC:00FF   
0100  C2 FE 00  JNZ 00FE    (3)  BC:0007  DE:0000  HL:7FF0  AF:9C12  SP:7FF1  PC:0100   
00FE  2B        DCX H       (3)  BC:0007  DE:0000  HL:7FF0  AF:9C12  SP:7FF1  PC:00FE   
00FF  0D        DCR C       (3)  BC:0007  DE:0000  HL:7FEF  AF:9C12  SP:7FF1  PC:00FF   
0100  C2 FE 00  JNZ 00FE    (3)  BC:0006  DE:0000  HL:7FEF  AF:9C16  SP:7FF1  PC:0100   
00FE  2B        DCX H       (3)  BC:0006  DE:0000  HL:7FEF  AF:9C16  SP:7FF1  PC:00FE   
00FF  0D        DCR C       (3)  BC:0006  DE:0000  HL:7FEE  AF:9C16  SP:7FF1  PC:00FF   
0100  C2 FE 00  JNZ 00FE    (3)  BC:0005  DE:0000  HL:7FEE  AF:9C16  SP:7FF1  PC:0100   
00FE  2B        DCX H       (3)  BC:0005  DE:0000  HL:7FEE  AF:9C16  SP:7FF1  PC:00FE   
00FF  0D        DCR C       (3)  BC:0005  DE:0000  HL:7FED  AF:9C16  SP:7FF1  PC:00FF   
0100  C2 FE 00  JNZ 00FE    (3)  BC:0004  DE:0000  HL:7FED  AF:9C12  SP:7FF1  PC:0100   
00FE  2B        DCX H       (3)  BC:0004  DE:0000  HL:7FED  AF:9C12  SP:7FF1  PC:00FE   
00FF  0D        DCR C       (3)  BC:0004  DE:0000  HL:7FEC  AF:9C12  SP:7FF1  PC:00FF   
0100  C2 FE 00  JNZ 00FE    (3)  BC:0003  DE:0000  HL:7FEC  AF:9C16  SP:7FF1  PC:0100   
00FE  2B        DCX H       (3)  BC:0003  DE:0000  HL:7FEC  AF:9C16  SP:7FF1  PC:00FE   
00FF  0D        DCR C       (3)  BC:0003  DE:0000  HL:7FEB  AF:9C16  SP:7FF1  PC:00FF   
0100  C2 FE 00  JNZ 00FE    (3)  BC:0002  DE:0000  HL:7FEB  AF:9C12  SP:7FF1  PC:0100   
00FE  2B        DCX H       (3)  BC:0002  DE:0000  HL:7FEB  AF:9C12  SP:7FF1  PC:00FE   
00FF  0D        DCR C       (3)  BC:0002  DE:0000  HL:7FEA  AF:9C12  SP:7FF1  PC:00FF   
0100  C2 FE 00  JNZ 00FE    (3)  BC:0001  DE:0000  HL:7FEA  AF:9C12  SP:7FF1  PC:0100   
00FE  2B        DCX H       (3)  BC:0001  DE:0000  HL:7FEA  AF:9C12  SP:7FF1  PC:00FE   
00FF  0D        DCR C       (3)  BC:0001  DE:0000  HL:7FE9  AF:9C12  SP:7FF1  PC:00FF   
0100  C2 FE 00  JNZ 00FE    (3)  BC:0000  DE:0000  HL:7FE9  AF:9C56  SP:7FF1  PC:0100   
0103  11 61 00  LXI D,0061  (3)  BC:0000  DE:0000  HL:7FE9  AF:9C56  SP:7FF1  PC:0103   
0106  1A        LDAX D      (3)  BC:0000  DE:0061  HL:7FE9  AF:9C56  SP:7FF1  PC:0106   
0107  0E 08     MVI C,08    (3)  BC:0000  DE:0061  HL:7FE9  AF:CD56  SP:7FF1  PC:0107   
0109  46        MOV B,M     (3)  BC:0008  DE:0061  HL:7FE9  AF:CD56  SP:7FF1  PC:0109   
010A  A8        XRA B       (3)  BC:0008  DE:0061  HL:7FE9  AF:CD56  SP:7FF1  PC:010A   
010B  23        INX H       (3)  BC:0008  DE:0061  HL:7FE9  AF:CD82  SP:7FF1  PC:010B   
010C  0D        DCR C       (3)  BC:0008  DE:0061  HL:7FEA  AF:CD82  SP:7FF1  PC:010C   
010D  C2 09 01  JNZ 0109    (3)  BC:0007  DE:0061  HL:7FEA  AF:CD12  SP:7FF1  PC:010D   
0109  46        MOV B,M     (3)  BC:0007  DE:0061  HL:7FEA  AF:CD12  SP:7FF1  PC:0109   
010A  A8        XRA B       (3)  BC:0007  DE:0061  HL:7FEA  AF:CD12  SP:7FF1  PC:010A   
010B  23        INX H       (3)  BC:0007  DE:0061  HL:7FEA  AF:CD82  SP:7FF1  PC:010B   
010C  0D        DCR C       (3)  BC:0007  DE:0061  HL:7FEB  AF:CD82  SP:7FF1  PC:010C   
010D  C2 09 01  JNZ 0109    (3)  BC:0006  DE:0061  HL:7FEB  AF:CD16  SP:7FF1  PC:010D   
0109  46        MOV B,M     (3)  BC:0006  DE:0061  HL:7FEB  AF:CD16  SP:7FF1  PC:0109   
010A  A8        XRA B       (3)  BC:0006  DE:0061  HL:7FEB  AF:CD16  SP:7FF1  PC:010A   
010B  23        INX H       (3)  BC:0006  DE:0061  HL:7FEB  AF:CD82  SP:7FF1  PC:010B   
010C  0D        DCR C       (3)  BC:0006  DE:0061  HL:7FEC  AF:CD82  SP:7FF1  PC:010C   
010D  C2 09 01  JNZ 0109    (3)  BC:0005  DE:0061  HL:7FEC  AF:CD16  SP:7FF1  PC:010D   
0109  46        MOV B,M     (3)  BC:0005  DE:0061  HL:7FEC  AF:CD16  SP:7FF1  PC:0109   
010A  A8        XRA B       (3)  BC:0005  DE:0061  HL:7FEC  AF:CD16  SP:7FF1  PC:010A   
010B  23        INX H       (3)  BC:0005  DE:0061  HL:7FEC  AF:CD82  SP:7FF1  PC:010B   
010C  0D        DCR C       (3)  BC:0005  DE:0061  HL:7FED  AF:CD82  SP:7FF1  PC:010C   
010D  C2 09 01  JNZ 0109    (3)  BC:0004  DE:0061  HL:7FED  AF:CD12  SP:7FF1  PC:010D   
0109  46        MOV B,M     (3)  BC:0004  DE:0061  HL:7FED  AF:CD12  SP:7FF1  PC:0109   
010A  A8        XRA B       (3)  BC:0204  DE:0061  HL:7FED  AF:CD12  SP:7FF1  PC:010A   
010B  23        INX H       (3)  BC:0204  DE:0061  HL:7FED  AF:CF86  SP:7FF1  PC:010B   
010C  0D        DCR C       (3)  BC:0204  DE:0061  HL:7FEE  AF:CF86  SP:7FF1  PC:010C   
010D  C2 09 01  JNZ 0109    (3)  BC:0203  DE:0061  HL:7FEE  AF:CF16  SP:7FF1  PC:010D   
0109  46        MOV B,M     (3)  BC:0203  DE:0061  HL:7FEE  AF:CF16  SP:7FF1  PC:0109   
010A  A8        XRA B       (3)  BC:0003  DE:0061  HL:7FEE  AF:CF16  SP:7FF1  PC:010A   
010B  23        INX H       (3)  BC:0003  DE:0061  HL:7FEE  AF:CF86  SP:7FF1  PC:010B   
010C  0D        DCR C       (3)  BC:0003  DE:0061  HL:7FEF  AF:CF86  SP:7FF1  PC:010C   
010D  C2 09 01  JNZ 0109    (3)  BC:0002  DE:0061  HL:7FEF  AF:CF12  SP:7FF1  PC:010D   
0109  46        MOV B,M     (3)  BC:0002  DE:0061  HL:7FEF  AF:CF12  SP:7FF1  PC:0109   
010A  A8        XRA B       (3)  BC:4C02  DE:0061  HL:7FEF  AF:CF12  SP:7FF1  PC:010A   
010B  23        INX H       (3)  BC:4C02  DE:0061  HL:7FEF  AF:8382  SP:7FF1  PC:010B   
010C  0D        DCR C       (3)  BC:4C02  DE:0061  HL:7FF0  AF:8382  SP:7FF1  PC:010C   
010D  C2 09 01  JNZ 0109    (3)  BC:4C01  DE:0061  HL:7FF0  AF:8312  SP:7FF1  PC:010D   
0109  46        MOV B,M     (3)  BC:4C01  DE:0061  HL:7FF0  AF:8312  SP:7FF1  PC:0109   
010A  A8        XRA B       (3)  BC:0101  DE:0061  HL:7FF0  AF:8312  SP:7FF1  PC:010A   
010B  23        INX H       (3)  BC:0101  DE:0061  HL:7FF0  AF:8286  SP:7FF1  PC:010B   
010C  0D        DCR C       (3)  BC:0101  DE:0061  HL:7FF1  AF:8286  SP:7FF1  PC:010C   
010D  C2 09 01  JNZ 0109    (3)  BC:0100  DE:0061  HL:7FF1  AF:8256  SP:7FF1  PC:010D   
0110  12        STAX D      (3)  BC:0100  DE:0061  HL:7FF1  AF:8256  SP:7FF1  PC:0110   
0111  C1        POP B       (3)  BC:0100  DE:0061  HL:7FF1  AF:8256  SP:7FF1  PC:0111   
0112  D1        POP D       (3)  BC:9C96  DE:0061  HL:7FF1  AF:8256  SP:7FF3  PC:0112   
0113  E1        POP H       (3)  BC:9C96  DE:0000  HL:7FF1  AF:8256  SP:7FF5  PC:0113   
0114  F1        POP PSW     (3)  BC:9C96  DE:0000  HL:0000  AF:8256  SP:7FF7  PC:0114   
0115  C9        RET         (3)  BC:9C96  DE:0000  HL:0000  AF:0002  SP:7FF9  PC:0115   
00E9  CD 3A 01  CALL 013A   (2)  BC:9C96  DE:0000  HL:0000  AF:0002  SP:7FFB  PC:00E9   
013A  C5        PUSH B      (3)  BC:9C96  DE:0000  HL:0000  AF:0002  SP:7FF9  PC:013A   
013B  D5        PUSH D      (3)  BC:9C96  DE:0000  HL:0000  AF:0002  SP:7FF7  PC:013B   
013C  E5        PUSH H      (3)  BC:9C96  DE:0000  HL:0000  AF:0002  SP:7FF5  PC:013C   
013D  F5        PUSH PSW    (3)  BC:9C96  DE:0000  HL:0000  AF:0002  SP:7FF3  PC:013D   
013E  F5        PUSH PSW    (3)  BC:9C96  DE:0000  HL:0000  AF:0002  SP:7FF1  PC:013E   
013F  CD 51 01  CALL 0151   (3)  BC:9C96  DE:0000  HL:0000  AF:0002  SP:7FEF  PC:013F   
0151  0F        RRC         (4)  BC:9C96  DE:0000  HL:0000  AF:0002  SP:7FED  PC:0151   
0152  0F        RRC         (4)  BC:9C96  DE:0000  HL:0000  AF:0002  SP:7FED  PC:0152   
0153  0F        RRC         (4)  BC:9C96  DE:0000  HL:0000  AF:0002  SP:7FED  PC:0153   
0154  0F        RRC         (4)  BC:9C96  DE:0000  HL:0000  AF:0002  SP:7FED  PC:0154   
0155  E6 0F     ANI 0F      (4)  BC:9C96  DE:0000  HL:0000  AF:0002  SP:7FED  PC:0155   
0157  FE 0A     CPI 0A      (4)  BC:9C96  DE:0000  HL:0000  AF:0056  SP:7FED  PC:0157   
0159  FA 5E 01  JM 015E     (4)  BC:9C96  DE:0000  HL:0000  AF:0087  SP:7FED  PC:0159   
015E  C6 30     ADI 30      (4)  BC:9C96  DE:0000  HL:0000  AF:0087  SP:7FED  PC:015E   
0160  C9        RET         (4)  BC:9C96  DE:0000  HL:0000  AF:3006  SP:7FED  PC:0160   
0142  CD 2D 01  CALL 012D   (3)  BC:9C96  DE:0000  HL:0000  AF:3006  SP:7FEF  PC:0142   
012D  C5        PUSH B      (4)  BC:9C96  DE:0000  HL:0000  AF:3006  SP:7FED  PC:012D   
012E  D5        PUSH D      (4)  BC:9C96  DE:0000  HL:0000  AF:3006  SP:7FEB  PC:012E   
012F  E5        PUSH H      (4)  BC:9C96  DE:0000  HL:0000  AF:3006  SP:7FE9  PC:012F   
0130  F5        PUSH PSW    (4)  BC:9C96  DE:0000  HL:0000  AF:3006  SP:7FE7  PC:0130   
0131  4F        MOV C,A     (4)  BC:9C96  DE:0000  HL:0000  AF:3006  SP:7FE5  PC:0131   
0132  CD 37 C0  CALL C037   (4)  BC:9C30  DE:0000  HL:0000  AF:3006  SP:7FE5  PC:0132   
0135  F1        POP PSW     (4)  BC:9C30  DE:0000  HL:0000  AF:3006  SP:7FE5  PC:0135   
0136  E1        POP H       (4)  BC:9C30  DE:0000  HL:0000  AF:3006  SP:7FE7  PC:0136   
0137  D1        POP D       (4)  BC:9C30  DE:0000  HL:0000  AF:3006  SP:7FE9  PC:0137   
0138  C1        POP B       (4)  BC:9C30  DE:0000  HL:0000  AF:3006  SP:7FEB  PC:0138   
0139  C9        RET         (4)  BC:9C96  DE:0000  HL:0000  AF:3006  SP:7FED  PC:0139   
0145  F1        POP PSW     (3)  BC:9C96  DE:0000  HL:0000  AF:3006  SP:7FEF  PC:0145   
0146  CD 55 01  CALL 0155   (3)  BC:9C96  DE:0000  HL:0000  AF:0002  SP:7FF1  PC:0146   
0155  E6 0F     ANI 0F      (4)  BC:9C96  DE:0000  HL:0000  AF:0002  SP:7FEF  PC:0155   
0157  FE 0A     CPI 0A      (4)  BC:9C96  DE:0000  HL:0000  AF:0056  SP:7FEF  PC:0157   
0159  FA 5E 01  JM 015E     (4)  BC:9C96  DE:0000  HL:0000  AF:0087  SP:7FEF  PC:0159   
015E  C6 30     ADI 30      (4)  BC:9C96  DE:0000  HL:0000  AF:0087  SP:7FEF  PC:015E   
0160  C9        RET         (4)  BC:9C96  DE:0000  HL:0000  AF:3006  SP:7FEF  PC:0160   
0149  CD 2D 01  CALL 012D   (3)  BC:9C96  DE:0000  HL:0000  AF:3006  SP:7FF1  PC:0149   
012D  C5        PUSH B      (4)  BC:9C96  DE:0000  HL:0000  AF:3006  SP:7FEF  PC:012D   
012E  D5        PUSH D      (4)  BC:9C96  DE:0000  HL:0000  AF:3006  SP:7FED  PC:012E   
012F  E5        PUSH H      (4)  BC:9C96  DE:0000  HL:0000  AF:3006  SP:7FEB  PC:012F   
0130  F5        PUSH PSW    (4)  BC:9C96  DE:0000  HL:0000  AF:3006  SP:7FE9  PC:0130   
0131  4F        MOV C,A     (4)  BC:9C96  DE:0000  HL:0000  AF:3006  SP:7FE7  PC:0131   
0132  CD 37 C0  CALL C037   (4)  BC:9C30  DE:0000  HL:0000  AF:3006  SP:7FE7  PC:0132   
0135  F1        POP PSW     (4)  BC:9C30  DE:0000  HL:0000  AF:3006  SP:7FE7  PC:0135   
0136  E1        POP H       (4)  BC:9C30  DE:0000  HL:0000  AF:3006  SP:7FE9  PC:0136   
0137  D1        POP D       (4)  BC:9C30  DE:0000  HL:0000  AF:3006  SP:7FEB  PC:0137   
0138  C1        POP B       (4)  BC:9C30  DE:0000  HL:0000  AF:3006  SP:7FED  PC:0138   
0139  C9        RET         (4)  BC:9C96  DE:0000  HL:0000  AF:3006  SP:7FEF  PC:0139   
014C  F1        POP PSW     (3)  BC:9C96  DE:0000  HL:0000  AF:3006  SP:7FF1  PC:014C   
014D  E1        POP H       (3)  BC:9C96  DE:0000  HL:0000  AF:0002  SP:7FF3  PC:014D   
014E  D1        POP D       (3)  BC:9C96  DE:0000  HL:0000  AF:0002  SP:7FF5  PC:014E   
014F  C1        POP B       (3)  BC:9C96  DE:0000  HL:0000  AF:0002  SP:7FF7  PC:014F   
0150  C9        RET         (3)  BC:9C96  DE:0000  HL:0000  AF:0002  SP:7FF9  PC:0150   
00EC  17        RAL         (2)  BC:9C96  DE:0000  HL:0000  AF:0002  SP:7FFB  PC:00EC   
00ED  CD F4 00  CALL 00F4   (2)  BC:9C96  DE:0000  HL:0000  AF:0002  SP:7FFB  PC:00ED   
00F4  C5        PUSH B      (3)  BC:9C96  DE:0000  HL:0000  AF:0002  SP:7FF9  PC:00F4   
00F5  D5        PUSH D      (3)  BC:9C96  DE:0000  HL:0000  AF:0002  SP:7FF7  PC:00F5   
00F6  E5        PUSH H      (3)  BC:9C96  DE:0000  HL:0000  AF:0002  SP:7FF5  PC:00F6   
00F7  F5        PUSH PSW    (3)  BC:9C96  DE:0000  HL:0000  AF:0002  SP:7FF3  PC:00F7   
00F8  21 00 00  LXI H,0000  (3)  BC:9C96  DE:0000  HL:0000  AF:0002  SP:7FF1  PC:00F8   
00FB  39        DAD SP      (3)  BC:9C96  DE:0000  HL:0000  AF:0002  SP:7FF1  PC:00FB   
00FC  0E 08     MVI C,08    (3)  BC:9C96  DE:0000  HL:7FF1  AF:0002  SP:7FF1  PC:00FC   
00FE  2B        DCX H       (3)  BC:9C08  DE:0000  HL:7FF1  AF:0002  SP:7FF1  PC:00FE   
00FF  0D        DCR C       (3)  BC:9C08  DE:0000  HL:7FF0  AF:0002  SP:7FF1  PC:00FF   
0100  C2 FE 00  JNZ 00FE    (3)  BC:9C07  DE:0000  HL:7FF0  AF:0012  SP:7FF1  PC:0100   
00FE  2B        DCX H       (3)  BC:9C07  DE:0000  HL:7FF0  AF:0012  SP:7FF1  PC:00FE   
00FF  0D        DCR C       (3)  BC:9C07  DE:0000  HL:7FEF  AF:0012  SP:7FF1  PC:00FF   
0100  C2 FE 00  JNZ 00FE    (3)  BC:9C06  DE:0000  HL:7FEF  AF:0016  SP:7FF1  PC:0100   
00FE  2B        DCX H       (3)  BC:9C06  DE:0000  HL:7FEF  AF:0016  SP:7FF1  PC:00FE   
00FF  0D        DCR C       (3)  BC:9C06  DE:0000  HL:7FEE  AF:0016  SP:7FF1  PC:00FF   
0100  C2 FE 00  JNZ 00FE    (3)  BC:9C05  DE:0000  HL:7FEE  AF:0016  SP:7FF1  PC:0100   
00FE  2B        DCX H       (3)  BC:9C05  DE:0000  HL:7FEE  AF:0016  SP:7FF1  PC:00FE   
00FF  0D        DCR C       (3)  BC:9C05  DE:0000  HL:7FED  AF:0016  SP:7FF1  PC:00FF   
0100  C2 FE 00  JNZ 00FE    (3)  BC:9C04  DE:0000  HL:7FED  AF:0012  SP:7FF1  PC:0100   
00FE  2B        DCX H       (3)  BC:9C04  DE:0000  HL:7FED  AF:0012  SP:7FF1  PC:00FE   
00FF  0D        DCR C       (3)  BC:9C04  DE:0000  HL:7FEC  AF:0012  SP:7FF1  PC:00FF   
0100  C2 FE 00  JNZ 00FE    (3)  BC:9C03  DE:0000  HL:7FEC  AF:0016  SP:7FF1  PC:0100   
00FE  2B        DCX H       (3)  BC:9C03  DE:0000  HL:7FEC  AF:0016  SP:7FF1  PC:00FE   
00FF  0D        DCR C       (3)  BC:9C03  DE:0000  HL:7FEB  AF:0016  SP:7FF1  PC:00FF   
0100  C2 FE 00  JNZ 00FE    (3)  BC:9C02  DE:0000  HL:7FEB  AF:0012  SP:7FF1  PC:0100   
00FE  2B        DCX H       (3)  BC:9C02  DE:0000  HL:7FEB  AF:0012  SP:7FF1  PC:00FE   
00FF  0D        DCR C       (3)  BC:9C02  DE:0000  HL:7FEA  AF:0012  SP:7FF1  PC:00FF   
0100  C2 FE 00  JNZ 00FE    (3)  BC:9C01  DE:0000  HL:7FEA  AF:0012  SP:7FF1  PC:0100   
00FE  2B        DCX H       (3)  BC:9C01  DE:0000  HL:7FEA  AF:0012  SP:7FF1  PC:00FE   
00FF  0D        DCR C       (3)  BC:9C01  DE:0000  HL:7FE9  AF:0012  SP:7FF1  PC:00FF   
0100  C2 FE 00  JNZ 00FE    (3)  BC:9C00  DE:0000  HL:7FE9  AF:0056  SP:7FF1  PC:0100   
0103  11 61 00  LXI D,0061  (3)  BC:9C00  DE:0000  HL:7FE9  AF:0056  SP:7FF1  PC:0103   
0106  1A        LDAX D      (3)  BC:9C00  DE:0061  HL:7FE9  AF:0056  SP:7FF1  PC:0106   
0107  0E 08     MVI C,08    (3)  BC:9C00  DE:0061  HL:7FE9  AF:8256  SP:7FF1  PC:0107   
0109  46        MOV B,M     (3)  BC:9C08  DE:0061  HL:7FE9  AF:8256  SP:7FF1  PC:0109   
010A  A8        XRA B       (3)  BC:0008  DE:0061  HL:7FE9  AF:8256  SP:7FF1  PC:010A   
010B  23        INX H       (3)  BC:0008  DE:0061  HL:7FE9  AF:8286  SP:7FF1  PC:010B   
010C  0D        DCR C       (3)  BC:0008  DE:0061  HL:7FEA  AF:8286  SP:7FF1  PC:010C   
010D  C2 09 01  JNZ 0109    (3)  BC:0007  DE:0061  HL:7FEA  AF:8212  SP:7FF1  PC:010D   
0109  46        MOV B,M     (3)  BC:0007  DE:0061  HL:7FEA  AF:8212  SP:7FF1  PC:0109   
010A  A8        XRA B       (3)  BC:0007  DE:0061  HL:7FEA  AF:8212  SP:7FF1  PC:010A   
010B  23        INX H       (3)  BC:0007  DE:0061  HL:7FEA  AF:8286  SP:7FF1  PC:010B   
010C  0D        DCR C       (3)  BC:0007  DE:0061  HL:7FEB  AF:8286  SP:7FF1  PC:010C   
010D  C2 09 01  JNZ 0109    (3)  BC:0006  DE:0061  HL:7FEB  AF:8216  SP:7FF1  PC:010D   
0109  46        MOV B,M     (3)  BC:0006  DE:0061  HL:7FEB  AF:8216  SP:7FF1  PC:0109   
010A  A8        XRA B       (3)  BC:0006  DE:0061  HL:7FEB  AF:8216  SP:7FF1  PC:010A   
010B  23        INX H       (3)  BC:0006  DE:0061  HL:7FEB  AF:8286  SP:7FF1  PC:010B   
010C  0D        DCR C       (3)  BC:0006  DE:0061  HL:7FEC  AF:8286  SP:7FF1  PC:010C   
010D  C2 09 01  JNZ 0109    (3)  BC:0005  DE:0061  HL:7FEC  AF:8216  SP:7FF1  PC:010D   
0109  46        MOV B,M     (3)  BC:0005  DE:0061  HL:7FEC  AF:8216  SP:7FF1  PC:0109   
010A  A8        XRA B       (3)  BC:0005  DE:0061  HL:7FEC  AF:8216  SP:7FF1  PC:010A   
010B  23        INX H       (3)  BC:0005  DE:0061  HL:7FEC  AF:8286  SP:7FF1  PC:010B   
010C  0D        DCR C       (3)  BC:0005  DE:0061  HL:7FED  AF:8286  SP:7FF1  PC:010C   
010D  C2 09 01  JNZ 0109    (3)  BC:0004  DE:0061  HL:7FED  AF:8212  SP:7FF1  PC:010D   
0109  46        MOV B,M     (3)  BC:0004  DE:0061  HL:7FED  AF:8212  SP:7FF1  PC:0109   
010A  A8        XRA B       (3)  BC:9604  DE:0061  HL:7FED  AF:8212  SP:7FF1  PC:010A   
010B  23        INX H       (3)  BC:9604  DE:0061  HL:7FED  AF:1406  SP:7FF1  PC:010B   
010C  0D        DCR C       (3)  BC:9604  DE:0061  HL:7FEE  AF:1406  SP:7FF1  PC:010C   
010D  C2 09 01  JNZ 0109    (3)  BC:9603  DE:0061  HL:7FEE  AF:1416  SP:7FF1  PC:010D   
0109  46        MOV B,M     (3)  BC:9603  DE:0061  HL:7FEE  AF:1416  SP:7FF1  PC:0109   
010A  A8        XRA B       (3)  BC:9C03  DE:0061  HL:7FEE  AF:1416  SP:7FF1  PC:010A   
010B  23        INX H       (3)  BC:9C03  DE:0061  HL:7FEE  AF:8886  SP:7FF1  PC:010B   
010C  0D        DCR C       (3)  BC:9C03  DE:0061  HL:7FEF  AF:8886  SP:7FF1  PC:010C   
010D  C2 09 01  JNZ 0109    (3)  BC:9C02  DE:0061  HL:7FEF  AF:8812  SP:7FF1  PC:010D   
0109  46        MOV B,M     (3)  BC:9C02  DE:0061  HL:7FEF  AF:8812  SP:7FF1  PC:0109   
010A  A8        XRA B       (3)  BC:4C02  DE:0061  HL:7FEF  AF:8812  SP:7FF1  PC:010A   
010B  23        INX H       (3)  BC:4C02  DE:0061  HL:7FEF  AF:C482  SP:7FF1  PC:010B   
010C  0D        DCR C       (3)  BC:4C02  DE:0061  HL:7FF0  AF:C482  SP:7FF1  PC:010C   
010D  C2 09 01  JNZ 0109    (3)  BC:4C01  DE:0061  HL:7FF0  AF:C412  SP:7FF1  PC:010D   
0109  46        MOV B,M     (3)  BC:4C01  DE:0061  HL:7FF0  AF:C412  SP:7FF1  PC:0109   
010A  A8        XRA B       (3)  BC:0101  DE:0061  HL:7FF0  AF:C412  SP:7FF1  PC:010A   
010B  23        INX H       (3)  BC:0101  DE:0061  HL:7FF0  AF:C586  SP:7FF1  PC:010B   
010C  0D        DCR C       (3)  BC:0101  DE:0061  HL:7FF1  AF:C586  SP:7FF1  PC:010C   
010D  C2 09 01  JNZ 0109    (3)  BC:0100  DE:0061  HL:7FF1  AF:C556  SP:7FF1  PC:010D   
0110  12        STAX D      (3)  BC:0100  DE:0061  HL:7FF1  AF:C556  SP:7FF1  PC:0110   
0111  C1        POP B       (3)  BC:0100  DE:0061  HL:7FF1  AF:C556  SP:7FF1  PC:0111   
0112  D1        POP D       (3)  BC:0002  DE:0061  HL:7FF1  AF:C556  SP:7FF3  PC:0112   
0113  E1        POP H       (3)  BC:0002  DE:0000  HL:7FF1  AF:C556  SP:7FF5  PC:0113   
0114  F1        POP PSW     (3)  BC:0002  DE:0000  HL:0000  AF:C556  SP:7FF7  PC:0114   
0115  C9        RET         (3)  BC:0002  DE:0000  HL:0000  AF:9C96  SP:7FF9  PC:0115   
00F0  CD 3A 01  CALL 013A   (2)  BC:0002  DE:0000  HL:0000  AF:9C96  SP:7FFB  PC:00F0   
013A  C5        PUSH B      (3)  BC:0002  DE:0000  HL:0000  AF:9C96  SP:7FF9  PC:013A   
013B  D5        PUSH D      (3)  BC:0002  DE:0000  HL:0000  AF:9C96  SP:7FF7  PC:013B   
013C  E5        PUSH H      (3)  BC:0002  DE:0000  HL:0000  AF:9C96  SP:7FF5  PC:013C   
013D  F5        PUSH PSW    (3)  BC:0002  DE:0000  HL:0000  AF:9C96  SP:7FF3  PC:013D   
013E  F5        PUSH PSW    (3)  BC:0002  DE:0000  HL:0000  AF:9C96  SP:7FF1  PC:013E   
013F  CD 51 01  CALL 0151   (3)  BC:0002  DE:0000  HL:0000  AF:9C96  SP:7FEF  PC:013F   
0151  0F        RRC         (4)  BC:0002  DE:0000  HL:0000  AF:9C96  SP:7FED  PC:0151   
0152  0F        RRC         (4)  BC:0002  DE:0000  HL:0000  AF:4E96  SP:7FED  PC:0152   
0153  0F        RRC         (4)  BC:0002  DE:0000  HL:0000  AF:2796  SP:7FED  PC:0153   
0154  0F        RRC         (4)  BC:0002  DE:0000  HL:0000  AF:9397  SP:7FED  PC:0154   
0155  E6 0F     ANI 0F      (4)  BC:0002  DE:0000  HL:0000  AF:C997  SP:7FED  PC:0155   
0157  FE 0A     CPI 0A      (4)  BC:0002  DE:0000  HL:0000  AF:0916  SP:7FED  PC:0157   
0159  FA 5E 01  JM 015E     (4)  BC:0002  DE:0000  HL:0000  AF:0987  SP:7FED  PC:0159   
015E  C6 30     ADI 30      (4)  BC:0002  DE:0000  HL:0000  AF:0987  SP:7FED  PC:015E   
0160  C9        RET         (4)  BC:0002  DE:0000  HL:0000  AF:3906  SP:7FED  PC:0160   
0142  CD 2D 01  CALL 012D   (3)  BC:0002  DE:0000  HL:0000  AF:3906  SP:7FEF  PC:0142   
012D  C5        PUSH B      (4)  BC:0002  DE:0000  HL:0000  AF:3906  SP:7FED  PC:012D   
012E  D5        PUSH D      (4)  BC:0002  DE:0000  HL:0000  AF:3906  SP:7FEB  PC:012E   
012F  E5        PUSH H      (4)  BC:0002  DE:0000  HL:0000  AF:3906  SP:7FE9  PC:012F   
0130  F5        PUSH PSW    (4)  BC:0002  DE:0000  HL:0000  AF:3906  SP:7FE7  PC:0130   
0131  4F        MOV C,A     (4)  BC:0002  DE:0000  HL:0000  AF:3906  SP:7FE5  PC:0131   
0132  CD 37 C0  CALL C037   (4)  BC:0039  DE:0000  HL:0000  AF:3906  SP:7FE5  PC:0132   
0135  F1        POP PSW     (4)  BC:0039  DE:0000  HL:0000  AF:3906  SP:7FE5  PC:0135   
0136  E1        POP H       (4)  BC:0039  DE:0000  HL:0000  AF:3906  SP:7FE7  PC:0136   
0137  D1        POP D       (4)  BC:0039  DE:0000  HL:0000  AF:3906  SP:7FE9  PC:0137   
0138  C1        POP B       (4)  BC:0039  DE:0000  HL:0000  AF:3906  SP:7FEB  PC:0138   
0139  C9        RET         (4)  BC:0002  DE:0000  HL:0000  AF:3906  SP:7FED  PC:0139   
0145  F1        POP PSW     (3)  BC:0002  DE:0000  HL:0000  AF:3906  SP:7FEF  PC:0145   
0146  CD 55 01  CALL 0155   (3)  BC:0002  DE:0000  HL:0000  AF:9C96  SP:7FF1  PC:0146   
0155  E6 0F     ANI 0F      (4)  BC:0002  DE:0000  HL:0000  AF:9C96  SP:7FEF  PC:0155   
0157  FE 0A     CPI 0A      (4)  BC:0002  DE:0000  HL:0000  AF:0C16  SP:7FEF  PC:0157   
0159  FA 5E 01  JM 015E     (4)  BC:0002  DE:0000  HL:0000  AF:0C12  SP:7FEF  PC:0159   
015C  C6 07     ADI 07      (4)  BC:0002  DE:0000  HL:0000  AF:0C12  SP:7FEF  PC:015C   
015E  C6 30     ADI 30      (4)  BC:0002  DE:0000  HL:0000  AF:1312  SP:7FEF  PC:015E   
0160  C9        RET         (4)  BC:0002  DE:0000  HL:0000  AF:4302  SP:7FEF  PC:0160   
0149  CD 2D 01  CALL 012D   (3)  BC:0002  DE:0000  HL:0000  AF:4302  SP:7FF1  PC:0149   
012D  C5        PUSH B      (4)  BC:0002  DE:0000  HL:0000  AF:4302  SP:7FEF  PC:012D   
012E  D5        PUSH D      (4)  BC:0002  DE:0000  HL:0000  AF:4302  SP:7FED  PC:012E   
012F  E5        PUSH H      (4)  BC:0002  DE:0000  HL:0000  AF:4302  SP:7FEB  PC:012F   
0130  F5        PUSH PSW    (4)  BC:0002  DE:0000  HL:0000  AF:4302  SP:7FE9  PC:0130   
0131  4F        MOV C,A     (4)  BC:0002  DE:0000  HL:0000  AF:4302  SP:7FE7  PC:0131   
0132  CD 37 C0  CALL C037   (4)  BC:0043  DE:0000  HL:0000  AF:4302  SP:7FE7  PC:0132   
0135  F1        POP PSW     (4)  BC:0043  DE:0000  HL:0000  AF:4302  SP:7FE7  PC:0135   
0136  E1        POP H       (4)  BC:0043  DE:0000  HL:0000  AF:4302  SP:7FE9  PC:0136   
0137  D1        POP D       (4)  BC:0043  DE:0000  HL:0000  AF:4302  SP:7FEB  PC:0137   
0138  C1        POP B       (4)  BC:0043  DE:0000  HL:0000  AF:4302  SP:7FED  PC:0138   
0139  C9        RET         (4)  BC:0002  DE:0000  HL:0000  AF:4302  SP:7FEF  PC:0139   
014C  F1        POP PSW     (3)  BC:0002  DE:0000  HL:0000  AF:4302  SP:7FF1  PC:014C   
014D  E1        POP H       (3)  BC:0002  DE:0000  HL:0000  AF:9C96  SP:7FF3  PC:014D   
014E  D1        POP D       (3)  BC:0002  DE:0000  HL:0000  AF:9C96  SP:7FF5  PC:014E   
014F  C1        POP B       (3)  BC:0002  DE:0000  HL:0000  AF:9C96  SP:7FF7  PC:014F   
0150  C9        RET         (3)  BC:0002  DE:0000  HL:0000  AF:9C96  SP:7FF9  PC:0150   
00F3  C9        RET         (2)  BC:0002  DE:0000  HL:0000  AF:9C96  SP:7FFB  PC:00F3   
0058  21 3B 00  LXI H,003B  (1)  BC:0002  DE:0000  HL:0000  AF:9C96  SP:7FFD  PC:0058   
005B  CD 16 01  CALL 0116   (1)  BC:0002  DE:0000  HL:003B  AF:9C96  SP:7FFD  PC:005B   
0116  C5        PUSH B      (2)  BC:0002  DE:0000  HL:003B  AF:9C96  SP:7FFB  PC:0116   
0117  D5        PUSH D      (2)  BC:0002  DE:0000  HL:003B  AF:9C96  SP:7FF9  PC:0117   
0118  E5        PUSH H      (2)  BC:0002  DE:0000  HL:003B  AF:9C96  SP:7FF7  PC:0118   
0119  F5        PUSH PSW    (2)  BC:0002  DE:0000  HL:003B  AF:9C96  SP:7FF5  PC:0119   
011A  7E        MOV A,M     (2)  BC:0002  DE:0000  HL:003B  AF:9C96  SP:7FF3  PC:011A   
011B  FE 24     CPI 24      (2)  BC:0002  DE:0000  HL:003B  AF:0D96  SP:7FF3  PC:011B   
011D  CA 28 01  JZ 0128     (2)  BC:0002  DE:0000  HL:003B  AF:0D93  SP:7FF3  PC:011D   
0120  7E        MOV A,M     (2)  BC:0002  DE:0000  HL:003B  AF:0D93  SP:7FF3  PC:0120   
0121  CD 2D 01  CALL 012D   (2)  BC:0002  DE:0000  HL:003B  AF:0D93  SP:7FF3  PC:0121   
012D  C5        PUSH B      (3)  BC:0002  DE:0000  HL:003B  AF:0D93  SP:7FF1  PC:012D   
012E  D5        PUSH D      (3)  BC:0002  DE:0000  HL:003B  AF:0D93  SP:7FEF  PC:012E   
012F  E5        PUSH H      (3)  BC:0002  DE:0000  HL:003B  AF:0D93  SP:7FED  PC:012F   
0130  F5        PUSH PSW    (3)  BC:0002  DE:0000  HL:003B  AF:0D93  SP:7FEB  PC:0130   
0131  4F        MOV C,A     (3)  BC:0002  DE:0000  HL:003B  AF:0D93  SP:7FE9  PC:0131   
0132  CD 37 C0  CALL C037   (3)  BC:000D  DE:0000  HL:003B  AF:0D93  SP:7FE9  PC:0132   
0135  F1        POP PSW     (3)  BC:000D  DE:0000  HL:003B  AF:0D93  SP:7FE9  PC:0135   
0136  E1        POP H       (3)  BC:000D  DE:0000  HL:003B  AF:0D93  SP:7FEB  PC:0136   
0137  D1        POP D       (3)  BC:000D  DE:0000  HL:003B  AF:0D93  SP:7FED  PC:0137   
0138  C1        POP B       (3)  BC:000D  DE:0000  HL:003B  AF:0D93  SP:7FEF  PC:0138   
0139  C9        RET         (3)  BC:0002  DE:0000  HL:003B  AF:0D93  SP:7FF1  PC:0139   
0124  23        INX H       (2)  BC:0002  DE:0000  HL:003B  AF:0D93  SP:7FF3  PC:0124   
0125  C3 1A 01  JMP 011A    (2)  BC:0002  DE:0000  HL:003C  AF:0D93  SP:7FF3  PC:0125   
011A  7E        MOV A,M     (2)  BC:0002  DE:0000  HL:003C  AF:0D93  SP:7FF3  PC:011A   
011B  FE 24     CPI 24      (2)  BC:0002  DE:0000  HL:003C  AF:0A93  SP:7FF3  PC:011B   
011D  CA 28 01  JZ 0128     (2)  BC:0002  DE:0000  HL:003C  AF:0A93  SP:7FF3  PC:011D   
0120  7E        MOV A,M     (2)  BC:0002  DE:0000  HL:003C  AF:0A93  SP:7FF3  PC:0120   
0121  CD 2D 01  CALL 012D   (2)  BC:0002  DE:0000  HL:003C  AF:0A93  SP:7FF3  PC:0121   
012D  C5        PUSH B      (3)  BC:0002  DE:0000  HL:003C  AF:0A93  SP:7FF1  PC:012D   
012E  D5        PUSH D      (3)  BC:0002  DE:0000  HL:003C  AF:0A93  SP:7FEF  PC:012E   
012F  E5        PUSH H      (3)  BC:0002  DE:0000  HL:003C  AF:0A93  SP:7FED  PC:012F   
0130  F5        PUSH PSW    (3)  BC:0002  DE:0000  HL:003C  AF:0A93  SP:7FEB  PC:0130   
0131  4F        MOV C,A     (3)  BC:0002  DE:0000  HL:003C  AF:0A93  SP:7FE9  PC:0131   
0132  CD 37 C0  CALL C037   (3)  BC:000A  DE:0000  HL:003C  AF:0A93  SP:7FE9  PC:0132   
0135  F1        POP PSW     (3)  BC:000A  DE:0000  HL:003C  AF:0A93  SP:7FE9  PC:0135   
0136  E1        POP H       (3)  BC:000A  DE:0000  HL:003C  AF:0A93  SP:7FEB  PC:0136   
0137  D1        POP D       (3)  BC:000A  DE:0000  HL:003C  AF:0A93  SP:7FED  PC:0137   
0138  C1        POP B       (3)  BC:000A  DE:0000  HL:003C  AF:0A93  SP:7FEF  PC:0138   
0139  C9        RET         (3)  BC:0002  DE:0000  HL:003C  AF:0A93  SP:7FF1  PC:0139   
0124  23        INX H       (2)  BC:0002  DE:0000  HL:003C  AF:0A93  SP:7FF3  PC:0124   
0125  C3 1A 01  JMP 011A    (2)  BC:0002  DE:0000  HL:003D  AF:0A93  SP:7FF3  PC:0125   
011A  7E        MOV A,M     (2)  BC:0002  DE:0000  HL:003D  AF:0A93  SP:7FF3  PC:011A   
011B  FE 24     CPI 24      (2)  BC:0002  DE:0000  HL:003D  AF:5493  SP:7FF3  PC:011B   
011D  CA 28 01  JZ 0128     (2)  BC:0002  DE:0000  HL:003D  AF:5416  SP:7FF3  PC:011D   
0120  7E        MOV A,M     (2)  BC:0002  DE:0000  HL:003D  AF:5416  SP:7FF3  PC:0120   
0121  CD 2D 01  CALL 012D   (2)  BC:0002  DE:0000  HL:003D  AF:5416  SP:7FF3  PC:0121   
012D  C5        PUSH B      (3)  BC:0002  DE:0000  HL:003D  AF:5416  SP:7FF1  PC:012D   
012E  D5        PUSH D      (3)  BC:0002  DE:0000  HL:003D  AF:5416  SP:7FEF  PC:012E   
012F  E5        PUSH H      (3)  BC:0002  DE:0000  HL:003D  AF:5416  SP:7FED  PC:012F   
0130  F5        PUSH PSW    (3)  BC:0002  DE:0000  HL:003D  AF:5416  SP:7FEB  PC:0130   
0131  4F        MOV C,A     (3)  BC:0002  DE:0000  HL:003D  AF:5416  SP:7FE9  PC:0131   
0132  CD 37 C0  CALL C037   (3)  BC:0054  DE:0000  HL:003D  AF:5416  SP:7FE9  PC:0132   
0135  F1        POP PSW     (3)  BC:0054  DE:0000  HL:003D  AF:5416  SP:7FE9  PC:0135   
0136  E1        POP H       (3)  BC:0054  DE:0000  HL:003D  AF:5416  SP:7FEB  PC:0136   
0137  D1        POP D       (3)  BC:0054  DE:0000  HL:003D  AF:5416  SP:7FED  PC:0137   
0138  C1        POP B       (3)  BC:0054  DE:0000  HL:003D  AF:5416  SP:7FEF  PC:0138   
0139  C9        RET         (3)  BC:0002  DE:0000  HL:003D  AF:5416  SP:7FF1  PC:0139   
0124  23        INX H       (2)  BC:0002  DE:0000  HL:003D  AF:5416  SP:7FF3  PC:0124   
0125  C3 1A 01  JMP 011A    (2)  BC:0002  DE:0000  HL:003E  AF:5416  SP:7FF3  PC:0125   
011A  7E        MOV A,M     (2)  BC:0002  DE:0000  HL:003E  AF:5416  SP:7FF3  PC:011A   
011B  FE 24     CPI 24      (2)  BC:0002  DE:0000  HL:003E  AF:4516  SP:7FF3  PC:011B   
011D  CA 28 01  JZ 0128     (2)  BC:0002  DE:0000  HL:003E  AF:4516  SP:7FF3  PC:011D   
0120  7E        MOV A,M     (2)  BC:0002  DE:0000  HL:003E  AF:4516  SP:7FF3  PC:0120   
0121  CD 2D 01  CALL 012D   (2)  BC:0002  DE:0000  HL:003E  AF:4516  SP:7FF3  PC:0121   
012D  C5        PUSH B      (3)  BC:0002  DE:0000  HL:003E  AF:4516  SP:7FF1  PC:012D   
012E  D5        PUSH D      (3)  BC:0002  DE:0000  HL:003E  AF:4516  SP:7FEF  PC:012E   
012F  E5        PUSH H      (3)  BC:0002  DE:0000  HL:003E  AF:4516  SP:7FED  PC:012F   
0130  F5        PUSH PSW    (3)  BC:0002  DE:0000  HL:003E  AF:4516  SP:7FEB  PC:0130   
0131  4F        MOV C,A     (3)  BC:0002  DE:0000  HL:003E  AF:4516  SP:7FE9  PC:0131   
0132  CD 37 C0  CALL C037   (3)  BC:0045  DE:0000  HL:003E  AF:4516  SP:7FE9  PC:0132   
0135  F1        POP PSW     (3)  BC:0045  DE:0000  HL:003E  AF:4516  SP:7FE9  PC:0135   
0136  E1        POP H       (3)  BC:0045  DE:0000  HL:003E  AF:4516  SP:7FEB  PC:0136   
0137  D1        POP D       (3)  BC:0045  DE:0000  HL:003E  AF:4516  SP:7FED  PC:0137   
0138  C1        POP B       (3)  BC:0045  DE:0000  HL:003E  AF:4516  SP:7FEF  PC:0138   
0139  C9        RET         (3)  BC:0002  DE:0000  HL:003E  AF:4516  SP:7FF1  PC:0139   
0124  23        INX H       (2)  BC:0002  DE:0000  HL:003E  AF:4516  SP:7FF3  PC:0124   
0125  C3 1A 01  JMP 011A    (2)  BC:0002  DE:0000  HL:003F  AF:4516  SP:7FF3  PC:0125   
011A  7E        MOV A,M     (2)  BC:0002  DE:0000  HL:003F  AF:4516  SP:7FF3  PC:011A   
011B  FE 24     CPI 24      (2)  BC:0002  DE:0000  HL:003F  AF:5316  SP:7FF3  PC:011B   
011D  CA 28 01  JZ 0128     (2)  BC:0002  DE:0000  HL:003F  AF:5302  SP:7FF3  PC:011D   
0120  7E        MOV A,M     (2)  BC:0002  DE:0000  HL:003F  AF:5302  SP:7FF3  PC:0120   
0121  CD 2D 01  CALL 012D   (2)  BC:0002  DE:0000  HL:003F  AF:5302  SP:7FF3  PC:0121   
012D  C5        PUSH B      (3)  BC:0002  DE:0000  HL:003F  AF:5302  SP:7FF1  PC:012D   
012E  D5        PUSH D      (3)  BC:0002  DE:0000  HL:003F  AF:5302  SP:7FEF  PC:012E   
012F  E5        PUSH H      (3)  BC:0002  DE:0000  HL:003F  AF:5302  SP:7FED  PC:012F   
0130  F5        PUSH PSW    (3)  BC:0002  DE:0000  HL:003F  AF:5302  SP:7FEB  PC:0130   
0131  4F        MOV C,A     (3)  BC:0002  DE:0000  HL:003F  AF:5302  SP:7FE9  PC:0131   
0132  CD 37 C0  CALL C037   (3)  BC:0053  DE:0000  HL:003F  AF:5302  SP:7FE9  PC:0132   
0135  F1        POP PSW     (3)  BC:0053  DE:0000  HL:003F  AF:5302  SP:7FE9  PC:0135   
0136  E1        POP H       (3)  BC:0053  DE:0000  HL:003F  AF:5302  SP:7FEB  PC:0136   
0137  D1        POP D       (3)  BC:0053  DE:0000  HL:003F  AF:5302  SP:7FED  PC:0137   
0138  C1        POP B       (3)  BC:0053  DE:0000  HL:003F  AF:5302  SP:7FEF  PC:0138   
0139  C9        RET         (3)  BC:0002  DE:0000  HL:003F  AF:5302  SP:7FF1  PC:0139   
0124  23        INX H       (2)  BC:0002  DE:0000  HL:003F  AF:5302  SP:7FF3  PC:0124   
0125  C3 1A 01  JMP 011A    (2)  BC:0002  DE:0000  HL:0040  AF:5302  SP:7FF3  PC:0125   
011A  7E        MOV A,M     (2)  BC:0002  DE:0000  HL:0040  AF:5302  SP:7FF3  PC:011A   
011B  FE 24     CPI 24      (2)  BC:0002  DE:0000  HL:0040  AF:5402  SP:7FF3  PC:011B   
011D  CA 28 01  JZ 0128     (2)  BC:0002  DE:0000  HL:0040  AF:5416  SP:7FF3  PC:011D   
0120  7E        MOV A,M     (2)  BC:0002  DE:0000  HL:0040  AF:5416  SP:7FF3  PC:0120   
0121  CD 2D 01  CALL 012D   (2)  BC:0002  DE:0000  HL:0040  AF:5416  SP:7FF3  PC:0121   
012D  C5        PUSH B      (3)  BC:0002  DE:0000  HL:0040  AF:5416  SP:7FF1  PC:012D   
012E  D5        PUSH D      (3)  BC:0002  DE:0000  HL:0040  AF:5416  SP:7FEF  PC:012E   
012F  E5        PUSH H      (3)  BC:0002  DE:0000  HL:0040  AF:5416  SP:7FED  PC:012F   
0130  F5        PUSH PSW    (3)  BC:0002  DE:0000  HL:0040  AF:5416  SP:7FEB  PC:0130   
0131  4F        MOV C,A     (3)  BC:0002  DE:0000  HL:0040  AF:5416  SP:7FE9  PC:0131   
0132  CD 37 C0  CALL C037   (3)  BC:0054  DE:0000  HL:0040  AF:5416  SP:7FE9  PC:0132   
0135  F1        POP PSW     (3)  BC:0054  DE:0000  HL:0040  AF:5416  SP:7FE9  PC:0135   
0136  E1        POP H       (3)  BC:0054  DE:0000  HL:0040  AF:5416  SP:7FEB  PC:0136   
0137  D1        POP D       (3)  BC:0054  DE:0000  HL:0040  AF:5416  SP:7FED  PC:0137   
0138  C1        POP B       (3)  BC:0054  DE:0000  HL:0040  AF:5416  SP:7FEF  PC:0138   
0139  C9        RET         (3)  BC:0002  DE:0000  HL:0040  AF:5416  SP:7FF1  PC:0139   
0124  23        INX H       (2)  BC:0002  DE:0000  HL:0040  AF:5416  SP:7FF3  PC:0124   
0125  C3 1A 01  JMP 011A    (2)  BC:0002  DE:0000  HL:0041  AF:5416  SP:7FF3  PC:0125   
011A  7E        MOV A,M     (2)  BC:0002  DE:0000  HL:0041  AF:5416  SP:7FF3  PC:011A   
011B  FE 24     CPI 24      (2)  BC:0002  DE:0000  HL:0041  AF:5316  SP:7FF3  PC:011B   
011D  CA 28 01  JZ 0128     (2)  BC:0002  DE:0000  HL:0041  AF:5302  SP:7FF3  PC:011D   
0120  7E        MOV A,M     (2)  BC:0002  DE:0000  HL:0041  AF:5302  SP:7FF3  PC:0120   
0121  CD 2D 01  CALL 012D   (2)  BC:0002  DE:0000  HL:0041  AF:5302  SP:7FF3  PC:0121   
012D  C5        PUSH B      (3)  BC:0002  DE:0000  HL:0041  AF:5302  SP:7FF1  PC:012D   
012E  D5        PUSH D      (3)  BC:0002  DE:0000  HL:0041  AF:5302  SP:7FEF  PC:012E   
012F  E5        PUSH H      (3)  BC:0002  DE:0000  HL:0041  AF:5302  SP:7FED  PC:012F   
0130  F5        PUSH PSW    (3)  BC:0002  DE:0000  HL:0041  AF:5302  SP:7FEB  PC:0130   
0131  4F        MOV C,A     (3)  BC:0002  DE:0000  HL:0041  AF:5302  SP:7FE9  PC:0131   
0132  CD 37 C0  CALL C037   (3)  BC:0053  DE:0000  HL:0041  AF:5302  SP:7FE9  PC:0132   
0135  F1        POP PSW     (3)  BC:0053  DE:0000  HL:0041  AF:5302  SP:7FE9  PC:0135   
0136  E1        POP H       (3)  BC:0053  DE:0000  HL:0041  AF:5302  SP:7FEB  PC:0136   
0137  D1        POP D       (3)  BC:0053  DE:0000  HL:0041  AF:5302  SP:7FED  PC:0137   
0138  C1        POP B       (3)  BC:0053  DE:0000  HL:0041  AF:5302  SP:7FEF  PC:0138   
0139  C9        RET         (3)  BC:0002  DE:0000  HL:0041  AF:5302  SP:7FF1  PC:0139   
0124  23        INX H       (2)  BC:0002  DE:0000  HL:0041  AF:5302  SP:7FF3  PC:0124   
0125  C3 1A 01  JMP 011A    (2)  BC:0002  DE:0000  HL:0042  AF:5302  SP:7FF3  PC:0125   
011A  7E        MOV A,M     (2)  BC:0002  DE:0000  HL:0042  AF:5302  SP:7FF3  PC:011A   
011B  FE 24     CPI 24      (2)  BC:0002  DE:0000  HL:0042  AF:2002  SP:7FF3  PC:011B   
011D  CA 28 01  JZ 0128     (2)  BC:0002  DE:0000  HL:0042  AF:2087  SP:7FF3  PC:011D   
0120  7E        MOV A,M     (2)  BC:0002  DE:0000  HL:0042  AF:2087  SP:7FF3  PC:0120   
0121  CD 2D 01  CALL 012D   (2)  BC:0002  DE:0000  HL:0042  AF:2087  SP:7FF3  PC:0121   
012D  C5        PUSH B      (3)  BC:0002  DE:0000  HL:0042  AF:2087  SP:7FF1  PC:012D   
012E  D5        PUSH D      (3)  BC:0002  DE:0000  HL:0042  AF:2087  SP:7FEF  PC:012E   
012F  E5        PUSH H      (3)  BC:0002  DE:0000  HL:0042  AF:2087  SP:7FED  PC:012F   
0130  F5        PUSH PSW    (3)  BC:0002  DE:0000  HL:0042  AF:2087  SP:7FEB  PC:0130   
0131  4F        MOV C,A     (3)  BC:0002  DE:0000  HL:0042  AF:2087  SP:7FE9  PC:0131   
0132  CD 37 C0  CALL C037   (3)  BC:0020  DE:0000  HL:0042  AF:2087  SP:7FE9  PC:0132   
0135  F1        POP PSW     (3)  BC:0020  DE:0000  HL:0042  AF:2087  SP:7FE9  PC:0135   
0136  E1        POP H       (3)  BC:0020  DE:0000  HL:0042  AF:2087  SP:7FEB  PC:0136   
0137  D1        POP D       (3)  BC:0020  DE:0000  HL:0042  AF:2087  SP:7FED  PC:0137   
0138  C1        POP B       (3)  BC:0020  DE:0000  HL:0042  AF:2087  SP:7FEF  PC:0138   
0139  C9        RET         (3)  BC:0002  DE:0000  HL:0042  AF:2087  SP:7FF1  PC:0139   
0124  23        INX H       (2)  BC:0002  DE:0000  HL:0042  AF:2087  SP:7FF3  PC:0124   
0125  C3 1A 01  JMP 011A    (2)  BC:0002  DE:0000  HL:0043  AF:2087  SP:7FF3  PC:0125   
011A  7E        MOV A,M     (2)  BC:0002  DE:0000  HL:0043  AF:2087  SP:7FF3  PC:011A   
011B  FE 24     CPI 24      (2)  BC:0002  DE:0000  HL:0043  AF:4387  SP:7FF3  PC:011B   
011D  CA 28 01  JZ 0128     (2)  BC:0002  DE:0000  HL:0043  AF:4302  SP:7FF3  PC:011D   
0120  7E        MOV A,M     (2)  BC:0002  DE:0000  HL:0043  AF:4302  SP:7FF3  PC:0120   
0121  CD 2D 01  CALL 012D   (2)  BC:0002  DE:0000  HL:0043  AF:4302  SP:7FF3  PC:0121   
012D  C5        PUSH B      (3)  BC:0002  DE:0000  HL:0043  AF:4302  SP:7FF1  PC:012D   
012E  D5        PUSH D      (3)  BC:0002  DE:0000  HL:0043  AF:4302  SP:7FEF  PC:012E   
012F  E5        PUSH H      (3)  BC:0002  DE:0000  HL:0043  AF:4302  SP:7FED  PC:012F   
0130  F5        PUSH PSW    (3)  BC:0002  DE:0000  HL:0043  AF:4302  SP:7FEB  PC:0130   
0131  4F        MOV C,A     (3)  BC:0002  DE:0000  HL:0043  AF:4302  SP:7FE9  PC:0131   
0132  CD 37 C0  CALL C037   (3)  BC:0043  DE:0000  HL:0043  AF:4302  SP:7FE9  PC:0132   
0135  F1        POP PSW     (3)  BC:0043  DE:0000  HL:0043  AF:4302  SP:7FE9  PC:0135   
0136  E1        POP H       (3)  BC:0043  DE:0000  HL:0043  AF:4302  SP:7FEB  PC:0136   
0137  D1        POP D       (3)  BC:0043  DE:0000  HL:0043  AF:4302  SP:7FED  PC:0137   
0138  C1        POP B       (3)  BC:0043  DE:0000  HL:0043  AF:4302  SP:7FEF  PC:0138   
0139  C9        RET         (3)  BC:0002  DE:0000  HL:0043  AF:4302  SP:7FF1  PC:0139   
0124  23        INX H       (2)  BC:0002  DE:0000  HL:0043  AF:4302  SP:7FF3  PC:0124   
0125  C3 1A 01  JMP 011A    (2)  BC:0002  DE:0000  HL:0044  AF:4302  SP:7FF3  PC:0125   
011A  7E        MOV A,M     (2)  BC:0002  DE:0000  HL:0044  AF:4302  SP:7FF3  PC:011A   
011B  FE 24     CPI 24      (2)  BC:0002  DE:0000  HL:0044  AF:4F02  SP:7FF3  PC:011B   
011D  CA 28 01  JZ 0128     (2)  BC:0002  DE:0000  HL:0044  AF:4F16  SP:7FF3  PC:011D   
0120  7E        MOV A,M     (2)  BC:0002  DE:0000  HL:0044  AF:4F16  SP:7FF3  PC:0120   
0121  CD 2D 01  CALL 012D   (2)  BC:0002  DE:0000  HL:0044  AF:4F16  SP:7FF3  PC:0121   
012D  C5        PUSH B      (3)  BC:0002  DE:0000  HL:0044  AF:4F16  SP:7FF1  PC:012D   
012E  D5        PUSH D      (3)  BC:0002  DE:0000  HL:0044  AF:4F16  SP:7FEF  PC:012E   
012F  E5        PUSH H      (3)  BC:0002  DE:0000  HL:0044  AF:4F16  SP:7FED  PC:012F   
0130  F5        PUSH PSW    (3)  BC:0002  DE:0000  HL:0044  AF:4F16  SP:7FEB  PC:0130   
0131  4F        MOV C,A     (3)  BC:0002  DE:0000  HL:0044  AF:4F16  SP:7FE9  PC:0131   
0132  CD 37 C0  CALL C037   (3)  BC:004F  DE:0000  HL:0044  AF:4F16  SP:7FE9  PC:0132   
0135  F1        POP PSW     (3)  BC:004F  DE:0000  HL:0044  AF:4F16  SP:7FE9  PC:0135   
0136  E1        POP H       (3)  BC:004F  DE:0000  HL:0044  AF:4F16  SP:7FEB  PC:0136   
0137  D1        POP D       (3)  BC:004F  DE:0000  HL:0044  AF:4F16  SP:7FED  PC:0137   
0138  C1        POP B       (3)  BC:004F  DE:0000  HL:0044  AF:4F16  SP:7FEF  PC:0138   
0139  C9        RET         (3)  BC:0002  DE:0000  HL:0044  AF:4F16  SP:7FF1  PC:0139   
0124  23        INX H       (2)  BC:0002  DE:0000  HL:0044  AF:4F16  SP:7FF3  PC:0124   
0125  C3 1A 01  JMP 011A    (2)  BC:0002  DE:0000  HL:0045  AF:4F16  SP:7FF3  PC:0125   
011A  7E        MOV A,M     (2)  BC:0002  DE:0000  HL:0045  AF:4F16  SP:7FF3  PC:011A   
011B  FE 24     CPI 24      (2)  BC:0002  DE:0000  HL:0045  AF:4D16  SP:7FF3  PC:011B   
011D  CA 28 01  JZ 0128     (2)  BC:0002  DE:0000  HL:0045  AF:4D12  SP:7FF3  PC:011D   
0120  7E        MOV A,M     (2)  BC:0002  DE:0000  HL:0045  AF:4D12  SP:7FF3  PC:0120   
0121  CD 2D 01  CALL 012D   (2)  BC:0002  DE:0000  HL:0045  AF:4D12  SP:7FF3  PC:0121   
012D  C5        PUSH B      (3)  BC:0002  DE:0000  HL:0045  AF:4D12  SP:7FF1  PC:012D   
012E  D5        PUSH D      (3)  BC:0002  DE:0000  HL:0045  AF:4D12  SP:7FEF  PC:012E   
012F  E5        PUSH H      (3)  BC:0002  DE:0000  HL:0045  AF:4D12  SP:7FED  PC:012F   
0130  F5        PUSH PSW    (3)  BC:0002  DE:0000  HL:0045  AF:4D12  SP:7FEB  PC:0130   
0131  4F        MOV C,A     (3)  BC:0002  DE:0000  HL:0045  AF:4D12  SP:7FE9  PC:0131   
0132  CD 37 C0  CALL C037   (3)  BC:004D  DE:0000  HL:0045  AF:4D12  SP:7FE9  PC:0132   
0135  F1        POP PSW     (3)  BC:004D  DE:0000  HL:0045  AF:4D12  SP:7FE9  PC:0135   
0136  E1        POP H       (3)  BC:004D  DE:0000  HL:0045  AF:4D12  SP:7FEB  PC:0136   
0137  D1        POP D       (3)  BC:004D  DE:0000  HL:0045  AF:4D12  SP:7FED  PC:0137   
0138  C1        POP B       (3)  BC:004D  DE:0000  HL:0045  AF:4D12  SP:7FEF  PC:0138   
0139  C9        RET         (3)  BC:0002  DE:0000  HL:0045  AF:4D12  SP:7FF1  PC:0139   
0124  23        INX H       (2)  BC:0002  DE:0000  HL:0045  AF:4D12  SP:7FF3  PC:0124   
0125  C3 1A 01  JMP 011A    (2)  BC:0002  DE:0000  HL:0046  AF:4D12  SP:7FF3  PC:0125   
011A  7E        MOV A,M     (2)  BC:0002  DE:0000  HL:0046  AF:4D12  SP:7FF3  PC:011A   
011B  FE 24     CPI 24      (2)  BC:0002  DE:0000  HL:0046  AF:5012  SP:7FF3  PC:011B   
011D  CA 28 01  JZ 0128     (2)  BC:0002  DE:0000  HL:0046  AF:5002  SP:7FF3  PC:011D   
0120  7E        MOV A,M     (2)  BC:0002  DE:0000  HL:0046  AF:5002  SP:7FF3  PC:0120   
0121  CD 2D 01  CALL 012D   (2)  BC:0002  DE:0000  HL:0046  AF:5002  SP:7FF3  PC:0121   
012D  C5        PUSH B      (3)  BC:0002  DE:0000  HL:0046  AF:5002  SP:7FF1  PC:012D   
012E  D5        PUSH D      (3)  BC:0002  DE:0000  HL:0046  AF:5002  SP:7FEF  PC:012E   
012F  E5        PUSH H      (3)  BC:0002  DE:0000  HL:0046  AF:5002  SP:7FED  PC:012F   
0130  F5        PUSH PSW    (3)  BC:0002  DE:0000  HL:0046  AF:5002  SP:7FEB  PC:0130   
0131  4F        MOV C,A     (3)  BC:0002  DE:0000  HL:0046  AF:5002  SP:7FE9  PC:0131   
0132  CD 37 C0  CALL C037   (3)  BC:0050  DE:0000  HL:0046  AF:5002  SP:7FE9  PC:0132   
0135  F1        POP PSW     (3)  BC:0050  DE:0000  HL:0046  AF:5002  SP:7FE9  PC:0135   
0136  E1        POP H       (3)  BC:0050  DE:0000  HL:0046  AF:5002  SP:7FEB  PC:0136   
0137  D1        POP D       (3)  BC:0050  DE:0000  HL:0046  AF:5002  SP:7FED  PC:0137   
0138  C1        POP B       (3)  BC:0050  DE:0000  HL:0046  AF:5002  SP:7FEF  PC:0138   
0139  C9        RET         (3)  BC:0002  DE:0000  HL:0046  AF:5002  SP:7FF1  PC:0139   
0124  23        INX H       (2)  BC:0002  DE:0000  HL:0046  AF:5002  SP:7FF3  PC:0124   
0125  C3 1A 01  JMP 011A    (2)  BC:0002  DE:0000  HL:0047  AF:5002  SP:7FF3  PC:0125   
011A  7E        MOV A,M     (2)  BC:0002  DE:0000  HL:0047  AF:5002  SP:7FF3  PC:011A   
011B  FE 24     CPI 24      (2)  BC:0002  DE:0000  HL:0047  AF:4C02  SP:7FF3  PC:011B   
011D  CA 28 01  JZ 0128     (2)  BC:0002  DE:0000  HL:0047  AF:4C16  SP:7FF3  PC:011D   
0120  7E        MOV A,M     (2)  BC:0002  DE:0000  HL:0047  AF:4C16  SP:7FF3  PC:0120   
0121  CD 2D 01  CALL 012D   (2)  BC:0002  DE:0000  HL:0047  AF:4C16  SP:7FF3  PC:0121   
012D  C5        PUSH B      (3)  BC:0002  DE:0000  HL:0047  AF:4C16  SP:7FF1  PC:012D   
012E  D5        PUSH D      (3)  BC:0002  DE:0000  HL:0047  AF:4C16  SP:7FEF  PC:012E   
012F  E5        PUSH H      (3)  BC:0002  DE:0000  HL:0047  AF:4C16  SP:7FED  PC:012F   
0130  F5        PUSH PSW    (3)  BC:0002  DE:0000  HL:0047  AF:4C16  SP:7FEB  PC:0130   
0131  4F        MOV C,A     (3)  BC:0002  DE:0000  HL:0047  AF:4C16  SP:7FE9  PC:0131   
0132  CD 37 C0  CALL C037   (3)  BC:004C  DE:0000  HL:0047  AF:4C16  SP:7FE9  PC:0132   
0135  F1        POP PSW     (3)  BC:004C  DE:0000  HL:0047  AF:4C16  SP:7FE9  PC:0135   
0136  E1        POP H       (3)  BC:004C  DE:0000  HL:0047  AF:4C16  SP:7FEB  PC:0136   
0137  D1        POP D       (3)  BC:004C  DE:0000  HL:0047  AF:4C16  SP:7FED  PC:0137   
0138  C1        POP B       (3)  BC:004C  DE:0000  HL:0047  AF:4C16  SP:7FEF  PC:0138   
0139  C9        RET         (3)  BC:0002  DE:0000  HL:0047  AF:4C16  SP:7FF1  PC:0139   
0124  23        INX H       (2)  BC:0002  DE:0000  HL:0047  AF:4C16  SP:7FF3  PC:0124   
0125  C3 1A 01  JMP 011A    (2)  BC:0002  DE:0000  HL:0048  AF:4C16  SP:7FF3  PC:0125   
011A  7E        MOV A,M     (2)  BC:0002  DE:0000  HL:0048  AF:4C16  SP:7FF3  PC:011A   
011B  FE 24     CPI 24      (2)  BC:0002  DE:0000  HL:0048  AF:4516  SP:7FF3  PC:011B   
011D  CA 28 01  JZ 0128     (2)  BC:0002  DE:0000  HL:0048  AF:4516  SP:7FF3  PC:011D   
0120  7E        MOV A,M     (2)  BC:0002  DE:0000  HL:0048  AF:4516  SP:7FF3  PC:0120   
0121  CD 2D 01  CALL 012D   (2)  BC:0002  DE:0000  HL:0048  AF:4516  SP:7FF3  PC:0121   
012D  C5        PUSH B      (3)  BC:0002  DE:0000  HL:0048  AF:4516  SP:7FF1  PC:012D   
012E  D5        PUSH D      (3)  BC:0002  DE:0000  HL:0048  AF:4516  SP:7FEF  PC:012E   
012F  E5        PUSH H      (3)  BC:0002  DE:0000  HL:0048  AF:4516  SP:7FED  PC:012F   
0130  F5        PUSH PSW    (3)  BC:0002  DE:0000  HL:0048  AF:4516  SP:7FEB  PC:0130   
0131  4F        MOV C,A     (3)  BC:0002  DE:0000  HL:0048  AF:4516  SP:7FE9  PC:0131   
0132  CD 37 C0  CALL C037   (3)  BC:0045  DE:0000  HL:0048  AF:4516  SP:7FE9  PC:0132   
0135  F1        POP PSW     (3)  BC:0045  DE:0000  HL:0048  AF:4516  SP:7FE9  PC:0135   
0136  E1        POP H       (3)  BC:0045  DE:0000  HL:0048  AF:4516  SP:7FEB  PC:0136   
0137  D1        POP D       (3)  BC:0045  DE:0000  HL:0048  AF:4516  SP:7FED  PC:0137   
0138  C1        POP B       (3)  BC:0045  DE:0000  HL:0048  AF:4516  SP:7FEF  PC:0138   
0139  C9        RET         (3)  BC:0002  DE:0000  HL:0048  AF:4516  SP:7FF1  PC:0139   
0124  23        INX H       (2)  BC:0002  DE:0000  HL:0048  AF:4516  SP:7FF3  PC:0124   
0125  C3 1A 01  JMP 011A    (2)  BC:0002  DE:0000  HL:0049  AF:4516  SP:7FF3  PC:0125   
011A  7E        MOV A,M     (2)  BC:0002  DE:0000  HL:0049  AF:4516  SP:7FF3  PC:011A   
011B  FE 24     CPI 24      (2)  BC:0002  DE:0000  HL:0049  AF:5416  SP:7FF3  PC:011B   
011D  CA 28 01  JZ 0128     (2)  BC:0002  DE:0000  HL:0049  AF:5416  SP:7FF3  PC:011D   
0120  7E        MOV A,M     (2)  BC:0002  DE:0000  HL:0049  AF:5416  SP:7FF3  PC:0120   
0121  CD 2D 01  CALL 012D   (2)  BC:0002  DE:0000  HL:0049  AF:5416  SP:7FF3  PC:0121   
012D  C5        PUSH B      (3)  BC:0002  DE:0000  HL:0049  AF:5416  SP:7FF1  PC:012D   
012E  D5        PUSH D      (3)  BC:0002  DE:0000  HL:0049  AF:5416  SP:7FEF  PC:012E   
012F  E5        PUSH H      (3)  BC:0002  DE:0000  HL:0049  AF:5416  SP:7FED  PC:012F   
0130  F5        PUSH PSW    (3)  BC:0002  DE:0000  HL:0049  AF:5416  SP:7FEB  PC:0130   
0131  4F        MOV C,A     (3)  BC:0002  DE:0000  HL:0049  AF:5416  SP:7FE9  PC:0131   
0132  CD 37 C0  CALL C037   (3)  BC:0054  DE:0000  HL:0049  AF:5416  SP:7FE9  PC:0132   
0135  F1        POP PSW     (3)  BC:0054  DE:0000  HL:0049  AF:5416  SP:7FE9  PC:0135   
0136  E1        POP H       (3)  BC:0054  DE:0000  HL:0049  AF:5416  SP:7FEB  PC:0136   
0137  D1        POP D       (3)  BC:0054  DE:0000  HL:0049  AF:5416  SP:7FED  PC:0137   
0138  C1        POP B       (3)  BC:0054  DE:0000  HL:0049  AF:5416  SP:7FEF  PC:0138   
0139  C9        RET         (3)  BC:0002  DE:0000  HL:0049  AF:5416  SP:7FF1  PC:0139   
0124  23        INX H       (2)  BC:0002  DE:0000  HL:0049  AF:5416  SP:7FF3  PC:0124   
0125  C3 1A 01  JMP 011A    (2)  BC:0002  DE:0000  HL:004A  AF:5416  SP:7FF3  PC:0125   
011A  7E        MOV A,M     (2)  BC:0002  DE:0000  HL:004A  AF:5416  SP:7FF3  PC:011A   
011B  FE 24     CPI 24      (2)  BC:0002  DE:0000  HL:004A  AF:4516  SP:7FF3  PC:011B   
011D  CA 28 01  JZ 0128     (2)  BC:0002  DE:0000  HL:004A  AF:4516  SP:7FF3  PC:011D   
0120  7E        MOV A,M     (2)  BC:0002  DE:0000  HL:004A  AF:4516  SP:7FF3  PC:0120   
0121  CD 2D 01  CALL 012D   (2)  BC:0002  DE:0000  HL:004A  AF:4516  SP:7FF3  PC:0121   
012D  C5        PUSH B      (3)  BC:0002  DE:0000  HL:004A  AF:4516  SP:7FF1  PC:012D   
012E  D5        PUSH D      (3)  BC:0002  DE:0000  HL:004A  AF:4516  SP:7FEF  PC:012E   
012F  E5        PUSH H      (3)  BC:0002  DE:0000  HL:004A  AF:4516  SP:7FED  PC:012F   
0130  F5        PUSH PSW    (3)  BC:0002  DE:0000  HL:004A  AF:4516  SP:7FEB  PC:0130   
0131  4F        MOV C,A     (3)  BC:0002  DE:0000  HL:004A  AF:4516  SP:7FE9  PC:0131   
0132  CD 37 C0  CALL C037   (3)  BC:0045  DE:0000  HL:004A  AF:4516  SP:7FE9  PC:0132   
0135  F1        POP PSW     (3)  BC:0045  DE:0000  HL:004A  AF:4516  SP:7FE9  PC:0135   
0136  E1        POP H       (3)  BC:0045  DE:0000  HL:004A  AF:4516  SP:7FEB  PC:0136   
0137  D1        POP D       (3)  BC:0045  DE:0000  HL:004A  AF:4516  SP:7FED  PC:0137   
0138  C1        POP B       (3)  BC:0045  DE:0000  HL:004A  AF:4516  SP:7FEF  PC:0138   
0139  C9        RET         (3)  BC:0002  DE:0000  HL:004A  AF:4516  SP:7FF1  PC:0139   
0124  23        INX H       (2)  BC:0002  DE:0000  HL:004A  AF:4516  SP:7FF3  PC:0124   
0125  C3 1A 01  JMP 011A    (2)  BC:0002  DE:0000  HL:004B  AF:4516  SP:7FF3  PC:0125   
011A  7E        MOV A,M     (2)  BC:0002  DE:0000  HL:004B  AF:4516  SP:7FF3  PC:011A   
011B  FE 24     CPI 24      (2)  BC:0002  DE:0000  HL:004B  AF:2416  SP:7FF3  PC:011B   
011D  CA 28 01  JZ 0128     (2)  BC:0002  DE:0000  HL:004B  AF:2456  SP:7FF3  PC:011D   
0128  F1        POP PSW     (2)  BC:0002  DE:0000  HL:004B  AF:2456  SP:7FF3  PC:0128   
0129  E1        POP H       (2)  BC:0002  DE:0000  HL:004B  AF:9C96  SP:7FF5  PC:0129   
012A  D1        POP D       (2)  BC:0002  DE:0000  HL:003B  AF:9C96  SP:7FF7  PC:012A   
012B  C1        POP B       (2)  BC:0002  DE:0000  HL:003B  AF:9C96  SP:7FF9  PC:012B   
012C  C9        RET         (2)  BC:0002  DE:0000  HL:003B  AF:9C96  SP:7FFB  PC:012C   
005E  C3 03 00  JMP 0003    (1)  BC:0002  DE:0000  HL:003B  AF:9C96  SP:7FFD  PC:005E   
0003  C3 00 C8  JMP C800    (1)  BC:0002  DE:0000  HL:003B  AF:9C96  SP:7FFD  PC:0003   