0004  C3 53 00  JMP 0053    (1)  BC:0000  DE:0000  HL:0004  AF:0046  SP:7FFD  PC:0004   
0053  21 0A 00  LXI H,000A  (1)  BC:0000  DE:0000  HL:0004  AF:0046  SP:7FFD  PC:0053   
0056  CD 1A 01  CALL 011A   (1)  BC:0000  DE:0000  HL:000A  AF:0046  SP:7FFD  PC:0056   
011A  C5        PUSH B      (2)  BC:0000  DE:0000  HL:000A  AF:0046  SP:7FFB  PC:011A   
011B  D5        PUSH D      (2)  BC:0000  DE:0000  HL:000A  AF:0046  SP:7FF9  PC:011B   
011C  E5        PUSH H      (2)  BC:0000  DE:0000  HL:000A  AF:0046  SP:7FF7  PC:011C   
011D  F5        PUSH PSW    (2)  BC:0000  DE:0000  HL:000A  AF:0046  SP:7FF5  PC:011D   
011E  7E        MOV A,M     (2)  BC:0000  DE:0000  HL:000A  AF:0046  SP:7FF3  PC:011E   
011F  FE 24     CPI 24      (2)  BC:0000  DE:0000  HL:000A  AF:0D46  SP:7FF3  PC:011F   
0121  CA 2C 01  JZ 012C     (2)  BC:0000  DE:0000  HL:000A  AF:0D93  SP:7FF3  PC:0121   
0124  7E        MOV A,M     (2)  BC:0000  DE:0000  HL:000A  AF:0D93  SP:7FF3  PC:0124   
0125  CD 31 01  CALL 0131   (2)  BC:0000  DE:0000  HL:000A  AF:0D93  SP:7FF3  PC:0125   
0131  C5        PUSH B      (3)  BC:0000  DE:0000  HL:000A  AF:0D93  SP:7FF1  PC:0131   
0132  D5        PUSH D      (3)  BC:0000  DE:0000  HL:000A  AF:0D93  SP:7FEF  PC:0132   
0133  E5        PUSH H      (3)  BC:0000  DE:0000  HL:000A  AF:0D93  SP:7FED  PC:0133   
0134  F5        PUSH PSW    (3)  BC:0000  DE:0000  HL:000A  AF:0D93  SP:7FEB  PC:0134   
0135  4F        MOV C,A     (3)  BC:0000  DE:0000  HL:000A  AF:0D93  SP:7FE9  PC:0135   
0136  CD 37 C0  CALL C037   (3)  BC:000D  DE:0000  HL:000A  AF:0D93  SP:7FE9  PC:0136   
0139  F1        POP PSW     (3)  BC:000D  DE:0000  HL:000A  AF:0D93  SP:7FE9  PC:0139   
013A  E1        POP H       (3)  BC:000D  DE:0000  HL:000A  AF:0D93  SP:7FEB  PC:013A   
013B  D1        POP D       (3)  BC:000D  DE:0000  HL:000A  AF:0D93  SP:7FED  PC:013B   
013C  C1        POP B       (3)  BC:000D  DE:0000  HL:000A  AF:0D93  SP:7FEF  PC:013C   
013D  C9        RET         (3)  BC:0000  DE:0000  HL:000A  AF:0D93  SP:7FF1  PC:013D   
0128  23        INX H       (2)  BC:0000  DE:0000  HL:000A  AF:0D93  SP:7FF3  PC:0128   
0129  C3 1E 01  JMP 011E    (2)  BC:0000  DE:0000  HL:000B  AF:0D93  SP:7FF3  PC:0129   
011E  7E        MOV A,M     (2)  BC:0000  DE:0000  HL:000B  AF:0D93  SP:7FF3  PC:011E   
011F  FE 24     CPI 24      (2)  BC:0000  DE:0000  HL:000B  AF:0A93  SP:7FF3  PC:011F   
0121  CA 2C 01  JZ 012C     (2)  BC:0000  DE:0000  HL:000B  AF:0A93  SP:7FF3  PC:0121   
0124  7E        MOV A,M     (2)  BC:0000  DE:0000  HL:000B  AF:0A93  SP:7FF3  PC:0124   
0125  CD 31 01  CALL 0131   (2)  BC:0000  DE:0000  HL:000B  AF:0A93  SP:7FF3  PC:0125   
0131  C5        PUSH B      (3)  BC:0000  DE:0000  HL:000B  AF:0A93  SP:7FF1  PC:0131   
0132  D5        PUSH D      (3)  BC:0000  DE:0000  HL:000B  AF:0A93  SP:7FEF  PC:0132   
0133  E5        PUSH H      (3)  BC:0000  DE:0000  HL:000B  AF:0A93  SP:7FED  PC:0133   
0134  F5        PUSH PSW    (3)  BC:0000  DE:0000  HL:000B  AF:0A93  SP:7FEB  PC:0134   
0135  4F        MOV C,A     (3)  BC:0000  DE:0000  HL:000B  AF:0A93  SP:7FE9  PC:0135   
0136  CD 37 C0  CALL C037   (3)  BC:000A  DE:0000  HL:000B  AF:0A93  SP:7FE9  PC:0136   
0139  F1        POP PSW     (3)  BC:000A  DE:0000  HL:000B  AF:0A93  SP:7FE9  PC:0139   
013A  E1        POP H       (3)  BC:000A  DE:0000  HL:000B  AF:0A93  SP:7FEB  PC:013A   
013B  D1        POP D       (3)  BC:000A  DE:0000  HL:000B  AF:0A93  SP:7FED  PC:013B   
013C  C1        POP B       (3)  BC:000A  DE:0000  HL:000B  AF:0A93  SP:7FEF  PC:013C   
013D  C9        RET         (3)  BC:0000  DE:0000  HL:000B  AF:0A93  SP:7FF1  PC:013D   
0128  23        INX H       (2)  BC:0000  DE:0000  HL:000B  AF:0A93  SP:7FF3  PC:0128   
0129  C3 1E 01  JMP 011E    (2)  BC:0000  DE:0000  HL:000C  AF:0A93  SP:7FF3  PC:0129   
011E  7E        MOV A,M     (2)  BC:0000  DE:0000  HL:000C  AF:0A93  SP:7FF3  PC:011E   
011F  FE 24     CPI 24      (2)  BC:0000  DE:0000  HL:000C  AF:3893  SP:7FF3  PC:011F   
0121  CA 2C 01  JZ 012C     (2)  BC:0000  DE:0000  HL:000C  AF:3816  SP:7FF3  PC:0121   
0124  7E        MOV A,M     (2)  BC:0000  DE:0000  HL:000C  AF:3816  SP:7FF3  PC:0124   
0125  CD 31 01  CALL 0131   (2)  BC:0000  DE:0000  HL:000C  AF:3816  SP:7FF3  PC:0125   
0131  C5        PUSH B      (3)  BC:0000  DE:0000  HL:000C  AF:3816  SP:7FF1  PC:0131   
0132  D5        PUSH D      (3)  BC:0000  DE:0000  HL:000C  AF:3816  SP:7FEF  PC:0132   
0133  E5        PUSH H      (3)  BC:0000  DE:0000  HL:000C  AF:3816  SP:7FED  PC:0133   
0134  F5        PUSH PSW    (3)  BC:0000  DE:0000  HL:000C  AF:3816  SP:7FEB  PC:0134   
0135  4F        MOV C,A     (3)  BC:0000  DE:0000  HL:000C  AF:3816  SP:7FE9  PC:0135   
0136  CD 37 C0  CALL C037   (3)  BC:0038  DE:0000  HL:000C  AF:3816  SP:7FE9  PC:0136   
0139  F1        POP PSW     (3)  BC:0038  DE:0000  HL:000C  AF:3816  SP:7FE9  PC:0139   
013A  E1        POP H       (3)  BC:0038  DE:0000  HL:000C  AF:3816  SP:7FEB  PC:013A   
013B  D1        POP D       (3)  BC:0038  DE:0000  HL:000C  AF:3816  SP:7FED  PC:013B   
013C  C1        POP B       (3)  BC:0038  DE:0000  HL:000C  AF:3816  SP:7FEF  PC:013C   
013D  C9        RET         (3)  BC:0000  DE:0000  HL:000C  AF:3816  SP:7FF1  PC:013D   
0128  23        INX H       (2)  BC:0000  DE:0000  HL:000C  AF:3816  SP:7FF3  PC:0128   
0129  C3 1E 01  JMP 011E    (2)  BC:0000  DE:0000  HL:000D  AF:3816  SP:7FF3  PC:0129   
011E  7E        MOV A,M     (2)  BC:0000  DE:0000  HL:000D  AF:3816  SP:7FF3  PC:011E   
011F  FE 24     CPI 24      (2)  BC:0000  DE:0000  HL:000D  AF:3016  SP:7FF3  PC:011F   
0121  CA 2C 01  JZ 012C     (2)  BC:0000  DE:0000  HL:000D  AF:3006  SP:7FF3  PC:0121   
0124  7E        MOV A,M     (2)  BC:0000  DE:0000  HL:000D  AF:3006  SP:7FF3  PC:0124   
0125  CD 31 01  CALL 0131   (2)  BC:0000  DE:0000  HL:000D  AF:3006  SP:7FF3  PC:0125   
0131  C5        PUSH B      (3)  BC:0000  DE:0000  HL:000D  AF:3006  SP:7FF1  PC:0131   
0132  D5        PUSH D      (3)  BC:0000  DE:0000  HL:000D  AF:3006  SP:7FEF  PC:0132   
0133  E5        PUSH H      (3)  BC:0000  DE:0000  HL:000D  AF:3006  SP:7FED  PC:0133   
0134  F5        PUSH PSW    (3)  BC:0000  DE:0000  HL:000D  AF:3006  SP:7FEB  PC:0134   
0135  4F        MOV C,A     (3)  BC:0000  DE:0000  HL:000D  AF:3006  SP:7FE9  PC:0135   
0136  CD 37 C0  CALL C037   (3)  BC:0030  DE:0000  HL:000D  AF:3006  SP:7FE9  PC:0136   
0139  F1        POP PSW     (3)  BC:0030  DE:0000  HL:000D  AF:3006  SP:7FE9  PC:0139   
013A  E1        POP H       (3)  BC:0030  DE:0000  HL:000D  AF:3006  SP:7FEB  PC:013A   
013B  D1        POP D       (3)  BC:0030  DE:0000  HL:000D  AF:3006  SP:7FED  PC:013B   
013C  C1        POP B       (3)  BC:0030  DE:0000  HL:000D  AF:3006  SP:7FEF  PC:013C   
013D  C9        RET         (3)  BC:0000  DE:0000  HL:000D  AF:3006  SP:7FF1  PC:013D   
0128  23        INX H       (2)  BC:0000  DE:0000  HL:000D  AF:3006  SP:7FF3  PC:0128   
0129  C3 1E 01  JMP 011E    (2)  BC:0000  DE:0000  HL:000E  AF:3006  SP:7FF3  PC:0129   
011E  7E        MOV A,M     (2)  BC:0000  DE:0000  HL:000E  AF:3006  SP:7FF3  PC:011E   
011F  FE 24     CPI 24      (2)  BC:0000  DE:0000  HL:000E  AF:3806  SP:7FF3  PC:011F   
0121  CA 2C 01  JZ 012C     (2)  BC:0000  DE:0000  HL:000E  AF:3816  SP:7FF3  PC:0121   
0124  7E        MOV A,M     (2)  BC:0000  DE:0000  HL:000E  AF:3816  SP:7FF3  PC:0124   
0125  CD 31 01  CALL 0131   (2)  BC:0000  DE:0000  HL:000E  AF:3816  SP:7FF3  PC:0125   
0131  C5        PUSH B      (3)  BC:0000  DE:0000  HL:000E  AF:3816  SP:7FF1  PC:0131   
0132  D5        PUSH D      (3)  BC:0000  DE:0000  HL:000E  AF:3816  SP:7FEF  PC:0132   
0133  E5        PUSH H      (3)  BC:0000  DE:0000  HL:000E  AF:3816  SP:7FED  PC:0133   
0134  F5        PUSH PSW    (3)  BC:0000  DE:0000  HL:000E  AF:3816  SP:7FEB  PC:0134   
0135  4F        MOV C,A     (3)  BC:0000  DE:0000  HL:000E  AF:3816  SP:7FE9  PC:0135   
0136  CD 37 C0  CALL C037   (3)  BC:0038  DE:0000  HL:000E  AF:3816  SP:7FE9  PC:0136   
0139  F1        POP PSW     (3)  BC:0038  DE:0000  HL:000E  AF:3816  SP:7FE9  PC:0139   
013A  E1        POP H       (3)  BC:0038  DE:0000  HL:000E  AF:3816  SP:7FEB  PC:013A   
013B  D1        POP D       (3)  BC:0038  DE:0000  HL:000E  AF:3816  SP:7FED  PC:013B   
013C  C1        POP B       (3)  BC:0038  DE:0000  HL:000E  AF:3816  SP:7FEF  PC:013C   
013D  C9        RET         (3)  BC:0000  DE:0000  HL:000E  AF:3816  SP:7FF1  PC:013D   
0128  23        INX H       (2)  BC:0000  DE:0000  HL:000E  AF:3816  SP:7FF3  PC:0128   
0129  C3 1E 01  JMP 011E    (2)  BC:0000  DE:0000  HL:000F  AF:3816  SP:7FF3  PC:0129   
011E  7E        MOV A,M     (2)  BC:0000  DE:0000  HL:000F  AF:3816  SP:7FF3  PC:011E   
011F  FE 24     CPI 24      (2)  BC:0000  DE:0000  HL:000F  AF:3016  SP:7FF3  PC:011F   
0121  CA 2C 01  JZ 012C     (2)  BC:0000  DE:0000  HL:000F  AF:3006  SP:7FF3  PC:0121   
0124  7E        MOV A,M     (2)  BC:0000  DE:0000  HL:000F  AF:3006  SP:7FF3  PC:0124   
0125  CD 31 01  CALL 0131   (2)  BC:0000  DE:0000  HL:000F  AF:3006  SP:7FF3  PC:0125   
0131  C5        PUSH B      (3)  BC:0000  DE:0000  HL:000F  AF:3006  SP:7FF1  PC:0131   
0132  D5        PUSH D      (3)  BC:0000  DE:0000  HL:000F  AF:3006  SP:7FEF  PC:0132   
0133  E5        PUSH H      (3)  BC:0000  DE:0000  HL:000F  AF:3006  SP:7FED  PC:0133   
0134  F5        PUSH PSW    (3)  BC:0000  DE:0000  HL:000F  AF:3006  SP:7FEB  PC:0134   
0135  4F        MOV C,A     (3)  BC:0000  DE:0000  HL:000F  AF:3006  SP:7FE9  PC:0135   
0136  CD 37 C0  CALL C037   (3)  BC:0030  DE:0000  HL:000F  AF:3006  SP:7FE9  PC:0136   
0139  F1        POP PSW     (3)  BC:0030  DE:0000  HL:000F  AF:3006  SP:7FE9  PC:0139   
013A  E1        POP H       (3)  BC:0030  DE:0000  HL:000F  AF:3006  SP:7FEB  PC:013A   
013B  D1        POP D       (3)  BC:0030  DE:0000  HL:000F  AF:3006  SP:7FED  PC:013B   
013C  C1        POP B       (3)  BC:0030  DE:0000  HL:000F  AF:3006  SP:7FEF  PC:013C   
013D  C9        RET         (3)  BC:0000  DE:0000  HL:000F  AF:3006  SP:7FF1  PC:013D   
0128  23        INX H       (2)  BC:0000  DE:0000  HL:000F  AF:3006  SP:7FF3  PC:0128   
0129  C3 1E 01  JMP 011E    (2)  BC:0000  DE:0000  HL:0010  AF:3006  SP:7FF3  PC:0129   
011E  7E        MOV A,M     (2)  BC:0000  DE:0000  HL:0010  AF:3006  SP:7FF3  PC:011E   
011F  FE 24     CPI 24      (2)  BC:0000  DE:0000  HL:0010  AF:2006  SP:7FF3  PC:011F   
0121  CA 2C 01  JZ 012C     (2)  BC:0000  DE:0000  HL:0010  AF:2087  SP:7FF3  PC:0121   
0124  7E        MOV A,M     (2)  BC:0000  DE:0000  HL:0010  AF:2087  SP:7FF3  PC:0124   
0125  CD 31 01  CALL 0131   (2)  BC:0000  DE:0000  HL:0010  AF:2087  SP:7FF3  PC:0125   
0131  C5        PUSH B      (3)  BC:0000  DE:0000  HL:0010  AF:2087  SP:7FF1  PC:0131   
0132  D5        PUSH D      (3)  BC:0000  DE:0000  HL:0010  AF:2087  SP:7FEF  PC:0132   
0133  E5        PUSH H      (3)  BC:0000  DE:0000  HL:0010  AF:2087  SP:7FED  PC:0133   
0134  F5        PUSH PSW    (3)  BC:0000  DE:0000  HL:0010  AF:2087  SP:7FEB  PC:0134   
0135  4F        MOV C,A     (3)  BC:0000  DE:0000  HL:0010  AF:2087  SP:7FE9  PC:0135   
0136  CD 37 C0  CALL C037   (3)  BC:0020  DE:0000  HL:0010  AF:2087  SP:7FE9  PC:0136   
0139  F1        POP PSW     (3)  BC:0020  DE:0000  HL:0010  AF:2087  SP:7FE9  PC:0139   
013A  E1        POP H       (3)  BC:0020  DE:0000  HL:0010  AF:2087  SP:7FEB  PC:013A   
013B  D1        POP D       (3)  BC:0020  DE:0000  HL:0010  AF:2087  SP:7FED  PC:013B   
013C  C1        POP B       (3)  BC:0020  DE:0000  HL:0010  AF:2087  SP:7FEF  PC:013C   
013D  C9        RET         (3)  BC:0000  DE:0000  HL:0010  AF:2087  SP:7FF1  PC:013D   
0128  23        INX H       (2)  BC:0000  DE:0000  HL:0010  AF:2087  SP:7FF3  PC:0128   
0129  C3 1E 01  JMP 011E    (2)  BC:0000  DE:0000  HL:0011  AF:2087  SP:7FF3  PC:0129   
011E  7E        MOV A,M     (2)  BC:0000  DE:0000  HL:0011  AF:2087  SP:7FF3  PC:011E   
011F  FE 24     CPI 24      (2)  BC:0000  DE:0000  HL:0011  AF:4987  SP:7FF3  PC:011F   
0121  CA 2C 01  JZ 012C     (2)  BC:0000  DE:0000  HL:0011  AF:4912  SP:7FF3  PC:0121   
0124  7E        MOV A,M     (2)  BC:0000  DE:0000  HL:0011  AF:4912  SP:7FF3  PC:0124   
0125  CD 31 01  CALL 0131   (2)  BC:0000  DE:0000  HL:0011  AF:4912  SP:7FF3  PC:0125   
0131  C5        PUSH B      (3)  BC:0000  DE:0000  HL:0011  AF:4912  SP:7FF1  PC:0131   
0132  D5        PUSH D      (3)  BC:0000  DE:0000  HL:0011  AF:4912  SP:7FEF  PC:0132   
0133  E5        PUSH H      (3)  BC:0000  DE:0000  HL:0011  AF:4912  SP:7FED  PC:0133   
0134  F5        PUSH PSW    (3)  BC:0000  DE:0000  HL:0011  AF:4912  SP:7FEB  PC:0134   
0135  4F        MOV C,A     (3)  BC:0000  DE:0000  HL:0011  AF:4912  SP:7FE9  PC:0135   
0136  CD 37 C0  CALL C037   (3)  BC:0049  DE:0000  HL:0011  AF:4912  SP:7FE9  PC:0136   
0139  F1        POP PSW     (3)  BC:0049  DE:0000  HL:0011  AF:4912  SP:7FE9  PC:0139   
013A  E1        POP H       (3)  BC:0049  DE:0000  HL:0011  AF:4912  SP:7FEB  PC:013A   
013B  D1        POP D       (3)  BC:0049  DE:0000  HL:0011  AF:4912  SP:7FED  PC:013B   
013C  C1        POP B       (3)  BC:0049  DE:0000  HL:0011  AF:4912  SP:7FEF  PC:013C   
013D  C9        RET         (3)  BC:0000  DE:0000  HL:0011  AF:4912  SP:7FF1  PC:013D   
0128  23        INX H       (2)  BC:0000  DE:0000  HL:0011  AF:4912  SP:7FF3  PC:0128   
0129  C3 1E 01  JMP 011E    (2)  BC:0000  DE:0000  HL:0012  AF:4912  SP:7FF3  PC:0129   
011E  7E        MOV A,M     (2)  BC:0000  DE:0000  HL:0012  AF:4912  SP:7FF3  PC:011E   
011F  FE 24     CPI 24      (2)  BC:0000  DE:0000  HL:0012  AF:4E12  SP:7FF3  PC:011F   
0121  CA 2C 01  JZ 012C     (2)  BC:0000  DE:0000  HL:0012  AF:4E12  SP:7FF3  PC:0121   
0124  7E        MOV A,M     (2)  BC:0000  DE:0000  HL:0012  AF:4E12  SP:7FF3  PC:0124   
0125  CD 31 01  CALL 0131   (2)  BC:0000  DE:0000  HL:0012  AF:4E12  SP:7FF3  PC:0125   
0131  C5        PUSH B      (3)  BC:0000  DE:0000  HL:0012  AF:4E12  SP:7FF1  PC:0131   
0132  D5        PUSH D      (3)  BC:0000  DE:0000  HL:0012  AF:4E12  SP:7FEF  PC:0132   
0133  E5        PUSH H      (3)  BC:0000  DE:0000  HL:0012  AF:4E12  SP:7FED  PC:0133   
0134  F5        PUSH PSW    (3)  BC:0000  DE:0000  HL:0012  AF:4E12  SP:7FEB  PC:0134   
0135  4F        MOV C,A     (3)  BC:0000  DE:0000  HL:0012  AF:4E12  SP:7FE9  PC:0135   
0136  CD 37 C0  CALL C037   (3)  BC:004E  DE:0000  HL:0012  AF:4E12  SP:7FE9  PC:0136   
0139  F1        POP PSW     (3)  BC:004E  DE:0000  HL:0012  AF:4E12  SP:7FE9  PC:0139   
013A  E1        POP H       (3)  BC:004E  DE:0000  HL:0012  AF:4E12  SP:7FEB  PC:013A   
013B  D1        POP D       (3)  BC:004E  DE:0000  HL:0012  AF:4E12  SP:7FED  PC:013B   
013C  C1        POP B       (3)  BC:004E  DE:0000  HL:0012  AF:4E12  SP:7FEF  PC:013C   
013D  C9        RET         (3)  BC:0000  DE:0000  HL:0012  AF:4E12  SP:7FF1  PC:013D   
0128  23        INX H       (2)  BC:0000  DE:0000  HL:0012  AF:4E12  SP:7FF3  PC:0128   
0129  C3 1E 01  JMP 011E    (2)  BC:0000  DE:0000  HL:0013  AF:4E12  SP:7FF3  PC:0129   
011E  7E        MOV A,M     (2)  BC:0000  DE:0000  HL:0013  AF:4E12  SP:7FF3  PC:011E   
011F  FE 24     CPI 24      (2)  BC:0000  DE:0000  HL:0013  AF:5312  SP:7FF3  PC:011F   
0121  CA 2C 01  JZ 012C     (2)  BC:0000  DE:0000  HL:0013  AF:5302  SP:7FF3  PC:0121   
0124  7E        MOV A,M     (2)  BC:0000  DE:0000  HL:0013  AF:5302  SP:7FF3  PC:0124   
0125  CD 31 01  CALL 0131   (2)  BC:0000  DE:0000  HL:0013  AF:5302  SP:7FF3  PC:0125   
0131  C5        PUSH B      (3)  BC:0000  DE:0000  HL:0013  AF:5302  SP:7FF1  PC:0131   
0132  D5        PUSH D      (3)  BC:0000  DE:0000  HL:0013  AF:5302  SP:7FEF  PC:0132   
0133  E5        PUSH H      (3)  BC:0000  DE:0000  HL:0013  AF:5302  SP:7FED  PC:0133   
0134  F5        PUSH PSW    (3)  BC:0000  DE:0000  HL:0013  AF:5302  SP:7FEB  PC:0134   
0135  4F        MOV C,A     (3)  BC:0000  DE:0000  HL:0013  AF:5302  SP:7FE9  PC:0135   
0136  CD 37 C0  CALL C037   (3)  BC:0053  DE:0000  HL:0013  AF:5302  SP:7FE9  PC:0136   
0139  F1        POP PSW     (3)  BC:0053  DE:0000  HL:0013  AF:5302  SP:7FE9  PC:0139   
013A  E1        POP H       (3)  BC:0053  DE:0000  HL:0013  AF:5302  SP:7FEB  PC:013A   
013B  D1        POP D       (3)  BC:0053  DE:0000  HL:0013  AF:5302  SP:7FED  PC:013B   
013C  C1        POP B       (3)  BC:0053  DE:0000  HL:0013  AF:5302  SP:7FEF  PC:013C   
013D  C9        RET         (3)  BC:0000  DE:0000  HL:0013  AF:5302  SP:7FF1  PC:013D   
0128  23        INX H       (2)  BC:0000  DE:0000  HL:0013  AF:5302  SP:7FF3  PC:0128   
0129  C3 1E 01  JMP 011E    (2)  BC:0000  DE:0000  HL:0014  AF:5302  SP:7FF3  PC:0129   
011E  7E        MOV A,M     (2)  BC:0000  DE:0000  HL:0014  AF:5302  SP:7FF3  PC:011E   
011F  FE 24     CPI 24      (2)  BC:0000  DE:0000  HL:0014  AF:5402  SP:7FF3  PC:011F   
0121  CA 2C 01  JZ 012C     (2)  BC:0000  DE:0000  HL:0014  AF:5416  SP:7FF3  PC:0121   
0124  7E        MOV A,M     (2)  BC:0000  DE:0000  HL:0014  AF:5416  SP:7FF3  PC:0124   
0125  CD 31 01  CALL 0131   (2)  BC:0000  DE:0000  HL:0014  AF:5416  SP:7FF3  PC:0125   
0131  C5        PUSH B      (3)  BC:0000  DE:0000  HL:0014  AF:5416  SP:7FF1  PC:0131   
0132  D5        PUSH D      (3)  BC:0000  DE:0000  HL:0014  AF:5416  SP:7FEF  PC:0132   
0133  E5        PUSH H      (3)  BC:0000  DE:0000  HL:0014  AF:5416  SP:7FED  PC:0133   
0134  F5        PUSH PSW    (3)  BC:0000  DE:0000  HL:0014  AF:5416  SP:7FEB  PC:0134   
0135  4F        MOV C,A     (3)  BC:0000  DE:0000  HL:0014  AF:5416  SP:7FE9  PC:0135   
0136  CD 37 C0  CALL C037   (3)  BC:0054  DE:0000  HL:0014  AF:5416  SP:7FE9  PC:0136   
0139  F1        POP PSW     (3)  BC:0054  DE:0000  HL:0014  AF:5416  SP:7FE9  PC:0139   
013A  E1        POP H       (3)  BC:0054  DE:0000  HL:0014  AF:5416  SP:7FEB  PC:013A   
013B  D1        POP D       (3)  BC:0054  DE:0000  HL:0014  AF:5416  SP:7FED  PC:013B   
013C  C1        POP B       (3)  BC:0054  DE:0000  HL:0014  AF:5416  SP:7FEF  PC:013C   
013D  C9        RET         (3)  BC:0000  DE:0000  HL:0014  AF:5416  SP:7FF1  PC:013D   
0128  23        INX H       (2)  BC:0000  DE:0000  HL:0014  AF:5416  SP:7FF3  PC:0128   
0129  C3 1E 01  JMP 011E    (2)  BC:0000  DE:0000  HL:0015  AF:5416  SP:7FF3  PC:0129   
011E  7E        MOV A,M     (2)  BC:0000  DE:0000  HL:0015  AF:5416  SP:7FF3  PC:011E   
011F  FE 24     CPI 24      (2)  BC:0000  DE:0000  HL:0015  AF:5216  SP:7FF3  PC:011F   
0121  CA 2C 01  JZ 012C     (2)  BC:0000  DE:0000  HL:0015  AF:5206  SP:7FF3  PC:0121   
0124  7E        MOV A,M     (2)  BC:0000  DE:0000  HL:0015  AF:5206  SP:7FF3  PC:0124   
0125  CD 31 01  CALL 0131   (2)  BC:0000  DE:0000  HL:0015  AF:5206  SP:7FF3  PC:0125   
0131  C5        PUSH B      (3)  BC:0000  DE:0000  HL:0015  AF:5206  SP:7FF1  PC:0131   
0132  D5        PUSH D      (3)  BC:0000  DE:0000  HL:0015  AF:5206  SP:7FEF  PC:0132   
0133  E5        PUSH H      (3)  BC:0000  DE:0000  HL:0015  AF:5206  SP:7FED  PC:0133   
0134  F5        PUSH PSW    (3)  BC:0000  DE:0000  HL:0015  AF:5206  SP:7FEB  PC:0134   
0135  4F        MOV C,A     (3)  BC:0000  DE:0000  HL:0015  AF:5206  SP:7FE9  PC:0135   
0136  CD 37 C0  CALL C037   (3)  BC:0052  DE:0000  HL:0015  AF:5206  SP:7FE9  PC:0136   
0139  F1        POP PSW     (3)  BC:0052  DE:0000  HL:0015  AF:5206  SP:7FE9  PC:0139   
013A  E1        POP H       (3)  BC:0052  DE:0000  HL:0015  AF:5206  SP:7FEB  PC:013A   
013B  D1        POP D       (3)  BC:0052  DE:0000  HL:0015  AF:5206  SP:7FED  PC:013B   
013C  C1        POP B       (3)  BC:0052  DE:0000  HL:0015  AF:5206  SP:7FEF  PC:013C   
013D  C9        RET         (3)  BC:0000  DE:0000  HL:0015  AF:5206  SP:7FF1  PC:013D   
0128  23        INX H       (2)  BC:0000  DE:0000  HL:0015  AF:5206  SP:7FF3  PC:0128   
0129  C3 1E 01  JMP 011E    (2)  BC:0000  DE:0000  HL:0016  AF:5206  SP:7FF3  PC:0129   
011E  7E        MOV A,M     (2)  BC:0000  DE:0000  HL:0016  AF:5206  SP:7FF3  PC:011E   
011F  FE 24     CPI 24      (2)  BC:0000  DE:0000  HL:0016  AF:5506  SP:7FF3  PC:011F   
0121  CA 2C 01  JZ 012C     (2)  BC:0000  DE:0000  HL:0016  AF:5512  SP:7FF3  PC:0121   
0124  7E        MOV A,M     (2)  BC:0000  DE:0000  HL:0016  AF:5512  SP:7FF3  PC:0124   
0125  CD 31 01  CALL 0131   (2)  BC:0000  DE:0000  HL:0016  AF:5512  SP:7FF3  PC:0125   
0131  C5        PUSH B      (3)  BC:0000  DE:0000  HL:0016  AF:5512  SP:7FF1  PC:0131   
0132  D5        PUSH D      (3)  BC:0000  DE:0000  HL:0016  AF:5512  SP:7FEF  PC:0132   
0133  E5        PUSH H      (3)  BC:0000  DE:0000  HL:0016  AF:5512  SP:7FED  PC:0133   
0134  F5        PUSH PSW    (3)  BC:0000  DE:0000  HL:0016  AF:5512  SP:7FEB  PC:0134   
0135  4F        MOV C,A     (3)  BC:0000  DE:0000  HL:0016  AF:5512  SP:7FE9  PC:0135   
0136  CD 37 C0  CALL C037   (3)  BC:0055  DE:0000  HL:0016  AF:5512  SP:7FE9  PC:0136   
0139  F1        POP PSW     (3)  BC:0055  DE:0000  HL:0016  AF:5512  SP:7FE9  PC:0139   
013A  E1        POP H       (3)  BC:0055  DE:0000  HL:0016  AF:5512  SP:7FEB  PC:013A   
013B  D1        POP D       (3)  BC:0055  DE:0000  HL:0016  AF:5512  SP:7FED  PC:013B   
013C  C1        POP B       (3)  BC:0055  DE:0000  HL:0016  AF:5512  SP:7FEF  PC:013C   
013D  C9        RET         (3)  BC:0000  DE:0000  HL:0016  AF:5512  SP:7FF1  PC:013D   
0128  23        INX H       (2)  BC:0000  DE:0000  HL:0016  AF:5512  SP:7FF3  PC:0128   
0129  C3 1E 01  JMP 011E    (2)  BC:0000  DE:0000  HL:0017  AF:5512  SP:7FF3  PC:0129   
011E  7E        MOV A,M     (2)  BC:0000  DE:0000  HL:0017  AF:5512  SP:7FF3  PC:011E   
011F  FE 24     CPI 24      (2)  BC:0000  DE:0000  HL:0017  AF:4312  SP:7FF3  PC:011F   
0121  CA 2C 01  JZ 012C     (2)  BC:0000  DE:0000  HL:0017  AF:4302  SP:7FF3  PC:0121   
0124  7E        MOV A,M     (2)  BC:0000  DE:0000  HL:0017  AF:4302  SP:7FF3  PC:0124   
0125  CD 31 01  CALL 0131   (2)  BC:0000  DE:0000  HL:0017  AF:4302  SP:7FF3  PC:0125   
0131  C5        PUSH B      (3)  BC:0000  DE:0000  HL:0017  AF:4302  SP:7FF1  PC:0131   
0132  D5        PUSH D      (3)  BC:0000  DE:0000  HL:0017  AF:4302  SP:7FEF  PC:0132   
0133  E5        PUSH H      (3)  BC:0000  DE:0000  HL:0017  AF:4302  SP:7FED  PC:0133   
0134  F5        PUSH PSW    (3)  BC:0000  DE:0000  HL:0017  AF:4302  SP:7FEB  PC:0134   
0135  4F        MOV C,A     (3)  BC:0000  DE:0000  HL:0017  AF:4302  SP:7FE9  PC:0135   
0136  CD 37 C0  CALL C037   (3)  BC:0043  DE:0000  HL:0017  AF:4302  SP:7FE9  PC:0136   
0139  F1        POP PSW     (3)  BC:0043  DE:0000  HL:0017  AF:4302  SP:7FE9  PC:0139   
013A  E1        POP H       (3)  BC:0043  DE:0000  HL:0017  AF:4302  SP:7FEB  PC:013A   
013B  D1        POP D       (3)  BC:0043  DE:0000  HL:0017  AF:4302  SP:7FED  PC:013B   
013C  C1        POP B       (3)  BC:0043  DE:0000  HL:0017  AF:4302  SP:7FEF  PC:013C   
013D  C9        RET         (3)  BC:0000  DE:0000  HL:0017  AF:4302  SP:7FF1  PC:013D   
0128  23        INX H       (2)  BC:0000  DE:0000  HL:0017  AF:4302  SP:7FF3  PC:0128   
0129  C3 1E 01  JMP 011E    (2)  BC:0000  DE:0000  HL:0018  AF:4302  SP:7FF3  PC:0129   
011E  7E        MOV A,M     (2)  BC:0000  DE:0000  HL:0018  AF:4302  SP:7FF3  PC:011E   
011F  FE 24     CPI 24      (2)  BC:0000  DE:0000  HL:0018  AF:5402  SP:7FF3  PC:011F   
0121  CA 2C 01  JZ 012C     (2)  BC:0000  DE:0000  HL:0018  AF:5416  SP:7FF3  PC:0121   
0124  7E        MOV A,M     (2)  BC:0000  DE:0000  HL:0018  AF:5416  SP:7FF3  PC:0124   
0125  CD 31 01  CALL 0131   (2)  BC:0000  DE:0000  HL:0018  AF:5416  SP:7FF3  PC:0125   
0131  C5        PUSH B      (3)  BC:0000  DE:0000  HL:0018  AF:5416  SP:7FF1  PC:0131   
0132  D5        PUSH D      (3)  BC:0000  DE:0000  HL:0018  AF:5416  SP:7FEF  PC:0132   
0133  E5        PUSH H      (3)  BC:0000  DE:0000  HL:0018  AF:5416  SP:7FED  PC:0133   
0134  F5        PUSH PSW    (3)  BC:0000  DE:0000  HL:0018  AF:5416  SP:7FEB  PC:0134   
0135  4F        MOV C,A     (3)  BC:0000  DE:0000  HL:0018  AF:5416  SP:7FE9  PC:0135   
0136  CD 37 C0  CALL C037   (3)  BC:0054  DE:0000  HL:0018  AF:5416  SP:7FE9  PC:0136   
0139  F1        POP PSW     (3)  BC:0054  DE:0000  HL:0018  AF:5416  SP:7FE9  PC:0139   
013A  E1        POP H       (3)  BC:0054  DE:0000  HL:0018  AF:5416  SP:7FEB  PC:013A   
013B  D1        POP D       (3)  BC:0054  DE:0000  HL:0018  AF:5416  SP:7FED  PC:013B   
013C  C1        POP B       (3)  BC:0054  DE:0000  HL:0018  AF:5416  SP:7FEF  PC:013C   
013D  C9        RET         (3)  BC:0000  DE:0000  HL:0018  AF:5416  SP:7FF1  PC:013D   
0128  23        INX H       (2)  BC:0000  DE:0000  HL:0018  AF:5416  SP:7FF3  PC:0128   
0129  C3 1E 01  JMP 011E    (2)  BC:0000  DE:0000  HL:0019  AF:5416  SP:7FF3  PC:0129   
011E  7E        MOV A,M     (2)  BC:0000  DE:0000  HL:0019  AF:5416  SP:7FF3  PC:011E   
011F  FE 24     CPI 24      (2)  BC:0000  DE:0000  HL:0019  AF:4916  SP:7FF3  PC:011F   
0121  CA 2C 01  JZ 012C     (2)  BC:0000  DE:0000  HL:0019  AF:4912  SP:7FF3  PC:0121   
0124  7E        MOV A,M     (2)  BC:0000  DE:0000  HL:0019  AF:4912  SP:7FF3  PC:0124   
0125  CD 31 01  CALL 0131   (2)  BC:0000  DE:0000  HL:0019  AF:4912  SP:7FF3  PC:0125   
0131  C5        PUSH B      (3)  BC:0000  DE:0000  HL:0019  AF:4912  SP:7FF1  PC:0131   
0132  D5        PUSH D      (3)  BC:0000  DE:0000  HL:0019  AF:4912  SP:7FEF  PC:0132   
0133  E5        PUSH H      (3)  BC:0000  DE:0000  HL:0019  AF:4912  SP:7FED  PC:0133   
0134  F5        PUSH PSW    (3)  BC:0000  DE:0000  HL:0019  AF:4912  SP:7FEB  PC:0134   
0135  4F        MOV C,A     (3)  BC:0000  DE:0000  HL:0019  AF:4912  SP:7FE9  PC:0135   
0136  CD 37 C0  CALL C037   (3)  BC:0049  DE:0000  HL:0019  AF:4912  SP:7FE9  PC:0136   
0139  F1        POP PSW     (3)  BC:0049  DE:0000  HL:0019  AF:4912  SP:7FE9  PC:0139   
013A  E1        POP H       (3)  BC:0049  DE:0000  HL:0019  AF:4912  SP:7FEB  PC:013A   
013B  D1        POP D       (3)  BC:0049  DE:0000  HL:0019  AF:4912  SP:7FED  PC:013B   
013C  C1        POP B       (3)  BC:0049  DE:0000  HL:0019  AF:4912  SP:7FEF  PC:013C   
013D  C9        RET         (3)  BC:0000  DE:0000  HL:0019  AF:4912  SP:7FF1  PC:013D   
0128  23        INX H       (2)  BC:0000  DE:0000  HL:0019  AF:4912  SP:7FF3  PC:0128   
0129  C3 1E 01  JMP 011E    (2)  BC:0000  DE:0000  HL:001A  AF:4912  SP:7FF3  PC:0129   
011E  7E        MOV A,M     (2)  BC:0000  DE:0000  HL:001A  AF:4912  SP:7FF3  PC:011E   
011F  FE 24     CPI 24      (2)  BC:0000  DE:0000  HL:001A  AF:4F12  SP:7FF3  PC:011F   
0121  CA 2C 01  JZ 012C     (2)  BC:0000  DE:0000  HL:001A  AF:4F16  SP:7FF3  PC:0121   
0124  7E        MOV A,M     (2)  BC:0000  DE:0000  HL:001A  AF:4F16  SP:7FF3  PC:0124   
0125  CD 31 01  CALL 0131   (2)  BC:0000  DE:0000  HL:001A  AF:4F16  SP:7FF3  PC:0125   
0131  C5        PUSH B      (3)  BC:0000  DE:0000  HL:001A  AF:4F16  SP:7FF1  PC:0131   
0132  D5        PUSH D      (3)  BC:0000  DE:0000  HL:001A  AF:4F16  SP:7FEF  PC:0132   
0133  E5        PUSH H      (3)  BC:0000  DE:0000  HL:001A  AF:4F16  SP:7FED  PC:0133   
0134  F5        PUSH PSW    (3)  BC:0000  DE:0000  HL:001A  AF:4F16  SP:7FEB  PC:0134   
0135  4F        MOV C,A     (3)  BC:0000  DE:0000  HL:001A  AF:4F16  SP:7FE9  PC:0135   
0136  CD 37 C0  CALL C037   (3)  BC:004F  DE:0000  HL:001A  AF:4F16  SP:7FE9  PC:0136   
0139  F1        POP PSW     (3)  BC:004F  DE:0000  HL:001A  AF:4F16  SP:7FE9  PC:0139   
013A  E1        POP H       (3)  BC:004F  DE:0000  HL:001A  AF:4F16  SP:7FEB  PC:013A   
013B  D1        POP D       (3)  BC:004F  DE:0000  HL:001A  AF:4F16  SP:7FED  PC:013B   
013C  C1        POP B       (3)  BC:004F  DE:0000  HL:001A  AF:4F16  SP:7FEF  PC:013C   
013D  C9        RET         (3)  BC:0000  DE:0000  HL:001A  AF:4F16  SP:7FF1  PC:013D   
0128  23        INX H       (2)  BC:0000  DE:0000  HL:001A  AF:4F16  SP:7FF3  PC:0128   
0129  C3 1E 01  JMP 011E    (2)  BC:0000  DE:0000  HL:001B  AF:4F16  SP:7FF3  PC:0129   
011E  7E        MOV A,M     (2)  BC:0000  DE:0000  HL:001B  AF:4F16  SP:7FF3  PC:011E   
011F  FE 24     CPI 24      (2)  BC:0000  DE:0000  HL:001B  AF:4E16  SP:7FF3  PC:011F   
0121  CA 2C 01  JZ 012C     (2)  BC:0000  DE:0000  HL:001B  AF:4E12  SP:7FF3  PC:0121   
0124  7E        MOV A,M     (2)  BC:0000  DE:0000  HL:001B  AF:4E12  SP:7FF3  PC:0124   
0125  CD 31 01  CALL 0131   (2)  BC:0000  DE:0000  HL:001B  AF:4E12  SP:7FF3  PC:0125   
0131  C5        PUSH B      (3)  BC:0000  DE:0000  HL:001B  AF:4E12  SP:7FF1  PC:0131   
0132  D5        PUSH D      (3)  BC:0000  DE:0000  HL:001B  AF:4E12  SP:7FEF  PC:0132   
0133  E5        PUSH H      (3)  BC:0000  DE:0000  HL:001B  AF:4E12  SP:7FED  PC:0133   
0134  F5        PUSH PSW    (3)  BC:0000  DE:0000  HL:001B  AF:4E12  SP:7FEB  PC:0134   
0135  4F        MOV C,A     (3)  BC:0000  DE:0000  HL:001B  AF:4E12  SP:7FE9  PC:0135   
0136  CD 37 C0  CALL C037   (3)  BC:004E  DE:0000  HL:001B  AF:4E12  SP:7FE9  PC:0136   
0139  F1        POP PSW     (3)  BC:004E  DE:0000  HL:001B  AF:4E12  SP:7FE9  PC:0139   
013A  E1        POP H       (3)  BC:004E  DE:0000  HL:001B  AF:4E12  SP:7FEB  PC:013A   
013B  D1        POP D       (3)  BC:004E  DE:0000  HL:001B  AF:4E12  SP:7FED  PC:013B   
013C  C1        POP B       (3)  BC:004E  DE:0000  HL:001B  AF:4E12  SP:7FEF  PC:013C   
013D  C9        RET         (3)  BC:0000  DE:0000  HL:001B  AF:4E12  SP:7FF1  PC:013D   
0128  23        INX H       (2)  BC:0000  DE:0000  HL:001B  AF:4E12  SP:7FF3  PC:0128   
0129  C3 1E 01  JMP 011E    (2)  BC:0000  DE:0000  HL:001C  AF:4E12  SP:7FF3  PC:0129   
011E  7E        MOV A,M     (2)  BC:0000  DE:0000  HL:001C  AF:4E12  SP:7FF3  PC:011E   
011F  FE 24     CPI 24      (2)  BC:0000  DE:0000  HL:001C  AF:2012  SP:7FF3  PC:011F   
0121  CA 2C 01  JZ 012C     (2)  BC:0000  DE:0000  HL:001C  AF:2087  SP:7FF3  PC:0121   
0124  7E        MOV A,M     (2)  BC:0000  DE:0000  HL:001C  AF:2087  SP:7FF3  PC:0124   
0125  CD 31 01  CALL 0131   (2)  BC:0000  DE:0000  HL:001C  AF:2087  SP:7FF3  PC:0125   
0131  C5        PUSH B      (3)  BC:0000  DE:0000  HL:001C  AF:2087  SP:7FF1  PC:0131   
0132  D5        PUSH D      (3)  BC:0000  DE:0000  HL:001C  AF:2087  SP:7FEF  PC:0132   
0133  E5        PUSH H      (3)  BC:0000  DE:0000  HL:001C  AF:2087  SP:7FED  PC:0133   
0134  F5        PUSH PSW    (3)  BC:0000  DE:0000  HL:001C  AF:2087  SP:7FEB  PC:0134   
0135  4F        MOV C,A     (3)  BC:0000  DE:0000  HL:001C  AF:2087  SP:7FE9  PC:0135   
0136  CD 37 C0  CALL C037   (3)  BC:0020  DE:0000  HL:001C  AF:2087  SP:7FE9  PC:0136   
0139  F1        POP PSW     (3)  BC:0020  DE:0000  HL:001C  AF:2087  SP:7FE9  PC:0139   
013A  E1        POP H       (3)  BC:0020  DE:0000  HL:001C  AF:2087  SP:7FEB  PC:013A   
013B  D1        POP D       (3)  BC:0020  DE:0000  HL:001C  AF:2087  SP:7FED  PC:013B   
013C  C1        POP B       (3)  BC:0020  DE:0000  HL:001C  AF:2087  SP:7FEF  PC:013C   
013D  C9        RET         (3)  BC:0000  DE:0000  HL:001C  AF:2087  SP:7FF1  PC:013D   
0128  23        INX H       (2)  BC:0000  DE:0000  HL:001C  AF:2087  SP:7FF3  PC:0128   
0129  C3 1E 01  JMP 011E    (2)  BC:0000  DE:0000  HL:001D  AF:2087  SP:7FF3  PC:0129   
011E  7E        MOV A,M     (2)  BC:0000  DE:0000  HL:001D  AF:2087  SP:7FF3  PC:011E   
011F  FE 24     CPI 24      (2)  BC:0000  DE:0000  HL:001D  AF:5487  SP:7FF3  PC:011F   
0121  CA 2C 01  JZ 012C     (2)  BC:0000  DE:0000  HL:001D  AF:5416  SP:7FF3  PC:0121   
0124  7E        MOV A,M     (2)  BC:0000  DE:0000  HL:001D  AF:5416  SP:7FF3  PC:0124   
0125  CD 31 01  CALL 0131   (2)  BC:0000  DE:0000  HL:001D  AF:5416  SP:7FF3  PC:0125   
0131  C5        PUSH B      (3)  BC:0000  DE:0000  HL:001D  AF:5416  SP:7FF1  PC:0131   
0132  D5        PUSH D      (3)  BC:0000  DE:0000  HL:001D  AF:5416  SP:7FEF  PC:0132   
0133  E5        PUSH H      (3)  BC:0000  DE:0000  HL:001D  AF:5416  SP:7FED  PC:0133   
0134  F5        PUSH PSW    (3)  BC:0000  DE:0000  HL:001D  AF:5416  SP:7FEB  PC:0134   
0135  4F        MOV C,A     (3)  BC:0000  DE:0000  HL:001D  AF:5416  SP:7FE9  PC:0135   
0136  CD 37 C0  CALL C037   (3)  BC:0054  DE:0000  HL:001D  AF:5416  SP:7FE9  PC:0136   
0139  F1        POP PSW     (3)  BC:0054  DE:0000  HL:001D  AF:5416  SP:7FE9  PC:0139   
013A  E1        POP H       (3)  BC:0054  DE:0000  HL:001D  AF:5416  SP:7FEB  PC:013A   
013B  D1        POP D       (3)  BC:0054  DE:0000  HL:001D  AF:5416  SP:7FED  PC:013B   
013C  C1        POP B       (3)  BC:0054  DE:0000  HL:001D  AF:5416  SP:7FEF  PC:013C   
013D  C9        RET         (3)  BC:0000  DE:0000  HL:001D  AF:5416  SP:7FF1  PC:013D   
0128  23        INX H       (2)  BC:0000  DE:0000  HL:001D  AF:5416  SP:7FF3  PC:0128   
0129  C3 1E 01  JMP 011E    (2)  BC:0000  DE:0000  HL:001E  AF:5416  SP:7FF3  PC:0129   
011E  7E        MOV A,M     (2)  BC:0000  DE:0000  HL:001E  AF:5416  SP:7FF3  PC:011E   
011F  FE 24     CPI 24      (2)  BC:0000  DE:0000  HL:001E  AF:4516  SP:7FF3  PC:011F   
0121  CA 2C 01  JZ 012C     (2)  BC:0000  DE:0000  HL:001E  AF:4516  SP:7FF3  PC:0121   
0124  7E        MOV A,M     (2)  BC:0000  DE:0000  HL:001E  AF:4516  SP:7FF3  PC:0124   
0125  CD 31 01  CALL 0131   (2)  BC:0000  DE:0000  HL:001E  AF:4516  SP:7FF3  PC:0125   
0131  C5        PUSH B      (3)  BC:0000  DE:0000  HL:001E  AF:4516  SP:7FF1  PC:0131   
0132  D5        PUSH D      (3)  BC:0000  DE:0000  HL:001E  AF:4516  SP:7FEF  PC:0132   
0133  E5        PUSH H      (3)  BC:0000  DE:0000  HL:001E  AF:4516  SP:7FED  PC:0133   
0134  F5        PUSH PSW    (3)  BC:0000  DE:0000  HL:001E  AF:4516  SP:7FEB  PC:0134   
0135  4F        MOV C,A     (3)  BC:0000  DE:0000  HL:001E  AF:4516  SP:7FE9  PC:0135   
0136  CD 37 C0  CALL C037   (3)  BC:0045  DE:0000  HL:001E  AF:4516  SP:7FE9  PC:0136   
0139  F1        POP PSW     (3)  BC:0045  DE:0000  HL:001E  AF:4516  SP:7FE9  PC:0139   
013A  E1        POP H       (3)  BC:0045  DE:0000  HL:001E  AF:4516  SP:7FEB  PC:013A   
013B  D1        POP D       (3)  BC:0045  DE:0000  HL:001E  AF:4516  SP:7FED  PC:013B   
013C  C1        POP B       (3)  BC:0045  DE:0000  HL:001E  AF:4516  SP:7FEF  PC:013C   
013D  C9        RET         (3)  BC:0000  DE:0000  HL:001E  AF:4516  SP:7FF1  PC:013D   
0128  23        INX H       (2)  BC:0000  DE:0000  HL:001E  AF:4516  SP:7FF3  PC:0128   
0129  C3 1E 01  JMP 011E    (2)  BC:0000  DE:0000  HL:001F  AF:4516  SP:7FF3  PC:0129   
011E  7E        MOV A,M     (2)  BC:0000  DE:0000  HL:001F  AF:4516  SP:7FF3  PC:011E   
011F  FE 24     CPI 24      (2)  BC:0000  DE:0000  HL:001F  AF:5316  SP:7FF3  PC:011F   
0121  CA 2C 01  JZ 012C     (2)  BC:0000  DE:0000  HL:001F  AF:5302  SP:7FF3  PC:0121   
0124  7E        MOV A,M     (2)  BC:0000  DE:0000  HL:001F  AF:5302  SP:7FF3  PC:0124   
0125  CD 31 01  CALL 0131   (2)  BC:0000  DE:0000  HL:001F  AF:5302  SP:7FF3  PC:0125   
0131  C5        PUSH B      (3)  BC:0000  DE:0000  HL:001F  AF:5302  SP:7FF1  PC:0131   
0132  D5        PUSH D      (3)  BC:0000  DE:0000  HL:001F  AF:5302  SP:7FEF  PC:0132   
0133  E5        PUSH H      (3)  BC:0000  DE:0000  HL:001F  AF:5302  SP:7FED  PC:0133   
0134  F5        PUSH PSW    (3)  BC:0000  DE:0000  HL:001F  AF:5302  SP:7FEB  PC:0134   
0135  4F        MOV C,A     (3)  BC:0000  DE:0000  HL:001F  AF:5302  SP:7FE9  PC:0135   
0136  CD 37 C0  CALL C037   (3)  BC:0053  DE:0000  HL:001F  AF:5302  SP:7FE9  PC:0136   
0139  F1        POP PSW     (3)  BC:0053  DE:0000  HL:001F  AF:5302  SP:7FE9  PC:0139   
013A  E1        POP H       (3)  BC:0053  DE:0000  HL:001F  AF:5302  SP:7FEB  PC:013A   
013B  D1        POP D       (3)  BC:0053  DE:0000  HL:001F  AF:5302  SP:7FED  PC:013B   
013C  C1        POP B       (3)  BC:0053  DE:0000  HL:001F  AF:5302  SP:7FEF  PC:013C   
013D  C9        RET         (3)  BC:0000  DE:0000  HL:001F  AF:5302  SP:7FF1  PC:013D   
0128  23        INX H       (2)  BC:0000  DE:0000  HL:001F  AF:5302  SP:7FF3  PC:0128   
0129  C3 1E 01  JMP 011E    (2)  BC:0000  DE:0000  HL:0020  AF:5302  SP:7FF3  PC:0129   
011E  7E        MOV A,M     (2)  BC:0000  DE:0000  HL:0020  AF:5302  SP:7FF3  PC:011E   
011F  FE 24     CPI 24      (2)  BC:0000  DE:0000  HL:0020  AF:5402  SP:7FF3  PC:011F   
0121  CA 2C 01  JZ 012C     (2)  BC:0000  DE:0000  HL:0020  AF:5416  SP:7FF3  PC:0121   
0124  7E        MOV A,M     (2)  BC:0000  DE:0000  HL:0020  AF:5416  SP:7FF3  PC:0124   
0125  CD 31 01  CALL 0131   (2)  BC:0000  DE:0000  HL:0020  AF:5416  SP:7FF3  PC:0125   
0131  C5        PUSH B      (3)  BC:0000  DE:0000  HL:0020  AF:5416  SP:7FF1  PC:0131   
0132  D5        PUSH D      (3)  BC:0000  DE:0000  HL:0020  AF:5416  SP:7FEF  PC:0132   
0133  E5        PUSH H      (3)  BC:0000  DE:0000  HL:0020  AF:5416  SP:7FED  PC:0133   
0134  F5        PUSH PSW    (3)  BC:0000  DE:0000  HL:0020  AF:5416  SP:7FEB  PC:0134   
0135  4F        MOV C,A     (3)  BC:0000  DE:0000  HL:0020  AF:5416  SP:7FE9  PC:0135   
0136  CD 37 C0  CALL C037   (3)  BC:0054  DE:0000  HL:0020  AF:5416  SP:7FE9  PC:0136   
0139  F1        POP PSW     (3)  BC:0054  DE:0000  HL:0020  AF:5416  SP:7FE9  PC:0139   
013A  E1        POP H       (3)  BC:0054  DE:0000  HL:0020  AF:5416  SP:7FEB  PC:013A   
013B  D1        POP D       (3)  BC:0054  DE:0000  HL:0020  AF:5416  SP:7FED  PC:013B   
013C  C1        POP B       (3)  BC:0054  DE:0000  HL:0020  AF:5416  SP:7FEF  PC:013C   
013D  C9        RET         (3)  BC:0000  DE:0000  HL:0020  AF:5416  SP:7FF1  PC:013D   
0128  23        INX H       (2)  BC:0000  DE:0000  HL:0020  AF:5416  SP:7FF3  PC:0128   
0129  C3 1E 01  JMP 011E    (2)  BC:0000  DE:0000  HL:0021  AF:5416  SP:7FF3  PC:0129   
011E  7E        MOV A,M     (2)  BC:0000  DE:0000  HL:0021  AF:5416  SP:7FF3  PC:011E   
011F  FE 24     CPI 24      (2)  BC:0000  DE:0000  HL:0021  AF:2016  SP:7FF3  PC:011F   
0121  CA 2C 01  JZ 012C     (2)  BC:0000  DE:0000  HL:0021  AF:2087  SP:7FF3  PC:0121   
0124  7E        MOV A,M     (2)  BC:0000  DE:0000  HL:0021  AF:2087  SP:7FF3  PC:0124   
0125  CD 31 01  CALL 0131   (2)  BC:0000  DE:0000  HL:0021  AF:2087  SP:7FF3  PC:0125   
0131  C5        PUSH B      (3)  BC:0000  DE:0000  HL:0021  AF:2087  SP:7FF1  PC:0131   
0132  D5        PUSH D      (3)  BC:0000  DE:0000  HL:0021  AF:2087  SP:7FEF  PC:0132   
0133  E5        PUSH H      (3)  BC:0000  DE:0000  HL:0021  AF:2087  SP:7FED  PC:0133   
0134  F5        PUSH PSW    (3)  BC:0000  DE:0000  HL:0021  AF:2087  SP:7FEB  PC:0134   
0135  4F        MOV C,A     (3)  BC:0000  DE:0000  HL:0021  AF:2087  SP:7FE9  PC:0135   
0136  CD 37 C0  CALL C037   (3)  BC:0020  DE:0000  HL:0021  AF:2087  SP:7FE9  PC:0136   
0139  F1        POP PSW     (3)  BC:0020  DE:0000  HL:0021  AF:2087  SP:7FE9  PC:0139   
013A  E1        POP H       (3)  BC:0020  DE:0000  HL:0021  AF:2087  SP:7FEB  PC:013A   
013B  D1        POP D       (3)  BC:0020  DE:0000  HL:0021  AF:2087  SP:7FED  PC:013B   
013C  C1        POP B       (3)  BC:0020  DE:0000  HL:0021  AF:2087  SP:7FEF  PC:013C   
013D  C9        RET         (3)  BC:0000  DE:0000  HL:0021  AF:2087  SP:7FF1  PC:013D   
0128  23        INX H       (2)  BC:0000  DE:0000  HL:0021  AF:2087  SP:7FF3  PC:0128   
0129  C3 1E 01  JMP 011E    (2)  BC:0000  DE:0000  HL:0022  AF:2087  SP:7FF3  PC:0129   
011E  7E        MOV A,M     (2)  BC:0000  DE:0000  HL:0022  AF:2087  SP:7FF3  PC:011E   
011F  FE 24     CPI 24      (2)  BC:0000  DE:0000  HL:0022  AF:2887  SP:7FF3  PC:011F   
0121  CA 2C 01  JZ 012C     (2)  BC:0000  DE:0000  HL:0022  AF:2812  SP:7FF3  PC:0121   
0124  7E        MOV A,M     (2)  BC:0000  DE:0000  HL:0022  AF:2812  SP:7FF3  PC:0124   
0125  CD 31 01  CALL 0131   (2)  BC:0000  DE:0000  HL:0022  AF:2812  SP:7FF3  PC:0125   
0131  C5        PUSH B      (3)  BC:0000  DE:0000  HL:0022  AF:2812  SP:7FF1  PC:0131   
0132  D5        PUSH D      (3)  BC:0000  DE:0000  HL:0022  AF:2812  SP:7FEF  PC:0132   
0133  E5        PUSH H      (3)  BC:0000  DE:0000  HL:0022  AF:2812  SP:7FED  PC:0133   
0134  F5        PUSH PSW    (3)  BC:0000  DE:0000  HL:0022  AF:2812  SP:7FEB  PC:0134   
0135  4F        MOV C,A     (3)  BC:0000  DE:0000  HL:0022  AF:2812  SP:7FE9  PC:0135   
0136  CD 37 C0  CALL C037   (3)  BC:0028  DE:0000  HL:0022  AF:2812  SP:7FE9  PC:0136   
0139  F1        POP PSW     (3)  BC:0028  DE:0000  HL:0022  AF:2812  SP:7FE9  PC:0139   
013A  E1        POP H       (3)  BC:0028  DE:0000  HL:0022  AF:2812  SP:7FEB  PC:013A   
013B  D1        POP D       (3)  BC:0028  DE:0000  HL:0022  AF:2812  SP:7FED  PC:013B   
013C  C1        POP B       (3)  BC:0028  DE:0000  HL:0022  AF:2812  SP:7FEF  PC:013C   
013D  C9        RET         (3)  BC:0000  DE:0000  HL:0022  AF:2812  SP:7FF1  PC:013D   
0128  23        INX H       (2)  BC:0000  DE:0000  HL:0022  AF:2812  SP:7FF3  PC:0128   
0129  C3 1E 01  JMP 011E    (2)  BC:0000  DE:0000  HL:0023  AF:2812  SP:7FF3  PC:0129   
011E  7E        MOV A,M     (2)  BC:0000  DE:0000  HL:0023  AF:2812  SP:7FF3  PC:011E   
011F  FE 24     CPI 24      (2)  BC:0000  DE:0000  HL:0023  AF:4B12  SP:7FF3  PC:011F   
0121  CA 2C 01  JZ 012C     (2)  BC:0000  DE:0000  HL:0023  AF:4B16  SP:7FF3  PC:0121   
0124  7E        MOV A,M     (2)  BC:0000  DE:0000  HL:0023  AF:4B16  SP:7FF3  PC:0124   
0125  CD 31 01  CALL 0131   (2)  BC:0000  DE:0000  HL:0023  AF:4B16  SP:7FF3  PC:0125   
0131  C5        PUSH B      (3)  BC:0000  DE:0000  HL:0023  AF:4B16  SP:7FF1  PC:0131   
0132  D5        PUSH D      (3)  BC:0000  DE:0000  HL:0023  AF:4B16  SP:7FEF  PC:0132   
0133  E5        PUSH H      (3)  BC:0000  DE:0000  HL:0023  AF:4B16  SP:7FED  PC:0133   
0134  F5        PUSH PSW    (3)  BC:0000  DE:0000  HL:0023  AF:4B16  SP:7FEB  PC:0134   
0135  4F        MOV C,A     (3)  BC:0000  DE:0000  HL:0023  AF:4B16  SP:7FE9  PC:0135   
0136  CD 37 C0  CALL C037   (3)  BC:004B  DE:0000  HL:0023  AF:4B16  SP:7FE9  PC:0136   
0139  F1        POP PSW     (3)  BC:004B  DE:0000  HL:0023  AF:4B16  SP:7FE9  PC:0139   
013A  E1        POP H       (3)  BC:004B  DE:0000  HL:0023  AF:4B16  SP:7FEB  PC:013A   
013B  D1        POP D       (3)  BC:004B  DE:0000  HL:0023  AF:4B16  SP:7FED  PC:013B   
013C  C1        POP B       (3)  BC:004B  DE:0000  HL:0023  AF:4B16  SP:7FEF  PC:013C   
013D  C9        RET         (3)  BC:0000  DE:0000  HL:0023  AF:4B16  SP:7FF1  PC:013D   
0128  23        INX H       (2)  BC:0000  DE:0000  HL:0023  AF:4B16  SP:7FF3  PC:0128   
0129  C3 1E 01  JMP 011E    (2)  BC:0000  DE:0000  HL:0024  AF:4B16  SP:7FF3  PC:0129   
011E  7E        MOV A,M     (2)  BC:0000  DE:0000  HL:0024  AF:4B16  SP:7FF3  PC:011E   
011F  FE 24     CPI 24      (2)  BC:0000  DE:0000  HL:0024  AF:5216  SP:7FF3  PC:011F   
0121  CA 2C 01  JZ 012C     (2)  BC:0000  DE:0000  HL:0024  AF:5206  SP:7FF3  PC:0121   
0124  7E        MOV A,M     (2)  BC:0000  DE:0000  HL:0024  AF:5206  SP:7FF3  PC:0124   
0125  CD 31 01  CALL 0131   (2)  BC:0000  DE:0000  HL:0024  AF:5206  SP:7FF3  PC:0125   
0131  C5        PUSH B      (3)  BC:0000  DE:0000  HL:0024  AF:5206  SP:7FF1  PC:0131   
0132  D5        PUSH D      (3)  BC:0000  DE:0000  HL:0024  AF:5206  SP:7FEF  PC:0132   
0133  E5        PUSH H      (3)  BC:0000  DE:0000  HL:0024  AF:5206  SP:7FED  PC:0133   
0134  F5        PUSH PSW    (3)  BC:0000  DE:0000  HL:0024  AF:5206  SP:7FEB  PC:0134   
0135  4F        MOV C,A     (3)  BC:0000  DE:0000  HL:0024  AF:5206  SP:7FE9  PC:0135   
0136  CD 37 C0  CALL C037   (3)  BC:0052  DE:0000  HL:0024  AF:5206  SP:7FE9  PC:0136   
0139  F1        POP PSW     (3)  BC:0052  DE:0000  HL:0024  AF:5206  SP:7FE9  PC:0139   
013A  E1        POP H       (3)  BC:0052  DE:0000  HL:0024  AF:5206  SP:7FEB  PC:013A   
013B  D1        POP D       (3)  BC:0052  DE:0000  HL:0024  AF:5206  SP:7FED  PC:013B   
013C  C1        POP B       (3)  BC:0052  DE:0000  HL:0024  AF:5206  SP:7FEF  PC:013C   
013D  C9        RET         (3)  BC:0000  DE:0000  HL:0024  AF:5206  SP:7FF1  PC:013D   
0128  23        INX H       (2)  BC:0000  DE:0000  HL:0024  AF:5206  SP:7FF3  PC:0128   
0129  C3 1E 01  JMP 011E    (2)  BC:0000  DE:0000  HL:0025  AF:5206  SP:7FF3  PC:0129   
011E  7E        MOV A,M     (2)  BC:0000  DE:0000  HL:0025  AF:5206  SP:7FF3  PC:011E   
011F  FE 24     CPI 24      (2)  BC:0000  DE:0000  HL:0025  AF:3506  SP:7FF3  PC:011F   
0121  CA 2C 01  JZ 012C     (2)  BC:0000  DE:0000  HL:0025  AF:3516  SP:7FF3  PC:0121   
0124  7E        MOV A,M     (2)  BC:0000  DE:0000  HL:0025  AF:3516  SP:7FF3  PC:0124   
0125  CD 31 01  CALL 0131   (2)  BC:0000  DE:0000  HL:0025  AF:3516  SP:7FF3  PC:0125   
0131  C5        PUSH B      (3)  BC:0000  DE:0000  HL:0025  AF:3516  SP:7FF1  PC:0131   
0132  D5        PUSH D      (3)  BC:0000  DE:0000  HL:0025  AF:3516  SP:7FEF  PC:0132   
0133  E5        PUSH H      (3)  BC:0000  DE:0000  HL:0025  AF:3516  SP:7FED  PC:0133   
0134  F5        PUSH PSW    (3)  BC:0000  DE:0000  HL:0025  AF:3516  SP:7FEB  PC:0134   
0135  4F        MOV C,A     (3)  BC:0000  DE:0000  HL:0025  AF:3516  SP:7FE9  PC:0135   
0136  CD 37 C0  CALL C037   (3)  BC:0035  DE:0000  HL:0025  AF:3516  SP:7FE9  PC:0136   
0139  F1        POP PSW     (3)  BC:0035  DE:0000  HL:0025  AF:3516  SP:7FE9  PC:0139   
013A  E1        POP H       (3)  BC:0035  DE:0000  HL:0025  AF:3516  SP:7FEB  PC:013A   
013B  D1        POP D       (3)  BC:0035  DE:0000  HL:0025  AF:3516  SP:7FED  PC:013B   
013C  C1        POP B       (3)  BC:0035  DE:0000  HL:0025  AF:3516  SP:7FEF  PC:013C   
013D  C9        RET         (3)  BC:0000  DE:0000  HL:0025  AF:3516  SP:7FF1  PC:013D   
0128  23        INX H       (2)  BC:0000  DE:0000  HL:0025  AF:3516  SP:7FF3  PC:0128   
0129  C3 1E 01  JMP 011E    (2)  BC:0000  DE:0000  HL:0026  AF:3516  SP:7FF3  PC:0129   
011E  7E        MOV A,M     (2)  BC:0000  DE:0000  HL:0026  AF:3516  SP:7FF3  PC:011E   
011F  FE 24     CPI 24      (2)  BC:0000  DE:0000  HL:0026  AF:3816  SP:7FF3  PC:011F   
0121  CA 2C 01  JZ 012C     (2)  BC:0000  DE:0000  HL:0026  AF:3816  SP:7FF3  PC:0121   
0124  7E        MOV A,M     (2)  BC:0000  DE:0000  HL:0026  AF:3816  SP:7FF3  PC:0124   
0125  CD 31 01  CALL 0131   (2)  BC:0000  DE:0000  HL:0026  AF:3816  SP:7FF3  PC:0125   
0131  C5        PUSH B      (3)  BC:0000  DE:0000  HL:0026  AF:3816  SP:7FF1  PC:0131   
0132  D5        PUSH D      (3)  BC:0000  DE:0000  HL:0026  AF:3816  SP:7FEF  PC:0132   
0133  E5        PUSH H      (3)  BC:0000  DE:0000  HL:0026  AF:3816  SP:7FED  PC:0133   
0134  F5        PUSH PSW    (3)  BC:0000  DE:0000  HL:0026  AF:3816  SP:7FEB  PC:0134   
0135  4F        MOV C,A     (3)  BC:0000  DE:0000  HL:0026  AF:3816  SP:7FE9  PC:0135   
0136  CD 37 C0  CALL C037   (3)  BC:0038  DE:0000  HL:0026  AF:3816  SP:7FE9  PC:0136   
0139  F1        POP PSW     (3)  BC:0038  DE:0000  HL:0026  AF:3816  SP:7FE9  PC:0139   
013A  E1        POP H       (3)  BC:0038  DE:0000  HL:0026  AF:3816  SP:7FEB  PC:013A   
013B  D1        POP D       (3)  BC:0038  DE:0000  HL:0026  AF:3816  SP:7FED  PC:013B   
013C  C1        POP B       (3)  BC:0038  DE:0000  HL:0026  AF:3816  SP:7FEF  PC:013C   
013D  C9        RET         (3)  BC:0000  DE:0000  HL:0026  AF:3816  SP:7FF1  PC:013D   
0128  23        INX H       (2)  BC:0000  DE:0000  HL:0026  AF:3816  SP:7FF3  PC:0128   
0129  C3 1E 01  JMP 011E    (2)  BC:0000  DE:0000  HL:0027  AF:3816  SP:7FF3  PC:0129   
011E  7E        MOV A,M     (2)  BC:0000  DE:0000  HL:0027  AF:3816  SP:7FF3  PC:011E   
011F  FE 24     CPI 24      (2)  BC:0000  DE:0000  HL:0027  AF:3016  SP:7FF3  PC:011F   
0121  CA 2C 01  JZ 012C     (2)  BC:0000  DE:0000  HL:0027  AF:3006  SP:7FF3  PC:0121   
0124  7E        MOV A,M     (2)  BC:0000  DE:0000  HL:0027  AF:3006  SP:7FF3  PC:0124   
0125  CD 31 01  CALL 0131   (2)  BC:0000  DE:0000  HL:0027  AF:3006  SP:7FF3  PC:0125   
0131  C5        PUSH B      (3)  BC:0000  DE:0000  HL:0027  AF:3006  SP:7FF1  PC:0131   
0132  D5        PUSH D      (3)  BC:0000  DE:0000  HL:0027  AF:3006  SP:7FEF  PC:0132   
0133  E5        PUSH H      (3)  BC:0000  DE:0000  HL:0027  AF:3006  SP:7FED  PC:0133   
0134  F5        PUSH PSW    (3)  BC:0000  DE:0000  HL:0027  AF:3006  SP:7FEB  PC:0134   
0135  4F        MOV C,A     (3)  BC:0000  DE:0000  HL:0027  AF:3006  SP:7FE9  PC:0135   
0136  CD 37 C0  CALL C037   (3)  BC:0030  DE:0000  HL:0027  AF:3006  SP:7FE9  PC:0136   
0139  F1        POP PSW     (3)  BC:0030  DE:0000  HL:0027  AF:3006  SP:7FE9  PC:0139   
013A  E1        POP H       (3)  BC:0030  DE:0000  HL:0027  AF:3006  SP:7FEB  PC:013A   
013B  D1        POP D       (3)  BC:0030  DE:0000  HL:0027  AF:3006  SP:7FED  PC:013B   
013C  C1        POP B       (3)  BC:0030  DE:0000  HL:0027  AF:3006  SP:7FEF  PC:013C   
013D  C9        RET         (3)  BC:0000  DE:0000  HL:0027  AF:3006  SP:7FF1  PC:013D   
0128  23        INX H       (2)  BC:0000  DE:0000  HL:0027  AF:3006  SP:7FF3  PC:0128   
0129  C3 1E 01  JMP 011E    (2)  BC:0000  DE:0000  HL:0028  AF:3006  SP:7FF3  PC:0129   
011E  7E        MOV A,M     (2)  BC:0000  DE:0000  HL:0028  AF:3006  SP:7FF3  PC:011E   
011F  FE 24     CPI 24      (2)  BC:0000  DE:0000  HL:0028  AF:5606  SP:7FF3  PC:011F   
0121  CA 2C 01  JZ 012C     (2)  BC:0000  DE:0000  HL:0028  AF:5612  SP:7FF3  PC:0121   
0124  7E        MOV A,M     (2)  BC:0000  DE:0000  HL:0028  AF:5612  SP:7FF3  PC:0124   
0125  CD 31 01  CALL 0131   (2)  BC:0000  DE:0000  HL:0028  AF:5612  SP:7FF3  PC:0125   
0131  C5        PUSH B      (3)  BC:0000  DE:0000  HL:0028  AF:5612  SP:7FF1  PC:0131   
0132  D5        PUSH D      (3)  BC:0000  DE:0000  HL:0028  AF:5612  SP:7FEF  PC:0132   
0133  E5        PUSH H      (3)  BC:0000  DE:0000  HL:0028  AF:5612  SP:7FED  PC:0133   
0134  F5        PUSH PSW    (3)  BC:0000  DE:0000  HL:0028  AF:5612  SP:7FEB  PC:0134   
0135  4F        MOV C,A     (3)  BC:0000  DE:0000  HL:0028  AF:5612  SP:7FE9  PC:0135   
0136  CD 37 C0  CALL C037   (3)  BC:0056  DE:0000  HL:0028  AF:5612  SP:7FE9  PC:0136   
0139  F1        POP PSW     (3)  BC:0056  DE:0000  HL:0028  AF:5612  SP:7FE9  PC:0139   
013A  E1        POP H       (3)  BC:0056  DE:0000  HL:0028  AF:5612  SP:7FEB  PC:013A   
013B  D1        POP D       (3)  BC:0056  DE:0000  HL:0028  AF:5612  SP:7FED  PC:013B   
013C  C1        POP B       (3)  BC:0056  DE:0000  HL:0028  AF:5612  SP:7FEF  PC:013C   
013D  C9        RET         (3)  BC:0000  DE:0000  HL:0028  AF:5612  SP:7FF1  PC:013D   
0128  23        INX H       (2)  BC:0000  DE:0000  HL:0028  AF:5612  SP:7FF3  PC:0128   
0129  C3 1E 01  JMP 011E    (2)  BC:0000  DE:0000  HL:0029  AF:5612  SP:7FF3  PC:0129   
011E  7E        MOV A,M     (2)  BC:0000  DE:0000  HL:0029  AF:5612  SP:7FF3  PC:011E   
011F  FE 24     CPI 24      (2)  BC:0000  DE:0000  HL:0029  AF:4D12  SP:7FF3  PC:011F   
0121  CA 2C 01  JZ 012C     (2)  BC:0000  DE:0000  HL:0029  AF:4D12  SP:7FF3  PC:0121   
0124  7E        MOV A,M     (2)  BC:0000  DE:0000  HL:0029  AF:4D12  SP:7FF3  PC:0124   
0125  CD 31 01  CALL 0131   (2)  BC:0000  DE:0000  HL:0029  AF:4D12  SP:7FF3  PC:0125   
0131  C5        PUSH B      (3)  BC:0000  DE:0000  HL:0029  AF:4D12  SP:7FF1  PC:0131   
0132  D5        PUSH D      (3)  BC:0000  DE:0000  HL:0029  AF:4D12  SP:7FEF  PC:0132   
0133  E5        PUSH H      (3)  BC:0000  DE:0000  HL:0029  AF:4D12  SP:7FED  PC:0133   
0134  F5        PUSH PSW    (3)  BC:0000  DE:0000  HL:0029  AF:4D12  SP:7FEB  PC:0134   
0135  4F        MOV C,A     (3)  BC:0000  DE:0000  HL:0029  AF:4D12  SP:7FE9  PC:0135   
0136  CD 37 C0  CALL C037   (3)  BC:004D  DE:0000  HL:0029  AF:4D12  SP:7FE9  PC:0136   
0139  F1        POP PSW     (3)  BC:004D  DE:0000  HL:0029  AF:4D12  SP:7FE9  PC:0139   
013A  E1        POP H       (3)  BC:004D  DE:0000  HL:0029  AF:4D12  SP:7FEB  PC:013A   
013B  D1        POP D       (3)  BC:004D  DE:0000  HL:0029  AF:4D12  SP:7FED  PC:013B   
013C  C1        POP B       (3)  BC:004D  DE:0000  HL:0029  AF:4D12  SP:7FEF  PC:013C   
013D  C9        RET         (3)  BC:0000  DE:0000  HL:0029  AF:4D12  SP:7FF1  PC:013D   
0128  23        INX H       (2)  BC:0000  DE:0000  HL:0029  AF:4D12  SP:7FF3  PC:0128   
0129  C3 1E 01  JMP 011E    (2)  BC:0000  DE:0000  HL:002A  AF:4D12  SP:7FF3  PC:0129   
011E  7E        MOV A,M     (2)  BC:0000  DE:0000  HL:002A  AF:4D12  SP:7FF3  PC:011E   
011F  FE 24     CPI 24      (2)  BC:0000  DE:0000  HL:002A  AF:3812  SP:7FF3  PC:011F   
0121  CA 2C 01  JZ 012C     (2)  BC:0000  DE:0000  HL:002A  AF:3816  SP:7FF3  PC:0121   
0124  7E        MOV A,M     (2)  BC:0000  DE:0000  HL:002A  AF:3816  SP:7FF3  PC:0124   
0125  CD 31 01  CALL 0131   (2)  BC:0000  DE:0000  HL:002A  AF:3816  SP:7FF3  PC:0125   
0131  C5        PUSH B      (3)  BC:0000  DE:0000  HL:002A  AF:3816  SP:7FF1  PC:0131   
0132  D5        PUSH D      (3)  BC:0000  DE:0000  HL:002A  AF:3816  SP:7FEF  PC:0132   
0133  E5        PUSH H      (3)  BC:0000  DE:0000  HL:002A  AF:3816  SP:7FED  PC:0133   
0134  F5        PUSH PSW    (3)  BC:0000  DE:0000  HL:002A  AF:3816  SP:7FEB  PC:0134   
0135  4F        MOV C,A     (3)  BC:0000  DE:0000  HL:002A  AF:3816  SP:7FE9  PC:0135   
0136  CD 37 C0  CALL C037   (3)  BC:0038  DE:0000  HL:002A  AF:3816  SP:7FE9  PC:0136   
0139  F1        POP PSW     (3)  BC:0038  DE:0000  HL:002A  AF:3816  SP:7FE9  PC:0139   
013A  E1        POP H       (3)  BC:0038  DE:0000  HL:002A  AF:3816  SP:7FEB  PC:013A   
013B  D1        POP D       (3)  BC:0038  DE:0000  HL:002A  AF:3816  SP:7FED  PC:013B   
013C  C1        POP B       (3)  BC:0038  DE:0000  HL:002A  AF:3816  SP:7FEF  PC:013C   
013D  C9        RET         (3)  BC:0000  DE:0000  HL:002A  AF:3816  SP:7FF1  PC:013D   
0128  23        INX H       (2)  BC:0000  DE:0000  HL:002A  AF:3816  SP:7FF3  PC:0128   
0129  C3 1E 01  JMP 011E    (2)  BC:0000  DE:0000  HL:002B  AF:3816  SP:7FF3  PC:0129   
011E  7E        MOV A,M     (2)  BC:0000  DE:0000  HL:002B  AF:3816  SP:7FF3  PC:011E   
011F  FE 24     CPI 24      (2)  BC:0000  DE:0000  HL:002B  AF:3016  SP:7FF3  PC:011F   
0121  CA 2C 01  JZ 012C     (2)  BC:0000  DE:0000  HL:002B  AF:3006  SP:7FF3  PC:0121   
0124  7E        MOV A,M     (2)  BC:0000  DE:0000  HL:002B  AF:3006  SP:7FF3  PC:0124   
0125  CD 31 01  CALL 0131   (2)  BC:0000  DE:0000  HL:002B  AF:3006  SP:7FF3  PC:0125   
0131  C5        PUSH B      (3)  BC:0000  DE:0000  HL:002B  AF:3006  SP:7FF1  PC:0131   
0132  D5        PUSH D      (3)  BC:0000  DE:0000  HL:002B  AF:3006  SP:7FEF  PC:0132   
0133  E5        PUSH H      (3)  BC:0000  DE:0000  HL:002B  AF:3006  SP:7FED  PC:0133   
0134  F5        PUSH PSW    (3)  BC:0000  DE:0000  HL:002B  AF:3006  SP:7FEB  PC:0134   
0135  4F        MOV C,A     (3)  BC:0000  DE:0000  HL:002B  AF:3006  SP:7FE9  PC:0135   
0136  CD 37 C0  CALL C037   (3)  BC:0030  DE:0000  HL:002B  AF:3006  SP:7FE9  PC:0136   
0139  F1        POP PSW     (3)  BC:0030  DE:0000  HL:002B  AF:3006  SP:7FE9  PC:0139   
013A  E1        POP H       (3)  BC:0030  DE:0000  HL:002B  AF:3006  SP:7FEB  PC:013A   
013B  D1        POP D       (3)  BC:0030  DE:0000  HL:002B  AF:3006  SP:7FED  PC:013B   
013C  C1        POP B       (3)  BC:0030  DE:0000  HL:002B  AF:3006  SP:7FEF  PC:013C   
013D  C9        RET         (3)  BC:0000  DE:0000  HL:002B  AF:3006  SP:7FF1  PC:013D   
0128  23        INX H       (2)  BC:0000  DE:0000  HL:002B  AF:3006  SP:7FF3  PC:0128   
0129  C3 1E 01  JMP 011E    (2)  BC:0000  DE:0000  HL:002C  AF:3006  SP:7FF3  PC:0129   
011E  7E        MOV A,M     (2)  BC:0000  DE:0000  HL:002C  AF:3006  SP:7FF3  PC:011E   
011F  FE 24     CPI 24      (2)  BC:0000  DE:0000  HL:002C  AF:4106  SP:7FF3  PC:011F   
0121  CA 2C 01  JZ 012C     (2)  BC:0000  DE:0000  HL:002C  AF:4106  SP:7FF3  PC:0121   
0124  7E        MOV A,M     (2)  BC:0000  DE:0000  HL:002C  AF:4106  SP:7FF3  PC:0124   
0125  CD 31 01  CALL 0131   (2)  BC:0000  DE:0000  HL:002C  AF:4106  SP:7FF3  PC:0125   
0131  C5        PUSH B      (3)  BC:0000  DE:0000  HL:002C  AF:4106  SP:7FF1  PC:0131   
0132  D5        PUSH D      (3)  BC:0000  DE:0000  HL:002C  AF:4106  SP:7FEF  PC:0132   
0133  E5        PUSH H      (3)  BC:0000  DE:0000  HL:002C  AF:4106  SP:7FED  PC:0133   
0134  F5        PUSH PSW    (3)  BC:0000  DE:0000  HL:002C  AF:4106  SP:7FEB  PC:0134   
0135  4F        MOV C,A     (3)  BC:0000  DE:0000  HL:002C  AF:4106  SP:7FE9  PC:0135   
0136  CD 37 C0  CALL C037   (3)  BC:0041  DE:0000  HL:002C  AF:4106  SP:7FE9  PC:0136   
0139  F1        POP PSW     (3)  BC:0041  DE:0000  HL:002C  AF:4106  SP:7FE9  PC:0139   
013A  E1        POP H       (3)  BC:0041  DE:0000  HL:002C  AF:4106  SP:7FEB  PC:013A   
013B  D1        POP D       (3)  BC:0041  DE:0000  HL:002C  AF:4106  SP:7FED  PC:013B   
013C  C1        POP B       (3)  BC:0041  DE:0000  HL:002C  AF:4106  SP:7FEF  PC:013C   
013D  C9        RET         (3)  BC:0000  DE:0000  HL:002C  AF:4106  SP:7FF1  PC:013D   
0128  23        INX H       (2)  BC:0000  DE:0000  HL:002C  AF:4106  SP:7FF3  PC:0128   
0129  C3 1E 01  JMP 011E    (2)  BC:0000  DE:0000  HL:002D  AF:4106  SP:7FF3  PC:0129   
011E  7E        MOV A,M     (2)  BC:0000  DE:0000  HL:002D  AF:4106  SP:7FF3  PC:011E   
011F  FE 24     CPI 24      (2)  BC:0000  DE:0000  HL:002D  AF:2006  SP:7FF3  PC:011F   
0121  CA 2C 01  JZ 012C     (2)  BC:0000  DE:0000  HL:002D  AF:2087  SP:7FF3  PC:0121   
0124  7E        MOV A,M     (2)  BC:0000  DE:0000  HL:002D  AF:2087  SP:7FF3  PC:0124   
0125  CD 31 01  CALL 0131   (2)  BC:0000  DE:0000  HL:002D  AF:2087  SP:7FF3  PC:0125   
0131  C5        PUSH B      (3)  BC:0000  DE:0000  HL:002D  AF:2087  SP:7FF1  PC:0131   
0132  D5        PUSH D      (3)  BC:0000  DE:0000  HL:002D  AF:2087  SP:7FEF  PC:0132   
0133  E5        PUSH H      (3)  BC:0000  DE:0000  HL:002D  AF:2087  SP:7FED  PC:0133   
0134  F5        PUSH PSW    (3)  BC:0000  DE:0000  HL:002D  AF:2087  SP:7FEB  PC:0134   
0135  4F        MOV C,A     (3)  BC:0000  DE:0000  HL:002D  AF:2087  SP:7FE9  PC:0135   
0136  CD 37 C0  CALL C037   (3)  BC:0020  DE:0000  HL:002D  AF:2087  SP:7FE9  PC:0136   
0139  F1        POP PSW     (3)  BC:0020  DE:0000  HL:002D  AF:2087  SP:7FE9  PC:0139   
013A  E1        POP H       (3)  BC:0020  DE:0000  HL:002D  AF:2087  SP:7FEB  PC:013A   
013B  D1        POP D       (3)  BC:0020  DE:0000  HL:002D  AF:2087  SP:7FED  PC:013B   
013C  C1        POP B       (3)  BC:0020  DE:0000  HL:002D  AF:2087  SP:7FEF  PC:013C   
013D  C9        RET         (3)  BC:0000  DE:0000  HL:002D  AF:2087  SP:7FF1  PC:013D   
0128  23        INX H       (2)  BC:0000  DE:0000  HL:002D  AF:2087  SP:7FF3  PC:0128   
0129  C3 1E 01  JMP 011E    (2)  BC:0000  DE:0000  HL:002E  AF:2087  SP:7FF3  PC:0129   
011E  7E        MOV A,M     (2)  BC:0000  DE:0000  HL:002E  AF:2087  SP:7FF3  PC:011E   
011F  FE 24     CPI 24      (2)  BC:0000  DE:0000  HL:002E  AF:4387  SP:7FF3  PC:011F   
0121  CA 2C 01  JZ 012C     (2)  BC:0000  DE:0000  HL:002E  AF:4302  SP:7FF3  PC:0121   
0124  7E        MOV A,M     (2)  BC:0000  DE:0000  HL:002E  AF:4302  SP:7FF3  PC:0124   
0125  CD 31 01  CALL 0131   (2)  BC:0000  DE:0000  HL:002E  AF:4302  SP:7FF3  PC:0125   
0131  C5        PUSH B      (3)  BC:0000  DE:0000  HL:002E  AF:4302  SP:7FF1  PC:0131   
0132  D5        PUSH D      (3)  BC:0000  DE:0000  HL:002E  AF:4302  SP:7FEF  PC:0132   
0133  E5        PUSH H      (3)  BC:0000  DE:0000  HL:002E  AF:4302  SP:7FED  PC:0133   
0134  F5        PUSH PSW    (3)  BC:0000  DE:0000  HL:002E  AF:4302  SP:7FEB  PC:0134   
0135  4F        MOV C,A     (3)  BC:0000  DE:0000  HL:002E  AF:4302  SP:7FE9  PC:0135   
0136  CD 37 C0  CALL C037   (3)  BC:0043  DE:0000  HL:002E  AF:4302  SP:7FE9  PC:0136   
0139  F1        POP PSW     (3)  BC:0043  DE:0000  HL:002E  AF:4302  SP:7FE9  PC:0139   
013A  E1        POP H       (3)  BC:0043  DE:0000  HL:002E  AF:4302  SP:7FEB  PC:013A   
013B  D1        POP D       (3)  BC:0043  DE:0000  HL:002E  AF:4302  SP:7FED  PC:013B   
013C  C1        POP B       (3)  BC:0043  DE:0000  HL:002E  AF:4302  SP:7FEF  PC:013C   
013D  C9        RET         (3)  BC:0000  DE:0000  HL:002E  AF:4302  SP:7FF1  PC:013D   
0128  23        INX H       (2)  BC:0000  DE:0000  HL:002E  AF:4302  SP:7FF3  PC:0128   
0129  C3 1E 01  JMP 011E    (2)  BC:0000  DE:0000  HL:002F  AF:4302  SP:7FF3  PC:0129   
011E  7E        MOV A,M     (2)  BC:0000  DE:0000  HL:002F  AF:4302  SP:7FF3  PC:011E   
011F  FE 24     CPI 24      (2)  BC:0000  DE:0000  HL:002F  AF:5002  SP:7FF3  PC:011F   
0121  CA 2C 01  JZ 012C     (2)  BC:0000  DE:0000  HL:002F  AF:5002  SP:7FF3  PC:0121   
0124  7E        MOV A,M     (2)  BC:0000  DE:0000  HL:002F  AF:5002  SP:7FF3  PC:0124   
0125  CD 31 01  CALL 0131   (2)  BC:0000  DE:0000  HL:002F  AF:5002  SP:7FF3  PC:0125   
0131  C5        PUSH B      (3)  BC:0000  DE:0000  HL:002F  AF:5002  SP:7FF1  PC:0131   
0132  D5        PUSH D      (3)  BC:0000  DE:0000  HL:002F  AF:5002  SP:7FEF  PC:0132   
0133  E5        PUSH H      (3)  BC:0000  DE:0000  HL:002F  AF:5002  SP:7FED  PC:0133   
0134  F5        PUSH PSW    (3)  BC:0000  DE:0000  HL:002F  AF:5002  SP:7FEB  PC:0134   
0135  4F        MOV C,A     (3)  BC:0000  DE:0000  HL:002F  AF:5002  SP:7FE9  PC:0135   
0136  CD 37 C0  CALL C037   (3)  BC:0050  DE:0000  HL:002F  AF:5002  SP:7FE9  PC:0136   
0139  F1        POP PSW     (3)  BC:0050  DE:0000  HL:002F  AF:5002  SP:7FE9  PC:0139   
013A  E1        POP H       (3)  BC:0050  DE:0000  HL:002F  AF:5002  SP:7FEB  PC:013A   
013B  D1        POP D       (3)  BC:0050  DE:0000  HL:002F  AF:5002  SP:7FED  PC:013B   
013C  C1        POP B       (3)  BC:0050  DE:0000  HL:002F  AF:5002  SP:7FEF  PC:013C   
013D  C9        RET         (3)  BC:0000  DE:0000  HL:002F  AF:5002  SP:7FF1  PC:013D   
0128  23        INX H       (2)  BC:0000  DE:0000  HL:002F  AF:5002  SP:7FF3  PC:0128   
0129  C3 1E 01  JMP 011E    (2)  BC:0000  DE:0000  HL:0030  AF:5002  SP:7FF3  PC:0129   
011E  7E        MOV A,M     (2)  BC:0000  DE:0000  HL:0030  AF:5002  SP:7FF3  PC:011E   
011F  FE 24     CPI 24      (2)  BC:0000  DE:0000  HL:0030  AF:5502  SP:7FF3  PC:011F   
0121  CA 2C 01  JZ 012C     (2)  BC:0000  DE:0000  HL:0030  AF:5512  SP:7FF3  PC:0121   
0124  7E        MOV A,M     (2)  BC:0000  DE:0000  HL:0030  AF:5512  SP:7FF3  PC:0124   
0125  CD 31 01  CALL 0131   (2)  BC:0000  DE:0000  HL:0030  AF:5512  SP:7FF3  PC:0125   
0131  C5        PUSH B      (3)  BC:0000  DE:0000  HL:0030  AF:5512  SP:7FF1  PC:0131   
0132  D5        PUSH D      (3)  BC:0000  DE:0000  HL:0030  AF:5512  SP:7FEF  PC:0132   
0133  E5        PUSH H      (3)  BC:0000  DE:0000  HL:0030  AF:5512  SP:7FED  PC:0133   
0134  F5        PUSH PSW    (3)  BC:0000  DE:0000  HL:0030  AF:5512  SP:7FEB  PC:0134   
0135  4F        MOV C,A     (3)  BC:0000  DE:0000  HL:0030  AF:5512  SP:7FE9  PC:0135   
0136  CD 37 C0  CALL C037   (3)  BC:0055  DE:0000  HL:0030  AF:5512  SP:7FE9  PC:0136   
0139  F1        POP PSW     (3)  BC:0055  DE:0000  HL:0030  AF:5512  SP:7FE9  PC:0139   
013A  E1        POP H       (3)  BC:0055  DE:0000  HL:0030  AF:5512  SP:7FEB  PC:013A   
013B  D1        POP D       (3)  BC:0055  DE:0000  HL:0030  AF:5512  SP:7FED  PC:013B   
013C  C1        POP B       (3)  BC:0055  DE:0000  HL:0030  AF:5512  SP:7FEF  PC:013C   
013D  C9        RET         (3)  BC:0000  DE:0000  HL:0030  AF:5512  SP:7FF1  PC:013D   
0128  23        INX H       (2)  BC:0000  DE:0000  HL:0030  AF:5512  SP:7FF3  PC:0128   
0129  C3 1E 01  JMP 011E    (2)  BC:0000  DE:0000  HL:0031  AF:5512  SP:7FF3  PC:0129   
011E  7E        MOV A,M     (2)  BC:0000  DE:0000  HL:0031  AF:5512  SP:7FF3  PC:011E   
011F  FE 24     CPI 24      (2)  BC:0000  DE:0000  HL:0031  AF:2912  SP:7FF3  PC:011F   
0121  CA 2C 01  JZ 012C     (2)  BC:0000  DE:0000  HL:0031  AF:2916  SP:7FF3  PC:0121   
0124  7E        MOV A,M     (2)  BC:0000  DE:0000  HL:0031  AF:2916  SP:7FF3  PC:0124   
0125  CD 31 01  CALL 0131   (2)  BC:0000  DE:0000  HL:0031  AF:2916  SP:7FF3  PC:0125   
0131  C5        PUSH B      (3)  BC:0000  DE:0000  HL:0031  AF:2916  SP:7FF1  PC:0131   
0132  D5        PUSH D      (3)  BC:0000  DE:0000  HL:0031  AF:2916  SP:7FEF  PC:0132   
0133  E5        PUSH H      (3)  BC:0000  DE:0000  HL:0031  AF:2916  SP:7FED  PC:0133   
0134  F5        PUSH PSW    (3)  BC:0000  DE:0000  HL:0031  AF:2916  SP:7FEB  PC:0134   
0135  4F        MOV C,A     (3)  BC:0000  DE:0000  HL:0031  AF:2916  SP:7FE9  PC:0135   
0136  CD 37 C0  CALL C037   (3)  BC:0029  DE:0000  HL:0031  AF:2916  SP:7FE9  PC:0136   
0139  F1        POP PSW     (3)  BC:0029  DE:0000  HL:0031  AF:2916  SP:7FE9  PC:0139   
013A  E1        POP H       (3)  BC:0029  DE:0000  HL:0031  AF:2916  SP:7FEB  PC:013A   
013B  D1        POP D       (3)  BC:0029  DE:0000  HL:0031  AF:2916  SP:7FED  PC:013B   
013C  C1        POP B       (3)  BC:0029  DE:0000  HL:0031  AF:2916  SP:7FEF  PC:013C   
013D  C9        RET         (3)  BC:0000  DE:0000  HL:0031  AF:2916  SP:7FF1  PC:013D   
0128  23        INX H       (2)  BC:0000  DE:0000  HL:0031  AF:2916  SP:7FF3  PC:0128   
0129  C3 1E 01  JMP 011E    (2)  BC:0000  DE:0000  HL:0032  AF:2916  SP:7FF3  PC:0129   
011E  7E        MOV A,M     (2)  BC:0000  DE:0000  HL:0032  AF:2916  SP:7FF3  PC:011E   
011F  FE 24     CPI 24      (2)  BC:0000  DE:0000  HL:0032  AF:2016  SP:7FF3  PC:011F   
0121  CA 2C 01  JZ 012C     (2)  BC:0000  DE:0000  HL:0032  AF:2087  SP:7FF3  PC:0121   
0124  7E        MOV A,M     (2)  BC:0000  DE:0000  HL:0032  AF:2087  SP:7FF3  PC:0124   
0125  CD 31 01  CALL 0131   (2)  BC:0000  DE:0000  HL:0032  AF:2087  SP:7FF3  PC:0125   
0131  C5        PUSH B      (3)  BC:0000  DE:0000  HL:0032  AF:2087  SP:7FF1  PC:0131   
0132  D5        PUSH D      (3)  BC:0000  DE:0000  HL:0032  AF:2087  SP:7FEF  PC:0132   
0133  E5        PUSH H      (3)  BC:0000  DE:0000  HL:0032  AF:2087  SP:7FED  PC:0133   
0134  F5        PUSH PSW    (3)  BC:0000  DE:0000  HL:0032  AF:2087  SP:7FEB  PC:0134   
0135  4F        MOV C,A     (3)  BC:0000  DE:0000  HL:0032  AF:2087  SP:7FE9  PC:0135   
0136  CD 37 C0  CALL C037   (3)  BC:0020  DE:0000  HL:0032  AF:2087  SP:7FE9  PC:0136   
0139  F1        POP PSW     (3)  BC:0020  DE:0000  HL:0032  AF:2087  SP:7FE9  PC:0139   
013A  E1        POP H       (3)  BC:0020  DE:0000  HL:0032  AF:2087  SP:7FEB  PC:013A   
013B  D1        POP D       (3)  BC:0020  DE:0000  HL:0032  AF:2087  SP:7FED  PC:013B   
013C  C1        POP B       (3)  BC:0020  DE:0000  HL:0032  AF:2087  SP:7FEF  PC:013C   
013D  C9        RET         (3)  BC:0000  DE:0000  HL:0032  AF:2087  SP:7FF1  PC:013D   
0128  23        INX H       (2)  BC:0000  DE:0000  HL:0032  AF:2087  SP:7FF3  PC:0128   
0129  C3 1E 01  JMP 011E    (2)  BC:0000  DE:0000  HL:0033  AF:2087  SP:7FF3  PC:0129   
011E  7E        MOV A,M     (2)  BC:0000  DE:0000  HL:0033  AF:2087  SP:7FF3  PC:011E   
011F  FE 24     CPI 24      (2)  BC:0000  DE:0000  HL:0033  AF:4287  SP:7FF3  PC:011F   
0121  CA 2C 01  JZ 012C     (2)  BC:0000  DE:0000  HL:0033  AF:4206  SP:7FF3  PC:0121   
0124  7E        MOV A,M     (2)  BC:0000  DE:0000  HL:0033  AF:4206  SP:7FF3  PC:0124   
0125  CD 31 01  CALL 0131   (2)  BC:0000  DE:0000  HL:0033  AF:4206  SP:7FF3  PC:0125   
0131  C5        PUSH B      (3)  BC:0000  DE:0000  HL:0033  AF:4206  SP:7FF1  PC:0131   
0132  D5        PUSH D      (3)  BC:0000  DE:0000  HL:0033  AF:4206  SP:7FEF  PC:0132   
0133  E5        PUSH H      (3)  BC:0000  DE:0000  HL:0033  AF:4206  SP:7FED  PC:0133   
0134  F5        PUSH PSW    (3)  BC:0000  DE:0000  HL:0033  AF:4206  SP:7FEB  PC:0134   
0135  4F        MOV C,A     (3)  BC:0000  DE:0000  HL:0033  AF:4206  SP:7FE9  PC:0135   
0136  CD 37 C0  CALL C037   (3)  BC:0042  DE:0000  HL:0033  AF:4206  SP:7FE9  PC:0136   
0139  F1        POP PSW     (3)  BC:0042  DE:0000  HL:0033  AF:4206  SP:7FE9  PC:0139   
013A  E1        POP H       (3)  BC:0042  DE:0000  HL:0033  AF:4206  SP:7FEB  PC:013A   
013B  D1        POP D       (3)  BC:0042  DE:0000  HL:0033  AF:4206  SP:7FED  PC:013B   
013C  C1        POP B       (3)  BC:0042  DE:0000  HL:0033  AF:4206  SP:7FEF  PC:013C   
013D  C9        RET         (3)  BC:0000  DE:0000  HL:0033  AF:4206  SP:7FF1  PC:013D   
0128  23        INX H       (2)  BC:0000  DE:0000  HL:0033  AF:4206  SP:7FF3  PC:0128   
0129  C3 1E 01  JMP 011E    (2)  BC:0000  DE:0000  HL:0034  AF:4206  SP:7FF3  PC:0129   
011E  7E        MOV A,M     (2)  BC:0000  DE:0000  HL:0034  AF:4206  SP:7FF3  PC:011E   
011F  FE 24     CPI 24      (2)  BC:0000  DE:0000  HL:0034  AF:5906  SP:7FF3  PC:011F   
0121  CA 2C 01  JZ 012C     (2)  BC:0000  DE:0000  HL:0034  AF:5916  SP:7FF3  PC:0121   
0124  7E        MOV A,M     (2)  BC:0000  DE:0000  HL:0034  AF:5916  SP:7FF3  PC:0124   
0125  CD 31 01  CALL 0131   (2)  BC:0000  DE:0000  HL:0034  AF:5916  SP:7FF3  PC:0125   
0131  C5        PUSH B      (3)  BC:0000  DE:0000  HL:0034  AF:5916  SP:7FF1  PC:0131   
0132  D5        PUSH D      (3)  BC:0000  DE:0000  HL:0034  AF:5916  SP:7FEF  PC:0132   
0133  E5        PUSH H      (3)  BC:0000  DE:0000  HL:0034  AF:5916  SP:7FED  PC:0133   
0134  F5        PUSH PSW    (3)  BC:0000  DE:0000  HL:0034  AF:5916  SP:7FEB  PC:0134   
0135  4F        MOV C,A     (3)  BC:0000  DE:0000  HL:0034  AF:5916  SP:7FE9  PC:0135   
0136  CD 37 C0  CALL C037   (3)  BC:0059  DE:0000  HL:0034  AF:5916  SP:7FE9  PC:0136   
0139  F1        POP PSW     (3)  BC:0059  DE:0000  HL:0034  AF:5916  SP:7FE9  PC:0139   
013A  E1        POP H       (3)  BC:0059  DE:0000  HL:0034  AF:5916  SP:7FEB  PC:013A   
013B  D1        POP D       (3)  BC:0059  DE:0000  HL:0034  AF:5916  SP:7FED  PC:013B   
013C  C1        POP B       (3)  BC:0059  DE:0000  HL:0034  AF:5916  SP:7FEF  PC:013C   
013D  C9        RET         (3)  BC:0000  DE:0000  HL:0034  AF:5916  SP:7FF1  PC:013D   
0128  23        INX H       (2)  BC:0000  DE:0000  HL:0034  AF:5916  SP:7FF3  PC:0128   
0129  C3 1E 01  JMP 011E    (2)  BC:0000  DE:0000  HL:0035  AF:5916  SP:7FF3  PC:0129   
011E  7E        MOV A,M     (2)  BC:0000  DE:0000  HL:0035  AF:5916  SP:7FF3  PC:011E   
011F  FE 24     CPI 24      (2)  BC:0000  DE:0000  HL:0035  AF:2016  SP:7FF3  PC:011F   
0121  CA 2C 01  JZ 012C     (2)  BC:0000  DE:0000  HL:0035  AF:2087  SP:7FF3  PC:0121   
0124  7E        MOV A,M     (2)  BC:0000  DE:0000  HL:0035  AF:2087  SP:7FF3  PC:0124   
0125  CD 31 01  CALL 0131   (2)  BC:0000  DE:0000  HL:0035  AF:2087  SP:7FF3  PC:0125   
0131  C5        PUSH B      (3)  BC:0000  DE:0000  HL:0035  AF:2087  SP:7FF1  PC:0131   
0132  D5        PUSH D      (3)  BC:0000  DE:0000  HL:0035  AF:2087  SP:7FEF  PC:0132   
0133  E5        PUSH H      (3)  BC:0000  DE:0000  HL:0035  AF:2087  SP:7FED  PC:0133   
0134  F5        PUSH PSW    (3)  BC:0000  DE:0000  HL:0035  AF:2087  SP:7FEB  PC:0134   
0135  4F        MOV C,A     (3)  BC:0000  DE:0000  HL:0035  AF:2087  SP:7FE9  PC:0135   
0136  CD 37 C0  CALL C037   (3)  BC:0020  DE:0000  HL:0035  AF:2087  SP:7FE9  PC:0136   
0139  F1        POP PSW     (3)  BC:0020  DE:0000  HL:0035  AF:2087  SP:7FE9  PC:0139   
013A  E1        POP H       (3)  BC:0020  DE:0000  HL:0035  AF:2087  SP:7FEB  PC:013A   
013B  D1        POP D       (3)  BC:0020  DE:0000  HL:0035  AF:2087  SP:7FED  PC:013B   
013C  C1        POP B       (3)  BC:0020  DE:0000  HL:0035  AF:2087  SP:7FEF  PC:013C   
013D  C9        RET         (3)  BC:0000  DE:0000  HL:0035  AF:2087  SP:7FF1  PC:013D   
0128  23        INX H       (2)  BC:0000  DE:0000  HL:0035  AF:2087  SP:7FF3  PC:0128   
0129  C3 1E 01  JMP 011E    (2)  BC:0000  DE:0000  HL:0036  AF:2087  SP:7FF3  PC:0129   
011E  7E        MOV A,M     (2)  BC:0000  DE:0000  HL:0036  AF:2087  SP:7FF3  PC:011E   
011F  FE 24     CPI 24      (2)  BC:0000  DE:0000  HL:0036  AF:4187  SP:7FF3  PC:011F   
0121  CA 2C 01  JZ 012C     (2)  BC:0000  DE:0000  HL:0036  AF:4106  SP:7FF3  PC:0121   
0124  7E        MOV A,M     (2)  BC:0000  DE:0000  HL:0036  AF:4106  SP:7FF3  PC:0124   
0125  CD 31 01  CALL 0131   (2)  BC:0000  DE:0000  HL:0036  AF:4106  SP:7FF3  PC:0125   
0131  C5        PUSH B      (3)  BC:0000  DE:0000  HL:0036  AF:4106  SP:7FF1  PC:0131   
0132  D5        PUSH D      (3)  BC:0000  DE:0000  HL:0036  AF:4106  SP:7FEF  PC:0132   
0133  E5        PUSH H      (3)  BC:0000  DE:0000  HL:0036  AF:4106  SP:7FED  PC:0133   
0134  F5        PUSH PSW    (3)  BC:0000  DE:0000  HL:0036  AF:4106  SP:7FEB  PC:0134   
0135  4F        MOV C,A     (3)  BC:0000  DE:0000  HL:0036  AF:4106  SP:7FE9  PC:0135   
0136  CD 37 C0  CALL C037   (3)  BC:0041  DE:0000  HL:0036  AF:4106  SP:7FE9  PC:0136   
0139  F1        POP PSW     (3)  BC:0041  DE:0000  HL:0036  AF:4106  SP:7FE9  PC:0139   
013A  E1        POP H       (3)  BC:0041  DE:0000  HL:0036  AF:4106  SP:7FEB  PC:013A   
013B  D1        POP D       (3)  BC:0041  DE:0000  HL:0036  AF:4106  SP:7FED  PC:013B   
013C  C1        POP B       (3)  BC:0041  DE:0000  HL:0036  AF:4106  SP:7FEF  PC:013C   
013D  C9        RET         (3)  BC:0000  DE:0000  HL:0036  AF:4106  SP:7FF1  PC:013D   
0128  23        INX H       (2)  BC:0000  DE:0000  HL:0036  AF:4106  SP:7FF3  PC:0128   
0129  C3 1E 01  JMP 011E    (2)  BC:0000  DE:0000  HL:0037  AF:4106  SP:7FF3  PC:0129   
011E  7E        MOV A,M     (2)  BC:0000  DE:0000  HL:0037  AF:4106  SP:7FF3  PC:011E   
011F  FE 24     CPI 24      (2)  BC:0000  DE:0000  HL:0037  AF:5006  SP:7FF3  PC:011F   
0121  CA 2C 01  JZ 012C     (2)  BC:0000  DE:0000  HL:0037  AF:5002  SP:7FF3  PC:0121   
0124  7E        MOV A,M     (2)  BC:0000  DE:0000  HL:0037  AF:5002  SP:7FF3  PC:0124   
0125  CD 31 01  CALL 0131   (2)  BC:0000  DE:0000  HL:0037  AF:5002  SP:7FF3  PC:0125   
0131  C5        PUSH B      (3)  BC:0000  DE:0000  HL:0037  AF:5002  SP:7FF1  PC:0131   
0132  D5        PUSH D      (3)  BC:0000  DE:0000  HL:0037  AF:5002  SP:7FEF  PC:0132   
0133  E5        PUSH H      (3)  BC:0000  DE:0000  HL:0037  AF:5002  SP:7FED  PC:0133   
0134  F5        PUSH PSW    (3)  BC:0000  DE:0000  HL:0037  AF:5002  SP:7FEB  PC:0134   
0135  4F        MOV C,A     (3)  BC:0000  DE:0000  HL:0037  AF:5002  SP:7FE9  PC:0135   
0136  CD 37 C0  CALL C037   (3)  BC:0050  DE:0000  HL:0037  AF:5002  SP:7FE9  PC:0136   
0139  F1        POP PSW     (3)  BC:0050  DE:0000  HL:0037  AF:5002  SP:7FE9  PC:0139   
013A  E1        POP H       (3)  BC:0050  DE:0000  HL:0037  AF:5002  SP:7FEB  PC:013A   
013B  D1        POP D       (3)  BC:0050  DE:0000  HL:0037  AF:5002  SP:7FED  PC:013B   
013C  C1        POP B       (3)  BC:0050  DE:0000  HL:0037  AF:5002  SP:7FEF  PC:013C   
013D  C9        RET         (3)  BC:0000  DE:0000  HL:0037  AF:5002  SP:7FF1  PC:013D   
0128  23        INX H       (2)  BC:0000  DE:0000  HL:0037  AF:5002  SP:7FF3  PC:0128   
0129  C3 1E 01  JMP 011E    (2)  BC:0000  DE:0000  HL:0038  AF:5002  SP:7FF3  PC:0129   
011E  7E        MOV A,M     (2)  BC:0000  DE:0000  HL:0038  AF:5002  SP:7FF3  PC:011E   
011F  FE 24     CPI 24      (2)  BC:0000  DE:0000  HL:0038  AF:4F02  SP:7FF3  PC:011F   
0121  CA 2C 01  JZ 012C     (2)  BC:0000  DE:0000  HL:0038  AF:4F16  SP:7FF3  PC:0121   
0124  7E        MOV A,M     (2)  BC:0000  DE:0000  HL:0038  AF:4F16  SP:7FF3  PC:0124   
0125  CD 31 01  CALL 0131   (2)  BC:0000  DE:0000  HL:0038  AF:4F16  SP:7FF3  PC:0125   
0131  C5        PUSH B      (3)  BC:0000  DE:0000  HL:0038  AF:4F16  SP:7FF1  PC:0131   
0132  D5        PUSH D      (3)  BC:0000  DE:0000  HL:0038  AF:4F16  SP:7FEF  PC:0132   
0133  E5        PUSH H      (3)  BC:0000  DE:0000  HL:0038  AF:4F16  SP:7FED  PC:0133   
0134  F5        PUSH PSW    (3)  BC:0000  DE:0000  HL:0038  AF:4F16  SP:7FEB  PC:0134   
0135  4F        MOV C,A     (3)  BC:0000  DE:0000  HL:0038  AF:4F16  SP:7FE9  PC:0135   
0136  CD 37 C0  CALL C037   (3)  BC:004F  DE:0000  HL:0038  AF:4F16  SP:7FE9  PC:0136   
0139  F1        POP PSW     (3)  BC:004F  DE:0000  HL:0038  AF:4F16  SP:7FE9  PC:0139   
013A  E1        POP H       (3)  BC:004F  DE:0000  HL:0038  AF:4F16  SP:7FEB  PC:013A   
013B  D1        POP D       (3)  BC:004F  DE:0000  HL:0038  AF:4F16  SP:7FED  PC:013B   
013C  C1        POP B       (3)  BC:004F  DE:0000  HL:0038  AF:4F16  SP:7FEF  PC:013C   
013D  C9        RET         (3)  BC:0000  DE:0000  HL:0038  AF:4F16  SP:7FF1  PC:013D   
0128  23        INX H       (2)  BC:0000  DE:0000  HL:0038  AF:4F16  SP:7FF3  PC:0128   
0129  C3 1E 01  JMP 011E    (2)  BC:0000  DE:0000  HL:0039  AF:4F16  SP:7FF3  PC:0129   
011E  7E        MOV A,M     (2)  BC:0000  DE:0000  HL:0039  AF:4F16  SP:7FF3  PC:011E   
011F  FE 24     CPI 24      (2)  BC:0000  DE:0000  HL:0039  AF:4616  SP:7FF3  PC:011F   
0121  CA 2C 01  JZ 012C     (2)  BC:0000  DE:0000  HL:0039  AF:4616  SP:7FF3  PC:0121   
0124  7E        MOV A,M     (2)  BC:0000  DE:0000  HL:0039  AF:4616  SP:7FF3  PC:0124   
0125  CD 31 01  CALL 0131   (2)  BC:0000  DE:0000  HL:0039  AF:4616  SP:7FF3  PC:0125   
0131  C5        PUSH B      (3)  BC:0000  DE:0000  HL:0039  AF:4616  SP:7FF1  PC:0131   
0132  D5        PUSH D      (3)  BC:0000  DE:0000  HL:0039  AF:4616  SP:7FEF  PC:0132   
0133  E5        PUSH H      (3)  BC:0000  DE:0000  HL:0039  AF:4616  SP:7FED  PC:0133   
0134  F5        PUSH PSW    (3)  BC:0000  DE:0000  HL:0039  AF:4616  SP:7FEB  PC:0134   
0135  4F        MOV C,A     (3)  BC:0000  DE:0000  HL:0039  AF:4616  SP:7FE9  PC:0135   
0136  CD 37 C0  CALL C037   (3)  BC:0046  DE:0000  HL:0039  AF:4616  SP:7FE9  PC:0136   
0139  F1        POP PSW     (3)  BC:0046  DE:0000  HL:0039  AF:4616  SP:7FE9  PC:0139   
013A  E1        POP H       (3)  BC:0046  DE:0000  HL:0039  AF:4616  SP:7FEB  PC:013A   
013B  D1        POP D       (3)  BC:0046  DE:0000  HL:0039  AF:4616  SP:7FED  PC:013B   
013C  C1        POP B       (3)  BC:0046  DE:0000  HL:0039  AF:4616  SP:7FEF  PC:013C   
013D  C9        RET         (3)  BC:0000  DE:0000  HL:0039  AF:4616  SP:7FF1  PC:013D   
0128  23        INX H       (2)  BC:0000  DE:0000  HL:0039  AF:4616  SP:7FF3  PC:0128   
0129  C3 1E 01  JMP 011E    (2)  BC:0000  DE:0000  HL:003A  AF:4616  SP:7FF3  PC:0129   
011E  7E        MOV A,M     (2)  BC:0000  DE:0000  HL:003A  AF:4616  SP:7FF3  PC:011E   
011F  FE 24     CPI 24      (2)  BC:0000  DE:0000  HL:003A  AF:4916  SP:7FF3  PC:011F   
0121  CA 2C 01  JZ 012C     (2)  BC:0000  DE:0000  HL:003A  AF:4912  SP:7FF3  PC:0121   
0124  7E        MOV A,M     (2)  BC:0000  DE:0000  HL:003A  AF:4912  SP:7FF3  PC:0124   
0125  CD 31 01  CALL 0131   (2)  BC:0000  DE:0000  HL:003A  AF:4912  SP:7FF3  PC:0125   
0131  C5        PUSH B      (3)  BC:0000  DE:0000  HL:003A  AF:4912  SP:7FF1  PC:0131   
0132  D5        PUSH D      (3)  BC:0000  DE:0000  HL:003A  AF:4912  SP:7FEF  PC:0132   
0133  E5        PUSH H      (3)  BC:0000  DE:0000  HL:003A  AF:4912  SP:7FED  PC:0133   
0134  F5        PUSH PSW    (3)  BC:0000  DE:0000  HL:003A  AF:4912  SP:7FEB  PC:0134   
0135  4F        MOV C,A     (3)  BC:0000  DE:0000  HL:003A  AF:4912  SP:7FE9  PC:0135   
0136  CD 37 C0  CALL C037   (3)  BC:0049  DE:0000  HL:003A  AF:4912  SP:7FE9  PC:0136   
0139  F1        POP PSW     (3)  BC:0049  DE:0000  HL:003A  AF:4912  SP:7FE9  PC:0139   
013A  E1        POP H       (3)  BC:0049  DE:0000  HL:003A  AF:4912  SP:7FEB  PC:013A   
013B  D1        POP D       (3)  BC:0049  DE:0000  HL:003A  AF:4912  SP:7FED  PC:013B   
013C  C1        POP B       (3)  BC:0049  DE:0000  HL:003A  AF:4912  SP:7FEF  PC:013C   
013D  C9        RET         (3)  BC:0000  DE:0000  HL:003A  AF:4912  SP:7FF1  PC:013D   
0128  23        INX H       (2)  BC:0000  DE:0000  HL:003A  AF:4912  SP:7FF3  PC:0128   
0129  C3 1E 01  JMP 011E    (2)  BC:0000  DE:0000  HL:003B  AF:4912  SP:7FF3  PC:0129   
011E  7E        MOV A,M     (2)  BC:0000  DE:0000  HL:003B  AF:4912  SP:7FF3  PC:011E   
011F  FE 24     CPI 24      (2)  BC:0000  DE:0000  HL:003B  AF:4712  SP:7FF3  PC:011F   
0121  CA 2C 01  JZ 012C     (2)  BC:0000  DE:0000  HL:003B  AF:4712  SP:7FF3  PC:0121   
0124  7E        MOV A,M     (2)  BC:0000  DE:0000  HL:003B  AF:4712  SP:7FF3  PC:0124   
0125  CD 31 01  CALL 0131   (2)  BC:0000  DE:0000  HL:003B  AF:4712  SP:7FF3  PC:0125   
0131  C5        PUSH B      (3)  BC:0000  DE:0000  HL:003B  AF:4712  SP:7FF1  PC:0131   
0132  D5        PUSH D      (3)  BC:0000  DE:0000  HL:003B  AF:4712  SP:7FEF  PC:0132   
0133  E5        PUSH H      (3)  BC:0000  DE:0000  HL:003B  AF:4712  SP:7FED  PC:0133   
0134  F5        PUSH PSW    (3)  BC:0000  DE:0000  HL:003B  AF:4712  SP:7FEB  PC:0134   
0135  4F        MOV C,A     (3)  BC:0000  DE:0000  HL:003B  AF:4712  SP:7FE9  PC:0135   
0136  CD 37 C0  CALL C037   (3)  BC:0047  DE:0000  HL:003B  AF:4712  SP:7FE9  PC:0136   
0139  F1        POP PSW     (3)  BC:0047  DE:0000  HL:003B  AF:4712  SP:7FE9  PC:0139   
013A  E1        POP H       (3)  BC:0047  DE:0000  HL:003B  AF:4712  SP:7FEB  PC:013A   
013B  D1        POP D       (3)  BC:0047  DE:0000  HL:003B  AF:4712  SP:7FED  PC:013B   
013C  C1        POP B       (3)  BC:0047  DE:0000  HL:003B  AF:4712  SP:7FEF  PC:013C   
013D  C9        RET         (3)  BC:0000  DE:0000  HL:003B  AF:4712  SP:7FF1  PC:013D   
0128  23        INX H       (2)  BC:0000  DE:0000  HL:003B  AF:4712  SP:7FF3  PC:0128   
0129  C3 1E 01  JMP 011E    (2)  BC:0000  DE:0000  HL:003C  AF:4712  SP:7FF3  PC:0129   
011E  7E        MOV A,M     (2)  BC:0000  DE:0000  HL:003C  AF:4712  SP:7FF3  PC:011E   
011F  FE 24     CPI 24      (2)  BC:0000  DE:0000  HL:003C  AF:0D12  SP:7FF3  PC:011F   
0121  CA 2C 01  JZ 012C     (2)  BC:0000  DE:0000  HL:003C  AF:0D93  SP:7FF3  PC:0121   
0124  7E        MOV A,M     (2)  BC:0000  DE:0000  HL:003C  AF:0D93  SP:7FF3  PC:0124   
0125  CD 31 01  CALL 0131   (2)  BC:0000  DE:0000  HL:003C  AF:0D93  SP:7FF3  PC:0125   
0131  C5        PUSH B      (3)  BC:0000  DE:0000  HL:003C  AF:0D93  SP:7FF1  PC:0131   
0132  D5        PUSH D      (3)  BC:0000  DE:0000  HL:003C  AF:0D93  SP:7FEF  PC:0132   
0133  E5        PUSH H      (3)  BC:0000  DE:0000  HL:003C  AF:0D93  SP:7FED  PC:0133   
0134  F5        PUSH PSW    (3)  BC:0000  DE:0000  HL:003C  AF:0D93  SP:7FEB  PC:0134   
0135  4F        MOV C,A     (3)  BC:0000  DE:0000  HL:003C  AF:0D93  SP:7FE9  PC:0135   
0136  CD 37 C0  CALL C037   (3)  BC:000D  DE:0000  HL:003C  AF:0D93  SP:7FE9  PC:0136   
0139  F1        POP PSW     (3)  BC:000D  DE:0000  HL:003C  AF:0D93  SP:7FE9  PC:0139   
013A  E1        POP H       (3)  BC:000D  DE:0000  HL:003C  AF:0D93  SP:7FEB  PC:013A   
013B  D1        POP D       (3)  BC:000D  DE:0000  HL:003C  AF:0D93  SP:7FED  PC:013B   
013C  C1        POP B       (3)  BC:000D  DE:0000  HL:003C  AF:0D93  SP:7FEF  PC:013C   
013D  C9        RET         (3)  BC:0000  DE:0000  HL:003C  AF:0D93  SP:7FF1  PC:013D   
0128  23        INX H       (2)  BC:0000  DE:0000  HL:003C  AF:0D93  SP:7FF3  PC:0128   
0129  C3 1E 01  JMP 011E    (2)  BC:0000  DE:0000  HL:003D  AF:0D93  SP:7FF3  PC:0129   
011E  7E        MOV A,M     (2)  BC:0000  DE:0000  HL:003D  AF:0D93  SP:7FF3  PC:011E   
011F  FE 24     CPI 24      (2)  BC:0000  DE:0000  HL:003D  AF:0A93  SP:7FF3  PC:011F   
0121  CA 2C 01  JZ 012C     (2)  BC:0000  DE:0000  HL:003D  AF:0A93  SP:7FF3  PC:0121   
0124  7E        MOV A,M     (2)  BC:0000  DE:0000  HL:003D  AF:0A93  SP:7FF3  PC:0124   
0125  CD 31 01  CALL 0131   (2)  BC:0000  DE:0000  HL:003D  AF:0A93  SP:7FF3  PC:0125   
0131  C5        PUSH B      (3)  BC:0000  DE:0000  HL:003D  AF:0A93  SP:7FF1  PC:0131   
0132  D5        PUSH D      (3)  BC:0000  DE:0000  HL:003D  AF:0A93  SP:7FEF  PC:0132   
0133  E5        PUSH H      (3)  BC:0000  DE:0000  HL:003D  AF:0A93  SP:7FED  PC:0133   
0134  F5        PUSH PSW    (3)  BC:0000  DE:0000  HL:003D  AF:0A93  SP:7FEB  PC:0134   
0135  4F        MOV C,A     (3)  BC:0000  DE:0000  HL:003D  AF:0A93  SP:7FE9  PC:0135   
0136  CD 37 C0  CALL C037   (3)  BC:000A  DE:0000  HL:003D  AF:0A93  SP:7FE9  PC:0136   
0139  F1        POP PSW     (3)  BC:000A  DE:0000  HL:003D  AF:0A93  SP:7FE9  PC:0139   
013A  E1        POP H       (3)  BC:000A  DE:0000  HL:003D  AF:0A93  SP:7FEB  PC:013A   
013B  D1        POP D       (3)  BC:000A  DE:0000  HL:003D  AF:0A93  SP:7FED  PC:013B   
013C  C1        POP B       (3)  BC:000A  DE:0000  HL:003D  AF:0A93  SP:7FEF  PC:013C   
013D  C9        RET         (3)  BC:0000  DE:0000  HL:003D  AF:0A93  SP:7FF1  PC:013D   
0128  23        INX H       (2)  BC:0000  DE:0000  HL:003D  AF:0A93  SP:7FF3  PC:0128   
0129  C3 1E 01  JMP 011E    (2)  BC:0000  DE:0000  HL:003E  AF:0A93  SP:7FF3  PC:0129   
011E  7E        MOV A,M     (2)  BC:0000  DE:0000  HL:003E  AF:0A93  SP:7FF3  PC:011E   
011F  FE 24     CPI 24      (2)  BC:0000  DE:0000  HL:003E  AF:2493  SP:7FF3  PC:011F   
0121  CA 2C 01  JZ 012C     (2)  BC:0000  DE:0000  HL:003E  AF:2456  SP:7FF3  PC:0121   
012C  F1        POP PSW     (2)  BC:0000  DE:0000  HL:003E  AF:2456  SP:7FF3  PC:012C   
012D  E1        POP H       (2)  BC:0000  DE:0000  HL:003E  AF:0046  SP:7FF5  PC:012D   
012E  D1        POP D       (2)  BC:0000  DE:0000  HL:000A  AF:0046  SP:7FF7  PC:012E   
012F  C1        POP B       (2)  BC:0000  DE:0000  HL:000A  AF:0046  SP:7FF9  PC:012F   
0130  C9        RET         (2)  BC:0000  DE:0000  HL:000A  AF:0046  SP:7FFB  PC:0130   
0059  CD 66 00  CALL 0066   (1)  BC:0000  DE:0000  HL:000A  AF:0046  SP:7FFD  PC:0059   
0066  AF        XRA A       (2)  BC:0000  DE:0000  HL:000A  AF:0046  SP:7FFB  PC:0066   
0067  01 00 00  LXI B,0000  (2)  BC:0000  DE:0000  HL:000A  AF:0046  SP:7FFB  PC:0067   
006A  11 00 00  LXI D,0000  (2)  BC:0000  DE:0000  HL:000A  AF:0046  SP:7FFB  PC:006A   
006D  21 00 00  LXI H,0000  (2)  BC:0000  DE:0000  HL:000A  AF:0046  SP:7FFB  PC:006D   
0070  F6 77     ORI 77      (2)  BC:0000  DE:0000  HL:0000  AF:0046  SP:7FFB  PC:0070   
0072  CD F8 00  CALL 00F8   (2)  BC:0000  DE:0000  HL:0000  AF:7706  SP:7FFB  PC:0072   
00F8  C5        PUSH B      (3)  BC:0000  DE:0000  HL:0000  AF:7706  SP:7FF9  PC:00F8   
00F9  D5        PUSH D      (3)  BC:0000  DE:0000  HL:0000  AF:7706  SP:7FF7  PC:00F9   
00FA  E5        PUSH H      (3)  BC:0000  DE:0000  HL:0000  AF:7706  SP:7FF5  PC:00FA   
00FB  F5        PUSH PSW    (3)  BC:0000  DE:0000  HL:0000  AF:7706  SP:7FF3  PC:00FB   
00FC  21 00 00  LXI H,0000  (3)  BC:0000  DE:0000  HL:0000  AF:7706  SP:7FF1  PC:00FC   
00FF  39        DAD SP      (3)  BC:0000  DE:0000  HL:0000  AF:7706  SP:7FF1  PC:00FF   
0100  0E 08     MVI C,08    (3)  BC:0000  DE:0000  HL:7FF1  AF:7706  SP:7FF1  PC:0100   
0102  2B        DCX H       (3)  BC:0008  DE:0000  HL:7FF1  AF:7706  SP:7FF1  PC:0102   
0103  0D        DCR C       (3)  BC:0008  DE:0000  HL:7FF0  AF:7706  SP:7FF1  PC:0103   
0104  C2 02 01  JNZ 0102    (3)  BC:0007  DE:0000  HL:7FF0  AF:7712  SP:7FF1  PC:0104   
0102  2B        DCX H       (3)  BC:0007  DE:0000  HL:7FF0  AF:7712  SP:7FF1  PC:0102   
0103  0D        DCR C       (3)  BC:0007  DE:0000  HL:7FEF  AF:7712  SP:7FF1  PC:0103   
0104  C2 02 01  JNZ 0102    (3)  BC:0006  DE:0000  HL:7FEF  AF:7716  SP:7FF1  PC:0104   
0102  2B        DCX H       (3)  BC:0006  DE:0000  HL:7FEF  AF:7716  SP:7FF1  PC:0102   
0103  0D        DCR C       (3)  BC:0006  DE:0000  HL:7FEE  AF:7716  SP:7FF1  PC:0103   
0104  C2 02 01  JNZ 0102    (3)  BC:0005  DE:0000  HL:7FEE  AF:7716  SP:7FF1  PC:0104   
0102  2B        DCX H       (3)  BC:0005  DE:0000  HL:7FEE  AF:7716  SP:7FF1  PC:0102   
0103  0D        DCR C       (3)  BC:0005  DE:0000  HL:7FED  AF:7716  SP:7FF1  PC:0103   
0104  C2 02 01  JNZ 0102    (3)  BC:0004  DE:0000  HL:7FED  AF:7712  SP:7FF1  PC:0104   
0102  2B        DCX H       (3)  BC:0004  DE:0000  HL:7FED  AF:7712  SP:7FF1  PC:0102   
0103  0D        DCR C       (3)  BC:0004  DE:0000  HL:7FEC  AF:7712  SP:7FF1  PC:0103   
0104  C2 02 01  JNZ 0102    (3)  BC:0003  DE:0000  HL:7FEC  AF:7716  SP:7FF1  PC:0104   
0102  2B        DCX H       (3)  BC:0003  DE:0000  HL:7FEC  AF:7716  SP:7FF1  PC:0102   
0103  0D        DCR C       (3)  BC:0003  DE:0000  HL:7FEB  AF:7716  SP:7FF1  PC:0103   
0104  C2 02 01  JNZ 0102    (3)  BC:0002  DE:0000  HL:7FEB  AF:7712  SP:7FF1  PC:0104   
0102  2B        DCX H       (3)  BC:0002  DE:0000  HL:7FEB  AF:7712  SP:7FF1  PC:0102   
0103  0D        DCR C       (3)  BC:0002  DE:0000  HL:7FEA  AF:7712  SP:7FF1  PC:0103   
0104  C2 02 01  JNZ 0102    (3)  BC:0001  DE:0000  HL:7FEA  AF:7712  SP:7FF1  PC:0104   
0102  2B        DCX H       (3)  BC:0001  DE:0000  HL:7FEA  AF:7712  SP:7FF1  PC:0102   
0103  0D        DCR C       (3)  BC:0001  DE:0000  HL:7FE9  AF:7712  SP:7FF1  PC:0103   
0104  C2 02 01  JNZ 0102    (3)  BC:0000  DE:0000  HL:7FE9  AF:7756  SP:7FF1  PC:0104   
0107  11 65 00  LXI D,0065  (3)  BC:0000  DE:0000  HL:7FE9  AF:7756  SP:7FF1  PC:0107   
010A  1A        LDAX D      (3)  BC:0000  DE:0065  HL:7FE9  AF:7756  SP:7FF1  PC:010A   
010B  0E 08     MVI C,08    (3)  BC:0000  DE:0065  HL:7FE9  AF:0056  SP:7FF1  PC:010B   
010D  46        MOV B,M     (3)  BC:0008  DE:0065  HL:7FE9  AF:0056  SP:7FF1  PC:010D   
010E  A8        XRA B       (3)  BC:9308  DE:0065  HL:7FE9  AF:0056  SP:7FF1  PC:010E   
010F  23        INX H       (3)  BC:9308  DE:0065  HL:7FE9  AF:9386  SP:7FF1  PC:010F   
0110  0D        DCR C       (3)  BC:9308  DE:0065  HL:7FEA  AF:9386  SP:7FF1  PC:0110   
0111  C2 0D 01  JNZ 010D    (3)  BC:9307  DE:0065  HL:7FEA  AF:9312  SP:7FF1  PC:0111   
010D  46        MOV B,M     (3)  BC:9307  DE:0065  HL:7FEA  AF:9312  SP:7FF1  PC:010D   
010E  A8        XRA B       (3)  BC:0A07  DE:0065  HL:7FEA  AF:9312  SP:7FF1  PC:010E   
010F  23        INX H       (3)  BC:0A07  DE:0065  HL:7FEA  AF:9986  SP:7FF1  PC:010F   
0110  0D        DCR C       (3)  BC:0A07  DE:0065  HL:7FEB  AF:9986  SP:7FF1  PC:0110   
0111  C2 0D 01  JNZ 010D    (3)  BC:0A06  DE:0065  HL:7FEB  AF:9916  SP:7FF1  PC:0111   
010D  46        MOV B,M     (3)  BC:0A06  DE:0065  HL:7FEB  AF:9916  SP:7FF1  PC:010D   
010E  A8        XRA B       (3)  BC:3D06  DE:0065  HL:7FEB  AF:9916  SP:7FF1  PC:010E   
010F  23        INX H       (3)  BC:3D06  DE:0065  HL:7FEB  AF:A482  SP:7FF1  PC:010F   
0110  0D        DCR C       (3)  BC:3D06  DE:0065  HL:7FEC  AF:A482  SP:7FF1  PC:0110   
0111  C2 0D 01  JNZ 010D    (3)  BC:3D05  DE:0065  HL:7FEC  AF:A416  SP:7FF1  PC:0111   
010D  46        MOV B,M     (3)  BC:3D05  DE:0065  HL:7FEC  AF:A416  SP:7FF1  PC:010D   
010E  A8        XRA B       (3)  BC:0005  DE:0065  HL:7FEC  AF:A416  SP:7FF1  PC:010E   
010F  23        INX H       (3)  BC:0005  DE:0065  HL:7FEC  AF:A482  SP:7FF1  PC:010F   
0110  0D        DCR C       (3)  BC:0005  DE:0065  HL:7FED  AF:A482  SP:7FF1  PC:0110   
0111  C2 0D 01  JNZ 010D    (3)  BC:0004  DE:0065  HL:7FED  AF:A412  SP:7FF1  PC:0111   
010D  46        MOV B,M     (3)  BC:0004  DE:0065  HL:7FED  AF:A412  SP:7FF1  PC:010D   
010E  A8        XRA B       (3)  BC:0004  DE:0065  HL:7FED  AF:A412  SP:7FF1  PC:010E   
010F  23        INX H       (3)  BC:0004  DE:0065  HL:7FED  AF:A482  SP:7FF1  PC:010F   
0110  0D        DCR C       (3)  BC:0004  DE:0065  HL:7FEE  AF:A482  SP:7FF1  PC:0110   
0111  C2 0D 01  JNZ 010D    (3)  BC:0003  DE:0065  HL:7FEE  AF:A416  SP:7FF1  PC:0111   
010D  46        MOV B,M     (3)  BC:0003  DE:0065  HL:7FEE  AF:A416  SP:7FF1  PC:010D   
010E  A8        XRA B       (3)  BC:0003  DE:0065  HL:7FEE  AF:A416  SP:7FF1  PC:010E   
010F  23        INX H       (3)  BC:0003  DE:0065  HL:7FEE  AF:A482  SP:7FF1  PC:010F   
0110  0D        DCR C       (3)  BC:0003  DE:0065  HL:7FEF  AF:A482  SP:7FF1  PC:0110   
0111  C2 0D 01  JNZ 010D    (3)  BC:0002  DE:0065  HL:7FEF  AF:A412  SP:7FF1  PC:0111   
010D  46        MOV B,M     (3)  BC:0002  DE:0065  HL:7FEF  AF:A412  SP:7FF1  PC:010D   
010E  A8        XRA B       (3)  BC:0002  DE:0065  HL:7FEF  AF:A412  SP:7FF1  PC:010E   
010F  23        INX H       (3)  BC:0002  DE:0065  HL:7FEF  AF:A482  SP:7FF1  PC:010F   
0110  0D        DCR C       (3)  BC:0002  DE:0065  HL:7FF0  AF:A482  SP:7FF1  PC:0110   
0111  C2 0D 01  JNZ 010D    (3)  BC:0001  DE:0065  HL:7FF0  AF:A412  SP:7FF1  PC:0111   
010D  46        MOV B,M     (3)  BC:0001  DE:0065  HL:7FF0  AF:A412  SP:7FF1  PC:010D   
010E  A8        XRA B       (3)  BC:0001  DE:0065  HL:7FF0  AF:A412  SP:7FF1  PC:010E   
010F  23        INX H       (3)  BC:0001  DE:0065  HL:7FF0  AF:A482  SP:7FF1  PC:010F   
0110  0D        DCR C       (3)  BC:0001  DE:0065  HL:7FF1  AF:A482  SP:7FF1  PC:0110   
0111  C2 0D 01  JNZ 010D    (3)  BC:0000  DE:0065  HL:7FF1  AF:A456  SP:7FF1  PC:0111   
0114  12        STAX D      (3)  BC:0000  DE:0065  HL:7FF1  AF:A456  SP:7FF1  PC:0114   
0115  C1        POP B       (3)  BC:0000  DE:0065  HL:7FF1  AF:A456  SP:7FF1  PC:0115   
0116  D1        POP D       (3)  BC:7706  DE:0065  HL:7FF1  AF:A456  SP:7FF3  PC:0116   
0117  E1        POP H       (3)  BC:7706  DE:0000  HL:7FF1  AF:A456  SP:7FF5  PC:0117   
0118  F1        POP PSW     (3)  BC:7706  DE:0000  HL:0000  AF:A456  SP:7FF7  PC:0118   
0119  C9        RET         (3)  BC:7706  DE:0000  HL:0000  AF:0002  SP:7FF9  PC:0119   
0075  CD 3E 01  CALL 013E   (2)  BC:7706  DE:0000  HL:0000  AF:0002  SP:7FFB  PC:0075   
013E  C5        PUSH B      (3)  BC:7706  DE:0000  HL:0000  AF:0002  SP:7FF9  PC:013E   
013F  D5        PUSH D      (3)  BC:7706  DE:0000  HL:0000  AF:0002  SP:7FF7  PC:013F   
0140  E5        PUSH H      (3)  BC:7706  DE:0000  HL:0000  AF:0002  SP:7FF5  PC:0140   
0141  F5        PUSH PSW    (3)  BC:7706  DE:0000  HL:0000  AF:0002  SP:7FF3  PC:0141   
0142  F5        PUSH PSW    (3)  BC:7706  DE:0000  HL:0000  AF:0002  SP:7FF1  PC:0142   
0143  CD 55 01  CALL 0155   (3)  BC:7706  DE:0000  HL:0000  AF:0002  SP:7FEF  PC:0143   
0155  0F        RRC         (4)  BC:7706  DE:0000  HL:0000  AF:0002  SP:7FED  PC:0155   
0156  0F        RRC         (4)  BC:7706  DE:0000  HL:0000  AF:0002  SP:7FED  PC:0156   
0157  0F        RRC         (4)  BC:7706  DE:0000  HL:0000  AF:0002  SP:7FED  PC:0157   
0158  0F        RRC         (4)  BC:7706  DE:0000  HL:0000  AF:0002  SP:7FED  PC:0158   
0159  E6 0F     ANI 0F      (4)  BC:7706  DE:0000  HL:0000  AF:0002  SP:7FED  PC:0159   
015B  FE 0A     CPI 0A      (4)  BC:7706  DE:0000  HL:0000  AF:0056  SP:7FED  PC:015B   
015D  FA 62 01  JM 0162     (4)  BC:7706  DE:0000  HL:0000  AF:0087  SP:7FED  PC:015D   
0162  C6 30     ADI 30      (4)  BC:7706  DE:0000  HL:0000  AF:0087  SP:7FED  PC:0162   
0164  C9        RET         (4)  BC:7706  DE:0000  HL:0000  AF:3006  SP:7FED  PC:0164   
0146  CD 31 01  CALL 0131   (3)  BC:7706  DE:0000  HL:0000  AF:3006  SP:7FEF  PC:0146   
0131  C5        PUSH B      (4)  BC:7706  DE:0000  HL:0000  AF:3006  SP:7FED  PC:0131   
0132  D5        PUSH D      (4)  BC:7706  DE:0000  HL:0000  AF:3006  SP:7FEB  PC:0132   
0133  E5        PUSH H      (4)  BC:7706  DE:0000  HL:0000  AF:3006  SP:7FE9  PC:0133   
0134  F5        PUSH PSW    (4)  BC:7706  DE:0000  HL:0000  AF:3006  SP:7FE7  PC:0134   
0135  4F        MOV C,A     (4)  BC:7706  DE:0000  HL:0000  AF:3006  SP:7FE5  PC:0135   
0136  CD 37 C0  CALL C037   (4)  BC:7730  DE:0000  HL:0000  AF:3006  SP:7FE5  PC:0136   
0139  F1        POP PSW     (4)  BC:7730  DE:0000  HL:0000  AF:3006  SP:7FE5  PC:0139   
013A  E1        POP H       (4)  BC:7730  DE:0000  HL:0000  AF:3006  SP:7FE7  PC:013A   
013B  D1        POP D       (4)  BC:7730  DE:0000  HL:0000  AF:3006  SP:7FE9  PC:013B   
013C  C1        POP B       (4)  BC:7730  DE:0000  HL:0000  AF:3006  SP:7FEB  PC:013C   
013D  C9        RET         (4)  BC:7706  DE:0000  HL:0000  AF:3006  SP:7FED  PC:013D   
0149  F1        POP PSW     (3)  BC:7706  DE:0000  HL:0000  AF:3006  SP:7FEF  PC:0149   
014A  CD 59 01  CALL 0159   (3)  BC:7706  DE:0000  HL:0000  AF:0002  SP:7FF1  PC:014A   
0159  E6 0F     ANI 0F      (4)  BC:7706  DE:0000  HL:0000  AF:0002  SP:7FEF  PC:0159   
015B  FE 0A     CPI 0A      (4)  BC:7706  DE:0000  HL:0000  AF:0056  SP:7FEF  PC:015B   
015D  FA 62 01  JM 0162     (4)  BC:7706  DE:0000  HL:0000  AF:0087  SP:7FEF  PC:015D   
0162  C6 30     ADI 30      (4)  BC:7706  DE:0000  HL:0000  AF:0087  SP:7FEF  PC:0162   
0164  C9        RET         (4)  BC:7706  DE:0000  HL:0000  AF:3006  SP:7FEF  PC:0164   
014D  CD 31 01  CALL 0131   (3)  BC:7706  DE:0000  HL:0000  AF:3006  SP:7FF1  PC:014D   
0131  C5        PUSH B      (4)  BC:7706  DE:0000  HL:0000  AF:3006  SP:7FEF  PC:0131   
0132  D5        PUSH D      (4)  BC:7706  DE:0000  HL:0000  AF:3006  SP:7FED  PC:0132   
0133  E5        PUSH H      (4)  BC:7706  DE:0000  HL:0000  AF:3006  SP:7FEB  PC:0133   
0134  F5        PUSH PSW    (4)  BC:7706  DE:0000  HL:0000  AF:3006  SP:7FE9  PC:0134   
0135  4F        MOV C,A     (4)  BC:7706  DE:0000  HL:0000  AF:3006  SP:7FE7  PC:0135   
0136  CD 37 C0  CALL C037   (4)  BC:7730  DE:0000  HL:0000  AF:3006  SP:7FE7  PC:0136   
0139  F1        POP PSW     (4)  BC:7730  DE:0000  HL:0000  AF:3006  SP:7FE7  PC:0139   
013A  E1        POP H       (4)  BC:7730  DE:0000  HL:0000  AF:3006  SP:7FE9  PC:013A   
013B  D1        POP D       (4)  BC:7730  DE:0000  HL:0000  AF:3006  SP:7FEB  PC:013B   
013C  C1        POP B       (4)  BC:7730  DE:0000  HL:0000  AF:3006  SP:7FED  PC:013C   
013D  C9        RET         (4)  BC:7706  DE:0000  HL:0000  AF:3006  SP:7FEF  PC:013D   
0150  F1        POP PSW     (3)  BC:7706  DE:0000  HL:0000  AF:3006  SP:7FF1  PC:0150   
0151  E1        POP H       (3)  BC:7706  DE:0000  HL:0000  AF:0002  SP:7FF3  PC:0151   
0152  D1        POP D       (3)  BC:7706  DE:0000  HL:0000  AF:0002  SP:7FF5  PC:0152   
0153  C1        POP B       (3)  BC:7706  DE:0000  HL:0000  AF:0002  SP:7FF7  PC:0153   
0154  C9        RET         (3)  BC:7706  DE:0000  HL:0000  AF:0002  SP:7FF9  PC:0154   
0078  17        RAL         (2)  BC:7706  DE:0000  HL:0000  AF:0002  SP:7FFB  PC:0078   
0079  CD F8 00  CALL 00F8   (2)  BC:7706  DE:0000  HL:0000  AF:0002  SP:7FFB  PC:0079   
00F8  C5        PUSH B      (3)  BC:7706  DE:0000  HL:0000  AF:0002  SP:7FF9  PC:00F8   
00F9  D5        PUSH D      (3)  BC:7706  DE:0000  HL:0000  AF:0002  SP:7FF7  PC:00F9   
00FA  E5        PUSH H      (3)  BC:7706  DE:0000  HL:0000  AF:0002  SP:7FF5  PC:00FA   
00FB  F5        PUSH PSW    (3)  BC:7706  DE:0000  HL:0000  AF:0002  SP:7FF3  PC:00FB   
00FC  21 00 00  LXI H,0000  (3)  BC:7706  DE:0000  HL:0000  AF:0002  SP:7FF1  PC:00FC   
00FF  39        DAD SP      (3)  BC:7706  DE:0000  HL:0000  AF:0002  SP:7FF1  PC:00FF   
0100  0E 08     MVI C,08    (3)  BC:7706  DE:0000  HL:7FF1  AF:0002  SP:7FF1  PC:0100   
0102  2B        DCX H       (3)  BC:7708  DE:0000  HL:7FF1  AF:0002  SP:7FF1  PC:0102   
0103  0D        DCR C       (3)  BC:7708  DE:0000  HL:7FF0  AF:0002  SP:7FF1  PC:0103   
0104  C2 02 01  JNZ 0102    (3)  BC:7707  DE:0000  HL:7FF0  AF:0012  SP:7FF1  PC:0104   
0102  2B        DCX H       (3)  BC:7707  DE:0000  HL:7FF0  AF:0012  SP:7FF1  PC:0102   
0103  0D        DCR C       (3)  BC:7707  DE:0000  HL:7FEF  AF:0012  SP:7FF1  PC:0103   
0104  C2 02 01  JNZ 0102    (3)  BC:7706  DE:0000  HL:7FEF  AF:0016  SP:7FF1  PC:0104   
0102  2B        DCX H       (3)  BC:7706  DE:0000  HL:7FEF  AF:0016  SP:7FF1  PC:0102   
0103  0D        DCR C       (3)  BC:7706  DE:0000  HL:7FEE  AF:0016  SP:7FF1  PC:0103   
0104  C2 02 01  JNZ 0102    (3)  BC:7705  DE:0000  HL:7FEE  AF:0016  SP:7FF1  PC:0104   
0102  2B        DCX H       (3)  BC:7705  DE:0000  HL:7FEE  AF:0016  SP:7FF1  PC:0102   
0103  0D        DCR C       (3)  BC:7705  DE:0000  HL:7FED  AF:0016  SP:7FF1  PC:0103   
0104  C2 02 01  JNZ 0102    (3)  BC:7704  DE:0000  HL:7FED  AF:0012  SP:7FF1  PC:0104   
0102  2B        DCX H       (3)  BC:7704  DE:0000  HL:7FED  AF:0012  SP:7FF1  PC:0102   
0103  0D        DCR C       (3)  BC:7704  DE:0000  HL:7FEC  AF:0012  SP:7FF1  PC:0103   
0104  C2 02 01  JNZ 0102    (3)  BC:7703  DE:0000  HL:7FEC  AF:0016  SP:7FF1  PC:0104   
0102  2B        DCX H       (3)  BC:7703  DE:0000  HL:7FEC  AF:0016  SP:7FF1  PC:0102   
0103  0D        DCR C       (3)  BC:7703  DE:0000  HL:7FEB  AF:0016  SP:7FF1  PC:0103   
0104  C2 02 01  JNZ 0102    (3)  BC:7702  DE:0000  HL:7FEB  AF:0012  SP:7FF1  PC:0104   
0102  2B        DCX H       (3)  BC:7702  DE:0000  HL:7FEB  AF:0012  SP:7FF1  PC:0102   
0103  0D        DCR C       (3)  BC:7702  DE:0000  HL:7FEA  AF:0012  SP:7FF1  PC:0103   
0104  C2 02 01  JNZ 0102    (3)  BC:7701  DE:0000  HL:7FEA  AF:0012  SP:7FF1  PC:0104   
0102  2B        DCX H       (3)  BC:7701  DE:0000  HL:7FEA  AF:0012  SP:7FF1  PC:0102   
0103  0D        DCR C       (3)  BC:7701  DE:0000  HL:7FE9  AF:0012  SP:7FF1  PC:0103   
0104  C2 02 01  JNZ 0102    (3)  BC:7700  DE:0000  HL:7FE9  AF:0056  SP:7FF1  PC:0104   
0107  11 65 00  LXI D,0065  (3)  BC:7700  DE:0000  HL:7FE9  AF:0056  SP:7FF1  PC:0107   
010A  1A        LDAX D      (3)  BC:7700  DE:0065  HL:7FE9  AF:0056  SP:7FF1  PC:010A   
010B  0E 08     MVI C,08    (3)  BC:7700  DE:0065  HL:7FE9  AF:A456  SP:7FF1  PC:010B   
010D  46        MOV B,M     (3)  BC:7708  DE:0065  HL:7FE9  AF:A456  SP:7FF1  PC:010D   
010E  A8        XRA B       (3)  BC:0008  DE:0065  HL:7FE9  AF:A456  SP:7FF1  PC:010E   
010F  23        INX H       (3)  BC:0008  DE:0065  HL:7FE9  AF:A482  SP:7FF1  PC:010F   
0110  0D        DCR C       (3)  BC:0008  DE:0065  HL:7FEA  AF:A482  SP:7FF1  PC:0110   
0111  C2 0D 01  JNZ 010D    (3)  BC:0007  DE:0065  HL:7FEA  AF:A412  SP:7FF1  PC:0111   
010D  46        MOV B,M     (3)  BC:0007  DE:0065  HL:7FEA  AF:A412  SP:7FF1  PC:010D   
010E  A8        XRA B       (3)  BC:0007  DE:0065  HL:7FEA  AF:A412  SP:7FF1  PC:010E   
010F  23        INX H       (3)  BC:0007  DE:0065  HL:7FEA  AF:A482  SP:7FF1  PC:010F   
0110  0D        DCR C       (3)  BC:0007  DE:0065  HL:7FEB  AF:A482  SP:7FF1  PC:0110   
0111  C2 0D 01  JNZ 010D    (3)  BC:0006  DE:0065  HL:7FEB  AF:A416  SP:7FF1  PC:0111   
010D  46        MOV B,M     (3)  BC:0006  DE:0065  HL:7FEB  AF:A416  SP:7FF1  PC:010D   
010E  A8        XRA B       (3)  BC:0006  DE:0065  HL:7FEB  AF:A416  SP:7FF1  PC:010E   
010F  23        INX H       (3)  BC:0006  DE:0065  HL:7FEB  AF:A482  SP:7FF1  PC:010F   
0110  0D        DCR C       (3)  BC:0006  DE:0065  HL:7FEC  AF:A482  SP:7FF1  PC:0110   
0111  C2 0D 01  JNZ 010D    (3)  BC:0005  DE:0065  HL:7FEC  AF:A416  SP:7FF1  PC:0111   
010D  46        MOV B,M     (3)  BC:0005  DE:0065  HL:7FEC  AF:A416  SP:7FF1  PC:010D   
010E  A8        XRA B       (3)  BC:0005  DE:0065  HL:7FEC  AF:A416  SP:7FF1  PC:010E   
010F  23        INX H       (3)  BC:0005  DE:0065  HL:7FEC  AF:A482  SP:7FF1  PC:010F   
0110  0D        DCR C       (3)  BC:0005  DE:0065  HL:7FED  AF:A482  SP:7FF1  PC:0110   
0111  C2 0D 01  JNZ 010D    (3)  BC:0004  DE:0065  HL:7FED  AF:A412  SP:7FF1  PC:0111   
010D  46        MOV B,M     (3)  BC:0004  DE:0065  HL:7FED  AF:A412  SP:7FF1  PC:010D   
010E  A8        XRA B       (3)  BC:0604  DE:0065  HL:7FED  AF:A412  SP:7FF1  PC:010E   
010F  23        INX H       (3)  BC:0604  DE:0065  HL:7FED  AF:A282  SP:7FF1  PC:010F   
0110  0D        DCR C       (3)  BC:0604  DE:0065  HL:7FEE  AF:A282  SP:7FF1  PC:0110   
0111  C2 0D 01  JNZ 010D    (3)  BC:0603  DE:0065  HL:7FEE  AF:A216  SP:7FF1  PC:0111   
010D  46        MOV B,M     (3)  BC:0603  DE:0065  HL:7FEE  AF:A216  SP:7FF1  PC:010D   
010E  A8        XRA B       (3)  BC:7703  DE:0065  HL:7FEE  AF:A216  SP:7FF1  PC:010E   
010F  23        INX H       (3)  BC:7703  DE:0065  HL:7FEE  AF:D582  SP:7FF1  PC:010F   
0110  0D        DCR C       (3)  BC:7703  DE:0065  HL:7FEF  AF:D582  SP:7FF1  PC:0110   
0111  C2 0D 01  JNZ 010D    (3)  BC:7702  DE:0065  HL:7FEF  AF:D512  SP:7FF1  PC:0111   
010D  46        MOV B,M     (3)  BC:7702  DE:0065  HL:7FEF  AF:D512  SP:7FF1  PC:010D   
010E  A8        XRA B       (3)  BC:5002  DE:0065  HL:7FEF  AF:D512  SP:7FF1  PC:010E   
010F  23        INX H       (3)  BC:5002  DE:0065  HL:7FEF  AF:8582  SP:7FF1  PC:010F   
0110  0D        DCR C       (3)  BC:5002  DE:0065  HL:7FF0  AF:8582  SP:7FF1  PC:0110   
0111  C2 0D 01  JNZ 010D    (3)  BC:5001  DE:0065  HL:7FF0  AF:8512  SP:7FF1  PC:0111   
010D  46        MOV B,M     (3)  BC:5001  DE:0065  HL:7FF0  AF:8512  SP:7FF1  PC:010D   
010E  A8        XRA B       (3)  BC:0101  DE:0065  HL:7FF0  AF:8512  SP:7FF1  PC:010E   
010F  23        INX H       (3)  BC:0101  DE:0065  HL:7FF0  AF:8486  SP:7FF1  PC:010F   
0110  0D        DCR C       (3)  BC:0101  DE:0065  HL:7FF1  AF:8486  SP:7FF1  PC:0110   
0111  C2 0D 01  JNZ 010D    (3)  BC:0100  DE:0065  HL:7FF1  AF:8456  SP:7FF1  PC:0111   
0114  12        STAX D      (3)  BC:0100  DE:0065  HL:7FF1  AF:8456  SP:7FF1  PC:0114   
0115  C1        POP B       (3)  BC:0100  DE:0065  HL:7FF1  AF:8456  SP:7FF1  PC:0115   
0116  D1        POP D       (3)  BC:0002  DE:0065  HL:7FF1  AF:8456  SP:7FF3  PC:0116   
0117  E1        POP H       (3)  BC:0002  DE:0000  HL:7FF1  AF:8456  SP:7FF5  PC:0117   
0118  F1        POP PSW     (3)  BC:0002  DE:0000  HL:0000  AF:8456  SP:7FF7  PC:0118   
0119  C9        RET         (3)  BC:0002  DE:0000  HL:0000  AF:7706  SP:7FF9  PC:0119   
007C  CD 3E 01  CALL 013E   (2)  BC:0002  DE:0000  HL:0000  AF:7706  SP:7FFB  PC:007C   
013E  C5        PUSH B      (3)  BC:0002  DE:0000  HL:0000  AF:7706  SP:7FF9  PC:013E   
013F  D5        PUSH D      (3)  BC:0002  DE:0000  HL:0000  AF:7706  SP:7FF7  PC:013F   
0140  E5        PUSH H      (3)  BC:0002  DE:0000  HL:0000  AF:7706  SP:7FF5  PC:0140   
0141  F5        PUSH PSW    (3)  BC:0002  DE:0000  HL:0000  AF:7706  SP:7FF3  PC:0141   
0142  F5        PUSH PSW    (3)  BC:0002  DE:0000  HL:0000  AF:7706  SP:7FF1  PC:0142   
0143  CD 55 01  CALL 0155   (3)  BC:0002  DE:0000  HL:0000  AF:7706  SP:7FEF  PC:0143   
0155  0F        RRC         (4)  BC:0002  DE:0000  HL:0000  AF:7706  SP:7FED  PC:0155   
0156  0F        RRC         (4)  BC:0002  DE:0000  HL:0000  AF:BB07  SP:7FED  PC:0156   
0157  0F        RRC         (4)  BC:0002  DE:0000  HL:0000  AF:DD07  SP:7FED  PC:0157   
0158  0F        RRC         (4)  BC:0002  DE:0000  HL:0000  AF:EE07  SP:7FED  PC:0158   
0159  E6 0F     ANI 0F      (4)  BC:0002  DE:0000  HL:0000  AF:7706  SP:7FED  PC:0159   
015B  FE 0A     CPI 0A      (4)  BC:0002  DE:0000  HL:0000  AF:0712  SP:7FED  PC:015B   
015D  FA 62 01  JM 0162     (4)  BC:0002  DE:0000  HL:0000  AF:0783  SP:7FED  PC:015D   
0162  C6 30     ADI 30      (4)  BC:0002  DE:0000  HL:0000  AF:0783  SP:7FED  PC:0162   
0164  C9        RET         (4)  BC:0002  DE:0000  HL:0000  AF:3702  SP:7FED  PC:0164   
0146  CD 31 01  CALL 0131   (3)  BC:0002  DE:0000  HL:0000  AF:3702  SP:7FEF  PC:0146   
0131  C5        PUSH B      (4)  BC:0002  DE:0000  HL:0000  AF:3702  SP:7FED  PC:0131   
0132  D5        PUSH D      (4)  BC:0002  DE:0000  HL:0000  AF:3702  SP:7FEB  PC:0132   
0133  E5        PUSH H      (4)  BC:0002  DE:0000  HL:0000  AF:3702  SP:7FE9  PC:0133   
0134  F5        PUSH PSW    (4)  BC:0002  DE:0000  HL:0000  AF:3702  SP:7FE7  PC:0134   
0135  4F        MOV C,A     (4)  BC:0002  DE:0000  HL:0000  AF:3702  SP:7FE5  PC:0135   
0136  CD 37 C0  CALL C037   (4)  BC:0037  DE:0000  HL:0000  AF:3702  SP:7FE5  PC:0136   
0139  F1        POP PSW     (4)  BC:0037  DE:0000  HL:0000  AF:3702  SP:7FE5  PC:0139   
013A  E1        POP H       (4)  BC:0037  DE:0000  HL:0000  AF:3702  SP:7FE7  PC:013A   
013B  D1        POP D       (4)  BC:0037  DE:0000  HL:0000  AF:3702  SP:7FE9  PC:013B   
013C  C1        POP B       (4)  BC:0037  DE:0000  HL:0000  AF:3702  SP:7FEB  PC:013C   
013D  C9        RET         (4)  BC:0002  DE:0000  HL:0000  AF:3702  SP:7FED  PC:013D   
0149  F1        POP PSW     (3)  BC:0002  DE:0000  HL:0000  AF:3702  SP:7FEF  PC:0149   
014A  CD 59 01  CALL 0159   (3)  BC:0002  DE:0000  HL:0000  AF:7706  SP:7FF1  PC:014A   
0159  E6 0F     ANI 0F      (4)  BC:0002  DE:0000  HL:0000  AF:7706  SP:7FEF  PC:0159   
015B  FE 0A     CPI 0A      (4)  BC:0002  DE:0000  HL:0000  AF:0712  SP:7FEF  PC:015B   
015D  FA 62 01  JM 0162     (4)  BC:0002  DE:0000  HL:0000  AF:0783  SP:7FEF  PC:015D   
0162  C6 30     ADI 30      (4)  BC:0002  DE:0000  HL:0000  AF:0783  SP:7FEF  PC:0162   
0164  C9        RET         (4)  BC:0002  DE:0000  HL:0000  AF:3702  SP:7FEF  PC:0164   
014D  CD 31 01  CALL 0131   (3)  BC:0002  DE:0000  HL:0000  AF:3702  SP:7FF1  PC:014D   
0131  C5        PUSH B      (4)  BC:0002  DE:0000  HL:0000  AF:3702  SP:7FEF  PC:0131   
0132  D5        PUSH D      (4)  BC:0002  DE:0000  HL:0000  AF:3702  SP:7FED  PC:0132   
0133  E5        PUSH H      (4)  BC:0002  DE:0000  HL:0000  AF:3702  SP:7FEB  PC:0133   
0134  F5        PUSH PSW    (4)  BC:0002  DE:0000  HL:0000  AF:3702  SP:7FE9  PC:0134   
0135  4F        MOV C,A     (4)  BC:0002  DE:0000  HL:0000  AF:3702  SP:7FE7  PC:0135   
0136  CD 37 C0  CALL C037   (4)  BC:0037  DE:0000  HL:0000  AF:3702  SP:7FE7  PC:0136   
0139  F1        POP PSW     (4)  BC:0037  DE:0000  HL:0000  AF:3702  SP:7FE7  PC:0139   
013A  E1        POP H       (4)  BC:0037  DE:0000  HL:0000  AF:3702  SP:7FE9  PC:013A   
013B  D1        POP D       (4)  BC:0037  DE:0000  HL:0000  AF:3702  SP:7FEB  PC:013B   
013C  C1        POP B       (4)  BC:0037  DE:0000  HL:0000  AF:3702  SP:7FED  PC:013C   
013D  C9        RET         (4)  BC:0002  DE:0000  HL:0000  AF:3702  SP:7FEF  PC:013D   
0150  F1        POP PSW     (3)  BC:0002  DE:0000  HL:0000  AF:3702  SP:7FF1  PC:0150   
0151  E1        POP H       (3)  BC:0002  DE:0000  HL:0000  AF:7706  SP:7FF3  PC:0151   
0152  D1        POP D       (3)  BC:0002  DE:0000  HL:0000  AF:7706  SP:7FF5  PC:0152   
0153  C1        POP B       (3)  BC:0002  DE:0000  HL:0000  AF:7706  SP:7FF7  PC:0153   
0154  C9        RET         (3)  BC:0002  DE:0000  HL:0000  AF:7706  SP:7FF9  PC:0154   
007F  EE E8     XRI E8      (2)  BC:0002  DE:0000  HL:0000  AF:7706  SP:7FFB  PC:007F   
0081  CD F8 00  CALL 00F8   (2)  BC:0002  DE:0000  HL:0000  AF:9F86  SP:7FFB  PC:0081   
00F8  C5        PUSH B      (3)  BC:0002  DE:0000  HL:0000  AF:9F86  SP:7FF9  PC:00F8   
00F9  D5        PUSH D      (3)  BC:0002  DE:0000  HL:0000  AF:9F86  SP:7FF7  PC:00F9   
00FA  E5        PUSH H      (3)  BC:0002  DE:0000  HL:0000  AF:9F86  SP:7FF5  PC:00FA   
00FB  F5        PUSH PSW    (3)  BC:0002  DE:0000  HL:0000  AF:9F86  SP:7FF3  PC:00FB   
00FC  21 00 00  LXI H,0000  (3)  BC:0002  DE:0000  HL:0000  AF:9F86  SP:7FF1  PC:00FC   
00FF  39        DAD SP      (3)  BC:0002  DE:0000  HL:0000  AF:9F86  SP:7FF1  PC:00FF   
0100  0E 08     MVI C,08    (3)  BC:0002  DE:0000  HL:7FF1  AF:9F86  SP:7FF1  PC:0100   
0102  2B        DCX H       (3)  BC:0008  DE:0000  HL:7FF1  AF:9F86  SP:7FF1  PC:0102   
0103  0D        DCR C       (3)  BC:0008  DE:0000  HL:7FF0  AF:9F86  SP:7FF1  PC:0103   
0104  C2 02 01  JNZ 0102    (3)  BC:0007  DE:0000  HL:7FF0  AF:9F12  SP:7FF1  PC:0104   
0102  2B        DCX H       (3)  BC:0007  DE:0000  HL:7FF0  AF:9F12  SP:7FF1  PC:0102   
0103  0D        DCR C       (3)  BC:0007  DE:0000  HL:7FEF  AF:9F12  SP:7FF1  PC:0103   
0104  C2 02 01  JNZ 0102    (3)  BC:0006  DE:0000  HL:7FEF  AF:9F16  SP:7FF1  PC:0104   
0102  2B        DCX H       (3)  BC:0006  DE:0000  HL:7FEF  AF:9F16  SP:7FF1  PC:0102   
0103  0D        DCR C       (3)  BC:0006  DE:0000  HL:7FEE  AF:9F16  SP:7FF1  PC:0103   
0104  C2 02 01  JNZ 0102    (3)  BC:0005  DE:0000  HL:7FEE  AF:9F16  SP:7FF1  PC:0104   
0102  2B        DCX H       (3)  BC:0005  DE:0000  HL:7FEE  AF:9F16  SP:7FF1  PC:0102   
0103  0D        DCR C       (3)  BC:0005  DE:0000  HL:7FED  AF:9F16  SP:7FF1  PC:0103   
0104  C2 02 01  JNZ 0102    (3)  BC:0004  DE:0000  HL:7FED  AF:9F12  SP:7FF1  PC:0104   
0102  2B        DCX H       (3)  BC:0004  DE:0000  HL:7FED  AF:9F12  SP:7FF1  PC:0102   
0103  0D        DCR C       (3)  BC:0004  DE:0000  HL:7FEC  AF:9F12  SP:7FF1  PC:0103   
0104  C2 02 01  JNZ 0102    (3)  BC:0003  DE:0000  HL:7FEC  AF:9F16  SP:7FF1  PC:0104   
0102  2B        DCX H       (3)  BC:0003  DE:0000  HL:7FEC  AF:9F16  SP:7FF1  PC:0102   
0103  0D        DCR C       (3)  BC:0003  DE:0000  HL:7FEB  AF:9F16  SP:7FF1  PC:0103   
0104  C2 02 01  JNZ 0102    (3)  BC:0002  DE:0000  HL:7FEB  AF:9F12  SP:7FF1  PC:0104   
0102  2B        DCX H       (3)  BC:0002  DE:0000  HL:7FEB  AF:9F12  SP:7FF1  PC:0102   
0103  0D        DCR C       (3)  BC:0002  DE:0000  HL:7FEA  AF:9F12  SP:7FF1  PC:0103   
0104  C2 02 01  JNZ 0102    (3)  BC:0001  DE:0000  HL:7FEA  AF:9F12  SP:7FF1  PC:0104   
0102  2B        DCX H       (3)  BC:0001  DE:0000  HL:7FEA  AF:9F12  SP:7FF1  PC:0102   
0103  0D        DCR C       (3)  BC:0001  DE:0000  HL:7FE9  AF:9F12  SP:7FF1  PC:0103   
0104  C2 02 01  JNZ 0102    (3)  BC:0000  DE:0000  HL:7FE9  AF:9F56  SP:7FF1  PC:0104   
0107  11 65 00  LXI D,0065  (3)  BC:0000  DE:0000  HL:7FE9  AF:9F56  SP:7FF1  PC:0107   
010A  1A        LDAX D      (3)  BC:0000  DE:0065  HL:7FE9  AF:9F56  SP:7FF1  PC:010A   
010B  0E 08     MVI C,08    (3)  BC:0000  DE:0065  HL:7FE9  AF:8456  SP:7FF1  PC:010B   
010D  46        MOV B,M     (3)  BC:0008  DE:0065  HL:7FE9  AF:8456  SP:7FF1  PC:010D   
010E  A8        XRA B       (3)  BC:0008  DE:0065  HL:7FE9  AF:8456  SP:7FF1  PC:010E   
010F  23        INX H       (3)  BC:0008  DE:0065  HL:7FE9  AF:8486  SP:7FF1  PC:010F   
0110  0D        DCR C       (3)  BC:0008  DE:0065  HL:7FEA  AF:8486  SP:7FF1  PC:0110   
0111  C2 0D 01  JNZ 010D    (3)  BC:0007  DE:0065  HL:7FEA  AF:8412  SP:7FF1  PC:0111   
010D  46        MOV B,M     (3)  BC:0007  DE:0065  HL:7FEA  AF:8412  SP:7FF1  PC:010D   
010E  A8        XRA B       (3)  BC:0007  DE:0065  HL:7FEA  AF:8412  SP:7FF1  PC:010E   
010F  23        INX H       (3)  BC:0007  DE:0065  HL:7FEA  AF:8486  SP:7FF1  PC:010F   
0110  0D        DCR C       (3)  BC:0007  DE:0065  HL:7FEB  AF:8486  SP:7FF1  PC:0110   
0111  C2 0D 01  JNZ 010D    (3)  BC:0006  DE:0065  HL:7FEB  AF:8416  SP:7FF1  PC:0111   
010D  46        MOV B,M     (3)  BC:0006  DE:0065  HL:7FEB  AF:8416  SP:7FF1  PC:010D   
010E  A8        XRA B       (3)  BC:0006  DE:0065  HL:7FEB  AF:8416  SP:7FF1  PC:010E   
010F  23        INX H       (3)  BC:0006  DE:0065  HL:7FEB  AF:8486  SP:7FF1  PC:010F   
0110  0D        DCR C       (3)  BC:0006  DE:0065  HL:7FEC  AF:8486  SP:7FF1  PC:0110   
0111  C2 0D 01  JNZ 010D    (3)  BC:0005  DE:0065  HL:7FEC  AF:8416  SP:7FF1  PC:0111   
010D  46        MOV B,M     (3)  BC:0005  DE:0065  HL:7FEC  AF:8416  SP:7FF1  PC:010D   
010E  A8        XRA B       (3)  BC:0005  DE:0065  HL:7FEC  AF:8416  SP:7FF1  PC:010E   
010F  23        INX H       (3)  BC:0005  DE:0065  HL:7FEC  AF:8486  SP:7FF1  PC:010F   
0110  0D        DCR C       (3)  BC:0005  DE:0065  HL:7FED  AF:8486  SP:7FF1  PC:0110   
0111  C2 0D 01  JNZ 010D    (3)  BC:0004  DE:0065  HL:7FED  AF:8412  SP:7FF1  PC:0111   
010D  46        MOV B,M     (3)  BC:0004  DE:0065  HL:7FED  AF:8412  SP:7FF1  PC:010D   
010E  A8        XRA B       (3)  BC:0204  DE:0065  HL:7FED  AF:8412  SP:7FF1  PC:010E   
010F  23        INX H       (3)  BC:0204  DE:0065  HL:7FED  AF:8682  SP:7FF1  PC:010F   
0110  0D        DCR C       (3)  BC:0204  DE:0065  HL:7FEE  AF:8682  SP:7FF1  PC:0110   
0111  C2 0D 01  JNZ 010D    (3)  BC:0203  DE:0065  HL:7FEE  AF:8616  SP:7FF1  PC:0111   
010D  46        MOV B,M     (3)  BC:0203  DE:0065  HL:7FEE  AF:8616  SP:7FF1  PC:010D   
010E  A8        XRA B       (3)  BC:0003  DE:0065  HL:7FEE  AF:8616  SP:7FF1  PC:010E   
010F  23        INX H       (3)  BC:0003  DE:0065  HL:7FEE  AF:8682  SP:7FF1  PC:010F   
0110  0D        DCR C       (3)  BC:0003  DE:0065  HL:7FEF  AF:8682  SP:7FF1  PC:0110   
0111  C2 0D 01  JNZ 010D    (3)  BC:0002  DE:0065  HL:7FEF  AF:8612  SP:7FF1  PC:0111   
010D  46        MOV B,M     (3)  BC:0002  DE:0065  HL:7FEF  AF:8612  SP:7FF1  PC:010D   
010E  A8        XRA B       (3)  BC:5002  DE:0065  HL:7FEF  AF:8612  SP:7FF1  PC:010E   
010F  23        INX H       (3)  BC:5002  DE:0065  HL:7FEF  AF:D682  SP:7FF1  PC:010F   
0110  0D        DCR C       (3)  BC:5002  DE:0065  HL:7FF0  AF:D682  SP:7FF1  PC:0110   
0111  C2 0D 01  JNZ 010D    (3)  BC:5001  DE:0065  HL:7FF0  AF:D612  SP:7FF1  PC:0111   
010D  46        MOV B,M     (3)  BC:5001  DE:0065  HL:7FF0  AF:D612  SP:7FF1  PC:010D   
010E  A8        XRA B       (3)  BC:0101  DE:0065  HL:7FF0  AF:D612  SP:7FF1  PC:010E   
010F  23        INX H       (3)  BC:0101  DE:0065  HL:7FF0  AF:D786  SP:7FF1  PC:010F   
0110  0D        DCR C       (3)  BC:0101  DE:0065  HL:7FF1  AF:D786  SP:7FF1  PC:0110   
0111  C2 0D 01  JNZ 010D    (3)  BC:0100  DE:0065  HL:7FF1  AF:D756  SP:7FF1  PC:0111   
0114  12        STAX D      (3)  BC:0100  DE:0065  HL:7FF1  AF:D756  SP:7FF1  PC:0114   
0115  C1        POP B       (3)  BC:0100  DE:0065  HL:7FF1  AF:D756  SP:7FF1  PC:0115   
0116  D1        POP D       (3)  BC:9F86  DE:0065  HL:7FF1  AF:D756  SP:7FF3  PC:0116   
0117  E1        POP H       (3)  BC:9F86  DE:0000  HL:7FF1  AF:D756  SP:7FF5  PC:0117   
0118  F1        POP PSW     (3)  BC:9F86  DE:0000  HL:0000  AF:D756  SP:7FF7  PC:0118   
0119  C9        RET         (3)  BC:9F86  DE:0000  HL:0000  AF:0002  SP:7FF9  PC:0119   
0084  CD 3E 01  CALL 013E   (2)  BC:9F86  DE:0000  HL:0000  AF:0002  SP:7FFB  PC:0084   
013E  C5        PUSH B      (3)  BC:9F86  DE:0000  HL:0000  AF:0002  SP:7FF9  PC:013E   
013F  D5        PUSH D      (3)  BC:9F86  DE:0000  HL:0000  AF:0002  SP:7FF7  PC:013F   
0140  E5        PUSH H      (3)  BC:9F86  DE:0000  HL:0000  AF:0002  SP:7FF5  PC:0140   
0141  F5        PUSH PSW    (3)  BC:9F86  DE:0000  HL:0000  AF:0002  SP:7FF3  PC:0141   
0142  F5        PUSH PSW    (3)  BC:9F86  DE:0000  HL:0000  AF:0002  SP:7FF1  PC:0142   
0143  CD 55 01  CALL 0155   (3)  BC:9F86  DE:0000  HL:0000  AF:0002  SP:7FEF  PC:0143   
0155  0F        RRC         (4)  BC:9F86  DE:0000  HL:0000  AF:0002  SP:7FED  PC:0155   
0156  0F        RRC         (4)  BC:9F86  DE:0000  HL:0000  AF:0002  SP:7FED  PC:0156   
0157  0F        RRC         (4)  BC:9F86  DE:0000  HL:0000  AF:0002  SP:7FED  PC:0157   
0158  0F        RRC         (4)  BC:9F86  DE:0000  HL:0000  AF:0002  SP:7FED  PC:0158   
0159  E6 0F     ANI 0F      (4)  BC:9F86  DE:0000  HL:0000  AF:0002  SP:7FED  PC:0159   
015B  FE 0A     CPI 0A      (4)  BC:9F86  DE:0000  HL:0000  AF:0056  SP:7FED  PC:015B   
015D  FA 62 01  JM 0162     (4)  BC:9F86  DE:0000  HL:0000  AF:0087  SP:7FED  PC:015D   
0162  C6 30     ADI 30      (4)  BC:9F86  DE:0000  HL:0000  AF:0087  SP:7FED  PC:0162   
0164  C9        RET         (4)  BC:9F86  DE:0000  HL:0000  AF:3006  SP:7FED  PC:0164   
0146  CD 31 01  CALL 0131   (3)  BC:9F86  DE:0000  HL:0000  AF:3006  SP:7FEF  PC:0146   
0131  C5        PUSH B      (4)  BC:9F86  DE:0000  HL:0000  AF:3006  SP:7FED  PC:0131   
0132  D5        PUSH D      (4)  BC:9F86  DE:0000  HL:0000  AF:3006  SP:7FEB  PC:0132   
0133  E5        PUSH H      (4)  BC:9F86  DE:0000  HL:0000  AF:3006  SP:7FE9  PC:0133   
0134  F5        PUSH PSW    (4)  BC:9F86  DE:0000  HL:0000  AF:3006  SP:7FE7  PC:0134   
0135  4F        MOV C,A     (4)  BC:9F86  DE:0000  HL:0000  AF:3006  SP:7FE5  PC:0135   
0136  CD 37 C0  CALL C037   (4)  BC:9F30  DE:0000  HL:0000  AF:3006  SP:7FE5  PC:0136   
0139  F1        POP PSW     (4)  BC:9F30  DE:0000  HL:0000  AF:3006  SP:7FE5  PC:0139   
013A  E1        POP H       (4)  BC:9F30  DE:0000  HL:0000  AF:3006  SP:7FE7  PC:013A   
013B  D1        POP D       (4)  BC:9F30  DE:0000  HL:0000  AF:3006  SP:7FE9  PC:013B   
013C  C1        POP B       (4)  BC:9F30  DE:0000  HL:0000  AF:3006  SP:7FEB  PC:013C   
013D  C9        RET         (4)  BC:9F86  DE:0000  HL:0000  AF:3006  SP:7FED  PC:013D   
0149  F1        POP PSW     (3)  BC:9F86  DE:0000  HL:0000  AF:3006  SP:7FEF  PC:0149   
014A  CD 59 01  CALL 0159   (3)  BC:9F86  DE:0000  HL:0000  AF:0002  SP:7FF1  PC:014A   
0159  E6 0F     ANI 0F      (4)  BC:9F86  DE:0000  HL:0000  AF:0002  SP:7FEF  PC:0159   
015B  FE 0A     CPI 0A      (4)  BC:9F86  DE:0000  HL:0000  AF:0056  SP:7FEF  PC:015B   
015D  FA 62 01  JM 0162     (4)  BC:9F86  DE:0000  HL:0000  AF:0087  SP:7FEF  PC:015D   
0162  C6 30     ADI 30      (4)  BC:9F86  DE:0000  HL:0000  AF:0087  SP:7FEF  PC:0162   
0164  C9        RET         (4)  BC:9F86  DE:0000  HL:0000  AF:3006  SP:7FEF  PC:0164   
014D  CD 31 01  CALL 0131   (3)  BC:9F86  DE:0000  HL:0000  AF:3006  SP:7FF1  PC:014D   
0131  C5        PUSH B      (4)  BC:9F86  DE:0000  HL:0000  AF:3006  SP:7FEF  PC:0131   
0132  D5        PUSH D      (4)  BC:9F86  DE:0000  HL:0000  AF:3006  SP:7FED  PC:0132   
0133  E5        PUSH H      (4)  BC:9F86  DE:0000  HL:0000  AF:3006  SP:7FEB  PC:0133   
0134  F5        PUSH PSW    (4)  BC:9F86  DE:0000  HL:0000  AF:3006  SP:7FE9  PC:0134   
0135  4F        MOV C,A     (4)  BC:9F86  DE:0000  HL:0000  AF:3006  SP:7FE7  PC:0135   
0136  CD 37 C0  CALL C037   (4)  BC:9F30  DE:0000  HL:0000  AF:3006  SP:7FE7  PC:0136   
0139  F1        POP PSW     (4)  BC:9F30  DE:0000  HL:0000  AF:3006  SP:7FE7  PC:0139   
013A  E1        POP H       (4)  BC:9F30  DE:0000  HL:0000  AF:3006  SP:7FE9  PC:013A   
013B  D1        POP D       (4)  BC:9F30  DE:0000  HL:0000  AF:3006  SP:7FEB  PC:013B   
013C  C1        POP B       (4)  BC:9F30  DE:0000  HL:0000  AF:3006  SP:7FED  PC:013C   
013D  C9        RET         (4)  BC:9F86  DE:0000  HL:0000  AF:3006  SP:7FEF  PC:013D   
0150  F1        POP PSW     (3)  BC:9F86  DE:0000  HL:0000  AF:3006  SP:7FF1  PC:0150   
0151  E1        POP H       (3)  BC:9F86  DE:0000  HL:0000  AF:0002  SP:7FF3  PC:0151   
0152  D1        POP D       (3)  BC:9F86  DE:0000  HL:0000  AF:0002  SP:7FF5  PC:0152   
0153  C1        POP B       (3)  BC:9F86  DE:0000  HL:0000  AF:0002  SP:7FF7  PC:0153   
0154  C9        RET         (3)  BC:9F86  DE:0000  HL:0000  AF:0002  SP:7FF9  PC:0154   
0087  07        RLC         (2)  BC:9F86  DE:0000  HL:0000  AF:0002  SP:7FFB  PC:0087   
0088  CD F8 00  CALL 00F8   (2)  BC:9F86  DE:0000  HL:0000  AF:0002  SP:7FFB  PC:0088   
00F8  C5        PUSH B      (3)  BC:9F86  DE:0000  HL:0000  AF:0002  SP:7FF9  PC:00F8   
00F9  D5        PUSH D      (3)  BC:9F86  DE:0000  HL:0000  AF:0002  SP:7FF7  PC:00F9   
00FA  E5        PUSH H      (3)  BC:9F86  DE:0000  HL:0000  AF:0002  SP:7FF5  PC:00FA   
00FB  F5        PUSH PSW    (3)  BC:9F86  DE:0000  HL:0000  AF:0002  SP:7FF3  PC:00FB   
00FC  21 00 00  LXI H,0000  (3)  BC:9F86  DE:0000  HL:0000  AF:0002  SP:7FF1  PC:00FC   
00FF  39        DAD SP      (3)  BC:9F86  DE:0000  HL:0000  AF:0002  SP:7FF1  PC:00FF   
0100  0E 08     MVI C,08    (3)  BC:9F86  DE:0000  HL:7FF1  AF:0002  SP:7FF1  PC:0100   
0102  2B        DCX H       (3)  BC:9F08  DE:0000  HL:7FF1  AF:0002  SP:7FF1  PC:0102   
0103  0D        DCR C       (3)  BC:9F08  DE:0000  HL:7FF0  AF:0002  SP:7FF1  PC:0103   
0104  C2 02 01  JNZ 0102    (3)  BC:9F07  DE:0000  HL:7FF0  AF:0012  SP:7FF1  PC:0104   
0102  2B        DCX H       (3)  BC:9F07  DE:0000  HL:7FF0  AF:0012  SP:7FF1  PC:0102   
0103  0D        DCR C       (3)  BC:9F07  DE:0000  HL:7FEF  AF:0012  SP:7FF1  PC:0103   
0104  C2 02 01  JNZ 0102    (3)  BC:9F06  DE:0000  HL:7FEF  AF:0016  SP:7FF1  PC:0104   
0102  2B        DCX H       (3)  BC:9F06  DE:0000  HL:7FEF  AF:0016  SP:7FF1  PC:0102   
0103  0D        DCR C       (3)  BC:9F06  DE:0000  HL:7FEE  AF:0016  SP:7FF1  PC:0103   
0104  C2 02 01  JNZ 0102    (3)  BC:9F05  DE:0000  HL:7FEE  AF:0016  SP:7FF1  PC:0104   
0102  2B        DCX H       (3)  BC:9F05  DE:0000  HL:7FEE  AF:0016  SP:7FF1  PC:0102   
0103  0D        DCR C       (3)  BC:9F05  DE:0000  HL:7FED  AF:0016  SP:7FF1  PC:0103   
0104  C2 02 01  JNZ 0102    (3)  BC:9F04  DE:0000  HL:7FED  AF:0012  SP:7FF1  PC:0104   
0102  2B        DCX H       (3)  BC:9F04  DE:0000  HL:7FED  AF:0012  SP:7FF1  PC:0102   
0103  0D        DCR C       (3)  BC:9F04  DE:0000  HL:7FEC  AF:0012  SP:7FF1  PC:0103   
0104  C2 02 01  JNZ 0102    (3)  BC:9F03  DE:0000  HL:7FEC  AF:0016  SP:7FF1  PC:0104   
0102  2B        DCX H       (3)  BC:9F03  DE:0000  HL:7FEC  AF:0016  SP:7FF1  PC:0102   
0103  0D        DCR C       (3)  BC:9F03  DE:0000  HL:7FEB  AF:0016  SP:7FF1  PC:0103   
0104  C2 02 01  JNZ 0102    (3)  BC:9F02  DE:0000  HL:7FEB  AF:0012  SP:7FF1  PC:0104   
0102  2B        DCX H       (3)  BC:9F02  DE:0000  HL:7FEB  AF:0012  SP:7FF1  PC:0102   
0103  0D        DCR C       (3)  BC:9F02  DE:0000  HL:7FEA  AF:0012  SP:7FF1  PC:0103   
0104  C2 02 01  JNZ 0102    (3)  BC:9F01  DE:0000  HL:7FEA  AF:0012  SP:7FF1  PC:0104   
0102  2B        DCX H       (3)  BC:9F01  DE:0000  HL:7FEA  AF:0012  SP:7FF1  PC:0102   
0103  0D        DCR C       (3)  BC:9F01  DE:0000  HL:7FE9  AF:0012  SP:7FF1  PC:0103   
0104  C2 02 01  JNZ 0102    (3)  BC:9F00  DE:0000  HL:7FE9  AF:0056  SP:7FF1  PC:0104   
0107  11 65 00  LXI D,0065  (3)  BC:9F00  DE:0000  HL:7FE9  AF:0056  SP:7FF1  PC:0107   
010A  1A        LDAX D      (3)  BC:9F00  DE:0065  HL:7FE9  AF:0056  SP:7FF1  PC:010A   
010B  0E 08     MVI C,08    (3)  BC:9F00  DE:0065  HL:7FE9  AF:D756  SP:7FF1  PC:010B   
010D  46        MOV B,M     (3)  BC:9F08  DE:0065  HL:7FE9  AF:D756  SP:7FF1  PC:010D   
010E  A8        XRA B       (3)  BC:0008  DE:0065  HL:7FE9  AF:D756  SP:7FF1  PC:010E   
010F  23        INX H       (3)  BC:0008  DE:0065  HL:7FE9  AF:D786  SP:7FF1  PC:010F   
0110  0D        DCR C       (3)  BC:0008  DE:0065  HL:7FEA  AF:D786  SP:7FF1  PC:0110   
0111  C2 0D 01  JNZ 010D    (3)  BC:0007  DE:0065  HL:7FEA  AF:D712  SP:7FF1  PC:0111   
010D  46        MOV B,M     (3)  BC:0007  DE:0065  HL:7FEA  AF:D712  SP:7FF1  PC:010D   
010E  A8        XRA B       (3)  BC:0007  DE:0065  HL:7FEA  AF:D712  SP:7FF1  PC:010E   
010F  23        INX H       (3)  BC:0007  DE:0065  HL:7FEA  AF:D786  SP:7FF1  PC:010F   
0110  0D        DCR C       (3)  BC:0007  DE:0065  HL:7FEB  AF:D786  SP:7FF1  PC:0110   
0111  C2 0D 01  JNZ 010D    (3)  BC:0006  DE:0065  HL:7FEB  AF:D716  SP:7FF1  PC:0111   
010D  46        MOV B,M     (3)  BC:0006  DE:0065  HL:7FEB  AF:D716  SP:7FF1  PC:010D   
010E  A8        XRA B       (3)  BC:0006  DE:0065  HL:7FEB  AF:D716  SP:7FF1  PC:010E   
010F  23        INX H       (3)  BC:0006  DE:0065  HL:7FEB  AF:D786  SP:7FF1  PC:010F   
0110  0D        DCR C       (3)  BC:0006  DE:0065  HL:7FEC  AF:D786  SP:7FF1  PC:0110   
0111  C2 0D 01  JNZ 010D    (3)  BC:0005  DE:0065  HL:7FEC  AF:D716  SP:7FF1  PC:0111   
010D  46        MOV B,M     (3)  BC:0005  DE:0065  HL:7FEC  AF:D716  SP:7FF1  PC:010D   
010E  A8        XRA B       (3)  BC:0005  DE:0065  HL:7FEC  AF:D716  SP:7FF1  PC:010E   
010F  23        INX H       (3)  BC:0005  DE:0065  HL:7FEC  AF:D786  SP:7FF1  PC:010F   
0110  0D        DCR C       (3)  BC:0005  DE:0065  HL:7FED  AF:D786  SP:7FF1  PC:0110   
0111  C2 0D 01  JNZ 010D    (3)  BC:0004  DE:0065  HL:7FED  AF:D712  SP:7FF1  PC:0111   
010D  46        MOV B,M     (3)  BC:0004  DE:0065  HL:7FED  AF:D712  SP:7FF1  PC:010D   
010E  A8        XRA B       (3)  BC:8604  DE:0065  HL:7FED  AF:D712  SP:7FF1  PC:010E   
010F  23        INX H       (3)  BC:8604  DE:0065  HL:7FED  AF:5102  SP:7FF1  PC:010F   
0110  0D        DCR C       (3)  BC:8604  DE:0065  HL:7FEE  AF:5102  SP:7FF1  PC:0110   
0111  C2 0D 01  JNZ 010D    (3)  BC:8603  DE:0065  HL:7FEE  AF:5116  SP:7FF1  PC:0111   
010D  46        MOV B,M     (3)  BC:8603  DE:0065  HL:7FEE  AF:5116  SP:7FF1  PC:010D   
010E  A8        XRA B       (3)  BC:9F03  DE:0065  HL:7FEE  AF:5116  SP:7FF1  PC:010E   
010F  23        INX H       (3)  BC:9F03  DE:0065  HL:7FEE  AF:CE82  SP:7FF1  PC:010F   
0110  0D        DCR C       (3)  BC:9F03  DE:0065  HL:7FEF  AF:CE82  SP:7FF1  PC:0110   
0111  C2 0D 01  JNZ 010D    (3)  BC:9F02  DE:0065  HL:7FEF  AF:CE12  SP:7FF1  PC:0111   
010D  46        MOV B,M     (3)  BC:9F02  DE:0065  HL:7FEF  AF:CE12  SP:7FF1  PC:010D   
010E  A8        XRA B       (3)  BC:5002  DE:0065  HL:7FEF  AF:CE12  SP:7FF1  PC:010E   
010F  23        INX H       (3)  BC:5002  DE:0065  HL:7FEF  AF:9E82  SP:7FF1  PC:010F   
0110  0D        DCR C       (3)  BC:5002  DE:0065  HL:7FF0  AF:9E82  SP:7FF1  PC:0110   
0111  C2 0D 01  JNZ 010D    (3)  BC:5001  DE:0065  HL:7FF0  AF:9E12  SP:7FF1  PC:0111   
010D  46        MOV B,M     (3)  BC:5001  DE:0065  HL:7FF0  AF:9E12  SP:7FF1  PC:010D   
010E  A8        XRA B       (3)  BC:0101  DE:0065  HL:7FF0  AF:9E12  SP:7FF1  PC:010E   
010F  23        INX H       (3)  BC:0101  DE:0065  HL:7FF0  AF:9F86  SP:7FF1  PC:010F   
0110  0D        DCR C       (3)  BC:0101  DE:0065  HL:7FF1  AF:9F86  SP:7FF1  PC:0110   
0111  C2 0D 01  JNZ 010D    (3)  BC:0100  DE:0065  HL:7FF1  AF:9F56  SP:7FF1  PC:0111   
0114  12        STAX D      (3)  BC:0100  DE:0065  HL:7FF1  AF:9F56  SP:7FF1  PC:0114   
0115  C1        POP B       (3)  BC:0100  DE:0065  HL:7FF1  AF:9F56  SP:7FF1  PC:0115   
0116  D1        POP D       (3)  BC:0002  DE:0065  HL:7FF1  AF:9F56  SP:7FF3  PC:0116   
0117  E1        POP H       (3)  BC:0002  DE:0000  HL:7FF1  AF:9F56  SP:7FF5  PC:0117   
0118  F1        POP PSW     (3)  BC:0002  DE:0000  HL:0000  AF:9F56  SP:7FF7  PC:0118   
0119  C9        RET         (3)  BC:0002  DE:0000  HL:0000  AF:9F86  SP:7FF9  PC:0119   
008B  CD 3E 01  CALL 013E   (2)  BC:0002  DE:0000  HL:0000  AF:9F86  SP:7FFB  PC:008B   
013E  C5        PUSH B      (3)  BC:0002  DE:0000  HL:0000  AF:9F86  SP:7FF9  PC:013E   
013F  D5        PUSH D      (3)  BC:0002  DE:0000  HL:0000  AF:9F86  SP:7FF7  PC:013F   
0140  E5        PUSH H      (3)  BC:0002  DE:0000  HL:0000  AF:9F86  SP:7FF5  PC:0140   
0141  F5        PUSH PSW    (3)  BC:0002  DE:0000  HL:0000  AF:9F86  SP:7FF3  PC:0141   
0142  F5        PUSH PSW    (3)  BC:0002  DE:0000  HL:0000  AF:9F86  SP:7FF1  PC:0142   
0143  CD 55 01  CALL 0155   (3)  BC:0002  DE:0000  HL:0000  AF:9F86  SP:7FEF  PC:0143   
0155  0F        RRC         (4)  BC:0002  DE:0000  HL:0000  AF:9F86  SP:7FED  PC:0155   
0156  0F        RRC         (4)  BC:0002  DE:0000  HL:0000  AF:CF87  SP:7FED  PC:0156   
0157  0F        RRC         (4)  BC:0002  DE:0000  HL:0000  AF:E787  SP:7FED  PC:0157   
0158  0F        RRC         (4)  BC:0002  DE:0000  HL:0000  AF:F387  SP:7FED  PC:0158   
0159  E6 0F     ANI 0F      (4)  BC:0002  DE:0000  HL:0000  AF:F987  SP:7FED  PC:0159   
015B  FE 0A     CPI 0A      (4)  BC:0002  DE:0000  HL:0000  AF:0916  SP:7FED  PC:015B   
015D  FA 62 01  JM 0162     (4)  BC:0002  DE:0000  HL:0000  AF:0987  SP:7FED  PC:015D   
0162  C6 30     ADI 30      (4)  BC:0002  DE:0000  HL:0000  AF:0987  SP:7FED  PC:0162   
0164  C9        RET         (4)  BC:0002  DE:0000  HL:0000  AF:3906  SP:7FED  PC:0164   
0146  CD 31 01  CALL 0131   (3)  BC:0002  DE:0000  HL:0000  AF:3906  SP:7FEF  PC:0146   
0131  C5        PUSH B      (4)  BC:0002  DE:0000  HL:0000  AF:3906  SP:7FED  PC:0131   
0132  D5        PUSH D      (4)  BC:0002  DE:0000  HL:0000  AF:3906  SP:7FEB  PC:0132   
0133  E5        PUSH H      (4)  BC:0002  DE:0000  HL:0000  AF:3906  SP:7FE9  PC:0133   
0134  F5        PUSH PSW    (4)  BC:0002  DE:0000  HL:0000  AF:3906  SP:7FE7  PC:0134   
0135  4F        MOV C,A     (4)  BC:0002  DE:0000  HL:0000  AF:3906  SP:7FE5  PC:0135   
0136  CD 37 C0  CALL C037   (4)  BC:0039  DE:0000  HL:0000  AF:3906  SP:7FE5  PC:0136   
0139  F1        POP PSW     (4)  BC:0039  DE:0000  HL:0000  AF:3906  SP:7FE5  PC:0139   
013A  E1        POP H       (4)  BC:0039  DE:0000  HL:0000  AF:3906  SP:7FE7  PC:013A   
013B  D1        POP D       (4)  BC:0039  DE:0000  HL:0000  AF:3906  SP:7FE9  PC:013B   
013C  C1        POP B       (4)  BC:0039  DE:0000  HL:0000  AF:3906  SP:7FEB  PC:013C   
013D  C9        RET         (4)  BC:0002  DE:0000  HL:0000  AF:3906  SP:7FED  PC:013D   
0149  F1        POP PSW     (3)  BC:0002  DE:0000  HL:0000  AF:3906  SP:7FEF  PC:0149   
014A  CD 59 01  CALL 0159   (3)  BC:0002  DE:0000  HL:0000  AF:9F86  SP:7FF1  PC:014A   
0159  E6 0F     ANI 0F      (4)  BC:0002  DE:0000  HL:0000  AF:9F86  SP:7FEF  PC:0159   
015B  FE 0A     CPI 0A      (4)  BC:0002  DE:0000  HL:0000  AF:0F16  SP:7FEF  PC:015B   
015D  FA 62 01  JM 0162     (4)  BC:0002  DE:0000  HL:0000  AF:0F16  SP:7FEF  PC:015D   
0160  C6 07     ADI 07      (4)  BC:0002  DE:0000  HL:0000  AF:0F16  SP:7FEF  PC:0160   
0162  C6 30     ADI 30      (4)  BC:0002  DE:0000  HL:0000  AF:1612  SP:7FEF  PC:0162   
0164  C9        RET         (4)  BC:0002  DE:0000  HL:0000  AF:4602  SP:7FEF  PC:0164   
014D  CD 31 01  CALL 0131   (3)  BC:0002  DE:0000  HL:0000  AF:4602  SP:7FF1  PC:014D   
0131  C5        PUSH B      (4)  BC:0002  DE:0000  HL:0000  AF:4602  SP:7FEF  PC:0131   
0132  D5        PUSH D      (4)  BC:0002  DE:0000  HL:0000  AF:4602  SP:7FED  PC:0132   
0133  E5        PUSH H      (4)  BC:0002  DE:0000  HL:0000  AF:4602  SP:7FEB  PC:0133   
0134  F5        PUSH PSW    (4)  BC:0002  DE:0000  HL:0000  AF:4602  SP:7FE9  PC:0134   
0135  4F        MOV C,A     (4)  BC:0002  DE:0000  HL:0000  AF:4602  SP:7FE7  PC:0135   
0136  CD 37 C0  CALL C037   (4)  BC:0046  DE:0000  HL:0000  AF:4602  SP:7FE7  PC:0136   
0139  F1        POP PSW     (4)  BC:0046  DE:0000  HL:0000  AF:4602  SP:7FE7  PC:0139   
013A  E1        POP H       (4)  BC:0046  DE:0000  HL:0000  AF:4602  SP:7FE9  PC:013A   
013B  D1        POP D       (4)  BC:0046  DE:0000  HL:0000  AF:4602  SP:7FEB  PC:013B   
013C  C1        POP B       (4)  BC:0046  DE:0000  HL:0000  AF:4602  SP:7FED  PC:013C   
013D  C9        RET         (4)  BC:0002  DE:0000  HL:0000  AF:4602  SP:7FEF  PC:013D   
0150  F1        POP PSW     (3)  BC:0002  DE:0000  HL:0000  AF:4602  SP:7FF1  PC:0150   
0151  E1        POP H       (3)  BC:0002  DE:0000  HL:0000  AF:9F86  SP:7FF3  PC:0151   
0152  D1        POP D       (3)  BC:0002  DE:0000  HL:0000  AF:9F86  SP:7FF5  PC:0152   
0153  C1        POP B       (3)  BC:0002  DE:0000  HL:0000  AF:9F86  SP:7FF7  PC:0153   
0154  C9        RET         (3)  BC:0002  DE:0000  HL:0000  AF:9F86  SP:7FF9  PC:0154   
008E  E6 DE     ANI DE      (2)  BC:0002  DE:0000  HL:0000  AF:9F86  SP:7FFB  PC:008E   
0090  CD F8 00  CALL 00F8   (2)  BC:0002  DE:0000  HL:0000  AF:9E92  SP:7FFB  PC:0090   
00F8  C5        PUSH B      (3)  BC:0002  DE:0000  HL:0000  AF:9E92  SP:7FF9  PC:00F8   
00F9  D5        PUSH D      (3)  BC:0002  DE:0000  HL:0000  AF:9E92  SP:7FF7  PC:00F9   
00FA  E5        PUSH H      (3)  BC:0002  DE:0000  HL:0000  AF:9E92  SP:7FF5  PC:00FA   
00FB  F5        PUSH PSW    (3)  BC:0002  DE:0000  HL:0000  AF:9E92  SP:7FF3  PC:00FB   
00FC  21 00 00  LXI H,0000  (3)  BC:0002  DE:0000  HL:0000  AF:9E92  SP:7FF1  PC:00FC   
00FF  39        DAD SP      (3)  BC:0002  DE:0000  HL:0000  AF:9E92  SP:7FF1  PC:00FF   
0100  0E 08     MVI C,08    (3)  BC:0002  DE:0000  HL:7FF1  AF:9E92  SP:7FF1  PC:0100   
0102  2B        DCX H       (3)  BC:0008  DE:0000  HL:7FF1  AF:9E92  SP:7FF1  PC:0102   
0103  0D        DCR C       (3)  BC:0008  DE:0000  HL:7FF0  AF:9E92  SP:7FF1  PC:0103   
0104  C2 02 01  JNZ 0102    (3)  BC:0007  DE:0000  HL:7FF0  AF:9E12  SP:7FF1  PC:0104   
0102  2B        DCX H       (3)  BC:0007  DE:0000  HL:7FF0  AF:9E12  SP:7FF1  PC:0102   
0103  0D        DCR C       (3)  BC:0007  DE:0000  HL:7FEF  AF:9E12  SP:7FF1  PC:0103   
0104  C2 02 01  JNZ 0102    (3)  BC:0006  DE:0000  HL:7FEF  AF:9E16  SP:7FF1  PC:0104   
0102  2B        DCX H       (3)  BC:0006  DE:0000  HL:7FEF  AF:9E16  SP:7FF1  PC:0102   
0103  0D        DCR C       (3)  BC:0006  DE:0000  HL:7FEE  AF:9E16  SP:7FF1  PC:0103   
0104  C2 02 01  JNZ 0102    (3)  BC:0005  DE:0000  HL:7FEE  AF:9E16  SP:7FF1  PC:0104   
0102  2B        DCX H       (3)  BC:0005  DE:0000  HL:7FEE  AF:9E16  SP:7FF1  PC:0102   
0103  0D        DCR C       (3)  BC:0005  DE:0000  HL:7FED  AF:9E16  SP:7FF1  PC:0103   
0104  C2 02 01  JNZ 0102    (3)  BC:0004  DE:0000  HL:7FED  AF:9E12  SP:7FF1  PC:0104   
0102  2B        DCX H       (3)  BC:0004  DE:0000  HL:7FED  AF:9E12  SP:7FF1  PC:0102   
0103  0D        DCR C       (3)  BC:0004  DE:0000  HL:7FEC  AF:9E12  SP:7FF1  PC:0103   
0104  C2 02 01  JNZ 0102    (3)  BC:0003  DE:0000  HL:7FEC  AF:9E16  SP:7FF1  PC:0104   
0102  2B        DCX H       (3)  BC:0003  DE:0000  HL:7FEC  AF:9E16  SP:7FF1  PC:0102   
0103  0D        DCR C       (3)  BC:0003  DE:0000  HL:7FEB  AF:9E16  SP:7FF1  PC:0103   
0104  C2 02 01  JNZ 0102    (3)  BC:0002  DE:0000  HL:7FEB  AF:9E12  SP:7FF1  PC:0104   
0102  2B        DCX H       (3)  BC:0002  DE:0000  HL:7FEB  AF:9E12  SP:7FF1  PC:0102   
0103  0D        DCR C       (3)  BC:0002  DE:0000  HL:7FEA  AF:9E12  SP:7FF1  PC:0103   
0104  C2 02 01  JNZ 0102    (3)  BC:0001  DE:0000  HL:7FEA  AF:9E12  SP:7FF1  PC:0104   
0102  2B        DCX H       (3)  BC:0001  DE:0000  HL:7FEA  AF:9E12  SP:7FF1  PC:0102   
0103  0D        DCR C       (3)  BC:0001  DE:0000  HL:7FE9  AF:9E12  SP:7FF1  PC:0103   
0104  C2 02 01  JNZ 0102    (3)  BC:0000  DE:0000  HL:7FE9  AF:9E56  SP:7FF1  PC:0104   
0107  11 65 00  LXI D,0065  (3)  BC:0000  DE:0000  HL:7FE9  AF:9E56  SP:7FF1  PC:0107   
010A  1A        LDAX D      (3)  BC:0000  DE:0065  HL:7FE9  AF:9E56  SP:7FF1  PC:010A   
010B  0E 08     MVI C,08    (3)  BC:0000  DE:0065  HL:7FE9  AF:9F56  SP:7FF1  PC:010B   
010D  46        MOV B,M     (3)  BC:0008  DE:0065  HL:7FE9  AF:9F56  SP:7FF1  PC:010D   
010E  A8        XRA B       (3)  BC:0008  DE:0065  HL:7FE9  AF:9F56  SP:7FF1  PC:010E   
010F  23        INX H       (3)  BC:0008  DE:0065  HL:7FE9  AF:9F86  SP:7FF1  PC:010F   
0110  0D        DCR C       (3)  BC:0008  DE:0065  HL:7FEA  AF:9F86  SP:7FF1  PC:0110   
0111  C2 0D 01  JNZ 010D    (3)  BC:0007  DE:0065  HL:7FEA  AF:9F12  SP:7FF1  PC:0111   
010D  46        MOV B,M     (3)  BC:0007  DE:0065  HL:7FEA  AF:9F12  SP:7FF1  PC:010D   
010E  A8        XRA B       (3)  BC:0007  DE:0065  HL:7FEA  AF:9F12  SP:7FF1  PC:010E   
010F  23        INX H       (3)  BC:0007  DE:0065  HL:7FEA  AF:9F86  SP:7FF1  PC:010F   
0110  0D        DCR C       (3)  BC:0007  DE:0065  HL:7FEB  AF:9F86  SP:7FF1  PC:0110   
0111  C2 0D 01  JNZ 010D    (3)  BC:0006  DE:0065  HL:7FEB  AF:9F16  SP:7FF1  PC:0111   
010D  46        MOV B,M     (3)  BC:0006  DE:0065  HL:7FEB  AF:9F16  SP:7FF1  PC:010D   
010E  A8        XRA B       (3)  BC:0006  DE:0065  HL:7FEB  AF:9F16  SP:7FF1  PC:010E   
010F  23        INX H       (3)  BC:0006  DE:0065  HL:7FEB  AF:9F86  SP:7FF1  PC:010F   
0110  0D        DCR C       (3)  BC:0006  DE:0065  HL:7FEC  AF:9F86  SP:7FF1  PC:0110   
0111  C2 0D 01  JNZ 010D    (3)  BC:0005  DE:0065  HL:7FEC  AF:9F16  SP:7FF1  PC:0111   
010D  46        MOV B,M     (3)  BC:0005  DE:0065  HL:7FEC  AF:9F16  SP:7FF1  PC:010D   
010E  A8        XRA B       (3)  BC:0005  DE:0065  HL:7FEC  AF:9F16  SP:7FF1  PC:010E   
010F  23        INX H       (3)  BC:0005  DE:0065  HL:7FEC  AF:9F86  SP:7FF1  PC:010F   
0110  0D        DCR C       (3)  BC:0005  DE:0065  HL:7FED  AF:9F86  SP:7FF1  PC:0110   
0111  C2 0D 01  JNZ 010D    (3)  BC:0004  DE:0065  HL:7FED  AF:9F12  SP:7FF1  PC:0111   
010D  46        MOV B,M     (3)  BC:0004  DE:0065  HL:7FED  AF:9F12  SP:7FF1  PC:010D   
010E  A8        XRA B       (3)  BC:0204  DE:0065  HL:7FED  AF:9F12  SP:7FF1  PC:010E   
010F  23        INX H       (3)  BC:0204  DE:0065  HL:7FED  AF:9D82  SP:7FF1  PC:010F   
0110  0D        DCR C       (3)  BC:0204  DE:0065  HL:7FEE  AF:9D82  SP:7FF1  PC:0110   
0111  C2 0D 01  JNZ 010D    (3)  BC:0203  DE:0065  HL:7FEE  AF:9D16  SP:7FF1  PC:0111   
010D  46        MOV B,M     (3)  BC:0203  DE:0065  HL:7FEE  AF:9D16  SP:7FF1  PC:010D   
010E  A8        XRA B       (3)  BC:0003  DE:0065  HL:7FEE  AF:9D16  SP:7FF1  PC:010E   
010F  23        INX H       (3)  BC:0003  DE:0065  HL:7FEE  AF:9D82  SP:7FF1  PC:010F   
0110  0D        DCR C       (3)  BC:0003  DE:0065  HL:7FEF  AF:9D82  SP:7FF1  PC:0110   
0111  C2 0D 01  JNZ 010D    (3)  BC:0002  DE:0065  HL:7FEF  AF:9D12  SP:7FF1  PC:0111   
010D  46        MOV B,M     (3)  BC:0002  DE:0065  HL:7FEF  AF:9D12  SP:7FF1  PC:010D   
010E  A8        XRA B       (3)  BC:5002  DE:0065  HL:7FEF  AF:9D12  SP:7FF1  PC:010E   
010F  23        INX H       (3)  BC:5002  DE:0065  HL:7FEF  AF:CD82  SP:7FF1  PC:010F   
0110  0D        DCR C       (3)  BC:5002  DE:0065  HL:7FF0  AF:CD82  SP:7FF1  PC:0110   
0111  C2 0D 01  JNZ 010D    (3)  BC:5001  DE:0065  HL:7FF0  AF:CD12  SP:7FF1  PC:0111   
010D  46        MOV B,M     (3)  BC:5001  DE:0065  HL:7FF0  AF:CD12  SP:7FF1  PC:010D   
010E  A8        XRA B       (3)  BC:0101  DE:0065  HL:7FF0  AF:CD12  SP:7FF1  PC:010E   
010F  23        INX H       (3)  BC:0101  DE:0065  HL:7FF0  AF:CC86  SP:7FF1  PC:010F   
0110  0D        DCR C       (3)  BC:0101  DE:0065  HL:7FF1  AF:CC86  SP:7FF1  PC:0110   
0111  C2 0D 01  JNZ 010D    (3)  BC:0100  DE:0065  HL:7FF1  AF:CC56  SP:7FF1  PC:0111   
0114  12        STAX D      (3)  BC:0100  DE:0065  HL:7FF1  AF:CC56  SP:7FF1  PC:0114   
0115  C1        POP B       (3)  BC:0100  DE:0065  HL:7FF1  AF:CC56  SP:7FF1  PC:0115   
0116  D1        POP D       (3)  BC:9E92  DE:0065  HL:7FF1  AF:CC56  SP:7FF3  PC:0116   
0117  E1        POP H       (3)  BC:9E92  DE:0000  HL:7FF1  AF:CC56  SP:7FF5  PC:0117   
0118  F1        POP PSW     (3)  BC:9E92  DE:0000  HL:0000  AF:CC56  SP:7FF7  PC:0118   
0119  C9        RET         (3)  BC:9E92  DE:0000  HL:0000  AF:0002  SP:7FF9  PC:0119   
0093  CD 3E 01  CALL 013E   (2)  BC:9E92  DE:0000  HL:0000  AF:0002  SP:7FFB  PC:0093   
013E  C5        PUSH B      (3)  BC:9E92  DE:0000  HL:0000  AF:0002  SP:7FF9  PC:013E   
013F  D5        PUSH D      (3)  BC:9E92  DE:0000  HL:0000  AF:0002  SP:7FF7  PC:013F   
0140  E5        PUSH H      (3)  BC:9E92  DE:0000  HL:0000  AF:0002  SP:7FF5  PC:0140   
0141  F5        PUSH PSW    (3)  BC:9E92  DE:0000  HL:0000  AF:0002  SP:7FF3  PC:0141   
0142  F5        PUSH PSW    (3)  BC:9E92  DE:0000  HL:0000  AF:0002  SP:7FF1  PC:0142   
0143  CD 55 01  CALL 0155   (3)  BC:9E92  DE:0000  HL:0000  AF:0002  SP:7FEF  PC:0143   
0155  0F        RRC         (4)  BC:9E92  DE:0000  HL:0000  AF:0002  SP:7FED  PC:0155   
0156  0F        RRC         (4)  BC:9E92  DE:0000  HL:0000  AF:0002  SP:7FED  PC:0156   
0157  0F        RRC         (4)  BC:9E92  DE:0000  HL:0000  AF:0002  SP:7FED  PC:0157   
0158  0F        RRC         (4)  BC:9E92  DE:0000  HL:0000  AF:0002  SP:7FED  PC:0158   
0159  E6 0F     ANI 0F      (4)  BC:9E92  DE:0000  HL:0000  AF:0002  SP:7FED  PC:0159   
015B  FE 0A     CPI 0A      (4)  BC:9E92  DE:0000  HL:0000  AF:0056  SP:7FED  PC:015B   
015D  FA 62 01  JM 0162     (4)  BC:9E92  DE:0000  HL:0000  AF:0087  SP:7FED  PC:015D   
0162  C6 30     ADI 30      (4)  BC:9E92  DE:0000  HL:0000  AF:0087  SP:7FED  PC:0162   
0164  C9        RET         (4)  BC:9E92  DE:0000  HL:0000  AF:3006  SP:7FED  PC:0164   
0146  CD 31 01  CALL 0131   (3)  BC:9E92  DE:0000  HL:0000  AF:3006  SP:7FEF  PC:0146   
0131  C5        PUSH B      (4)  BC:9E92  DE:0000  HL:0000  AF:3006  SP:7FED  PC:0131   
0132  D5        PUSH D      (4)  BC:9E92  DE:0000  HL:0000  AF:3006  SP:7FEB  PC:0132   
0133  E5        PUSH H      (4)  BC:9E92  DE:0000  HL:0000  AF:3006  SP:7FE9  PC:0133   
0134  F5        PUSH PSW    (4)  BC:9E92  DE:0000  HL:0000  AF:3006  SP:7FE7  PC:0134   
0135  4F        MOV C,A     (4)  BC:9E92  DE:0000  HL:0000  AF:3006  SP:7FE5  PC:0135   
0136  CD 37 C0  CALL C037   (4)  BC:9E30  DE:0000  HL:0000  AF:3006  SP:7FE5  PC:0136   
0139  F1        POP PSW     (4)  BC:9E30  DE:0000  HL:0000  AF:3006  SP:7FE5  PC:0139   
013A  E1        POP H       (4)  BC:9E30  DE:0000  HL:0000  AF:3006  SP:7FE7  PC:013A   
013B  D1        POP D       (4)  BC:9E30  DE:0000  HL:0000  AF:3006  SP:7FE9  PC:013B   
013C  C1        POP B       (4)  BC:9E30  DE:0000  HL:0000  AF:3006  SP:7FEB  PC:013C   
013D  C9        RET         (4)  BC:9E92  DE:0000  HL:0000  AF:3006  SP:7FED  PC:013D   
0149  F1        POP PSW     (3)  BC:9E92  DE:0000  HL:0000  AF:3006  SP:7FEF  PC:0149   
014A  CD 59 01  CALL 0159   (3)  BC:9E92  DE:0000  HL:0000  AF:0002  SP:7FF1  PC:014A   
0159  E6 0F     ANI 0F      (4)  BC:9E92  DE:0000  HL:0000  AF:0002  SP:7FEF  PC:0159   
015B  FE 0A     CPI 0A      (4)  BC:9E92  DE:0000  HL:0000  AF:0056  SP:7FEF  PC:015B   
015D  FA 62 01  JM 0162     (4)  BC:9E92  DE:0000  HL:0000  AF:0087  SP:7FEF  PC:015D   
0162  C6 30     ADI 30      (4)  BC:9E92  DE:0000  HL:0000  AF:0087  SP:7FEF  PC:0162   
0164  C9        RET         (4)  BC:9E92  DE:0000  HL:0000  AF:3006  SP:7FEF  PC:0164   
014D  CD 31 01  CALL 0131   (3)  BC:9E92  DE:0000  HL:0000  AF:3006  SP:7FF1  PC:014D   
0131  C5        PUSH B      (4)  BC:9E92  DE:0000  HL:0000  AF:3006  SP:7FEF  PC:0131   
0132  D5        PUSH D      (4)  BC:9E92  DE:0000  HL:0000  AF:3006  SP:7FED  PC:0132   
0133  E5        PUSH H      (4)  BC:9E92  DE:0000  HL:0000  AF:3006  SP:7FEB  PC:0133   
0134  F5        PUSH PSW    (4)  BC:9E92  DE:0000  HL:0000  AF:3006  SP:7FE9  PC:0134   
0135  4F        MOV C,A     (4)  BC:9E92  DE:0000  HL:0000  AF:3006  SP:7FE7  PC:0135   
0136  CD 37 C0  CALL C037   (4)  BC:9E30  DE:0000  HL:0000  AF:3006  SP:7FE7  PC:0136   
0139  F1        POP PSW     (4)  BC:9E30  DE:0000  HL:0000  AF:3006  SP:7FE7  PC:0139   
013A  E1        POP H       (4)  BC:9E30  DE:0000  HL:0000  AF:3006  SP:7FE9  PC:013A   
013B  D1        POP D       (4)  BC:9E30  DE:0000  HL:0000  AF:3006  SP:7FEB  PC:013B   
013C  C1        POP B       (4)  BC:9E30  DE:0000  HL:0000  AF:3006  SP:7FED  PC:013C   
013D  C9        RET         (4)  BC:9E92  DE:0000  HL:0000  AF:3006  SP:7FEF  PC:013D   
0150  F1        POP PSW     (3)  BC:9E92  DE:0000  HL:0000  AF:3006  SP:7FF1  PC:0150   
0151  E1        POP H       (3)  BC:9E92  DE:0000  HL:0000  AF:0002  SP:7FF3  PC:0151   
0152  D1        POP D       (3)  BC:9E92  DE:0000  HL:0000  AF:0002  SP:7FF5  PC:0152   
0153  C1        POP B       (3)  BC:9E92  DE:0000  HL:0000  AF:0002  SP:7FF7  PC:0153   
0154  C9        RET         (3)  BC:9E92  DE:0000  HL:0000  AF:0002  SP:7FF9  PC:0154   
0096  0F        RRC         (2)  BC:9E92  DE:0000  HL:0000  AF:0002  SP:7FFB  PC:0096   
0097  CD F8 00  CALL 00F8   (2)  BC:9E92  DE:0000  HL:0000  AF:0002  SP:7FFB  PC:0097   
00F8  C5        PUSH B      (3)  BC:9E92  DE:0000  HL:0000  AF:0002  SP:7FF9  PC:00F8   
00F9  D5        PUSH D      (3)  BC:9E92  DE:0000  HL:0000  AF:0002  SP:7FF7  PC:00F9   
00FA  E5        PUSH H      (3)  BC:9E92  DE:0000  HL:0000  AF:0002  SP:7FF5  PC:00FA   
00FB  F5        PUSH PSW    (3)  BC:9E92  DE:0000  HL:0000  AF:0002  SP:7FF3  PC:00FB   
00FC  21 00 00  LXI H,0000  (3)  BC:9E92  DE:0000  HL:0000  AF:0002  SP:7FF1  PC:00FC   
00FF  39        DAD SP      (3)  BC:9E92  DE:0000  HL:0000  AF:0002  SP:7FF1  PC:00FF   
0100  0E 08     MVI C,08    (3)  BC:9E92  DE:0000  HL:7FF1  AF:0002  SP:7FF1  PC:0100   
0102  2B        DCX H       (3)  BC:9E08  DE:0000  HL:7FF1  AF:0002  SP:7FF1  PC:0102   
0103  0D        DCR C       (3)  BC:9E08  DE:0000  HL:7FF0  AF:0002  SP:7FF1  PC:0103   
0104  C2 02 01  JNZ 0102    (3)  BC:9E07  DE:0000  HL:7FF0  AF:0012  SP:7FF1  PC:0104   
0102  2B        DCX H       (3)  BC:9E07  DE:0000  HL:7FF0  AF:0012  SP:7FF1  PC:0102   
0103  0D        DCR C       (3)  BC:9E07  DE:0000  HL:7FEF  AF:0012  SP:7FF1  PC:0103   
0104  C2 02 01  JNZ 0102    (3)  BC:9E06  DE:0000  HL:7FEF  AF:0016  SP:7FF1  PC:0104   
0102  2B        DCX H       (3)  BC:9E06  DE:0000  HL:7FEF  AF:0016  SP:7FF1  PC:0102   
0103  0D        DCR C       (3)  BC:9E06  DE:0000  HL:7FEE  AF:0016  SP:7FF1  PC:0103   
0104  C2 02 01  JNZ 0102    (3)  BC:9E05  DE:0000  HL:7FEE  AF:0016  SP:7FF1  PC:0104   
0102  2B        DCX H       (3)  BC:9E05  DE:0000  HL:7FEE  AF:0016  SP:7FF1  PC:0102   
0103  0D        DCR C       (3)  BC:9E05  DE:0000  HL:7FED  AF:0016  SP:7FF1  PC:0103   
0104  C2 02 01  JNZ 0102    (3)  BC:9E04  DE:0000  HL:7FED  AF:0012  SP:7FF1  PC:0104   
0102  2B        DCX H       (3)  BC:9E04  DE:0000  HL:7FED  AF:0012  SP:7FF1  PC:0102   
0103  0D        DCR C       (3)  BC:9E04  DE:0000  HL:7FEC  AF:0012  SP:7FF1  PC:0103   
0104  C2 02 01  JNZ 0102    (3)  BC:9E03  DE:0000  HL:7FEC  AF:0016  SP:7FF1  PC:0104   
0102  2B        DCX H       (3)  BC:9E03  DE:0000  HL:7FEC  AF:0016  SP:7FF1  PC:0102   
0103  0D        DCR C       (3)  BC:9E03  DE:0000  HL:7FEB  AF:0016  SP:7FF1  PC:0103   
0104  C2 02 01  JNZ 0102    (3)  BC:9E02  DE:0000  HL:7FEB  AF:0012  SP:7FF1  PC:0104   
0102  2B        DCX H       (3)  BC:9E02  DE:0000  HL:7FEB  AF:0012  SP:7FF1  PC:0102   
0103  0D        DCR C       (3)  BC:9E02  DE:0000  HL:7FEA  AF:0012  SP:7FF1  PC:0103   
0104  C2 02 01  JNZ 0102    (3)  BC:9E01  DE:0000  HL:7FEA  AF:0012  SP:7FF1  PC:0104   
0102  2B        DCX H       (3)  BC:9E01  DE:0000  HL:7FEA  AF:0012  SP:7FF1  PC:0102   
0103  0D        DCR C       (3)  BC:9E01  DE:0000  HL:7FE9  AF:0012  SP:7FF1  PC:0103   
0104  C2 02 01  JNZ 0102    (3)  BC:9E00  DE:0000  HL:7FE9  AF:0056  SP:7FF1  PC:0104   
0107  11 65 00  LXI D,0065  (3)  BC:9E00  DE:0000  HL:7FE9  AF:0056  SP:7FF1  PC:0107   
010A  1A        LDAX D      (3)  BC:9E00  DE:0065  HL:7FE9  AF:0056  SP:7FF1  PC:010A   
010B  0E 08     MVI C,08    (3)  BC:9E00  DE:0065  HL:7FE9  AF:CC56  SP:7FF1  PC:010B   
010D  46        MOV B,M     (3)  BC:9E08  DE:0065  HL:7FE9  AF:CC56  SP:7FF1  PC:010D   
010E  A8        XRA B       (3)  BC:0008  DE:0065  HL:7FE9  AF:CC56  SP:7FF1  PC:010E   
010F  23        INX H       (3)  BC:0008  DE:0065  HL:7FE9  AF:CC86  SP:7FF1  PC:010F   
0110  0D        DCR C       (3)  BC:0008  DE:0065  HL:7FEA  AF:CC86  SP:7FF1  PC:0110   
0111  C2 0D 01  JNZ 010D    (3)  BC:0007  DE:0065  HL:7FEA  AF:CC12  SP:7FF1  PC:0111   
010D  46        MOV B,M     (3)  BC:0007  DE:0065  HL:7FEA  AF:CC12  SP:7FF1  PC:010D   
010E  A8        XRA B       (3)  BC:0007  DE:0065  HL:7FEA  AF:CC12  SP:7FF1  PC:010E   
010F  23        INX H       (3)  BC:0007  DE:0065  HL:7FEA  AF:CC86  SP:7FF1  PC:010F   
0110  0D        DCR C       (3)  BC:0007  DE:0065  HL:7FEB  AF:CC86  SP:7FF1  PC:0110   
0111  C2 0D 01  JNZ 010D    (3)  BC:0006  DE:0065  HL:7FEB  AF:CC16  SP:7FF1  PC:0111   
010D  46        MOV B,M     (3)  BC:0006  DE:0065  HL:7FEB  AF:CC16  SP:7FF1  PC:010D   
010E  A8        XRA B       (3)  BC:0006  DE:0065  HL:7FEB  AF:CC16  SP:7FF1  PC:010E   
010F  23        INX H       (3)  BC:0006  DE:0065  HL:7FEB  AF:CC86  SP:7FF1  PC:010F   
0110  0D        DCR C       (3)  BC:0006  DE:0065  HL:7FEC  AF:CC86  SP:7FF1  PC:0110   
0111  C2 0D 01  JNZ 010D    (3)  BC:0005  DE:0065  HL:7FEC  AF:CC16  SP:7FF1  PC:0111   
010D  46        MOV B,M     (3)  BC:0005  DE:0065  HL:7FEC  AF:CC16  SP:7FF1  PC:010D   
010E  A8        XRA B       (3)  BC:0005  DE:0065  HL:7FEC  AF:CC16  SP:7FF1  PC:010E   
010F  23        INX H       (3)  BC:0005  DE:0065  HL:7FEC  AF:CC86  SP:7FF1  PC:010F   
0110  0D        DCR C       (3)  BC:0005  DE:0065  HL:7FED  AF:CC86  SP:7FF1  PC:0110   
0111  C2 0D 01  JNZ 010D    (3)  BC:0004  DE:0065  HL:7FED  AF:CC12  SP:7FF1  PC:0111   
010D  46        MOV B,M     (3)  BC:0004  DE:0065  HL:7FED  AF:CC12  SP:7FF1  PC:010D   
010E  A8        XRA B       (3)  BC:9204  DE:0065  HL:7FED  AF:CC12  SP:7FF1  PC:010E   
010F  23        INX H       (3)  BC:9204  DE:0065  HL:7FED  AF:5E02  SP:7FF1  PC:010F   
0110  0D        DCR C       (3)  BC:9204  DE:0065  HL:7FEE  AF:5E02  SP:7FF1  PC:0110   
0111  C2 0D 01  JNZ 010D    (3)  BC:9203  DE:0065  HL:7FEE  AF:5E16  SP:7FF1  PC:0111   
010D  46        MOV B,M     (3)  BC:9203  DE:0065  HL:7FEE  AF:5E16  SP:7FF1  PC:010D   
010E  A8        XRA B       (3)  BC:9E03  DE:0065  HL:7FEE  AF:5E16  SP:7FF1  PC:010E   
010F  23        INX H       (3)  BC:9E03  DE:0065  HL:7FEE  AF:C086  SP:7FF1  PC:010F   
0110  0D        DCR C       (3)  BC:9E03  DE:0065  HL:7FEF  AF:C086  SP:7FF1  PC:0110   
0111  C2 0D 01  JNZ 010D    (3)  BC:9E02  DE:0065  HL:7FEF  AF:C012  SP:7FF1  PC:0111   
010D  46        MOV B,M     (3)  BC:9E02  DE:0065  HL:7FEF  AF:C012  SP:7FF1  PC:010D   
010E  A8        XRA B       (3)  BC:5002  DE:0065  HL:7FEF  AF:C012  SP:7FF1  PC:010E   
010F  23        INX H       (3)  BC:5002  DE:0065  HL:7FEF  AF:9086  SP:7FF1  PC:010F   
0110  0D        DCR C       (3)  BC:5002  DE:0065  HL:7FF0  AF:9086  SP:7FF1  PC:0110   
0111  C2 0D 01  JNZ 010D    (3)  BC:5001  DE:0065  HL:7FF0  AF:9012  SP:7FF1  PC:0111   
010D  46        MOV B,M     (3)  BC:5001  DE:0065  HL:7FF0  AF:9012  SP:7FF1  PC:010D   
010E  A8        XRA B       (3)  BC:0101  DE:0065  HL:7FF0  AF:9012  SP:7FF1  PC:010E   
010F  23        INX H       (3)  BC:0101  DE:0065  HL:7FF0  AF:9182  SP:7FF1  PC:010F   
0110  0D        DCR C       (3)  BC:0101  DE:0065  HL:7FF1  AF:9182  SP:7FF1  PC:0110   
0111  C2 0D 01  JNZ 010D    (3)  BC:0100  DE:0065  HL:7FF1  AF:9156  SP:7FF1  PC:0111   
0114  12        STAX D      (3)  BC:0100  DE:0065  HL:7FF1  AF:9156  SP:7FF1  PC:0114   
0115  C1        POP B       (3)  BC:0100  DE:0065  HL:7FF1  AF:9156  SP:7FF1  PC:0115   
0116  D1        POP D       (3)  BC:0002  DE:0065  HL:7FF1  AF:9156  SP:7FF3  PC:0116   
0117  E1        POP H       (3)  BC:0002  DE:0000  HL:7FF1  AF:9156  SP:7FF5  PC:0117   
0118  F1        POP PSW     (3)  BC:0002  DE:0000  HL:0000  AF:9156  SP:7FF7  PC:0118   
0119  C9        RET         (3)  BC:0002  DE:0000  HL:0000  AF:9E92  SP:7FF9  PC:0119   
009A  CD 3E 01  CALL 013E   (2)  BC:0002  DE:0000  HL:0000  AF:9E92  SP:7FFB  PC:009A   
013E  C5        PUSH B      (3)  BC:0002  DE:0000  HL:0000  AF:9E92  SP:7FF9  PC:013E   
013F  D5        PUSH D      (3)  BC:0002  DE:0000  HL:0000  AF:9E92  SP:7FF7  PC:013F   
0140  E5        PUSH H      (3)  BC:0002  DE:0000  HL:0000  AF:9E92  SP:7FF5  PC:0140   
0141  F5        PUSH PSW    (3)  BC:0002  DE:0000  HL:0000  AF:9E92  SP:7FF3  PC:0141   
0142  F5        PUSH PSW    (3)  BC:0002  DE:0000  HL:0000  AF:9E92  SP:7FF1  PC:0142   
0143  CD 55 01  CALL 0155   (3)  BC:0002  DE:0000  HL:0000  AF:9E92  SP:7FEF  PC:0143   
0155  0F        RRC         (4)  BC:0002  DE:0000  HL:0000  AF:9E92  SP:7FED  PC:0155   
0156  0F        RRC         (4)  BC:0002  DE:0000  HL:0000  AF:4F92  SP:7FED  PC:0156   
0157  0F        RRC         (4)  BC:0002  DE:0000  HL:0000  AF:A793  SP:7FED  PC:0157   
0158  0F        RRC         (4)  BC:0002  DE:0000  HL:0000  AF:D393  SP:7FED  PC:0158   
0159  E6 0F     ANI 0F      (4)  BC:0002  DE:0000  HL:0000  AF:E993  SP:7FED  PC:0159   
015B  FE 0A     CPI 0A      (4)  BC:0002  DE:0000  HL:0000  AF:0916  SP:7FED  PC:015B   
015D  FA 62 01  JM 0162     (4)  BC:0002  DE:0000  HL:0000  AF:0987  SP:7FED  PC:015D   
0162  C6 30     ADI 30      (4)  BC:0002  DE:0000  HL:0000  AF:0987  SP:7FED  PC:0162   
0164  C9        RET         (4)  BC:0002  DE:0000  HL:0000  AF:3906  SP:7FED  PC:0164   
0146  CD 31 01  CALL 0131   (3)  BC:0002  DE:0000  HL:0000  AF:3906  SP:7FEF  PC:0146   
0131  C5        PUSH B      (4)  BC:0002  DE:0000  HL:0000  AF:3906  SP:7FED  PC:0131   
0132  D5        PUSH D      (4)  BC:0002  DE:0000  HL:0000  AF:3906  SP:7FEB  PC:0132   
0133  E5        PUSH H      (4)  BC:0002  DE:0000  HL:0000  AF:3906  SP:7FE9  PC:0133   
0134  F5        PUSH PSW    (4)  BC:0002  DE:0000  HL:0000  AF:3906  SP:7FE7  PC:0134   
0135  4F        MOV C,A     (4)  BC:0002  DE:0000  HL:0000  AF:3906  SP:7FE5  PC:0135   
0136  CD 37 C0  CALL C037   (4)  BC:0039  DE:0000  HL:0000  AF:3906  SP:7FE5  PC:0136   
0139  F1        POP PSW     (4)  BC:0039  DE:0000  HL:0000  AF:3906  SP:7FE5  PC:0139   
013A  E1        POP H       (4)  BC:0039  DE:0000  HL:0000  AF:3906  SP:7FE7  PC:013A   
013B  D1        POP D       (4)  BC:0039  DE:0000  HL:0000  AF:3906  SP:7FE9  PC:013B   
013C  C1        POP B       (4)  BC:0039  DE:0000  HL:0000  AF:3906  SP:7FEB  PC:013C   
013D  C9        RET         (4)  BC:0002  DE:0000  HL:0000  AF:3906  SP:7FED  PC:013D   
0149  F1        POP PSW     (3)  BC:0002  DE:0000  HL:0000  AF:3906  SP:7FEF  PC:0149   
014A  CD 59 01  CALL 0159   (3)  BC:0002  DE:0000  HL:0000  AF:9E92  SP:7FF1  PC:014A   
0159  E6 0F     ANI 0F      (4)  BC:0002  DE:0000  HL:0000  AF:9E92  SP:7FEF  PC:0159   
015B  FE 0A     CPI 0A      (4)  BC:0002  DE:0000  HL:0000  AF:0E12  SP:7FEF  PC:015B   
015D  FA 62 01  JM 0162     (4)  BC:0002  DE:0000  HL:0000  AF:0E12  SP:7FEF  PC:015D   
0160  C6 07     ADI 07      (4)  BC:0002  DE:0000  HL:0000  AF:0E12  SP:7FEF  PC:0160   
0162  C6 30     ADI 30      (4)  BC:0002  DE:0000  HL:0000  AF:1512  SP:7FEF  PC:0162   
0164  C9        RET         (4)  BC:0002  DE:0000  HL:0000  AF:4502  SP:7FEF  PC:0164   
014D  CD 31 01  CALL 0131   (3)  BC:0002  DE:0000  HL:0000  AF:4502  SP:7FF1  PC:014D   
0131  C5        PUSH B      (4)  BC:0002  DE:0000  HL:0000  AF:4502  SP:7FEF  PC:0131   
0132  D5        PUSH D      (4)  BC:0002  DE:0000  HL:0000  AF:4502  SP:7FED  PC:0132   
0133  E5        PUSH H      (4)  BC:0002  DE:0000  HL:0000  AF:4502  SP:7FEB  PC:0133   
0134  F5        PUSH PSW    (4)  BC:0002  DE:0000  HL:0000  AF:4502  SP:7FE9  PC:0134   
0135  4F        MOV C,A     (4)  BC:0002  DE:0000  HL:0000  AF:4502  SP:7FE7  PC:0135   
0136  CD 37 C0  CALL C037   (4)  BC:0045  DE:0000  HL:0000  AF:4502  SP:7FE7  PC:0136   
0139  F1        POP PSW     (4)  BC:0045  DE:0000  HL:0000  AF:4502  SP:7FE7  PC:0139   
013A  E1        POP H       (4)  BC:0045  DE:0000  HL:0000  AF:4502  SP:7FE9  PC:013A   
013B  D1        POP D       (4)  BC:0045  DE:0000  HL:0000  AF:4502  SP:7FEB  PC:013B   
013C  C1        POP B       (4)  BC:0045  DE:0000  HL:0000  AF:4502  SP:7FED  PC:013C   
013D  C9        RET         (4)  BC:0002  DE:0000  HL:0000  AF:4502  SP:7FEF  PC:013D   
0150  F1        POP PSW     (3)  BC:0002  DE:0000  HL:0000  AF:4502  SP:7FF1  PC:0150   
0151  E1        POP H       (3)  BC:0002  DE:0000  HL:0000  AF:9E92  SP:7FF3  PC:0151   
0152  D1        POP D       (3)  BC:0002  DE:0000  HL:0000  AF:9E92  SP:7FF5  PC:0152   
0153  C1        POP B       (3)  BC:0002  DE:0000  HL:0000  AF:9E92  SP:7FF7  PC:0153   
0154  C9        RET         (3)  BC:0002  DE:0000  HL:0000  AF:9E92  SP:7FF9  PC:0154   
009D  F6 79     ORI 79      (2)  BC:0002  DE:0000  HL:0000  AF:9E92  SP:7FFB  PC:009D   
009F  CD F8 00  CALL 00F8   (2)  BC:0002  DE:0000  HL:0000  AF:FF86  SP:7FFB  PC:009F   
00F8  C5        PUSH B      (3)  BC:0002  DE:0000  HL:0000  AF:FF86  SP:7FF9  PC:00F8   
00F9  D5        PUSH D      (3)  BC:0002  DE:0000  HL:0000  AF:FF86  SP:7FF7  PC:00F9   
00FA  E5        PUSH H      (3)  BC:0002  DE:0000  HL:0000  AF:FF86  SP:7FF5  PC:00FA   
00FB  F5        PUSH PSW    (3)  BC:0002  DE:0000  HL:0000  AF:FF86  SP:7FF3  PC:00FB   
00FC  21 00 00  LXI H,0000  (3)  BC:0002  DE:0000  HL:0000  AF:FF86  SP:7FF1  PC:00FC   
00FF  39        DAD SP      (3)  BC:0002  DE:0000  HL:0000  AF:FF86  SP:7FF1  PC:00FF   
0100  0E 08     MVI C,08    (3)  BC:0002  DE:0000  HL:7FF1  AF:FF86  SP:7FF1  PC:0100   
0102  2B        DCX H       (3)  BC:0008  DE:0000  HL:7FF1  AF:FF86  SP:7FF1  PC:0102   
0103  0D        DCR C       (3)  BC:0008  DE:0000  HL:7FF0  AF:FF86  SP:7FF1  PC:0103   
0104  C2 02 01  JNZ 0102    (3)  BC:0007  DE:0000  HL:7FF0  AF:FF12  SP:7FF1  PC:0104   
0102  2B        DCX H       (3)  BC:0007  DE:0000  HL:7FF0  AF:FF12  SP:7FF1  PC:0102   
0103  0D        DCR C       (3)  BC:0007  DE:0000  HL:7FEF  AF:FF12  SP:7FF1  PC:0103   
0104  C2 02 01  JNZ 0102    (3)  BC:0006  DE:0000  HL:7FEF  AF:FF16  SP:7FF1  PC:0104   
0102  2B        DCX H       (3)  BC:0006  DE:0000  HL:7FEF  AF:FF16  SP:7FF1  PC:0102   
0103  0D        DCR C       (3)  BC:0006  DE:0000  HL:7FEE  AF:FF16  SP:7FF1  PC:0103   
0104  C2 02 01  JNZ 0102    (3)  BC:0005  DE:0000  HL:7FEE  AF:FF16  SP:7FF1  PC:0104   
0102  2B        DCX H       (3)  BC:0005  DE:0000  HL:7FEE  AF:FF16  SP:7FF1  PC:0102   
0103  0D        DCR C       (3)  BC:0005  DE:0000  HL:7FED  AF:FF16  SP:7FF1  PC:0103   
0104  C2 02 01  JNZ 0102    (3)  BC:0004  DE:0000  HL:7FED  AF:FF12  SP:7FF1  PC:0104   
0102  2B        DCX H       (3)  BC:0004  DE:0000  HL:7FED  AF:FF12  SP:7FF1  PC:0102   
0103  0D        DCR C       (3)  BC:0004  DE:0000  HL:7FEC  AF:FF12  SP:7FF1  PC:0103   
0104  C2 02 01  JNZ 0102    (3)  BC:0003  DE:0000  HL:7FEC  AF:FF16  SP:7FF1  PC:0104   
0102  2B        DCX H       (3)  BC:0003  DE:0000  HL:7FEC  AF:FF16  SP:7FF1  PC:0102   
0103  0D        DCR C       (3)  BC:0003  DE:0000  HL:7FEB  AF:FF16  SP:7FF1  PC:0103   
0104  C2 02 01  JNZ 0102    (3)  BC:0002  DE:0000  HL:7FEB  AF:FF12  SP:7FF1  PC:0104   
0102  2B        DCX H       (3)  BC:0002  DE:0000  HL:7FEB  AF:FF12  SP:7FF1  PC:0102   
0103  0D        DCR C       (3)  BC:0002  DE:0000  HL:7FEA  AF:FF12  SP:7FF1  PC:0103   
0104  C2 02 01  JNZ 0102    (3)  BC:0001  DE:0000  HL:7FEA  AF:FF12  SP:7FF1  PC:0104   
0102  2B        DCX H       (3)  BC:0001  DE:0000  HL:7FEA  AF:FF12  SP:7FF1  PC:0102   
0103  0D        DCR C       (3)  BC:0001  DE:0000  HL:7FE9  AF:FF12  SP:7FF1  PC:0103   
0104  C2 02 01  JNZ 0102    (3)  BC:0000  DE:0000  HL:7FE9  AF:FF56  SP:7FF1  PC:0104   
0107  11 65 00  LXI D,0065  (3)  BC:0000  DE:0000  HL:7FE9  AF:FF56  SP:7FF1  PC:0107   
010A  1A        LDAX D      (3)  BC:0000  DE:0065  HL:7FE9  AF:FF56  SP:7FF1  PC:010A   
010B  0E 08     MVI C,08    (3)  BC:0000  DE:0065  HL:7FE9  AF:9156  SP:7FF1  PC:010B   
010D  46        MOV B,M     (3)  BC:0008  DE:0065  HL:7FE9  AF:9156  SP:7FF1  PC:010D   
010E  A8        XRA B       (3)  BC:0008  DE:0065  HL:7FE9  AF:9156  SP:7FF1  PC:010E   
010F  23        INX H       (3)  BC:0008  DE:0065  HL:7FE9  AF:9182  SP:7FF1  PC:010F   
0110  0D        DCR C       (3)  BC:0008  DE:0065  HL:7FEA  AF:9182  SP:7FF1  PC:0110   
0111  C2 0D 01  JNZ 010D    (3)  BC:0007  DE:0065  HL:7FEA  AF:9112  SP:7FF1  PC:0111   
010D  46        MOV B,M     (3)  BC:0007  DE:0065  HL:7FEA  AF:9112  SP:7FF1  PC:010D   
010E  A8        XRA B       (3)  BC:0007  DE:0065  HL:7FEA  AF:9112  SP:7FF1  PC:010E   
010F  23        INX H       (3)  BC:0007  DE:0065  HL:7FEA  AF:9182  SP:7FF1  PC:010F   
0110  0D        DCR C       (3)  BC:0007  DE:0065  HL:7FEB  AF:9182  SP:7FF1  PC:0110   
0111  C2 0D 01  JNZ 010D    (3)  BC:0006  DE:0065  HL:7FEB  AF:9116  SP:7FF1  PC:0111   
010D  46        MOV B,M     (3)  BC:0006  DE:0065  HL:7FEB  AF:9116  SP:7FF1  PC:010D   
010E  A8        XRA B       (3)  BC:0006  DE:0065  HL:7FEB  AF:9116  SP:7FF1  PC:010E   
010F  23        INX H       (3)  BC:0006  DE:0065  HL:7FEB  AF:9182  SP:7FF1  PC:010F   
0110  0D        DCR C       (3)  BC:0006  DE:0065  HL:7FEC  AF:9182  SP:7FF1  PC:0110   
0111  C2 0D 01  JNZ 010D    (3)  BC:0005  DE:0065  HL:7FEC  AF:9116  SP:7FF1  PC:0111   
010D  46        MOV B,M     (3)  BC:0005  DE:0065  HL:7FEC  AF:9116  SP:7FF1  PC:010D   
010E  A8        XRA B       (3)  BC:0005  DE:0065  HL:7FEC  AF:9116  SP:7FF1  PC:010E   
010F  23        INX H       (3)  BC:0005  DE:0065  HL:7FEC  AF:9182  SP:7FF1  PC:010F   
0110  0D        DCR C       (3)  BC:0005  DE:0065  HL:7FED  AF:9182  SP:7FF1  PC:0110   
0111  C2 0D 01  JNZ 010D    (3)  BC:0004  DE:0065  HL:7FED  AF:9112  SP:7FF1  PC:0111   
010D  46        MOV B,M     (3)  BC:0004  DE:0065  HL:7FED  AF:9112  SP:7FF1  PC:010D   
010E  A8        XRA B       (3)  BC:0204  DE:0065  HL:7FED  AF:9112  SP:7FF1  PC:010E   
010F  23        INX H       (3)  BC:0204  DE:0065  HL:7FED  AF:9386  SP:7FF1  PC:010F   
0110  0D        DCR C       (3)  BC:0204  DE:0065  HL:7FEE  AF:9386  SP:7FF1  PC:0110   
0111  C2 0D 01  JNZ 010D    (3)  BC:0203  DE:0065  HL:7FEE  AF:9316  SP:7FF1  PC:0111   
010D  46        MOV B,M     (3)  BC:0203  DE:0065  HL:7FEE  AF:9316  SP:7FF1  PC:010D   
010E  A8        XRA B       (3)  BC:0003  DE:0065  HL:7FEE  AF:9316  SP:7FF1  PC:010E   
010F  23        INX H       (3)  BC:0003  DE:0065  HL:7FEE  AF:9386  SP:7FF1  PC:010F   
0110  0D        DCR C       (3)  BC:0003  DE:0065  HL:7FEF  AF:9386  SP:7FF1  PC:0110   
0111  C2 0D 01  JNZ 010D    (3)  BC:0002  DE:0065  HL:7FEF  AF:9312  SP:7FF1  PC:0111   
010D  46        MOV B,M     (3)  BC:0002  DE:0065  HL:7FEF  AF:9312  SP:7FF1  PC:010D   
010E  A8        XRA B       (3)  BC:5002  DE:0065  HL:7FEF  AF:9312  SP:7FF1  PC:010E   
010F  23        INX H       (3)  BC:5002  DE:0065  HL:7FEF  AF:C386  SP:7FF1  PC:010F   
0110  0D        DCR C       (3)  BC:5002  DE:0065  HL:7FF0  AF:C386  SP:7FF1  PC:0110   
0111  C2 0D 01  JNZ 010D    (3)  BC:5001  DE:0065  HL:7FF0  AF:C312  SP:7FF1  PC:0111   
010D  46        MOV B,M     (3)  BC:5001  DE:0065  HL:7FF0  AF:C312  SP:7FF1  PC:010D   
010E  A8        XRA B       (3)  BC:0101  DE:0065  HL:7FF0  AF:C312  SP:7FF1  PC:010E   
010F  23        INX H       (3)  BC:0101  DE:0065  HL:7FF0  AF:C282  SP:7FF1  PC:010F   
0110  0D        DCR C       (3)  BC:0101  DE:0065  HL:7FF1  AF:C282  SP:7FF1  PC:0110   
0111  C2 0D 01  JNZ 010D    (3)  BC:0100  DE:0065  HL:7FF1  AF:C256  SP:7FF1  PC:0111   
0114  12        STAX D      (3)  BC:0100  DE:0065  HL:7FF1  AF:C256  SP:7FF1  PC:0114   
0115  C1        POP B       (3)  BC:0100  DE:0065  HL:7FF1  AF:C256  SP:7FF1  PC:0115   
0116  D1        POP D       (3)  BC:FF86  DE:0065  HL:7FF1  AF:C256  SP:7FF3  PC:0116   
0117  E1        POP H       (3)  BC:FF86  DE:0000  HL:7FF1  AF:C256  SP:7FF5  PC:0117   
0118  F1        POP PSW     (3)  BC:FF86  DE:0000  HL:0000  AF:C256  SP:7FF7  PC:0118   
0119  C9        RET         (3)  BC:FF86  DE:0000  HL:0000  AF:0002  SP:7FF9  PC:0119   
00A2  CD 3E 01  CALL 013E   (2)  BC:FF86  DE:0000  HL:0000  AF:0002  SP:7FFB  PC:00A2   
013E  C5        PUSH B      (3)  BC:FF86  DE:0000  HL:0000  AF:0002  SP:7FF9  PC:013E   
013F  D5        PUSH D      (3)  BC:FF86  DE:0000  HL:0000  AF:0002  SP:7FF7  PC:013F   
0140  E5        PUSH H      (3)  BC:FF86  DE:0000  HL:0000  AF:0002  SP:7FF5  PC:0140   
0141  F5        PUSH PSW    (3)  BC:FF86  DE:0000  HL:0000  AF:0002  SP:7FF3  PC:0141   
0142  F5        PUSH PSW    (3)  BC:FF86  DE:0000  HL:0000  AF:0002  SP:7FF1  PC:0142   
0143  CD 55 01  CALL 0155   (3)  BC:FF86  DE:0000  HL:0000  AF:0002  SP:7FEF  PC:0143   
0155  0F        RRC         (4)  BC:FF86  DE:0000  HL:0000  AF:0002  SP:7FED  PC:0155   
0156  0F        RRC         (4)  BC:FF86  DE:0000  HL:0000  AF:0002  SP:7FED  PC:0156   
0157  0F        RRC         (4)  BC:FF86  DE:0000  HL:0000  AF:0002  SP:7FED  PC:0157   
0158  0F        RRC         (4)  BC:FF86  DE:0000  HL:0000  AF:0002  SP:7FED  PC:0158   
0159  E6 0F     ANI 0F      (4)  BC:FF86  DE:0000  HL:0000  AF:0002  SP:7FED  PC:0159   
015B  FE 0A     CPI 0A      (4)  BC:FF86  DE:0000  HL:0000  AF:0056  SP:7FED  PC:015B   
015D  FA 62 01  JM 0162     (4)  BC:FF86  DE:0000  HL:0000  AF:0087  SP:7FED  PC:015D   
0162  C6 30     ADI 30      (4)  BC:FF86  DE:0000  HL:0000  AF:0087  SP:7FED  PC:0162   
0164  C9        RET         (4)  BC:FF86  DE:0000  HL:0000  AF:3006  SP:7FED  PC:0164   
0146  CD 31 01  CALL 0131   (3)  BC:FF86  DE:0000  HL:0000  AF:3006  SP:7FEF  PC:0146   
0131  C5        PUSH B      (4)  BC:FF86  DE:0000  HL:0000  AF:3006  SP:7FED  PC:0131   
0132  D5        PUSH D      (4)  BC:FF86  DE:0000  HL:0000  AF:3006  SP:7FEB  PC:0132   
0133  E5        PUSH H      (4)  BC:FF86  DE:0000  HL:0000  AF:3006  SP:7FE9  PC:0133   
0134  F5        PUSH PSW    (4)  BC:FF86  DE:0000  HL:0000  AF:3006  SP:7FE7  PC:0134   
0135  4F        MOV C,A     (4)  BC:FF86  DE:0000  HL:0000  AF:3006  SP:7FE5  PC:0135   
0136  CD 37 C0  CALL C037   (4)  BC:FF30  DE:0000  HL:0000  AF:3006  SP:7FE5  PC:0136   
0139  F1        POP PSW     (4)  BC:FF30  DE:0000  HL:0000  AF:3006  SP:7FE5  PC:0139   
013A  E1        POP H       (4)  BC:FF30  DE:0000  HL:0000  AF:3006  SP:7FE7  PC:013A   
013B  D1        POP D       (4)  BC:FF30  DE:0000  HL:0000  AF:3006  SP:7FE9  PC:013B   
013C  C1        POP B       (4)  BC:FF30  DE:0000  HL:0000  AF:3006  SP:7FEB  PC:013C   
013D  C9        RET         (4)  BC:FF86  DE:0000  HL:0000  AF:3006  SP:7FED  PC:013D   
0149  F1        POP PSW     (3)  BC:FF86  DE:0000  HL:0000  AF:3006  SP:7FEF  PC:0149   
014A  CD 59 01  CALL 0159   (3)  BC:FF86  DE:0000  HL:0000  AF:0002  SP:7FF1  PC:014A   
0159  E6 0F     ANI 0F      (4)  BC:FF86  DE:0000  HL:0000  AF:0002  SP:7FEF  PC:0159   
015B  FE 0A     CPI 0A      (4)  BC:FF86  DE:0000  HL:0000  AF:0056  SP:7FEF  PC:015B   
015D  FA 62 01  JM 0162     (4)  BC:FF86  DE:0000  HL:0000  AF:0087  SP:7FEF  PC:015D   
0162  C6 30     ADI 30      (4)  BC:FF86  DE:0000  HL:0000  AF:0087  SP:7FEF  PC:0162   
0164  C9        RET         (4)  BC:FF86  DE:0000  HL:0000  AF:3006  SP:7FEF  PC:0164   
014D  CD 31 01  CALL 0131   (3)  BC:FF86  DE:0000  HL:0000  AF:3006  SP:7FF1  PC:014D   
0131  C5        PUSH B      (4)  BC:FF86  DE:0000  HL:0000  AF:3006  SP:7FEF  PC:0131   
0132  D5        PUSH D      (4)  BC:FF86  DE:0000  HL:0000  AF:3006  SP:7FED  PC:0132   
0133  E5        PUSH H      (4)  BC:FF86  DE:0000  HL:0000  AF:3006  SP:7FEB  PC:0133   
0134  F5        PUSH PSW    (4)  BC:FF86  DE:0000  HL:0000  AF:3006  SP:7FE9  PC:0134   
0135  4F        MOV C,A     (4)  BC:FF86  DE:0000  HL:0000  AF:3006  SP:7FE7  PC:0135   
0136  CD 37 C0  CALL C037   (4)  BC:FF30  DE:0000  HL:0000  AF:3006  SP:7FE7  PC:0136   
0139  F1        POP PSW     (4)  BC:FF30  DE:0000  HL:0000  AF:3006  SP:7FE7  PC:0139   
013A  E1        POP H       (4)  BC:FF30  DE:0000  HL:0000  AF:3006  SP:7FE9  PC:013A   
013B  D1        POP D       (4)  BC:FF30  DE:0000  HL:0000  AF:3006  SP:7FEB  PC:013B   
013C  C1        POP B       (4)  BC:FF30  DE:0000  HL:0000  AF:3006  SP:7FED  PC:013C   
013D  C9        RET         (4)  BC:FF86  DE:0000  HL:0000  AF:3006  SP:7FEF  PC:013D   
0150  F1        POP PSW     (3)  BC:FF86  DE:0000  HL:0000  AF:3006  SP:7FF1  PC:0150   
0151  E1        POP H       (3)  BC:FF86  DE:0000  HL:0000  AF:0002  SP:7FF3  PC:0151   
0152  D1        POP D       (3)  BC:FF86  DE:0000  HL:0000  AF:0002  SP:7FF5  PC:0152   
0153  C1        POP B       (3)  BC:FF86  DE:0000  HL:0000  AF:0002  SP:7FF7  PC:0153   
0154  C9        RET         (3)  BC:FF86  DE:0000  HL:0000  AF:0002  SP:7FF9  PC:0154   
00A5  1F        RAR         (2)  BC:FF86  DE:0000  HL:0000  AF:0002  SP:7FFB  PC:00A5   
00A6  CD F8 00  CALL 00F8   (2)  BC:FF86  DE:0000  HL:0000  AF:0002  SP:7FFB  PC:00A6   
00F8  C5        PUSH B      (3)  BC:FF86  DE:0000  HL:0000  AF:0002  SP:7FF9  PC:00F8   
00F9  D5        PUSH D      (3)  BC:FF86  DE:0000  HL:0000  AF:0002  SP:7FF7  PC:00F9   
00FA  E5        PUSH H      (3)  BC:FF86  DE:0000  HL:0000  AF:0002  SP:7FF5  PC:00FA   
00FB  F5        PUSH PSW    (3)  BC:FF86  DE:0000  HL:0000  AF:0002  SP:7FF3  PC:00FB   
00FC  21 00 00  LXI H,0000  (3)  BC:FF86  DE:0000  HL:0000  AF:0002  SP:7FF1  PC:00FC   
00FF  39        DAD SP      (3)  BC:FF86  DE:0000  HL:0000  AF:0002  SP:7FF1  PC:00FF   
0100  0E 08     MVI C,08    (3)  BC:FF86  DE:0000  HL:7FF1  AF:0002  SP:7FF1  PC:0100   
0102  2B        DCX H       (3)  BC:FF08  DE:0000  HL:7FF1  AF:0002  SP:7FF1  PC:0102   
0103  0D        DCR C       (3)  BC:FF08  DE:0000  HL:7FF0  AF:0002  SP:7FF1  PC:0103   
0104  C2 02 01  JNZ 0102    (3)  BC:FF07  DE:0000  HL:7FF0  AF:0012  SP:7FF1  PC:0104   
0102  2B        DCX H       (3)  BC:FF07  DE:0000  HL:7FF0  AF:0012  SP:7FF1  PC:0102   
0103  0D        DCR C       (3)  BC:FF07  DE:0000  HL:7FEF  AF:0012  SP:7FF1  PC:0103   
0104  C2 02 01  JNZ 0102    (3)  BC:FF06  DE:0000  HL:7FEF  AF:0016  SP:7FF1  PC:0104   
0102  2B        DCX H       (3)  BC:FF06  DE:0000  HL:7FEF  AF:0016  SP:7FF1  PC:0102   
0103  0D        DCR C       (3)  BC:FF06  DE:0000  HL:7FEE  AF:0016  SP:7FF1  PC:0103   
0104  C2 02 01  JNZ 0102    (3)  BC:FF05  DE:0000  HL:7FEE  AF:0016  SP:7FF1  PC:0104   
0102  2B        DCX H       (3)  BC:FF05  DE:0000  HL:7FEE  AF:0016  SP:7FF1  PC:0102   
0103  0D        DCR C       (3)  BC:FF05  DE:0000  HL:7FED  AF:0016  SP:7FF1  PC:0103   
0104  C2 02 01  JNZ 0102    (3)  BC:FF04  DE:0000  HL:7FED  AF:0012  SP:7FF1  PC:0104   
0102  2B        DCX H       (3)  BC:FF04  DE:0000  HL:7FED  AF:0012  SP:7FF1  PC:0102   
0103  0D        DCR C       (3)  BC:FF04  DE:0000  HL:7FEC  AF:0012  SP:7FF1  PC:0103   
0104  C2 02 01  JNZ 0102    (3)  BC:FF03  DE:0000  HL:7FEC  AF:0016  SP:7FF1  PC:0104   
0102  2B        DCX H       (3)  BC:FF03  DE:0000  HL:7FEC  AF:0016  SP:7FF1  PC:0102   
0103  0D        DCR C       (3)  BC:FF03  DE:0000  HL:7FEB  AF:0016  SP:7FF1  PC:0103   
0104  C2 02 01  JNZ 0102    (3)  BC:FF02  DE:0000  HL:7FEB  AF:0012  SP:7FF1  PC:0104   
0102  2B        DCX H       (3)  BC:FF02  DE:0000  HL:7FEB  AF:0012  SP:7FF1  PC:0102   
0103  0D        DCR C       (3)  BC:FF02  DE:0000  HL:7FEA  AF:0012  SP:7FF1  PC:0103   
0104  C2 02 01  JNZ 0102    (3)  BC:FF01  DE:0000  HL:7FEA  AF:0012  SP:7FF1  PC:0104   
0102  2B        DCX H       (3)  BC:FF01  DE:0000  HL:7FEA  AF:0012  SP:7FF1  PC:0102   
0103  0D        DCR C       (3)  BC:FF01  DE:0000  HL:7FE9  AF:0012  SP:7FF1  PC:0103   
0104  C2 02 01  JNZ 0102    (3)  BC:FF00  DE:0000  HL:7FE9  AF:0056  SP:7FF1  PC:0104   
0107  11 65 00  LXI D,0065  (3)  BC:FF00  DE:0000  HL:7FE9  AF:0056  SP:7FF1  PC:0107   
010A  1A        LDAX D      (3)  BC:FF00  DE:0065  HL:7FE9  AF:0056  SP:7FF1  PC:010A   
010B  0E 08     MVI C,08    (3)  BC:FF00  DE:0065  HL:7FE9  AF:C256  SP:7FF1  PC:010B   
010D  46        MOV B,M     (3)  BC:FF08  DE:0065  HL:7FE9  AF:C256  SP:7FF1  PC:010D   
010E  A8        XRA B       (3)  BC:0008  DE:0065  HL:7FE9  AF:C256  SP:7FF1  PC:010E   
010F  23        INX H       (3)  BC:0008  DE:0065  HL:7FE9  AF:C282  SP:7FF1  PC:010F   
0110  0D        DCR C       (3)  BC:0008  DE:0065  HL:7FEA  AF:C282  SP:7FF1  PC:0110   
0111  C2 0D 01  JNZ 010D    (3)  BC:0007  DE:0065  HL:7FEA  AF:C212  SP:7FF1  PC:0111   
010D  46        MOV B,M     (3)  BC:0007  DE:0065  HL:7FEA  AF:C212  SP:7FF1  PC:010D   
010E  A8        XRA B       (3)  BC:0007  DE:0065  HL:7FEA  AF:C212  SP:7FF1  PC:010E   
010F  23        INX H       (3)  BC:0007  DE:0065  HL:7FEA  AF:C282  SP:7FF1  PC:010F   
0110  0D        DCR C       (3)  BC:0007  DE:0065  HL:7FEB  AF:C282  SP:7FF1  PC:0110   
0111  C2 0D 01  JNZ 010D    (3)  BC:0006  DE:0065  HL:7FEB  AF:C216  SP:7FF1  PC:0111   
010D  46        MOV B,M     (3)  BC:0006  DE:0065  HL:7FEB  AF:C216  SP:7FF1  PC:010D   
010E  A8        XRA B       (3)  BC:0006  DE:0065  HL:7FEB  AF:C216  SP:7FF1  PC:010E   
010F  23        INX H       (3)  BC:0006  DE:0065  HL:7FEB  AF:C282  SP:7FF1  PC:010F   
0110  0D        DCR C       (3)  BC:0006  DE:0065  HL:7FEC  AF:C282  SP:7FF1  PC:0110   
0111  C2 0D 01  JNZ 010D    (3)  BC:0005  DE:0065  HL:7FEC  AF:C216  SP:7FF1  PC:0111   
010D  46        MOV B,M     (3)  BC:0005  DE:0065  HL:7FEC  AF:C216  SP:7FF1  PC:010D   
010E  A8        XRA B       (3)  BC:0005  DE:0065  HL:7FEC  AF:C216  SP:7FF1  PC:010E   
010F  23        INX H       (3)  BC:0005  DE:0065  HL:7FEC  AF:C282  SP:7FF1  PC:010F   
0110  0D        DCR C       (3)  BC:0005  DE:0065  HL:7FED  AF:C282  SP:7FF1  PC:0110   
0111  C2 0D 01  JNZ 010D    (3)  BC:0004  DE:0065  HL:7FED  AF:C212  SP:7FF1  PC:0111   
010D  46        MOV B,M     (3)  BC:0004  DE:0065  HL:7FED  AF:C212  SP:7FF1  PC:010D   
010E  A8        XRA B       (3)  BC:8604  DE:0065  HL:7FED  AF:C212  SP:7FF1  PC:010E   
010F  23        INX H       (3)  BC:8604  DE:0065  HL:7FED  AF:4406  SP:7FF1  PC:010F   
0110  0D        DCR C       (3)  BC:8604  DE:0065  HL:7FEE  AF:4406  SP:7FF1  PC:0110   
0111  C2 0D 01  JNZ 010D    (3)  BC:8603  DE:0065  HL:7FEE  AF:4416  SP:7FF1  PC:0111   
010D  46        MOV B,M     (3)  BC:8603  DE:0065  HL:7FEE  AF:4416  SP:7FF1  PC:010D   
010E  A8        XRA B       (3)  BC:FF03  DE:0065  HL:7FEE  AF:4416  SP:7FF1  PC:010E   
010F  23        INX H       (3)  BC:FF03  DE:0065  HL:7FEE  AF:BB86  SP:7FF1  PC:010F   
0110  0D        DCR C       (3)  BC:FF03  DE:0065  HL:7FEF  AF:BB86  SP:7FF1  PC:0110   
0111  C2 0D 01  JNZ 010D    (3)  BC:FF02  DE:0065  HL:7FEF  AF:BB12  SP:7FF1  PC:0111   
010D  46        MOV B,M     (3)  BC:FF02  DE:0065  HL:7FEF  AF:BB12  SP:7FF1  PC:010D   
010E  A8        XRA B       (3)  BC:5002  DE:0065  HL:7FEF  AF:BB12  SP:7FF1  PC:010E   
010F  23        INX H       (3)  BC:5002  DE:0065  HL:7FEF  AF:EB86  SP:7FF1  PC:010F   
0110  0D        DCR C       (3)  BC:5002  DE:0065  HL:7FF0  AF:EB86  SP:7FF1  PC:0110   
0111  C2 0D 01  JNZ 010D    (3)  BC:5001  DE:0065  HL:7FF0  AF:EB12  SP:7FF1  PC:0111   
010D  46        MOV B,M     (3)  BC:5001  DE:0065  HL:7FF0  AF:EB12  SP:7FF1  PC:010D   
010E  A8        XRA B       (3)  BC:0101  DE:0065  HL:7FF0  AF:EB12  SP:7FF1  PC:010E   
010F  23        INX H       (3)  BC:0101  DE:0065  HL:7FF0  AF:EA82  SP:7FF1  PC:010F   
0110  0D        DCR C       (3)  BC:0101  DE:0065  HL:7FF1  AF:EA82  SP:7FF1  PC:0110   
0111  C2 0D 01  JNZ 010D    (3)  BC:0100  DE:0065  HL:7FF1  AF:EA56  SP:7FF1  PC:0111   
0114  12        STAX D      (3)  BC:0100  DE:0065  HL:7FF1  AF:EA56  SP:7FF1  PC:0114   
0115  C1        POP B       (3)  BC:0100  DE:0065  HL:7FF1  AF:EA56  SP:7FF1  PC:0115   
0116  D1        POP D       (3)  BC:0002  DE:0065  HL:7FF1  AF:EA56  SP:7FF3  PC:0116   
0117  E1        POP H       (3)  BC:0002  DE:0000  HL:7FF1  AF:EA56  SP:7FF5  PC:0117   
0118  F1        POP PSW     (3)  BC:0002  DE:0000  HL:0000  AF:EA56  SP:7FF7  PC:0118   
0119  C9        RET         (3)  BC:0002  DE:0000  HL:0000  AF:FF86  SP:7FF9  PC:0119   
00A9  CD 3E 01  CALL 013E   (2)  BC:0002  DE:0000  HL:0000  AF:FF86  SP:7FFB  PC:00A9   
013E  C5        PUSH B      (3)  BC:0002  DE:0000  HL:0000  AF:FF86  SP:7FF9  PC:013E   
013F  D5        PUSH D      (3)  BC:0002  DE:0000  HL:0000  AF:FF86  SP:7FF7  PC:013F   
0140  E5        PUSH H      (3)  BC:0002  DE:0000  HL:0000  AF:FF86  SP:7FF5  PC:0140   
0141  F5        PUSH PSW    (3)  BC:0002  DE:0000  HL:0000  AF:FF86  SP:7FF3  PC:0141   
0142  F5        PUSH PSW    (3)  BC:0002  DE:0000  HL:0000  AF:FF86  SP:7FF1  PC:0142   
0143  CD 55 01  CALL 0155   (3)  BC:0002  DE:0000  HL:0000  AF:FF86  SP:7FEF  PC:0143   
0155  0F        RRC         (4)  BC:0002  DE:0000  HL:0000  AF:FF86  SP:7FED  PC:0155   
0156  0F        RRC         (4)  BC:0002  DE:0000  HL:0000  AF:FF87  SP:7FED  PC:0156   
0157  0F        RRC         (4)  BC:0002  DE:0000  HL:0000  AF:FF87  SP:7FED  PC:0157   
0158  0F        RRC         (4)  BC:0002  DE:0000  HL:0000  AF:FF87  SP:7FED  PC:0158   
0159  E6 0F     ANI 0F      (4)  BC:0002  DE:0000  HL:0000  AF:FF87  SP:7FED  PC:0159   
015B  FE 0A     CPI 0A      (4)  BC:0002  DE:0000  HL:0000  AF:0F16  SP:7FED  PC:015B   
015D  FA 62 01  JM 0162     (4)  BC:0002  DE:0000  HL:0000  AF:0F16  SP:7FED  PC:015D   
0160  C6 07     ADI 07      (4)  BC:0002  DE:0000  HL:0000  AF:0F16  SP:7FED  PC:0160   
0162  C6 30     ADI 30      (4)  BC:0002  DE:0000  HL:0000  AF:1612  SP:7FED  PC:0162   
0164  C9        RET         (4)  BC:0002  DE:0000  HL:0000  AF:4602  SP:7FED  PC:0164   
0146  CD 31 01  CALL 0131   (3)  BC:0002  DE:0000  HL:0000  AF:4602  SP:7FEF  PC:0146   
0131  C5        PUSH B      (4)  BC:0002  DE:0000  HL:0000  AF:4602  SP:7FED  PC:0131   
0132  D5        PUSH D      (4)  BC:0002  DE:0000  HL:0000  AF:4602  SP:7FEB  PC:0132   
0133  E5        PUSH H      (4)  BC:0002  DE:0000  HL:0000  AF:4602  SP:7FE9  PC:0133   
0134  F5        PUSH PSW    (4)  BC:0002  DE:0000  HL:0000  AF:4602  SP:7FE7  PC:0134   
0135  4F        MOV C,A     (4)  BC:0002  DE:0000  HL:0000  AF:4602  SP:7FE5  PC:0135   
0136  CD 37 C0  CALL C037   (4)  BC:0046  DE:0000  HL:0000  AF:4602  SP:7FE5  PC:0136   
0139  F1        POP PSW     (4)  BC:0046  DE:0000  HL:0000  AF:4602  SP:7FE5  PC:0139   
013A  E1        POP H       (4)  BC:0046  DE:0000  HL:0000  AF:4602  SP:7FE7  PC:013A   
013B  D1        POP D       (4)  BC:0046  DE:0000  HL:0000  AF:4602  SP:7FE9  PC:013B   
013C  C1        POP B       (4)  BC:0046  DE:0000  HL:0000  AF:4602  SP:7FEB  PC:013C   
013D  C9        RET         (4)  BC:0002  DE:0000  HL:0000  AF:4602  SP:7FED  PC:013D   
0149  F1        POP PSW     (3)  BC:0002  DE:0000  HL:0000  AF:4602  SP:7FEF  PC:0149   
014A  CD 59 01  CALL 0159   (3)  BC:0002  DE:0000  HL:0000  AF:FF86  SP:7FF1  PC:014A   
0159  E6 0F     ANI 0F      (4)  BC:0002  DE:0000  HL:0000  AF:FF86  SP:7FEF  PC:0159   
015B  FE 0A     CPI 0A      (4)  BC:0002  DE:0000  HL:0000  AF:0F16  SP:7FEF  PC:015B   
015D  FA 62 01  JM 0162     (4)  BC:0002  DE:0000  HL:0000  AF:0F16  SP:7FEF  PC:015D   
0160  C6 07     ADI 07      (4)  BC:0002  DE:0000  HL:0000  AF:0F16  SP:7FEF  PC:0160   
0162  C6 30     ADI 30      (4)  BC:0002  DE:0000  HL:0000  AF:1612  SP:7FEF  PC:0162   
0164  C9        RET         (4)  BC:0002  DE:0000  HL:0000  AF:4602  SP:7FEF  PC:0164   
014D  CD 31 01  CALL 0131   (3)  BC:0002  DE:0000  HL:0000  AF:4602  SP:7FF1  PC:014D   
0131  C5        PUSH B      (4)  BC:0002  DE:0000  HL:0000  AF:4602  SP:7FEF  PC:0131   
0132  D5        PUSH D      (4)  BC:0002  DE:0000  HL:0000  AF:4602  SP:7FED  PC:0132   
0133  E5        PUSH H      (4)  BC:0002  DE:0000  HL:0000  AF:4602  SP:7FEB  PC:0133   
0134  F5        PUSH PSW    (4)  BC:0002  DE:0000  HL:0000  AF:4602  SP:7FE9  PC:0134   
0135  4F        MOV C,A     (4)  BC:0002  DE:0000  HL:0000  AF:4602  SP:7FE7  PC:0135   
0136  CD 37 C0  CALL C037   (4)  BC:0046  DE:0000  HL:0000  AF:4602  SP:7FE7  PC:0136   
0139  F1        POP PSW     (4)  BC:0046  DE:0000  HL:0000  AF:4602  SP:7FE7  PC:0139   
013A  E1        POP H       (4)  BC:0046  DE:0000  HL:0000  AF:4602  SP:7FE9  PC:013A   
013B  D1        POP D       (4)  BC:0046  DE:0000  HL:0000  AF:4602  SP:7FEB  PC:013B   
013C  C1        POP B       (4)  BC:0046  DE:0000  HL:0000  AF:4602  SP:7FED  PC:013C   
013D  C9        RET         (4)  BC:0002  DE:0000  HL:0000  AF:4602  SP:7FEF  PC:013D   
0150  F1        POP PSW     (3)  BC:0002  DE:0000  HL:0000  AF:4602  SP:7FF1  PC:0150   
0151  E1        POP H       (3)  BC:0002  DE:0000  HL:0000  AF:FF86  SP:7FF3  PC:0151   
0152  D1        POP D       (3)  BC:0002  DE:0000  HL:0000  AF:FF86  SP:7FF5  PC:0152   
0153  C1        POP B       (3)  BC:0002  DE:0000  HL:0000  AF:FF86  SP:7FF7  PC:0153   
0154  C9        RET         (3)  BC:0002  DE:0000  HL:0000  AF:FF86  SP:7FF9  PC:0154   
00AC  EE AC     XRI AC      (2)  BC:0002  DE:0000  HL:0000  AF:FF86  SP:7FFB  PC:00AC   
00AE  CD F8 00  CALL 00F8   (2)  BC:0002  DE:0000  HL:0000  AF:5306  SP:7FFB  PC:00AE   
00F8  C5        PUSH B      (3)  BC:0002  DE:0000  HL:0000  AF:5306  SP:7FF9  PC:00F8   
00F9  D5        PUSH D      (3)  BC:0002  DE:0000  HL:0000  AF:5306  SP:7FF7  PC:00F9   
00FA  E5        PUSH H      (3)  BC:0002  DE:0000  HL:0000  AF:5306  SP:7FF5  PC:00FA   
00FB  F5        PUSH PSW    (3)  BC:0002  DE:0000  HL:0000  AF:5306  SP:7FF3  PC:00FB   
00FC  21 00 00  LXI H,0000  (3)  BC:0002  DE:0000  HL:0000  AF:5306  SP:7FF1  PC:00FC   
00FF  39        DAD SP      (3)  BC:0002  DE:0000  HL:0000  AF:5306  SP:7FF1  PC:00FF   
0100  0E 08     MVI C,08    (3)  BC:0002  DE:0000  HL:7FF1  AF:5306  SP:7FF1  PC:0100   
0102  2B        DCX H       (3)  BC:0008  DE:0000  HL:7FF1  AF:5306  SP:7FF1  PC:0102   
0103  0D        DCR C       (3)  BC:0008  DE:0000  HL:7FF0  AF:5306  SP:7FF1  PC:0103   
0104  C2 02 01  JNZ 0102    (3)  BC:0007  DE:0000  HL:7FF0  AF:5312  SP:7FF1  PC:0104   
0102  2B        DCX H       (3)  BC:0007  DE:0000  HL:7FF0  AF:5312  SP:7FF1  PC:0102   
0103  0D        DCR C       (3)  BC:0007  DE:0000  HL:7FEF  AF:5312  SP:7FF1  PC:0103   
0104  C2 02 01  JNZ 0102    (3)  BC:0006  DE:0000  HL:7FEF  AF:5316  SP:7FF1  PC:0104   
0102  2B        DCX H       (3)  BC:0006  DE:0000  HL:7FEF  AF:5316  SP:7FF1  PC:0102   
0103  0D        DCR C       (3)  BC:0006  DE:0000  HL:7FEE  AF:5316  SP:7FF1  PC:0103   
0104  C2 02 01  JNZ 0102    (3)  BC:0005  DE:0000  HL:7FEE  AF:5316  SP:7FF1  PC:0104   
0102  2B        DCX H       (3)  BC:0005  DE:0000  HL:7FEE  AF:5316  SP:7FF1  PC:0102   
0103  0D        DCR C       (3)  BC:0005  DE:0000  HL:7FED  AF:5316  SP:7FF1  PC:0103   
0104  C2 02 01  JNZ 0102    (3)  BC:0004  DE:0000  HL:7FED  AF:5312  SP:7FF1  PC:0104   
0102  2B        DCX H       (3)  BC:0004  DE:0000  HL:7FED  AF:5312  SP:7FF1  PC:0102   
0103  0D        DCR C       (3)  BC:0004  DE:0000  HL:7FEC  AF:5312  SP:7FF1  PC:0103   
0104  C2 02 01  JNZ 0102    (3)  BC:0003  DE:0000  HL:7FEC  AF:5316  SP:7FF1  PC:0104   
0102  2B        DCX H       (3)  BC:0003  DE:0000  HL:7FEC  AF:5316  SP:7FF1  PC:0102   
0103  0D        DCR C       (3)  BC:0003  DE:0000  HL:7FEB  AF:5316  SP:7FF1  PC:0103   
0104  C2 02 01  JNZ 0102    (3)  BC:0002  DE:0000  HL:7FEB  AF:5312  SP:7FF1  PC:0104   
0102  2B        DCX H       (3)  BC:0002  DE:0000  HL:7FEB  AF:5312  SP:7FF1  PC:0102   
0103  0D        DCR C       (3)  BC:0002  DE:0000  HL:7FEA  AF:5312  SP:7FF1  PC:0103   
0104  C2 02 01  JNZ 0102    (3)  BC:0001  DE:0000  HL:7FEA  AF:5312  SP:7FF1  PC:0104   
0102  2B        DCX H       (3)  BC:0001  DE:0000  HL:7FEA  AF:5312  SP:7FF1  PC:0102   
0103  0D        DCR C       (3)  BC:0001  DE:0000  HL:7FE9  AF:5312  SP:7FF1  PC:0103   
0104  C2 02 01  JNZ 0102    (3)  BC:0000  DE:0000  HL:7FE9  AF:5356  SP:7FF1  PC:0104   
0107  11 65 00  LXI D,0065  (3)  BC:0000  DE:0000  HL:7FE9  AF:5356  SP:7FF1  PC:0107   
010A  1A        LDAX D      (3)  BC:0000  DE:0065  HL:7FE9  AF:5356  SP:7FF1  PC:010A   
010B  0E 08     MVI C,08    (3)  BC:0000  DE:0065  HL:7FE9  AF:EA56  SP:7FF1  PC:010B   
010D  46        MOV B,M     (3)  BC:0008  DE:0065  HL:7FE9  AF:EA56  SP:7FF1  PC:010D   
010E  A8        XRA B       (3)  BC:0008  DE:0065  HL:7FE9  AF:EA56  SP:7FF1  PC:010E   
010F  23        INX H       (3)  BC:0008  DE:0065  HL:7FE9  AF:EA82  SP:7FF1  PC:010F   
0110  0D        DCR C       (3)  BC:0008  DE:0065  HL:7FEA  AF:EA82  SP:7FF1  PC:0110   
0111  C2 0D 01  JNZ 010D    (3)  BC:0007  DE:0065  HL:7FEA  AF:EA12  SP:7FF1  PC:0111   
010D  46        MOV B,M     (3)  BC:0007  DE:0065  HL:7FEA  AF:EA12  SP:7FF1  PC:010D   
010E  A8        XRA B       (3)  BC:0007  DE:0065  HL:7FEA  AF:EA12  SP:7FF1  PC:010E   
010F  23        INX H       (3)  BC:0007  DE:0065  HL:7FEA  AF:EA82  SP:7FF1  PC:010F   
0110  0D        DCR C       (3)  BC:0007  DE:0065  HL:7FEB  AF:EA82  SP:7FF1  PC:0110   
0111  C2 0D 01  JNZ 010D    (3)  BC:0006  DE:0065  HL:7FEB  AF:EA16  SP:7FF1  PC:0111   
010D  46        MOV B,M     (3)  BC:0006  DE:0065  HL:7FEB  AF:EA16  SP:7FF1  PC:010D   
010E  A8        XRA B       (3)  BC:0006  DE:0065  HL:7FEB  AF:EA16  SP:7FF1  PC:010E   
010F  23        INX H       (3)  BC:0006  DE:0065  HL:7FEB  AF:EA82  SP:7FF1  PC:010F   
0110  0D        DCR C       (3)  BC:0006  DE:0065  HL:7FEC  AF:EA82  SP:7FF1  PC:0110   
0111  C2 0D 01  JNZ 010D    (3)  BC:0005  DE:0065  HL:7FEC  AF:EA16  SP:7FF1  PC:0111   
010D  46        MOV B,M     (3)  BC:0005  DE:0065  HL:7FEC  AF:EA16  SP:7FF1  PC:010D   
010E  A8        XRA B       (3)  BC:0005  DE:0065  HL:7FEC  AF:EA16  SP:7FF1  PC:010E   
010F  23        INX H       (3)  BC:0005  DE:0065  HL:7FEC  AF:EA82  SP:7FF1  PC:010F   
0110  0D        DCR C       (3)  BC:0005  DE:0065  HL:7FED  AF:EA82  SP:7FF1  PC:0110   
0111  C2 0D 01  JNZ 010D    (3)  BC:0004  DE:0065  HL:7FED  AF:EA12  SP:7FF1  PC:0111   
010D  46        MOV B,M     (3)  BC:0004  DE:0065  HL:7FED  AF:EA12  SP:7FF1  PC:010D   
010E  A8        XRA B       (3)  BC:0204  DE:0065  HL:7FED  AF:EA12  SP:7FF1  PC:010E   
010F  23        INX H       (3)  BC:0204  DE:0065  HL:7FED  AF:E886  SP:7FF1  PC:010F   
0110  0D        DCR C       (3)  BC:0204  DE:0065  HL:7FEE  AF:E886  SP:7FF1  PC:0110   
0111  C2 0D 01  JNZ 010D    (3)  BC:0203  DE:0065  HL:7FEE  AF:E816  SP:7FF1  PC:0111   
010D  46        MOV B,M     (3)  BC:0203  DE:0065  HL:7FEE  AF:E816  SP:7FF1  PC:010D   
010E  A8        XRA B       (3)  BC:0003  DE:0065  HL:7FEE  AF:E816  SP:7FF1  PC:010E   
010F  23        INX H       (3)  BC:0003  DE:0065  HL:7FEE  AF:E886  SP:7FF1  PC:010F   
0110  0D        DCR C       (3)  BC:0003  DE:0065  HL:7FEF  AF:E886  SP:7FF1  PC:0110   
0111  C2 0D 01  JNZ 010D    (3)  BC:0002  DE:0065  HL:7FEF  AF:E812  SP:7FF1  PC:0111   
010D  46        MOV B,M     (3)  BC:0002  DE:0065  HL:7FEF  AF:E812  SP:7FF1  PC:010D   
010E  A8        XRA B       (3)  BC:5002  DE:0065  HL:7FEF  AF:E812  SP:7FF1  PC:010E   
010F  23        INX H       (3)  BC:5002  DE:0065  HL:7FEF  AF:B886  SP:7FF1  PC:010F   
0110  0D        DCR C       (3)  BC:5002  DE:0065  HL:7FF0  AF:B886  SP:7FF1  PC:0110   
0111  C2 0D 01  JNZ 010D    (3)  BC:5001  DE:0065  HL:7FF0  AF:B812  SP:7FF1  PC:0111   
010D  46        MOV B,M     (3)  BC:5001  DE:0065  HL:7FF0  AF:B812  SP:7FF1  PC:010D   
010E  A8        XRA B       (3)  BC:0101  DE:0065  HL:7FF0  AF:B812  SP:7FF1  PC:010E   
010F  23        INX H       (3)  BC:0101  DE:0065  HL:7FF0  AF:B982  SP:7FF1  PC:010F   
0110  0D        DCR C       (3)  BC:0101  DE:0065  HL:7FF1  AF:B982  SP:7FF1  PC:0110   
0111  C2 0D 01  JNZ 010D    (3)  BC:0100  DE:0065  HL:7FF1  AF:B956  SP:7FF1  PC:0111   
0114  12        STAX D      (3)  BC:0100  DE:0065  HL:7FF1  AF:B956  SP:7FF1  PC:0114   
0115  C1        POP B       (3)  BC:0100  DE:0065  HL:7FF1  AF:B956  SP:7FF1  PC:0115   
0116  D1        POP D       (3)  BC:5306  DE:0065  HL:7FF1  AF:B956  SP:7FF3  PC:0116   
0117  E1        POP H       (3)  BC:5306  DE:0000  HL:7FF1  AF:B956  SP:7FF5  PC:0117   
0118  F1        POP PSW     (3)  BC:5306  DE:0000  HL:0000  AF:B956  SP:7FF7  PC:0118   
0119  C9        RET         (3)  BC:5306  DE:0000  HL:0000  AF:0002  SP:7FF9  PC:0119   
00B1  CD 3E 01  CALL 013E   (2)  BC:5306  DE:0000  HL:0000  AF:0002  SP:7FFB  PC:00B1   
013E  C5        PUSH B      (3)  BC:5306  DE:0000  HL:0000  AF:0002  SP:7FF9  PC:013E   
013F  D5        PUSH D      (3)  BC:5306  DE:0000  HL:0000  AF:0002  SP:7FF7  PC:013F   
0140  E5        PUSH H      (3)  BC:5306  DE:0000  HL:0000  AF:0002  SP:7FF5  PC:0140   
0141  F5        PUSH PSW    (3)  BC:5306  DE:0000  HL:0000  AF:0002  SP:7FF3  PC:0141   
0142  F5        PUSH PSW    (3)  BC:5306  DE:0000  HL:0000  AF:0002  SP:7FF1  PC:0142   
0143  CD 55 01  CALL 0155   (3)  BC:5306  DE:0000  HL:0000  AF:0002  SP:7FEF  PC:0143   
0155  0F        RRC         (4)  BC:5306  DE:0000  HL:0000  AF:0002  SP:7FED  PC:0155   
0156  0F        RRC         (4)  BC:5306  DE:0000  HL:0000  AF:0002  SP:7FED  PC:0156   
0157  0F        RRC         (4)  BC:5306  DE:0000  HL:0000  AF:0002  SP:7FED  PC:0157   
0158  0F        RRC         (4)  BC:5306  DE:0000  HL:0000  AF:0002  SP:7FED  PC:0158   
0159  E6 0F     ANI 0F      (4)  BC:5306  DE:0000  HL:0000  AF:0002  SP:7FED  PC:0159   
015B  FE 0A     CPI 0A      (4)  BC:5306  DE:0000  HL:0000  AF:0056  SP:7FED  PC:015B   
015D  FA 62 01  JM 0162     (4)  BC:5306  DE:0000  HL:0000  AF:0087  SP:7FED  PC:015D   
0162  C6 30     ADI 30      (4)  BC:5306  DE:0000  HL:0000  AF:0087  SP:7FED  PC:0162   
0164  C9        RET         (4)  BC:5306  DE:0000  HL:0000  AF:3006  SP:7FED  PC:0164   
0146  CD 31 01  CALL 0131   (3)  BC:5306  DE:0000  HL:0000  AF:3006  SP:7FEF  PC:0146   
0131  C5        PUSH B      (4)  BC:5306  DE:0000  HL:0000  AF:3006  SP:7FED  PC:0131   
0132  D5        PUSH D      (4)  BC:5306  DE:0000  HL:0000  AF:3006  SP:7FEB  PC:0132   
0133  E5        PUSH H      (4)  BC:5306  DE:0000  HL:0000  AF:3006  SP:7FE9  PC:0133   
0134  F5        PUSH PSW    (4)  BC:5306  DE:0000  HL:0000  AF:3006  SP:7FE7  PC:0134   
0135  4F        MOV C,A     (4)  BC:5306  DE:0000  HL:0000  AF:3006  SP:7FE5  PC:0135   
0136  CD 37 C0  CALL C037   (4)  BC:5330  DE:0000  HL:0000  AF:3006  SP:7FE5  PC:0136   
0139  F1        POP PSW     (4)  BC:5330  DE:0000  HL:0000  AF:3006  SP:7FE5  PC:0139   
013A  E1        POP H       (4)  BC:5330  DE:0000  HL:0000  AF:3006  SP:7FE7  PC:013A   
013B  D1        POP D       (4)  BC:5330  DE:0000  HL:0000  AF:3006  SP:7FE9  PC:013B   
013C  C1        POP B       (4)  BC:5330  DE:0000  HL:0000  AF:3006  SP:7FEB  PC:013C   
013D  C9        RET         (4)  BC:5306  DE:0000  HL:0000  AF:3006  SP:7FED  PC:013D   
0149  F1        POP PSW     (3)  BC:5306  DE:0000  HL:0000  AF:3006  SP:7FEF  PC:0149   
014A  CD 59 01  CALL 0159   (3)  BC:5306  DE:0000  HL:0000  AF:0002  SP:7FF1  PC:014A   
0159  E6 0F     ANI 0F      (4)  BC:5306  DE:0000  HL:0000  AF:0002  SP:7FEF  PC:0159   
015B  FE 0A     CPI 0A      (4)  BC:5306  DE:0000  HL:0000  AF:0056  SP:7FEF  PC:015B   
015D  FA 62 01  JM 0162     (4)  BC:5306  DE:0000  HL:0000  AF:0087  SP:7FEF  PC:015D   
0162  C6 30     ADI 30      (4)  BC:5306  DE:0000  HL:0000  AF:0087  SP:7FEF  PC:0162   
0164  C9        RET         (4)  BC:5306  DE:0000  HL:0000  AF:3006  SP:7FEF  PC:0164   
014D  CD 31 01  CALL 0131   (3)  BC:5306  DE:0000  HL:0000  AF:3006  SP:7FF1  PC:014D   
0131  C5        PUSH B      (4)  BC:5306  DE:0000  HL:0000  AF:3006  SP:7FEF  PC:0131   
0132  D5        PUSH D      (4)  BC:5306  DE:0000  HL:0000  AF:3006  SP:7FED  PC:0132   
0133  E5        PUSH H      (4)  BC:5306  DE:0000  HL:0000  AF:3006  SP:7FEB  PC:0133   
0134  F5        PUSH PSW    (4)  BC:5306  DE:0000  HL:0000  AF:3006  SP:7FE9  PC:0134   
0135  4F        MOV C,A     (4)  BC:5306  DE:0000  HL:0000  AF:3006  SP:7FE7  PC:0135   
0136  CD 37 C0  CALL C037   (4)  BC:5330  DE:0000  HL:0000  AF:3006  SP:7FE7  PC:0136   
0139  F1        POP PSW     (4)  BC:5330  DE:0000  HL:0000  AF:3006  SP:7FE7  PC:0139   
013A  E1        POP H       (4)  BC:5330  DE:0000  HL:0000  AF:3006  SP:7FE9  PC:013A   
013B  D1        POP D       (4)  BC:5330  DE:0000  HL:0000  AF:3006  SP:7FEB  PC:013B   
013C  C1        POP B       (4)  BC:5330  DE:0000  HL:0000  AF:3006  SP:7FED  PC:013C   
013D  C9        RET         (4)  BC:5306  DE:0000  HL:0000  AF:3006  SP:7FEF  PC:013D   
0150  F1        POP PSW     (3)  BC:5306  DE:0000  HL:0000  AF:3006  SP:7FF1  PC:0150   
0151  E1        POP H       (3)  BC:5306  DE:0000  HL:0000  AF:0002  SP:7FF3  PC:0151   
0152  D1        POP D       (3)  BC:5306  DE:0000  HL:0000  AF:0002  SP:7FF5  PC:0152   
0153  C1        POP B       (3)  BC:5306  DE:0000  HL:0000  AF:0002  SP:7FF7  PC:0153   
0154  C9        RET         (3)  BC:5306  DE:0000  HL:0000  AF:0002  SP:7FF9  PC:0154   
00B4  17        RAL         (2)  BC:5306  DE:0000  HL:0000  AF:0002  SP:7FFB  PC:00B4   
00B5  CD F8 00  CALL 00F8   (2)  BC:5306  DE:0000  HL:0000  AF:0002  SP:7FFB  PC:00B5   
00F8  C5        PUSH B      (3)  BC:5306  DE:0000  HL:0000  AF:0002  SP:7FF9  PC:00F8   
00F9  D5        PUSH D      (3)  BC:5306  DE:0000  HL:0000  AF:0002  SP:7FF7  PC:00F9   
00FA  E5        PUSH H      (3)  BC:5306  DE:0000  HL:0000  AF:0002  SP:7FF5  PC:00FA   
00FB  F5        PUSH PSW    (3)  BC:5306  DE:0000  HL:0000  AF:0002  SP:7FF3  PC:00FB   
00FC  21 00 00  LXI H,0000  (3)  BC:5306  DE:0000  HL:0000  AF:0002  SP:7FF1  PC:00FC   
00FF  39        DAD SP      (3)  BC:5306  DE:0000  HL:0000  AF:0002  SP:7FF1  PC:00FF   
0100  0E 08     MVI C,08    (3)  BC:5306  DE:0000  HL:7FF1  AF:0002  SP:7FF1  PC:0100   
0102  2B        DCX H       (3)  BC:5308  DE:0000  HL:7FF1  AF:0002  SP:7FF1  PC:0102   
0103  0D        DCR C       (3)  BC:5308  DE:0000  HL:7FF0  AF:0002  SP:7FF1  PC:0103   
0104  C2 02 01  JNZ 0102    (3)  BC:5307  DE:0000  HL:7FF0  AF:0012  SP:7FF1  PC:0104   
0102  2B        DCX H       (3)  BC:5307  DE:0000  HL:7FF0  AF:0012  SP:7FF1  PC:0102   
0103  0D        DCR C       (3)  BC:5307  DE:0000  HL:7FEF  AF:0012  SP:7FF1  PC:0103   
0104  C2 02 01  JNZ 0102    (3)  BC:5306  DE:0000  HL:7FEF  AF:0016  SP:7FF1  PC:0104   
0102  2B        DCX H       (3)  BC:5306  DE:0000  HL:7FEF  AF:0016  SP:7FF1  PC:0102   
0103  0D        DCR C       (3)  BC:5306  DE:0000  HL:7FEE  AF:0016  SP:7FF1  PC:0103   
0104  C2 02 01  JNZ 0102    (3)  BC:5305  DE:0000  HL:7FEE  AF:0016  SP:7FF1  PC:0104   
0102  2B        DCX H       (3)  BC:5305  DE:0000  HL:7FEE  AF:0016  SP:7FF1  PC:0102   
0103  0D        DCR C       (3)  BC:5305  DE:0000  HL:7FED  AF:0016  SP:7FF1  PC:0103   
0104  C2 02 01  JNZ 0102    (3)  BC:5304  DE:0000  HL:7FED  AF:0012  SP:7FF1  PC:0104   
0102  2B        DCX H       (3)  BC:5304  DE:0000  HL:7FED  AF:0012  SP:7FF1  PC:0102   
0103  0D        DCR C       (3)  BC:5304  DE:0000  HL:7FEC  AF:0012  SP:7FF1  PC:0103   
0104  C2 02 01  JNZ 0102    (3)  BC:5303  DE:0000  HL:7FEC  AF:0016  SP:7FF1  PC:0104   
0102  2B        DCX H       (3)  BC:5303  DE:0000  HL:7FEC  AF:0016  SP:7FF1  PC:0102   
0103  0D        DCR C       (3)  BC:5303  DE:0000  HL:7FEB  AF:0016  SP:7FF1  PC:0103   
0104  C2 02 01  JNZ 0102    (3)  BC:5302  DE:0000  HL:7FEB  AF:0012  SP:7FF1  PC:0104   
0102  2B        DCX H       (3)  BC:5302  DE:0000  HL:7FEB  AF:0012  SP:7FF1  PC:0102   
0103  0D        DCR C       (3)  BC:5302  DE:0000  HL:7FEA  AF:0012  SP:7FF1  PC:0103   
0104  C2 02 01  JNZ 0102    (3)  BC:5301  DE:0000  HL:7FEA  AF:0012  SP:7FF1  PC:0104   
0102  2B        DCX H       (3)  BC:5301  DE:0000  HL:7FEA  AF:0012  SP:7FF1  PC:0102   
0103  0D        DCR C       (3)  BC:5301  DE:0000  HL:7FE9  AF:0012  SP:7FF1  PC:0103   
0104  C2 02 01  JNZ 0102    (3)  BC:5300  DE:0000  HL:7FE9  AF:0056  SP:7FF1  PC:0104   
0107  11 65 00  LXI D,0065  (3)  BC:5300  DE:0000  HL:7FE9  AF:0056  SP:7FF1  PC:0107   
010A  1A        LDAX D      (3)  BC:5300  DE:0065  HL:7FE9  AF:0056  SP:7FF1  PC:010A   
010B  0E 08     MVI C,08    (3)  BC:5300  DE:0065  HL:7FE9  AF:B956  SP:7FF1  PC:010B   
010D  46        MOV B,M     (3)  BC:5308  DE:0065  HL:7FE9  AF:B956  SP:7FF1  PC:010D   
010E  A8        XRA B       (3)  BC:0008  DE:0065  HL:7FE9  AF:B956  SP:7FF1  PC:010E   
010F  23        INX H       (3)  BC:0008  DE:0065  HL:7FE9  AF:B982  SP:7FF1  PC:010F   
0110  0D        DCR C       (3)  BC:0008  DE:0065  HL:7FEA  AF:B982  SP:7FF1  PC:0110   
0111  C2 0D 01  JNZ 010D    (3)  BC:0007  DE:0065  HL:7FEA  AF:B912  SP:7FF1  PC:0111   
010D  46        MOV B,M     (3)  BC:0007  DE:0065  HL:7FEA  AF:B912  SP:7FF1  PC:010D   
010E  A8        XRA B       (3)  BC:0007  DE:0065  HL:7FEA  AF:B912  SP:7FF1  PC:010E   
010F  23        INX H       (3)  BC:0007  DE:0065  HL:7FEA  AF:B982  SP:7FF1  PC:010F   
0110  0D        DCR C       (3)  BC:0007  DE:0065  HL:7FEB  AF:B982  SP:7FF1  PC:0110   
0111  C2 0D 01  JNZ 010D    (3)  BC:0006  DE:0065  HL:7FEB  AF:B916  SP:7FF1  PC:0111   
010D  46        MOV B,M     (3)  BC:0006  DE:0065  HL:7FEB  AF:B916  SP:7FF1  PC:010D   
010E  A8        XRA B       (3)  BC:0006  DE:0065  HL:7FEB  AF:B916  SP:7FF1  PC:010E   
010F  23        INX H       (3)  BC:0006  DE:0065  HL:7FEB  AF:B982  SP:7FF1  PC:010F   
0110  0D        DCR C       (3)  BC:0006  DE:0065  HL:7FEC  AF:B982  SP:7FF1  PC:0110   
0111  C2 0D 01  JNZ 010D    (3)  BC:0005  DE:0065  HL:7FEC  AF:B916  SP:7FF1  PC:0111   
010D  46        MOV B,M     (3)  BC:0005  DE:0065  HL:7FEC  AF:B916  SP:7FF1  PC:010D   
010E  A8        XRA B       (3)  BC:0005  DE:0065  HL:7FEC  AF:B916  SP:7FF1  PC:010E   
010F  23        INX H       (3)  BC:0005  DE:0065  HL:7FEC  AF:B982  SP:7FF1  PC:010F   
0110  0D        DCR C       (3)  BC:0005  DE:0065  HL:7FED  AF:B982  SP:7FF1  PC:0110   
0111  C2 0D 01  JNZ 010D    (3)  BC:0004  DE:0065  HL:7FED  AF:B912  SP:7FF1  PC:0111   
010D  46        MOV B,M     (3)  BC:0004  DE:0065  HL:7FED  AF:B912  SP:7FF1  PC:010D   
010E  A8        XRA B       (3)  BC:0604  DE:0065  HL:7FED  AF:B912  SP:7FF1  PC:010E   
010F  23        INX H       (3)  BC:0604  DE:0065  HL:7FED  AF:BF82  SP:7FF1  PC:010F   
0110  0D        DCR C       (3)  BC:0604  DE:0065  HL:7FEE  AF:BF82  SP:7FF1  PC:0110   
0111  C2 0D 01  JNZ 010D    (3)  BC:0603  DE:0065  HL:7FEE  AF:BF16  SP:7FF1  PC:0111   
010D  46        MOV B,M     (3)  BC:0603  DE:0065  HL:7FEE  AF:BF16  SP:7FF1  PC:010D   
010E  A8        XRA B       (3)  BC:5303  DE:0065  HL:7FEE  AF:BF16  SP:7FF1  PC:010E   
010F  23        INX H       (3)  BC:5303  DE:0065  HL:7FEE  AF:EC82  SP:7FF1  PC:010F   
0110  0D        DCR C       (3)  BC:5303  DE:0065  HL:7FEF  AF:EC82  SP:7FF1  PC:0110   
0111  C2 0D 01  JNZ 010D    (3)  BC:5302  DE:0065  HL:7FEF  AF:EC12  SP:7FF1  PC:0111   
010D  46        MOV B,M     (3)  BC:5302  DE:0065  HL:7FEF  AF:EC12  SP:7FF1  PC:010D   
010E  A8        XRA B       (3)  BC:5002  DE:0065  HL:7FEF  AF:EC12  SP:7FF1  PC:010E   
010F  23        INX H       (3)  BC:5002  DE:0065  HL:7FEF  AF:BC82  SP:7FF1  PC:010F   
0110  0D        DCR C       (3)  BC:5002  DE:0065  HL:7FF0  AF:BC82  SP:7FF1  PC:0110   
0111  C2 0D 01  JNZ 010D    (3)  BC:5001  DE:0065  HL:7FF0  AF:BC12  SP:7FF1  PC:0111   
010D  46        MOV B,M     (3)  BC:5001  DE:0065  HL:7FF0  AF:BC12  SP:7FF1  PC:010D   
010E  A8        XRA B       (3)  BC:0101  DE:0065  HL:7FF0  AF:BC12  SP:7FF1  PC:010E   
010F  23        INX H       (3)  BC:0101  DE:0065  HL:7FF0  AF:BD86  SP:7FF1  PC:010F   
0110  0D        DCR C       (3)  BC:0101  DE:0065  HL:7FF1  AF:BD86  SP:7FF1  PC:0110   
0111  C2 0D 01  JNZ 010D    (3)  BC:0100  DE:0065  HL:7FF1  AF:BD56  SP:7FF1  PC:0111   
0114  12        STAX D      (3)  BC:0100  DE:0065  HL:7FF1  AF:BD56  SP:7FF1  PC:0114   
0115  C1        POP B       (3)  BC:0100  DE:0065  HL:7FF1  AF:BD56  SP:7FF1  PC:0115   
0116  D1        POP D       (3)  BC:0002  DE:0065  HL:7FF1  AF:BD56  SP:7FF3  PC:0116   
0117  E1        POP H       (3)  BC:0002  DE:0000  HL:7FF1  AF:BD56  SP:7FF5  PC:0117   
0118  F1        POP PSW     (3)  BC:0002  DE:0000  HL:0000  AF:BD56  SP:7FF7  PC:0118   
0119  C9        RET         (3)  BC:0002  DE:0000  HL:0000  AF:5306  SP:7FF9  PC:0119   
00B8  CD 3E 01  CALL 013E   (2)  BC:0002  DE:0000  HL:0000  AF:5306  SP:7FFB  PC:00B8   
013E  C5        PUSH B      (3)  BC:0002  DE:0000  HL:0000  AF:5306  SP:7FF9  PC:013E   
013F  D5        PUSH D      (3)  BC:0002  DE:0000  HL:0000  AF:5306  SP:7FF7  PC:013F   
0140  E5        PUSH H      (3)  BC:0002  DE:0000  HL:0000  AF:5306  SP:7FF5  PC:0140   
0141  F5        PUSH PSW    (3)  BC:0002  DE:0000  HL:0000  AF:5306  SP:7FF3  PC:0141   
0142  F5        PUSH PSW    (3)  BC:0002  DE:0000  HL:0000  AF:5306  SP:7FF1  PC:0142   
0143  CD 55 01  CALL 0155   (3)  BC:0002  DE:0000  HL:0000  AF:5306  SP:7FEF  PC:0143   
0155  0F        RRC         (4)  BC:0002  DE:0000  HL:0000  AF:5306  SP:7FED  PC:0155   
0156  0F        RRC         (4)  BC:0002  DE:0000  HL:0000  AF:A907  SP:7FED  PC:0156   
0157  0F        RRC         (4)  BC:0002  DE:0000  HL:0000  AF:D407  SP:7FED  PC:0157   
0158  0F        RRC         (4)  BC:0002  DE:0000  HL:0000  AF:6A06  SP:7FED  PC:0158   
0159  E6 0F     ANI 0F      (4)  BC:0002  DE:0000  HL:0000  AF:3506  SP:7FED  PC:0159   
015B  FE 0A     CPI 0A      (4)  BC:0002  DE:0000  HL:0000  AF:0516  SP:7FED  PC:015B   
015D  FA 62 01  JM 0162     (4)  BC:0002  DE:0000  HL:0000  AF:0583  SP:7FED  PC:015D   
0162  C6 30     ADI 30      (4)  BC:0002  DE:0000  HL:0000  AF:0583  SP:7FED  PC:0162   
0164  C9        RET         (4)  BC:0002  DE:0000  HL:0000  AF:3506  SP:7FED  PC:0164   
0146  CD 31 01  CALL 0131   (3)  BC:0002  DE:0000  HL:0000  AF:3506  SP:7FEF  PC:0146   
0131  C5        PUSH B      (4)  BC:0002  DE:0000  HL:0000  AF:3506  SP:7FED  PC:0131   
0132  D5        PUSH D      (4)  BC:0002  DE:0000  HL:0000  AF:3506  SP:7FEB  PC:0132   
0133  E5        PUSH H      (4)  BC:0002  DE:0000  HL:0000  AF:3506  SP:7FE9  PC:0133   
0134  F5        PUSH PSW    (4)  BC:0002  DE:0000  HL:0000  AF:3506  SP:7FE7  PC:0134   
0135  4F        MOV C,A     (4)  BC:0002  DE:0000  HL:0000  AF:3506  SP:7FE5  PC:0135   
0136  CD 37 C0  CALL C037   (4)  BC:0035  DE:0000  HL:0000  AF:3506  SP:7FE5  PC:0136   
0139  F1        POP PSW     (4)  BC:0035  DE:0000  HL:0000  AF:3506  SP:7FE5  PC:0139   
013A  E1        POP H       (4)  BC:0035  DE:0000  HL:0000  AF:3506  SP:7FE7  PC:013A   
013B  D1        POP D       (4)  BC:0035  DE:0000  HL:0000  AF:3506  SP:7FE9  PC:013B   
013C  C1        POP B       (4)  BC:0035  DE:0000  HL:0000  AF:3506  SP:7FEB  PC:013C   
013D  C9        RET         (4)  BC:0002  DE:0000  HL:0000  AF:3506  SP:7FED  PC:013D   
0149  F1        POP PSW     (3)  BC:0002  DE:0000  HL:0000  AF:3506  SP:7FEF  PC:0149   
014A  CD 59 01  CALL 0159   (3)  BC:0002  DE:0000  HL:0000  AF:5306  SP:7FF1  PC:014A   
0159  E6 0F     ANI 0F      (4)  BC:0002  DE:0000  HL:0000  AF:5306  SP:7FEF  PC:0159   
015B  FE 0A     CPI 0A      (4)  BC:0002  DE:0000  HL:0000  AF:0316  SP:7FEF  PC:015B   
015D  FA 62 01  JM 0162     (4)  BC:0002  DE:0000  HL:0000  AF:0387  SP:7FEF  PC:015D   
0162  C6 30     ADI 30      (4)  BC:0002  DE:0000  HL:0000  AF:0387  SP:7FEF  PC:0162   
0164  C9        RET         (4)  BC:0002  DE:0000  HL:0000  AF:3306  SP:7FEF  PC:0164   
014D  CD 31 01  CALL 0131   (3)  BC:0002  DE:0000  HL:0000  AF:3306  SP:7FF1  PC:014D   
0131  C5        PUSH B      (4)  BC:0002  DE:0000  HL:0000  AF:3306  SP:7FEF  PC:0131   
0132  D5        PUSH D      (4)  BC:0002  DE:0000  HL:0000  AF:3306  SP:7FED  PC:0132   
0133  E5        PUSH H      (4)  BC:0002  DE:0000  HL:0000  AF:3306  SP:7FEB  PC:0133   
0134  F5        PUSH PSW    (4)  BC:0002  DE:0000  HL:0000  AF:3306  SP:7FE9  PC:0134   
0135  4F        MOV C,A     (4)  BC:0002  DE:0000  HL:0000  AF:3306  SP:7FE7  PC:0135   
0136  CD 37 C0  CALL C037   (4)  BC:0033  DE:0000  HL:0000  AF:3306  SP:7FE7  PC:0136   
0139  F1        POP PSW     (4)  BC:0033  DE:0000  HL:0000  AF:3306  SP:7FE7  PC:0139   
013A  E1        POP H       (4)  BC:0033  DE:0000  HL:0000  AF:3306  SP:7FE9  PC:013A   
013B  D1        POP D       (4)  BC:0033  DE:0000  HL:0000  AF:3306  SP:7FEB  PC:013B   
013C  C1        POP B       (4)  BC:0033  DE:0000  HL:0000  AF:3306  SP:7FED  PC:013C   
013D  C9        RET         (4)  BC:0002  DE:0000  HL:0000  AF:3306  SP:7FEF  PC:013D   
0150  F1        POP PSW     (3)  BC:0002  DE:0000  HL:0000  AF:3306  SP:7FF1  PC:0150   
0151  E1        POP H       (3)  BC:0002  DE:0000  HL:0000  AF:5306  SP:7FF3  PC:0151   
0152  D1        POP D       (3)  BC:0002  DE:0000  HL:0000  AF:5306  SP:7FF5  PC:0152   
0153  C1        POP B       (3)  BC:0002  DE:0000  HL:0000  AF:5306  SP:7FF7  PC:0153   
0154  C9        RET         (3)  BC:0002  DE:0000  HL:0000  AF:5306  SP:7FF9  PC:0154   
00BB  E6 BA     ANI BA      (2)  BC:0002  DE:0000  HL:0000  AF:5306  SP:7FFB  PC:00BB   
00BD  CD F8 00  CALL 00F8   (2)  BC:0002  DE:0000  HL:0000  AF:1216  SP:7FFB  PC:00BD   
00F8  C5        PUSH B      (3)  BC:0002  DE:0000  HL:0000  AF:1216  SP:7FF9  PC:00F8   
00F9  D5        PUSH D      (3)  BC:0002  DE:0000  HL:0000  AF:1216  SP:7FF7  PC:00F9   
00FA  E5        PUSH H      (3)  BC:0002  DE:0000  HL:0000  AF:1216  SP:7FF5  PC:00FA   
00FB  F5        PUSH PSW    (3)  BC:0002  DE:0000  HL:0000  AF:1216  SP:7FF3  PC:00FB   
00FC  21 00 00  LXI H,0000  (3)  BC:0002  DE:0000  HL:0000  AF:1216  SP:7FF1  PC:00FC   
00FF  39        DAD SP      (3)  BC:0002  DE:0000  HL:0000  AF:1216  SP:7FF1  PC:00FF   
0100  0E 08     MVI C,08    (3)  BC:0002  DE:0000  HL:7FF1  AF:1216  SP:7FF1  PC:0100   
0102  2B        DCX H       (3)  BC:0008  DE:0000  HL:7FF1  AF:1216  SP:7FF1  PC:0102   
0103  0D        DCR C       (3)  BC:0008  DE:0000  HL:7FF0  AF:1216  SP:7FF1  PC:0103   
0104  C2 02 01  JNZ 0102    (3)  BC:0007  DE:0000  HL:7FF0  AF:1212  SP:7FF1  PC:0104   
0102  2B        DCX H       (3)  BC:0007  DE:0000  HL:7FF0  AF:1212  SP:7FF1  PC:0102   
0103  0D        DCR C       (3)  BC:0007  DE:0000  HL:7FEF  AF:1212  SP:7FF1  PC:0103   
0104  C2 02 01  JNZ 0102    (3)  BC:0006  DE:0000  HL:7FEF  AF:1216  SP:7FF1  PC:0104   
0102  2B        DCX H       (3)  BC:0006  DE:0000  HL:7FEF  AF:1216  SP:7FF1  PC:0102   
0103  0D        DCR C       (3)  BC:0006  DE:0000  HL:7FEE  AF:1216  SP:7FF1  PC:0103   
0104  C2 02 01  JNZ 0102    (3)  BC:0005  DE:0000  HL:7FEE  AF:1216  SP:7FF1  PC:0104   
0102  2B        DCX H       (3)  BC:0005  DE:0000  HL:7FEE  AF:1216  SP:7FF1  PC:0102   
0103  0D        DCR C       (3)  BC:0005  DE:0000  HL:7FED  AF:1216  SP:7FF1  PC:0103   
0104  C2 02 01  JNZ 0102    (3)  BC:0004  DE:0000  HL:7FED  AF:1212  SP:7FF1  PC:0104   
0102  2B        DCX H       (3)  BC:0004  DE:0000  HL:7FED  AF:1212  SP:7FF1  PC:0102   
0103  0D        DCR C       (3)  BC:0004  DE:0000  HL:7FEC  AF:1212  SP:7FF1  PC:0103   
0104  C2 02 01  JNZ 0102    (3)  BC:0003  DE:0000  HL:7FEC  AF:1216  SP:7FF1  PC:0104   
0102  2B        DCX H       (3)  BC:0003  DE:0000  HL:7FEC  AF:1216  SP:7FF1  PC:0102   
0103  0D        DCR C       (3)  BC:0003  DE:0000  HL:7FEB  AF:1216  SP:7FF1  PC:0103   
0104  C2 02 01  JNZ 0102    (3)  BC:0002  DE:0000  HL:7FEB  AF:1212  SP:7FF1  PC:0104   
0102  2B        DCX H       (3)  BC:0002  DE:0000  HL:7FEB  AF:1212  SP:7FF1  PC:0102   
0103  0D        DCR C       (3)  BC:0002  DE:0000  HL:7FEA  AF:1212  SP:7FF1  PC:0103   
0104  C2 02 01  JNZ 0102    (3)  BC:0001  DE:0000  HL:7FEA  AF:1212  SP:7FF1  PC:0104   
0102  2B        DCX H       (3)  BC:0001  DE:0000  HL:7FEA  AF:1212  SP:7FF1  PC:0102   
0103  0D        DCR C       (3)  BC:0001  DE:0000  HL:7FE9  AF:1212  SP:7FF1  PC:0103   
0104  C2 02 01  JNZ 0102    (3)  BC:0000  DE:0000  HL:7FE9  AF:1256  SP:7FF1  PC:0104   
0107  11 65 00  LXI D,0065  (3)  BC:0000  DE:0000  HL:7FE9  AF:1256  SP:7FF1  PC:0107   
010A  1A        LDAX D      (3)  BC:0000  DE:0065  HL:7FE9  AF:1256  SP:7FF1  PC:010A   
010B  0E 08     MVI C,08    (3)  BC:0000  DE:0065  HL:7FE9  AF:BD56  SP:7FF1  PC:010B   
010D  46        MOV B,M     (3)  BC:0008  DE:0065  HL:7FE9  AF:BD56  SP:7FF1  PC:010D   
010E  A8        XRA B       (3)  BC:0008  DE:0065  HL:7FE9  AF:BD56  SP:7FF1  PC:010E   
010F  23        INX H       (3)  BC:0008  DE:0065  HL:7FE9  AF:BD86  SP:7FF1  PC:010F   
0110  0D        DCR C       (3)  BC:0008  DE:0065  HL:7FEA  AF:BD86  SP:7FF1  PC:0110   
0111  C2 0D 01  JNZ 010D    (3)  BC:0007  DE:0065  HL:7FEA  AF:BD12  SP:7FF1  PC:0111   
010D  46        MOV B,M     (3)  BC:0007  DE:0065  HL:7FEA  AF:BD12  SP:7FF1  PC:010D   
010E  A8        XRA B       (3)  BC:0007  DE:0065  HL:7FEA  AF:BD12  SP:7FF1  PC:010E   
010F  23        INX H       (3)  BC:0007  DE:0065  HL:7FEA  AF:BD86  SP:7FF1  PC:010F   
0110  0D        DCR C       (3)  BC:0007  DE:0065  HL:7FEB  AF:BD86  SP:7FF1  PC:0110   
0111  C2 0D 01  JNZ 010D    (3)  BC:0006  DE:0065  HL:7FEB  AF:BD16  SP:7FF1  PC:0111   
010D  46        MOV B,M     (3)  BC:0006  DE:0065  HL:7FEB  AF:BD16  SP:7FF1  PC:010D   
010E  A8        XRA B       (3)  BC:0006  DE:0065  HL:7FEB  AF:BD16  SP:7FF1  PC:010E   
010F  23        INX H       (3)  BC:0006  DE:0065  HL:7FEB  AF:BD86  SP:7FF1  PC:010F   
0110  0D        DCR C       (3)  BC:0006  DE:0065  HL:7FEC  AF:BD86  SP:7FF1  PC:0110   
0111  C2 0D 01  JNZ 010D    (3)  BC:0005  DE:0065  HL:7FEC  AF:BD16  SP:7FF1  PC:0111   
010D  46        MOV B,M     (3)  BC:0005  DE:0065  HL:7FEC  AF:BD16  SP:7FF1  PC:010D   
010E  A8        XRA B       (3)  BC:0005  DE:0065  HL:7FEC  AF:BD16  SP:7FF1  PC:010E   
010F  23        INX H       (3)  BC:0005  DE:0065  HL:7FEC  AF:BD86  SP:7FF1  PC:010F   
0110  0D        DCR C       (3)  BC:0005  DE:0065  HL:7FED  AF:BD86  SP:7FF1  PC:0110   
0111  C2 0D 01  JNZ 010D    (3)  BC:0004  DE:0065  HL:7FED  AF:BD12  SP:7FF1  PC:0111   
010D  46        MOV B,M     (3)  BC:0004  DE:0065  HL:7FED  AF:BD12  SP:7FF1  PC:010D   
010E  A8        XRA B       (3)  BC:0204  DE:0065  HL:7FED  AF:BD12  SP:7FF1  PC:010E   
010F  23        INX H       (3)  BC:0204  DE:0065  HL:7FED  AF:BF82  SP:7FF1  PC:010F   
0110  0D        DCR C       (3)  BC:0204  DE:0065  HL:7FEE  AF:BF82  SP:7FF1  PC:0110   
0111  C2 0D 01  JNZ 010D    (3)  BC:0203  DE:0065  HL:7FEE  AF:BF16  SP:7FF1  PC:0111   
010D  46        MOV B,M     (3)  BC:0203  DE:0065  HL:7FEE  AF:BF16  SP:7FF1  PC:010D   
010E  A8        XRA B       (3)  BC:0003  DE:0065  HL:7FEE  AF:BF16  SP:7FF1  PC:010E   
010F  23        INX H       (3)  BC:0003  DE:0065  HL:7FEE  AF:BF82  SP:7FF1  PC:010F   
0110  0D        DCR C       (3)  BC:0003  DE:0065  HL:7FEF  AF:BF82  SP:7FF1  PC:0110   
0111  C2 0D 01  JNZ 010D    (3)  BC:0002  DE:0065  HL:7FEF  AF:BF12  SP:7FF1  PC:0111   
010D  46        MOV B,M     (3)  BC:0002  DE:0065  HL:7FEF  AF:BF12  SP:7FF1  PC:010D   
010E  A8        XRA B       (3)  BC:5002  DE:0065  HL:7FEF  AF:BF12  SP:7FF1  PC:010E   
010F  23        INX H       (3)  BC:5002  DE:0065  HL:7FEF  AF:EF82  SP:7FF1  PC:010F   
0110  0D        DCR C       (3)  BC:5002  DE:0065  HL:7FF0  AF:EF82  SP:7FF1  PC:0110   
0111  C2 0D 01  JNZ 010D    (3)  BC:5001  DE:0065  HL:7FF0  AF:EF12  SP:7FF1  PC:0111   
010D  46        MOV B,M     (3)  BC:5001  DE:0065  HL:7FF0  AF:EF12  SP:7FF1  PC:010D   
010E  A8        XRA B       (3)  BC:0101  DE:0065  HL:7FF0  AF:EF12  SP:7FF1  PC:010E   
010F  23        INX H       (3)  BC:0101  DE:0065  HL:7FF0  AF:EE86  SP:7FF1  PC:010F   
0110  0D        DCR C       (3)  BC:0101  DE:0065  HL:7FF1  AF:EE86  SP:7FF1  PC:0110   
0111  C2 0D 01  JNZ 010D    (3)  BC:0100  DE:0065  HL:7FF1  AF:EE56  SP:7FF1  PC:0111   
0114  12        STAX D      (3)  BC:0100  DE:0065  HL:7FF1  AF:EE56  SP:7FF1  PC:0114   
0115  C1        POP B       (3)  BC:0100  DE:0065  HL:7FF1  AF:EE56  SP:7FF1  PC:0115   
0116  D1        POP D       (3)  BC:1216  DE:0065  HL:7FF1  AF:EE56  SP:7FF3  PC:0116   
0117  E1        POP H       (3)  BC:1216  DE:0000  HL:7FF1  AF:EE56  SP:7FF5  PC:0117   
0118  F1        POP PSW     (3)  BC:1216  DE:0000  HL:0000  AF:EE56  SP:7FF7  PC:0118   
0119  C9        RET         (3)  BC:1216  DE:0000  HL:0000  AF:0002  SP:7FF9  PC:0119   
00C0  CD 3E 01  CALL 013E   (2)  BC:1216  DE:0000  HL:0000  AF:0002  SP:7FFB  PC:00C0   
013E  C5        PUSH B      (3)  BC:1216  DE:0000  HL:0000  AF:0002  SP:7FF9  PC:013E   
013F  D5        PUSH D      (3)  BC:1216  DE:0000  HL:0000  AF:0002  SP:7FF7  PC:013F   
0140  E5        PUSH H      (3)  BC:1216  DE:0000  HL:0000  AF:0002  SP:7FF5  PC:0140   
0141  F5        PUSH PSW    (3)  BC:1216  DE:0000  HL:0000  AF:0002  SP:7FF3  PC:0141   
0142  F5        PUSH PSW    (3)  BC:1216  DE:0000  HL:0000  AF:0002  SP:7FF1  PC:0142   
0143  CD 55 01  CALL 0155   (3)  BC:1216  DE:0000  HL:0000  AF:0002  SP:7FEF  PC:0143   
0155  0F        RRC         (4)  BC:1216  DE:0000  HL:0000  AF:0002  SP:7FED  PC:0155   
0156  0F        RRC         (4)  BC:1216  DE:0000  HL:0000  AF:0002  SP:7FED  PC:0156   
0157  0F        RRC         (4)  BC:1216  DE:0000  HL:0000  AF:0002  SP:7FED  PC:0157   
0158  0F        RRC         (4)  BC:1216  DE:0000  HL:0000  AF:0002  SP:7FED  PC:0158   
0159  E6 0F     ANI 0F      (4)  BC:1216  DE:0000  HL:0000  AF:0002  SP:7FED  PC:0159   
015B  FE 0A     CPI 0A      (4)  BC:1216  DE:0000  HL:0000  AF:0056  SP:7FED  PC:015B   
015D  FA 62 01  JM 0162     (4)  BC:1216  DE:0000  HL:0000  AF:0087  SP:7FED  PC:015D   
0162  C6 30     ADI 30      (4)  BC:1216  DE:0000  HL:0000  AF:0087  SP:7FED  PC:0162   
0164  C9        RET         (4)  BC:1216  DE:0000  HL:0000  AF:3006  SP:7FED  PC:0164   
0146  CD 31 01  CALL 0131   (3)  BC:1216  DE:0000  HL:0000  AF:3006  SP:7FEF  PC:0146   
0131  C5        PUSH B      (4)  BC:1216  DE:0000  HL:0000  AF:3006  SP:7FED  PC:0131   
0132  D5        PUSH D      (4)  BC:1216  DE:0000  HL:0000  AF:3006  SP:7FEB  PC:0132   
0133  E5        PUSH H      (4)  BC:1216  DE:0000  HL:0000  AF:3006  SP:7FE9  PC:0133   
0134  F5        PUSH PSW    (4)  BC:1216  DE:0000  HL:0000  AF:3006  SP:7FE7  PC:0134   
0135  4F        MOV C,A     (4)  BC:1216  DE:0000  HL:0000  AF:3006  SP:7FE5  PC:0135   
0136  CD 37 C0  CALL C037   (4)  BC:1230  DE:0000  HL:0000  AF:3006  SP:7FE5  PC:0136   
0139  F1        POP PSW     (4)  BC:1230  DE:0000  HL:0000  AF:3006  SP:7FE5  PC:0139   
013A  E1        POP H       (4)  BC:1230  DE:0000  HL:0000  AF:3006  SP:7FE7  PC:013A   
013B  D1        POP D       (4)  BC:1230  DE:0000  HL:0000  AF:3006  SP:7FE9  PC:013B   
013C  C1        POP B       (4)  BC:1230  DE:0000  HL:0000  AF:3006  SP:7FEB  PC:013C   
013D  C9        RET         (4)  BC:1216  DE:0000  HL:0000  AF:3006  SP:7FED  PC:013D   
0149  F1        POP PSW     (3)  BC:1216  DE:0000  HL:0000  AF:3006  SP:7FEF  PC:0149   
014A  CD 59 01  CALL 0159   (3)  BC:1216  DE:0000  HL:0000  AF:0002  SP:7FF1  PC:014A   
0159  E6 0F     ANI 0F      (4)  BC:1216  DE:0000  HL:0000  AF:0002  SP:7FEF  PC:0159   
015B  FE 0A     CPI 0A      (4)  BC:1216  DE:0000  HL:0000  AF:0056  SP:7FEF  PC:015B   
015D  FA 62 01  JM 0162     (4)  BC:1216  DE:0000  HL:0000  AF:0087  SP:7FEF  PC:015D   
0162  C6 30     ADI 30      (4)  BC:1216  DE:0000  HL:0000  AF:0087  SP:7FEF  PC:0162   
0164  C9        RET         (4)  BC:1216  DE:0000  HL:0000  AF:3006  SP:7FEF  PC:0164   
014D  CD 31 01  CALL 0131   (3)  BC:1216  DE:0000  HL:0000  AF:3006  SP:7FF1  PC:014D   
0131  C5        PUSH B      (4)  BC:1216  DE:0000  HL:0000  AF:3006  SP:7FEF  PC:0131   
0132  D5        PUSH D      (4)  BC:1216  DE:0000  HL:0000  AF:3006  SP:7FED  PC:0132   
0133  E5        PUSH H      (4)  BC:1216  DE:0000  HL:0000  AF:3006  SP:7FEB  PC:0133   
0134  F5        PUSH PSW    (4)  BC:1216  DE:0000  HL:0000  AF:3006  SP:7FE9  PC:0134   
0135  4F        MOV C,A     (4)  BC:1216  DE:0000  HL:0000  AF:3006  SP:7FE7  PC:0135   
0136  CD 37 C0  CALL C037   (4)  BC:1230  DE:0000  HL:0000  AF:3006  SP:7FE7  PC:0136   
0139  F1        POP PSW     (4)  BC:1230  DE:0000  HL:0000  AF:3006  SP:7FE7  PC:0139   
013A  E1        POP H       (4)  BC:1230  DE:0000  HL:0000  AF:3006  SP:7FE9  PC:013A   
013B  D1        POP D       (4)  BC:1230  DE:0000  HL:0000  AF:3006  SP:7FEB  PC:013B   
013C  C1        POP B       (4)  BC:1230  DE:0000  HL:0000  AF:3006  SP:7FED  PC:013C   
013D  C9        RET         (4)  BC:1216  DE:0000  HL:0000  AF:3006  SP:7FEF  PC:013D   
0150  F1        POP PSW     (3)  BC:1216  DE:0000  HL:0000  AF:3006  SP:7FF1  PC:0150   
0151  E1        POP H       (3)  BC:1216  DE:0000  HL:0000  AF:0002  SP:7FF3  PC:0151   
0152  D1        POP D       (3)  BC:1216  DE:0000  HL:0000  AF:0002  SP:7FF5  PC:0152   
0153  C1        POP B       (3)  BC:1216  DE:0000  HL:0000  AF:0002  SP:7FF7  PC:0153   
0154  C9        RET         (3)  BC:1216  DE:0000  HL:0000  AF:0002  SP:7FF9  PC:0154   
00C3  07        RLC         (2)  BC:1216  DE:0000  HL:0000  AF:0002  SP:7FFB  PC:00C3   
00C4  CD F8 00  CALL 00F8   (2)  BC:1216  DE:0000  HL:0000  AF:0002  SP:7FFB  PC:00C4   
00F8  C5        PUSH B      (3)  BC:1216  DE:0000  HL:0000  AF:0002  SP:7FF9  PC:00F8   
00F9  D5        PUSH D      (3)  BC:1216  DE:0000  HL:0000  AF:0002  SP:7FF7  PC:00F9   
00FA  E5        PUSH H      (3)  BC:1216  DE:0000  HL:0000  AF:0002  SP:7FF5  PC:00FA   
00FB  F5        PUSH PSW    (3)  BC:1216  DE:0000  HL:0000  AF:0002  SP:7FF3  PC:00FB   
00FC  21 00 00  LXI H,0000  (3)  BC:1216  DE:0000  HL:0000  AF:0002  SP:7FF1  PC:00FC   
00FF  39        DAD SP      (3)  BC:1216  DE:0000  HL:0000  AF:0002  SP:7FF1  PC:00FF   
0100  0E 08     MVI C,08    (3)  BC:1216  DE:0000  HL:7FF1  AF:0002  SP:7FF1  PC:0100   
0102  2B        DCX H       (3)  BC:1208  DE:0000  HL:7FF1  AF:0002  SP:7FF1  PC:0102   
0103  0D        DCR C       (3)  BC:1208  DE:0000  HL:7FF0  AF:0002  SP:7FF1  PC:0103   
0104  C2 02 01  JNZ 0102    (3)  BC:1207  DE:0000  HL:7FF0  AF:0012  SP:7FF1  PC:0104   
0102  2B        DCX H       (3)  BC:1207  DE:0000  HL:7FF0  AF:0012  SP:7FF1  PC:0102   
0103  0D        DCR C       (3)  BC:1207  DE:0000  HL:7FEF  AF:0012  SP:7FF1  PC:0103   
0104  C2 02 01  JNZ 0102    (3)  BC:1206  DE:0000  HL:7FEF  AF:0016  SP:7FF1  PC:0104   
0102  2B        DCX H       (3)  BC:1206  DE:0000  HL:7FEF  AF:0016  SP:7FF1  PC:0102   
0103  0D        DCR C       (3)  BC:1206  DE:0000  HL:7FEE  AF:0016  SP:7FF1  PC:0103   
0104  C2 02 01  JNZ 0102    (3)  BC:1205  DE:0000  HL:7FEE  AF:0016  SP:7FF1  PC:0104   
0102  2B        DCX H       (3)  BC:1205  DE:0000  HL:7FEE  AF:0016  SP:7FF1  PC:0102   
0103  0D        DCR C       (3)  BC:1205  DE:0000  HL:7FED  AF:0016  SP:7FF1  PC:0103   
0104  C2 02 01  JNZ 0102    (3)  BC:1204  DE:0000  HL:7FED  AF:0012  SP:7FF1  PC:0104   
0102  2B        DCX H       (3)  BC:1204  DE:0000  HL:7FED  AF:0012  SP:7FF1  PC:0102   
0103  0D        DCR C       (3)  BC:1204  DE:0000  HL:7FEC  AF:0012  SP:7FF1  PC:0103   
0104  C2 02 01  JNZ 0102    (3)  BC:1203  DE:0000  HL:7FEC  AF:0016  SP:7FF1  PC:0104   
0102  2B        DCX H       (3)  BC:1203  DE:0000  HL:7FEC  AF:0016  SP:7FF1  PC:0102   
0103  0D        DCR C       (3)  BC:1203  DE:0000  HL:7FEB  AF:0016  SP:7FF1  PC:0103   
0104  C2 02 01  JNZ 0102    (3)  BC:1202  DE:0000  HL:7FEB  AF:0012  SP:7FF1  PC:0104   
0102  2B        DCX H       (3)  BC:1202  DE:0000  HL:7FEB  AF:0012  SP:7FF1  PC:0102   
0103  0D        DCR C       (3)  BC:1202  DE:0000  HL:7FEA  AF:0012  SP:7FF1  PC:0103   
0104  C2 02 01  JNZ 0102    (3)  BC:1201  DE:0000  HL:7FEA  AF:0012  SP:7FF1  PC:0104   
0102  2B        DCX H       (3)  BC:1201  DE:0000  HL:7FEA  AF:0012  SP:7FF1  PC:0102   
0103  0D        DCR C       (3)  BC:1201  DE:0000  HL:7FE9  AF:0012  SP:7FF1  PC:0103   
0104  C2 02 01  JNZ 0102    (3)  BC:1200  DE:0000  HL:7FE9  AF:0056  SP:7FF1  PC:0104   
0107  11 65 00  LXI D,0065  (3)  BC:1200  DE:0000  HL:7FE9  AF:0056  SP:7FF1  PC:0107   
010A  1A        LDAX D      (3)  BC:1200  DE:0065  HL:7FE9  AF:0056  SP:7FF1  PC:010A   
010B  0E 08     MVI C,08    (3)  BC:1200  DE:0065  HL:7FE9  AF:EE56  SP:7FF1  PC:010B   
010D  46        MOV B,M     (3)  BC:1208  DE:0065  HL:7FE9  AF:EE56  SP:7FF1  PC:010D   
010E  A8        XRA B       (3)  BC:0008  DE:0065  HL:7FE9  AF:EE56  SP:7FF1  PC:010E   
010F  23        INX H       (3)  BC:0008  DE:0065  HL:7FE9  AF:EE86  SP:7FF1  PC:010F   
0110  0D        DCR C       (3)  BC:0008  DE:0065  HL:7FEA  AF:EE86  SP:7FF1  PC:0110   
0111  C2 0D 01  JNZ 010D    (3)  BC:0007  DE:0065  HL:7FEA  AF:EE12  SP:7FF1  PC:0111   
010D  46        MOV B,M     (3)  BC:0007  DE:0065  HL:7FEA  AF:EE12  SP:7FF1  PC:010D   
010E  A8        XRA B       (3)  BC:0007  DE:0065  HL:7FEA  AF:EE12  SP:7FF1  PC:010E   
010F  23        INX H       (3)  BC:0007  DE:0065  HL:7FEA  AF:EE86  SP:7FF1  PC:010F   
0110  0D        DCR C       (3)  BC:0007  DE:0065  HL:7FEB  AF:EE86  SP:7FF1  PC:0110   
0111  C2 0D 01  JNZ 010D    (3)  BC:0006  DE:0065  HL:7FEB  AF:EE16  SP:7FF1  PC:0111   
010D  46        MOV B,M     (3)  BC:0006  DE:0065  HL:7FEB  AF:EE16  SP:7FF1  PC:010D   
010E  A8        XRA B       (3)  BC:0006  DE:0065  HL:7FEB  AF:EE16  SP:7FF1  PC:010E   
010F  23        INX H       (3)  BC:0006  DE:0065  HL:7FEB  AF:EE86  SP:7FF1  PC:010F   
0110  0D        DCR C       (3)  BC:0006  DE:0065  HL:7FEC  AF:EE86  SP:7FF1  PC:0110   
0111  C2 0D 01  JNZ 010D    (3)  BC:0005  DE:0065  HL:7FEC  AF:EE16  SP:7FF1  PC:0111   
010D  46        MOV B,M     (3)  BC:0005  DE:0065  HL:7FEC  AF:EE16  SP:7FF1  PC:010D   
010E  A8        XRA B       (3)  BC:0005  DE:0065  HL:7FEC  AF:EE16  SP:7FF1  PC:010E   
010F  23        INX H       (3)  BC:0005  DE:0065  HL:7FEC  AF:EE86  SP:7FF1  PC:010F   
0110  0D        DCR C       (3)  BC:0005  DE:0065  HL:7FED  AF:EE86  SP:7FF1  PC:0110   
0111  C2 0D 01  JNZ 010D    (3)  BC:0004  DE:0065  HL:7FED  AF:EE12  SP:7FF1  PC:0111   
010D  46        MOV B,M     (3)  BC:0004  DE:0065  HL:7FED  AF:EE12  SP:7FF1  PC:010D   
010E  A8        XRA B       (3)  BC:1604  DE:0065  HL:7FED  AF:EE12  SP:7FF1  PC:010E   
010F  23        INX H       (3)  BC:1604  DE:0065  HL:7FED  AF:F882  SP:7FF1  PC:010F   
0110  0D        DCR C       (3)  BC:1604  DE:0065  HL:7FEE  AF:F882  SP:7FF1  PC:0110   
0111  C2 0D 01  JNZ 010D    (3)  BC:1603  DE:0065  HL:7FEE  AF:F816  SP:7FF1  PC:0111   
010D  46        MOV B,M     (3)  BC:1603  DE:0065  HL:7FEE  AF:F816  SP:7FF1  PC:010D   
010E  A8        XRA B       (3)  BC:1203  DE:0065  HL:7FEE  AF:F816  SP:7FF1  PC:010E   
010F  23        INX H       (3)  BC:1203  DE:0065  HL:7FEE  AF:EA82  SP:7FF1  PC:010F   
0110  0D        DCR C       (3)  BC:1203  DE:0065  HL:7FEF  AF:EA82  SP:7FF1  PC:0110   
0111  C2 0D 01  JNZ 010D    (3)  BC:1202  DE:0065  HL:7FEF  AF:EA12  SP:7FF1  PC:0111   
010D  46        MOV B,M     (3)  BC:1202  DE:0065  HL:7FEF  AF:EA12  SP:7FF1  PC:010D   
010E  A8        XRA B       (3)  BC:5002  DE:0065  HL:7FEF  AF:EA12  SP:7FF1  PC:010E   
010F  23        INX H       (3)  BC:5002  DE:0065  HL:7FEF  AF:BA82  SP:7FF1  PC:010F   
0110  0D        DCR C       (3)  BC:5002  DE:0065  HL:7FF0  AF:BA82  SP:7FF1  PC:0110   
0111  C2 0D 01  JNZ 010D    (3)  BC:5001  DE:0065  HL:7FF0  AF:BA12  SP:7FF1  PC:0111   
010D  46        MOV B,M     (3)  BC:5001  DE:0065  HL:7FF0  AF:BA12  SP:7FF1  PC:010D   
010E  A8        XRA B       (3)  BC:0101  DE:0065  HL:7FF0  AF:BA12  SP:7FF1  PC:010E   
010F  23        INX H       (3)  BC:0101  DE:0065  HL:7FF0  AF:BB86  SP:7FF1  PC:010F   
0110  0D        DCR C       (3)  BC:0101  DE:0065  HL:7FF1  AF:BB86  SP:7FF1  PC:0110   
0111  C2 0D 01  JNZ 010D    (3)  BC:0100  DE:0065  HL:7FF1  AF:BB56  SP:7FF1  PC:0111   
0114  12        STAX D      (3)  BC:0100  DE:0065  HL:7FF1  AF:BB56  SP:7FF1  PC:0114   
0115  C1        POP B       (3)  BC:0100  DE:0065  HL:7FF1  AF:BB56  SP:7FF1  PC:0115   
0116  D1        POP D       (3)  BC:0002  DE:0065  HL:7FF1  AF:BB56  SP:7FF3  PC:0116   
0117  E1        POP H       (3)  BC:0002  DE:0000  HL:7FF1  AF:BB56  SP:7FF5  PC:0117   
0118  F1        POP PSW     (3)  BC:0002  DE:0000  HL:0000  AF:BB56  SP:7FF7  PC:0118   
0119  C9        RET         (3)  BC:0002  DE:0000  HL:0000  AF:1216  SP:7FF9  PC:0119   
00C7  CD 3E 01  CALL 013E   (2)  BC:0002  DE:0000  HL:0000  AF:1216  SP:7FFB  PC:00C7   
013E  C5        PUSH B      (3)  BC:0002  DE:0000  HL:0000  AF:1216  SP:7FF9  PC:013E   
013F  D5        PUSH D      (3)  BC:0002  DE:0000  HL:0000  AF:1216  SP:7FF7  PC:013F   
0140  E5        PUSH H      (3)  BC:0002  DE:0000  HL:0000  AF:1216  SP:7FF5  PC:0140   
0141  F5        PUSH PSW    (3)  BC:0002  DE:0000  HL:0000  AF:1216  SP:7FF3  PC:0141   
0142  F5        PUSH PSW    (3)  BC:0002  DE:0000  HL:0000  AF:1216  SP:7FF1  PC:0142   
0143  CD 55 01  CALL 0155   (3)  BC:0002  DE:0000  HL:0000  AF:1216  SP:7FEF  PC:0143   
0155  0F        RRC         (4)  BC:0002  DE:0000  HL:0000  AF:1216  SP:7FED  PC:0155   
0156  0F        RRC         (4)  BC:0002  DE:0000  HL:0000  AF:0916  SP:7FED  PC:0156   
0157  0F        RRC         (4)  BC:0002  DE:0000  HL:0000  AF:8417  SP:7FED  PC:0157   
0158  0F        RRC         (4)  BC:0002  DE:0000  HL:0000  AF:4216  SP:7FED  PC:0158   
0159  E6 0F     ANI 0F      (4)  BC:0002  DE:0000  HL:0000  AF:2116  SP:7FED  PC:0159   
015B  FE 0A     CPI 0A      (4)  BC:0002  DE:0000  HL:0000  AF:0112  SP:7FED  PC:015B   
015D  FA 62 01  JM 0162     (4)  BC:0002  DE:0000  HL:0000  AF:0183  SP:7FED  PC:015D   
0162  C6 30     ADI 30      (4)  BC:0002  DE:0000  HL:0000  AF:0183  SP:7FED  PC:0162   
0164  C9        RET         (4)  BC:0002  DE:0000  HL:0000  AF:3102  SP:7FED  PC:0164   
0146  CD 31 01  CALL 0131   (3)  BC:0002  DE:0000  HL:0000  AF:3102  SP:7FEF  PC:0146   
0131  C5        PUSH B      (4)  BC:0002  DE:0000  HL:0000  AF:3102  SP:7FED  PC:0131   
0132  D5        PUSH D      (4)  BC:0002  DE:0000  HL:0000  AF:3102  SP:7FEB  PC:0132   
0133  E5        PUSH H      (4)  BC:0002  DE:0000  HL:0000  AF:3102  SP:7FE9  PC:0133   
0134  F5        PUSH PSW    (4)  BC:0002  DE:0000  HL:0000  AF:3102  SP:7FE7  PC:0134   
0135  4F        MOV C,A     (4)  BC:0002  DE:0000  HL:0000  AF:3102  SP:7FE5  PC:0135   
0136  CD 37 C0  CALL C037   (4)  BC:0031  DE:0000  HL:0000  AF:3102  SP:7FE5  PC:0136   
0139  F1        POP PSW     (4)  BC:0031  DE:0000  HL:0000  AF:3102  SP:7FE5  PC:0139   
013A  E1        POP H       (4)  BC:0031  DE:0000  HL:0000  AF:3102  SP:7FE7  PC:013A   
013B  D1        POP D       (4)  BC:0031  DE:0000  HL:0000  AF:3102  SP:7FE9  PC:013B   
013C  C1        POP B       (4)  BC:0031  DE:0000  HL:0000  AF:3102  SP:7FEB  PC:013C   
013D  C9        RET         (4)  BC:0002  DE:0000  HL:0000  AF:3102  SP:7FED  PC:013D   
0149  F1        POP PSW     (3)  BC:0002  DE:0000  HL:0000  AF:3102  SP:7FEF  PC:0149   
014A  CD 59 01  CALL 0159   (3)  BC:0002  DE:0000  HL:0000  AF:1216  SP:7FF1  PC:014A   
0159  E6 0F     ANI 0F      (4)  BC:0002  DE:0000  HL:0000  AF:1216  SP:7FEF  PC:0159   
015B  FE 0A     CPI 0A      (4)  BC:0002  DE:0000  HL:0000  AF:0212  SP:7FEF  PC:015B   
015D  FA 62 01  JM 0162     (4)  BC:0002  DE:0000  HL:0000  AF:0283  SP:7FEF  PC:015D   
0162  C6 30     ADI 30      (4)  BC:0002  DE:0000  HL:0000  AF:0283  SP:7FEF  PC:0162   
0164  C9        RET         (4)  BC:0002  DE:0000  HL:0000  AF:3202  SP:7FEF  PC:0164   
014D  CD 31 01  CALL 0131   (3)  BC:0002  DE:0000  HL:0000  AF:3202  SP:7FF1  PC:014D   
0131  C5        PUSH B      (4)  BC:0002  DE:0000  HL:0000  AF:3202  SP:7FEF  PC:0131   
0132  D5        PUSH D      (4)  BC:0002  DE:0000  HL:0000  AF:3202  SP:7FED  PC:0132   
0133  E5        PUSH H      (4)  BC:0002  DE:0000  HL:0000  AF:3202  SP:7FEB  PC:0133   
0134  F5        PUSH PSW    (4)  BC:0002  DE:0000  HL:0000  AF:3202  SP:7FE9  PC:0134   
0135  4F        MOV C,A     (4)  BC:0002  DE:0000  HL:0000  AF:3202  SP:7FE7  PC:0135   
0136  CD 37 C0  CALL C037   (4)  BC:0032  DE:0000  HL:0000  AF:3202  SP:7FE7  PC:0136   
0139  F1        POP PSW     (4)  BC:0032  DE:0000  HL:0000  AF:3202  SP:7FE7  PC:0139   
013A  E1        POP H       (4)  BC:0032  DE:0000  HL:0000  AF:3202  SP:7FE9  PC:013A   
013B  D1        POP D       (4)  BC:0032  DE:0000  HL:0000  AF:3202  SP:7FEB  PC:013B   
013C  C1        POP B       (4)  BC:0032  DE:0000  HL:0000  AF:3202  SP:7FED  PC:013C   
013D  C9        RET         (4)  BC:0002  DE:0000  HL:0000  AF:3202  SP:7FEF  PC:013D   
0150  F1        POP PSW     (3)  BC:0002  DE:0000  HL:0000  AF:3202  SP:7FF1  PC:0150   
0151  E1        POP H       (3)  BC:0002  DE:0000  HL:0000  AF:1216  SP:7FF3  PC:0151   
0152  D1        POP D       (3)  BC:0002  DE:0000  HL:0000  AF:1216  SP:7FF5  PC:0152   
0153  C1        POP B       (3)  BC:0002  DE:0000  HL:0000  AF:1216  SP:7FF7  PC:0153   
0154  C9        RET         (3)  BC:0002  DE:0000  HL:0000  AF:1216  SP:7FF9  PC:0154   
00CA  F6 75     ORI 75      (2)  BC:0002  DE:0000  HL:0000  AF:1216  SP:7FFB  PC:00CA   
00CC  CD F8 00  CALL 00F8   (2)  BC:0002  DE:0000  HL:0000  AF:7706  SP:7FFB  PC:00CC   
00F8  C5        PUSH B      (3)  BC:0002  DE:0000  HL:0000  AF:7706  SP:7FF9  PC:00F8   
00F9  D5        PUSH D      (3)  BC:0002  DE:0000  HL:0000  AF:7706  SP:7FF7  PC:00F9   
00FA  E5        PUSH H      (3)  BC:0002  DE:0000  HL:0000  AF:7706  SP:7FF5  PC:00FA   
00FB  F5        PUSH PSW    (3)  BC:0002  DE:0000  HL:0000  AF:7706  SP:7FF3  PC:00FB   
00FC  21 00 00  LXI H,0000  (3)  BC:0002  DE:0000  HL:0000  AF:7706  SP:7FF1  PC:00FC   
00FF  39        DAD SP      (3)  BC:0002  DE:0000  HL:0000  AF:7706  SP:7FF1  PC:00FF   
0100  0E 08     MVI C,08    (3)  BC:0002  DE:0000  HL:7FF1  AF:7706  SP:7FF1  PC:0100   
0102  2B        DCX H       (3)  BC:0008  DE:0000  HL:7FF1  AF:7706  SP:7FF1  PC:0102   
0103  0D        DCR C       (3)  BC:0008  DE:0000  HL:7FF0  AF:7706  SP:7FF1  PC:0103   
0104  C2 02 01  JNZ 0102    (3)  BC:0007  DE:0000  HL:7FF0  AF:7712  SP:7FF1  PC:0104   
0102  2B        DCX H       (3)  BC:0007  DE:0000  HL:7FF0  AF:7712  SP:7FF1  PC:0102   
0103  0D        DCR C       (3)  BC:0007  DE:0000  HL:7FEF  AF:7712  SP:7FF1  PC:0103   
0104  C2 02 01  JNZ 0102    (3)  BC:0006  DE:0000  HL:7FEF  AF:7716  SP:7FF1  PC:0104   
0102  2B        DCX H       (3)  BC:0006  DE:0000  HL:7FEF  AF:7716  SP:7FF1  PC:0102   
0103  0D        DCR C       (3)  BC:0006  DE:0000  HL:7FEE  AF:7716  SP:7FF1  PC:0103   
0104  C2 02 01  JNZ 0102    (3)  BC:0005  DE:0000  HL:7FEE  AF:7716  SP:7FF1  PC:0104   
0102  2B        DCX H       (3)  BC:0005  DE:0000  HL:7FEE  AF:7716  SP:7FF1  PC:0102   
0103  0D        DCR C       (3)  BC:0005  DE:0000  HL:7FED  AF:7716  SP:7FF1  PC:0103   
0104  C2 02 01  JNZ 0102    (3)  BC:0004  DE:0000  HL:7FED  AF:7712  SP:7FF1  PC:0104   
0102  2B        DCX H       (3)  BC:0004  DE:0000  HL:7FED  AF:7712  SP:7FF1  PC:0102   
0103  0D        DCR C       (3)  BC:0004  DE:0000  HL:7FEC  AF:7712  SP:7FF1  PC:0103   
0104  C2 02 01  JNZ 0102    (3)  BC:0003  DE:0000  HL:7FEC  AF:7716  SP:7FF1  PC:0104   
0102  2B        DCX H       (3)  BC:0003  DE:0000  HL:7FEC  AF:7716  SP:7FF1  PC:0102   
0103  0D        DCR C       (3)  BC:0003  DE:0000  HL:7FEB  AF:7716  SP:7FF1  PC:0103   
0104  C2 02 01  JNZ 0102    (3)  BC:0002  DE:0000  HL:7FEB  AF:7712  SP:7FF1  PC:0104   
0102  2B        DCX H       (3)  BC:0002  DE:0000  HL:7FEB  AF:7712  SP:7FF1  PC:0102   
0103  0D        DCR C       (3)  BC:0002  DE:0000  HL:7FEA  AF:7712  SP:7FF1  PC:0103   
0104  C2 02 01  JNZ 0102    (3)  BC:0001  DE:0000  HL:7FEA  AF:7712  SP:7FF1  PC:0104   
0102  2B        DCX H       (3)  BC:0001  DE:0000  HL:7FEA  AF:7712  SP:7FF1  PC:0102   
0103  0D        DCR C       (3)  BC:0001  DE:0000  HL:7FE9  AF:7712  SP:7FF1  PC:0103   
0104  C2 02 01  JNZ 0102    (3)  BC:0000  DE:0000  HL:7FE9  AF:7756  SP:7FF1  PC:0104   
0107  11 65 00  LXI D,0065  (3)  BC:0000  DE:0000  HL:7FE9  AF:7756  SP:7FF1  PC:0107   
010A  1A        LDAX D      (3)  BC:0000  DE:0065  HL:7FE9  AF:7756  SP:7FF1  PC:010A   
010B  0E 08     MVI C,08    (3)  BC:0000  DE:0065  HL:7FE9  AF:BB56  SP:7FF1  PC:010B   
010D  46        MOV B,M     (3)  BC:0008  DE:0065  HL:7FE9  AF:BB56  SP:7FF1  PC:010D   
010E  A8        XRA B       (3)  BC:0008  DE:0065  HL:7FE9  AF:BB56  SP:7FF1  PC:010E   
010F  23        INX H       (3)  BC:0008  DE:0065  HL:7FE9  AF:BB86  SP:7FF1  PC:010F   
0110  0D        DCR C       (3)  BC:0008  DE:0065  HL:7FEA  AF:BB86  SP:7FF1  PC:0110   
0111  C2 0D 01  JNZ 010D    (3)  BC:0007  DE:0065  HL:7FEA  AF:BB12  SP:7FF1  PC:0111   
010D  46        MOV B,M     (3)  BC:0007  DE:0065  HL:7FEA  AF:BB12  SP:7FF1  PC:010D   
010E  A8        XRA B       (3)  BC:0007  DE:0065  HL:7FEA  AF:BB12  SP:7FF1  PC:010E   
010F  23        INX H       (3)  BC:0007  DE:0065  HL:7FEA  AF:BB86  SP:7FF1  PC:010F   
0110  0D        DCR C       (3)  BC:0007  DE:0065  HL:7FEB  AF:BB86  SP:7FF1  PC:0110   
0111  C2 0D 01  JNZ 010D    (3)  BC:0006  DE:0065  HL:7FEB  AF:BB16  SP:7FF1  PC:0111   
010D  46        MOV B,M     (3)  BC:0006  DE:0065  HL:7FEB  AF:BB16  SP:7FF1  PC:010D   
010E  A8        XRA B       (3)  BC:0006  DE:0065  HL:7FEB  AF:BB16  SP:7FF1  PC:010E   
010F  23        INX H       (3)  BC:0006  DE:0065  HL:7FEB  AF:BB86  SP:7FF1  PC:010F   
0110  0D        DCR C       (3)  BC:0006  DE:0065  HL:7FEC  AF:BB86  SP:7FF1  PC:0110   
0111  C2 0D 01  JNZ 010D    (3)  BC:0005  DE:0065  HL:7FEC  AF:BB16  SP:7FF1  PC:0111   
010D  46        MOV B,M     (3)  BC:0005  DE:0065  HL:7FEC  AF:BB16  SP:7FF1  PC:010D   
010E  A8        XRA B       (3)  BC:0005  DE:0065  HL:7FEC  AF:BB16  SP:7FF1  PC:010E   
010F  23        INX H       (3)  BC:0005  DE:0065  HL:7FEC  AF:BB86  SP:7FF1  PC:010F   
0110  0D        DCR C       (3)  BC:0005  DE:0065  HL:7FED  AF:BB86  SP:7FF1  PC:0110   
0111  C2 0D 01  JNZ 010D    (3)  BC:0004  DE:0065  HL:7FED  AF:BB12  SP:7FF1  PC:0111   
010D  46        MOV B,M     (3)  BC:0004  DE:0065  HL:7FED  AF:BB12  SP:7FF1  PC:010D   
010E  A8        XRA B       (3)  BC:0204  DE:0065  HL:7FED  AF:BB12  SP:7FF1  PC:010E   
010F  23        INX H       (3)  BC:0204  DE:0065  HL:7FED  AF:B982  SP:7FF1  PC:010F   
0110  0D        DCR C       (3)  BC:0204  DE:0065  HL:7FEE  AF:B982  SP:7FF1  PC:0110   
0111  C2 0D 01  JNZ 010D    (3)  BC:0203  DE:0065  HL:7FEE  AF:B916  SP:7FF1  PC:0111   
010D  46        MOV B,M     (3)  BC:0203  DE:0065  HL:7FEE  AF:B916  SP:7FF1  PC:010D   
010E  A8        XRA B       (3)  BC:0003  DE:0065  HL:7FEE  AF:B916  SP:7FF1  PC:010E   
010F  23        INX H       (3)  BC:0003  DE:0065  HL:7FEE  AF:B982  SP:7FF1  PC:010F   
0110  0D        DCR C       (3)  BC:0003  DE:0065  HL:7FEF  AF:B982  SP:7FF1  PC:0110   
0111  C2 0D 01  JNZ 010D    (3)  BC:0002  DE:0065  HL:7FEF  AF:B912  SP:7FF1  PC:0111   
010D  46        MOV B,M     (3)  BC:0002  DE:0065  HL:7FEF  AF:B912  SP:7FF1  PC:010D   
010E  A8        XRA B       (3)  BC:5002  DE:0065  HL:7FEF  AF:B912  SP:7FF1  PC:010E   
010F  23        INX H       (3)  BC:5002  DE:0065  HL:7FEF  AF:E982  SP:7FF1  PC:010F   
0110  0D        DCR C       (3)  BC:5002  DE:0065  HL:7FF0  AF:E982  SP:7FF1  PC:0110   
0111  C2 0D 01  JNZ 010D    (3)  BC:5001  DE:0065  HL:7FF0  AF:E912  SP:7FF1  PC:0111   
010D  46        MOV B,M     (3)  BC:5001  DE:0065  HL:7FF0  AF:E912  SP:7FF1  PC:010D   
010E  A8        XRA B       (3)  BC:0101  DE:0065  HL:7FF0  AF:E912  SP:7FF1  PC:010E   
010F  23        INX H       (3)  BC:0101  DE:0065  HL:7FF0  AF:E886  SP:7FF1  PC:010F   
0110  0D        DCR C       (3)  BC:0101  DE:0065  HL:7FF1  AF:E886  SP:7FF1  PC:0110   
0111  C2 0D 01  JNZ 010D    (3)  BC:0100  DE:0065  HL:7FF1  AF:E856  SP:7FF1  PC:0111   
0114  12        STAX D      (3)  BC:0100  DE:0065  HL:7FF1  AF:E856  SP:7FF1  PC:0114   
0115  C1        POP B       (3)  BC:0100  DE:0065  HL:7FF1  AF:E856  SP:7FF1  PC:0115   
0116  D1        POP D       (3)  BC:7706  DE:0065  HL:7FF1  AF:E856  SP:7FF3  PC:0116   
0117  E1        POP H       (3)  BC:7706  DE:0000  HL:7FF1  AF:E856  SP:7FF5  PC:0117   
0118  F1        POP PSW     (3)  BC:7706  DE:0000  HL:0000  AF:E856  SP:7FF7  PC:0118   
0119  C9        RET         (3)  BC:7706  DE:0000  HL:0000  AF:0002  SP:7FF9  PC:0119   
00CF  CD 3E 01  CALL 013E   (2)  BC:7706  DE:0000  HL:0000  AF:0002  SP:7FFB  PC:00CF   
013E  C5        PUSH B      (3)  BC:7706  DE:0000  HL:0000  AF:0002  SP:7FF9  PC:013E   
013F  D5        PUSH D      (3)  BC:7706  DE:0000  HL:0000  AF:0002  SP:7FF7  PC:013F   
0140  E5        PUSH H      (3)  BC:7706  DE:0000  HL:0000  AF:0002  SP:7FF5  PC:0140   
0141  F5        PUSH PSW    (3)  BC:7706  DE:0000  HL:0000  AF:0002  SP:7FF3  PC:0141   
0142  F5        PUSH PSW    (3)  BC:7706  DE:0000  HL:0000  AF:0002  SP:7FF1  PC:0142   
0143  CD 55 01  CALL 0155   (3)  BC:7706  DE:0000  HL:0000  AF:0002  SP:7FEF  PC:0143   
0155  0F        RRC         (4)  BC:7706  DE:0000  HL:0000  AF:0002  SP:7FED  PC:0155   
0156  0F        RRC         (4)  BC:7706  DE:0000  HL:0000  AF:0002  SP:7FED  PC:0156   
0157  0F        RRC         (4)  BC:7706  DE:0000  HL:0000  AF:0002  SP:7FED  PC:0157   
0158  0F        RRC         (4)  BC:7706  DE:0000  HL:0000  AF:0002  SP:7FED  PC:0158   
0159  E6 0F     ANI 0F      (4)  BC:7706  DE:0000  HL:0000  AF:0002  SP:7FED  PC:0159   
015B  FE 0A     CPI 0A      (4)  BC:7706  DE:0000  HL:0000  AF:0056  SP:7FED  PC:015B   
015D  FA 62 01  JM 0162     (4)  BC:7706  DE:0000  HL:0000  AF:0087  SP:7FED  PC:015D   
0162  C6 30     ADI 30      (4)  BC:7706  DE:0000  HL:0000  AF:0087  SP:7FED  PC:0162   
0164  C9        RET         (4)  BC:7706  DE:0000  HL:0000  AF:3006  SP:7FED  PC:0164   
0146  CD 31 01  CALL 0131   (3)  BC:7706  DE:0000  HL:0000  AF:3006  SP:7FEF  PC:0146   
0131  C5        PUSH B      (4)  BC:7706  DE:0000  HL:0000  AF:3006  SP:7FED  PC:0131   
0132  D5        PUSH D      (4)  BC:7706  DE:0000  HL:0000  AF:3006  SP:7FEB  PC:0132   
0133  E5        PUSH H      (4)  BC:7706  DE:0000  HL:0000  AF:3006  SP:7FE9  PC:0133   
0134  F5        PUSH PSW    (4)  BC:7706  DE:0000  HL:0000  AF:3006  SP:7FE7  PC:0134   
0135  4F        MOV C,A     (4)  BC:7706  DE:0000  HL:0000  AF:3006  SP:7FE5  PC:0135   
0136  CD 37 C0  CALL C037   (4)  BC:7730  DE:0000  HL:0000  AF:3006  SP:7FE5  PC:0136   
0139  F1        POP PSW     (4)  BC:7730  DE:0000  HL:0000  AF:3006  SP:7FE5  PC:0139   
013A  E1        POP H       (4)  BC:7730  DE:0000  HL:0000  AF:3006  SP:7FE7  PC:013A   
013B  D1        POP D       (4)  BC:7730  DE:0000  HL:0000  AF:3006  SP:7FE9  PC:013B   
013C  C1        POP B       (4)  BC:7730  DE:0000  HL:0000  AF:3006  SP:7FEB  PC:013C   
013D  C9        RET         (4)  BC:7706  DE:0000  HL:0000  AF:3006  SP:7FED  PC:013D   
0149  F1        POP PSW     (3)  BC:7706  DE:0000  HL:0000  AF:3006  SP:7FEF  PC:0149   
014A  CD 59 01  CALL 0159   (3)  BC:7706  DE:0000  HL:0000  AF:0002  SP:7FF1  PC:014A   
0159  E6 0F     ANI 0F      (4)  BC:7706  DE:0000  HL:0000  AF:0002  SP:7FEF  PC:0159   
015B  FE 0A     CPI 0A      (4)  BC:7706  DE:0000  HL:0000  AF:0056  SP:7FEF  PC:015B   
015D  FA 62 01  JM 0162     (4)  BC:7706  DE:0000  HL:0000  AF:0087  SP:7FEF  PC:015D   
0162  C6 30     ADI 30      (4)  BC:7706  DE:0000  HL:0000  AF:0087  SP:7FEF  PC:0162   
0164  C9        RET         (4)  BC:7706  DE:0000  HL:0000  AF:3006  SP:7FEF  PC:0164   
014D  CD 31 01  CALL 0131   (3)  BC:7706  DE:0000  HL:0000  AF:3006  SP:7FF1  PC:014D   
0131  C5        PUSH B      (4)  BC:7706  DE:0000  HL:0000  AF:3006  SP:7FEF  PC:0131   
0132  D5        PUSH D      (4)  BC:7706  DE:0000  HL:0000  AF:3006  SP:7FED  PC:0132   
0133  E5        PUSH H      (4)  BC:7706  DE:0000  HL:0000  AF:3006  SP:7FEB  PC:0133   
0134  F5        PUSH PSW    (4)  BC:7706  DE:0000  HL:0000  AF:3006  SP:7FE9  PC:0134   
0135  4F        MOV C,A     (4)  BC:7706  DE:0000  HL:0000  AF:3006  SP:7FE7  PC:0135   
0136  CD 37 C0  CALL C037   (4)  BC:7730  DE:0000  HL:0000  AF:3006  SP:7FE7  PC:0136   
0139  F1        POP PSW     (4)  BC:7730  DE:0000  HL:0000  AF:3006  SP:7FE7  PC:0139   
013A  E1        POP H       (4)  BC:7730  DE:0000  HL:0000  AF:3006  SP:7FE9  PC:013A   
013B  D1        POP D       (4)  BC:7730  DE:0000  HL:0000  AF:3006  SP:7FEB  PC:013B   
013C  C1        POP B       (4)  BC:7730  DE:0000  HL:0000  AF:3006  SP:7FED  PC:013C   
013D  C9        RET         (4)  BC:7706  DE:0000  HL:0000  AF:3006  SP:7FEF  PC:013D   
0150  F1        POP PSW     (3)  BC:7706  DE:0000  HL:0000  AF:3006  SP:7FF1  PC:0150   
0151  E1        POP H       (3)  BC:7706  DE:0000  HL:0000  AF:0002  SP:7FF3  PC:0151   
0152  D1        POP D       (3)  BC:7706  DE:0000  HL:0000  AF:0002  SP:7FF5  PC:0152   
0153  C1        POP B       (3)  BC:7706  DE:0000  HL:0000  AF:0002  SP:7FF7  PC:0153   
0154  C9        RET         (3)  BC:7706  DE:0000  HL:0000  AF:0002  SP:7FF9  PC:0154   
00D2  0F        RRC         (2)  BC:7706  DE:0000  HL:0000  AF:0002  SP:7FFB  PC:00D2   
00D3  CD F8 00  CALL 00F8   (2)  BC:7706  DE:0000  HL:0000  AF:0002  SP:7FFB  PC:00D3   
00F8  C5        PUSH B      (3)  BC:7706  DE:0000  HL:0000  AF:0002  SP:7FF9  PC:00F8   
00F9  D5        PUSH D      (3)  BC:7706  DE:0000  HL:0000  AF:0002  SP:7FF7  PC:00F9   
00FA  E5        PUSH H      (3)  BC:7706  DE:0000  HL:0000  AF:0002  SP:7FF5  PC:00FA   
00FB  F5        PUSH PSW    (3)  BC:7706  DE:0000  HL:0000  AF:0002  SP:7FF3  PC:00FB   
00FC  21 00 00  LXI H,0000  (3)  BC:7706  DE:0000  HL:0000  AF:0002  SP:7FF1  PC:00FC   
00FF  39        DAD SP      (3)  BC:7706  DE:0000  HL:0000  AF:0002  SP:7FF1  PC:00FF   
0100  0E 08     MVI C,08    (3)  BC:7706  DE:0000  HL:7FF1  AF:0002  SP:7FF1  PC:0100   
0102  2B        DCX H       (3)  BC:7708  DE:0000  HL:7FF1  AF:0002  SP:7FF1  PC:0102   
0103  0D        DCR C       (3)  BC:7708  DE:0000  HL:7FF0  AF:0002  SP:7FF1  PC:0103   
0104  C2 02 01  JNZ 0102    (3)  BC:7707  DE:0000  HL:7FF0  AF:0012  SP:7FF1  PC:0104   
0102  2B        DCX H       (3)  BC:7707  DE:0000  HL:7FF0  AF:0012  SP:7FF1  PC:0102   
0103  0D        DCR C       (3)  BC:7707  DE:0000  HL:7FEF  AF:0012  SP:7FF1  PC:0103   
0104  C2 02 01  JNZ 0102    (3)  BC:7706  DE:0000  HL:7FEF  AF:0016  SP:7FF1  PC:0104   
0102  2B        DCX H       (3)  BC:7706  DE:0000  HL:7FEF  AF:0016  SP:7FF1  PC:0102   
0103  0D        DCR C       (3)  BC:7706  DE:0000  HL:7FEE  AF:0016  SP:7FF1  PC:0103   
0104  C2 02 01  JNZ 0102    (3)  BC:7705  DE:0000  HL:7FEE  AF:0016  SP:7FF1  PC:0104   
0102  2B        DCX H       (3)  BC:7705  DE:0000  HL:7FEE  AF:0016  SP:7FF1  PC:0102   
0103  0D        DCR C       (3)  BC:7705  DE:0000  HL:7FED  AF:0016  SP:7FF1  PC:0103   
0104  C2 02 01  JNZ 0102    (3)  BC:7704  DE:0000  HL:7FED  AF:0012  SP:7FF1  PC:0104   
0102  2B        DCX H       (3)  BC:7704  DE:0000  HL:7FED  AF:0012  SP:7FF1  PC:0102   
0103  0D        DCR C       (3)  BC:7704  DE:0000  HL:7FEC  AF:0012  SP:7FF1  PC:0103   
0104  C2 02 01  JNZ 0102    (3)  BC:7703  DE:0000  HL:7FEC  AF:0016  SP:7FF1  PC:0104   
0102  2B        DCX H       (3)  BC:7703  DE:0000  HL:7FEC  AF:0016  SP:7FF1  PC:0102   
0103  0D        DCR C       (3)  BC:7703  DE:0000  HL:7FEB  AF:0016  SP:7FF1  PC:0103   
0104  C2 02 01  JNZ 0102    (3)  BC:7702  DE:0000  HL:7FEB  AF:0012  SP:7FF1  PC:0104   
0102  2B        DCX H       (3)  BC:7702  DE:0000  HL:7FEB  AF:0012  SP:7FF1  PC:0102   
0103  0D        DCR C       (3)  BC:7702  DE:0000  HL:7FEA  AF:0012  SP:7FF1  PC:0103   
0104  C2 02 01  JNZ 0102    (3)  BC:7701  DE:0000  HL:7FEA  AF:0012  SP:7FF1  PC:0104   
0102  2B        DCX H       (3)  BC:7701  DE:0000  HL:7FEA  AF:0012  SP:7FF1  PC:0102   
0103  0D        DCR C       (3)  BC:7701  DE:0000  HL:7FE9  AF:0012  SP:7FF1  PC:0103   
0104  C2 02 01  JNZ 0102    (3)  BC:7700  DE:0000  HL:7FE9  AF:0056  SP:7FF1  PC:0104   
0107  11 65 00  LXI D,0065  (3)  BC:7700  DE:0000  HL:7FE9  AF:0056  SP:7FF1  PC:0107   
010A  1A        LDAX D      (3)  BC:7700  DE:0065  HL:7FE9  AF:0056  SP:7FF1  PC:010A   
010B  0E 08     MVI C,08    (3)  BC:7700  DE:0065  HL:7FE9  AF:E856  SP:7FF1  PC:010B   
010D  46        MOV B,M     (3)  BC:7708  DE:0065  HL:7FE9  AF:E856  SP:7FF1  PC:010D   
010E  A8        XRA B       (3)  BC:0008  DE:0065  HL:7FE9  AF:E856  SP:7FF1  PC:010E   
010F  23        INX H       (3)  BC:0008  DE:0065  HL:7FE9  AF:E886  SP:7FF1  PC:010F   
0110  0D        DCR C       (3)  BC:0008  DE:0065  HL:7FEA  AF:E886  SP:7FF1  PC:0110   
0111  C2 0D 01  JNZ 010D    (3)  BC:0007  DE:0065  HL:7FEA  AF:E812  SP:7FF1  PC:0111   
010D  46        MOV B,M     (3)  BC:0007  DE:0065  HL:7FEA  AF:E812  SP:7FF1  PC:010D   
010E  A8        XRA B       (3)  BC:0007  DE:0065  HL:7FEA  AF:E812  SP:7FF1  PC:010E   
010F  23        INX H       (3)  BC:0007  DE:0065  HL:7FEA  AF:E886  SP:7FF1  PC:010F   
0110  0D        DCR C       (3)  BC:0007  DE:0065  HL:7FEB  AF:E886  SP:7FF1  PC:0110   
0111  C2 0D 01  JNZ 010D    (3)  BC:0006  DE:0065  HL:7FEB  AF:E816  SP:7FF1  PC:0111   
010D  46        MOV B,M     (3)  BC:0006  DE:0065  HL:7FEB  AF:E816  SP:7FF1  PC:010D   
010E  A8        XRA B       (3)  BC:0006  DE:0065  HL:7FEB  AF:E816  SP:7FF1  PC:010E   
010F  23        INX H       (3)  BC:0006  DE:0065  HL:7FEB  AF:E886  SP:7FF1  PC:010F   
0110  0D        DCR C       (3)  BC:0006  DE:0065  HL:7FEC  AF:E886  SP:7FF1  PC:0110   
0111  C2 0D 01  JNZ 010D    (3)  BC:0005  DE:0065  HL:7FEC  AF:E816  SP:7FF1  PC:0111   
010D  46        MOV B,M     (3)  BC:0005  DE:0065  HL:7FEC  AF:E816  SP:7FF1  PC:010D   
010E  A8        XRA B       (3)  BC:0005  DE:0065  HL:7FEC  AF:E816  SP:7FF1  PC:010E   
010F  23        INX H       (3)  BC:0005  DE:0065  HL:7FEC  AF:E886  SP:7FF1  PC:010F   
0110  0D        DCR C       (3)  BC:0005  DE:0065  HL:7FED  AF:E886  SP:7FF1  PC:0110   
0111  C2 0D 01  JNZ 010D    (3)  BC:0004  DE:0065  HL:7FED  AF:E812  SP:7FF1  PC:0111   
010D  46        MOV B,M     (3)  BC:0004  DE:0065  HL:7FED  AF:E812  SP:7FF1  PC:010D   
010E  A8        XRA B       (3)  BC:0604  DE:0065  HL:7FED  AF:E812  SP:7FF1  PC:010E   
010F  23        INX H       (3)  BC:0604  DE:0065  HL:7FED  AF:EE86  SP:7FF1  PC:010F   
0110  0D        DCR C       (3)  BC:0604  DE:0065  HL:7FEE  AF:EE86  SP:7FF1  PC:0110   
0111  C2 0D 01  JNZ 010D    (3)  BC:0603  DE:0065  HL:7FEE  AF:EE16  SP:7FF1  PC:0111   
010D  46        MOV B,M     (3)  BC:0603  DE:0065  HL:7FEE  AF:EE16  SP:7FF1  PC:010D   
010E  A8        XRA B       (3)  BC:7703  DE:0065  HL:7FEE  AF:EE16  SP:7FF1  PC:010E   
010F  23        INX H       (3)  BC:7703  DE:0065  HL:7FEE  AF:9986  SP:7FF1  PC:010F   
0110  0D        DCR C       (3)  BC:7703  DE:0065  HL:7FEF  AF:9986  SP:7FF1  PC:0110   
0111  C2 0D 01  JNZ 010D    (3)  BC:7702  DE:0065  HL:7FEF  AF:9912  SP:7FF1  PC:0111   
010D  46        MOV B,M     (3)  BC:7702  DE:0065  HL:7FEF  AF:9912  SP:7FF1  PC:010D   
010E  A8        XRA B       (3)  BC:5002  DE:0065  HL:7FEF  AF:9912  SP:7FF1  PC:010E   
010F  23        INX H       (3)  BC:5002  DE:0065  HL:7FEF  AF:C986  SP:7FF1  PC:010F   
0110  0D        DCR C       (3)  BC:5002  DE:0065  HL:7FF0  AF:C986  SP:7FF1  PC:0110   
0111  C2 0D 01  JNZ 010D    (3)  BC:5001  DE:0065  HL:7FF0  AF:C912  SP:7FF1  PC:0111   
010D  46        MOV B,M     (3)  BC:5001  DE:0065  HL:7FF0  AF:C912  SP:7FF1  PC:010D   
010E  A8        XRA B       (3)  BC:0101  DE:0065  HL:7FF0  AF:C912  SP:7FF1  PC:010E   
010F  23        INX H       (3)  BC:0101  DE:0065  HL:7FF0  AF:C882  SP:7FF1  PC:010F   
0110  0D        DCR C       (3)  BC:0101  DE:0065  HL:7FF1  AF:C882  SP:7FF1  PC:0110   
0111  C2 0D 01  JNZ 010D    (3)  BC:0100  DE:0065  HL:7FF1  AF:C856  SP:7FF1  PC:0111   
0114  12        STAX D      (3)  BC:0100  DE:0065  HL:7FF1  AF:C856  SP:7FF1  PC:0114   
0115  C1        POP B       (3)  BC:0100  DE:0065  HL:7FF1  AF:C856  SP:7FF1  PC:0115   
0116  D1        POP D       (3)  BC:0002  DE:0065  HL:7FF1  AF:C856  SP:7FF3  PC:0116   
0117  E1        POP H       (3)  BC:0002  DE:0000  HL:7FF1  AF:C856  SP:7FF5  PC:0117   
0118  F1        POP PSW     (3)  BC:0002  DE:0000  HL:0000  AF:C856  SP:7FF7  PC:0118   
0119  C9        RET         (3)  BC:0002  DE:0000  HL:0000  AF:7706  SP:7FF9  PC:0119   
00D6  CD 3E 01  CALL 013E   (2)  BC:0002  DE:0000  HL:0000  AF:7706  SP:7FFB  PC:00D6   
013E  C5        PUSH B      (3)  BC:0002  DE:0000  HL:0000  AF:7706  SP:7FF9  PC:013E   
013F  D5        PUSH D      (3)  BC:0002  DE:0000  HL:0000  AF:7706  SP:7FF7  PC:013F   
0140  E5        PUSH H      (3)  BC:0002  DE:0000  HL:0000  AF:7706  SP:7FF5  PC:0140   
0141  F5        PUSH PSW    (3)  BC:0002  DE:0000  HL:0000  AF:7706  SP:7FF3  PC:0141   
0142  F5        PUSH PSW    (3)  BC:0002  DE:0000  HL:0000  AF:7706  SP:7FF1  PC:0142   
0143  CD 55 01  CALL 0155   (3)  BC:0002  DE:0000  HL:0000  AF:7706  SP:7FEF  PC:0143   
0155  0F        RRC         (4)  BC:0002  DE:0000  HL:0000  AF:7706  SP:7FED  PC:0155   
0156  0F        RRC         (4)  BC:0002  DE:0000  HL:0000  AF:BB07  SP:7FED  PC:0156   
0157  0F        RRC         (4)  BC:0002  DE:0000  HL:0000  AF:DD07  SP:7FED  PC:0157   
0158  0F        RRC         (4)  BC:0002  DE:0000  HL:0000  AF:EE07  SP:7FED  PC:0158   
0159  E6 0F     ANI 0F      (4)  BC:0002  DE:0000  HL:0000  AF:7706  SP:7FED  PC:0159   
015B  FE 0A     CPI 0A      (4)  BC:0002  DE:0000  HL:0000  AF:0712  SP:7FED  PC:015B   
015D  FA 62 01  JM 0162     (4)  BC:0002  DE:0000  HL:0000  AF:0783  SP:7FED  PC:015D   
0162  C6 30     ADI 30      (4)  BC:0002  DE:0000  HL:0000  AF:0783  SP:7FED  PC:0162   
0164  C9        RET         (4)  BC:0002  DE:0000  HL:0000  AF:3702  SP:7FED  PC:0164   
0146  CD 31 01  CALL 0131   (3)  BC:0002  DE:0000  HL:0000  AF:3702  SP:7FEF  PC:0146   
0131  C5        PUSH B      (4)  BC:0002  DE:0000  HL:0000  AF:3702  SP:7FED  PC:0131   
0132  D5        PUSH D      (4)  BC:0002  DE:0000  HL:0000  AF:3702  SP:7FEB  PC:0132   
0133  E5        PUSH H      (4)  BC:0002  DE:0000  HL:0000  AF:3702  SP:7FE9  PC:0133   
0134  F5        PUSH PSW    (4)  BC:0002  DE:0000  HL:0000  AF:3702  SP:7FE7  PC:0134   
0135  4F        MOV C,A     (4)  BC:0002  DE:0000  HL:0000  AF:3702  SP:7FE5  PC:0135   
0136  CD 37 C0  CALL C037   (4)  BC:0037  DE:0000  HL:0000  AF:3702  SP:7FE5  PC:0136   
0139  F1        POP PSW     (4)  BC:0037  DE:0000  HL:0000  AF:3702  SP:7FE5  PC:0139   
013A  E1        POP H       (4)  BC:0037  DE:0000  HL:0000  AF:3702  SP:7FE7  PC:013A   
013B  D1        POP D       (4)  BC:0037  DE:0000  HL:0000  AF:3702  SP:7FE9  PC:013B   
013C  C1        POP B       (4)  BC:0037  DE:0000  HL:0000  AF:3702  SP:7FEB  PC:013C   
013D  C9        RET         (4)  BC:0002  DE:0000  HL:0000  AF:3702  SP:7FED  PC:013D   
0149  F1        POP PSW     (3)  BC:0002  DE:0000  HL:0000  AF:3702  SP:7FEF  PC:0149   
014A  CD 59 01  CALL 0159   (3)  BC:0002  DE:0000  HL:0000  AF:7706  SP:7FF1  PC:014A   
0159  E6 0F     ANI 0F      (4)  BC:0002  DE:0000  HL:0000  AF:7706  SP:7FEF  PC:0159   
015B  FE 0A     CPI 0A      (4)  BC:0002  DE:0000  HL:0000  AF:0712  SP:7FEF  PC:015B   
015D  FA 62 01  JM 0162     (4)  BC:0002  DE:0000  HL:0000  AF:0783  SP:7FEF  PC:015D   
0162  C6 30     ADI 30      (4)  BC:0002  DE:0000  HL:0000  AF:0783  SP:7FEF  PC:0162   
0164  C9        RET         (4)  BC:0002  DE:0000  HL:0000  AF:3702  SP:7FEF  PC:0164   
014D  CD 31 01  CALL 0131   (3)  BC:0002  DE:0000  HL:0000  AF:3702  SP:7FF1  PC:014D   
0131  C5        PUSH B      (4)  BC:0002  DE:0000  HL:0000  AF:3702  SP:7FEF  PC:0131   
0132  D5        PUSH D      (4)  BC:0002  DE:0000  HL:0000  AF:3702  SP:7FED  PC:0132   
0133  E5        PUSH H      (4)  BC:0002  DE:0000  HL:0000  AF:3702  SP:7FEB  PC:0133   
0134  F5        PUSH PSW    (4)  BC:0002  DE:0000  HL:0000  AF:3702  SP:7FE9  PC:0134   
0135  4F        MOV C,A     (4)  BC:0002  DE:0000  HL:0000  AF:3702  SP:7FE7  PC:0135   
0136  CD 37 C0  CALL C037   (4)  BC:0037  DE:0000  HL:0000  AF:3702  SP:7FE7  PC:0136   
0139  F1        POP PSW     (4)  BC:0037  DE:0000  HL:0000  AF:3702  SP:7FE7  PC:0139   
013A  E1        POP H       (4)  BC:0037  DE:0000  HL:0000  AF:3702  SP:7FE9  PC:013A   
013B  D1        POP D       (4)  BC:0037  DE:0000  HL:0000  AF:3702  SP:7FEB  PC:013B   
013C  C1        POP B       (4)  BC:0037  DE:0000  HL:0000  AF:3702  SP:7FED  PC:013C   
013D  C9        RET         (4)  BC:0002  DE:0000  HL:0000  AF:3702  SP:7FEF  PC:013D   
0150  F1        POP PSW     (3)  BC:0002  DE:0000  HL:0000  AF:3702  SP:7FF1  PC:0150   
0151  E1        POP H       (3)  BC:0002  DE:0000  HL:0000  AF:7706  SP:7FF3  PC:0151   
0152  D1        POP D       (3)  BC:0002  DE:0000  HL:0000  AF:7706  SP:7FF5  PC:0152   
0153  C1        POP B       (3)  BC:0002  DE:0000  HL:0000  AF:7706  SP:7FF7  PC:0153   
0154  C9        RET         (3)  BC:0002  DE:0000  HL:0000  AF:7706  SP:7FF9  PC:0154   
00D9  EE EA     XRI EA      (2)  BC:0002  DE:0000  HL:0000  AF:7706  SP:7FFB  PC:00D9   
00DB  CD F8 00  CALL 00F8   (2)  BC:0002  DE:0000  HL:0000  AF:9D82  SP:7FFB  PC:00DB   
00F8  C5        PUSH B      (3)  BC:0002  DE:0000  HL:0000  AF:9D82  SP:7FF9  PC:00F8   
00F9  D5        PUSH D      (3)  BC:0002  DE:0000  HL:0000  AF:9D82  SP:7FF7  PC:00F9   
00FA  E5        PUSH H      (3)  BC:0002  DE:0000  HL:0000  AF:9D82  SP:7FF5  PC:00FA   
00FB  F5        PUSH PSW    (3)  BC:0002  DE:0000  HL:0000  AF:9D82  SP:7FF3  PC:00FB   
00FC  21 00 00  LXI H,0000  (3)  BC:0002  DE:0000  HL:0000  AF:9D82  SP:7FF1  PC:00FC   
00FF  39        DAD SP      (3)  BC:0002  DE:0000  HL:0000  AF:9D82  SP:7FF1  PC:00FF   
0100  0E 08     MVI C,08    (3)  BC:0002  DE:0000  HL:7FF1  AF:9D82  SP:7FF1  PC:0100   
0102  2B        DCX H       (3)  BC:0008  DE:0000  HL:7FF1  AF:9D82  SP:7FF1  PC:0102   
0103  0D        DCR C       (3)  BC:0008  DE:0000  HL:7FF0  AF:9D82  SP:7FF1  PC:0103   
0104  C2 02 01  JNZ 0102    (3)  BC:0007  DE:0000  HL:7FF0  AF:9D12  SP:7FF1  PC:0104   
0102  2B        DCX H       (3)  BC:0007  DE:0000  HL:7FF0  AF:9D12  SP:7FF1  PC:0102   
0103  0D        DCR C       (3)  BC:0007  DE:0000  HL:7FEF  AF:9D12  SP:7FF1  PC:0103   
0104  C2 02 01  JNZ 0102    (3)  BC:0006  DE:0000  HL:7FEF  AF:9D16  SP:7FF1  PC:0104   
0102  2B        DCX H       (3)  BC:0006  DE:0000  HL:7FEF  AF:9D16  SP:7FF1  PC:0102   
0103  0D        DCR C       (3)  BC:0006  DE:0000  HL:7FEE  AF:9D16  SP:7FF1  PC:0103   
0104  C2 02 01  JNZ 0102    (3)  BC:0005  DE:0000  HL:7FEE  AF:9D16  SP:7FF1  PC:0104   
0102  2B        DCX H       (3)  BC:0005  DE:0000  HL:7FEE  AF:9D16  SP:7FF1  PC:0102   
0103  0D        DCR C       (3)  BC:0005  DE:0000  HL:7FED  AF:9D16  SP:7FF1  PC:0103   
0104  C2 02 01  JNZ 0102    (3)  BC:0004  DE:0000  HL:7FED  AF:9D12  SP:7FF1  PC:0104   
0102  2B        DCX H       (3)  BC:0004  DE:0000  HL:7FED  AF:9D12  SP:7FF1  PC:0102   
0103  0D        DCR C       (3)  BC:0004  DE:0000  HL:7FEC  AF:9D12  SP:7FF1  PC:0103   
0104  C2 02 01  JNZ 0102    (3)  BC:0003  DE:0000  HL:7FEC  AF:9D16  SP:7FF1  PC:0104   
0102  2B        DCX H       (3)  BC:0003  DE:0000  HL:7FEC  AF:9D16  SP:7FF1  PC:0102   
0103  0D        DCR C       (3)  BC:0003  DE:0000  HL:7FEB  AF:9D16  SP:7FF1  PC:0103   
0104  C2 02 01  JNZ 0102    (3)  BC:0002  DE:0000  HL:7FEB  AF:9D12  SP:7FF1  PC:0104   
0102  2B        DCX H       (3)  BC:0002  DE:0000  HL:7FEB  AF:9D12  SP:7FF1  PC:0102   
0103  0D        DCR C       (3)  BC:0002  DE:0000  HL:7FEA  AF:9D12  SP:7FF1  PC:0103   
0104  C2 02 01  JNZ 0102    (3)  BC:0001  DE:0000  HL:7FEA  AF:9D12  SP:7FF1  PC:0104   
0102  2B        DCX H       (3)  BC:0001  DE:0000  HL:7FEA  AF:9D12  SP:7FF1  PC:0102   
0103  0D        DCR C       (3)  BC:0001  DE:0000  HL:7FE9  AF:9D12  SP:7FF1  PC:0103   
0104  C2 02 01  JNZ 0102    (3)  BC:0000  DE:0000  HL:7FE9  AF:9D56  SP:7FF1  PC:0104   
0107  11 65 00  LXI D,0065  (3)  BC:0000  DE:0000  HL:7FE9  AF:9D56  SP:7FF1  PC:0107   
010A  1A        LDAX D      (3)  BC:0000  DE:0065  HL:7FE9  AF:9D56  SP:7FF1  PC:010A   
010B  0E 08     MVI C,08    (3)  BC:0000  DE:0065  HL:7FE9  AF:C856  SP:7FF1  PC:010B   
010D  46        MOV B,M     (3)  BC:0008  DE:0065  HL:7FE9  AF:C856  SP:7FF1  PC:010D   
010E  A8        XRA B       (3)  BC:0008  DE:0065  HL:7FE9  AF:C856  SP:7FF1  PC:010E   
010F  23        INX H       (3)  BC:0008  DE:0065  HL:7FE9  AF:C882  SP:7FF1  PC:010F   
0110  0D        DCR C       (3)  BC:0008  DE:0065  HL:7FEA  AF:C882  SP:7FF1  PC:0110   
0111  C2 0D 01  JNZ 010D    (3)  BC:0007  DE:0065  HL:7FEA  AF:C812  SP:7FF1  PC:0111   
010D  46        MOV B,M     (3)  BC:0007  DE:0065  HL:7FEA  AF:C812  SP:7FF1  PC:010D   
010E  A8        XRA B       (3)  BC:0007  DE:0065  HL:7FEA  AF:C812  SP:7FF1  PC:010E   
010F  23        INX H       (3)  BC:0007  DE:0065  HL:7FEA  AF:C882  SP:7FF1  PC:010F   
0110  0D        DCR C       (3)  BC:0007  DE:0065  HL:7FEB  AF:C882  SP:7FF1  PC:0110   
0111  C2 0D 01  JNZ 010D    (3)  BC:0006  DE:0065  HL:7FEB  AF:C816  SP:7FF1  PC:0111   
010D  46        MOV B,M     (3)  BC:0006  DE:0065  HL:7FEB  AF:C816  SP:7FF1  PC:010D   
010E  A8        XRA B       (3)  BC:0006  DE:0065  HL:7FEB  AF:C816  SP:7FF1  PC:010E   
010F  23        INX H       (3)  BC:0006  DE:0065  HL:7FEB  AF:C882  SP:7FF1  PC:010F   
0110  0D        DCR C       (3)  BC:0006  DE:0065  HL:7FEC  AF:C882  SP:7FF1  PC:0110   
0111  C2 0D 01  JNZ 010D    (3)  BC:0005  DE:0065  HL:7FEC  AF:C816  SP:7FF1  PC:0111   
010D  46        MOV B,M     (3)  BC:0005  DE:0065  HL:7FEC  AF:C816  SP:7FF1  PC:010D   
010E  A8        XRA B       (3)  BC:0005  DE:0065  HL:7FEC  AF:C816  SP:7FF1  PC:010E   
010F  23        INX H       (3)  BC:0005  DE:0065  HL:7FEC  AF:C882  SP:7FF1  PC:010F   
0110  0D        DCR C       (3)  BC:0005  DE:0065  HL:7FED  AF:C882  SP:7FF1  PC:0110   
0111  C2 0D 01  JNZ 010D    (3)  BC:0004  DE:0065  HL:7FED  AF:C812  SP:7FF1  PC:0111   
010D  46        MOV B,M     (3)  BC:0004  DE:0065  HL:7FED  AF:C812  SP:7FF1  PC:010D   
010E  A8        XRA B       (3)  BC:0204  DE:0065  HL:7FED  AF:C812  SP:7FF1  PC:010E   
010F  23        INX H       (3)  BC:0204  DE:0065  HL:7FED  AF:CA86  SP:7FF1  PC:010F   
0110  0D        DCR C       (3)  BC:0204  DE:0065  HL:7FEE  AF:CA86  SP:7FF1  PC:0110   
0111  C2 0D 01  JNZ 010D    (3)  BC:0203  DE:0065  HL:7FEE  AF:CA16  SP:7FF1  PC:0111   
010D  46        MOV B,M     (3)  BC:0203  DE:0065  HL:7FEE  AF:CA16  SP:7FF1  PC:010D   
010E  A8        XRA B       (3)  BC:0003  DE:0065  HL:7FEE  AF:CA16  SP:7FF1  PC:010E   
010F  23        INX H       (3)  BC:0003  DE:0065  HL:7FEE  AF:CA86  SP:7FF1  PC:010F   
0110  0D        DCR C       (3)  BC:0003  DE:0065  HL:7FEF  AF:CA86  SP:7FF1  PC:0110   
0111  C2 0D 01  JNZ 010D    (3)  BC:0002  DE:0065  HL:7FEF  AF:CA12  SP:7FF1  PC:0111   
010D  46        MOV B,M     (3)  BC:0002  DE:0065  HL:7FEF  AF:CA12  SP:7FF1  PC:010D   
010E  A8        XRA B       (3)  BC:5002  DE:0065  HL:7FEF  AF:CA12  SP:7FF1  PC:010E   
010F  23        INX H       (3)  BC:5002  DE:0065  HL:7FEF  AF:9A86  SP:7FF1  PC:010F   
0110  0D        DCR C       (3)  BC:5002  DE:0065  HL:7FF0  AF:9A86  SP:7FF1  PC:0110   
0111  C2 0D 01  JNZ 010D    (3)  BC:5001  DE:0065  HL:7FF0  AF:9A12  SP:7FF1  PC:0111   
010D  46        MOV B,M     (3)  BC:5001  DE:0065  HL:7FF0  AF:9A12  SP:7FF1  PC:010D   
010E  A8        XRA B       (3)  BC:0101  DE:0065  HL:7FF0  AF:9A12  SP:7FF1  PC:010E   
010F  23        INX H       (3)  BC:0101  DE:0065  HL:7FF0  AF:9B82  SP:7FF1  PC:010F   
0110  0D        DCR C       (3)  BC:0101  DE:0065  HL:7FF1  AF:9B82  SP:7FF1  PC:0110   
0111  C2 0D 01  JNZ 010D    (3)  BC:0100  DE:0065  HL:7FF1  AF:9B56  SP:7FF1  PC:0111   
0114  12        STAX D      (3)  BC:0100  DE:0065  HL:7FF1  AF:9B56  SP:7FF1  PC:0114   
0115  C1        POP B       (3)  BC:0100  DE:0065  HL:7FF1  AF:9B56  SP:7FF1  PC:0115   
0116  D1        POP D       (3)  BC:9D82  DE:0065  HL:7FF1  AF:9B56  SP:7FF3  PC:0116   
0117  E1        POP H       (3)  BC:9D82  DE:0000  HL:7FF1  AF:9B56  SP:7FF5  PC:0117   
0118  F1        POP PSW     (3)  BC:9D82  DE:0000  HL:0000  AF:9B56  SP:7FF7  PC:0118   
0119  C9        RET         (3)  BC:9D82  DE:0000  HL:0000  AF:0002  SP:7FF9  PC:0119   
00DE  CD 3E 01  CALL 013E   (2)  BC:9D82  DE:0000  HL:0000  AF:0002  SP:7FFB  PC:00DE   
013E  C5        PUSH B      (3)  BC:9D82  DE:0000  HL:0000  AF:0002  SP:7FF9  PC:013E   
013F  D5        PUSH D      (3)  BC:9D82  DE:0000  HL:0000  AF:0002  SP:7FF7  PC:013F   
0140  E5        PUSH H      (3)  BC:9D82  DE:0000  HL:0000  AF:0002  SP:7FF5  PC:0140   
0141  F5        PUSH PSW    (3)  BC:9D82  DE:0000  HL:0000  AF:0002  SP:7FF3  PC:0141   
0142  F5        PUSH PSW    (3)  BC:9D82  DE:0000  HL:0000  AF:0002  SP:7FF1  PC:0142   
0143  CD 55 01  CALL 0155   (3)  BC:9D82  DE:0000  HL:0000  AF:0002  SP:7FEF  PC:0143   
0155  0F        RRC         (4)  BC:9D82  DE:0000  HL:0000  AF:0002  SP:7FED  PC:0155   
0156  0F        RRC         (4)  BC:9D82  DE:0000  HL:0000  AF:0002  SP:7FED  PC:0156   
0157  0F        RRC         (4)  BC:9D82  DE:0000  HL:0000  AF:0002  SP:7FED  PC:0157   
0158  0F        RRC         (4)  BC:9D82  DE:0000  HL:0000  AF:0002  SP:7FED  PC:0158   
0159  E6 0F     ANI 0F      (4)  BC:9D82  DE:0000  HL:0000  AF:0002  SP:7FED  PC:0159   
015B  FE 0A     CPI 0A      (4)  BC:9D82  DE:0000  HL:0000  AF:0056  SP:7FED  PC:015B   
015D  FA 62 01  JM 0162     (4)  BC:9D82  DE:0000  HL:0000  AF:0087  SP:7FED  PC:015D   
0162  C6 30     ADI 30      (4)  BC:9D82  DE:0000  HL:0000  AF:0087  SP:7FED  PC:0162   
0164  C9        RET         (4)  BC:9D82  DE:0000  HL:0000  AF:3006  SP:7FED  PC:0164   
0146  CD 31 01  CALL 0131   (3)  BC:9D82  DE:0000  HL:0000  AF:3006  SP:7FEF  PC:0146   
0131  C5        PUSH B      (4)  BC:9D82  DE:0000  HL:0000  AF:3006  SP:7FED  PC:0131   
0132  D5        PUSH D      (4)  BC:9D82  DE:0000  HL:0000  AF:3006  SP:7FEB  PC:0132   
0133  E5        PUSH H      (4)  BC:9D82  DE:0000  HL:0000  AF:3006  SP:7FE9  PC:0133   
0134  F5        PUSH PSW    (4)  BC:9D82  DE:0000  HL:0000  AF:3006  SP:7FE7  PC:0134   
0135  4F        MOV C,A     (4)  BC:9D82  DE:0000  HL:0000  AF:3006  SP:7FE5  PC:0135   
0136  CD 37 C0  CALL C037   (4)  BC:9D30  DE:0000  HL:0000  AF:3006  SP:7FE5  PC:0136   
0139  F1        POP PSW     (4)  BC:9D30  DE:0000  HL:0000  AF:3006  SP:7FE5  PC:0139   
013A  E1        POP H       (4)  BC:9D30  DE:0000  HL:0000  AF:3006  SP:7FE7  PC:013A   
013B  D1        POP D       (4)  BC:9D30  DE:0000  HL:0000  AF:3006  SP:7FE9  PC:013B   
013C  C1        POP B       (4)  BC:9D30  DE:0000  HL:0000  AF:3006  SP:7FEB  PC:013C   
013D  C9        RET         (4)  BC:9D82  DE:0000  HL:0000  AF:3006  SP:7FED  PC:013D   
0149  F1        POP PSW     (3)  BC:9D82  DE:0000  HL:0000  AF:3006  SP:7FEF  PC:0149   
014A  CD 59 01  CALL 0159   (3)  BC:9D82  DE:0000  HL:0000  AF:0002  SP:7FF1  PC:014A   
0159  E6 0F     ANI 0F      (4)  BC:9D82  DE:0000  HL:0000  AF:0002  SP:7FEF  PC:0159   
015B  FE 0A     CPI 0A      (4)  BC:9D82  DE:0000  HL:0000  AF:0056  SP:7FEF  PC:015B   
015D  FA 62 01  JM 0162     (4)  BC:9D82  DE:0000  HL:0000  AF:0087  SP:7FEF  PC:015D   
0162  C6 30     ADI 30      (4)  BC:9D82  DE:0000  HL:0000  AF:0087  SP:7FEF  PC:0162   
0164  C9        RET         (4)  BC:9D82  DE:0000  HL:0000  AF:3006  SP:7FEF  PC:0164   
014D  CD 31 01  CALL 0131   (3)  BC:9D82  DE:0000  HL:0000  AF:3006  SP:7FF1  PC:014D   
0131  C5        PUSH B      (4)  BC:9D82  DE:0000  HL:0000  AF:3006  SP:7FEF  PC:0131   
0132  D5        PUSH D      (4)  BC:9D82  DE:0000  HL:0000  AF:3006  SP:7FED  PC:0132   
0133  E5        PUSH H      (4)  BC:9D82  DE:0000  HL:0000  AF:3006  SP:7FEB  PC:0133   
0134  F5        PUSH PSW    (4)  BC:9D82  DE:0000  HL:0000  AF:3006  SP:7FE9  PC:0134   
0135  4F        MOV C,A     (4)  BC:9D82  DE:0000  HL:0000  AF:3006  SP:7FE7  PC:0135   
0136  CD 37 C0  CALL C037   (4)  BC:9D30  DE:0000  HL:0000  AF:3006  SP:7FE7  PC:0136   
0139  F1        POP PSW     (4)  BC:9D30  DE:0000  HL:0000  AF:3006  SP:7FE7  PC:0139   
013A  E1        POP H       (4)  BC:9D30  DE:0000  HL:0000  AF:3006  SP:7FE9  PC:013A   
013B  D1        POP D       (4)  BC:9D30  DE:0000  HL:0000  AF:3006  SP:7FEB  PC:013B   
013C  C1        POP B       (4)  BC:9D30  DE:0000  HL:0000  AF:3006  SP:7FED  PC:013C   
013D  C9        RET         (4)  BC:9D82  DE:0000  HL:0000  AF:3006  SP:7FEF  PC:013D   
0150  F1        POP PSW     (3)  BC:9D82  DE:0000  HL:0000  AF:3006  SP:7FF1  PC:0150   
0151  E1        POP H       (3)  BC:9D82  DE:0000  HL:0000  AF:0002  SP:7FF3  PC:0151   
0152  D1        POP D       (3)  BC:9D82  DE:0000  HL:0000  AF:0002  SP:7FF5  PC:0152   
0153  C1        POP B       (3)  BC:9D82  DE:0000  HL:0000  AF:0002  SP:7FF7  PC:0153   
0154  C9        RET         (3)  BC:9D82  DE:0000  HL:0000  AF:0002  SP:7FF9  PC:0154   
00E1  1F        RAR         (2)  BC:9D82  DE:0000  HL:0000  AF:0002  SP:7FFB  PC:00E1   
00E2  CD F8 00  CALL 00F8   (2)  BC:9D82  DE:0000  HL:0000  AF:0002  SP:7FFB  PC:00E2   
00F8  C5        PUSH B      (3)  BC:9D82  DE:0000  HL:0000  AF:0002  SP:7FF9  PC:00F8   
00F9  D5        PUSH D      (3)  BC:9D82  DE:0000  HL:0000  AF:0002  SP:7FF7  PC:00F9   
00FA  E5        PUSH H      (3)  BC:9D82  DE:0000  HL:0000  AF:0002  SP:7FF5  PC:00FA   
00FB  F5        PUSH PSW    (3)  BC:9D82  DE:0000  HL:0000  AF:0002  SP:7FF3  PC:00FB   
00FC  21 00 00  LXI H,0000  (3)  BC:9D82  DE:0000  HL:0000  AF:0002  SP:7FF1  PC:00FC   
00FF  39        DAD SP      (3)  BC:9D82  DE:0000  HL:0000  AF:0002  SP:7FF1  PC:00FF   
0100  0E 08     MVI C,08    (3)  BC:9D82  DE:0000  HL:7FF1  AF:0002  SP:7FF1  PC:0100   
0102  2B        DCX H       (3)  BC:9D08  DE:0000  HL:7FF1  AF:0002  SP:7FF1  PC:0102   
0103  0D        DCR C       (3)  BC:9D08  DE:0000  HL:7FF0  AF:0002  SP:7FF1  PC:0103   
0104  C2 02 01  JNZ 0102    (3)  BC:9D07  DE:0000  HL:7FF0  AF:0012  SP:7FF1  PC:0104   
0102  2B        DCX H       (3)  BC:9D07  DE:0000  HL:7FF0  AF:0012  SP:7FF1  PC:0102   
0103  0D        DCR C       (3)  BC:9D07  DE:0000  HL:7FEF  AF:0012  SP:7FF1  PC:0103   
0104  C2 02 01  JNZ 0102    (3)  BC:9D06  DE:0000  HL:7FEF  AF:0016  SP:7FF1  PC:0104   
0102  2B        DCX H       (3)  BC:9D06  DE:0000  HL:7FEF  AF:0016  SP:7FF1  PC:0102   
0103  0D        DCR C       (3)  BC:9D06  DE:0000  HL:7FEE  AF:0016  SP:7FF1  PC:0103   
0104  C2 02 01  JNZ 0102    (3)  BC:9D05  DE:0000  HL:7FEE  AF:0016  SP:7FF1  PC:0104   
0102  2B        DCX H       (3)  BC:9D05  DE:0000  HL:7FEE  AF:0016  SP:7FF1  PC:0102   
0103  0D        DCR C       (3)  BC:9D05  DE:0000  HL:7FED  AF:0016  SP:7FF1  PC:0103   
0104  C2 02 01  JNZ 0102    (3)  BC:9D04  DE:0000  HL:7FED  AF:0012  SP:7FF1  PC:0104   
0102  2B        DCX H       (3)  BC:9D04  DE:0000  HL:7FED  AF:0012  SP:7FF1  PC:0102   
0103  0D        DCR C       (3)  BC:9D04  DE:0000  HL:7FEC  AF:0012  SP:7FF1  PC:0103   
0104  C2 02 01  JNZ 0102    (3)  BC:9D03  DE:0000  HL:7FEC  AF:0016  SP:7FF1  PC:0104   
0102  2B        DCX H       (3)  BC:9D03  DE:0000  HL:7FEC  AF:0016  SP:7FF1  PC:0102   
0103  0D        DCR C       (3)  BC:9D03  DE:0000  HL:7FEB  AF:0016  SP:7FF1  PC:0103   
0104  C2 02 01  JNZ 0102    (3)  BC:9D02  DE:0000  HL:7FEB  AF:0012  SP:7FF1  PC:0104   
0102  2B        DCX H       (3)  BC:9D02  DE:0000  HL:7FEB  AF:0012  SP:7FF1  PC:0102   
0103  0D        DCR C       (3)  BC:9D02  DE:0000  HL:7FEA  AF:0012  SP:7FF1  PC:0103   
0104  C2 02 01  JNZ 0102    (3)  BC:9D01  DE:0000  HL:7FEA  AF:0012  SP:7FF1  PC:0104   
0102  2B        DCX H       (3)  BC:9D01  DE:0000  HL:7FEA  AF:0012  SP:7FF1  PC:0102   
0103  0D        DCR C       (3)  BC:9D01  DE:0000  HL:7FE9  AF:0012  SP:7FF1  PC:0103   
0104  C2 02 01  JNZ 0102    (3)  BC:9D00  DE:0000  HL:7FE9  AF:0056  SP:7FF1  PC:0104   
0107  11 65 00  LXI D,0065  (3)  BC:9D00  DE:0000  HL:7FE9  AF:0056  SP:7FF1  PC:0107   
010A  1A        LDAX D      (3)  BC:9D00  DE:0065  HL:7FE9  AF:0056  SP:7FF1  PC:010A   
010B  0E 08     MVI C,08    (3)  BC:9D00  DE:0065  HL:7FE9  AF:9B56  SP:7FF1  PC:010B   
010D  46        MOV B,M     (3)  BC:9D08  DE:0065  HL:7FE9  AF:9B56  SP:7FF1  PC:010D   
010E  A8        XRA B       (3)  BC:0008  DE:0065  HL:7FE9  AF:9B56  SP:7FF1  PC:010E   
010F  23        INX H       (3)  BC:0008  DE:0065  HL:7FE9  AF:9B82  SP:7FF1  PC:010F   
0110  0D        DCR C       (3)  BC:0008  DE:0065  HL:7FEA  AF:9B82  SP:7FF1  PC:0110   
0111  C2 0D 01  JNZ 010D    (3)  BC:0007  DE:0065  HL:7FEA  AF:9B12  SP:7FF1  PC:0111   
010D  46        MOV B,M     (3)  BC:0007  DE:0065  HL:7FEA  AF:9B12  SP:7FF1  PC:010D   
010E  A8        XRA B       (3)  BC:0007  DE:0065  HL:7FEA  AF:9B12  SP:7FF1  PC:010E   
010F  23        INX H       (3)  BC:0007  DE:0065  HL:7FEA  AF:9B82  SP:7FF1  PC:010F   
0110  0D        DCR C       (3)  BC:0007  DE:0065  HL:7FEB  AF:9B82  SP:7FF1  PC:0110   
0111  C2 0D 01  JNZ 010D    (3)  BC:0006  DE:0065  HL:7FEB  AF:9B16  SP:7FF1  PC:0111   
010D  46        MOV B,M     (3)  BC:0006  DE:0065  HL:7FEB  AF:9B16  SP:7FF1  PC:010D   
010E  A8        XRA B       (3)  BC:0006  DE:0065  HL:7FEB  AF:9B16  SP:7FF1  PC:010E   
010F  23        INX H       (3)  BC:0006  DE:0065  HL:7FEB  AF:9B82  SP:7FF1  PC:010F   
0110  0D        DCR C       (3)  BC:0006  DE:0065  HL:7FEC  AF:9B82  SP:7FF1  PC:0110   
0111  C2 0D 01  JNZ 010D    (3)  BC:0005  DE:0065  HL:7FEC  AF:9B16  SP:7FF1  PC:0111   
010D  46        MOV B,M     (3)  BC:0005  DE:0065  HL:7FEC  AF:9B16  SP:7FF1  PC:010D   
010E  A8        XRA B       (3)  BC:0005  DE:0065  HL:7FEC  AF:9B16  SP:7FF1  PC:010E   
010F  23        INX H       (3)  BC:0005  DE:0065  HL:7FEC  AF:9B82  SP:7FF1  PC:010F   
0110  0D        DCR C       (3)  BC:0005  DE:0065  HL:7FED  AF:9B82  SP:7FF1  PC:0110   
0111  C2 0D 01  JNZ 010D    (3)  BC:0004  DE:0065  HL:7FED  AF:9B12  SP:7FF1  PC:0111   
010D  46        MOV B,M     (3)  BC:0004  DE:0065  HL:7FED  AF:9B12  SP:7FF1  PC:010D   
010E  A8        XRA B       (3)  BC:8204  DE:0065  HL:7FED  AF:9B12  SP:7FF1  PC:010E   
010F  23        INX H       (3)  BC:8204  DE:0065  HL:7FED  AF:1902  SP:7FF1  PC:010F   
0110  0D        DCR C       (3)  BC:8204  DE:0065  HL:7FEE  AF:1902  SP:7FF1  PC:0110   
0111  C2 0D 01  JNZ 010D    (3)  BC:8203  DE:0065  HL:7FEE  AF:1916  SP:7FF1  PC:0111   
010D  46        MOV B,M     (3)  BC:8203  DE:0065  HL:7FEE  AF:1916  SP:7FF1  PC:010D   
010E  A8        XRA B       (3)  BC:9D03  DE:0065  HL:7FEE  AF:1916  SP:7FF1  PC:010E   
010F  23        INX H       (3)  BC:9D03  DE:0065  HL:7FEE  AF:8486  SP:7FF1  PC:010F   
0110  0D        DCR C       (3)  BC:9D03  DE:0065  HL:7FEF  AF:8486  SP:7FF1  PC:0110   
0111  C2 0D 01  JNZ 010D    (3)  BC:9D02  DE:0065  HL:7FEF  AF:8412  SP:7FF1  PC:0111   
010D  46        MOV B,M     (3)  BC:9D02  DE:0065  HL:7FEF  AF:8412  SP:7FF1  PC:010D   
010E  A8        XRA B       (3)  BC:5002  DE:0065  HL:7FEF  AF:8412  SP:7FF1  PC:010E   
010F  23        INX H       (3)  BC:5002  DE:0065  HL:7FEF  AF:D486  SP:7FF1  PC:010F   
0110  0D        DCR C       (3)  BC:5002  DE:0065  HL:7FF0  AF:D486  SP:7FF1  PC:0110   
0111  C2 0D 01  JNZ 010D    (3)  BC:5001  DE:0065  HL:7FF0  AF:D412  SP:7FF1  PC:0111   
010D  46        MOV B,M     (3)  BC:5001  DE:0065  HL:7FF0  AF:D412  SP:7FF1  PC:010D   
010E  A8        XRA B       (3)  BC:0101  DE:0065  HL:7FF0  AF:D412  SP:7FF1  PC:010E   
010F  23        INX H       (3)  BC:0101  DE:0065  HL:7FF0  AF:D582  SP:7FF1  PC:010F   
0110  0D        DCR C       (3)  BC:0101  DE:0065  HL:7FF1  AF:D582  SP:7FF1  PC:0110   
0111  C2 0D 01  JNZ 010D    (3)  BC:0100  DE:0065  HL:7FF1  AF:D556  SP:7FF1  PC:0111   
0114  12        STAX D      (3)  BC:0100  DE:0065  HL:7FF1  AF:D556  SP:7FF1  PC:0114   
0115  C1        POP B       (3)  BC:0100  DE:0065  HL:7FF1  AF:D556  SP:7FF1  PC:0115   
0116  D1        POP D       (3)  BC:0002  DE:0065  HL:7FF1  AF:D556  SP:7FF3  PC:0116   
0117  E1        POP H       (3)  BC:0002  DE:0000  HL:7FF1  AF:D556  SP:7FF5  PC:0117   
0118  F1        POP PSW     (3)  BC:0002  DE:0000  HL:0000  AF:D556  SP:7FF7  PC:0118   
0119  C9        RET         (3)  BC:0002  DE:0000  HL:0000  AF:9D82  SP:7FF9  PC:0119   
00E5  CD 3E 01  CALL 013E   (2)  BC:0002  DE:0000  HL:0000  AF:9D82  SP:7FFB  PC:00E5   
013E  C5        PUSH B      (3)  BC:0002  DE:0000  HL:0000  AF:9D82  SP:7FF9  PC:013E   
013F  D5        PUSH D      (3)  BC:0002  DE:0000  HL:0000  AF:9D82  SP:7FF7  PC:013F   
0140  E5        PUSH H      (3)  BC:0002  DE:0000  HL:0000  AF:9D82  SP:7FF5  PC:0140   
0141  F5        PUSH PSW    (3)  BC:0002  DE:0000  HL:0000  AF:9D82  SP:7FF3  PC:0141   
0142  F5        PUSH PSW    (3)  BC:0002  DE:0000  HL:0000  AF:9D82  SP:7FF1  PC:0142   
0143  CD 55 01  CALL 0155   (3)  BC:0002  DE:0000  HL:0000  AF:9D82  SP:7FEF  PC:0143   
0155  0F        RRC         (4)  BC:0002  DE:0000  HL:0000  AF:9D82  SP:7FED  PC:0155   
0156  0F        RRC         (4)  BC:0002  DE:0000  HL:0000  AF:CE83  SP:7FED  PC:0156   
0157  0F        RRC         (4)  BC:0002  DE:0000  HL:0000  AF:6782  SP:7FED  PC:0157   
0158  0F        RRC         (4)  BC:0002  DE:0000  HL:0000  AF:B383  SP:7FED  PC:0158   
0159  E6 0F     ANI 0F      (4)  BC:0002  DE:0000  HL:0000  AF:D983  SP:7FED  PC:0159   
015B  FE 0A     CPI 0A      (4)  BC:0002  DE:0000  HL:0000  AF:0916  SP:7FED  PC:015B   
015D  FA 62 01  JM 0162     (4)  BC:0002  DE:0000  HL:0000  AF:0987  SP:7FED  PC:015D   
0162  C6 30     ADI 30      (4)  BC:0002  DE:0000  HL:0000  AF:0987  SP:7FED  PC:0162   
0164  C9        RET         (4)  BC:0002  DE:0000  HL:0000  AF:3906  SP:7FED  PC:0164   
0146  CD 31 01  CALL 0131   (3)  BC:0002  DE:0000  HL:0000  AF:3906  SP:7FEF  PC:0146   
0131  C5        PUSH B      (4)  BC:0002  DE:0000  HL:0000  AF:3906  SP:7FED  PC:0131   
0132  D5        PUSH D      (4)  BC:0002  DE:0000  HL:0000  AF:3906  SP:7FEB  PC:0132   
0133  E5        PUSH H      (4)  BC:0002  DE:0000  HL:0000  AF:3906  SP:7FE9  PC:0133   
0134  F5        PUSH PSW    (4)  BC:0002  DE:0000  HL:0000  AF:3906  SP:7FE7  PC:0134   
0135  4F        MOV C,A     (4)  BC:0002  DE:0000  HL:0000  AF:3906  SP:7FE5  PC:0135   
0136  CD 37 C0  CALL C037   (4)  BC:0039  DE:0000  HL:0000  AF:3906  SP:7FE5  PC:0136   
0139  F1        POP PSW     (4)  BC:0039  DE:0000  HL:0000  AF:3906  SP:7FE5  PC:0139   
013A  E1        POP H       (4)  BC:0039  DE:0000  HL:0000  AF:3906  SP:7FE7  PC:013A   
013B  D1        POP D       (4)  BC:0039  DE:0000  HL:0000  AF:3906  SP:7FE9  PC:013B   
013C  C1        POP B       (4)  BC:0039  DE:0000  HL:0000  AF:3906  SP:7FEB  PC:013C   
013D  C9        RET         (4)  BC:0002  DE:0000  HL:0000  AF:3906  SP:7FED  PC:013D   
0149  F1        POP PSW     (3)  BC:0002  DE:0000  HL:0000  AF:3906  SP:7FEF  PC:0149   
014A  CD 59 01  CALL 0159   (3)  BC:0002  DE:0000  HL:0000  AF:9D82  SP:7FF1  PC:014A   
0159  E6 0F     ANI 0F      (4)  BC:0002  DE:0000  HL:0000  AF:9D82  SP:7FEF  PC:0159   
015B  FE 0A     CPI 0A      (4)  BC:0002  DE:0000  HL:0000  AF:0D12  SP:7FEF  PC:015B   
015D  FA 62 01  JM 0162     (4)  BC:0002  DE:0000  HL:0000  AF:0D16  SP:7FEF  PC:015D   
0160  C6 07     ADI 07      (4)  BC:0002  DE:0000  HL:0000  AF:0D16  SP:7FEF  PC:0160   
0162  C6 30     ADI 30      (4)  BC:0002  DE:0000  HL:0000  AF:1416  SP:7FEF  PC:0162   
0164  C9        RET         (4)  BC:0002  DE:0000  HL:0000  AF:4406  SP:7FEF  PC:0164   
014D  CD 31 01  CALL 0131   (3)  BC:0002  DE:0000  HL:0000  AF:4406  SP:7FF1  PC:014D   
0131  C5        PUSH B      (4)  BC:0002  DE:0000  HL:0000  AF:4406  SP:7FEF  PC:0131   
0132  D5        PUSH D      (4)  BC:0002  DE:0000  HL:0000  AF:4406  SP:7FED  PC:0132   
0133  E5        PUSH H      (4)  BC:0002  DE:0000  HL:0000  AF:4406  SP:7FEB  PC:0133   
0134  F5        PUSH PSW    (4)  BC:0002  DE:0000  HL:0000  AF:4406  SP:7FE9  PC:0134   
0135  4F        MOV C,A     (4)  BC:0002  DE:0000  HL:0000  AF:4406  SP:7FE7  PC:0135   
0136  CD 37 C0  CALL C037   (4)  BC:0044  DE:0000  HL:0000  AF:4406  SP:7FE7  PC:0136   
0139  F1        POP PSW     (4)  BC:0044  DE:0000  HL:0000  AF:4406  SP:7FE7  PC:0139   
013A  E1        POP H       (4)  BC:0044  DE:0000  HL:0000  AF:4406  SP:7FE9  PC:013A   
013B  D1        POP D       (4)  BC:0044  DE:0000  HL:0000  AF:4406  SP:7FEB  PC:013B   
013C  C1        POP B       (4)  BC:0044  DE:0000  HL:0000  AF:4406  SP:7FED  PC:013C   
013D  C9        RET         (4)  BC:0002  DE:0000  HL:0000  AF:4406  SP:7FEF  PC:013D   
0150  F1        POP PSW     (3)  BC:0002  DE:0000  HL:0000  AF:4406  SP:7FF1  PC:0150   
0151  E1        POP H       (3)  BC:0002  DE:0000  HL:0000  AF:9D82  SP:7FF3  PC:0151   
0152  D1        POP D       (3)  BC:0002  DE:0000  HL:0000  AF:9D82  SP:7FF5  PC:0152   
0153  C1        POP B       (3)  BC:0002  DE:0000  HL:0000  AF:9D82  SP:7FF7  PC:0153   
0154  C9        RET         (3)  BC:0002  DE:0000  HL:0000  AF:9D82  SP:7FF9  PC:0154   
00E8  E6 BE     ANI BE      (2)  BC:0002  DE:0000  HL:0000  AF:9D82  SP:7FFB  PC:00E8   
00EA  CD F8 00  CALL 00F8   (2)  BC:0002  DE:0000  HL:0000  AF:9C96  SP:7FFB  PC:00EA   
00F8  C5        PUSH B      (3)  BC:0002  DE:0000  HL:0000  AF:9C96  SP:7FF9  PC:00F8   
00F9  D5        PUSH D      (3)  BC:0002  DE:0000  HL:0000  AF:9C96  SP:7FF7  PC:00F9   
00FA  E5        PUSH H      (3)  BC:0002  DE:0000  HL:0000  AF:9C96  SP:7FF5  PC:00FA   
00FB  F5        PUSH PSW    (3)  BC:0002  DE:0000  HL:0000  AF:9C96  SP:7FF3  PC:00FB   
00FC  21 00 00  LXI H,0000  (3)  BC:0002  DE:0000  HL:0000  AF:9C96  SP:7FF1  PC:00FC   
00FF  39        DAD SP      (3)  BC:0002  DE:0000  HL:0000  AF:9C96  SP:7FF1  PC:00FF   
0100  0E 08     MVI C,08    (3)  BC:0002  DE:0000  HL:7FF1  AF:9C96  SP:7FF1  PC:0100   
0102  2B        DCX H       (3)  BC:0008  DE:0000  HL:7FF1  AF:9C96  SP:7FF1  PC:0102   
0103  0D        DCR C       (3)  BC:0008  DE:0000  HL:7FF0  AF:9C96  SP:7FF1  PC:0103   
0104  C2 02 01  JNZ 0102    (3)  BC:0007  DE:0000  HL:7FF0  AF:9C12  SP:7FF1  PC:0104   
0102  2B        DCX H       (3)  BC:0007  DE:0000  HL:7FF0  AF:9C12  SP:7FF1  PC:0102   
0103  0D        DCR C       (3)  BC:0007  DE:0000  HL:7FEF  AF:9C12  SP:7FF1  PC:0103   
0104  C2 02 01  JNZ 0102    (3)  BC:0006  DE:0000  HL:7FEF  AF:9C16  SP:7FF1  PC:0104   
0102  2B        DCX H       (3)  BC:0006  DE:0000  HL:7FEF  AF:9C16  SP:7FF1  PC:0102   
0103  0D        DCR C       (3)  BC:0006  DE:0000  HL:7FEE  AF:9C16  SP:7FF1  PC:0103   
0104  C2 02 01  JNZ 0102    (3)  BC:0005  DE:0000  HL:7FEE  AF:9C16  SP:7FF1  PC:0104   
0102  2B        DCX H       (3)  BC:0005  DE:0000  HL:7FEE  AF:9C16  SP:7FF1  PC:0102   
0103  0D        DCR C       (3)  BC:0005  DE:0000  HL:7FED  AF:9C16  SP:7FF1  PC:0103   
0104  C2 02 01  JNZ 0102    (3)  BC:0004  DE:0000  HL:7FED  AF:9C12  SP:7FF1  PC:0104   
0102  2B        DCX H       (3)  BC:0004  DE:0000  HL:7FED  AF:9C12  SP:7FF1  PC:0102   
0103  0D        DCR C       (3)  BC:0004  DE:0000  HL:7FEC  AF:9C12  SP:7FF1  PC:0103   
0104  C2 02 01  JNZ 0102    (3)  BC:0003  DE:0000  HL:7FEC  AF:9C16  SP:7FF1  PC:0104   
0102  2B        DCX H       (3)  BC:0003  DE:0000  HL:7FEC  AF:9C16  SP:7FF1  PC:0102   
0103  0D        DCR C       (3)  BC:0003  DE:0000  HL:7FEB  AF:9C16  SP:7FF1  PC:0103   
0104  C2 02 01  JNZ 0102    (3)  BC:0002  DE:0000  HL:7FEB  AF:9C12  SP:7FF1  PC:0104   
0102  2B        DCX H       (3)  BC:0002  DE:0000  HL:7FEB  AF:9C12  SP:7FF1  PC:0102   
0103  0D        DCR C       (3)  BC:0002  DE:0000  HL:7FEA  AF:9C12  SP:7FF1  PC:0103   
0104  C2 02 01  JNZ 0102    (3)  BC:0001  DE:0000  HL:7FEA  AF:9C12  SP:7FF1  PC:0104   
0102  2B        DCX H       (3)  BC:0001  DE:0000  HL:7FEA  AF:9C12  SP:7FF1  PC:0102   
0103  0D        DCR C       (3)  BC:0001  DE:0000  HL:7FE9  AF:9C12  SP:7FF1  PC:0103   
0104  C2 02 01  JNZ 0102    (3)  BC:0000  DE:0000  HL:7FE9  AF:9C56  SP:7FF1  PC:0104   
0107  11 65 00  LXI D,0065  (3)  BC:0000  DE:0000  HL:7FE9  AF:9C56  SP:7FF1  PC:0107   
010A  1A        LDAX D      (3)  BC:0000  DE:0065  HL:7FE9  AF:9C56  SP:7FF1  PC:010A   
010B  0E 08     MVI C,08    (3)  BC:0000  DE:0065  HL:7FE9  AF:D556  SP:7FF1  PC:010B   
010D  46        MOV B,M     (3)  BC:0008  DE:0065  HL:7FE9  AF:D556  SP:7FF1  PC:010D   
010E  A8        XRA B       (3)  BC:0008  DE:0065  HL:7FE9  AF:D556  SP:7FF1  PC:010E   
010F  23        INX H       (3)  BC:0008  DE:0065  HL:7FE9  AF:D582  SP:7FF1  PC:010F   
0110  0D        DCR C       (3)  BC:0008  DE:0065  HL:7FEA  AF:D582  SP:7FF1  PC:0110   
0111  C2 0D 01  JNZ 010D    (3)  BC:0007  DE:0065  HL:7FEA  AF:D512  SP:7FF1  PC:0111   
010D  46        MOV B,M     (3)  BC:0007  DE:0065  HL:7FEA  AF:D512  SP:7FF1  PC:010D   
010E  A8        XRA B       (3)  BC:0007  DE:0065  HL:7FEA  AF:D512  SP:7FF1  PC:010E   
010F  23        INX H       (3)  BC:0007  DE:0065  HL:7FEA  AF:D582  SP:7FF1  PC:010F   
0110  0D        DCR C       (3)  BC:0007  DE:0065  HL:7FEB  AF:D582  SP:7FF1  PC:0110   
0111  C2 0D 01  JNZ 010D    (3)  BC:0006  DE:0065  HL:7FEB  AF:D516  SP:7FF1  PC:0111   
010D  46        MOV B,M     (3)  BC:0006  DE:0065  HL:7FEB  AF:D516  SP:7FF1  PC:010D   
010E  A8        XRA B       (3)  BC:0006  DE:0065  HL:7FEB  AF:D516  SP:7FF1  PC:010E   
010F  23        INX H       (3)  BC:0006  DE:0065  HL:7FEB  AF:D582  SP:7FF1  PC:010F   
0110  0D        DCR C       (3)  BC:0006  DE:0065  HL:7FEC  AF:D582  SP:7FF1  PC:0110   
0111  C2 0D 01  JNZ 010D    (3)  BC:0005  DE:0065  HL:7FEC  AF:D516  SP:7FF1  PC:0111   
010D  46        MOV B,M     (3)  BC:0005  DE:0065  HL:7FEC  AF:D516  SP:7FF1  PC:010D   
010E  A8        XRA B       (3)  BC:0005  DE:0065  HL:7FEC  AF:D516  SP:7FF1  PC:010E   
010F  23        INX H       (3)  BC:0005  DE:0065  HL:7FEC  AF:D582  SP:7FF1  PC:010F   
0110  0D        DCR C       (3)  BC:0005  DE:0065  HL:7FED  AF:D582  SP:7FF1  PC:0110   
0111  C2 0D 01  JNZ 010D    (3)  BC:0004  DE:0065  HL:7FED  AF:D512  SP:7FF1  PC:0111   
010D  46        MOV B,M     (3)  BC:0004  DE:0065  HL:7FED  AF:D512  SP:7FF1  PC:010D   
010E  A8        XRA B       (3)  BC:0204  DE:0065  HL:7FED  AF:D512  SP:7FF1  PC:010E   
010F  23        INX H       (3)  BC:0204  DE:0065  HL:7FED  AF:D786  SP:7FF1  PC:010F   
0110  0D        DCR C       (3)  BC:0204  DE:0065  HL:7FEE  AF:D786  SP:7FF1  PC:0110   
0111  C2 0D 01  JNZ 010D    (3)  BC:0203  DE:0065  HL:7FEE  AF:D716  SP:7FF1  PC:0111   
010D  46        MOV B,M     (3)  BC:0203  DE:0065  HL:7FEE  AF:D716  SP:7FF1  PC:010D   
010E  A8        XRA B       (3)  BC:0003  DE:0065  HL:7FEE  AF:D716  SP:7FF1  PC:010E   
010F  23        INX H       (3)  BC:0003  DE:0065  HL:7FEE  AF:D786  SP:7FF1  PC:010F   
0110  0D        DCR C       (3)  BC:0003  DE:0065  HL:7FEF  AF:D786  SP:7FF1  PC:0110   
0111  C2 0D 01  JNZ 010D    (3)  BC:0002  DE:0065  HL:7FEF  AF:D712  SP:7FF1  PC:0111   
010D  46        MOV B,M     (3)  BC:0002  DE:0065  HL:7FEF  AF:D712  SP:7FF1  PC:010D   
010E  A8        XRA B       (3)  BC:5002  DE:0065  HL:7FEF  AF:D712  SP:7FF1  PC:010E   
010F  23        INX H       (3)  BC:5002  DE:0065  HL:7FEF  AF:8786  SP:7FF1  PC:010F   
0110  0D        DCR C       (3)  BC:5002  DE:0065  HL:7FF0  AF:8786  SP:7FF1  PC:0110   
0111  C2 0D 01  JNZ 010D    (3)  BC:5001  DE:0065  HL:7FF0  AF:8712  SP:7FF1  PC:0111   
010D  46        MOV B,M     (3)  BC:5001  DE:0065  HL:7FF0  AF:8712  SP:7FF1  PC:010D   
010E  A8        XRA B       (3)  BC:0101  DE:0065  HL:7FF0  AF:8712  SP:7FF1  PC:010E   
010F  23        INX H       (3)  BC:0101  DE:0065  HL:7FF0  AF:8682  SP:7FF1  PC:010F   
0110  0D        DCR C       (3)  BC:0101  DE:0065  HL:7FF1  AF:8682  SP:7FF1  PC:0110   
0111  C2 0D 01  JNZ 010D    (3)  BC:0100  DE:0065  HL:7FF1  AF:8656  SP:7FF1  PC:0111   
0114  12        STAX D      (3)  BC:0100  DE:0065  HL:7FF1  AF:8656  SP:7FF1  PC:0114   
0115  C1        POP B       (3)  BC:0100  DE:0065  HL:7FF1  AF:8656  SP:7FF1  PC:0115   
0116  D1        POP D       (3)  BC:9C96  DE:0065  HL:7FF1  AF:8656  SP:7FF3  PC:0116   
0117  E1        POP H       (3)  BC:9C96  DE:0000  HL:7FF1  AF:8656  SP:7FF5  PC:0117   
0118  F1        POP PSW     (3)  BC:9C96  DE:0000  HL:0000  AF:8656  SP:7FF7  PC:0118   
0119  C9        RET         (3)  BC:9C96  DE:0000  HL:0000  AF:0002  SP:7FF9  PC:0119   
00ED  CD 3E 01  CALL 013E   (2)  BC:9C96  DE:0000  HL:0000  AF:0002  SP:7FFB  PC:00ED   
013E  C5        PUSH B      (3)  BC:9C96  DE:0000  HL:0000  AF:0002  SP:7FF9  PC:013E   
013F  D5        PUSH D      (3)  BC:9C96  DE:0000  HL:0000  AF:0002  SP:7FF7  PC:013F   
0140  E5        PUSH H      (3)  BC:9C96  DE:0000  HL:0000  AF:0002  SP:7FF5  PC:0140   
0141  F5        PUSH PSW    (3)  BC:9C96  DE:0000  HL:0000  AF:0002  SP:7FF3  PC:0141   
0142  F5        PUSH PSW    (3)  BC:9C96  DE:0000  HL:0000  AF:0002  SP:7FF1  PC:0142   
0143  CD 55 01  CALL 0155   (3)  BC:9C96  DE:0000  HL:0000  AF:0002  SP:7FEF  PC:0143   
0155  0F        RRC         (4)  BC:9C96  DE:0000  HL:0000  AF:0002  SP:7FED  PC:0155   
0156  0F        RRC         (4)  BC:9C96  DE:0000  HL:0000  AF:0002  SP:7FED  PC:0156   
0157  0F        RRC         (4)  BC:9C96  DE:0000  HL:0000  AF:0002  SP:7FED  PC:0157   
0158  0F        RRC         (4)  BC:9C96  DE:0000  HL:0000  AF:0002  SP:7FED  PC:0158   
0159  E6 0F     ANI 0F      (4)  BC:9C96  DE:0000  HL:0000  AF:0002  SP:7FED  PC:0159   
015B  FE 0A     CPI 0A      (4)  BC:9C96  DE:0000  HL:0000  AF:0056  SP:7FED  PC:015B   
015D  FA 62 01  JM 0162     (4)  BC:9C96  DE:0000  HL:0000  AF:0087  SP:7FED  PC:015D   
0162  C6 30     ADI 30      (4)  BC:9C96  DE:0000  HL:0000  AF:0087  SP:7FED  PC:0162   
0164  C9        RET         (4)  BC:9C96  DE:0000  HL:0000  AF:3006  SP:7FED  PC:0164   
0146  CD 31 01  CALL 0131   (3)  BC:9C96  DE:0000  HL:0000  AF:3006  SP:7FEF  PC:0146   
0131  C5        PUSH B      (4)  BC:9C96  DE:0000  HL:0000  AF:3006  SP:7FED  PC:0131   
0132  D5        PUSH D      (4)  BC:9C96  DE:0000  HL:0000  AF:3006  SP:7FEB  PC:0132   
0133  E5        PUSH H      (4)  BC:9C96  DE:0000  HL:0000  AF:3006  SP:7FE9  PC:0133   
0134  F5        PUSH PSW    (4)  BC:9C96  DE:0000  HL:0000  AF:3006  SP:7FE7  PC:0134   
0135  4F        MOV C,A     (4)  BC:9C96  DE:0000  HL:0000  AF:3006  SP:7FE5  PC:0135   
0136  CD 37 C0  CALL C037   (4)  BC:9C30  DE:0000  HL:0000  AF:3006  SP:7FE5  PC:0136   
0139  F1        POP PSW     (4)  BC:9C30  DE:0000  HL:0000  AF:3006  SP:7FE5  PC:0139   
013A  E1        POP H       (4)  BC:9C30  DE:0000  HL:0000  AF:3006  SP:7FE7  PC:013A   
013B  D1        POP D       (4)  BC:9C30  DE:0000  HL:0000  AF:3006  SP:7FE9  PC:013B   
013C  C1        POP B       (4)  BC:9C30  DE:0000  HL:0000  AF:3006  SP:7FEB  PC:013C   
013D  C9        RET         (4)  BC:9C96  DE:0000  HL:0000  AF:3006  SP:7FED  PC:013D   
0149  F1        POP PSW     (3)  BC:9C96  DE:0000  HL:0000  AF:3006  SP:7FEF  PC:0149   
014A  CD 59 01  CALL 0159   (3)  BC:9C96  DE:0000  HL:0000  AF:0002  SP:7FF1  PC:014A   
0159  E6 0F     ANI 0F      (4)  BC:9C96  DE:0000  HL:0000  AF:0002  SP:7FEF  PC:0159   
015B  FE 0A     CPI 0A      (4)  BC:9C96  DE:0000  HL:0000  AF:0056  SP:7FEF  PC:015B   
015D  FA 62 01  JM 0162     (4)  BC:9C96  DE:0000  HL:0000  AF:0087  SP:7FEF  PC:015D   
0162  C6 30     ADI 30      (4)  BC:9C96  DE:0000  HL:0000  AF:0087  SP:7FEF  PC:0162   
0164  C9        RET         (4)  BC:9C96  DE:0000  HL:0000  AF:3006  SP:7FEF  PC:0164   
014D  CD 31 01  CALL 0131   (3)  BC:9C96  DE:0000  HL:0000  AF:3006  SP:7FF1  PC:014D   
0131  C5        PUSH B      (4)  BC:9C96  DE:0000  HL:0000  AF:3006  SP:7FEF  PC:0131   
0132  D5        PUSH D      (4)  BC:9C96  DE:0000  HL:0000  AF:3006  SP:7FED  PC:0132   
0133  E5        PUSH H      (4)  BC:9C96  DE:0000  HL:0000  AF:3006  SP:7FEB  PC:0133   
0134  F5        PUSH PSW    (4)  BC:9C96  DE:0000  HL:0000  AF:3006  SP:7FE9  PC:0134   
0135  4F        MOV C,A     (4)  BC:9C96  DE:0000  HL:0000  AF:3006  SP:7FE7  PC:0135   
0136  CD 37 C0  CALL C037   (4)  BC:9C30  DE:0000  HL:0000  AF:3006  SP:7FE7  PC:0136   
0139  F1        POP PSW     (4)  BC:9C30  DE:0000  HL:0000  AF:3006  SP:7FE7  PC:0139   
013A  E1        POP H       (4)  BC:9C30  DE:0000  HL:0000  AF:3006  SP:7FE9  PC:013A   
013B  D1        POP D       (4)  BC:9C30  DE:0000  HL:0000  AF:3006  SP:7FEB  PC:013B   
013C  C1        POP B       (4)  BC:9C30  DE:0000  HL:0000  AF:3006  SP:7FED  PC:013C   
013D  C9        RET         (4)  BC:9C96  DE:0000  HL:0000  AF:3006  SP:7FEF  PC:013D   
0150  F1        POP PSW     (3)  BC:9C96  DE:0000  HL:0000  AF:3006  SP:7FF1  PC:0150   
0151  E1        POP H       (3)  BC:9C96  DE:0000  HL:0000  AF:0002  SP:7FF3  PC:0151   
0152  D1        POP D       (3)  BC:9C96  DE:0000  HL:0000  AF:0002  SP:7FF5  PC:0152   
0153  C1        POP B       (3)  BC:9C96  DE:0000  HL:0000  AF:0002  SP:7FF7  PC:0153   
0154  C9        RET         (3)  BC:9C96  DE:0000  HL:0000  AF:0002  SP:7FF9  PC:0154   
00F0  17        RAL         (2)  BC:9C96  DE:0000  HL:0000  AF:0002  SP:7FFB  PC:00F0   
00F1  CD F8 00  CALL 00F8   (2)  BC:9C96  DE:0000  HL:0000  AF:0002  SP:7FFB  PC:00F1   
00F8  C5        PUSH B      (3)  BC:9C96  DE:0000  HL:0000  AF:0002  SP:7FF9  PC:00F8   
00F9  D5        PUSH D      (3)  BC:9C96  DE:0000  HL:0000  AF:0002  SP:7FF7  PC:00F9   
00FA  E5        PUSH H      (3)  BC:9C96  DE:0000  HL:0000  AF:0002  SP:7FF5  PC:00FA   
00FB  F5        PUSH PSW    (3)  BC:9C96  DE:0000  HL:0000  AF:0002  SP:7FF3  PC:00FB   
00FC  21 00 00  LXI H,0000  (3)  BC:9C96  DE:0000  HL:0000  AF:0002  SP:7FF1  PC:00FC   
00FF  39        DAD SP      (3)  BC:9C96  DE:0000  HL:0000  AF:0002  SP:7FF1  PC:00FF   
0100  0E 08     MVI C,08    (3)  BC:9C96  DE:0000  HL:7FF1  AF:0002  SP:7FF1  PC:0100   
0102  2B        DCX H       (3)  BC:9C08  DE:0000  HL:7FF1  AF:0002  SP:7FF1  PC:0102   
0103  0D        DCR C       (3)  BC:9C08  DE:0000  HL:7FF0  AF:0002  SP:7FF1  PC:0103   
0104  C2 02 01  JNZ 0102    (3)  BC:9C07  DE:0000  HL:7FF0  AF:0012  SP:7FF1  PC:0104   
0102  2B        DCX H       (3)  BC:9C07  DE:0000  HL:7FF0  AF:0012  SP:7FF1  PC:0102   
0103  0D        DCR C       (3)  BC:9C07  DE:0000  HL:7FEF  AF:0012  SP:7FF1  PC:0103   
0104  C2 02 01  JNZ 0102    (3)  BC:9C06  DE:0000  HL:7FEF  AF:0016  SP:7FF1  PC:0104   
0102  2B        DCX H       (3)  BC:9C06  DE:0000  HL:7FEF  AF:0016  SP:7FF1  PC:0102   
0103  0D        DCR C       (3)  BC:9C06  DE:0000  HL:7FEE  AF:0016  SP:7FF1  PC:0103   
0104  C2 02 01  JNZ 0102    (3)  BC:9C05  DE:0000  HL:7FEE  AF:0016  SP:7FF1  PC:0104   
0102  2B        DCX H       (3)  BC:9C05  DE:0000  HL:7FEE  AF:0016  SP:7FF1  PC:0102   
0103  0D        DCR C       (3)  BC:9C05  DE:0000  HL:7FED  AF:0016  SP:7FF1  PC:0103   
0104  C2 02 01  JNZ 0102    (3)  BC:9C04  DE:0000  HL:7FED  AF:0012  SP:7FF1  PC:0104   
0102  2B        DCX H       (3)  BC:9C04  DE:0000  HL:7FED  AF:0012  SP:7FF1  PC:0102   
0103  0D        DCR C       (3)  BC:9C04  DE:0000  HL:7FEC  AF:0012  SP:7FF1  PC:0103   
0104  C2 02 01  JNZ 0102    (3)  BC:9C03  DE:0000  HL:7FEC  AF:0016  SP:7FF1  PC:0104   
0102  2B        DCX H       (3)  BC:9C03  DE:0000  HL:7FEC  AF:0016  SP:7FF1  PC:0102   
0103  0D        DCR C       (3)  BC:9C03  DE:0000  HL:7FEB  AF:0016  SP:7FF1  PC:0103   
0104  C2 02 01  JNZ 0102    (3)  BC:9C02  DE:0000  HL:7FEB  AF:0012  SP:7FF1  PC:0104   
0102  2B        DCX H       (3)  BC:9C02  DE:0000  HL:7FEB  AF:0012  SP:7FF1  PC:0102   
0103  0D        DCR C       (3)  BC:9C02  DE:0000  HL:7FEA  AF:0012  SP:7FF1  PC:0103   
0104  C2 02 01  JNZ 0102    (3)  BC:9C01  DE:0000  HL:7FEA  AF:0012  SP:7FF1  PC:0104   
0102  2B        DCX H       (3)  BC:9C01  DE:0000  HL:7FEA  AF:0012  SP:7FF1  PC:0102   
0103  0D        DCR C       (3)  BC:9C01  DE:0000  HL:7FE9  AF:0012  SP:7FF1  PC:0103   
0104  C2 02 01  JNZ 0102    (3)  BC:9C00  DE:0000  HL:7FE9  AF:0056  SP:7FF1  PC:0104   
0107  11 65 00  LXI D,0065  (3)  BC:9C00  DE:0000  HL:7FE9  AF:0056  SP:7FF1  PC:0107   
010A  1A        LDAX D      (3)  BC:9C00  DE:0065  HL:7FE9  AF:0056  SP:7FF1  PC:010A   
010B  0E 08     MVI C,08    (3)  BC:9C00  DE:0065  HL:7FE9  AF:8656  SP:7FF1  PC:010B   
010D  46        MOV B,M     (3)  BC:9C08  DE:0065  HL:7FE9  AF:8656  SP:7FF1  PC:010D   
010E  A8        XRA B       (3)  BC:0008  DE:0065  HL:7FE9  AF:8656  SP:7FF1  PC:010E   
010F  23        INX H       (3)  BC:0008  DE:0065  HL:7FE9  AF:8682  SP:7FF1  PC:010F   
0110  0D        DCR C       (3)  BC:0008  DE:0065  HL:7FEA  AF:8682  SP:7FF1  PC:0110   
0111  C2 0D 01  JNZ 010D    (3)  BC:0007  DE:0065  HL:7FEA  AF:8612  SP:7FF1  PC:0111   
010D  46        MOV B,M     (3)  BC:0007  DE:0065  HL:7FEA  AF:8612  SP:7FF1  PC:010D   
010E  A8        XRA B       (3)  BC:0007  DE:0065  HL:7FEA  AF:8612  SP:7FF1  PC:010E   
010F  23        INX H       (3)  BC:0007  DE:0065  HL:7FEA  AF:8682  SP:7FF1  PC:010F   
0110  0D        DCR C       (3)  BC:0007  DE:0065  HL:7FEB  AF:8682  SP:7FF1  PC:0110   
0111  C2 0D 01  JNZ 010D    (3)  BC:0006  DE:0065  HL:7FEB  AF:8616  SP:7FF1  PC:0111   
010D  46        MOV B,M     (3)  BC:0006  DE:0065  HL:7FEB  AF:8616  SP:7FF1  PC:010D   
010E  A8        XRA B       (3)  BC:0006  DE:0065  HL:7FEB  AF:8616  SP:7FF1  PC:010E   
010F  23        INX H       (3)  BC:0006  DE:0065  HL:7FEB  AF:8682  SP:7FF1  PC:010F   
0110  0D        DCR C       (3)  BC:0006  DE:0065  HL:7FEC  AF:8682  SP:7FF1  PC:0110   
0111  C2 0D 01  JNZ 010D    (3)  BC:0005  DE:0065  HL:7FEC  AF:8616  SP:7FF1  PC:0111   
010D  46        MOV B,M     (3)  BC:0005  DE:0065  HL:7FEC  AF:8616  SP:7FF1  PC:010D   
010E  A8        XRA B       (3)  BC:0005  DE:0065  HL:7FEC  AF:8616  SP:7FF1  PC:010E   
010F  23        INX H       (3)  BC:0005  DE:0065  HL:7FEC  AF:8682  SP:7FF1  PC:010F   
0110  0D        DCR C       (3)  BC:0005  DE:0065  HL:7FED  AF:8682  SP:7FF1  PC:0110   
0111  C2 0D 01  JNZ 010D    (3)  BC:0004  DE:0065  HL:7FED  AF:8612  SP:7FF1  PC:0111   
010D  46        MOV B,M     (3)  BC:0004  DE:0065  HL:7FED  AF:8612  SP:7FF1  PC:010D   
010E  A8        XRA B       (3)  BC:9604  DE:0065  HL:7FED  AF:8612  SP:7FF1  PC:010E   
010F  23        INX H       (3)  BC:9604  DE:0065  HL:7FED  AF:1002  SP:7FF1  PC:010F   
0110  0D        DCR C       (3)  BC:9604  DE:0065  HL:7FEE  AF:1002  SP:7FF1  PC:0110   
0111  C2 0D 01  JNZ 010D    (3)  BC:9603  DE:0065  HL:7FEE  AF:1016  SP:7FF1  PC:0111   
010D  46        MOV B,M     (3)  BC:9603  DE:0065  HL:7FEE  AF:1016  SP:7FF1  PC:010D   
010E  A8        XRA B       (3)  BC:9C03  DE:0065  HL:7FEE  AF:1016  SP:7FF1  PC:010E   
010F  23        INX H       (3)  BC:9C03  DE:0065  HL:7FEE  AF:8C82  SP:7FF1  PC:010F   
0110  0D        DCR C       (3)  BC:9C03  DE:0065  HL:7FEF  AF:8C82  SP:7FF1  PC:0110   
0111  C2 0D 01  JNZ 010D    (3)  BC:9C02  DE:0065  HL:7FEF  AF:8C12  SP:7FF1  PC:0111   
010D  46        MOV B,M     (3)  BC:9C02  DE:0065  HL:7FEF  AF:8C12  SP:7FF1  PC:010D   
010E  A8        XRA B       (3)  BC:5002  DE:0065  HL:7FEF  AF:8C12  SP:7FF1  PC:010E   
010F  23        INX H       (3)  BC:5002  DE:0065  HL:7FEF  AF:DC82  SP:7FF1  PC:010F   
0110  0D        DCR C       (3)  BC:5002  DE:0065  HL:7FF0  AF:DC82  SP:7FF1  PC:0110   
0111  C2 0D 01  JNZ 010D    (3)  BC:5001  DE:0065  HL:7FF0  AF:DC12  SP:7FF1  PC:0111   
010D  46        MOV B,M     (3)  BC:5001  DE:0065  HL:7FF0  AF:DC12  SP:7FF1  PC:010D   
010E  A8        XRA B       (3)  BC:0101  DE:0065  HL:7FF0  AF:DC12  SP:7FF1  PC:010E   
010F  23        INX H       (3)  BC:0101  DE:0065  HL:7FF0  AF:DD86  SP:7FF1  PC:010F   
0110  0D        DCR C       (3)  BC:0101  DE:0065  HL:7FF1  AF:DD86  SP:7FF1  PC:0110   
0111  C2 0D 01  JNZ 010D    (3)  BC:0100  DE:0065  HL:7FF1  AF:DD56  SP:7FF1  PC:0111   
0114  12        STAX D      (3)  BC:0100  DE:0065  HL:7FF1  AF:DD56  SP:7FF1  PC:0114   
0115  C1        POP B       (3)  BC:0100  DE:0065  HL:7FF1  AF:DD56  SP:7FF1  PC:0115   
0116  D1        POP D       (3)  BC:0002  DE:0065  HL:7FF1  AF:DD56  SP:7FF3  PC:0116   
0117  E1        POP H       (3)  BC:0002  DE:0000  HL:7FF1  AF:DD56  SP:7FF5  PC:0117   
0118  F1        POP PSW     (3)  BC:0002  DE:0000  HL:0000  AF:DD56  SP:7FF7  PC:0118   
0119  C9        RET         (3)  BC:0002  DE:0000  HL:0000  AF:9C96  SP:7FF9  PC:0119   
00F4  CD 3E 01  CALL 013E   (2)  BC:0002  DE:0000  HL:0000  AF:9C96  SP:7FFB  PC:00F4   
013E  C5        PUSH B      (3)  BC:0002  DE:0000  HL:0000  AF:9C96  SP:7FF9  PC:013E   
013F  D5        PUSH D      (3)  BC:0002  DE:0000  HL:0000  AF:9C96  SP:7FF7  PC:013F   
0140  E5        PUSH H      (3)  BC:0002  DE:0000  HL:0000  AF:9C96  SP:7FF5  PC:0140   
0141  F5        PUSH PSW    (3)  BC:0002  DE:0000  HL:0000  AF:9C96  SP:7FF3  PC:0141   
0142  F5        PUSH PSW    (3)  BC:0002  DE:0000  HL:0000  AF:9C96  SP:7FF1  PC:0142   
0143  CD 55 01  CALL 0155   (3)  BC:0002  DE:0000  HL:0000  AF:9C96  SP:7FEF  PC:0143   
0155  0F        RRC         (4)  BC:0002  DE:0000  HL:0000  AF:9C96  SP:7FED  PC:0155   
0156  0F        RRC         (4)  BC:0002  DE:0000  HL:0000  AF:4E96  SP:7FED  PC:0156   
0157  0F        RRC         (4)  BC:0002  DE:0000  HL:0000  AF:2796  SP:7FED  PC:0157   
0158  0F        RRC         (4)  BC:0002  DE:0000  HL:0000  AF:9397  SP:7FED  PC:0158   
0159  E6 0F     ANI 0F      (4)  BC:0002  DE:0000  HL:0000  AF:C997  SP:7FED  PC:0159   
015B  FE 0A     CPI 0A      (4)  BC:0002  DE:0000  HL:0000  AF:0916  SP:7FED  PC:015B   
015D  FA 62 01  JM 0162     (4)  BC:0002  DE:0000  HL:0000  AF:0987  SP:7FED  PC:015D   
0162  C6 30     ADI 30      (4)  BC:0002  DE:0000  HL:0000  AF:0987  SP:7FED  PC:0162   
0164  C9        RET         (4)  BC:0002  DE:0000  HL:0000  AF:3906  SP:7FED  PC:0164   
0146  CD 31 01  CALL 0131   (3)  BC:0002  DE:0000  HL:0000  AF:3906  SP:7FEF  PC:0146   
0131  C5        PUSH B      (4)  BC:0002  DE:0000  HL:0000  AF:3906  SP:7FED  PC:0131   
0132  D5        PUSH D      (4)  BC:0002  DE:0000  HL:0000  AF:3906  SP:7FEB  PC:0132   
0133  E5        PUSH H      (4)  BC:0002  DE:0000  HL:0000  AF:3906  SP:7FE9  PC:0133   
0134  F5        PUSH PSW    (4)  BC:0002  DE:0000  HL:0000  AF:3906  SP:7FE7  PC:0134   
0135  4F        MOV C,A     (4)  BC:0002  DE:0000  HL:0000  AF:3906  SP:7FE5  PC:0135   
0136  CD 37 C0  CALL C037   (4)  BC:0039  DE:0000  HL:0000  AF:3906  SP:7FE5  PC:0136   
0139  F1        POP PSW     (4)  BC:0039  DE:0000  HL:0000  AF:3906  SP:7FE5  PC:0139   
013A  E1        POP H       (4)  BC:0039  DE:0000  HL:0000  AF:3906  SP:7FE7  PC:013A   
013B  D1        POP D       (4)  BC:0039  DE:0000  HL:0000  AF:3906  SP:7FE9  PC:013B   
013C  C1        POP B       (4)  BC:0039  DE:0000  HL:0000  AF:3906  SP:7FEB  PC:013C   
013D  C9        RET         (4)  BC:0002  DE:0000  HL:0000  AF:3906  SP:7FED  PC:013D   
0149  F1        POP PSW     (3)  BC:0002  DE:0000  HL:0000  AF:3906  SP:7FEF  PC:0149   
014A  CD 59 01  CALL 0159   (3)  BC:0002  DE:0000  HL:0000  AF:9C96  SP:7FF1  PC:014A   
0159  E6 0F     ANI 0F      (4)  BC:0002  DE:0000  HL:0000  AF:9C96  SP:7FEF  PC:0159   
015B  FE 0A     CPI 0A      (4)  BC:0002  DE:0000  HL:0000  AF:0C16  SP:7FEF  PC:015B   
015D  FA 62 01  JM 0162     (4)  BC:0002  DE:0000  HL:0000  AF:0C12  SP:7FEF  PC:015D   
0160  C6 07     ADI 07      (4)  BC:0002  DE:0000  HL:0000  AF:0C12  SP:7FEF  PC:0160   
0162  C6 30     ADI 30      (4)  BC:0002  DE:0000  HL:0000  AF:1312  SP:7FEF  PC:0162   
0164  C9        RET         (4)  BC:0002  DE:0000  HL:0000  AF:4302  SP:7FEF  PC:0164   
014D  CD 31 01  CALL 0131   (3)  BC:0002  DE:0000  HL:0000  AF:4302  SP:7FF1  PC:014D   
0131  C5        PUSH B      (4)  BC:0002  DE:0000  HL:0000  AF:4302  SP:7FEF  PC:0131   
0132  D5        PUSH D      (4)  BC:0002  DE:0000  HL:0000  AF:4302  SP:7FED  PC:0132   
0133  E5        PUSH H      (4)  BC:0002  DE:0000  HL:0000  AF:4302  SP:7FEB  PC:0133   
0134  F5        PUSH PSW    (4)  BC:0002  DE:0000  HL:0000  AF:4302  SP:7FE9  PC:0134   
0135  4F        MOV C,A     (4)  BC:0002  DE:0000  HL:0000  AF:4302  SP:7FE7  PC:0135   
0136  CD 37 C0  CALL C037   (4)  BC:0043  DE:0000  HL:0000  AF:4302  SP:7FE7  PC:0136   
0139  F1        POP PSW     (4)  BC:0043  DE:0000  HL:0000  AF:4302  SP:7FE7  PC:0139   
013A  E1        POP H       (4)  BC:0043  DE:0000  HL:0000  AF:4302  SP:7FE9  PC:013A   
013B  D1        POP D       (4)  BC:0043  DE:0000  HL:0000  AF:4302  SP:7FEB  PC:013B   
013C  C1        POP B       (4)  BC:0043  DE:0000  HL:0000  AF:4302  SP:7FED  PC:013C   
013D  C9        RET         (4)  BC:0002  DE:0000  HL:0000  AF:4302  SP:7FEF  PC:013D   
0150  F1        POP PSW     (3)  BC:0002  DE:0000  HL:0000  AF:4302  SP:7FF1  PC:0150   
0151  E1        POP H       (3)  BC:0002  DE:0000  HL:0000  AF:9C96  SP:7FF3  PC:0151   
0152  D1        POP D       (3)  BC:0002  DE:0000  HL:0000  AF:9C96  SP:7FF5  PC:0152   
0153  C1        POP B       (3)  BC:0002  DE:0000  HL:0000  AF:9C96  SP:7FF7  PC:0153   
0154  C9        RET         (3)  BC:0002  DE:0000  HL:0000  AF:9C96  SP:7FF9  PC:0154   
00F7  C9        RET         (2)  BC:0002  DE:0000  HL:0000  AF:9C96  SP:7FFB  PC:00F7   
005C  21 3F 00  LXI H,003F  (1)  BC:0002  DE:0000  HL:0000  AF:9C96  SP:7FFD  PC:005C   
005F  CD 1A 01  CALL 011A   (1)  BC:0002  DE:0000  HL:003F  AF:9C96  SP:7FFD  PC:005F   
011A  C5        PUSH B      (2)  BC:0002  DE:0000  HL:003F  AF:9C96  SP:7FFB  PC:011A   
011B  D5        PUSH D      (2)  BC:0002  DE:0000  HL:003F  AF:9C96  SP:7FF9  PC:011B   
011C  E5        PUSH H      (2)  BC:0002  DE:0000  HL:003F  AF:9C96  SP:7FF7  PC:011C   
011D  F5        PUSH PSW    (2)  BC:0002  DE:0000  HL:003F  AF:9C96  SP:7FF5  PC:011D   
011E  7E        MOV A,M     (2)  BC:0002  DE:0000  HL:003F  AF:9C96  SP:7FF3  PC:011E   
011F  FE 24     CPI 24      (2)  BC:0002  DE:0000  HL:003F  AF:0D96  SP:7FF3  PC:011F   
0121  CA 2C 01  JZ 012C     (2)  BC:0002  DE:0000  HL:003F  AF:0D93  SP:7FF3  PC:0121   
0124  7E        MOV A,M     (2)  BC:0002  DE:0000  HL:003F  AF:0D93  SP:7FF3  PC:0124   
0125  CD 31 01  CALL 0131   (2)  BC:0002  DE:0000  HL:003F  AF:0D93  SP:7FF3  PC:0125   
0131  C5        PUSH B      (3)  BC:0002  DE:0000  HL:003F  AF:0D93  SP:7FF1  PC:0131   
0132  D5        PUSH D      (3)  BC:0002  DE:0000  HL:003F  AF:0D93  SP:7FEF  PC:0132   
0133  E5        PUSH H      (3)  BC:0002  DE:0000  HL:003F  AF:0D93  SP:7FED  PC:0133   
0134  F5        PUSH PSW    (3)  BC:0002  DE:0000  HL:003F  AF:0D93  SP:7FEB  PC:0134   
0135  4F        MOV C,A     (3)  BC:0002  DE:0000  HL:003F  AF:0D93  SP:7FE9  PC:0135   
0136  CD 37 C0  CALL C037   (3)  BC:000D  DE:0000  HL:003F  AF:0D93  SP:7FE9  PC:0136   
0139  F1        POP PSW     (3)  BC:000D  DE:0000  HL:003F  AF:0D93  SP:7FE9  PC:0139   
013A  E1        POP H       (3)  BC:000D  DE:0000  HL:003F  AF:0D93  SP:7FEB  PC:013A   
013B  D1        POP D       (3)  BC:000D  DE:0000  HL:003F  AF:0D93  SP:7FED  PC:013B   
013C  C1        POP B       (3)  BC:000D  DE:0000  HL:003F  AF:0D93  SP:7FEF  PC:013C   
013D  C9        RET         (3)  BC:0002  DE:0000  HL:003F  AF:0D93  SP:7FF1  PC:013D   
0128  23        INX H       (2)  BC:0002  DE:0000  HL:003F  AF:0D93  SP:7FF3  PC:0128   
0129  C3 1E 01  JMP 011E    (2)  BC:0002  DE:0000  HL:0040  AF:0D93  SP:7FF3  PC:0129   
011E  7E        MOV A,M     (2)  BC:0002  DE:0000  HL:0040  AF:0D93  SP:7FF3  PC:011E   
011F  FE 24     CPI 24      (2)  BC:0002  DE:0000  HL:0040  AF:0A93  SP:7FF3  PC:011F   
0121  CA 2C 01  JZ 012C     (2)  BC:0002  DE:0000  HL:0040  AF:0A93  SP:7FF3  PC:0121   
0124  7E        MOV A,M     (2)  BC:0002  DE:0000  HL:0040  AF:0A93  SP:7FF3  PC:0124   
0125  CD 31 01  CALL 0131   (2)  BC:0002  DE:0000  HL:0040  AF:0A93  SP:7FF3  PC:0125   
0131  C5        PUSH B      (3)  BC:0002  DE:0000  HL:0040  AF:0A93  SP:7FF1  PC:0131   
0132  D5        PUSH D      (3)  BC:0002  DE:0000  HL:0040  AF:0A93  SP:7FEF  PC:0132   
0133  E5        PUSH H      (3)  BC:0002  DE:0000  HL:0040  AF:0A93  SP:7FED  PC:0133   
0134  F5        PUSH PSW    (3)  BC:0002  DE:0000  HL:0040  AF:0A93  SP:7FEB  PC:0134   
0135  4F        MOV C,A     (3)  BC:0002  DE:0000  HL:0040  AF:0A93  SP:7FE9  PC:0135   
0136  CD 37 C0  CALL C037   (3)  BC:000A  DE:0000  HL:0040  AF:0A93  SP:7FE9  PC:0136   
0139  F1        POP PSW     (3)  BC:000A  DE:0000  HL:0040  AF:0A93  SP:7FE9  PC:0139   
013A  E1        POP H       (3)  BC:000A  DE:0000  HL:0040  AF:0A93  SP:7FEB  PC:013A   
013B  D1        POP D       (3)  BC:000A  DE:0000  HL:0040  AF:0A93  SP:7FED  PC:013B   
013C  C1        POP B       (3)  BC:000A  DE:0000  HL:0040  AF:0A93  SP:7FEF  PC:013C   
013D  C9        RET         (3)  BC:0002  DE:0000  HL:0040  AF:0A93  SP:7FF1  PC:013D   
0128  23        INX H       (2)  BC:0002  DE:0000  HL:0040  AF:0A93  SP:7FF3  PC:0128   
0129  C3 1E 01  JMP 011E    (2)  BC:0002  DE:0000  HL:0041  AF:0A93  SP:7FF3  PC:0129   
011E  7E        MOV A,M     (2)  BC:0002  DE:0000  HL:0041  AF:0A93  SP:7FF3  PC:011E   
011F  FE 24     CPI 24      (2)  BC:0002  DE:0000  HL:0041  AF:5493  SP:7FF3  PC:011F   
0121  CA 2C 01  JZ 012C     (2)  BC:0002  DE:0000  HL:0041  AF:5416  SP:7FF3  PC:0121   
0124  7E        MOV A,M     (2)  BC:0002  DE:0000  HL:0041  AF:5416  SP:7FF3  PC:0124   
0125  CD 31 01  CALL 0131   (2)  BC:0002  DE:0000  HL:0041  AF:5416  SP:7FF3  PC:0125   
0131  C5        PUSH B      (3)  BC:0002  DE:0000  HL:0041  AF:5416  SP:7FF1  PC:0131   
0132  D5        PUSH D      (3)  BC:0002  DE:0000  HL:0041  AF:5416  SP:7FEF  PC:0132   
0133  E5        PUSH H      (3)  BC:0002  DE:0000  HL:0041  AF:5416  SP:7FED  PC:0133   
0134  F5        PUSH PSW    (3)  BC:0002  DE:0000  HL:0041  AF:5416  SP:7FEB  PC:0134   
0135  4F        MOV C,A     (3)  BC:0002  DE:0000  HL:0041  AF:5416  SP:7FE9  PC:0135   
0136  CD 37 C0  CALL C037   (3)  BC:0054  DE:0000  HL:0041  AF:5416  SP:7FE9  PC:0136   
0139  F1        POP PSW     (3)  BC:0054  DE:0000  HL:0041  AF:5416  SP:7FE9  PC:0139   
013A  E1        POP H       (3)  BC:0054  DE:0000  HL:0041  AF:5416  SP:7FEB  PC:013A   
013B  D1        POP D       (3)  BC:0054  DE:0000  HL:0041  AF:5416  SP:7FED  PC:013B   
013C  C1        POP B       (3)  BC:0054  DE:0000  HL:0041  AF:5416  SP:7FEF  PC:013C   
013D  C9        RET         (3)  BC:0002  DE:0000  HL:0041  AF:5416  SP:7FF1  PC:013D   
0128  23        INX H       (2)  BC:0002  DE:0000  HL:0041  AF:5416  SP:7FF3  PC:0128   
0129  C3 1E 01  JMP 011E    (2)  BC:0002  DE:0000  HL:0042  AF:5416  SP:7FF3  PC:0129   
011E  7E        MOV A,M     (2)  BC:0002  DE:0000  HL:0042  AF:5416  SP:7FF3  PC:011E   
011F  FE 24     CPI 24      (2)  BC:0002  DE:0000  HL:0042  AF:4516  SP:7FF3  PC:011F   
0121  CA 2C 01  JZ 012C     (2)  BC:0002  DE:0000  HL:0042  AF:4516  SP:7FF3  PC:0121   
0124  7E        MOV A,M     (2)  BC:0002  DE:0000  HL:0042  AF:4516  SP:7FF3  PC:0124   
0125  CD 31 01  CALL 0131   (2)  BC:0002  DE:0000  HL:0042  AF:4516  SP:7FF3  PC:0125   
0131  C5        PUSH B      (3)  BC:0002  DE:0000  HL:0042  AF:4516  SP:7FF1  PC:0131   
0132  D5        PUSH D      (3)  BC:0002  DE:0000  HL:0042  AF:4516  SP:7FEF  PC:0132   
0133  E5        PUSH H      (3)  BC:0002  DE:0000  HL:0042  AF:4516  SP:7FED  PC:0133   
0134  F5        PUSH PSW    (3)  BC:0002  DE:0000  HL:0042  AF:4516  SP:7FEB  PC:0134   
0135  4F        MOV C,A     (3)  BC:0002  DE:0000  HL:0042  AF:4516  SP:7FE9  PC:0135   
0136  CD 37 C0  CALL C037   (3)  BC:0045  DE:0000  HL:0042  AF:4516  SP:7FE9  PC:0136   
0139  F1        POP PSW     (3)  BC:0045  DE:0000  HL:0042  AF:4516  SP:7FE9  PC:0139   
013A  E1        POP H       (3)  BC:0045  DE:0000  HL:0042  AF:4516  SP:7FEB  PC:013A   
013B  D1        POP D       (3)  BC:0045  DE:0000  HL:0042  AF:4516  SP:7FED  PC:013B   
013C  C1        POP B       (3)  BC:0045  DE:0000  HL:0042  AF:4516  SP:7FEF  PC:013C   
013D  C9        RET         (3)  BC:0002  DE:0000  HL:0042  AF:4516  SP:7FF1  PC:013D   
0128  23        INX H       (2)  BC:0002  DE:0000  HL:0042  AF:4516  SP:7FF3  PC:0128   
0129  C3 1E 01  JMP 011E    (2)  BC:0002  DE:0000  HL:0043  AF:4516  SP:7FF3  PC:0129   
011E  7E        MOV A,M     (2)  BC:0002  DE:0000  HL:0043  AF:4516  SP:7FF3  PC:011E   
011F  FE 24     CPI 24      (2)  BC:0002  DE:0000  HL:0043  AF:5316  SP:7FF3  PC:011F   
0121  CA 2C 01  JZ 012C     (2)  BC:0002  DE:0000  HL:0043  AF:5302  SP:7FF3  PC:0121   
0124  7E        MOV A,M     (2)  BC:0002  DE:0000  HL:0043  AF:5302  SP:7FF3  PC:0124   
0125  CD 31 01  CALL 0131   (2)  BC:0002  DE:0000  HL:0043  AF:5302  SP:7FF3  PC:0125   
0131  C5        PUSH B      (3)  BC:0002  DE:0000  HL:0043  AF:5302  SP:7FF1  PC:0131   
0132  D5        PUSH D      (3)  BC:0002  DE:0000  HL:0043  AF:5302  SP:7FEF  PC:0132   
0133  E5        PUSH H      (3)  BC:0002  DE:0000  HL:0043  AF:5302  SP:7FED  PC:0133   
0134  F5        PUSH PSW    (3)  BC:0002  DE:0000  HL:0043  AF:5302  SP:7FEB  PC:0134   
0135  4F        MOV C,A     (3)  BC:0002  DE:0000  HL:0043  AF:5302  SP:7FE9  PC:0135   
0136  CD 37 C0  CALL C037   (3)  BC:0053  DE:0000  HL:0043  AF:5302  SP:7FE9  PC:0136   
0139  F1        POP PSW     (3)  BC:0053  DE:0000  HL:0043  AF:5302  SP:7FE9  PC:0139   
013A  E1        POP H       (3)  BC:0053  DE:0000  HL:0043  AF:5302  SP:7FEB  PC:013A   
013B  D1        POP D       (3)  BC:0053  DE:0000  HL:0043  AF:5302  SP:7FED  PC:013B   
013C  C1        POP B       (3)  BC:0053  DE:0000  HL:0043  AF:5302  SP:7FEF  PC:013C   
013D  C9        RET         (3)  BC:0002  DE:0000  HL:0043  AF:5302  SP:7FF1  PC:013D   
0128  23        INX H       (2)  BC:0002  DE:0000  HL:0043  AF:5302  SP:7FF3  PC:0128   
0129  C3 1E 01  JMP 011E    (2)  BC:0002  DE:0000  HL:0044  AF:5302  SP:7FF3  PC:0129   
011E  7E        MOV A,M     (2)  BC:0002  DE:0000  HL:0044  AF:5302  SP:7FF3  PC:011E   
011F  FE 24     CPI 24      (2)  BC:0002  DE:0000  HL:0044  AF:5402  SP:7FF3  PC:011F   
0121  CA 2C 01  JZ 012C     (2)  BC:0002  DE:0000  HL:0044  AF:5416  SP:7FF3  PC:0121   
0124  7E        MOV A,M     (2)  BC:0002  DE:0000  HL:0044  AF:5416  SP:7FF3  PC:0124   
0125  CD 31 01  CALL 0131   (2)  BC:0002  DE:0000  HL:0044  AF:5416  SP:7FF3  PC:0125   
0131  C5        PUSH B      (3)  BC:0002  DE:0000  HL:0044  AF:5416  SP:7FF1  PC:0131   
0132  D5        PUSH D      (3)  BC:0002  DE:0000  HL:0044  AF:5416  SP:7FEF  PC:0132   
0133  E5        PUSH H      (3)  BC:0002  DE:0000  HL:0044  AF:5416  SP:7FED  PC:0133   
0134  F5        PUSH PSW    (3)  BC:0002  DE:0000  HL:0044  AF:5416  SP:7FEB  PC:0134   
0135  4F        MOV C,A     (3)  BC:0002  DE:0000  HL:0044  AF:5416  SP:7FE9  PC:0135   
0136  CD 37 C0  CALL C037   (3)  BC:0054  DE:0000  HL:0044  AF:5416  SP:7FE9  PC:0136   
0139  F1        POP PSW     (3)  BC:0054  DE:0000  HL:0044  AF:5416  SP:7FE9  PC:0139   
013A  E1        POP H       (3)  BC:0054  DE:0000  HL:0044  AF:5416  SP:7FEB  PC:013A   
013B  D1        POP D       (3)  BC:0054  DE:0000  HL:0044  AF:5416  SP:7FED  PC:013B   
013C  C1        POP B       (3)  BC:0054  DE:0000  HL:0044  AF:5416  SP:7FEF  PC:013C   
013D  C9        RET         (3)  BC:0002  DE:0000  HL:0044  AF:5416  SP:7FF1  PC:013D   
0128  23        INX H       (2)  BC:0002  DE:0000  HL:0044  AF:5416  SP:7FF3  PC:0128   
0129  C3 1E 01  JMP 011E    (2)  BC:0002  DE:0000  HL:0045  AF:5416  SP:7FF3  PC:0129   
011E  7E        MOV A,M     (2)  BC:0002  DE:0000  HL:0045  AF:5416  SP:7FF3  PC:011E   
011F  FE 24     CPI 24      (2)  BC:0002  DE:0000  HL:0045  AF:5316  SP:7FF3  PC:011F   
0121  CA 2C 01  JZ 012C     (2)  BC:0002  DE:0000  HL:0045  AF:5302  SP:7FF3  PC:0121   
0124  7E        MOV A,M     (2)  BC:0002  DE:0000  HL:0045  AF:5302  SP:7FF3  PC:0124   
0125  CD 31 01  CALL 0131   (2)  BC:0002  DE:0000  HL:0045  AF:5302  SP:7FF3  PC:0125   
0131  C5        PUSH B      (3)  BC:0002  DE:0000  HL:0045  AF:5302  SP:7FF1  PC:0131   
0132  D5        PUSH D      (3)  BC:0002  DE:0000  HL:0045  AF:5302  SP:7FEF  PC:0132   
0133  E5        PUSH H      (3)  BC:0002  DE:0000  HL:0045  AF:5302  SP:7FED  PC:0133   
0134  F5        PUSH PSW    (3)  BC:0002  DE:0000  HL:0045  AF:5302  SP:7FEB  PC:0134   
0135  4F        MOV C,A     (3)  BC:0002  DE:0000  HL:0045  AF:5302  SP:7FE9  PC:0135   
0136  CD 37 C0  CALL C037   (3)  BC:0053  DE:0000  HL:0045  AF:5302  SP:7FE9  PC:0136   
0139  F1        POP PSW     (3)  BC:0053  DE:0000  HL:0045  AF:5302  SP:7FE9  PC:0139   
013A  E1        POP H       (3)  BC:0053  DE:0000  HL:0045  AF:5302  SP:7FEB  PC:013A   
013B  D1        POP D       (3)  BC:0053  DE:0000  HL:0045  AF:5302  SP:7FED  PC:013B   
013C  C1        POP B       (3)  BC:0053  DE:0000  HL:0045  AF:5302  SP:7FEF  PC:013C   
013D  C9        RET         (3)  BC:0002  DE:0000  HL:0045  AF:5302  SP:7FF1  PC:013D   
0128  23        INX H       (2)  BC:0002  DE:0000  HL:0045  AF:5302  SP:7FF3  PC:0128   
0129  C3 1E 01  JMP 011E    (2)  BC:0002  DE:0000  HL:0046  AF:5302  SP:7FF3  PC:0129   
011E  7E        MOV A,M     (2)  BC:0002  DE:0000  HL:0046  AF:5302  SP:7FF3  PC:011E   
011F  FE 24     CPI 24      (2)  BC:0002  DE:0000  HL:0046  AF:2002  SP:7FF3  PC:011F   
0121  CA 2C 01  JZ 012C     (2)  BC:0002  DE:0000  HL:0046  AF:2087  SP:7FF3  PC:0121   
0124  7E        MOV A,M     (2)  BC:0002  DE:0000  HL:0046  AF:2087  SP:7FF3  PC:0124   
0125  CD 31 01  CALL 0131   (2)  BC:0002  DE:0000  HL:0046  AF:2087  SP:7FF3  PC:0125   
0131  C5        PUSH B      (3)  BC:0002  DE:0000  HL:0046  AF:2087  SP:7FF1  PC:0131   
0132  D5        PUSH D      (3)  BC:0002  DE:0000  HL:0046  AF:2087  SP:7FEF  PC:0132   
0133  E5        PUSH H      (3)  BC:0002  DE:0000  HL:0046  AF:2087  SP:7FED  PC:0133   
0134  F5        PUSH PSW    (3)  BC:0002  DE:0000  HL:0046  AF:2087  SP:7FEB  PC:0134   
0135  4F        MOV C,A     (3)  BC:0002  DE:0000  HL:0046  AF:2087  SP:7FE9  PC:0135   
0136  CD 37 C0  CALL C037   (3)  BC:0020  DE:0000  HL:0046  AF:2087  SP:7FE9  PC:0136   
0139  F1        POP PSW     (3)  BC:0020  DE:0000  HL:0046  AF:2087  SP:7FE9  PC:0139   
013A  E1        POP H       (3)  BC:0020  DE:0000  HL:0046  AF:2087  SP:7FEB  PC:013A   
013B  D1        POP D       (3)  BC:0020  DE:0000  HL:0046  AF:2087  SP:7FED  PC:013B   
013C  C1        POP B       (3)  BC:0020  DE:0000  HL:0046  AF:2087  SP:7FEF  PC:013C   
013D  C9        RET         (3)  BC:0002  DE:0000  HL:0046  AF:2087  SP:7FF1  PC:013D   
0128  23        INX H       (2)  BC:0002  DE:0000  HL:0046  AF:2087  SP:7FF3  PC:0128   
0129  C3 1E 01  JMP 011E    (2)  BC:0002  DE:0000  HL:0047  AF:2087  SP:7FF3  PC:0129   
011E  7E        MOV A,M     (2)  BC:0002  DE:0000  HL:0047  AF:2087  SP:7FF3  PC:011E   
011F  FE 24     CPI 24      (2)  BC:0002  DE:0000  HL:0047  AF:4387  SP:7FF3  PC:011F   
0121  CA 2C 01  JZ 012C     (2)  BC:0002  DE:0000  HL:0047  AF:4302  SP:7FF3  PC:0121   
0124  7E        MOV A,M     (2)  BC:0002  DE:0000  HL:0047  AF:4302  SP:7FF3  PC:0124   
0125  CD 31 01  CALL 0131   (2)  BC:0002  DE:0000  HL:0047  AF:4302  SP:7FF3  PC:0125   
0131  C5        PUSH B      (3)  BC:0002  DE:0000  HL:0047  AF:4302  SP:7FF1  PC:0131   
0132  D5        PUSH D      (3)  BC:0002  DE:0000  HL:0047  AF:4302  SP:7FEF  PC:0132   
0133  E5        PUSH H      (3)  BC:0002  DE:0000  HL:0047  AF:4302  SP:7FED  PC:0133   
0134  F5        PUSH PSW    (3)  BC:0002  DE:0000  HL:0047  AF:4302  SP:7FEB  PC:0134   
0135  4F        MOV C,A     (3)  BC:0002  DE:0000  HL:0047  AF:4302  SP:7FE9  PC:0135   
0136  CD 37 C0  CALL C037   (3)  BC:0043  DE:0000  HL:0047  AF:4302  SP:7FE9  PC:0136   
0139  F1        POP PSW     (3)  BC:0043  DE:0000  HL:0047  AF:4302  SP:7FE9  PC:0139   
013A  E1        POP H       (3)  BC:0043  DE:0000  HL:0047  AF:4302  SP:7FEB  PC:013A   
013B  D1        POP D       (3)  BC:0043  DE:0000  HL:0047  AF:4302  SP:7FED  PC:013B   
013C  C1        POP B       (3)  BC:0043  DE:0000  HL:0047  AF:4302  SP:7FEF  PC:013C   
013D  C9        RET         (3)  BC:0002  DE:0000  HL:0047  AF:4302  SP:7FF1  PC:013D   
0128  23        INX H       (2)  BC:0002  DE:0000  HL:0047  AF:4302  SP:7FF3  PC:0128   
0129  C3 1E 01  JMP 011E    (2)  BC:0002  DE:0000  HL:0048  AF:4302  SP:7FF3  PC:0129   
011E  7E        MOV A,M     (2)  BC:0002  DE:0000  HL:0048  AF:4302  SP:7FF3  PC:011E   
011F  FE 24     CPI 24      (2)  BC:0002  DE:0000  HL:0048  AF:4F02  SP:7FF3  PC:011F   
0121  CA 2C 01  JZ 012C     (2)  BC:0002  DE:0000  HL:0048  AF:4F16  SP:7FF3  PC:0121   
0124  7E        MOV A,M     (2)  BC:0002  DE:0000  HL:0048  AF:4F16  SP:7FF3  PC:0124   
0125  CD 31 01  CALL 0131   (2)  BC:0002  DE:0000  HL:0048  AF:4F16  SP:7FF3  PC:0125   
0131  C5        PUSH B      (3)  BC:0002  DE:0000  HL:0048  AF:4F16  SP:7FF1  PC:0131   
0132  D5        PUSH D      (3)  BC:0002  DE:0000  HL:0048  AF:4F16  SP:7FEF  PC:0132   
0133  E5        PUSH H      (3)  BC:0002  DE:0000  HL:0048  AF:4F16  SP:7FED  PC:0133   
0134  F5        PUSH PSW    (3)  BC:0002  DE:0000  HL:0048  AF:4F16  SP:7FEB  PC:0134   
0135  4F        MOV C,A     (3)  BC:0002  DE:0000  HL:0048  AF:4F16  SP:7FE9  PC:0135   
0136  CD 37 C0  CALL C037   (3)  BC:004F  DE:0000  HL:0048  AF:4F16  SP:7FE9  PC:0136   
0139  F1        POP PSW     (3)  BC:004F  DE:0000  HL:0048  AF:4F16  SP:7FE9  PC:0139   
013A  E1        POP H       (3)  BC:004F  DE:0000  HL:0048  AF:4F16  SP:7FEB  PC:013A   
013B  D1        POP D       (3)  BC:004F  DE:0000  HL:0048  AF:4F16  SP:7FED  PC:013B   
013C  C1        POP B       (3)  BC:004F  DE:0000  HL:0048  AF:4F16  SP:7FEF  PC:013C   
013D  C9        RET         (3)  BC:0002  DE:0000  HL:0048  AF:4F16  SP:7FF1  PC:013D   
0128  23        INX H       (2)  BC:0002  DE:0000  HL:0048  AF:4F16  SP:7FF3  PC:0128   
0129  C3 1E 01  JMP 011E    (2)  BC:0002  DE:0000  HL:0049  AF:4F16  SP:7FF3  PC:0129   
011E  7E        MOV A,M     (2)  BC:0002  DE:0000  HL:0049  AF:4F16  SP:7FF3  PC:011E   
011F  FE 24     CPI 24      (2)  BC:0002  DE:0000  HL:0049  AF:4D16  SP:7FF3  PC:011F   
0121  CA 2C 01  JZ 012C     (2)  BC:0002  DE:0000  HL:0049  AF:4D12  SP:7FF3  PC:0121   
0124  7E        MOV A,M     (2)  BC:0002  DE:0000  HL:0049  AF:4D12  SP:7FF3  PC:0124   
0125  CD 31 01  CALL 0131   (2)  BC:0002  DE:0000  HL:0049  AF:4D12  SP:7FF3  PC:0125   
0131  C5        PUSH B      (3)  BC:0002  DE:0000  HL:0049  AF:4D12  SP:7FF1  PC:0131   
0132  D5        PUSH D      (3)  BC:0002  DE:0000  HL:0049  AF:4D12  SP:7FEF  PC:0132   
0133  E5        PUSH H      (3)  BC:0002  DE:0000  HL:0049  AF:4D12  SP:7FED  PC:0133   
0134  F5        PUSH PSW    (3)  BC:0002  DE:0000  HL:0049  AF:4D12  SP:7FEB  PC:0134   
0135  4F        MOV C,A     (3)  BC:0002  DE:0000  HL:0049  AF:4D12  SP:7FE9  PC:0135   
0136  CD 37 C0  CALL C037   (3)  BC:004D  DE:0000  HL:0049  AF:4D12  SP:7FE9  PC:0136   
0139  F1        POP PSW     (3)  BC:004D  DE:0000  HL:0049  AF:4D12  SP:7FE9  PC:0139   
013A  E1        POP H       (3)  BC:004D  DE:0000  HL:0049  AF:4D12  SP:7FEB  PC:013A   
013B  D1        POP D       (3)  BC:004D  DE:0000  HL:0049  AF:4D12  SP:7FED  PC:013B   
013C  C1        POP B       (3)  BC:004D  DE:0000  HL:0049  AF:4D12  SP:7FEF  PC:013C   
013D  C9        RET         (3)  BC:0002  DE:0000  HL:0049  AF:4D12  SP:7FF1  PC:013D   
0128  23        INX H       (2)  BC:0002  DE:0000  HL:0049  AF:4D12  SP:7FF3  PC:0128   
0129  C3 1E 01  JMP 011E    (2)  BC:0002  DE:0000  HL:004A  AF:4D12  SP:7FF3  PC:0129   
011E  7E        MOV A,M     (2)  BC:0002  DE:0000  HL:004A  AF:4D12  SP:7FF3  PC:011E   
011F  FE 24     CPI 24      (2)  BC:0002  DE:0000  HL:004A  AF:5012  SP:7FF3  PC:011F   
0121  CA 2C 01  JZ 012C     (2)  BC:0002  DE:0000  HL:004A  AF:5002  SP:7FF3  PC:0121   
0124  7E        MOV A,M     (2)  BC:0002  DE:0000  HL:004A  AF:5002  SP:7FF3  PC:0124   
0125  CD 31 01  CALL 0131   (2)  BC:0002  DE:0000  HL:004A  AF:5002  SP:7FF3  PC:0125   
0131  C5        PUSH B      (3)  BC:0002  DE:0000  HL:004A  AF:5002  SP:7FF1  PC:0131   
0132  D5        PUSH D      (3)  BC:0002  DE:0000  HL:004A  AF:5002  SP:7FEF  PC:0132   
0133  E5        PUSH H      (3)  BC:0002  DE:0000  HL:004A  AF:5002  SP:7FED  PC:0133   
0134  F5        PUSH PSW    (3)  BC:0002  DE:0000  HL:004A  AF:5002  SP:7FEB  PC:0134   
0135  4F        MOV C,A     (3)  BC:0002  DE:0000  HL:004A  AF:5002  SP:7FE9  PC:0135   
0136  CD 37 C0  CALL C037   (3)  BC:0050  DE:0000  HL:004A  AF:5002  SP:7FE9  PC:0136   
0139  F1        POP PSW     (3)  BC:0050  DE:0000  HL:004A  AF:5002  SP:7FE9  PC:0139   
013A  E1        POP H       (3)  BC:0050  DE:0000  HL:004A  AF:5002  SP:7FEB  PC:013A   
013B  D1        POP D       (3)  BC:0050  DE:0000  HL:004A  AF:5002  SP:7FED  PC:013B   
013C  C1        POP B       (3)  BC:0050  DE:0000  HL:004A  AF:5002  SP:7FEF  PC:013C   
013D  C9        RET         (3)  BC:0002  DE:0000  HL:004A  AF:5002  SP:7FF1  PC:013D   
0128  23        INX H       (2)  BC:0002  DE:0000  HL:004A  AF:5002  SP:7FF3  PC:0128   
0129  C3 1E 01  JMP 011E    (2)  BC:0002  DE:0000  HL:004B  AF:5002  SP:7FF3  PC:0129   
011E  7E        MOV A,M     (2)  BC:0002  DE:0000  HL:004B  AF:5002  SP:7FF3  PC:011E   
011F  FE 24     CPI 24      (2)  BC:0002  DE:0000  HL:004B  AF:4C02  SP:7FF3  PC:011F   
0121  CA 2C 01  JZ 012C     (2)  BC:0002  DE:0000  HL:004B  AF:4C16  SP:7FF3  PC:0121   
0124  7E        MOV A,M     (2)  BC:0002  DE:0000  HL:004B  AF:4C16  SP:7FF3  PC:0124   
0125  CD 31 01  CALL 0131   (2)  BC:0002  DE:0000  HL:004B  AF:4C16  SP:7FF3  PC:0125   
0131  C5        PUSH B      (3)  BC:0002  DE:0000  HL:004B  AF:4C16  SP:7FF1  PC:0131   
0132  D5        PUSH D      (3)  BC:0002  DE:0000  HL:004B  AF:4C16  SP:7FEF  PC:0132   
0133  E5        PUSH H      (3)  BC:0002  DE:0000  HL:004B  AF:4C16  SP:7FED  PC:0133   
0134  F5        PUSH PSW    (3)  BC:0002  DE:0000  HL:004B  AF:4C16  SP:7FEB  PC:0134   
0135  4F        MOV C,A     (3)  BC:0002  DE:0000  HL:004B  AF:4C16  SP:7FE9  PC:0135   
0136  CD 37 C0  CALL C037   (3)  BC:004C  DE:0000  HL:004B  AF:4C16  SP:7FE9  PC:0136   
0139  F1        POP PSW     (3)  BC:004C  DE:0000  HL:004B  AF:4C16  SP:7FE9  PC:0139   
013A  E1        POP H       (3)  BC:004C  DE:0000  HL:004B  AF:4C16  SP:7FEB  PC:013A   
013B  D1        POP D       (3)  BC:004C  DE:0000  HL:004B  AF:4C16  SP:7FED  PC:013B   
013C  C1        POP B       (3)  BC:004C  DE:0000  HL:004B  AF:4C16  SP:7FEF  PC:013C   
013D  C9        RET         (3)  BC:0002  DE:0000  HL:004B  AF:4C16  SP:7FF1  PC:013D   
0128  23        INX H       (2)  BC:0002  DE:0000  HL:004B  AF:4C16  SP:7FF3  PC:0128   
0129  C3 1E 01  JMP 011E    (2)  BC:0002  DE:0000  HL:004C  AF:4C16  SP:7FF3  PC:0129   
011E  7E        MOV A,M     (2)  BC:0002  DE:0000  HL:004C  AF:4C16  SP:7FF3  PC:011E   
011F  FE 24     CPI 24      (2)  BC:0002  DE:0000  HL:004C  AF:4516  SP:7FF3  PC:011F   
0121  CA 2C 01  JZ 012C     (2)  BC:0002  DE:0000  HL:004C  AF:4516  SP:7FF3  PC:0121   
0124  7E        MOV A,M     (2)  BC:0002  DE:0000  HL:004C  AF:4516  SP:7FF3  PC:0124   
0125  CD 31 01  CALL 0131   (2)  BC:0002  DE:0000  HL:004C  AF:4516  SP:7FF3  PC:0125   
0131  C5        PUSH B      (3)  BC:0002  DE:0000  HL:004C  AF:4516  SP:7FF1  PC:0131   
0132  D5        PUSH D      (3)  BC:0002  DE:0000  HL:004C  AF:4516  SP:7FEF  PC:0132   
0133  E5        PUSH H      (3)  BC:0002  DE:0000  HL:004C  AF:4516  SP:7FED  PC:0133   
0134  F5        PUSH PSW    (3)  BC:0002  DE:0000  HL:004C  AF:4516  SP:7FEB  PC:0134   
0135  4F        MOV C,A     (3)  BC:0002  DE:0000  HL:004C  AF:4516  SP:7FE9  PC:0135   
0136  CD 37 C0  CALL C037   (3)  BC:0045  DE:0000  HL:004C  AF:4516  SP:7FE9  PC:0136   
0139  F1        POP PSW     (3)  BC:0045  DE:0000  HL:004C  AF:4516  SP:7FE9  PC:0139   
013A  E1        POP H       (3)  BC:0045  DE:0000  HL:004C  AF:4516  SP:7FEB  PC:013A   
013B  D1        POP D       (3)  BC:0045  DE:0000  HL:004C  AF:4516  SP:7FED  PC:013B   
013C  C1        POP B       (3)  BC:0045  DE:0000  HL:004C  AF:4516  SP:7FEF  PC:013C   
013D  C9        RET         (3)  BC:0002  DE:0000  HL:004C  AF:4516  SP:7FF1  PC:013D   
0128  23        INX H       (2)  BC:0002  DE:0000  HL:004C  AF:4516  SP:7FF3  PC:0128   
0129  C3 1E 01  JMP 011E    (2)  BC:0002  DE:0000  HL:004D  AF:4516  SP:7FF3  PC:0129   
011E  7E        MOV A,M     (2)  BC:0002  DE:0000  HL:004D  AF:4516  SP:7FF3  PC:011E   
011F  FE 24     CPI 24      (2)  BC:0002  DE:0000  HL:004D  AF:5416  SP:7FF3  PC:011F   
0121  CA 2C 01  JZ 012C     (2)  BC:0002  DE:0000  HL:004D  AF:5416  SP:7FF3  PC:0121   
0124  7E        MOV A,M     (2)  BC:0002  DE:0000  HL:004D  AF:5416  SP:7FF3  PC:0124   
0125  CD 31 01  CALL 0131   (2)  BC:0002  DE:0000  HL:004D  AF:5416  SP:7FF3  PC:0125   
0131  C5        PUSH B      (3)  BC:0002  DE:0000  HL:004D  AF:5416  SP:7FF1  PC:0131   
0132  D5        PUSH D      (3)  BC:0002  DE:0000  HL:004D  AF:5416  SP:7FEF  PC:0132   
0133  E5        PUSH H      (3)  BC:0002  DE:0000  HL:004D  AF:5416  SP:7FED  PC:0133   
0134  F5        PUSH PSW    (3)  BC:0002  DE:0000  HL:004D  AF:5416  SP:7FEB  PC:0134   
0135  4F        MOV C,A     (3)  BC:0002  DE:0000  HL:004D  AF:5416  SP:7FE9  PC:0135   
0136  CD 37 C0  CALL C037   (3)  BC:0054  DE:0000  HL:004D  AF:5416  SP:7FE9  PC:0136   
0139  F1        POP PSW     (3)  BC:0054  DE:0000  HL:004D  AF:5416  SP:7FE9  PC:0139   
013A  E1        POP H       (3)  BC:0054  DE:0000  HL:004D  AF:5416  SP:7FEB  PC:013A   
013B  D1        POP D       (3)  BC:0054  DE:0000  HL:004D  AF:5416  SP:7FED  PC:013B   
013C  C1        POP B       (3)  BC:0054  DE:0000  HL:004D  AF:5416  SP:7FEF  PC:013C   
013D  C9        RET         (3)  BC:0002  DE:0000  HL:004D  AF:5416  SP:7FF1  PC:013D   
0128  23        INX H       (2)  BC:0002  DE:0000  HL:004D  AF:5416  SP:7FF3  PC:0128   
0129  C3 1E 01  JMP 011E    (2)  BC:0002  DE:0000  HL:004E  AF:5416  SP:7FF3  PC:0129   
011E  7E        MOV A,M     (2)  BC:0002  DE:0000  HL:004E  AF:5416  SP:7FF3  PC:011E   
011F  FE 24     CPI 24      (2)  BC:0002  DE:0000  HL:004E  AF:4516  SP:7FF3  PC:011F   
0121  CA 2C 01  JZ 012C     (2)  BC:0002  DE:0000  HL:004E  AF:4516  SP:7FF3  PC:0121   
0124  7E        MOV A,M     (2)  BC:0002  DE:0000  HL:004E  AF:4516  SP:7FF3  PC:0124   
0125  CD 31 01  CALL 0131   (2)  BC:0002  DE:0000  HL:004E  AF:4516  SP:7FF3  PC:0125   
0131  C5        PUSH B      (3)  BC:0002  DE:0000  HL:004E  AF:4516  SP:7FF1  PC:0131   
0132  D5        PUSH D      (3)  BC:0002  DE:0000  HL:004E  AF:4516  SP:7FEF  PC:0132   
0133  E5        PUSH H      (3)  BC:0002  DE:0000  HL:004E  AF:4516  SP:7FED  PC:0133   
0134  F5        PUSH PSW    (3)  BC:0002  DE:0000  HL:004E  AF:4516  SP:7FEB  PC:0134   
0135  4F        MOV C,A     (3)  BC:0002  DE:0000  HL:004E  AF:4516  SP:7FE9  PC:0135   
0136  CD 37 C0  CALL C037   (3)  BC:0045  DE:0000  HL:004E  AF:4516  SP:7FE9  PC:0136   
0139  F1        POP PSW     (3)  BC:0045  DE:0000  HL:004E  AF:4516  SP:7FE9  PC:0139   
013A  E1        POP H       (3)  BC:0045  DE:0000  HL:004E  AF:4516  SP:7FEB  PC:013A   
013B  D1        POP D       (3)  BC:0045  DE:0000  HL:004E  AF:4516  SP:7FED  PC:013B   
013C  C1        POP B       (3)  BC:0045  DE:0000  HL:004E  AF:4516  SP:7FEF  PC:013C   
013D  C9        RET         (3)  BC:0002  DE:0000  HL:004E  AF:4516  SP:7FF1  PC:013D   
0128  23        INX H       (2)  BC:0002  DE:0000  HL:004E  AF:4516  SP:7FF3  PC:0128   
0129  C3 1E 01  JMP 011E    (2)  BC:0002  DE:0000  HL:004F  AF:4516  SP:7FF3  PC:0129   
011E  7E        MOV A,M     (2)  BC:0002  DE:0000  HL:004F  AF:4516  SP:7FF3  PC:011E   
011F  FE 24     CPI 24      (2)  BC:0002  DE:0000  HL:004F  AF:2416  SP:7FF3  PC:011F   
0121  CA 2C 01  JZ 012C     (2)  BC:0002  DE:0000  HL:004F  AF:2456  SP:7FF3  PC:0121   
012C  F1        POP PSW     (2)  BC:0002  DE:0000  HL:004F  AF:2456  SP:7FF3  PC:012C   
012D  E1        POP H       (2)  BC:0002  DE:0000  HL:004F  AF:9C96  SP:7FF5  PC:012D   
012E  D1        POP D       (2)  BC:0002  DE:0000  HL:003F  AF:9C96  SP:7FF7  PC:012E   
012F  C1        POP B       (2)  BC:0002  DE:0000  HL:003F  AF:9C96  SP:7FF9  PC:012F   
0130  C9        RET         (2)  BC:0002  DE:0000  HL:003F  AF:9C96  SP:7FFB  PC:0130   
0062  C3 07 00  JMP 0007    (1)  BC:0002  DE:0000  HL:003F  AF:9C96  SP:7FFD  PC:0062   
0007  C3 00 C8  JMP C800    (1)  BC:0002  DE:0000  HL:003F  AF:9C96  SP:7FFD  PC:0007   