0004  C3 51 00  JMP 0051    (1)  BC:0000  DE:0000  HL:0004  AF:0046  SP:7FFD  PC:0004   
0051  21 0A 00  LXI H,000A  (1)  BC:0000  DE:0000  HL:0004  AF:0046  SP:7FFD  PC:0051   
0054  CD A9 00  CALL 00A9   (1)  BC:0000  DE:0000  HL:000A  AF:0046  SP:7FFD  PC:0054   
00A9  C5        PUSH B      (2)  BC:0000  DE:0000  HL:000A  AF:0046  SP:7FFB  PC:00A9   
00AA  D5        PUSH D      (2)  BC:0000  DE:0000  HL:000A  AF:0046  SP:7FF9  PC:00AA   
00AB  E5        PUSH H      (2)  BC:0000  DE:0000  HL:000A  AF:0046  SP:7FF7  PC:00AB   
00AC  F5        PUSH PSW    (2)  BC:0000  DE:0000  HL:000A  AF:0046  SP:7FF5  PC:00AC   
00AD  7E        MOV A,M     (2)  BC:0000  DE:0000  HL:000A  AF:0046  SP:7FF3  PC:00AD   
00AE  FE 24     CPI 24      (2)  BC:0000  DE:0000  HL:000A  AF:0D46  SP:7FF3  PC:00AE   
00B0  CA BB 00  JZ 00BB     (2)  BC:0000  DE:0000  HL:000A  AF:0D93  SP:7FF3  PC:00B0   
00B3  7E        MOV A,M     (2)  BC:0000  DE:0000  HL:000A  AF:0D93  SP:7FF3  PC:00B3   
00B4  CD C0 00  CALL 00C0   (2)  BC:0000  DE:0000  HL:000A  AF:0D93  SP:7FF3  PC:00B4   
00C0  C5        PUSH B      (3)  BC:0000  DE:0000  HL:000A  AF:0D93  SP:7FF1  PC:00C0   
00C1  D5        PUSH D      (3)  BC:0000  DE:0000  HL:000A  AF:0D93  SP:7FEF  PC:00C1   
00C2  E5        PUSH H      (3)  BC:0000  DE:0000  HL:000A  AF:0D93  SP:7FED  PC:00C2   
00C3  F5        PUSH PSW    (3)  BC:0000  DE:0000  HL:000A  AF:0D93  SP:7FEB  PC:00C3   
00C4  4F        MOV C,A     (3)  BC:0000  DE:0000  HL:000A  AF:0D93  SP:7FE9  PC:00C4   
00C5  CD 37 C0  CALL C037   (3)  BC:000D  DE:0000  HL:000A  AF:0D93  SP:7FE9  PC:00C5   
00C8  F1        POP PSW     (3)  BC:000D  DE:0000  HL:000A  AF:0D93  SP:7FE9  PC:00C8   
00C9  E1        POP H       (3)  BC:000D  DE:0000  HL:000A  AF:0D93  SP:7FEB  PC:00C9   
00CA  D1        POP D       (3)  BC:000D  DE:0000  HL:000A  AF:0D93  SP:7FED  PC:00CA   
00CB  C1        POP B       (3)  BC:000D  DE:0000  HL:000A  AF:0D93  SP:7FEF  PC:00CB   
00CC  C9        RET         (3)  BC:0000  DE:0000  HL:000A  AF:0D93  SP:7FF1  PC:00CC   
00B7  23        INX H       (2)  BC:0000  DE:0000  HL:000A  AF:0D93  SP:7FF3  PC:00B7   
00B8  C3 AD 00  JMP 00AD    (2)  BC:0000  DE:0000  HL:000B  AF:0D93  SP:7FF3  PC:00B8   
00AD  7E        MOV A,M     (2)  BC:0000  DE:0000  HL:000B  AF:0D93  SP:7FF3  PC:00AD   
00AE  FE 24     CPI 24      (2)  BC:0000  DE:0000  HL:000B  AF:0A93  SP:7FF3  PC:00AE   
00B0  CA BB 00  JZ 00BB     (2)  BC:0000  DE:0000  HL:000B  AF:0A93  SP:7FF3  PC:00B0   
00B3  7E        MOV A,M     (2)  BC:0000  DE:0000  HL:000B  AF:0A93  SP:7FF3  PC:00B3   
00B4  CD C0 00  CALL 00C0   (2)  BC:0000  DE:0000  HL:000B  AF:0A93  SP:7FF3  PC:00B4   
00C0  C5        PUSH B      (3)  BC:0000  DE:0000  HL:000B  AF:0A93  SP:7FF1  PC:00C0   
00C1  D5        PUSH D      (3)  BC:0000  DE:0000  HL:000B  AF:0A93  SP:7FEF  PC:00C1   
00C2  E5        PUSH H      (3)  BC:0000  DE:0000  HL:000B  AF:0A93  SP:7FED  PC:00C2   
00C3  F5        PUSH PSW    (3)  BC:0000  DE:0000  HL:000B  AF:0A93  SP:7FEB  PC:00C3   
00C4  4F        MOV C,A     (3)  BC:0000  DE:0000  HL:000B  AF:0A93  SP:7FE9  PC:00C4   
00C5  CD 37 C0  CALL C037   (3)  BC:000A  DE:0000  HL:000B  AF:0A93  SP:7FE9  PC:00C5   
00C8  F1        POP PSW     (3)  BC:000A  DE:0000  HL:000B  AF:0A93  SP:7FE9  PC:00C8   
00C9  E1        POP H       (3)  BC:000A  DE:0000  HL:000B  AF:0A93  SP:7FEB  PC:00C9   
00CA  D1        POP D       (3)  BC:000A  DE:0000  HL:000B  AF:0A93  SP:7FED  PC:00CA   
00CB  C1        POP B       (3)  BC:000A  DE:0000  HL:000B  AF:0A93  SP:7FEF  PC:00CB   
00CC  C9        RET         (3)  BC:0000  DE:0000  HL:000B  AF:0A93  SP:7FF1  PC:00CC   
00B7  23        INX H       (2)  BC:0000  DE:0000  HL:000B  AF:0A93  SP:7FF3  PC:00B7   
00B8  C3 AD 00  JMP 00AD    (2)  BC:0000  DE:0000  HL:000C  AF:0A93  SP:7FF3  PC:00B8   
00AD  7E        MOV A,M     (2)  BC:0000  DE:0000  HL:000C  AF:0A93  SP:7FF3  PC:00AD   
00AE  FE 24     CPI 24      (2)  BC:0000  DE:0000  HL:000C  AF:3893  SP:7FF3  PC:00AE   
00B0  CA BB 00  JZ 00BB     (2)  BC:0000  DE:0000  HL:000C  AF:3816  SP:7FF3  PC:00B0   
00B3  7E        MOV A,M     (2)  BC:0000  DE:0000  HL:000C  AF:3816  SP:7FF3  PC:00B3   
00B4  CD C0 00  CALL 00C0   (2)  BC:0000  DE:0000  HL:000C  AF:3816  SP:7FF3  PC:00B4   
00C0  C5        PUSH B      (3)  BC:0000  DE:0000  HL:000C  AF:3816  SP:7FF1  PC:00C0   
00C1  D5        PUSH D      (3)  BC:0000  DE:0000  HL:000C  AF:3816  SP:7FEF  PC:00C1   
00C2  E5        PUSH H      (3)  BC:0000  DE:0000  HL:000C  AF:3816  SP:7FED  PC:00C2   
00C3  F5        PUSH PSW    (3)  BC:0000  DE:0000  HL:000C  AF:3816  SP:7FEB  PC:00C3   
00C4  4F        MOV C,A     (3)  BC:0000  DE:0000  HL:000C  AF:3816  SP:7FE9  PC:00C4   
00C5  CD 37 C0  CALL C037   (3)  BC:0038  DE:0000  HL:000C  AF:3816  SP:7FE9  PC:00C5   
00C8  F1        POP PSW     (3)  BC:0038  DE:0000  HL:000C  AF:3816  SP:7FE9  PC:00C8   
00C9  E1        POP H       (3)  BC:0038  DE:0000  HL:000C  AF:3816  SP:7FEB  PC:00C9   
00CA  D1        POP D       (3)  BC:0038  DE:0000  HL:000C  AF:3816  SP:7FED  PC:00CA   
00CB  C1        POP B       (3)  BC:0038  DE:0000  HL:000C  AF:3816  SP:7FEF  PC:00CB   
00CC  C9        RET         (3)  BC:0000  DE:0000  HL:000C  AF:3816  SP:7FF1  PC:00CC   
00B7  23        INX H       (2)  BC:0000  DE:0000  HL:000C  AF:3816  SP:7FF3  PC:00B7   
00B8  C3 AD 00  JMP 00AD    (2)  BC:0000  DE:0000  HL:000D  AF:3816  SP:7FF3  PC:00B8   
00AD  7E        MOV A,M     (2)  BC:0000  DE:0000  HL:000D  AF:3816  SP:7FF3  PC:00AD   
00AE  FE 24     CPI 24      (2)  BC:0000  DE:0000  HL:000D  AF:3016  SP:7FF3  PC:00AE   
00B0  CA BB 00  JZ 00BB     (2)  BC:0000  DE:0000  HL:000D  AF:3006  SP:7FF3  PC:00B0   
00B3  7E        MOV A,M     (2)  BC:0000  DE:0000  HL:000D  AF:3006  SP:7FF3  PC:00B3   
00B4  CD C0 00  CALL 00C0   (2)  BC:0000  DE:0000  HL:000D  AF:3006  SP:7FF3  PC:00B4   
00C0  C5        PUSH B      (3)  BC:0000  DE:0000  HL:000D  AF:3006  SP:7FF1  PC:00C0   
00C1  D5        PUSH D      (3)  BC:0000  DE:0000  HL:000D  AF:3006  SP:7FEF  PC:00C1   
00C2  E5        PUSH H      (3)  BC:0000  DE:0000  HL:000D  AF:3006  SP:7FED  PC:00C2   
00C3  F5        PUSH PSW    (3)  BC:0000  DE:0000  HL:000D  AF:3006  SP:7FEB  PC:00C3   
00C4  4F        MOV C,A     (3)  BC:0000  DE:0000  HL:000D  AF:3006  SP:7FE9  PC:00C4   
00C5  CD 37 C0  CALL C037   (3)  BC:0030  DE:0000  HL:000D  AF:3006  SP:7FE9  PC:00C5   
00C8  F1        POP PSW     (3)  BC:0030  DE:0000  HL:000D  AF:3006  SP:7FE9  PC:00C8   
00C9  E1        POP H       (3)  BC:0030  DE:0000  HL:000D  AF:3006  SP:7FEB  PC:00C9   
00CA  D1        POP D       (3)  BC:0030  DE:0000  HL:000D  AF:3006  SP:7FED  PC:00CA   
00CB  C1        POP B       (3)  BC:0030  DE:0000  HL:000D  AF:3006  SP:7FEF  PC:00CB   
00CC  C9        RET         (3)  BC:0000  DE:0000  HL:000D  AF:3006  SP:7FF1  PC:00CC   
00B7  23        INX H       (2)  BC:0000  DE:0000  HL:000D  AF:3006  SP:7FF3  PC:00B7   
00B8  C3 AD 00  JMP 00AD    (2)  BC:0000  DE:0000  HL:000E  AF:3006  SP:7FF3  PC:00B8   
00AD  7E        MOV A,M     (2)  BC:0000  DE:0000  HL:000E  AF:3006  SP:7FF3  PC:00AD   
00AE  FE 24     CPI 24      (2)  BC:0000  DE:0000  HL:000E  AF:3806  SP:7FF3  PC:00AE   
00B0  CA BB 00  JZ 00BB     (2)  BC:0000  DE:0000  HL:000E  AF:3816  SP:7FF3  PC:00B0   
00B3  7E        MOV A,M     (2)  BC:0000  DE:0000  HL:000E  AF:3816  SP:7FF3  PC:00B3   
00B4  CD C0 00  CALL 00C0   (2)  BC:0000  DE:0000  HL:000E  AF:3816  SP:7FF3  PC:00B4   
00C0  C5        PUSH B      (3)  BC:0000  DE:0000  HL:000E  AF:3816  SP:7FF1  PC:00C0   
00C1  D5        PUSH D      (3)  BC:0000  DE:0000  HL:000E  AF:3816  SP:7FEF  PC:00C1   
00C2  E5        PUSH H      (3)  BC:0000  DE:0000  HL:000E  AF:3816  SP:7FED  PC:00C2   
00C3  F5        PUSH PSW    (3)  BC:0000  DE:0000  HL:000E  AF:3816  SP:7FEB  PC:00C3   
00C4  4F        MOV C,A     (3)  BC:0000  DE:0000  HL:000E  AF:3816  SP:7FE9  PC:00C4   
00C5  CD 37 C0  CALL C037   (3)  BC:0038  DE:0000  HL:000E  AF:3816  SP:7FE9  PC:00C5   
00C8  F1        POP PSW     (3)  BC:0038  DE:0000  HL:000E  AF:3816  SP:7FE9  PC:00C8   
00C9  E1        POP H       (3)  BC:0038  DE:0000  HL:000E  AF:3816  SP:7FEB  PC:00C9   
00CA  D1        POP D       (3)  BC:0038  DE:0000  HL:000E  AF:3816  SP:7FED  PC:00CA   
00CB  C1        POP B       (3)  BC:0038  DE:0000  HL:000E  AF:3816  SP:7FEF  PC:00CB   
00CC  C9        RET         (3)  BC:0000  DE:0000  HL:000E  AF:3816  SP:7FF1  PC:00CC   
00B7  23        INX H       (2)  BC:0000  DE:0000  HL:000E  AF:3816  SP:7FF3  PC:00B7   
00B8  C3 AD 00  JMP 00AD    (2)  BC:0000  DE:0000  HL:000F  AF:3816  SP:7FF3  PC:00B8   
00AD  7E        MOV A,M     (2)  BC:0000  DE:0000  HL:000F  AF:3816  SP:7FF3  PC:00AD   
00AE  FE 24     CPI 24      (2)  BC:0000  DE:0000  HL:000F  AF:3016  SP:7FF3  PC:00AE   
00B0  CA BB 00  JZ 00BB     (2)  BC:0000  DE:0000  HL:000F  AF:3006  SP:7FF3  PC:00B0   
00B3  7E        MOV A,M     (2)  BC:0000  DE:0000  HL:000F  AF:3006  SP:7FF3  PC:00B3   
00B4  CD C0 00  CALL 00C0   (2)  BC:0000  DE:0000  HL:000F  AF:3006  SP:7FF3  PC:00B4   
00C0  C5        PUSH B      (3)  BC:0000  DE:0000  HL:000F  AF:3006  SP:7FF1  PC:00C0   
00C1  D5        PUSH D      (3)  BC:0000  DE:0000  HL:000F  AF:3006  SP:7FEF  PC:00C1   
00C2  E5        PUSH H      (3)  BC:0000  DE:0000  HL:000F  AF:3006  SP:7FED  PC:00C2   
00C3  F5        PUSH PSW    (3)  BC:0000  DE:0000  HL:000F  AF:3006  SP:7FEB  PC:00C3   
00C4  4F        MOV C,A     (3)  BC:0000  DE:0000  HL:000F  AF:3006  SP:7FE9  PC:00C4   
00C5  CD 37 C0  CALL C037   (3)  BC:0030  DE:0000  HL:000F  AF:3006  SP:7FE9  PC:00C5   
00C8  F1        POP PSW     (3)  BC:0030  DE:0000  HL:000F  AF:3006  SP:7FE9  PC:00C8   
00C9  E1        POP H       (3)  BC:0030  DE:0000  HL:000F  AF:3006  SP:7FEB  PC:00C9   
00CA  D1        POP D       (3)  BC:0030  DE:0000  HL:000F  AF:3006  SP:7FED  PC:00CA   
00CB  C1        POP B       (3)  BC:0030  DE:0000  HL:000F  AF:3006  SP:7FEF  PC:00CB   
00CC  C9        RET         (3)  BC:0000  DE:0000  HL:000F  AF:3006  SP:7FF1  PC:00CC   
00B7  23        INX H       (2)  BC:0000  DE:0000  HL:000F  AF:3006  SP:7FF3  PC:00B7   
00B8  C3 AD 00  JMP 00AD    (2)  BC:0000  DE:0000  HL:0010  AF:3006  SP:7FF3  PC:00B8   
00AD  7E        MOV A,M     (2)  BC:0000  DE:0000  HL:0010  AF:3006  SP:7FF3  PC:00AD   
00AE  FE 24     CPI 24      (2)  BC:0000  DE:0000  HL:0010  AF:2006  SP:7FF3  PC:00AE   
00B0  CA BB 00  JZ 00BB     (2)  BC:0000  DE:0000  HL:0010  AF:2087  SP:7FF3  PC:00B0   
00B3  7E        MOV A,M     (2)  BC:0000  DE:0000  HL:0010  AF:2087  SP:7FF3  PC:00B3   
00B4  CD C0 00  CALL 00C0   (2)  BC:0000  DE:0000  HL:0010  AF:2087  SP:7FF3  PC:00B4   
00C0  C5        PUSH B      (3)  BC:0000  DE:0000  HL:0010  AF:2087  SP:7FF1  PC:00C0   
00C1  D5        PUSH D      (3)  BC:0000  DE:0000  HL:0010  AF:2087  SP:7FEF  PC:00C1   
00C2  E5        PUSH H      (3)  BC:0000  DE:0000  HL:0010  AF:2087  SP:7FED  PC:00C2   
00C3  F5        PUSH PSW    (3)  BC:0000  DE:0000  HL:0010  AF:2087  SP:7FEB  PC:00C3   
00C4  4F        MOV C,A     (3)  BC:0000  DE:0000  HL:0010  AF:2087  SP:7FE9  PC:00C4   
00C5  CD 37 C0  CALL C037   (3)  BC:0020  DE:0000  HL:0010  AF:2087  SP:7FE9  PC:00C5   
00C8  F1        POP PSW     (3)  BC:0020  DE:0000  HL:0010  AF:2087  SP:7FE9  PC:00C8   
00C9  E1        POP H       (3)  BC:0020  DE:0000  HL:0010  AF:2087  SP:7FEB  PC:00C9   
00CA  D1        POP D       (3)  BC:0020  DE:0000  HL:0010  AF:2087  SP:7FED  PC:00CA   
00CB  C1        POP B       (3)  BC:0020  DE:0000  HL:0010  AF:2087  SP:7FEF  PC:00CB   
00CC  C9        RET         (3)  BC:0000  DE:0000  HL:0010  AF:2087  SP:7FF1  PC:00CC   
00B7  23        INX H       (2)  BC:0000  DE:0000  HL:0010  AF:2087  SP:7FF3  PC:00B7   
00B8  C3 AD 00  JMP 00AD    (2)  BC:0000  DE:0000  HL:0011  AF:2087  SP:7FF3  PC:00B8   
00AD  7E        MOV A,M     (2)  BC:0000  DE:0000  HL:0011  AF:2087  SP:7FF3  PC:00AD   
00AE  FE 24     CPI 24      (2)  BC:0000  DE:0000  HL:0011  AF:4987  SP:7FF3  PC:00AE   
00B0  CA BB 00  JZ 00BB     (2)  BC:0000  DE:0000  HL:0011  AF:4912  SP:7FF3  PC:00B0   
00B3  7E        MOV A,M     (2)  BC:0000  DE:0000  HL:0011  AF:4912  SP:7FF3  PC:00B3   
00B4  CD C0 00  CALL 00C0   (2)  BC:0000  DE:0000  HL:0011  AF:4912  SP:7FF3  PC:00B4   
00C0  C5        PUSH B      (3)  BC:0000  DE:0000  HL:0011  AF:4912  SP:7FF1  PC:00C0   
00C1  D5        PUSH D      (3)  BC:0000  DE:0000  HL:0011  AF:4912  SP:7FEF  PC:00C1   
00C2  E5        PUSH H      (3)  BC:0000  DE:0000  HL:0011  AF:4912  SP:7FED  PC:00C2   
00C3  F5        PUSH PSW    (3)  BC:0000  DE:0000  HL:0011  AF:4912  SP:7FEB  PC:00C3   
00C4  4F        MOV C,A     (3)  BC:0000  DE:0000  HL:0011  AF:4912  SP:7FE9  PC:00C4   
00C5  CD 37 C0  CALL C037   (3)  BC:0049  DE:0000  HL:0011  AF:4912  SP:7FE9  PC:00C5   
00C8  F1        POP PSW     (3)  BC:0049  DE:0000  HL:0011  AF:4912  SP:7FE9  PC:00C8   
00C9  E1        POP H       (3)  BC:0049  DE:0000  HL:0011  AF:4912  SP:7FEB  PC:00C9   
00CA  D1        POP D       (3)  BC:0049  DE:0000  HL:0011  AF:4912  SP:7FED  PC:00CA   
00CB  C1        POP B       (3)  BC:0049  DE:0000  HL:0011  AF:4912  SP:7FEF  PC:00CB   
00CC  C9        RET         (3)  BC:0000  DE:0000  HL:0011  AF:4912  SP:7FF1  PC:00CC   
00B7  23        INX H       (2)  BC:0000  DE:0000  HL:0011  AF:4912  SP:7FF3  PC:00B7   
00B8  C3 AD 00  JMP 00AD    (2)  BC:0000  DE:0000  HL:0012  AF:4912  SP:7FF3  PC:00B8   
00AD  7E        MOV A,M     (2)  BC:0000  DE:0000  HL:0012  AF:4912  SP:7FF3  PC:00AD   
00AE  FE 24     CPI 24      (2)  BC:0000  DE:0000  HL:0012  AF:4E12  SP:7FF3  PC:00AE   
00B0  CA BB 00  JZ 00BB     (2)  BC:0000  DE:0000  HL:0012  AF:4E12  SP:7FF3  PC:00B0   
00B3  7E        MOV A,M     (2)  BC:0000  DE:0000  HL:0012  AF:4E12  SP:7FF3  PC:00B3   
00B4  CD C0 00  CALL 00C0   (2)  BC:0000  DE:0000  HL:0012  AF:4E12  SP:7FF3  PC:00B4   
00C0  C5        PUSH B      (3)  BC:0000  DE:0000  HL:0012  AF:4E12  SP:7FF1  PC:00C0   
00C1  D5        PUSH D      (3)  BC:0000  DE:0000  HL:0012  AF:4E12  SP:7FEF  PC:00C1   
00C2  E5        PUSH H      (3)  BC:0000  DE:0000  HL:0012  AF:4E12  SP:7FED  PC:00C2   
00C3  F5        PUSH PSW    (3)  BC:0000  DE:0000  HL:0012  AF:4E12  SP:7FEB  PC:00C3   
00C4  4F        MOV C,A     (3)  BC:0000  DE:0000  HL:0012  AF:4E12  SP:7FE9  PC:00C4   
00C5  CD 37 C0  CALL C037   (3)  BC:004E  DE:0000  HL:0012  AF:4E12  SP:7FE9  PC:00C5   
00C8  F1        POP PSW     (3)  BC:004E  DE:0000  HL:0012  AF:4E12  SP:7FE9  PC:00C8   
00C9  E1        POP H       (3)  BC:004E  DE:0000  HL:0012  AF:4E12  SP:7FEB  PC:00C9   
00CA  D1        POP D       (3)  BC:004E  DE:0000  HL:0012  AF:4E12  SP:7FED  PC:00CA   
00CB  C1        POP B       (3)  BC:004E  DE:0000  HL:0012  AF:4E12  SP:7FEF  PC:00CB   
00CC  C9        RET         (3)  BC:0000  DE:0000  HL:0012  AF:4E12  SP:7FF1  PC:00CC   
00B7  23        INX H       (2)  BC:0000  DE:0000  HL:0012  AF:4E12  SP:7FF3  PC:00B7   
00B8  C3 AD 00  JMP 00AD    (2)  BC:0000  DE:0000  HL:0013  AF:4E12  SP:7FF3  PC:00B8   
00AD  7E        MOV A,M     (2)  BC:0000  DE:0000  HL:0013  AF:4E12  SP:7FF3  PC:00AD   
00AE  FE 24     CPI 24      (2)  BC:0000  DE:0000  HL:0013  AF:5312  SP:7FF3  PC:00AE   
00B0  CA BB 00  JZ 00BB     (2)  BC:0000  DE:0000  HL:0013  AF:5302  SP:7FF3  PC:00B0   
00B3  7E        MOV A,M     (2)  BC:0000  DE:0000  HL:0013  AF:5302  SP:7FF3  PC:00B3   
00B4  CD C0 00  CALL 00C0   (2)  BC:0000  DE:0000  HL:0013  AF:5302  SP:7FF3  PC:00B4   
00C0  C5        PUSH B      (3)  BC:0000  DE:0000  HL:0013  AF:5302  SP:7FF1  PC:00C0   
00C1  D5        PUSH D      (3)  BC:0000  DE:0000  HL:0013  AF:5302  SP:7FEF  PC:00C1   
00C2  E5        PUSH H      (3)  BC:0000  DE:0000  HL:0013  AF:5302  SP:7FED  PC:00C2   
00C3  F5        PUSH PSW    (3)  BC:0000  DE:0000  HL:0013  AF:5302  SP:7FEB  PC:00C3   
00C4  4F        MOV C,A     (3)  BC:0000  DE:0000  HL:0013  AF:5302  SP:7FE9  PC:00C4   
00C5  CD 37 C0  CALL C037   (3)  BC:0053  DE:0000  HL:0013  AF:5302  SP:7FE9  PC:00C5   
00C8  F1        POP PSW     (3)  BC:0053  DE:0000  HL:0013  AF:5302  SP:7FE9  PC:00C8   
00C9  E1        POP H       (3)  BC:0053  DE:0000  HL:0013  AF:5302  SP:7FEB  PC:00C9   
00CA  D1        POP D       (3)  BC:0053  DE:0000  HL:0013  AF:5302  SP:7FED  PC:00CA   
00CB  C1        POP B       (3)  BC:0053  DE:0000  HL:0013  AF:5302  SP:7FEF  PC:00CB   
00CC  C9        RET         (3)  BC:0000  DE:0000  HL:0013  AF:5302  SP:7FF1  PC:00CC   
00B7  23        INX H       (2)  BC:0000  DE:0000  HL:0013  AF:5302  SP:7FF3  PC:00B7   
00B8  C3 AD 00  JMP 00AD    (2)  BC:0000  DE:0000  HL:0014  AF:5302  SP:7FF3  PC:00B8   
00AD  7E        MOV A,M     (2)  BC:0000  DE:0000  HL:0014  AF:5302  SP:7FF3  PC:00AD   
00AE  FE 24     CPI 24      (2)  BC:0000  DE:0000  HL:0014  AF:5402  SP:7FF3  PC:00AE   
00B0  CA BB 00  JZ 00BB     (2)  BC:0000  DE:0000  HL:0014  AF:5416  SP:7FF3  PC:00B0   
00B3  7E        MOV A,M     (2)  BC:0000  DE:0000  HL:0014  AF:5416  SP:7FF3  PC:00B3   
00B4  CD C0 00  CALL 00C0   (2)  BC:0000  DE:0000  HL:0014  AF:5416  SP:7FF3  PC:00B4   
00C0  C5        PUSH B      (3)  BC:0000  DE:0000  HL:0014  AF:5416  SP:7FF1  PC:00C0   
00C1  D5        PUSH D      (3)  BC:0000  DE:0000  HL:0014  AF:5416  SP:7FEF  PC:00C1   
00C2  E5        PUSH H      (3)  BC:0000  DE:0000  HL:0014  AF:5416  SP:7FED  PC:00C2   
00C3  F5        PUSH PSW    (3)  BC:0000  DE:0000  HL:0014  AF:5416  SP:7FEB  PC:00C3   
00C4  4F        MOV C,A     (3)  BC:0000  DE:0000  HL:0014  AF:5416  SP:7FE9  PC:00C4   
00C5  CD 37 C0  CALL C037   (3)  BC:0054  DE:0000  HL:0014  AF:5416  SP:7FE9  PC:00C5   
00C8  F1        POP PSW     (3)  BC:0054  DE:0000  HL:0014  AF:5416  SP:7FE9  PC:00C8   
00C9  E1        POP H       (3)  BC:0054  DE:0000  HL:0014  AF:5416  SP:7FEB  PC:00C9   
00CA  D1        POP D       (3)  BC:0054  DE:0000  HL:0014  AF:5416  SP:7FED  PC:00CA   
00CB  C1        POP B       (3)  BC:0054  DE:0000  HL:0014  AF:5416  SP:7FEF  PC:00CB   
00CC  C9        RET         (3)  BC:0000  DE:0000  HL:0014  AF:5416  SP:7FF1  PC:00CC   
00B7  23        INX H       (2)  BC:0000  DE:0000  HL:0014  AF:5416  SP:7FF3  PC:00B7   
00B8  C3 AD 00  JMP 00AD    (2)  BC:0000  DE:0000  HL:0015  AF:5416  SP:7FF3  PC:00B8   
00AD  7E        MOV A,M     (2)  BC:0000  DE:0000  HL:0015  AF:5416  SP:7FF3  PC:00AD   
00AE  FE 24     CPI 24      (2)  BC:0000  DE:0000  HL:0015  AF:5216  SP:7FF3  PC:00AE   
00B0  CA BB 00  JZ 00BB     (2)  BC:0000  DE:0000  HL:0015  AF:5206  SP:7FF3  PC:00B0   
00B3  7E        MOV A,M     (2)  BC:0000  DE:0000  HL:0015  AF:5206  SP:7FF3  PC:00B3   
00B4  CD C0 00  CALL 00C0   (2)  BC:0000  DE:0000  HL:0015  AF:5206  SP:7FF3  PC:00B4   
00C0  C5        PUSH B      (3)  BC:0000  DE:0000  HL:0015  AF:5206  SP:7FF1  PC:00C0   
00C1  D5        PUSH D      (3)  BC:0000  DE:0000  HL:0015  AF:5206  SP:7FEF  PC:00C1   
00C2  E5        PUSH H      (3)  BC:0000  DE:0000  HL:0015  AF:5206  SP:7FED  PC:00C2   
00C3  F5        PUSH PSW    (3)  BC:0000  DE:0000  HL:0015  AF:5206  SP:7FEB  PC:00C3   
00C4  4F        MOV C,A     (3)  BC:0000  DE:0000  HL:0015  AF:5206  SP:7FE9  PC:00C4   
00C5  CD 37 C0  CALL C037   (3)  BC:0052  DE:0000  HL:0015  AF:5206  SP:7FE9  PC:00C5   
00C8  F1        POP PSW     (3)  BC:0052  DE:0000  HL:0015  AF:5206  SP:7FE9  PC:00C8   
00C9  E1        POP H       (3)  BC:0052  DE:0000  HL:0015  AF:5206  SP:7FEB  PC:00C9   
00CA  D1        POP D       (3)  BC:0052  DE:0000  HL:0015  AF:5206  SP:7FED  PC:00CA   
00CB  C1        POP B       (3)  BC:0052  DE:0000  HL:0015  AF:5206  SP:7FEF  PC:00CB   
00CC  C9        RET         (3)  BC:0000  DE:0000  HL:0015  AF:5206  SP:7FF1  PC:00CC   
00B7  23        INX H       (2)  BC:0000  DE:0000  HL:0015  AF:5206  SP:7FF3  PC:00B7   
00B8  C3 AD 00  JMP 00AD    (2)  BC:0000  DE:0000  HL:0016  AF:5206  SP:7FF3  PC:00B8   
00AD  7E        MOV A,M     (2)  BC:0000  DE:0000  HL:0016  AF:5206  SP:7FF3  PC:00AD   
00AE  FE 24     CPI 24      (2)  BC:0000  DE:0000  HL:0016  AF:5506  SP:7FF3  PC:00AE   
00B0  CA BB 00  JZ 00BB     (2)  BC:0000  DE:0000  HL:0016  AF:5512  SP:7FF3  PC:00B0   
00B3  7E        MOV A,M     (2)  BC:0000  DE:0000  HL:0016  AF:5512  SP:7FF3  PC:00B3   
00B4  CD C0 00  CALL 00C0   (2)  BC:0000  DE:0000  HL:0016  AF:5512  SP:7FF3  PC:00B4   
00C0  C5        PUSH B      (3)  BC:0000  DE:0000  HL:0016  AF:5512  SP:7FF1  PC:00C0   
00C1  D5        PUSH D      (3)  BC:0000  DE:0000  HL:0016  AF:5512  SP:7FEF  PC:00C1   
00C2  E5        PUSH H      (3)  BC:0000  DE:0000  HL:0016  AF:5512  SP:7FED  PC:00C2   
00C3  F5        PUSH PSW    (3)  BC:0000  DE:0000  HL:0016  AF:5512  SP:7FEB  PC:00C3   
00C4  4F        MOV C,A     (3)  BC:0000  DE:0000  HL:0016  AF:5512  SP:7FE9  PC:00C4   
00C5  CD 37 C0  CALL C037   (3)  BC:0055  DE:0000  HL:0016  AF:5512  SP:7FE9  PC:00C5   
00C8  F1        POP PSW     (3)  BC:0055  DE:0000  HL:0016  AF:5512  SP:7FE9  PC:00C8   
00C9  E1        POP H       (3)  BC:0055  DE:0000  HL:0016  AF:5512  SP:7FEB  PC:00C9   
00CA  D1        POP D       (3)  BC:0055  DE:0000  HL:0016  AF:5512  SP:7FED  PC:00CA   
00CB  C1        POP B       (3)  BC:0055  DE:0000  HL:0016  AF:5512  SP:7FEF  PC:00CB   
00CC  C9        RET         (3)  BC:0000  DE:0000  HL:0016  AF:5512  SP:7FF1  PC:00CC   
00B7  23        INX H       (2)  BC:0000  DE:0000  HL:0016  AF:5512  SP:7FF3  PC:00B7   
00B8  C3 AD 00  JMP 00AD    (2)  BC:0000  DE:0000  HL:0017  AF:5512  SP:7FF3  PC:00B8   
00AD  7E        MOV A,M     (2)  BC:0000  DE:0000  HL:0017  AF:5512  SP:7FF3  PC:00AD   
00AE  FE 24     CPI 24      (2)  BC:0000  DE:0000  HL:0017  AF:4312  SP:7FF3  PC:00AE   
00B0  CA BB 00  JZ 00BB     (2)  BC:0000  DE:0000  HL:0017  AF:4302  SP:7FF3  PC:00B0   
00B3  7E        MOV A,M     (2)  BC:0000  DE:0000  HL:0017  AF:4302  SP:7FF3  PC:00B3   
00B4  CD C0 00  CALL 00C0   (2)  BC:0000  DE:0000  HL:0017  AF:4302  SP:7FF3  PC:00B4   
00C0  C5        PUSH B      (3)  BC:0000  DE:0000  HL:0017  AF:4302  SP:7FF1  PC:00C0   
00C1  D5        PUSH D      (3)  BC:0000  DE:0000  HL:0017  AF:4302  SP:7FEF  PC:00C1   
00C2  E5        PUSH H      (3)  BC:0000  DE:0000  HL:0017  AF:4302  SP:7FED  PC:00C2   
00C3  F5        PUSH PSW    (3)  BC:0000  DE:0000  HL:0017  AF:4302  SP:7FEB  PC:00C3   
00C4  4F        MOV C,A     (3)  BC:0000  DE:0000  HL:0017  AF:4302  SP:7FE9  PC:00C4   
00C5  CD 37 C0  CALL C037   (3)  BC:0043  DE:0000  HL:0017  AF:4302  SP:7FE9  PC:00C5   
00C8  F1        POP PSW     (3)  BC:0043  DE:0000  HL:0017  AF:4302  SP:7FE9  PC:00C8   
00C9  E1        POP H       (3)  BC:0043  DE:0000  HL:0017  AF:4302  SP:7FEB  PC:00C9   
00CA  D1        POP D       (3)  BC:0043  DE:0000  HL:0017  AF:4302  SP:7FED  PC:00CA   
00CB  C1        POP B       (3)  BC:0043  DE:0000  HL:0017  AF:4302  SP:7FEF  PC:00CB   
00CC  C9        RET         (3)  BC:0000  DE:0000  HL:0017  AF:4302  SP:7FF1  PC:00CC   
00B7  23        INX H       (2)  BC:0000  DE:0000  HL:0017  AF:4302  SP:7FF3  PC:00B7   
00B8  C3 AD 00  JMP 00AD    (2)  BC:0000  DE:0000  HL:0018  AF:4302  SP:7FF3  PC:00B8   
00AD  7E        MOV A,M     (2)  BC:0000  DE:0000  HL:0018  AF:4302  SP:7FF3  PC:00AD   
00AE  FE 24     CPI 24      (2)  BC:0000  DE:0000  HL:0018  AF:5402  SP:7FF3  PC:00AE   
00B0  CA BB 00  JZ 00BB     (2)  BC:0000  DE:0000  HL:0018  AF:5416  SP:7FF3  PC:00B0   
00B3  7E        MOV A,M     (2)  BC:0000  DE:0000  HL:0018  AF:5416  SP:7FF3  PC:00B3   
00B4  CD C0 00  CALL 00C0   (2)  BC:0000  DE:0000  HL:0018  AF:5416  SP:7FF3  PC:00B4   
00C0  C5        PUSH B      (3)  BC:0000  DE:0000  HL:0018  AF:5416  SP:7FF1  PC:00C0   
00C1  D5        PUSH D      (3)  BC:0000  DE:0000  HL:0018  AF:5416  SP:7FEF  PC:00C1   
00C2  E5        PUSH H      (3)  BC:0000  DE:0000  HL:0018  AF:5416  SP:7FED  PC:00C2   
00C3  F5        PUSH PSW    (3)  BC:0000  DE:0000  HL:0018  AF:5416  SP:7FEB  PC:00C3   
00C4  4F        MOV C,A     (3)  BC:0000  DE:0000  HL:0018  AF:5416  SP:7FE9  PC:00C4   
00C5  CD 37 C0  CALL C037   (3)  BC:0054  DE:0000  HL:0018  AF:5416  SP:7FE9  PC:00C5   
00C8  F1        POP PSW     (3)  BC:0054  DE:0000  HL:0018  AF:5416  SP:7FE9  PC:00C8   
00C9  E1        POP H       (3)  BC:0054  DE:0000  HL:0018  AF:5416  SP:7FEB  PC:00C9   
00CA  D1        POP D       (3)  BC:0054  DE:0000  HL:0018  AF:5416  SP:7FED  PC:00CA   
00CB  C1        POP B       (3)  BC:0054  DE:0000  HL:0018  AF:5416  SP:7FEF  PC:00CB   
00CC  C9        RET         (3)  BC:0000  DE:0000  HL:0018  AF:5416  SP:7FF1  PC:00CC   
00B7  23        INX H       (2)  BC:0000  DE:0000  HL:0018  AF:5416  SP:7FF3  PC:00B7   
00B8  C3 AD 00  JMP 00AD    (2)  BC:0000  DE:0000  HL:0019  AF:5416  SP:7FF3  PC:00B8   
00AD  7E        MOV A,M     (2)  BC:0000  DE:0000  HL:0019  AF:5416  SP:7FF3  PC:00AD   
00AE  FE 24     CPI 24      (2)  BC:0000  DE:0000  HL:0019  AF:4916  SP:7FF3  PC:00AE   
00B0  CA BB 00  JZ 00BB     (2)  BC:0000  DE:0000  HL:0019  AF:4912  SP:7FF3  PC:00B0   
00B3  7E        MOV A,M     (2)  BC:0000  DE:0000  HL:0019  AF:4912  SP:7FF3  PC:00B3   
00B4  CD C0 00  CALL 00C0   (2)  BC:0000  DE:0000  HL:0019  AF:4912  SP:7FF3  PC:00B4   
00C0  C5        PUSH B      (3)  BC:0000  DE:0000  HL:0019  AF:4912  SP:7FF1  PC:00C0   
00C1  D5        PUSH D      (3)  BC:0000  DE:0000  HL:0019  AF:4912  SP:7FEF  PC:00C1   
00C2  E5        PUSH H      (3)  BC:0000  DE:0000  HL:0019  AF:4912  SP:7FED  PC:00C2   
00C3  F5        PUSH PSW    (3)  BC:0000  DE:0000  HL:0019  AF:4912  SP:7FEB  PC:00C3   
00C4  4F        MOV C,A     (3)  BC:0000  DE:0000  HL:0019  AF:4912  SP:7FE9  PC:00C4   
00C5  CD 37 C0  CALL C037   (3)  BC:0049  DE:0000  HL:0019  AF:4912  SP:7FE9  PC:00C5   
00C8  F1        POP PSW     (3)  BC:0049  DE:0000  HL:0019  AF:4912  SP:7FE9  PC:00C8   
00C9  E1        POP H       (3)  BC:0049  DE:0000  HL:0019  AF:4912  SP:7FEB  PC:00C9   
00CA  D1        POP D       (3)  BC:0049  DE:0000  HL:0019  AF:4912  SP:7FED  PC:00CA   
00CB  C1        POP B       (3)  BC:0049  DE:0000  HL:0019  AF:4912  SP:7FEF  PC:00CB   
00CC  C9        RET         (3)  BC:0000  DE:0000  HL:0019  AF:4912  SP:7FF1  PC:00CC   
00B7  23        INX H       (2)  BC:0000  DE:0000  HL:0019  AF:4912  SP:7FF3  PC:00B7   
00B8  C3 AD 00  JMP 00AD    (2)  BC:0000  DE:0000  HL:001A  AF:4912  SP:7FF3  PC:00B8   
00AD  7E        MOV A,M     (2)  BC:0000  DE:0000  HL:001A  AF:4912  SP:7FF3  PC:00AD   
00AE  FE 24     CPI 24      (2)  BC:0000  DE:0000  HL:001A  AF:4F12  SP:7FF3  PC:00AE   
00B0  CA BB 00  JZ 00BB     (2)  BC:0000  DE:0000  HL:001A  AF:4F16  SP:7FF3  PC:00B0   
00B3  7E        MOV A,M     (2)  BC:0000  DE:0000  HL:001A  AF:4F16  SP:7FF3  PC:00B3   
00B4  CD C0 00  CALL 00C0   (2)  BC:0000  DE:0000  HL:001A  AF:4F16  SP:7FF3  PC:00B4   
00C0  C5        PUSH B      (3)  BC:0000  DE:0000  HL:001A  AF:4F16  SP:7FF1  PC:00C0   
00C1  D5        PUSH D      (3)  BC:0000  DE:0000  HL:001A  AF:4F16  SP:7FEF  PC:00C1   
00C2  E5        PUSH H      (3)  BC:0000  DE:0000  HL:001A  AF:4F16  SP:7FED  PC:00C2   
00C3  F5        PUSH PSW    (3)  BC:0000  DE:0000  HL:001A  AF:4F16  SP:7FEB  PC:00C3   
00C4  4F        MOV C,A     (3)  BC:0000  DE:0000  HL:001A  AF:4F16  SP:7FE9  PC:00C4   
00C5  CD 37 C0  CALL C037   (3)  BC:004F  DE:0000  HL:001A  AF:4F16  SP:7FE9  PC:00C5   
00C8  F1        POP PSW     (3)  BC:004F  DE:0000  HL:001A  AF:4F16  SP:7FE9  PC:00C8   
00C9  E1        POP H       (3)  BC:004F  DE:0000  HL:001A  AF:4F16  SP:7FEB  PC:00C9   
00CA  D1        POP D       (3)  BC:004F  DE:0000  HL:001A  AF:4F16  SP:7FED  PC:00CA   
00CB  C1        POP B       (3)  BC:004F  DE:0000  HL:001A  AF:4F16  SP:7FEF  PC:00CB   
00CC  C9        RET         (3)  BC:0000  DE:0000  HL:001A  AF:4F16  SP:7FF1  PC:00CC   
00B7  23        INX H       (2)  BC:0000  DE:0000  HL:001A  AF:4F16  SP:7FF3  PC:00B7   
00B8  C3 AD 00  JMP 00AD    (2)  BC:0000  DE:0000  HL:001B  AF:4F16  SP:7FF3  PC:00B8   
00AD  7E        MOV A,M     (2)  BC:0000  DE:0000  HL:001B  AF:4F16  SP:7FF3  PC:00AD   
00AE  FE 24     CPI 24      (2)  BC:0000  DE:0000  HL:001B  AF:4E16  SP:7FF3  PC:00AE   
00B0  CA BB 00  JZ 00BB     (2)  BC:0000  DE:0000  HL:001B  AF:4E12  SP:7FF3  PC:00B0   
00B3  7E        MOV A,M     (2)  BC:0000  DE:0000  HL:001B  AF:4E12  SP:7FF3  PC:00B3   
00B4  CD C0 00  CALL 00C0   (2)  BC:0000  DE:0000  HL:001B  AF:4E12  SP:7FF3  PC:00B4   
00C0  C5        PUSH B      (3)  BC:0000  DE:0000  HL:001B  AF:4E12  SP:7FF1  PC:00C0   
00C1  D5        PUSH D      (3)  BC:0000  DE:0000  HL:001B  AF:4E12  SP:7FEF  PC:00C1   
00C2  E5        PUSH H      (3)  BC:0000  DE:0000  HL:001B  AF:4E12  SP:7FED  PC:00C2   
00C3  F5        PUSH PSW    (3)  BC:0000  DE:0000  HL:001B  AF:4E12  SP:7FEB  PC:00C3   
00C4  4F        MOV C,A     (3)  BC:0000  DE:0000  HL:001B  AF:4E12  SP:7FE9  PC:00C4   
00C5  CD 37 C0  CALL C037   (3)  BC:004E  DE:0000  HL:001B  AF:4E12  SP:7FE9  PC:00C5   
00C8  F1        POP PSW     (3)  BC:004E  DE:0000  HL:001B  AF:4E12  SP:7FE9  PC:00C8   
00C9  E1        POP H       (3)  BC:004E  DE:0000  HL:001B  AF:4E12  SP:7FEB  PC:00C9   
00CA  D1        POP D       (3)  BC:004E  DE:0000  HL:001B  AF:4E12  SP:7FED  PC:00CA   
00CB  C1        POP B       (3)  BC:004E  DE:0000  HL:001B  AF:4E12  SP:7FEF  PC:00CB   
00CC  C9        RET         (3)  BC:0000  DE:0000  HL:001B  AF:4E12  SP:7FF1  PC:00CC   
00B7  23        INX H       (2)  BC:0000  DE:0000  HL:001B  AF:4E12  SP:7FF3  PC:00B7   
00B8  C3 AD 00  JMP 00AD    (2)  BC:0000  DE:0000  HL:001C  AF:4E12  SP:7FF3  PC:00B8   
00AD  7E        MOV A,M     (2)  BC:0000  DE:0000  HL:001C  AF:4E12  SP:7FF3  PC:00AD   
00AE  FE 24     CPI 24      (2)  BC:0000  DE:0000  HL:001C  AF:2012  SP:7FF3  PC:00AE   
00B0  CA BB 00  JZ 00BB     (2)  BC:0000  DE:0000  HL:001C  AF:2087  SP:7FF3  PC:00B0   
00B3  7E        MOV A,M     (2)  BC:0000  DE:0000  HL:001C  AF:2087  SP:7FF3  PC:00B3   
00B4  CD C0 00  CALL 00C0   (2)  BC:0000  DE:0000  HL:001C  AF:2087  SP:7FF3  PC:00B4   
00C0  C5        PUSH B      (3)  BC:0000  DE:0000  HL:001C  AF:2087  SP:7FF1  PC:00C0   
00C1  D5        PUSH D      (3)  BC:0000  DE:0000  HL:001C  AF:2087  SP:7FEF  PC:00C1   
00C2  E5        PUSH H      (3)  BC:0000  DE:0000  HL:001C  AF:2087  SP:7FED  PC:00C2   
00C3  F5        PUSH PSW    (3)  BC:0000  DE:0000  HL:001C  AF:2087  SP:7FEB  PC:00C3   
00C4  4F        MOV C,A     (3)  BC:0000  DE:0000  HL:001C  AF:2087  SP:7FE9  PC:00C4   
00C5  CD 37 C0  CALL C037   (3)  BC:0020  DE:0000  HL:001C  AF:2087  SP:7FE9  PC:00C5   
00C8  F1        POP PSW     (3)  BC:0020  DE:0000  HL:001C  AF:2087  SP:7FE9  PC:00C8   
00C9  E1        POP H       (3)  BC:0020  DE:0000  HL:001C  AF:2087  SP:7FEB  PC:00C9   
00CA  D1        POP D       (3)  BC:0020  DE:0000  HL:001C  AF:2087  SP:7FED  PC:00CA   
00CB  C1        POP B       (3)  BC:0020  DE:0000  HL:001C  AF:2087  SP:7FEF  PC:00CB   
00CC  C9        RET         (3)  BC:0000  DE:0000  HL:001C  AF:2087  SP:7FF1  PC:00CC   
00B7  23        INX H       (2)  BC:0000  DE:0000  HL:001C  AF:2087  SP:7FF3  PC:00B7   
00B8  C3 AD 00  JMP 00AD    (2)  BC:0000  DE:0000  HL:001D  AF:2087  SP:7FF3  PC:00B8   
00AD  7E        MOV A,M     (2)  BC:0000  DE:0000  HL:001D  AF:2087  SP:7FF3  PC:00AD   
00AE  FE 24     CPI 24      (2)  BC:0000  DE:0000  HL:001D  AF:5487  SP:7FF3  PC:00AE   
00B0  CA BB 00  JZ 00BB     (2)  BC:0000  DE:0000  HL:001D  AF:5416  SP:7FF3  PC:00B0   
00B3  7E        MOV A,M     (2)  BC:0000  DE:0000  HL:001D  AF:5416  SP:7FF3  PC:00B3   
00B4  CD C0 00  CALL 00C0   (2)  BC:0000  DE:0000  HL:001D  AF:5416  SP:7FF3  PC:00B4   
00C0  C5        PUSH B      (3)  BC:0000  DE:0000  HL:001D  AF:5416  SP:7FF1  PC:00C0   
00C1  D5        PUSH D      (3)  BC:0000  DE:0000  HL:001D  AF:5416  SP:7FEF  PC:00C1   
00C2  E5        PUSH H      (3)  BC:0000  DE:0000  HL:001D  AF:5416  SP:7FED  PC:00C2   
00C3  F5        PUSH PSW    (3)  BC:0000  DE:0000  HL:001D  AF:5416  SP:7FEB  PC:00C3   
00C4  4F        MOV C,A     (3)  BC:0000  DE:0000  HL:001D  AF:5416  SP:7FE9  PC:00C4   
00C5  CD 37 C0  CALL C037   (3)  BC:0054  DE:0000  HL:001D  AF:5416  SP:7FE9  PC:00C5   
00C8  F1        POP PSW     (3)  BC:0054  DE:0000  HL:001D  AF:5416  SP:7FE9  PC:00C8   
00C9  E1        POP H       (3)  BC:0054  DE:0000  HL:001D  AF:5416  SP:7FEB  PC:00C9   
00CA  D1        POP D       (3)  BC:0054  DE:0000  HL:001D  AF:5416  SP:7FED  PC:00CA   
00CB  C1        POP B       (3)  BC:0054  DE:0000  HL:001D  AF:5416  SP:7FEF  PC:00CB   
00CC  C9        RET         (3)  BC:0000  DE:0000  HL:001D  AF:5416  SP:7FF1  PC:00CC   
00B7  23        INX H       (2)  BC:0000  DE:0000  HL:001D  AF:5416  SP:7FF3  PC:00B7   
00B8  C3 AD 00  JMP 00AD    (2)  BC:0000  DE:0000  HL:001E  AF:5416  SP:7FF3  PC:00B8   
00AD  7E        MOV A,M     (2)  BC:0000  DE:0000  HL:001E  AF:5416  SP:7FF3  PC:00AD   
00AE  FE 24     CPI 24      (2)  BC:0000  DE:0000  HL:001E  AF:4516  SP:7FF3  PC:00AE   
00B0  CA BB 00  JZ 00BB     (2)  BC:0000  DE:0000  HL:001E  AF:4516  SP:7FF3  PC:00B0   
00B3  7E        MOV A,M     (2)  BC:0000  DE:0000  HL:001E  AF:4516  SP:7FF3  PC:00B3   
00B4  CD C0 00  CALL 00C0   (2)  BC:0000  DE:0000  HL:001E  AF:4516  SP:7FF3  PC:00B4   
00C0  C5        PUSH B      (3)  BC:0000  DE:0000  HL:001E  AF:4516  SP:7FF1  PC:00C0   
00C1  D5        PUSH D      (3)  BC:0000  DE:0000  HL:001E  AF:4516  SP:7FEF  PC:00C1   
00C2  E5        PUSH H      (3)  BC:0000  DE:0000  HL:001E  AF:4516  SP:7FED  PC:00C2   
00C3  F5        PUSH PSW    (3)  BC:0000  DE:0000  HL:001E  AF:4516  SP:7FEB  PC:00C3   
00C4  4F        MOV C,A     (3)  BC:0000  DE:0000  HL:001E  AF:4516  SP:7FE9  PC:00C4   
00C5  CD 37 C0  CALL C037   (3)  BC:0045  DE:0000  HL:001E  AF:4516  SP:7FE9  PC:00C5   
00C8  F1        POP PSW     (3)  BC:0045  DE:0000  HL:001E  AF:4516  SP:7FE9  PC:00C8   
00C9  E1        POP H       (3)  BC:0045  DE:0000  HL:001E  AF:4516  SP:7FEB  PC:00C9   
00CA  D1        POP D       (3)  BC:0045  DE:0000  HL:001E  AF:4516  SP:7FED  PC:00CA   
00CB  C1        POP B       (3)  BC:0045  DE:0000  HL:001E  AF:4516  SP:7FEF  PC:00CB   
00CC  C9        RET         (3)  BC:0000  DE:0000  HL:001E  AF:4516  SP:7FF1  PC:00CC   
00B7  23        INX H       (2)  BC:0000  DE:0000  HL:001E  AF:4516  SP:7FF3  PC:00B7   
00B8  C3 AD 00  JMP 00AD    (2)  BC:0000  DE:0000  HL:001F  AF:4516  SP:7FF3  PC:00B8   
00AD  7E        MOV A,M     (2)  BC:0000  DE:0000  HL:001F  AF:4516  SP:7FF3  PC:00AD   
00AE  FE 24     CPI 24      (2)  BC:0000  DE:0000  HL:001F  AF:5316  SP:7FF3  PC:00AE   
00B0  CA BB 00  JZ 00BB     (2)  BC:0000  DE:0000  HL:001F  AF:5302  SP:7FF3  PC:00B0   
00B3  7E        MOV A,M     (2)  BC:0000  DE:0000  HL:001F  AF:5302  SP:7FF3  PC:00B3   
00B4  CD C0 00  CALL 00C0   (2)  BC:0000  DE:0000  HL:001F  AF:5302  SP:7FF3  PC:00B4   
00C0  C5        PUSH B      (3)  BC:0000  DE:0000  HL:001F  AF:5302  SP:7FF1  PC:00C0   
00C1  D5        PUSH D      (3)  BC:0000  DE:0000  HL:001F  AF:5302  SP:7FEF  PC:00C1   
00C2  E5        PUSH H      (3)  BC:0000  DE:0000  HL:001F  AF:5302  SP:7FED  PC:00C2   
00C3  F5        PUSH PSW    (3)  BC:0000  DE:0000  HL:001F  AF:5302  SP:7FEB  PC:00C3   
00C4  4F        MOV C,A     (3)  BC:0000  DE:0000  HL:001F  AF:5302  SP:7FE9  PC:00C4   
00C5  CD 37 C0  CALL C037   (3)  BC:0053  DE:0000  HL:001F  AF:5302  SP:7FE9  PC:00C5   
00C8  F1        POP PSW     (3)  BC:0053  DE:0000  HL:001F  AF:5302  SP:7FE9  PC:00C8   
00C9  E1        POP H       (3)  BC:0053  DE:0000  HL:001F  AF:5302  SP:7FEB  PC:00C9   
00CA  D1        POP D       (3)  BC:0053  DE:0000  HL:001F  AF:5302  SP:7FED  PC:00CA   
00CB  C1        POP B       (3)  BC:0053  DE:0000  HL:001F  AF:5302  SP:7FEF  PC:00CB   
00CC  C9        RET         (3)  BC:0000  DE:0000  HL:001F  AF:5302  SP:7FF1  PC:00CC   
00B7  23        INX H       (2)  BC:0000  DE:0000  HL:001F  AF:5302  SP:7FF3  PC:00B7   
00B8  C3 AD 00  JMP 00AD    (2)  BC:0000  DE:0000  HL:0020  AF:5302  SP:7FF3  PC:00B8   
00AD  7E        MOV A,M     (2)  BC:0000  DE:0000  HL:0020  AF:5302  SP:7FF3  PC:00AD   
00AE  FE 24     CPI 24      (2)  BC:0000  DE:0000  HL:0020  AF:5402  SP:7FF3  PC:00AE   
00B0  CA BB 00  JZ 00BB     (2)  BC:0000  DE:0000  HL:0020  AF:5416  SP:7FF3  PC:00B0   
00B3  7E        MOV A,M     (2)  BC:0000  DE:0000  HL:0020  AF:5416  SP:7FF3  PC:00B3   
00B4  CD C0 00  CALL 00C0   (2)  BC:0000  DE:0000  HL:0020  AF:5416  SP:7FF3  PC:00B4   
00C0  C5        PUSH B      (3)  BC:0000  DE:0000  HL:0020  AF:5416  SP:7FF1  PC:00C0   
00C1  D5        PUSH D      (3)  BC:0000  DE:0000  HL:0020  AF:5416  SP:7FEF  PC:00C1   
00C2  E5        PUSH H      (3)  BC:0000  DE:0000  HL:0020  AF:5416  SP:7FED  PC:00C2   
00C3  F5        PUSH PSW    (3)  BC:0000  DE:0000  HL:0020  AF:5416  SP:7FEB  PC:00C3   
00C4  4F        MOV C,A     (3)  BC:0000  DE:0000  HL:0020  AF:5416  SP:7FE9  PC:00C4   
00C5  CD 37 C0  CALL C037   (3)  BC:0054  DE:0000  HL:0020  AF:5416  SP:7FE9  PC:00C5   
00C8  F1        POP PSW     (3)  BC:0054  DE:0000  HL:0020  AF:5416  SP:7FE9  PC:00C8   
00C9  E1        POP H       (3)  BC:0054  DE:0000  HL:0020  AF:5416  SP:7FEB  PC:00C9   
00CA  D1        POP D       (3)  BC:0054  DE:0000  HL:0020  AF:5416  SP:7FED  PC:00CA   
00CB  C1        POP B       (3)  BC:0054  DE:0000  HL:0020  AF:5416  SP:7FEF  PC:00CB   
00CC  C9        RET         (3)  BC:0000  DE:0000  HL:0020  AF:5416  SP:7FF1  PC:00CC   
00B7  23        INX H       (2)  BC:0000  DE:0000  HL:0020  AF:5416  SP:7FF3  PC:00B7   
00B8  C3 AD 00  JMP 00AD    (2)  BC:0000  DE:0000  HL:0021  AF:5416  SP:7FF3  PC:00B8   
00AD  7E        MOV A,M     (2)  BC:0000  DE:0000  HL:0021  AF:5416  SP:7FF3  PC:00AD   
00AE  FE 24     CPI 24      (2)  BC:0000  DE:0000  HL:0021  AF:2016  SP:7FF3  PC:00AE   
00B0  CA BB 00  JZ 00BB     (2)  BC:0000  DE:0000  HL:0021  AF:2087  SP:7FF3  PC:00B0   
00B3  7E        MOV A,M     (2)  BC:0000  DE:0000  HL:0021  AF:2087  SP:7FF3  PC:00B3   
00B4  CD C0 00  CALL 00C0   (2)  BC:0000  DE:0000  HL:0021  AF:2087  SP:7FF3  PC:00B4   
00C0  C5        PUSH B      (3)  BC:0000  DE:0000  HL:0021  AF:2087  SP:7FF1  PC:00C0   
00C1  D5        PUSH D      (3)  BC:0000  DE:0000  HL:0021  AF:2087  SP:7FEF  PC:00C1   
00C2  E5        PUSH H      (3)  BC:0000  DE:0000  HL:0021  AF:2087  SP:7FED  PC:00C2   
00C3  F5        PUSH PSW    (3)  BC:0000  DE:0000  HL:0021  AF:2087  SP:7FEB  PC:00C3   
00C4  4F        MOV C,A     (3)  BC:0000  DE:0000  HL:0021  AF:2087  SP:7FE9  PC:00C4   
00C5  CD 37 C0  CALL C037   (3)  BC:0020  DE:0000  HL:0021  AF:2087  SP:7FE9  PC:00C5   
00C8  F1        POP PSW     (3)  BC:0020  DE:0000  HL:0021  AF:2087  SP:7FE9  PC:00C8   
00C9  E1        POP H       (3)  BC:0020  DE:0000  HL:0021  AF:2087  SP:7FEB  PC:00C9   
00CA  D1        POP D       (3)  BC:0020  DE:0000  HL:0021  AF:2087  SP:7FED  PC:00CA   
00CB  C1        POP B       (3)  BC:0020  DE:0000  HL:0021  AF:2087  SP:7FEF  PC:00CB   
00CC  C9        RET         (3)  BC:0000  DE:0000  HL:0021  AF:2087  SP:7FF1  PC:00CC   
00B7  23        INX H       (2)  BC:0000  DE:0000  HL:0021  AF:2087  SP:7FF3  PC:00B7   
00B8  C3 AD 00  JMP 00AD    (2)  BC:0000  DE:0000  HL:0022  AF:2087  SP:7FF3  PC:00B8   
00AD  7E        MOV A,M     (2)  BC:0000  DE:0000  HL:0022  AF:2087  SP:7FF3  PC:00AD   
00AE  FE 24     CPI 24      (2)  BC:0000  DE:0000  HL:0022  AF:2887  SP:7FF3  PC:00AE   
00B0  CA BB 00  JZ 00BB     (2)  BC:0000  DE:0000  HL:0022  AF:2812  SP:7FF3  PC:00B0   
00B3  7E        MOV A,M     (2)  BC:0000  DE:0000  HL:0022  AF:2812  SP:7FF3  PC:00B3   
00B4  CD C0 00  CALL 00C0   (2)  BC:0000  DE:0000  HL:0022  AF:2812  SP:7FF3  PC:00B4   
00C0  C5        PUSH B      (3)  BC:0000  DE:0000  HL:0022  AF:2812  SP:7FF1  PC:00C0   
00C1  D5        PUSH D      (3)  BC:0000  DE:0000  HL:0022  AF:2812  SP:7FEF  PC:00C1   
00C2  E5        PUSH H      (3)  BC:0000  DE:0000  HL:0022  AF:2812  SP:7FED  PC:00C2   
00C3  F5        PUSH PSW    (3)  BC:0000  DE:0000  HL:0022  AF:2812  SP:7FEB  PC:00C3   
00C4  4F        MOV C,A     (3)  BC:0000  DE:0000  HL:0022  AF:2812  SP:7FE9  PC:00C4   
00C5  CD 37 C0  CALL C037   (3)  BC:0028  DE:0000  HL:0022  AF:2812  SP:7FE9  PC:00C5   
00C8  F1        POP PSW     (3)  BC:0028  DE:0000  HL:0022  AF:2812  SP:7FE9  PC:00C8   
00C9  E1        POP H       (3)  BC:0028  DE:0000  HL:0022  AF:2812  SP:7FEB  PC:00C9   
00CA  D1        POP D       (3)  BC:0028  DE:0000  HL:0022  AF:2812  SP:7FED  PC:00CA   
00CB  C1        POP B       (3)  BC:0028  DE:0000  HL:0022  AF:2812  SP:7FEF  PC:00CB   
00CC  C9        RET         (3)  BC:0000  DE:0000  HL:0022  AF:2812  SP:7FF1  PC:00CC   
00B7  23        INX H       (2)  BC:0000  DE:0000  HL:0022  AF:2812  SP:7FF3  PC:00B7   
00B8  C3 AD 00  JMP 00AD    (2)  BC:0000  DE:0000  HL:0023  AF:2812  SP:7FF3  PC:00B8   
00AD  7E        MOV A,M     (2)  BC:0000  DE:0000  HL:0023  AF:2812  SP:7FF3  PC:00AD   
00AE  FE 24     CPI 24      (2)  BC:0000  DE:0000  HL:0023  AF:4B12  SP:7FF3  PC:00AE   
00B0  CA BB 00  JZ 00BB     (2)  BC:0000  DE:0000  HL:0023  AF:4B16  SP:7FF3  PC:00B0   
00B3  7E        MOV A,M     (2)  BC:0000  DE:0000  HL:0023  AF:4B16  SP:7FF3  PC:00B3   
00B4  CD C0 00  CALL 00C0   (2)  BC:0000  DE:0000  HL:0023  AF:4B16  SP:7FF3  PC:00B4   
00C0  C5        PUSH B      (3)  BC:0000  DE:0000  HL:0023  AF:4B16  SP:7FF1  PC:00C0   
00C1  D5        PUSH D      (3)  BC:0000  DE:0000  HL:0023  AF:4B16  SP:7FEF  PC:00C1   
00C2  E5        PUSH H      (3)  BC:0000  DE:0000  HL:0023  AF:4B16  SP:7FED  PC:00C2   
00C3  F5        PUSH PSW    (3)  BC:0000  DE:0000  HL:0023  AF:4B16  SP:7FEB  PC:00C3   
00C4  4F        MOV C,A     (3)  BC:0000  DE:0000  HL:0023  AF:4B16  SP:7FE9  PC:00C4   
00C5  CD 37 C0  CALL C037   (3)  BC:004B  DE:0000  HL:0023  AF:4B16  SP:7FE9  PC:00C5   
00C8  F1        POP PSW     (3)  BC:004B  DE:0000  HL:0023  AF:4B16  SP:7FE9  PC:00C8   
00C9  E1        POP H       (3)  BC:004B  DE:0000  HL:0023  AF:4B16  SP:7FEB  PC:00C9   
00CA  D1        POP D       (3)  BC:004B  DE:0000  HL:0023  AF:4B16  SP:7FED  PC:00CA   
00CB  C1        POP B       (3)  BC:004B  DE:0000  HL:0023  AF:4B16  SP:7FEF  PC:00CB   
00CC  C9        RET         (3)  BC:0000  DE:0000  HL:0023  AF:4B16  SP:7FF1  PC:00CC   
00B7  23        INX H       (2)  BC:0000  DE:0000  HL:0023  AF:4B16  SP:7FF3  PC:00B7   
00B8  C3 AD 00  JMP 00AD    (2)  BC:0000  DE:0000  HL:0024  AF:4B16  SP:7FF3  PC:00B8   
00AD  7E        MOV A,M     (2)  BC:0000  DE:0000  HL:0024  AF:4B16  SP:7FF3  PC:00AD   
00AE  FE 24     CPI 24      (2)  BC:0000  DE:0000  HL:0024  AF:5216  SP:7FF3  PC:00AE   
00B0  CA BB 00  JZ 00BB     (2)  BC:0000  DE:0000  HL:0024  AF:5206  SP:7FF3  PC:00B0   
00B3  7E        MOV A,M     (2)  BC:0000  DE:0000  HL:0024  AF:5206  SP:7FF3  PC:00B3   
00B4  CD C0 00  CALL 00C0   (2)  BC:0000  DE:0000  HL:0024  AF:5206  SP:7FF3  PC:00B4   
00C0  C5        PUSH B      (3)  BC:0000  DE:0000  HL:0024  AF:5206  SP:7FF1  PC:00C0   
00C1  D5        PUSH D      (3)  BC:0000  DE:0000  HL:0024  AF:5206  SP:7FEF  PC:00C1   
00C2  E5        PUSH H      (3)  BC:0000  DE:0000  HL:0024  AF:5206  SP:7FED  PC:00C2   
00C3  F5        PUSH PSW    (3)  BC:0000  DE:0000  HL:0024  AF:5206  SP:7FEB  PC:00C3   
00C4  4F        MOV C,A     (3)  BC:0000  DE:0000  HL:0024  AF:5206  SP:7FE9  PC:00C4   
00C5  CD 37 C0  CALL C037   (3)  BC:0052  DE:0000  HL:0024  AF:5206  SP:7FE9  PC:00C5   
00C8  F1        POP PSW     (3)  BC:0052  DE:0000  HL:0024  AF:5206  SP:7FE9  PC:00C8   
00C9  E1        POP H       (3)  BC:0052  DE:0000  HL:0024  AF:5206  SP:7FEB  PC:00C9   
00CA  D1        POP D       (3)  BC:0052  DE:0000  HL:0024  AF:5206  SP:7FED  PC:00CA   
00CB  C1        POP B       (3)  BC:0052  DE:0000  HL:0024  AF:5206  SP:7FEF  PC:00CB   
00CC  C9        RET         (3)  BC:0000  DE:0000  HL:0024  AF:5206  SP:7FF1  PC:00CC   
00B7  23        INX H       (2)  BC:0000  DE:0000  HL:0024  AF:5206  SP:7FF3  PC:00B7   
00B8  C3 AD 00  JMP 00AD    (2)  BC:0000  DE:0000  HL:0025  AF:5206  SP:7FF3  PC:00B8   
00AD  7E        MOV A,M     (2)  BC:0000  DE:0000  HL:0025  AF:5206  SP:7FF3  PC:00AD   
00AE  FE 24     CPI 24      (2)  BC:0000  DE:0000  HL:0025  AF:3506  SP:7FF3  PC:00AE   
00B0  CA BB 00  JZ 00BB     (2)  BC:0000  DE:0000  HL:0025  AF:3516  SP:7FF3  PC:00B0   
00B3  7E        MOV A,M     (2)  BC:0000  DE:0000  HL:0025  AF:3516  SP:7FF3  PC:00B3   
00B4  CD C0 00  CALL 00C0   (2)  BC:0000  DE:0000  HL:0025  AF:3516  SP:7FF3  PC:00B4   
00C0  C5        PUSH B      (3)  BC:0000  DE:0000  HL:0025  AF:3516  SP:7FF1  PC:00C0   
00C1  D5        PUSH D      (3)  BC:0000  DE:0000  HL:0025  AF:3516  SP:7FEF  PC:00C1   
00C2  E5        PUSH H      (3)  BC:0000  DE:0000  HL:0025  AF:3516  SP:7FED  PC:00C2   
00C3  F5        PUSH PSW    (3)  BC:0000  DE:0000  HL:0025  AF:3516  SP:7FEB  PC:00C3   
00C4  4F        MOV C,A     (3)  BC:0000  DE:0000  HL:0025  AF:3516  SP:7FE9  PC:00C4   
00C5  CD 37 C0  CALL C037   (3)  BC:0035  DE:0000  HL:0025  AF:3516  SP:7FE9  PC:00C5   
00C8  F1        POP PSW     (3)  BC:0035  DE:0000  HL:0025  AF:3516  SP:7FE9  PC:00C8   
00C9  E1        POP H       (3)  BC:0035  DE:0000  HL:0025  AF:3516  SP:7FEB  PC:00C9   
00CA  D1        POP D       (3)  BC:0035  DE:0000  HL:0025  AF:3516  SP:7FED  PC:00CA   
00CB  C1        POP B       (3)  BC:0035  DE:0000  HL:0025  AF:3516  SP:7FEF  PC:00CB   
00CC  C9        RET         (3)  BC:0000  DE:0000  HL:0025  AF:3516  SP:7FF1  PC:00CC   
00B7  23        INX H       (2)  BC:0000  DE:0000  HL:0025  AF:3516  SP:7FF3  PC:00B7   
00B8  C3 AD 00  JMP 00AD    (2)  BC:0000  DE:0000  HL:0026  AF:3516  SP:7FF3  PC:00B8   
00AD  7E        MOV A,M     (2)  BC:0000  DE:0000  HL:0026  AF:3516  SP:7FF3  PC:00AD   
00AE  FE 24     CPI 24      (2)  BC:0000  DE:0000  HL:0026  AF:3816  SP:7FF3  PC:00AE   
00B0  CA BB 00  JZ 00BB     (2)  BC:0000  DE:0000  HL:0026  AF:3816  SP:7FF3  PC:00B0   
00B3  7E        MOV A,M     (2)  BC:0000  DE:0000  HL:0026  AF:3816  SP:7FF3  PC:00B3   
00B4  CD C0 00  CALL 00C0   (2)  BC:0000  DE:0000  HL:0026  AF:3816  SP:7FF3  PC:00B4   
00C0  C5        PUSH B      (3)  BC:0000  DE:0000  HL:0026  AF:3816  SP:7FF1  PC:00C0   
00C1  D5        PUSH D      (3)  BC:0000  DE:0000  HL:0026  AF:3816  SP:7FEF  PC:00C1   
00C2  E5        PUSH H      (3)  BC:0000  DE:0000  HL:0026  AF:3816  SP:7FED  PC:00C2   
00C3  F5        PUSH PSW    (3)  BC:0000  DE:0000  HL:0026  AF:3816  SP:7FEB  PC:00C3   
00C4  4F        MOV C,A     (3)  BC:0000  DE:0000  HL:0026  AF:3816  SP:7FE9  PC:00C4   
00C5  CD 37 C0  CALL C037   (3)  BC:0038  DE:0000  HL:0026  AF:3816  SP:7FE9  PC:00C5   
00C8  F1        POP PSW     (3)  BC:0038  DE:0000  HL:0026  AF:3816  SP:7FE9  PC:00C8   
00C9  E1        POP H       (3)  BC:0038  DE:0000  HL:0026  AF:3816  SP:7FEB  PC:00C9   
00CA  D1        POP D       (3)  BC:0038  DE:0000  HL:0026  AF:3816  SP:7FED  PC:00CA   
00CB  C1        POP B       (3)  BC:0038  DE:0000  HL:0026  AF:3816  SP:7FEF  PC:00CB   
00CC  C9        RET         (3)  BC:0000  DE:0000  HL:0026  AF:3816  SP:7FF1  PC:00CC   
00B7  23        INX H       (2)  BC:0000  DE:0000  HL:0026  AF:3816  SP:7FF3  PC:00B7   
00B8  C3 AD 00  JMP 00AD    (2)  BC:0000  DE:0000  HL:0027  AF:3816  SP:7FF3  PC:00B8   
00AD  7E        MOV A,M     (2)  BC:0000  DE:0000  HL:0027  AF:3816  SP:7FF3  PC:00AD   
00AE  FE 24     CPI 24      (2)  BC:0000  DE:0000  HL:0027  AF:3016  SP:7FF3  PC:00AE   
00B0  CA BB 00  JZ 00BB     (2)  BC:0000  DE:0000  HL:0027  AF:3006  SP:7FF3  PC:00B0   
00B3  7E        MOV A,M     (2)  BC:0000  DE:0000  HL:0027  AF:3006  SP:7FF3  PC:00B3   
00B4  CD C0 00  CALL 00C0   (2)  BC:0000  DE:0000  HL:0027  AF:3006  SP:7FF3  PC:00B4   
00C0  C5        PUSH B      (3)  BC:0000  DE:0000  HL:0027  AF:3006  SP:7FF1  PC:00C0   
00C1  D5        PUSH D      (3)  BC:0000  DE:0000  HL:0027  AF:3006  SP:7FEF  PC:00C1   
00C2  E5        PUSH H      (3)  BC:0000  DE:0000  HL:0027  AF:3006  SP:7FED  PC:00C2   
00C3  F5        PUSH PSW    (3)  BC:0000  DE:0000  HL:0027  AF:3006  SP:7FEB  PC:00C3   
00C4  4F        MOV C,A     (3)  BC:0000  DE:0000  HL:0027  AF:3006  SP:7FE9  PC:00C4   
00C5  CD 37 C0  CALL C037   (3)  BC:0030  DE:0000  HL:0027  AF:3006  SP:7FE9  PC:00C5   
00C8  F1        POP PSW     (3)  BC:0030  DE:0000  HL:0027  AF:3006  SP:7FE9  PC:00C8   
00C9  E1        POP H       (3)  BC:0030  DE:0000  HL:0027  AF:3006  SP:7FEB  PC:00C9   
00CA  D1        POP D       (3)  BC:0030  DE:0000  HL:0027  AF:3006  SP:7FED  PC:00CA   
00CB  C1        POP B       (3)  BC:0030  DE:0000  HL:0027  AF:3006  SP:7FEF  PC:00CB   
00CC  C9        RET         (3)  BC:0000  DE:0000  HL:0027  AF:3006  SP:7FF1  PC:00CC   
00B7  23        INX H       (2)  BC:0000  DE:0000  HL:0027  AF:3006  SP:7FF3  PC:00B7   
00B8  C3 AD 00  JMP 00AD    (2)  BC:0000  DE:0000  HL:0028  AF:3006  SP:7FF3  PC:00B8   
00AD  7E        MOV A,M     (2)  BC:0000  DE:0000  HL:0028  AF:3006  SP:7FF3  PC:00AD   
00AE  FE 24     CPI 24      (2)  BC:0000  DE:0000  HL:0028  AF:5606  SP:7FF3  PC:00AE   
00B0  CA BB 00  JZ 00BB     (2)  BC:0000  DE:0000  HL:0028  AF:5612  SP:7FF3  PC:00B0   
00B3  7E        MOV A,M     (2)  BC:0000  DE:0000  HL:0028  AF:5612  SP:7FF3  PC:00B3   
00B4  CD C0 00  CALL 00C0   (2)  BC:0000  DE:0000  HL:0028  AF:5612  SP:7FF3  PC:00B4   
00C0  C5        PUSH B      (3)  BC:0000  DE:0000  HL:0028  AF:5612  SP:7FF1  PC:00C0   
00C1  D5        PUSH D      (3)  BC:0000  DE:0000  HL:0028  AF:5612  SP:7FEF  PC:00C1   
00C2  E5        PUSH H      (3)  BC:0000  DE:0000  HL:0028  AF:5612  SP:7FED  PC:00C2   
00C3  F5        PUSH PSW    (3)  BC:0000  DE:0000  HL:0028  AF:5612  SP:7FEB  PC:00C3   
00C4  4F        MOV C,A     (3)  BC:0000  DE:0000  HL:0028  AF:5612  SP:7FE9  PC:00C4   
00C5  CD 37 C0  CALL C037   (3)  BC:0056  DE:0000  HL:0028  AF:5612  SP:7FE9  PC:00C5   
00C8  F1        POP PSW     (3)  BC:0056  DE:0000  HL:0028  AF:5612  SP:7FE9  PC:00C8   
00C9  E1        POP H       (3)  BC:0056  DE:0000  HL:0028  AF:5612  SP:7FEB  PC:00C9   
00CA  D1        POP D       (3)  BC:0056  DE:0000  HL:0028  AF:5612  SP:7FED  PC:00CA   
00CB  C1        POP B       (3)  BC:0056  DE:0000  HL:0028  AF:5612  SP:7FEF  PC:00CB   
00CC  C9        RET         (3)  BC:0000  DE:0000  HL:0028  AF:5612  SP:7FF1  PC:00CC   
00B7  23        INX H       (2)  BC:0000  DE:0000  HL:0028  AF:5612  SP:7FF3  PC:00B7   
00B8  C3 AD 00  JMP 00AD    (2)  BC:0000  DE:0000  HL:0029  AF:5612  SP:7FF3  PC:00B8   
00AD  7E        MOV A,M     (2)  BC:0000  DE:0000  HL:0029  AF:5612  SP:7FF3  PC:00AD   
00AE  FE 24     CPI 24      (2)  BC:0000  DE:0000  HL:0029  AF:4D12  SP:7FF3  PC:00AE   
00B0  CA BB 00  JZ 00BB     (2)  BC:0000  DE:0000  HL:0029  AF:4D12  SP:7FF3  PC:00B0   
00B3  7E        MOV A,M     (2)  BC:0000  DE:0000  HL:0029  AF:4D12  SP:7FF3  PC:00B3   
00B4  CD C0 00  CALL 00C0   (2)  BC:0000  DE:0000  HL:0029  AF:4D12  SP:7FF3  PC:00B4   
00C0  C5        PUSH B      (3)  BC:0000  DE:0000  HL:0029  AF:4D12  SP:7FF1  PC:00C0   
00C1  D5        PUSH D      (3)  BC:0000  DE:0000  HL:0029  AF:4D12  SP:7FEF  PC:00C1   
00C2  E5        PUSH H      (3)  BC:0000  DE:0000  HL:0029  AF:4D12  SP:7FED  PC:00C2   
00C3  F5        PUSH PSW    (3)  BC:0000  DE:0000  HL:0029  AF:4D12  SP:7FEB  PC:00C3   
00C4  4F        MOV C,A     (3)  BC:0000  DE:0000  HL:0029  AF:4D12  SP:7FE9  PC:00C4   
00C5  CD 37 C0  CALL C037   (3)  BC:004D  DE:0000  HL:0029  AF:4D12  SP:7FE9  PC:00C5   
00C8  F1        POP PSW     (3)  BC:004D  DE:0000  HL:0029  AF:4D12  SP:7FE9  PC:00C8   
00C9  E1        POP H       (3)  BC:004D  DE:0000  HL:0029  AF:4D12  SP:7FEB  PC:00C9   
00CA  D1        POP D       (3)  BC:004D  DE:0000  HL:0029  AF:4D12  SP:7FED  PC:00CA   
00CB  C1        POP B       (3)  BC:004D  DE:0000  HL:0029  AF:4D12  SP:7FEF  PC:00CB   
00CC  C9        RET         (3)  BC:0000  DE:0000  HL:0029  AF:4D12  SP:7FF1  PC:00CC   
00B7  23        INX H       (2)  BC:0000  DE:0000  HL:0029  AF:4D12  SP:7FF3  PC:00B7   
00B8  C3 AD 00  JMP 00AD    (2)  BC:0000  DE:0000  HL:002A  AF:4D12  SP:7FF3  PC:00B8   
00AD  7E        MOV A,M     (2)  BC:0000  DE:0000  HL:002A  AF:4D12  SP:7FF3  PC:00AD   
00AE  FE 24     CPI 24      (2)  BC:0000  DE:0000  HL:002A  AF:3812  SP:7FF3  PC:00AE   
00B0  CA BB 00  JZ 00BB     (2)  BC:0000  DE:0000  HL:002A  AF:3816  SP:7FF3  PC:00B0   
00B3  7E        MOV A,M     (2)  BC:0000  DE:0000  HL:002A  AF:3816  SP:7FF3  PC:00B3   
00B4  CD C0 00  CALL 00C0   (2)  BC:0000  DE:0000  HL:002A  AF:3816  SP:7FF3  PC:00B4   
00C0  C5        PUSH B      (3)  BC:0000  DE:0000  HL:002A  AF:3816  SP:7FF1  PC:00C0   
00C1  D5        PUSH D      (3)  BC:0000  DE:0000  HL:002A  AF:3816  SP:7FEF  PC:00C1   
00C2  E5        PUSH H      (3)  BC:0000  DE:0000  HL:002A  AF:3816  SP:7FED  PC:00C2   
00C3  F5        PUSH PSW    (3)  BC:0000  DE:0000  HL:002A  AF:3816  SP:7FEB  PC:00C3   
00C4  4F        MOV C,A     (3)  BC:0000  DE:0000  HL:002A  AF:3816  SP:7FE9  PC:00C4   
00C5  CD 37 C0  CALL C037   (3)  BC:0038  DE:0000  HL:002A  AF:3816  SP:7FE9  PC:00C5   
00C8  F1        POP PSW     (3)  BC:0038  DE:0000  HL:002A  AF:3816  SP:7FE9  PC:00C8   
00C9  E1        POP H       (3)  BC:0038  DE:0000  HL:002A  AF:3816  SP:7FEB  PC:00C9   
00CA  D1        POP D       (3)  BC:0038  DE:0000  HL:002A  AF:3816  SP:7FED  PC:00CA   
00CB  C1        POP B       (3)  BC:0038  DE:0000  HL:002A  AF:3816  SP:7FEF  PC:00CB   
00CC  C9        RET         (3)  BC:0000  DE:0000  HL:002A  AF:3816  SP:7FF1  PC:00CC   
00B7  23        INX H       (2)  BC:0000  DE:0000  HL:002A  AF:3816  SP:7FF3  PC:00B7   
00B8  C3 AD 00  JMP 00AD    (2)  BC:0000  DE:0000  HL:002B  AF:3816  SP:7FF3  PC:00B8   
00AD  7E        MOV A,M     (2)  BC:0000  DE:0000  HL:002B  AF:3816  SP:7FF3  PC:00AD   
00AE  FE 24     CPI 24      (2)  BC:0000  DE:0000  HL:002B  AF:3016  SP:7FF3  PC:00AE   
00B0  CA BB 00  JZ 00BB     (2)  BC:0000  DE:0000  HL:002B  AF:3006  SP:7FF3  PC:00B0   
00B3  7E        MOV A,M     (2)  BC:0000  DE:0000  HL:002B  AF:3006  SP:7FF3  PC:00B3   
00B4  CD C0 00  CALL 00C0   (2)  BC:0000  DE:0000  HL:002B  AF:3006  SP:7FF3  PC:00B4   
00C0  C5        PUSH B      (3)  BC:0000  DE:0000  HL:002B  AF:3006  SP:7FF1  PC:00C0   
00C1  D5        PUSH D      (3)  BC:0000  DE:0000  HL:002B  AF:3006  SP:7FEF  PC:00C1   
00C2  E5        PUSH H      (3)  BC:0000  DE:0000  HL:002B  AF:3006  SP:7FED  PC:00C2   
00C3  F5        PUSH PSW    (3)  BC:0000  DE:0000  HL:002B  AF:3006  SP:7FEB  PC:00C3   
00C4  4F        MOV C,A     (3)  BC:0000  DE:0000  HL:002B  AF:3006  SP:7FE9  PC:00C4   
00C5  CD 37 C0  CALL C037   (3)  BC:0030  DE:0000  HL:002B  AF:3006  SP:7FE9  PC:00C5   
00C8  F1        POP PSW     (3)  BC:0030  DE:0000  HL:002B  AF:3006  SP:7FE9  PC:00C8   
00C9  E1        POP H       (3)  BC:0030  DE:0000  HL:002B  AF:3006  SP:7FEB  PC:00C9   
00CA  D1        POP D       (3)  BC:0030  DE:0000  HL:002B  AF:3006  SP:7FED  PC:00CA   
00CB  C1        POP B       (3)  BC:0030  DE:0000  HL:002B  AF:3006  SP:7FEF  PC:00CB   
00CC  C9        RET         (3)  BC:0000  DE:0000  HL:002B  AF:3006  SP:7FF1  PC:00CC   
00B7  23        INX H       (2)  BC:0000  DE:0000  HL:002B  AF:3006  SP:7FF3  PC:00B7   
00B8  C3 AD 00  JMP 00AD    (2)  BC:0000  DE:0000  HL:002C  AF:3006  SP:7FF3  PC:00B8   
00AD  7E        MOV A,M     (2)  BC:0000  DE:0000  HL:002C  AF:3006  SP:7FF3  PC:00AD   
00AE  FE 24     CPI 24      (2)  BC:0000  DE:0000  HL:002C  AF:4106  SP:7FF3  PC:00AE   
00B0  CA BB 00  JZ 00BB     (2)  BC:0000  DE:0000  HL:002C  AF:4106  SP:7FF3  PC:00B0   
00B3  7E        MOV A,M     (2)  BC:0000  DE:0000  HL:002C  AF:4106  SP:7FF3  PC:00B3   
00B4  CD C0 00  CALL 00C0   (2)  BC:0000  DE:0000  HL:002C  AF:4106  SP:7FF3  PC:00B4   
00C0  C5        PUSH B      (3)  BC:0000  DE:0000  HL:002C  AF:4106  SP:7FF1  PC:00C0   
00C1  D5        PUSH D      (3)  BC:0000  DE:0000  HL:002C  AF:4106  SP:7FEF  PC:00C1   
00C2  E5        PUSH H      (3)  BC:0000  DE:0000  HL:002C  AF:4106  SP:7FED  PC:00C2   
00C3  F5        PUSH PSW    (3)  BC:0000  DE:0000  HL:002C  AF:4106  SP:7FEB  PC:00C3   
00C4  4F        MOV C,A     (3)  BC:0000  DE:0000  HL:002C  AF:4106  SP:7FE9  PC:00C4   
00C5  CD 37 C0  CALL C037   (3)  BC:0041  DE:0000  HL:002C  AF:4106  SP:7FE9  PC:00C5   
00C8  F1        POP PSW     (3)  BC:0041  DE:0000  HL:002C  AF:4106  SP:7FE9  PC:00C8   
00C9  E1        POP H       (3)  BC:0041  DE:0000  HL:002C  AF:4106  SP:7FEB  PC:00C9   
00CA  D1        POP D       (3)  BC:0041  DE:0000  HL:002C  AF:4106  SP:7FED  PC:00CA   
00CB  C1        POP B       (3)  BC:0041  DE:0000  HL:002C  AF:4106  SP:7FEF  PC:00CB   
00CC  C9        RET         (3)  BC:0000  DE:0000  HL:002C  AF:4106  SP:7FF1  PC:00CC   
00B7  23        INX H       (2)  BC:0000  DE:0000  HL:002C  AF:4106  SP:7FF3  PC:00B7   
00B8  C3 AD 00  JMP 00AD    (2)  BC:0000  DE:0000  HL:002D  AF:4106  SP:7FF3  PC:00B8   
00AD  7E        MOV A,M     (2)  BC:0000  DE:0000  HL:002D  AF:4106  SP:7FF3  PC:00AD   
00AE  FE 24     CPI 24      (2)  BC:0000  DE:0000  HL:002D  AF:2006  SP:7FF3  PC:00AE   
00B0  CA BB 00  JZ 00BB     (2)  BC:0000  DE:0000  HL:002D  AF:2087  SP:7FF3  PC:00B0   
00B3  7E        MOV A,M     (2)  BC:0000  DE:0000  HL:002D  AF:2087  SP:7FF3  PC:00B3   
00B4  CD C0 00  CALL 00C0   (2)  BC:0000  DE:0000  HL:002D  AF:2087  SP:7FF3  PC:00B4   
00C0  C5        PUSH B      (3)  BC:0000  DE:0000  HL:002D  AF:2087  SP:7FF1  PC:00C0   
00C1  D5        PUSH D      (3)  BC:0000  DE:0000  HL:002D  AF:2087  SP:7FEF  PC:00C1   
00C2  E5        PUSH H      (3)  BC:0000  DE:0000  HL:002D  AF:2087  SP:7FED  PC:00C2   
00C3  F5        PUSH PSW    (3)  BC:0000  DE:0000  HL:002D  AF:2087  SP:7FEB  PC:00C3   
00C4  4F        MOV C,A     (3)  BC:0000  DE:0000  HL:002D  AF:2087  SP:7FE9  PC:00C4   
00C5  CD 37 C0  CALL C037   (3)  BC:0020  DE:0000  HL:002D  AF:2087  SP:7FE9  PC:00C5   
00C8  F1        POP PSW     (3)  BC:0020  DE:0000  HL:002D  AF:2087  SP:7FE9  PC:00C8   
00C9  E1        POP H       (3)  BC:0020  DE:0000  HL:002D  AF:2087  SP:7FEB  PC:00C9   
00CA  D1        POP D       (3)  BC:0020  DE:0000  HL:002D  AF:2087  SP:7FED  PC:00CA   
00CB  C1        POP B       (3)  BC:0020  DE:0000  HL:002D  AF:2087  SP:7FEF  PC:00CB   
00CC  C9        RET         (3)  BC:0000  DE:0000  HL:002D  AF:2087  SP:7FF1  PC:00CC   
00B7  23        INX H       (2)  BC:0000  DE:0000  HL:002D  AF:2087  SP:7FF3  PC:00B7   
00B8  C3 AD 00  JMP 00AD    (2)  BC:0000  DE:0000  HL:002E  AF:2087  SP:7FF3  PC:00B8   
00AD  7E        MOV A,M     (2)  BC:0000  DE:0000  HL:002E  AF:2087  SP:7FF3  PC:00AD   
00AE  FE 24     CPI 24      (2)  BC:0000  DE:0000  HL:002E  AF:4387  SP:7FF3  PC:00AE   
00B0  CA BB 00  JZ 00BB     (2)  BC:0000  DE:0000  HL:002E  AF:4302  SP:7FF3  PC:00B0   
00B3  7E        MOV A,M     (2)  BC:0000  DE:0000  HL:002E  AF:4302  SP:7FF3  PC:00B3   
00B4  CD C0 00  CALL 00C0   (2)  BC:0000  DE:0000  HL:002E  AF:4302  SP:7FF3  PC:00B4   
00C0  C5        PUSH B      (3)  BC:0000  DE:0000  HL:002E  AF:4302  SP:7FF1  PC:00C0   
00C1  D5        PUSH D      (3)  BC:0000  DE:0000  HL:002E  AF:4302  SP:7FEF  PC:00C1   
00C2  E5        PUSH H      (3)  BC:0000  DE:0000  HL:002E  AF:4302  SP:7FED  PC:00C2   
00C3  F5        PUSH PSW    (3)  BC:0000  DE:0000  HL:002E  AF:4302  SP:7FEB  PC:00C3   
00C4  4F        MOV C,A     (3)  BC:0000  DE:0000  HL:002E  AF:4302  SP:7FE9  PC:00C4   
00C5  CD 37 C0  CALL C037   (3)  BC:0043  DE:0000  HL:002E  AF:4302  SP:7FE9  PC:00C5   
00C8  F1        POP PSW     (3)  BC:0043  DE:0000  HL:002E  AF:4302  SP:7FE9  PC:00C8   
00C9  E1        POP H       (3)  BC:0043  DE:0000  HL:002E  AF:4302  SP:7FEB  PC:00C9   
00CA  D1        POP D       (3)  BC:0043  DE:0000  HL:002E  AF:4302  SP:7FED  PC:00CA   
00CB  C1        POP B       (3)  BC:0043  DE:0000  HL:002E  AF:4302  SP:7FEF  PC:00CB   
00CC  C9        RET         (3)  BC:0000  DE:0000  HL:002E  AF:4302  SP:7FF1  PC:00CC   
00B7  23        INX H       (2)  BC:0000  DE:0000  HL:002E  AF:4302  SP:7FF3  PC:00B7   
00B8  C3 AD 00  JMP 00AD    (2)  BC:0000  DE:0000  HL:002F  AF:4302  SP:7FF3  PC:00B8   
00AD  7E        MOV A,M     (2)  BC:0000  DE:0000  HL:002F  AF:4302  SP:7FF3  PC:00AD   
00AE  FE 24     CPI 24      (2)  BC:0000  DE:0000  HL:002F  AF:5002  SP:7FF3  PC:00AE   
00B0  CA BB 00  JZ 00BB     (2)  BC:0000  DE:0000  HL:002F  AF:5002  SP:7FF3  PC:00B0   
00B3  7E        MOV A,M     (2)  BC:0000  DE:0000  HL:002F  AF:5002  SP:7FF3  PC:00B3   
00B4  CD C0 00  CALL 00C0   (2)  BC:0000  DE:0000  HL:002F  AF:5002  SP:7FF3  PC:00B4   
00C0  C5        PUSH B      (3)  BC:0000  DE:0000  HL:002F  AF:5002  SP:7FF1  PC:00C0   
00C1  D5        PUSH D      (3)  BC:0000  DE:0000  HL:002F  AF:5002  SP:7FEF  PC:00C1   
00C2  E5        PUSH H      (3)  BC:0000  DE:0000  HL:002F  AF:5002  SP:7FED  PC:00C2   
00C3  F5        PUSH PSW    (3)  BC:0000  DE:0000  HL:002F  AF:5002  SP:7FEB  PC:00C3   
00C4  4F        MOV C,A     (3)  BC:0000  DE:0000  HL:002F  AF:5002  SP:7FE9  PC:00C4   
00C5  CD 37 C0  CALL C037   (3)  BC:0050  DE:0000  HL:002F  AF:5002  SP:7FE9  PC:00C5   
00C8  F1        POP PSW     (3)  BC:0050  DE:0000  HL:002F  AF:5002  SP:7FE9  PC:00C8   
00C9  E1        POP H       (3)  BC:0050  DE:0000  HL:002F  AF:5002  SP:7FEB  PC:00C9   
00CA  D1        POP D       (3)  BC:0050  DE:0000  HL:002F  AF:5002  SP:7FED  PC:00CA   
00CB  C1        POP B       (3)  BC:0050  DE:0000  HL:002F  AF:5002  SP:7FEF  PC:00CB   
00CC  C9        RET         (3)  BC:0000  DE:0000  HL:002F  AF:5002  SP:7FF1  PC:00CC   
00B7  23        INX H       (2)  BC:0000  DE:0000  HL:002F  AF:5002  SP:7FF3  PC:00B7   
00B8  C3 AD 00  JMP 00AD    (2)  BC:0000  DE:0000  HL:0030  AF:5002  SP:7FF3  PC:00B8   
00AD  7E        MOV A,M     (2)  BC:0000  DE:0000  HL:0030  AF:5002  SP:7FF3  PC:00AD   
00AE  FE 24     CPI 24      (2)  BC:0000  DE:0000  HL:0030  AF:5502  SP:7FF3  PC:00AE   
00B0  CA BB 00  JZ 00BB     (2)  BC:0000  DE:0000  HL:0030  AF:5512  SP:7FF3  PC:00B0   
00B3  7E        MOV A,M     (2)  BC:0000  DE:0000  HL:0030  AF:5512  SP:7FF3  PC:00B3   
00B4  CD C0 00  CALL 00C0   (2)  BC:0000  DE:0000  HL:0030  AF:5512  SP:7FF3  PC:00B4   
00C0  C5        PUSH B      (3)  BC:0000  DE:0000  HL:0030  AF:5512  SP:7FF1  PC:00C0   
00C1  D5        PUSH D      (3)  BC:0000  DE:0000  HL:0030  AF:5512  SP:7FEF  PC:00C1   
00C2  E5        PUSH H      (3)  BC:0000  DE:0000  HL:0030  AF:5512  SP:7FED  PC:00C2   
00C3  F5        PUSH PSW    (3)  BC:0000  DE:0000  HL:0030  AF:5512  SP:7FEB  PC:00C3   
00C4  4F        MOV C,A     (3)  BC:0000  DE:0000  HL:0030  AF:5512  SP:7FE9  PC:00C4   
00C5  CD 37 C0  CALL C037   (3)  BC:0055  DE:0000  HL:0030  AF:5512  SP:7FE9  PC:00C5   
00C8  F1        POP PSW     (3)  BC:0055  DE:0000  HL:0030  AF:5512  SP:7FE9  PC:00C8   
00C9  E1        POP H       (3)  BC:0055  DE:0000  HL:0030  AF:5512  SP:7FEB  PC:00C9   
00CA  D1        POP D       (3)  BC:0055  DE:0000  HL:0030  AF:5512  SP:7FED  PC:00CA   
00CB  C1        POP B       (3)  BC:0055  DE:0000  HL:0030  AF:5512  SP:7FEF  PC:00CB   
00CC  C9        RET         (3)  BC:0000  DE:0000  HL:0030  AF:5512  SP:7FF1  PC:00CC   
00B7  23        INX H       (2)  BC:0000  DE:0000  HL:0030  AF:5512  SP:7FF3  PC:00B7   
00B8  C3 AD 00  JMP 00AD    (2)  BC:0000  DE:0000  HL:0031  AF:5512  SP:7FF3  PC:00B8   
00AD  7E        MOV A,M     (2)  BC:0000  DE:0000  HL:0031  AF:5512  SP:7FF3  PC:00AD   
00AE  FE 24     CPI 24      (2)  BC:0000  DE:0000  HL:0031  AF:2912  SP:7FF3  PC:00AE   
00B0  CA BB 00  JZ 00BB     (2)  BC:0000  DE:0000  HL:0031  AF:2916  SP:7FF3  PC:00B0   
00B3  7E        MOV A,M     (2)  BC:0000  DE:0000  HL:0031  AF:2916  SP:7FF3  PC:00B3   
00B4  CD C0 00  CALL 00C0   (2)  BC:0000  DE:0000  HL:0031  AF:2916  SP:7FF3  PC:00B4   
00C0  C5        PUSH B      (3)  BC:0000  DE:0000  HL:0031  AF:2916  SP:7FF1  PC:00C0   
00C1  D5        PUSH D      (3)  BC:0000  DE:0000  HL:0031  AF:2916  SP:7FEF  PC:00C1   
00C2  E5        PUSH H      (3)  BC:0000  DE:0000  HL:0031  AF:2916  SP:7FED  PC:00C2   
00C3  F5        PUSH PSW    (3)  BC:0000  DE:0000  HL:0031  AF:2916  SP:7FEB  PC:00C3   
00C4  4F        MOV C,A     (3)  BC:0000  DE:0000  HL:0031  AF:2916  SP:7FE9  PC:00C4   
00C5  CD 37 C0  CALL C037   (3)  BC:0029  DE:0000  HL:0031  AF:2916  SP:7FE9  PC:00C5   
00C8  F1        POP PSW     (3)  BC:0029  DE:0000  HL:0031  AF:2916  SP:7FE9  PC:00C8   
00C9  E1        POP H       (3)  BC:0029  DE:0000  HL:0031  AF:2916  SP:7FEB  PC:00C9   
00CA  D1        POP D       (3)  BC:0029  DE:0000  HL:0031  AF:2916  SP:7FED  PC:00CA   
00CB  C1        POP B       (3)  BC:0029  DE:0000  HL:0031  AF:2916  SP:7FEF  PC:00CB   
00CC  C9        RET         (3)  BC:0000  DE:0000  HL:0031  AF:2916  SP:7FF1  PC:00CC   
00B7  23        INX H       (2)  BC:0000  DE:0000  HL:0031  AF:2916  SP:7FF3  PC:00B7   
00B8  C3 AD 00  JMP 00AD    (2)  BC:0000  DE:0000  HL:0032  AF:2916  SP:7FF3  PC:00B8   
00AD  7E        MOV A,M     (2)  BC:0000  DE:0000  HL:0032  AF:2916  SP:7FF3  PC:00AD   
00AE  FE 24     CPI 24      (2)  BC:0000  DE:0000  HL:0032  AF:2016  SP:7FF3  PC:00AE   
00B0  CA BB 00  JZ 00BB     (2)  BC:0000  DE:0000  HL:0032  AF:2087  SP:7FF3  PC:00B0   
00B3  7E        MOV A,M     (2)  BC:0000  DE:0000  HL:0032  AF:2087  SP:7FF3  PC:00B3   
00B4  CD C0 00  CALL 00C0   (2)  BC:0000  DE:0000  HL:0032  AF:2087  SP:7FF3  PC:00B4   
00C0  C5        PUSH B      (3)  BC:0000  DE:0000  HL:0032  AF:2087  SP:7FF1  PC:00C0   
00C1  D5        PUSH D      (3)  BC:0000  DE:0000  HL:0032  AF:2087  SP:7FEF  PC:00C1   
00C2  E5        PUSH H      (3)  BC:0000  DE:0000  HL:0032  AF:2087  SP:7FED  PC:00C2   
00C3  F5        PUSH PSW    (3)  BC:0000  DE:0000  HL:0032  AF:2087  SP:7FEB  PC:00C3   
00C4  4F        MOV C,A     (3)  BC:0000  DE:0000  HL:0032  AF:2087  SP:7FE9  PC:00C4   
00C5  CD 37 C0  CALL C037   (3)  BC:0020  DE:0000  HL:0032  AF:2087  SP:7FE9  PC:00C5   
00C8  F1        POP PSW     (3)  BC:0020  DE:0000  HL:0032  AF:2087  SP:7FE9  PC:00C8   
00C9  E1        POP H       (3)  BC:0020  DE:0000  HL:0032  AF:2087  SP:7FEB  PC:00C9   
00CA  D1        POP D       (3)  BC:0020  DE:0000  HL:0032  AF:2087  SP:7FED  PC:00CA   
00CB  C1        POP B       (3)  BC:0020  DE:0000  HL:0032  AF:2087  SP:7FEF  PC:00CB   
00CC  C9        RET         (3)  BC:0000  DE:0000  HL:0032  AF:2087  SP:7FF1  PC:00CC   
00B7  23        INX H       (2)  BC:0000  DE:0000  HL:0032  AF:2087  SP:7FF3  PC:00B7   
00B8  C3 AD 00  JMP 00AD    (2)  BC:0000  DE:0000  HL:0033  AF:2087  SP:7FF3  PC:00B8   
00AD  7E        MOV A,M     (2)  BC:0000  DE:0000  HL:0033  AF:2087  SP:7FF3  PC:00AD   
00AE  FE 24     CPI 24      (2)  BC:0000  DE:0000  HL:0033  AF:4287  SP:7FF3  PC:00AE   
00B0  CA BB 00  JZ 00BB     (2)  BC:0000  DE:0000  HL:0033  AF:4206  SP:7FF3  PC:00B0   
00B3  7E        MOV A,M     (2)  BC:0000  DE:0000  HL:0033  AF:4206  SP:7FF3  PC:00B3   
00B4  CD C0 00  CALL 00C0   (2)  BC:0000  DE:0000  HL:0033  AF:4206  SP:7FF3  PC:00B4   
00C0  C5        PUSH B      (3)  BC:0000  DE:0000  HL:0033  AF:4206  SP:7FF1  PC:00C0   
00C1  D5        PUSH D      (3)  BC:0000  DE:0000  HL:0033  AF:4206  SP:7FEF  PC:00C1   
00C2  E5        PUSH H      (3)  BC:0000  DE:0000  HL:0033  AF:4206  SP:7FED  PC:00C2   
00C3  F5        PUSH PSW    (3)  BC:0000  DE:0000  HL:0033  AF:4206  SP:7FEB  PC:00C3   
00C4  4F        MOV C,A     (3)  BC:0000  DE:0000  HL:0033  AF:4206  SP:7FE9  PC:00C4   
00C5  CD 37 C0  CALL C037   (3)  BC:0042  DE:0000  HL:0033  AF:4206  SP:7FE9  PC:00C5   
00C8  F1        POP PSW     (3)  BC:0042  DE:0000  HL:0033  AF:4206  SP:7FE9  PC:00C8   
00C9  E1        POP H       (3)  BC:0042  DE:0000  HL:0033  AF:4206  SP:7FEB  PC:00C9   
00CA  D1        POP D       (3)  BC:0042  DE:0000  HL:0033  AF:4206  SP:7FED  PC:00CA   
00CB  C1        POP B       (3)  BC:0042  DE:0000  HL:0033  AF:4206  SP:7FEF  PC:00CB   
00CC  C9        RET         (3)  BC:0000  DE:0000  HL:0033  AF:4206  SP:7FF1  PC:00CC   
00B7  23        INX H       (2)  BC:0000  DE:0000  HL:0033  AF:4206  SP:7FF3  PC:00B7   
00B8  C3 AD 00  JMP 00AD    (2)  BC:0000  DE:0000  HL:0034  AF:4206  SP:7FF3  PC:00B8   
00AD  7E        MOV A,M     (2)  BC:0000  DE:0000  HL:0034  AF:4206  SP:7FF3  PC:00AD   
00AE  FE 24     CPI 24      (2)  BC:0000  DE:0000  HL:0034  AF:5906  SP:7FF3  PC:00AE   
00B0  CA BB 00  JZ 00BB     (2)  BC:0000  DE:0000  HL:0034  AF:5916  SP:7FF3  PC:00B0   
00B3  7E        MOV A,M     (2)  BC:0000  DE:0000  HL:0034  AF:5916  SP:7FF3  PC:00B3   
00B4  CD C0 00  CALL 00C0   (2)  BC:0000  DE:0000  HL:0034  AF:5916  SP:7FF3  PC:00B4   
00C0  C5        PUSH B      (3)  BC:0000  DE:0000  HL:0034  AF:5916  SP:7FF1  PC:00C0   
00C1  D5        PUSH D      (3)  BC:0000  DE:0000  HL:0034  AF:5916  SP:7FEF  PC:00C1   
00C2  E5        PUSH H      (3)  BC:0000  DE:0000  HL:0034  AF:5916  SP:7FED  PC:00C2   
00C3  F5        PUSH PSW    (3)  BC:0000  DE:0000  HL:0034  AF:5916  SP:7FEB  PC:00C3   
00C4  4F        MOV C,A     (3)  BC:0000  DE:0000  HL:0034  AF:5916  SP:7FE9  PC:00C4   
00C5  CD 37 C0  CALL C037   (3)  BC:0059  DE:0000  HL:0034  AF:5916  SP:7FE9  PC:00C5   
00C8  F1        POP PSW     (3)  BC:0059  DE:0000  HL:0034  AF:5916  SP:7FE9  PC:00C8   
00C9  E1        POP H       (3)  BC:0059  DE:0000  HL:0034  AF:5916  SP:7FEB  PC:00C9   
00CA  D1        POP D       (3)  BC:0059  DE:0000  HL:0034  AF:5916  SP:7FED  PC:00CA   
00CB  C1        POP B       (3)  BC:0059  DE:0000  HL:0034  AF:5916  SP:7FEF  PC:00CB   
00CC  C9        RET         (3)  BC:0000  DE:0000  HL:0034  AF:5916  SP:7FF1  PC:00CC   
00B7  23        INX H       (2)  BC:0000  DE:0000  HL:0034  AF:5916  SP:7FF3  PC:00B7   
00B8  C3 AD 00  JMP 00AD    (2)  BC:0000  DE:0000  HL:0035  AF:5916  SP:7FF3  PC:00B8   
00AD  7E        MOV A,M     (2)  BC:0000  DE:0000  HL:0035  AF:5916  SP:7FF3  PC:00AD   
00AE  FE 24     CPI 24      (2)  BC:0000  DE:0000  HL:0035  AF:2016  SP:7FF3  PC:00AE   
00B0  CA BB 00  JZ 00BB     (2)  BC:0000  DE:0000  HL:0035  AF:2087  SP:7FF3  PC:00B0   
00B3  7E        MOV A,M     (2)  BC:0000  DE:0000  HL:0035  AF:2087  SP:7FF3  PC:00B3   
00B4  CD C0 00  CALL 00C0   (2)  BC:0000  DE:0000  HL:0035  AF:2087  SP:7FF3  PC:00B4   
00C0  C5        PUSH B      (3)  BC:0000  DE:0000  HL:0035  AF:2087  SP:7FF1  PC:00C0   
00C1  D5        PUSH D      (3)  BC:0000  DE:0000  HL:0035  AF:2087  SP:7FEF  PC:00C1   
00C2  E5        PUSH H      (3)  BC:0000  DE:0000  HL:0035  AF:2087  SP:7FED  PC:00C2   
00C3  F5        PUSH PSW    (3)  BC:0000  DE:0000  HL:0035  AF:2087  SP:7FEB  PC:00C3   
00C4  4F        MOV C,A     (3)  BC:0000  DE:0000  HL:0035  AF:2087  SP:7FE9  PC:00C4   
00C5  CD 37 C0  CALL C037   (3)  BC:0020  DE:0000  HL:0035  AF:2087  SP:7FE9  PC:00C5   
00C8  F1        POP PSW     (3)  BC:0020  DE:0000  HL:0035  AF:2087  SP:7FE9  PC:00C8   
00C9  E1        POP H       (3)  BC:0020  DE:0000  HL:0035  AF:2087  SP:7FEB  PC:00C9   
00CA  D1        POP D       (3)  BC:0020  DE:0000  HL:0035  AF:2087  SP:7FED  PC:00CA   
00CB  C1        POP B       (3)  BC:0020  DE:0000  HL:0035  AF:2087  SP:7FEF  PC:00CB   
00CC  C9        RET         (3)  BC:0000  DE:0000  HL:0035  AF:2087  SP:7FF1  PC:00CC   
00B7  23        INX H       (2)  BC:0000  DE:0000  HL:0035  AF:2087  SP:7FF3  PC:00B7   
00B8  C3 AD 00  JMP 00AD    (2)  BC:0000  DE:0000  HL:0036  AF:2087  SP:7FF3  PC:00B8   
00AD  7E        MOV A,M     (2)  BC:0000  DE:0000  HL:0036  AF:2087  SP:7FF3  PC:00AD   
00AE  FE 24     CPI 24      (2)  BC:0000  DE:0000  HL:0036  AF:4187  SP:7FF3  PC:00AE   
00B0  CA BB 00  JZ 00BB     (2)  BC:0000  DE:0000  HL:0036  AF:4106  SP:7FF3  PC:00B0   
00B3  7E        MOV A,M     (2)  BC:0000  DE:0000  HL:0036  AF:4106  SP:7FF3  PC:00B3   
00B4  CD C0 00  CALL 00C0   (2)  BC:0000  DE:0000  HL:0036  AF:4106  SP:7FF3  PC:00B4   
00C0  C5        PUSH B      (3)  BC:0000  DE:0000  HL:0036  AF:4106  SP:7FF1  PC:00C0   
00C1  D5        PUSH D      (3)  BC:0000  DE:0000  HL:0036  AF:4106  SP:7FEF  PC:00C1   
00C2  E5        PUSH H      (3)  BC:0000  DE:0000  HL:0036  AF:4106  SP:7FED  PC:00C2   
00C3  F5        PUSH PSW    (3)  BC:0000  DE:0000  HL:0036  AF:4106  SP:7FEB  PC:00C3   
00C4  4F        MOV C,A     (3)  BC:0000  DE:0000  HL:0036  AF:4106  SP:7FE9  PC:00C4   
00C5  CD 37 C0  CALL C037   (3)  BC:0041  DE:0000  HL:0036  AF:4106  SP:7FE9  PC:00C5   
00C8  F1        POP PSW     (3)  BC:0041  DE:0000  HL:0036  AF:4106  SP:7FE9  PC:00C8   
00C9  E1        POP H       (3)  BC:0041  DE:0000  HL:0036  AF:4106  SP:7FEB  PC:00C9   
00CA  D1        POP D       (3)  BC:0041  DE:0000  HL:0036  AF:4106  SP:7FED  PC:00CA   
00CB  C1        POP B       (3)  BC:0041  DE:0000  HL:0036  AF:4106  SP:7FEF  PC:00CB   
00CC  C9        RET         (3)  BC:0000  DE:0000  HL:0036  AF:4106  SP:7FF1  PC:00CC   
00B7  23        INX H       (2)  BC:0000  DE:0000  HL:0036  AF:4106  SP:7FF3  PC:00B7   
00B8  C3 AD 00  JMP 00AD    (2)  BC:0000  DE:0000  HL:0037  AF:4106  SP:7FF3  PC:00B8   
00AD  7E        MOV A,M     (2)  BC:0000  DE:0000  HL:0037  AF:4106  SP:7FF3  PC:00AD   
00AE  FE 24     CPI 24      (2)  BC:0000  DE:0000  HL:0037  AF:5006  SP:7FF3  PC:00AE   
00B0  CA BB 00  JZ 00BB     (2)  BC:0000  DE:0000  HL:0037  AF:5002  SP:7FF3  PC:00B0   
00B3  7E        MOV A,M     (2)  BC:0000  DE:0000  HL:0037  AF:5002  SP:7FF3  PC:00B3   
00B4  CD C0 00  CALL 00C0   (2)  BC:0000  DE:0000  HL:0037  AF:5002  SP:7FF3  PC:00B4   
00C0  C5        PUSH B      (3)  BC:0000  DE:0000  HL:0037  AF:5002  SP:7FF1  PC:00C0   
00C1  D5        PUSH D      (3)  BC:0000  DE:0000  HL:0037  AF:5002  SP:7FEF  PC:00C1   
00C2  E5        PUSH H      (3)  BC:0000  DE:0000  HL:0037  AF:5002  SP:7FED  PC:00C2   
00C3  F5        PUSH PSW    (3)  BC:0000  DE:0000  HL:0037  AF:5002  SP:7FEB  PC:00C3   
00C4  4F        MOV C,A     (3)  BC:0000  DE:0000  HL:0037  AF:5002  SP:7FE9  PC:00C4   
00C5  CD 37 C0  CALL C037   (3)  BC:0050  DE:0000  HL:0037  AF:5002  SP:7FE9  PC:00C5   
00C8  F1        POP PSW     (3)  BC:0050  DE:0000  HL:0037  AF:5002  SP:7FE9  PC:00C8   
00C9  E1        POP H       (3)  BC:0050  DE:0000  HL:0037  AF:5002  SP:7FEB  PC:00C9   
00CA  D1        POP D       (3)  BC:0050  DE:0000  HL:0037  AF:5002  SP:7FED  PC:00CA   
00CB  C1        POP B       (3)  BC:0050  DE:0000  HL:0037  AF:5002  SP:7FEF  PC:00CB   
00CC  C9        RET         (3)  BC:0000  DE:0000  HL:0037  AF:5002  SP:7FF1  PC:00CC   
00B7  23        INX H       (2)  BC:0000  DE:0000  HL:0037  AF:5002  SP:7FF3  PC:00B7   
00B8  C3 AD 00  JMP 00AD    (2)  BC:0000  DE:0000  HL:0038  AF:5002  SP:7FF3  PC:00B8   
00AD  7E        MOV A,M     (2)  BC:0000  DE:0000  HL:0038  AF:5002  SP:7FF3  PC:00AD   
00AE  FE 24     CPI 24      (2)  BC:0000  DE:0000  HL:0038  AF:4F02  SP:7FF3  PC:00AE   
00B0  CA BB 00  JZ 00BB     (2)  BC:0000  DE:0000  HL:0038  AF:4F16  SP:7FF3  PC:00B0   
00B3  7E        MOV A,M     (2)  BC:0000  DE:0000  HL:0038  AF:4F16  SP:7FF3  PC:00B3   
00B4  CD C0 00  CALL 00C0   (2)  BC:0000  DE:0000  HL:0038  AF:4F16  SP:7FF3  PC:00B4   
00C0  C5        PUSH B      (3)  BC:0000  DE:0000  HL:0038  AF:4F16  SP:7FF1  PC:00C0   
00C1  D5        PUSH D      (3)  BC:0000  DE:0000  HL:0038  AF:4F16  SP:7FEF  PC:00C1   
00C2  E5        PUSH H      (3)  BC:0000  DE:0000  HL:0038  AF:4F16  SP:7FED  PC:00C2   
00C3  F5        PUSH PSW    (3)  BC:0000  DE:0000  HL:0038  AF:4F16  SP:7FEB  PC:00C3   
00C4  4F        MOV C,A     (3)  BC:0000  DE:0000  HL:0038  AF:4F16  SP:7FE9  PC:00C4   
00C5  CD 37 C0  CALL C037   (3)  BC:004F  DE:0000  HL:0038  AF:4F16  SP:7FE9  PC:00C5   
00C8  F1        POP PSW     (3)  BC:004F  DE:0000  HL:0038  AF:4F16  SP:7FE9  PC:00C8   
00C9  E1        POP H       (3)  BC:004F  DE:0000  HL:0038  AF:4F16  SP:7FEB  PC:00C9   
00CA  D1        POP D       (3)  BC:004F  DE:0000  HL:0038  AF:4F16  SP:7FED  PC:00CA   
00CB  C1        POP B       (3)  BC:004F  DE:0000  HL:0038  AF:4F16  SP:7FEF  PC:00CB   
00CC  C9        RET         (3)  BC:0000  DE:0000  HL:0038  AF:4F16  SP:7FF1  PC:00CC   
00B7  23        INX H       (2)  BC:0000  DE:0000  HL:0038  AF:4F16  SP:7FF3  PC:00B7   
00B8  C3 AD 00  JMP 00AD    (2)  BC:0000  DE:0000  HL:0039  AF:4F16  SP:7FF3  PC:00B8   
00AD  7E        MOV A,M     (2)  BC:0000  DE:0000  HL:0039  AF:4F16  SP:7FF3  PC:00AD   
00AE  FE 24     CPI 24      (2)  BC:0000  DE:0000  HL:0039  AF:4616  SP:7FF3  PC:00AE   
00B0  CA BB 00  JZ 00BB     (2)  BC:0000  DE:0000  HL:0039  AF:4616  SP:7FF3  PC:00B0   
00B3  7E        MOV A,M     (2)  BC:0000  DE:0000  HL:0039  AF:4616  SP:7FF3  PC:00B3   
00B4  CD C0 00  CALL 00C0   (2)  BC:0000  DE:0000  HL:0039  AF:4616  SP:7FF3  PC:00B4   
00C0  C5        PUSH B      (3)  BC:0000  DE:0000  HL:0039  AF:4616  SP:7FF1  PC:00C0   
00C1  D5        PUSH D      (3)  BC:0000  DE:0000  HL:0039  AF:4616  SP:7FEF  PC:00C1   
00C2  E5        PUSH H      (3)  BC:0000  DE:0000  HL:0039  AF:4616  SP:7FED  PC:00C2   
00C3  F5        PUSH PSW    (3)  BC:0000  DE:0000  HL:0039  AF:4616  SP:7FEB  PC:00C3   
00C4  4F        MOV C,A     (3)  BC:0000  DE:0000  HL:0039  AF:4616  SP:7FE9  PC:00C4   
00C5  CD 37 C0  CALL C037   (3)  BC:0046  DE:0000  HL:0039  AF:4616  SP:7FE9  PC:00C5   
00C8  F1        POP PSW     (3)  BC:0046  DE:0000  HL:0039  AF:4616  SP:7FE9  PC:00C8   
00C9  E1        POP H       (3)  BC:0046  DE:0000  HL:0039  AF:4616  SP:7FEB  PC:00C9   
00CA  D1        POP D       (3)  BC:0046  DE:0000  HL:0039  AF:4616  SP:7FED  PC:00CA   
00CB  C1        POP B       (3)  BC:0046  DE:0000  HL:0039  AF:4616  SP:7FEF  PC:00CB   
00CC  C9        RET         (3)  BC:0000  DE:0000  HL:0039  AF:4616  SP:7FF1  PC:00CC   
00B7  23        INX H       (2)  BC:0000  DE:0000  HL:0039  AF:4616  SP:7FF3  PC:00B7   
00B8  C3 AD 00  JMP 00AD    (2)  BC:0000  DE:0000  HL:003A  AF:4616  SP:7FF3  PC:00B8   
00AD  7E        MOV A,M     (2)  BC:0000  DE:0000  HL:003A  AF:4616  SP:7FF3  PC:00AD   
00AE  FE 24     CPI 24      (2)  BC:0000  DE:0000  HL:003A  AF:4916  SP:7FF3  PC:00AE   
00B0  CA BB 00  JZ 00BB     (2)  BC:0000  DE:0000  HL:003A  AF:4912  SP:7FF3  PC:00B0   
00B3  7E        MOV A,M     (2)  BC:0000  DE:0000  HL:003A  AF:4912  SP:7FF3  PC:00B3   
00B4  CD C0 00  CALL 00C0   (2)  BC:0000  DE:0000  HL:003A  AF:4912  SP:7FF3  PC:00B4   
00C0  C5        PUSH B      (3)  BC:0000  DE:0000  HL:003A  AF:4912  SP:7FF1  PC:00C0   
00C1  D5        PUSH D      (3)  BC:0000  DE:0000  HL:003A  AF:4912  SP:7FEF  PC:00C1   
00C2  E5        PUSH H      (3)  BC:0000  DE:0000  HL:003A  AF:4912  SP:7FED  PC:00C2   
00C3  F5        PUSH PSW    (3)  BC:0000  DE:0000  HL:003A  AF:4912  SP:7FEB  PC:00C3   
00C4  4F        MOV C,A     (3)  BC:0000  DE:0000  HL:003A  AF:4912  SP:7FE9  PC:00C4   
00C5  CD 37 C0  CALL C037   (3)  BC:0049  DE:0000  HL:003A  AF:4912  SP:7FE9  PC:00C5   
00C8  F1        POP PSW     (3)  BC:0049  DE:0000  HL:003A  AF:4912  SP:7FE9  PC:00C8   
00C9  E1        POP H       (3)  BC:0049  DE:0000  HL:003A  AF:4912  SP:7FEB  PC:00C9   
00CA  D1        POP D       (3)  BC:0049  DE:0000  HL:003A  AF:4912  SP:7FED  PC:00CA   
00CB  C1        POP B       (3)  BC:0049  DE:0000  HL:003A  AF:4912  SP:7FEF  PC:00CB   
00CC  C9        RET         (3)  BC:0000  DE:0000  HL:003A  AF:4912  SP:7FF1  PC:00CC   
00B7  23        INX H       (2)  BC:0000  DE:0000  HL:003A  AF:4912  SP:7FF3  PC:00B7   
00B8  C3 AD 00  JMP 00AD    (2)  BC:0000  DE:0000  HL:003B  AF:4912  SP:7FF3  PC:00B8   
00AD  7E        MOV A,M     (2)  BC:0000  DE:0000  HL:003B  AF:4912  SP:7FF3  PC:00AD   
00AE  FE 24     CPI 24      (2)  BC:0000  DE:0000  HL:003B  AF:4712  SP:7FF3  PC:00AE   
00B0  CA BB 00  JZ 00BB     (2)  BC:0000  DE:0000  HL:003B  AF:4712  SP:7FF3  PC:00B0   
00B3  7E        MOV A,M     (2)  BC:0000  DE:0000  HL:003B  AF:4712  SP:7FF3  PC:00B3   
00B4  CD C0 00  CALL 00C0   (2)  BC:0000  DE:0000  HL:003B  AF:4712  SP:7FF3  PC:00B4   
00C0  C5        PUSH B      (3)  BC:0000  DE:0000  HL:003B  AF:4712  SP:7FF1  PC:00C0   
00C1  D5        PUSH D      (3)  BC:0000  DE:0000  HL:003B  AF:4712  SP:7FEF  PC:00C1   
00C2  E5        PUSH H      (3)  BC:0000  DE:0000  HL:003B  AF:4712  SP:7FED  PC:00C2   
00C3  F5        PUSH PSW    (3)  BC:0000  DE:0000  HL:003B  AF:4712  SP:7FEB  PC:00C3   
00C4  4F        MOV C,A     (3)  BC:0000  DE:0000  HL:003B  AF:4712  SP:7FE9  PC:00C4   
00C5  CD 37 C0  CALL C037   (3)  BC:0047  DE:0000  HL:003B  AF:4712  SP:7FE9  PC:00C5   
00C8  F1        POP PSW     (3)  BC:0047  DE:0000  HL:003B  AF:4712  SP:7FE9  PC:00C8   
00C9  E1        POP H       (3)  BC:0047  DE:0000  HL:003B  AF:4712  SP:7FEB  PC:00C9   
00CA  D1        POP D       (3)  BC:0047  DE:0000  HL:003B  AF:4712  SP:7FED  PC:00CA   
00CB  C1        POP B       (3)  BC:0047  DE:0000  HL:003B  AF:4712  SP:7FEF  PC:00CB   
00CC  C9        RET         (3)  BC:0000  DE:0000  HL:003B  AF:4712  SP:7FF1  PC:00CC   
00B7  23        INX H       (2)  BC:0000  DE:0000  HL:003B  AF:4712  SP:7FF3  PC:00B7   
00B8  C3 AD 00  JMP 00AD    (2)  BC:0000  DE:0000  HL:003C  AF:4712  SP:7FF3  PC:00B8   
00AD  7E        MOV A,M     (2)  BC:0000  DE:0000  HL:003C  AF:4712  SP:7FF3  PC:00AD   
00AE  FE 24     CPI 24      (2)  BC:0000  DE:0000  HL:003C  AF:0D12  SP:7FF3  PC:00AE   
00B0  CA BB 00  JZ 00BB     (2)  BC:0000  DE:0000  HL:003C  AF:0D93  SP:7FF3  PC:00B0   
00B3  7E        MOV A,M     (2)  BC:0000  DE:0000  HL:003C  AF:0D93  SP:7FF3  PC:00B3   
00B4  CD C0 00  CALL 00C0   (2)  BC:0000  DE:0000  HL:003C  AF:0D93  SP:7FF3  PC:00B4   
00C0  C5        PUSH B      (3)  BC:0000  DE:0000  HL:003C  AF:0D93  SP:7FF1  PC:00C0   
00C1  D5        PUSH D      (3)  BC:0000  DE:0000  HL:003C  AF:0D93  SP:7FEF  PC:00C1   
00C2  E5        PUSH H      (3)  BC:0000  DE:0000  HL:003C  AF:0D93  SP:7FED  PC:00C2   
00C3  F5        PUSH PSW    (3)  BC:0000  DE:0000  HL:003C  AF:0D93  SP:7FEB  PC:00C3   
00C4  4F        MOV C,A     (3)  BC:0000  DE:0000  HL:003C  AF:0D93  SP:7FE9  PC:00C4   
00C5  CD 37 C0  CALL C037   (3)  BC:000D  DE:0000  HL:003C  AF:0D93  SP:7FE9  PC:00C5   
00C8  F1        POP PSW     (3)  BC:000D  DE:0000  HL:003C  AF:0D93  SP:7FE9  PC:00C8   
00C9  E1        POP H       (3)  BC:000D  DE:0000  HL:003C  AF:0D93  SP:7FEB  PC:00C9   
00CA  D1        POP D       (3)  BC:000D  DE:0000  HL:003C  AF:0D93  SP:7FED  PC:00CA   
00CB  C1        POP B       (3)  BC:000D  DE:0000  HL:003C  AF:0D93  SP:7FEF  PC:00CB   
00CC  C9        RET         (3)  BC:0000  DE:0000  HL:003C  AF:0D93  SP:7FF1  PC:00CC   
00B7  23        INX H       (2)  BC:0000  DE:0000  HL:003C  AF:0D93  SP:7FF3  PC:00B7   
00B8  C3 AD 00  JMP 00AD    (2)  BC:0000  DE:0000  HL:003D  AF:0D93  SP:7FF3  PC:00B8   
00AD  7E        MOV A,M     (2)  BC:0000  DE:0000  HL:003D  AF:0D93  SP:7FF3  PC:00AD   
00AE  FE 24     CPI 24      (2)  BC:0000  DE:0000  HL:003D  AF:0A93  SP:7FF3  PC:00AE   
00B0  CA BB 00  JZ 00BB     (2)  BC:0000  DE:0000  HL:003D  AF:0A93  SP:7FF3  PC:00B0   
00B3  7E        MOV A,M     (2)  BC:0000  DE:0000  HL:003D  AF:0A93  SP:7FF3  PC:00B3   
00B4  CD C0 00  CALL 00C0   (2)  BC:0000  DE:0000  HL:003D  AF:0A93  SP:7FF3  PC:00B4   
00C0  C5        PUSH B      (3)  BC:0000  DE:0000  HL:003D  AF:0A93  SP:7FF1  PC:00C0   
00C1  D5        PUSH D      (3)  BC:0000  DE:0000  HL:003D  AF:0A93  SP:7FEF  PC:00C1   
00C2  E5        PUSH H      (3)  BC:0000  DE:0000  HL:003D  AF:0A93  SP:7FED  PC:00C2   
00C3  F5        PUSH PSW    (3)  BC:0000  DE:0000  HL:003D  AF:0A93  SP:7FEB  PC:00C3   
00C4  4F        MOV C,A     (3)  BC:0000  DE:0000  HL:003D  AF:0A93  SP:7FE9  PC:00C4   
00C5  CD 37 C0  CALL C037   (3)  BC:000A  DE:0000  HL:003D  AF:0A93  SP:7FE9  PC:00C5   
00C8  F1        POP PSW     (3)  BC:000A  DE:0000  HL:003D  AF:0A93  SP:7FE9  PC:00C8   
00C9  E1        POP H       (3)  BC:000A  DE:0000  HL:003D  AF:0A93  SP:7FEB  PC:00C9   
00CA  D1        POP D       (3)  BC:000A  DE:0000  HL:003D  AF:0A93  SP:7FED  PC:00CA   
00CB  C1        POP B       (3)  BC:000A  DE:0000  HL:003D  AF:0A93  SP:7FEF  PC:00CB   
00CC  C9        RET         (3)  BC:0000  DE:0000  HL:003D  AF:0A93  SP:7FF1  PC:00CC   
00B7  23        INX H       (2)  BC:0000  DE:0000  HL:003D  AF:0A93  SP:7FF3  PC:00B7   
00B8  C3 AD 00  JMP 00AD    (2)  BC:0000  DE:0000  HL:003E  AF:0A93  SP:7FF3  PC:00B8   
00AD  7E        MOV A,M     (2)  BC:0000  DE:0000  HL:003E  AF:0A93  SP:7FF3  PC:00AD   
00AE  FE 24     CPI 24      (2)  BC:0000  DE:0000  HL:003E  AF:2493  SP:7FF3  PC:00AE   
00B0  CA BB 00  JZ 00BB     (2)  BC:0000  DE:0000  HL:003E  AF:2456  SP:7FF3  PC:00B0   
00BB  F1        POP PSW     (2)  BC:0000  DE:0000  HL:003E  AF:2456  SP:7FF3  PC:00BB   
00BC  E1        POP H       (2)  BC:0000  DE:0000  HL:003E  AF:0046  SP:7FF5  PC:00BC   
00BD  D1        POP D       (2)  BC:0000  DE:0000  HL:000A  AF:0046  SP:7FF7  PC:00BD   
00BE  C1        POP B       (2)  BC:0000  DE:0000  HL:000A  AF:0046  SP:7FF9  PC:00BE   
00BF  C9        RET         (2)  BC:0000  DE:0000  HL:000A  AF:0046  SP:7FFB  PC:00BF   
0057  CD 64 00  CALL 0064   (1)  BC:0000  DE:0000  HL:000A  AF:0046  SP:7FFD  PC:0057   
0064  AF        XRA A       (2)  BC:0000  DE:0000  HL:000A  AF:0046  SP:7FFB  PC:0064   
0065  01 00 00  LXI B,0000  (2)  BC:0000  DE:0000  HL:000A  AF:0046  SP:7FFB  PC:0065   
0068  11 00 00  LXI D,0000  (2)  BC:0000  DE:0000  HL:000A  AF:0046  SP:7FFB  PC:0068   
006B  21 00 00  LXI H,0000  (2)  BC:0000  DE:0000  HL:000A  AF:0046  SP:7FFB  PC:006B   
006E  E6 AA     ANI AA      (2)  BC:0000  DE:0000  HL:0000  AF:0046  SP:7FFB  PC:006E   
0070  CD 87 00  CALL 0087   (2)  BC:0000  DE:0000  HL:0000  AF:0056  SP:7FFB  PC:0070   
0087  C5        PUSH B      (3)  BC:0000  DE:0000  HL:0000  AF:0056  SP:7FF9  PC:0087   
0088  D5        PUSH D      (3)  BC:0000  DE:0000  HL:0000  AF:0056  SP:7FF7  PC:0088   
0089  E5        PUSH H      (3)  BC:0000  DE:0000  HL:0000  AF:0056  SP:7FF5  PC:0089   
008A  F5        PUSH PSW    (3)  BC:0000  DE:0000  HL:0000  AF:0056  SP:7FF3  PC:008A   
008B  21 00 00  LXI H,0000  (3)  BC:0000  DE:0000  HL:0000  AF:0056  SP:7FF1  PC:008B   
008E  39        DAD SP      (3)  BC:0000  DE:0000  HL:0000  AF:0056  SP:7FF1  PC:008E   
008F  0E 08     MVI C,08    (3)  BC:0000  DE:0000  HL:7FF1  AF:0056  SP:7FF1  PC:008F   
0091  2B        DCX H       (3)  BC:0008  DE:0000  HL:7FF1  AF:0056  SP:7FF1  PC:0091   
0092  0D        DCR C       (3)  BC:0008  DE:0000  HL:7FF0  AF:0056  SP:7FF1  PC:0092   
0093  C2 91 00  JNZ 0091    (3)  BC:0007  DE:0000  HL:7FF0  AF:0012  SP:7FF1  PC:0093   
0091  2B        DCX H       (3)  BC:0007  DE:0000  HL:7FF0  AF:0012  SP:7FF1  PC:0091   
0092  0D        DCR C       (3)  BC:0007  DE:0000  HL:7FEF  AF:0012  SP:7FF1  PC:0092   
0093  C2 91 00  JNZ 0091    (3)  BC:0006  DE:0000  HL:7FEF  AF:0016  SP:7FF1  PC:0093   
0091  2B        DCX H       (3)  BC:0006  DE:0000  HL:7FEF  AF:0016  SP:7FF1  PC:0091   
0092  0D        DCR C       (3)  BC:0006  DE:0000  HL:7FEE  AF:0016  SP:7FF1  PC:0092   
0093  C2 91 00  JNZ 0091    (3)  BC:0005  DE:0000  HL:7FEE  AF:0016  SP:7FF1  PC:0093   
0091  2B        DCX H       (3)  BC:0005  DE:0000  HL:7FEE  AF:0016  SP:7FF1  PC:0091   
0092  0D        DCR C       (3)  BC:0005  DE:0000  HL:7FED  AF:0016  SP:7FF1  PC:0092   
0093  C2 91 00  JNZ 0091    (3)  BC:0004  DE:0000  HL:7FED  AF:0012  SP:7FF1  PC:0093   
0091  2B        DCX H       (3)  BC:0004  DE:0000  HL:7FED  AF:0012  SP:7FF1  PC:0091   
0092  0D        DCR C       (3)  BC:0004  DE:0000  HL:7FEC  AF:0012  SP:7FF1  PC:0092   
0093  C2 91 00  JNZ 0091    (3)  BC:0003  DE:0000  HL:7FEC  AF:0016  SP:7FF1  PC:0093   
0091  2B        DCX H       (3)  BC:0003  DE:0000  HL:7FEC  AF:0016  SP:7FF1  PC:0091   
0092  0D        DCR C       (3)  BC:0003  DE:0000  HL:7FEB  AF:0016  SP:7FF1  PC:0092   
0093  C2 91 00  JNZ 0091    (3)  BC:0002  DE:0000  HL:7FEB  AF:0012  SP:7FF1  PC:0093   
0091  2B        DCX H       (3)  BC:0002  DE:0000  HL:7FEB  AF:0012  SP:7FF1  PC:0091   
0092  0D        DCR C       (3)  BC:0002  DE:0000  HL:7FEA  AF:0012  SP:7FF1  PC:0092   
0093  C2 91 00  JNZ 0091    (3)  BC:0001  DE:0000  HL:7FEA  AF:0012  SP:7FF1  PC:0093   
0091  2B        DCX H       (3)  BC:0001  DE:0000  HL:7FEA  AF:0012  SP:7FF1  PC:0091   
0092  0D        DCR C       (3)  BC:0001  DE:0000  HL:7FE9  AF:0012  SP:7FF1  PC:0092   
0093  C2 91 00  JNZ 0091    (3)  BC:0000  DE:0000  HL:7FE9  AF:0056  SP:7FF1  PC:0093   
0096  11 63 00  LXI D,0063  (3)  BC:0000  DE:0000  HL:7FE9  AF:0056  SP:7FF1  PC:0096   
0099  1A        LDAX D      (3)  BC:0000  DE:0063  HL:7FE9  AF:0056  SP:7FF1  PC:0099   
009A  0E 08     MVI C,08    (3)  BC:0000  DE:0063  HL:7FE9  AF:0056  SP:7FF1  PC:009A   
009C  46        MOV B,M     (3)  BC:0008  DE:0063  HL:7FE9  AF:0056  SP:7FF1  PC:009C   
009D  A8        XRA B       (3)  BC:9308  DE:0063  HL:7FE9  AF:0056  SP:7FF1  PC:009D   
009E  23        INX H       (3)  BC:9308  DE:0063  HL:7FE9  AF:9386  SP:7FF1  PC:009E   
009F  0D        DCR C       (3)  BC:9308  DE:0063  HL:7FEA  AF:9386  SP:7FF1  PC:009F   
00A0  C2 9C 00  JNZ 009C    (3)  BC:9307  DE:0063  HL:7FEA  AF:9312  SP:7FF1  PC:00A0   
009C  46        MOV B,M     (3)  BC:9307  DE:0063  HL:7FEA  AF:9312  SP:7FF1  PC:009C   
009D  A8        XRA B       (3)  BC:0A07  DE:0063  HL:7FEA  AF:9312  SP:7FF1  PC:009D   
009E  23        INX H       (3)  BC:0A07  DE:0063  HL:7FEA  AF:9986  SP:7FF1  PC:009E   
009F  0D        DCR C       (3)  BC:0A07  DE:0063  HL:7FEB  AF:9986  SP:7FF1  PC:009F   
00A0  C2 9C 00  JNZ 009C    (3)  BC:0A06  DE:0063  HL:7FEB  AF:9916  SP:7FF1  PC:00A0   
009C  46        MOV B,M     (3)  BC:0A06  DE:0063  HL:7FEB  AF:9916  SP:7FF1  PC:009C   
009D  A8        XRA B       (3)  BC:3D06  DE:0063  HL:7FEB  AF:9916  SP:7FF1  PC:009D   
009E  23        INX H       (3)  BC:3D06  DE:0063  HL:7FEB  AF:A482  SP:7FF1  PC:009E   
009F  0D        DCR C       (3)  BC:3D06  DE:0063  HL:7FEC  AF:A482  SP:7FF1  PC:009F   
00A0  C2 9C 00  JNZ 009C    (3)  BC:3D05  DE:0063  HL:7FEC  AF:A416  SP:7FF1  PC:00A0   
009C  46        MOV B,M     (3)  BC:3D05  DE:0063  HL:7FEC  AF:A416  SP:7FF1  PC:009C   
009D  A8        XRA B       (3)  BC:0005  DE:0063  HL:7FEC  AF:A416  SP:7FF1  PC:009D   
009E  23        INX H       (3)  BC:0005  DE:0063  HL:7FEC  AF:A482  SP:7FF1  PC:009E   
009F  0D        DCR C       (3)  BC:0005  DE:0063  HL:7FED  AF:A482  SP:7FF1  PC:009F   
00A0  C2 9C 00  JNZ 009C    (3)  BC:0004  DE:0063  HL:7FED  AF:A412  SP:7FF1  PC:00A0   
009C  46        MOV B,M     (3)  BC:0004  DE:0063  HL:7FED  AF:A412  SP:7FF1  PC:009C   
009D  A8        XRA B       (3)  BC:0004  DE:0063  HL:7FED  AF:A412  SP:7FF1  PC:009D   
009E  23        INX H       (3)  BC:0004  DE:0063  HL:7FED  AF:A482  SP:7FF1  PC:009E   
009F  0D        DCR C       (3)  BC:0004  DE:0063  HL:7FEE  AF:A482  SP:7FF1  PC:009F   
00A0  C2 9C 00  JNZ 009C    (3)  BC:0003  DE:0063  HL:7FEE  AF:A416  SP:7FF1  PC:00A0   
009C  46        MOV B,M     (3)  BC:0003  DE:0063  HL:7FEE  AF:A416  SP:7FF1  PC:009C   
009D  A8        XRA B       (3)  BC:0003  DE:0063  HL:7FEE  AF:A416  SP:7FF1  PC:009D   
009E  23        INX H       (3)  BC:0003  DE:0063  HL:7FEE  AF:A482  SP:7FF1  PC:009E   
009F  0D        DCR C       (3)  BC:0003  DE:0063  HL:7FEF  AF:A482  SP:7FF1  PC:009F   
00A0  C2 9C 00  JNZ 009C    (3)  BC:0002  DE:0063  HL:7FEF  AF:A412  SP:7FF1  PC:00A0   
009C  46        MOV B,M     (3)  BC:0002  DE:0063  HL:7FEF  AF:A412  SP:7FF1  PC:009C   
009D  A8        XRA B       (3)  BC:0002  DE:0063  HL:7FEF  AF:A412  SP:7FF1  PC:009D   
009E  23        INX H       (3)  BC:0002  DE:0063  HL:7FEF  AF:A482  SP:7FF1  PC:009E   
009F  0D        DCR C       (3)  BC:0002  DE:0063  HL:7FF0  AF:A482  SP:7FF1  PC:009F   
00A0  C2 9C 00  JNZ 009C    (3)  BC:0001  DE:0063  HL:7FF0  AF:A412  SP:7FF1  PC:00A0   
009C  46        MOV B,M     (3)  BC:0001  DE:0063  HL:7FF0  AF:A412  SP:7FF1  PC:009C   
009D  A8        XRA B       (3)  BC:0001  DE:0063  HL:7FF0  AF:A412  SP:7FF1  PC:009D   
009E  23        INX H       (3)  BC:0001  DE:0063  HL:7FF0  AF:A482  SP:7FF1  PC:009E   
009F  0D        DCR C       (3)  BC:0001  DE:0063  HL:7FF1  AF:A482  SP:7FF1  PC:009F   
00A0  C2 9C 00  JNZ 009C    (3)  BC:0000  DE:0063  HL:7FF1  AF:A456  SP:7FF1  PC:00A0   
00A3  12        STAX D      (3)  BC:0000  DE:0063  HL:7FF1  AF:A456  SP:7FF1  PC:00A3   
00A4  C1        POP B       (3)  BC:0000  DE:0063  HL:7FF1  AF:A456  SP:7FF1  PC:00A4   
00A5  D1        POP D       (3)  BC:0056  DE:0063  HL:7FF1  AF:A456  SP:7FF3  PC:00A5   
00A6  E1        POP H       (3)  BC:0056  DE:0000  HL:7FF1  AF:A456  SP:7FF5  PC:00A6   
00A7  F1        POP PSW     (3)  BC:0056  DE:0000  HL:0000  AF:A456  SP:7FF7  PC:00A7   
00A8  C9        RET         (3)  BC:0056  DE:0000  HL:0000  AF:0002  SP:7FF9  PC:00A8   
0073  CD CD 00  CALL 00CD   (2)  BC:0056  DE:0000  HL:0000  AF:0002  SP:7FFB  PC:0073   
00CD  C5        PUSH B      (3)  BC:0056  DE:0000  HL:0000  AF:0002  SP:7FF9  PC:00CD   
00CE  D5        PUSH D      (3)  BC:0056  DE:0000  HL:0000  AF:0002  SP:7FF7  PC:00CE   
00CF  E5        PUSH H      (3)  BC:0056  DE:0000  HL:0000  AF:0002  SP:7FF5  PC:00CF   
00D0  F5        PUSH PSW    (3)  BC:0056  DE:0000  HL:0000  AF:0002  SP:7FF3  PC:00D0   
00D1  F5        PUSH PSW    (3)  BC:0056  DE:0000  HL:0000  AF:0002  SP:7FF1  PC:00D1   
00D2  CD E4 00  CALL 00E4   (3)  BC:0056  DE:0000  HL:0000  AF:0002  SP:7FEF  PC:00D2   
00E4  0F        RRC         (4)  BC:0056  DE:0000  HL:0000  AF:0002  SP:7FED  PC:00E4   
00E5  0F        RRC         (4)  BC:0056  DE:0000  HL:0000  AF:0002  SP:7FED  PC:00E5   
00E6  0F        RRC         (4)  BC:0056  DE:0000  HL:0000  AF:0002  SP:7FED  PC:00E6   
00E7  0F        RRC         (4)  BC:0056  DE:0000  HL:0000  AF:0002  SP:7FED  PC:00E7   
00E8  E6 0F     ANI 0F      (4)  BC:0056  DE:0000  HL:0000  AF:0002  SP:7FED  PC:00E8   
00EA  FE 0A     CPI 0A      (4)  BC:0056  DE:0000  HL:0000  AF:0056  SP:7FED  PC:00EA   
00EC  FA F1 00  JM 00F1     (4)  BC:0056  DE:0000  HL:0000  AF:0087  SP:7FED  PC:00EC   
00F1  C6 30     ADI 30      (4)  BC:0056  DE:0000  HL:0000  AF:0087  SP:7FED  PC:00F1   
00F3  C9        RET         (4)  BC:0056  DE:0000  HL:0000  AF:3006  SP:7FED  PC:00F3   
00D5  CD C0 00  CALL 00C0   (3)  BC:0056  DE:0000  HL:0000  AF:3006  SP:7FEF  PC:00D5   
00C0  C5        PUSH B      (4)  BC:0056  DE:0000  HL:0000  AF:3006  SP:7FED  PC:00C0   
00C1  D5        PUSH D      (4)  BC:0056  DE:0000  HL:0000  AF:3006  SP:7FEB  PC:00C1   
00C2  E5        PUSH H      (4)  BC:0056  DE:0000  HL:0000  AF:3006  SP:7FE9  PC:00C2   
00C3  F5        PUSH PSW    (4)  BC:0056  DE:0000  HL:0000  AF:3006  SP:7FE7  PC:00C3   
00C4  4F        MOV C,A     (4)  BC:0056  DE:0000  HL:0000  AF:3006  SP:7FE5  PC:00C4   
00C5  CD 37 C0  CALL C037   (4)  BC:0030  DE:0000  HL:0000  AF:3006  SP:7FE5  PC:00C5   
00C8  F1        POP PSW     (4)  BC:0030  DE:0000  HL:0000  AF:3006  SP:7FE5  PC:00C8   
00C9  E1        POP H       (4)  BC:0030  DE:0000  HL:0000  AF:3006  SP:7FE7  PC:00C9   
00CA  D1        POP D       (4)  BC:0030  DE:0000  HL:0000  AF:3006  SP:7FE9  PC:00CA   
00CB  C1        POP B       (4)  BC:0030  DE:0000  HL:0000  AF:3006  SP:7FEB  PC:00CB   
00CC  C9        RET         (4)  BC:0056  DE:0000  HL:0000  AF:3006  SP:7FED  PC:00CC   
00D8  F1        POP PSW     (3)  BC:0056  DE:0000  HL:0000  AF:3006  SP:7FEF  PC:00D8   
00D9  CD E8 00  CALL 00E8   (3)  BC:0056  DE:0000  HL:0000  AF:0002  SP:7FF1  PC:00D9   
00E8  E6 0F     ANI 0F      (4)  BC:0056  DE:0000  HL:0000  AF:0002  SP:7FEF  PC:00E8   
00EA  FE 0A     CPI 0A      (4)  BC:0056  DE:0000  HL:0000  AF:0056  SP:7FEF  PC:00EA   
00EC  FA F1 00  JM 00F1     (4)  BC:0056  DE:0000  HL:0000  AF:0087  SP:7FEF  PC:00EC   
00F1  C6 30     ADI 30      (4)  BC:0056  DE:0000  HL:0000  AF:0087  SP:7FEF  PC:00F1   
00F3  C9        RET         (4)  BC:0056  DE:0000  HL:0000  AF:3006  SP:7FEF  PC:00F3   
00DC  CD C0 00  CALL 00C0   (3)  BC:0056  DE:0000  HL:0000  AF:3006  SP:7FF1  PC:00DC   
00C0  C5        PUSH B      (4)  BC:0056  DE:0000  HL:0000  AF:3006  SP:7FEF  PC:00C0   
00C1  D5        PUSH D      (4)  BC:0056  DE:0000  HL:0000  AF:3006  SP:7FED  PC:00C1   
00C2  E5        PUSH H      (4)  BC:0056  DE:0000  HL:0000  AF:3006  SP:7FEB  PC:00C2   
00C3  F5        PUSH PSW    (4)  BC:0056  DE:0000  HL:0000  AF:3006  SP:7FE9  PC:00C3   
00C4  4F        MOV C,A     (4)  BC:0056  DE:0000  HL:0000  AF:3006  SP:7FE7  PC:00C4   
00C5  CD 37 C0  CALL C037   (4)  BC:0030  DE:0000  HL:0000  AF:3006  SP:7FE7  PC:00C5   
00C8  F1        POP PSW     (4)  BC:0030  DE:0000  HL:0000  AF:3006  SP:7FE7  PC:00C8   
00C9  E1        POP H       (4)  BC:0030  DE:0000  HL:0000  AF:3006  SP:7FE9  PC:00C9   
00CA  D1        POP D       (4)  BC:0030  DE:0000  HL:0000  AF:3006  SP:7FEB  PC:00CA   
00CB  C1        POP B       (4)  BC:0030  DE:0000  HL:0000  AF:3006  SP:7FED  PC:00CB   
00CC  C9        RET         (4)  BC:0056  DE:0000  HL:0000  AF:3006  SP:7FEF  PC:00CC   
00DF  F1        POP PSW     (3)  BC:0056  DE:0000  HL:0000  AF:3006  SP:7FF1  PC:00DF   
00E0  E1        POP H       (3)  BC:0056  DE:0000  HL:0000  AF:0002  SP:7FF3  PC:00E0   
00E1  D1        POP D       (3)  BC:0056  DE:0000  HL:0000  AF:0002  SP:7FF5  PC:00E1   
00E2  C1        POP B       (3)  BC:0056  DE:0000  HL:0000  AF:0002  SP:7FF7  PC:00E2   
00E3  C9        RET         (3)  BC:0056  DE:0000  HL:0000  AF:0002  SP:7FF9  PC:00E3   
0076  F6 55     ORI 55      (2)  BC:0056  DE:0000  HL:0000  AF:0002  SP:7FFB  PC:0076   
0078  CD 87 00  CALL 0087   (2)  BC:0056  DE:0000  HL:0000  AF:5506  SP:7FFB  PC:0078   
0087  C5        PUSH B      (3)  BC:0056  DE:0000  HL:0000  AF:5506  SP:7FF9  PC:0087   
0088  D5        PUSH D      (3)  BC:0056  DE:0000  HL:0000  AF:5506  SP:7FF7  PC:0088   
0089  E5        PUSH H      (3)  BC:0056  DE:0000  HL:0000  AF:5506  SP:7FF5  PC:0089   
008A  F5        PUSH PSW    (3)  BC:0056  DE:0000  HL:0000  AF:5506  SP:7FF3  PC:008A   
008B  21 00 00  LXI H,0000  (3)  BC:0056  DE:0000  HL:0000  AF:5506  SP:7FF1  PC:008B   
008E  39        DAD SP      (3)  BC:0056  DE:0000  HL:0000  AF:5506  SP:7FF1  PC:008E   
008F  0E 08     MVI C,08    (3)  BC:0056  DE:0000  HL:7FF1  AF:5506  SP:7FF1  PC:008F   
0091  2B        DCX H       (3)  BC:0008  DE:0000  HL:7FF1  AF:5506  SP:7FF1  PC:0091   
0092  0D        DCR C       (3)  BC:0008  DE:0000  HL:7FF0  AF:5506  SP:7FF1  PC:0092   
0093  C2 91 00  JNZ 0091    (3)  BC:0007  DE:0000  HL:7FF0  AF:5512  SP:7FF1  PC:0093   
0091  2B        DCX H       (3)  BC:0007  DE:0000  HL:7FF0  AF:5512  SP:7FF1  PC:0091   
0092  0D        DCR C       (3)  BC:0007  DE:0000  HL:7FEF  AF:5512  SP:7FF1  PC:0092   
0093  C2 91 00  JNZ 0091    (3)  BC:0006  DE:0000  HL:7FEF  AF:5516  SP:7FF1  PC:0093   
0091  2B        DCX H       (3)  BC:0006  DE:0000  HL:7FEF  AF:5516  SP:7FF1  PC:0091   
0092  0D        DCR C       (3)  BC:0006  DE:0000  HL:7FEE  AF:5516  SP:7FF1  PC:0092   
0093  C2 91 00  JNZ 0091    (3)  BC:0005  DE:0000  HL:7FEE  AF:5516  SP:7FF1  PC:0093   
0091  2B        DCX H       (3)  BC:0005  DE:0000  HL:7FEE  AF:5516  SP:7FF1  PC:0091   
0092  0D        DCR C       (3)  BC:0005  DE:0000  HL:7FED  AF:5516  SP:7FF1  PC:0092   
0093  C2 91 00  JNZ 0091    (3)  BC:0004  DE:0000  HL:7FED  AF:5512  SP:7FF1  PC:0093   
0091  2B        DCX H       (3)  BC:0004  DE:0000  HL:7FED  AF:5512  SP:7FF1  PC:0091   
0092  0D        DCR C       (3)  BC:0004  DE:0000  HL:7FEC  AF:5512  SP:7FF1  PC:0092   
0093  C2 91 00  JNZ 0091    (3)  BC:0003  DE:0000  HL:7FEC  AF:5516  SP:7FF1  PC:0093   
0091  2B        DCX H       (3)  BC:0003  DE:0000  HL:7FEC  AF:5516  SP:7FF1  PC:0091   
0092  0D        DCR C       (3)  BC:0003  DE:0000  HL:7FEB  AF:5516  SP:7FF1  PC:0092   
0093  C2 91 00  JNZ 0091    (3)  BC:0002  DE:0000  HL:7FEB  AF:5512  SP:7FF1  PC:0093   
0091  2B        DCX H       (3)  BC:0002  DE:0000  HL:7FEB  AF:5512  SP:7FF1  PC:0091   
0092  0D        DCR C       (3)  BC:0002  DE:0000  HL:7FEA  AF:5512  SP:7FF1  PC:0092   
0093  C2 91 00  JNZ 0091    (3)  BC:0001  DE:0000  HL:7FEA  AF:5512  SP:7FF1  PC:0093   
0091  2B        DCX H       (3)  BC:0001  DE:0000  HL:7FEA  AF:5512  SP:7FF1  PC:0091   
0092  0D        DCR C       (3)  BC:0001  DE:0000  HL:7FE9  AF:5512  SP:7FF1  PC:0092   
0093  C2 91 00  JNZ 0091    (3)  BC:0000  DE:0000  HL:7FE9  AF:5556  SP:7FF1  PC:0093   
0096  11 63 00  LXI D,0063  (3)  BC:0000  DE:0000  HL:7FE9  AF:5556  SP:7FF1  PC:0096   
0099  1A        LDAX D      (3)  BC:0000  DE:0063  HL:7FE9  AF:5556  SP:7FF1  PC:0099   
009A  0E 08     MVI C,08    (3)  BC:0000  DE:0063  HL:7FE9  AF:A456  SP:7FF1  PC:009A   
009C  46        MOV B,M     (3)  BC:0008  DE:0063  HL:7FE9  AF:A456  SP:7FF1  PC:009C   
009D  A8        XRA B       (3)  BC:0008  DE:0063  HL:7FE9  AF:A456  SP:7FF1  PC:009D   
009E  23        INX H       (3)  BC:0008  DE:0063  HL:7FE9  AF:A482  SP:7FF1  PC:009E   
009F  0D        DCR C       (3)  BC:0008  DE:0063  HL:7FEA  AF:A482  SP:7FF1  PC:009F   
00A0  C2 9C 00  JNZ 009C    (3)  BC:0007  DE:0063  HL:7FEA  AF:A412  SP:7FF1  PC:00A0   
009C  46        MOV B,M     (3)  BC:0007  DE:0063  HL:7FEA  AF:A412  SP:7FF1  PC:009C   
009D  A8        XRA B       (3)  BC:0007  DE:0063  HL:7FEA  AF:A412  SP:7FF1  PC:009D   
009E  23        INX H       (3)  BC:0007  DE:0063  HL:7FEA  AF:A482  SP:7FF1  PC:009E   
009F  0D        DCR C       (3)  BC:0007  DE:0063  HL:7FEB  AF:A482  SP:7FF1  PC:009F   
00A0  C2 9C 00  JNZ 009C    (3)  BC:0006  DE:0063  HL:7FEB  AF:A416  SP:7FF1  PC:00A0   
009C  46        MOV B,M     (3)  BC:0006  DE:0063  HL:7FEB  AF:A416  SP:7FF1  PC:009C   
009D  A8        XRA B       (3)  BC:0006  DE:0063  HL:7FEB  AF:A416  SP:7FF1  PC:009D   
009E  23        INX H       (3)  BC:0006  DE:0063  HL:7FEB  AF:A482  SP:7FF1  PC:009E   
009F  0D        DCR C       (3)  BC:0006  DE:0063  HL:7FEC  AF:A482  SP:7FF1  PC:009F   
00A0  C2 9C 00  JNZ 009C    (3)  BC:0005  DE:0063  HL:7FEC  AF:A416  SP:7FF1  PC:00A0   
009C  46        MOV B,M     (3)  BC:0005  DE:0063  HL:7FEC  AF:A416  SP:7FF1  PC:009C   
009D  A8        XRA B       (3)  BC:0005  DE:0063  HL:7FEC  AF:A416  SP:7FF1  PC:009D   
009E  23        INX H       (3)  BC:0005  DE:0063  HL:7FEC  AF:A482  SP:7FF1  PC:009E   
009F  0D        DCR C       (3)  BC:0005  DE:0063  HL:7FED  AF:A482  SP:7FF1  PC:009F   
00A0  C2 9C 00  JNZ 009C    (3)  BC:0004  DE:0063  HL:7FED  AF:A412  SP:7FF1  PC:00A0   
009C  46        MOV B,M     (3)  BC:0004  DE:0063  HL:7FED  AF:A412  SP:7FF1  PC:009C   
009D  A8        XRA B       (3)  BC:5604  DE:0063  HL:7FED  AF:A412  SP:7FF1  PC:009D   
009E  23        INX H       (3)  BC:5604  DE:0063  HL:7FED  AF:F282  SP:7FF1  PC:009E   
009F  0D        DCR C       (3)  BC:5604  DE:0063  HL:7FEE  AF:F282  SP:7FF1  PC:009F   
00A0  C2 9C 00  JNZ 009C    (3)  BC:5603  DE:0063  HL:7FEE  AF:F216  SP:7FF1  PC:00A0   
009C  46        MOV B,M     (3)  BC:5603  DE:0063  HL:7FEE  AF:F216  SP:7FF1  PC:009C   
009D  A8        XRA B       (3)  BC:0003  DE:0063  HL:7FEE  AF:F216  SP:7FF1  PC:009D   
009E  23        INX H       (3)  BC:0003  DE:0063  HL:7FEE  AF:F282  SP:7FF1  PC:009E   
009F  0D        DCR C       (3)  BC:0003  DE:0063  HL:7FEF  AF:F282  SP:7FF1  PC:009F   
00A0  C2 9C 00  JNZ 009C    (3)  BC:0002  DE:0063  HL:7FEF  AF:F212  SP:7FF1  PC:00A0   
009C  46        MOV B,M     (3)  BC:0002  DE:0063  HL:7FEF  AF:F212  SP:7FF1  PC:009C   
009D  A8        XRA B       (3)  BC:DF02  DE:0063  HL:7FEF  AF:F212  SP:7FF1  PC:009D   
009E  23        INX H       (3)  BC:DF02  DE:0063  HL:7FEF  AF:2D06  SP:7FF1  PC:009E   
009F  0D        DCR C       (3)  BC:DF02  DE:0063  HL:7FF0  AF:2D06  SP:7FF1  PC:009F   
00A0  C2 9C 00  JNZ 009C    (3)  BC:DF01  DE:0063  HL:7FF0  AF:2D12  SP:7FF1  PC:00A0   
009C  46        MOV B,M     (3)  BC:DF01  DE:0063  HL:7FF0  AF:2D12  SP:7FF1  PC:009C   
009D  A8        XRA B       (3)  BC:0001  DE:0063  HL:7FF0  AF:2D12  SP:7FF1  PC:009D   
009E  23        INX H       (3)  BC:0001  DE:0063  HL:7FF0  AF:2D06  SP:7FF1  PC:009E   
009F  0D        DCR C       (3)  BC:0001  DE:0063  HL:7FF1  AF:2D06  SP:7FF1  PC:009F   
00A0  C2 9C 00  JNZ 009C    (3)  BC:0000  DE:0063  HL:7FF1  AF:2D56  SP:7FF1  PC:00A0   
00A3  12        STAX D      (3)  BC:0000  DE:0063  HL:7FF1  AF:2D56  SP:7FF1  PC:00A3   
00A4  C1        POP B       (3)  BC:0000  DE:0063  HL:7FF1  AF:2D56  SP:7FF1  PC:00A4   
00A5  D1        POP D       (3)  BC:5506  DE:0063  HL:7FF1  AF:2D56  SP:7FF3  PC:00A5   
00A6  E1        POP H       (3)  BC:5506  DE:0000  HL:7FF1  AF:2D56  SP:7FF5  PC:00A6   
00A7  F1        POP PSW     (3)  BC:5506  DE:0000  HL:0000  AF:2D56  SP:7FF7  PC:00A7   
00A8  C9        RET         (3)  BC:5506  DE:0000  HL:0000  AF:0056  SP:7FF9  PC:00A8   
007B  CD CD 00  CALL 00CD   (2)  BC:5506  DE:0000  HL:0000  AF:0056  SP:7FFB  PC:007B   
00CD  C5        PUSH B      (3)  BC:5506  DE:0000  HL:0000  AF:0056  SP:7FF9  PC:00CD   
00CE  D5        PUSH D      (3)  BC:5506  DE:0000  HL:0000  AF:0056  SP:7FF7  PC:00CE   
00CF  E5        PUSH H      (3)  BC:5506  DE:0000  HL:0000  AF:0056  SP:7FF5  PC:00CF   
00D0  F5        PUSH PSW    (3)  BC:5506  DE:0000  HL:0000  AF:0056  SP:7FF3  PC:00D0   
00D1  F5        PUSH PSW    (3)  BC:5506  DE:0000  HL:0000  AF:0056  SP:7FF1  PC:00D1   
00D2  CD E4 00  CALL 00E4   (3)  BC:5506  DE:0000  HL:0000  AF:0056  SP:7FEF  PC:00D2   
00E4  0F        RRC         (4)  BC:5506  DE:0000  HL:0000  AF:0056  SP:7FED  PC:00E4   
00E5  0F        RRC         (4)  BC:5506  DE:0000  HL:0000  AF:0056  SP:7FED  PC:00E5   
00E6  0F        RRC         (4)  BC:5506  DE:0000  HL:0000  AF:0056  SP:7FED  PC:00E6   
00E7  0F        RRC         (4)  BC:5506  DE:0000  HL:0000  AF:0056  SP:7FED  PC:00E7   
00E8  E6 0F     ANI 0F      (4)  BC:5506  DE:0000  HL:0000  AF:0056  SP:7FED  PC:00E8   
00EA  FE 0A     CPI 0A      (4)  BC:5506  DE:0000  HL:0000  AF:0056  SP:7FED  PC:00EA   
00EC  FA F1 00  JM 00F1     (4)  BC:5506  DE:0000  HL:0000  AF:0087  SP:7FED  PC:00EC   
00F1  C6 30     ADI 30      (4)  BC:5506  DE:0000  HL:0000  AF:0087  SP:7FED  PC:00F1   
00F3  C9        RET         (4)  BC:5506  DE:0000  HL:0000  AF:3006  SP:7FED  PC:00F3   
00D5  CD C0 00  CALL 00C0   (3)  BC:5506  DE:0000  HL:0000  AF:3006  SP:7FEF  PC:00D5   
00C0  C5        PUSH B      (4)  BC:5506  DE:0000  HL:0000  AF:3006  SP:7FED  PC:00C0   
00C1  D5        PUSH D      (4)  BC:5506  DE:0000  HL:0000  AF:3006  SP:7FEB  PC:00C1   
00C2  E5        PUSH H      (4)  BC:5506  DE:0000  HL:0000  AF:3006  SP:7FE9  PC:00C2   
00C3  F5        PUSH PSW    (4)  BC:5506  DE:0000  HL:0000  AF:3006  SP:7FE7  PC:00C3   
00C4  4F        MOV C,A     (4)  BC:5506  DE:0000  HL:0000  AF:3006  SP:7FE5  PC:00C4   
00C5  CD 37 C0  CALL C037   (4)  BC:5530  DE:0000  HL:0000  AF:3006  SP:7FE5  PC:00C5   
00C8  F1        POP PSW     (4)  BC:5530  DE:0000  HL:0000  AF:3006  SP:7FE5  PC:00C8   
00C9  E1        POP H       (4)  BC:5530  DE:0000  HL:0000  AF:3006  SP:7FE7  PC:00C9   
00CA  D1        POP D       (4)  BC:5530  DE:0000  HL:0000  AF:3006  SP:7FE9  PC:00CA   
00CB  C1        POP B       (4)  BC:5530  DE:0000  HL:0000  AF:3006  SP:7FEB  PC:00CB   
00CC  C9        RET         (4)  BC:5506  DE:0000  HL:0000  AF:3006  SP:7FED  PC:00CC   
00D8  F1        POP PSW     (3)  BC:5506  DE:0000  HL:0000  AF:3006  SP:7FEF  PC:00D8   
00D9  CD E8 00  CALL 00E8   (3)  BC:5506  DE:0000  HL:0000  AF:0056  SP:7FF1  PC:00D9   
00E8  E6 0F     ANI 0F      (4)  BC:5506  DE:0000  HL:0000  AF:0056  SP:7FEF  PC:00E8   
00EA  FE 0A     CPI 0A      (4)  BC:5506  DE:0000  HL:0000  AF:0056  SP:7FEF  PC:00EA   
00EC  FA F1 00  JM 00F1     (4)  BC:5506  DE:0000  HL:0000  AF:0087  SP:7FEF  PC:00EC   
00F1  C6 30     ADI 30      (4)  BC:5506  DE:0000  HL:0000  AF:0087  SP:7FEF  PC:00F1   
00F3  C9        RET         (4)  BC:5506  DE:0000  HL:0000  AF:3006  SP:7FEF  PC:00F3   
00DC  CD C0 00  CALL 00C0   (3)  BC:5506  DE:0000  HL:0000  AF:3006  SP:7FF1  PC:00DC   
00C0  C5        PUSH B      (4)  BC:5506  DE:0000  HL:0000  AF:3006  SP:7FEF  PC:00C0   
00C1  D5        PUSH D      (4)  BC:5506  DE:0000  HL:0000  AF:3006  SP:7FED  PC:00C1   
00C2  E5        PUSH H      (4)  BC:5506  DE:0000  HL:0000  AF:3006  SP:7FEB  PC:00C2   
00C3  F5        PUSH PSW    (4)  BC:5506  DE:0000  HL:0000  AF:3006  SP:7FE9  PC:00C3   
00C4  4F        MOV C,A     (4)  BC:5506  DE:0000  HL:0000  AF:3006  SP:7FE7  PC:00C4   
00C5  CD 37 C0  CALL C037   (4)  BC:5530  DE:0000  HL:0000  AF:3006  SP:7FE7  PC:00C5   
00C8  F1        POP PSW     (4)  BC:5530  DE:0000  HL:0000  AF:3006  SP:7FE7  PC:00C8   
00C9  E1        POP H       (4)  BC:5530  DE:0000  HL:0000  AF:3006  SP:7FE9  PC:00C9   
00CA  D1        POP D       (4)  BC:5530  DE:0000  HL:0000  AF:3006  SP:7FEB  PC:00CA   
00CB  C1        POP B       (4)  BC:5530  DE:0000  HL:0000  AF:3006  SP:7FED  PC:00CB   
00CC  C9        RET         (4)  BC:5506  DE:0000  HL:0000  AF:3006  SP:7FEF  PC:00CC   
00DF  F1        POP PSW     (3)  BC:5506  DE:0000  HL:0000  AF:3006  SP:7FF1  PC:00DF   
00E0  E1        POP H       (3)  BC:5506  DE:0000  HL:0000  AF:0056  SP:7FF3  PC:00E0   
00E1  D1        POP D       (3)  BC:5506  DE:0000  HL:0000  AF:0056  SP:7FF5  PC:00E1   
00E2  C1        POP B       (3)  BC:5506  DE:0000  HL:0000  AF:0056  SP:7FF7  PC:00E2   
00E3  C9        RET         (3)  BC:5506  DE:0000  HL:0000  AF:0056  SP:7FF9  PC:00E3   
007E  EE AA     XRI AA      (2)  BC:5506  DE:0000  HL:0000  AF:0056  SP:7FFB  PC:007E   
0080  CD 87 00  CALL 0087   (2)  BC:5506  DE:0000  HL:0000  AF:AA86  SP:7FFB  PC:0080   
0087  C5        PUSH B      (3)  BC:5506  DE:0000  HL:0000  AF:AA86  SP:7FF9  PC:0087   
0088  D5        PUSH D      (3)  BC:5506  DE:0000  HL:0000  AF:AA86  SP:7FF7  PC:0088   
0089  E5        PUSH H      (3)  BC:5506  DE:0000  HL:0000  AF:AA86  SP:7FF5  PC:0089   
008A  F5        PUSH PSW    (3)  BC:5506  DE:0000  HL:0000  AF:AA86  SP:7FF3  PC:008A   
008B  21 00 00  LXI H,0000  (3)  BC:5506  DE:0000  HL:0000  AF:AA86  SP:7FF1  PC:008B   
008E  39        DAD SP      (3)  BC:5506  DE:0000  HL:0000  AF:AA86  SP:7FF1  PC:008E   
008F  0E 08     MVI C,08    (3)  BC:5506  DE:0000  HL:7FF1  AF:AA86  SP:7FF1  PC:008F   
0091  2B        DCX H       (3)  BC:5508  DE:0000  HL:7FF1  AF:AA86  SP:7FF1  PC:0091   
0092  0D        DCR C       (3)  BC:5508  DE:0000  HL:7FF0  AF:AA86  SP:7FF1  PC:0092   
0093  C2 91 00  JNZ 0091    (3)  BC:5507  DE:0000  HL:7FF0  AF:AA12  SP:7FF1  PC:0093   
0091  2B        DCX H       (3)  BC:5507  DE:0000  HL:7FF0  AF:AA12  SP:7FF1  PC:0091   
0092  0D        DCR C       (3)  BC:5507  DE:0000  HL:7FEF  AF:AA12  SP:7FF1  PC:0092   
0093  C2 91 00  JNZ 0091    (3)  BC:5506  DE:0000  HL:7FEF  AF:AA16  SP:7FF1  PC:0093   
0091  2B        DCX H       (3)  BC:5506  DE:0000  HL:7FEF  AF:AA16  SP:7FF1  PC:0091   
0092  0D        DCR C       (3)  BC:5506  DE:0000  HL:7FEE  AF:AA16  SP:7FF1  PC:0092   
0093  C2 91 00  JNZ 0091    (3)  BC:5505  DE:0000  HL:7FEE  AF:AA16  SP:7FF1  PC:0093   
0091  2B        DCX H       (3)  BC:5505  DE:0000  HL:7FEE  AF:AA16  SP:7FF1  PC:0091   
0092  0D        DCR C       (3)  BC:5505  DE:0000  HL:7FED  AF:AA16  SP:7FF1  PC:0092   
0093  C2 91 00  JNZ 0091    (3)  BC:5504  DE:0000  HL:7FED  AF:AA12  SP:7FF1  PC:0093   
0091  2B        DCX H       (3)  BC:5504  DE:0000  HL:7FED  AF:AA12  SP:7FF1  PC:0091   
0092  0D        DCR C       (3)  BC:5504  DE:0000  HL:7FEC  AF:AA12  SP:7FF1  PC:0092   
0093  C2 91 00  JNZ 0091    (3)  BC:5503  DE:0000  HL:7FEC  AF:AA16  SP:7FF1  PC:0093   
0091  2B        DCX H       (3)  BC:5503  DE:0000  HL:7FEC  AF:AA16  SP:7FF1  PC:0091   
0092  0D        DCR C       (3)  BC:5503  DE:0000  HL:7FEB  AF:AA16  SP:7FF1  PC:0092   
0093  C2 91 00  JNZ 0091    (3)  BC:5502  DE:0000  HL:7FEB  AF:AA12  SP:7FF1  PC:0093   
0091  2B        DCX H       (3)  BC:5502  DE:0000  HL:7FEB  AF:AA12  SP:7FF1  PC:0091   
0092  0D        DCR C       (3)  BC:5502  DE:0000  HL:7FEA  AF:AA12  SP:7FF1  PC:0092   
0093  C2 91 00  JNZ 0091    (3)  BC:5501  DE:0000  HL:7FEA  AF:AA12  SP:7FF1  PC:0093   
0091  2B        DCX H       (3)  BC:5501  DE:0000  HL:7FEA  AF:AA12  SP:7FF1  PC:0091   
0092  0D        DCR C       (3)  BC:5501  DE:0000  HL:7FE9  AF:AA12  SP:7FF1  PC:0092   
0093  C2 91 00  JNZ 0091    (3)  BC:5500  DE:0000  HL:7FE9  AF:AA56  SP:7FF1  PC:0093   
0096  11 63 00  LXI D,0063  (3)  BC:5500  DE:0000  HL:7FE9  AF:AA56  SP:7FF1  PC:0096   
0099  1A        LDAX D      (3)  BC:5500  DE:0063  HL:7FE9  AF:AA56  SP:7FF1  PC:0099   
009A  0E 08     MVI C,08    (3)  BC:5500  DE:0063  HL:7FE9  AF:2D56  SP:7FF1  PC:009A   
009C  46        MOV B,M     (3)  BC:5508  DE:0063  HL:7FE9  AF:2D56  SP:7FF1  PC:009C   
009D  A8        XRA B       (3)  BC:0008  DE:0063  HL:7FE9  AF:2D56  SP:7FF1  PC:009D   
009E  23        INX H       (3)  BC:0008  DE:0063  HL:7FE9  AF:2D06  SP:7FF1  PC:009E   
009F  0D        DCR C       (3)  BC:0008  DE:0063  HL:7FEA  AF:2D06  SP:7FF1  PC:009F   
00A0  C2 9C 00  JNZ 009C    (3)  BC:0007  DE:0063  HL:7FEA  AF:2D12  SP:7FF1  PC:00A0   
009C  46        MOV B,M     (3)  BC:0007  DE:0063  HL:7FEA  AF:2D12  SP:7FF1  PC:009C   
009D  A8        XRA B       (3)  BC:0007  DE:0063  HL:7FEA  AF:2D12  SP:7FF1  PC:009D   
009E  23        INX H       (3)  BC:0007  DE:0063  HL:7FEA  AF:2D06  SP:7FF1  PC:009E   
009F  0D        DCR C       (3)  BC:0007  DE:0063  HL:7FEB  AF:2D06  SP:7FF1  PC:009F   
00A0  C2 9C 00  JNZ 009C    (3)  BC:0006  DE:0063  HL:7FEB  AF:2D16  SP:7FF1  PC:00A0   
009C  46        MOV B,M     (3)  BC:0006  DE:0063  HL:7FEB  AF:2D16  SP:7FF1  PC:009C   
009D  A8        XRA B       (3)  BC:0006  DE:0063  HL:7FEB  AF:2D16  SP:7FF1  PC:009D   
009E  23        INX H       (3)  BC:0006  DE:0063  HL:7FEB  AF:2D06  SP:7FF1  PC:009E   
009F  0D        DCR C       (3)  BC:0006  DE:0063  HL:7FEC  AF:2D06  SP:7FF1  PC:009F   
00A0  C2 9C 00  JNZ 009C    (3)  BC:0005  DE:0063  HL:7FEC  AF:2D16  SP:7FF1  PC:00A0   
009C  46        MOV B,M     (3)  BC:0005  DE:0063  HL:7FEC  AF:2D16  SP:7FF1  PC:009C   
009D  A8        XRA B       (3)  BC:0005  DE:0063  HL:7FEC  AF:2D16  SP:7FF1  PC:009D   
009E  23        INX H       (3)  BC:0005  DE:0063  HL:7FEC  AF:2D06  SP:7FF1  PC:009E   
009F  0D        DCR C       (3)  BC:0005  DE:0063  HL:7FED  AF:2D06  SP:7FF1  PC:009F   
00A0  C2 9C 00  JNZ 009C    (3)  BC:0004  DE:0063  HL:7FED  AF:2D12  SP:7FF1  PC:00A0   
009C  46        MOV B,M     (3)  BC:0004  DE:0063  HL:7FED  AF:2D12  SP:7FF1  PC:009C   
009D  A8        XRA B       (3)  BC:0604  DE:0063  HL:7FED  AF:2D12  SP:7FF1  PC:009D   
009E  23        INX H       (3)  BC:0604  DE:0063  HL:7FED  AF:2B06  SP:7FF1  PC:009E   
009F  0D        DCR C       (3)  BC:0604  DE:0063  HL:7FEE  AF:2B06  SP:7FF1  PC:009F   
00A0  C2 9C 00  JNZ 009C    (3)  BC:0603  DE:0063  HL:7FEE  AF:2B16  SP:7FF1  PC:00A0   
009C  46        MOV B,M     (3)  BC:0603  DE:0063  HL:7FEE  AF:2B16  SP:7FF1  PC:009C   
009D  A8        XRA B       (3)  BC:5503  DE:0063  HL:7FEE  AF:2B16  SP:7FF1  PC:009D   
009E  23        INX H       (3)  BC:5503  DE:0063  HL:7FEE  AF:7E06  SP:7FF1  PC:009E   
009F  0D        DCR C       (3)  BC:5503  DE:0063  HL:7FEF  AF:7E06  SP:7FF1  PC:009F   
00A0  C2 9C 00  JNZ 009C    (3)  BC:5502  DE:0063  HL:7FEF  AF:7E12  SP:7FF1  PC:00A0   
009C  46        MOV B,M     (3)  BC:5502  DE:0063  HL:7FEF  AF:7E12  SP:7FF1  PC:009C   
009D  A8        XRA B       (3)  BC:DF02  DE:0063  HL:7FEF  AF:7E12  SP:7FF1  PC:009D   
009E  23        INX H       (3)  BC:DF02  DE:0063  HL:7FEF  AF:A182  SP:7FF1  PC:009E   
009F  0D        DCR C       (3)  BC:DF02  DE:0063  HL:7FF0  AF:A182  SP:7FF1  PC:009F   
00A0  C2 9C 00  JNZ 009C    (3)  BC:DF01  DE:0063  HL:7FF0  AF:A112  SP:7FF1  PC:00A0   
009C  46        MOV B,M     (3)  BC:DF01  DE:0063  HL:7FF0  AF:A112  SP:7FF1  PC:009C   
009D  A8        XRA B       (3)  BC:0001  DE:0063  HL:7FF0  AF:A112  SP:7FF1  PC:009D   
009E  23        INX H       (3)  BC:0001  DE:0063  HL:7FF0  AF:A182  SP:7FF1  PC:009E   
009F  0D        DCR C       (3)  BC:0001  DE:0063  HL:7FF1  AF:A182  SP:7FF1  PC:009F   
00A0  C2 9C 00  JNZ 009C    (3)  BC:0000  DE:0063  HL:7FF1  AF:A156  SP:7FF1  PC:00A0   
00A3  12        STAX D      (3)  BC:0000  DE:0063  HL:7FF1  AF:A156  SP:7FF1  PC:00A3   
00A4  C1        POP B       (3)  BC:0000  DE:0063  HL:7FF1  AF:A156  SP:7FF1  PC:00A4   
00A5  D1        POP D       (3)  BC:AA86  DE:0063  HL:7FF1  AF:A156  SP:7FF3  PC:00A5   
00A6  E1        POP H       (3)  BC:AA86  DE:0000  HL:7FF1  AF:A156  SP:7FF5  PC:00A6   
00A7  F1        POP PSW     (3)  BC:AA86  DE:0000  HL:0000  AF:A156  SP:7FF7  PC:00A7   
00A8  C9        RET         (3)  BC:AA86  DE:0000  HL:0000  AF:5506  SP:7FF9  PC:00A8   
0083  CD CD 00  CALL 00CD   (2)  BC:AA86  DE:0000  HL:0000  AF:5506  SP:7FFB  PC:0083   
00CD  C5        PUSH B      (3)  BC:AA86  DE:0000  HL:0000  AF:5506  SP:7FF9  PC:00CD   
00CE  D5        PUSH D      (3)  BC:AA86  DE:0000  HL:0000  AF:5506  SP:7FF7  PC:00CE   
00CF  E5        PUSH H      (3)  BC:AA86  DE:0000  HL:0000  AF:5506  SP:7FF5  PC:00CF   
00D0  F5        PUSH PSW    (3)  BC:AA86  DE:0000  HL:0000  AF:5506  SP:7FF3  PC:00D0   
00D1  F5        PUSH PSW    (3)  BC:AA86  DE:0000  HL:0000  AF:5506  SP:7FF1  PC:00D1   
00D2  CD E4 00  CALL 00E4   (3)  BC:AA86  DE:0000  HL:0000  AF:5506  SP:7FEF  PC:00D2   
00E4  0F        RRC         (4)  BC:AA86  DE:0000  HL:0000  AF:5506  SP:7FED  PC:00E4   
00E5  0F        RRC         (4)  BC:AA86  DE:0000  HL:0000  AF:AA07  SP:7FED  PC:00E5   
00E6  0F        RRC         (4)  BC:AA86  DE:0000  HL:0000  AF:5506  SP:7FED  PC:00E6   
00E7  0F        RRC         (4)  BC:AA86  DE:0000  HL:0000  AF:AA07  SP:7FED  PC:00E7   
00E8  E6 0F     ANI 0F      (4)  BC:AA86  DE:0000  HL:0000  AF:5506  SP:7FED  PC:00E8   
00EA  FE 0A     CPI 0A      (4)  BC:AA86  DE:0000  HL:0000  AF:0516  SP:7FED  PC:00EA   
00EC  FA F1 00  JM 00F1     (4)  BC:AA86  DE:0000  HL:0000  AF:0583  SP:7FED  PC:00EC   
00F1  C6 30     ADI 30      (4)  BC:AA86  DE:0000  HL:0000  AF:0583  SP:7FED  PC:00F1   
00F3  C9        RET         (4)  BC:AA86  DE:0000  HL:0000  AF:3506  SP:7FED  PC:00F3   
00D5  CD C0 00  CALL 00C0   (3)  BC:AA86  DE:0000  HL:0000  AF:3506  SP:7FEF  PC:00D5   
00C0  C5        PUSH B      (4)  BC:AA86  DE:0000  HL:0000  AF:3506  SP:7FED  PC:00C0   
00C1  D5        PUSH D      (4)  BC:AA86  DE:0000  HL:0000  AF:3506  SP:7FEB  PC:00C1   
00C2  E5        PUSH H      (4)  BC:AA86  DE:0000  HL:0000  AF:3506  SP:7FE9  PC:00C2   
00C3  F5        PUSH PSW    (4)  BC:AA86  DE:0000  HL:0000  AF:3506  SP:7FE7  PC:00C3   
00C4  4F        MOV C,A     (4)  BC:AA86  DE:0000  HL:0000  AF:3506  SP:7FE5  PC:00C4   
00C5  CD 37 C0  CALL C037   (4)  BC:AA35  DE:0000  HL:0000  AF:3506  SP:7FE5  PC:00C5   
00C8  F1        POP PSW     (4)  BC:AA35  DE:0000  HL:0000  AF:3506  SP:7FE5  PC:00C8   
00C9  E1        POP H       (4)  BC:AA35  DE:0000  HL:0000  AF:3506  SP:7FE7  PC:00C9   
00CA  D1        POP D       (4)  BC:AA35  DE:0000  HL:0000  AF:3506  SP:7FE9  PC:00CA   
00CB  C1        POP B       (4)  BC:AA35  DE:0000  HL:0000  AF:3506  SP:7FEB  PC:00CB   
00CC  C9        RET         (4)  BC:AA86  DE:0000  HL:0000  AF:3506  SP:7FED  PC:00CC   
00D8  F1        POP PSW     (3)  BC:AA86  DE:0000  HL:0000  AF:3506  SP:7FEF  PC:00D8   
00D9  CD E8 00  CALL 00E8   (3)  BC:AA86  DE:0000  HL:0000  AF:5506  SP:7FF1  PC:00D9   
00E8  E6 0F     ANI 0F      (4)  BC:AA86  DE:0000  HL:0000  AF:5506  SP:7FEF  PC:00E8   
00EA  FE 0A     CPI 0A      (4)  BC:AA86  DE:0000  HL:0000  AF:0516  SP:7FEF  PC:00EA   
00EC  FA F1 00  JM 00F1     (4)  BC:AA86  DE:0000  HL:0000  AF:0583  SP:7FEF  PC:00EC   
00F1  C6 30     ADI 30      (4)  BC:AA86  DE:0000  HL:0000  AF:0583  SP:7FEF  PC:00F1   
00F3  C9        RET         (4)  BC:AA86  DE:0000  HL:0000  AF:3506  SP:7FEF  PC:00F3   
00DC  CD C0 00  CALL 00C0   (3)  BC:AA86  DE:0000  HL:0000  AF:3506  SP:7FF1  PC:00DC   
00C0  C5        PUSH B      (4)  BC:AA86  DE:0000  HL:0000  AF:3506  SP:7FEF  PC:00C0   
00C1  D5        PUSH D      (4)  BC:AA86  DE:0000  HL:0000  AF:3506  SP:7FED  PC:00C1   
00C2  E5        PUSH H      (4)  BC:AA86  DE:0000  HL:0000  AF:3506  SP:7FEB  PC:00C2   
00C3  F5        PUSH PSW    (4)  BC:AA86  DE:0000  HL:0000  AF:3506  SP:7FE9  PC:00C3   
00C4  4F        MOV C,A     (4)  BC:AA86  DE:0000  HL:0000  AF:3506  SP:7FE7  PC:00C4   
00C5  CD 37 C0  CALL C037   (4)  BC:AA35  DE:0000  HL:0000  AF:3506  SP:7FE7  PC:00C5   
00C8  F1        POP PSW     (4)  BC:AA35  DE:0000  HL:0000  AF:3506  SP:7FE7  PC:00C8   
00C9  E1        POP H       (4)  BC:AA35  DE:0000  HL:0000  AF:3506  SP:7FE9  PC:00C9   
00CA  D1        POP D       (4)  BC:AA35  DE:0000  HL:0000  AF:3506  SP:7FEB  PC:00CA   
00CB  C1        POP B       (4)  BC:AA35  DE:0000  HL:0000  AF:3506  SP:7FED  PC:00CB   
00CC  C9        RET         (4)  BC:AA86  DE:0000  HL:0000  AF:3506  SP:7FEF  PC:00CC   
00DF  F1        POP PSW     (3)  BC:AA86  DE:0000  HL:0000  AF:3506  SP:7FF1  PC:00DF   
00E0  E1        POP H       (3)  BC:AA86  DE:0000  HL:0000  AF:5506  SP:7FF3  PC:00E0   
00E1  D1        POP D       (3)  BC:AA86  DE:0000  HL:0000  AF:5506  SP:7FF5  PC:00E1   
00E2  C1        POP B       (3)  BC:AA86  DE:0000  HL:0000  AF:5506  SP:7FF7  PC:00E2   
00E3  C9        RET         (3)  BC:AA86  DE:0000  HL:0000  AF:5506  SP:7FF9  PC:00E3   
0086  C9        RET         (2)  BC:AA86  DE:0000  HL:0000  AF:5506  SP:7FFB  PC:0086   
005A  21 3F 00  LXI H,003F  (1)  BC:AA86  DE:0000  HL:0000  AF:5506  SP:7FFD  PC:005A   
005D  CD A9 00  CALL 00A9   (1)  BC:AA86  DE:0000  HL:003F  AF:5506  SP:7FFD  PC:005D   
00A9  C5        PUSH B      (2)  BC:AA86  DE:0000  HL:003F  AF:5506  SP:7FFB  PC:00A9   
00AA  D5        PUSH D      (2)  BC:AA86  DE:0000  HL:003F  AF:5506  SP:7FF9  PC:00AA   
00AB  E5        PUSH H      (2)  BC:AA86  DE:0000  HL:003F  AF:5506  SP:7FF7  PC:00AB   
00AC  F5        PUSH PSW    (2)  BC:AA86  DE:0000  HL:003F  AF:5506  SP:7FF5  PC:00AC   
00AD  7E        MOV A,M     (2)  BC:AA86  DE:0000  HL:003F  AF:5506  SP:7FF3  PC:00AD   
00AE  FE 24     CPI 24      (2)  BC:AA86  DE:0000  HL:003F  AF:5406  SP:7FF3  PC:00AE   
00B0  CA BB 00  JZ 00BB     (2)  BC:AA86  DE:0000  HL:003F  AF:5416  SP:7FF3  PC:00B0   
00B3  7E        MOV A,M     (2)  BC:AA86  DE:0000  HL:003F  AF:5416  SP:7FF3  PC:00B3   
00B4  CD C0 00  CALL 00C0   (2)  BC:AA86  DE:0000  HL:003F  AF:5416  SP:7FF3  PC:00B4   
00C0  C5        PUSH B      (3)  BC:AA86  DE:0000  HL:003F  AF:5416  SP:7FF1  PC:00C0   
00C1  D5        PUSH D      (3)  BC:AA86  DE:0000  HL:003F  AF:5416  SP:7FEF  PC:00C1   
00C2  E5        PUSH H      (3)  BC:AA86  DE:0000  HL:003F  AF:5416  SP:7FED  PC:00C2   
00C3  F5        PUSH PSW    (3)  BC:AA86  DE:0000  HL:003F  AF:5416  SP:7FEB  PC:00C3   
00C4  4F        MOV C,A     (3)  BC:AA86  DE:0000  HL:003F  AF:5416  SP:7FE9  PC:00C4   
00C5  CD 37 C0  CALL C037   (3)  BC:AA54  DE:0000  HL:003F  AF:5416  SP:7FE9  PC:00C5   
00C8  F1        POP PSW     (3)  BC:AA54  DE:0000  HL:003F  AF:5416  SP:7FE9  PC:00C8   
00C9  E1        POP H       (3)  BC:AA54  DE:0000  HL:003F  AF:5416  SP:7FEB  PC:00C9   
00CA  D1        POP D       (3)  BC:AA54  DE:0000  HL:003F  AF:5416  SP:7FED  PC:00CA   
00CB  C1        POP B       (3)  BC:AA54  DE:0000  HL:003F  AF:5416  SP:7FEF  PC:00CB   
00CC  C9        RET         (3)  BC:AA86  DE:0000  HL:003F  AF:5416  SP:7FF1  PC:00CC   
00B7  23        INX H       (2)  BC:AA86  DE:0000  HL:003F  AF:5416  SP:7FF3  PC:00B7   
00B8  C3 AD 00  JMP 00AD    (2)  BC:AA86  DE:0000  HL:0040  AF:5416  SP:7FF3  PC:00B8   
00AD  7E        MOV A,M     (2)  BC:AA86  DE:0000  HL:0040  AF:5416  SP:7FF3  PC:00AD   
00AE  FE 24     CPI 24      (2)  BC:AA86  DE:0000  HL:0040  AF:4516  SP:7FF3  PC:00AE   
00B0  CA BB 00  JZ 00BB     (2)  BC:AA86  DE:0000  HL:0040  AF:4516  SP:7FF3  PC:00B0   
00B3  7E        MOV A,M     (2)  BC:AA86  DE:0000  HL:0040  AF:4516  SP:7FF3  PC:00B3   
00B4  CD C0 00  CALL 00C0   (2)  BC:AA86  DE:0000  HL:0040  AF:4516  SP:7FF3  PC:00B4   
00C0  C5        PUSH B      (3)  BC:AA86  DE:0000  HL:0040  AF:4516  SP:7FF1  PC:00C0   
00C1  D5        PUSH D      (3)  BC:AA86  DE:0000  HL:0040  AF:4516  SP:7FEF  PC:00C1   
00C2  E5        PUSH H      (3)  BC:AA86  DE:0000  HL:0040  AF:4516  SP:7FED  PC:00C2   
00C3  F5        PUSH PSW    (3)  BC:AA86  DE:0000  HL:0040  AF:4516  SP:7FEB  PC:00C3   
00C4  4F        MOV C,A     (3)  BC:AA86  DE:0000  HL:0040  AF:4516  SP:7FE9  PC:00C4   
00C5  CD 37 C0  CALL C037   (3)  BC:AA45  DE:0000  HL:0040  AF:4516  SP:7FE9  PC:00C5   
00C8  F1        POP PSW     (3)  BC:AA45  DE:0000  HL:0040  AF:4516  SP:7FE9  PC:00C8   
00C9  E1        POP H       (3)  BC:AA45  DE:0000  HL:0040  AF:4516  SP:7FEB  PC:00C9   
00CA  D1        POP D       (3)  BC:AA45  DE:0000  HL:0040  AF:4516  SP:7FED  PC:00CA   
00CB  C1        POP B       (3)  BC:AA45  DE:0000  HL:0040  AF:4516  SP:7FEF  PC:00CB   
00CC  C9        RET         (3)  BC:AA86  DE:0000  HL:0040  AF:4516  SP:7FF1  PC:00CC   
00B7  23        INX H       (2)  BC:AA86  DE:0000  HL:0040  AF:4516  SP:7FF3  PC:00B7   
00B8  C3 AD 00  JMP 00AD    (2)  BC:AA86  DE:0000  HL:0041  AF:4516  SP:7FF3  PC:00B8   
00AD  7E        MOV A,M     (2)  BC:AA86  DE:0000  HL:0041  AF:4516  SP:7FF3  PC:00AD   
00AE  FE 24     CPI 24      (2)  BC:AA86  DE:0000  HL:0041  AF:5316  SP:7FF3  PC:00AE   
00B0  CA BB 00  JZ 00BB     (2)  BC:AA86  DE:0000  HL:0041  AF:5302  SP:7FF3  PC:00B0   
00B3  7E        MOV A,M     (2)  BC:AA86  DE:0000  HL:0041  AF:5302  SP:7FF3  PC:00B3   
00B4  CD C0 00  CALL 00C0   (2)  BC:AA86  DE:0000  HL:0041  AF:5302  SP:7FF3  PC:00B4   
00C0  C5        PUSH B      (3)  BC:AA86  DE:0000  HL:0041  AF:5302  SP:7FF1  PC:00C0   
00C1  D5        PUSH D      (3)  BC:AA86  DE:0000  HL:0041  AF:5302  SP:7FEF  PC:00C1   
00C2  E5        PUSH H      (3)  BC:AA86  DE:0000  HL:0041  AF:5302  SP:7FED  PC:00C2   
00C3  F5        PUSH PSW    (3)  BC:AA86  DE:0000  HL:0041  AF:5302  SP:7FEB  PC:00C3   
00C4  4F        MOV C,A     (3)  BC:AA86  DE:0000  HL:0041  AF:5302  SP:7FE9  PC:00C4   
00C5  CD 37 C0  CALL C037   (3)  BC:AA53  DE:0000  HL:0041  AF:5302  SP:7FE9  PC:00C5   
00C8  F1        POP PSW     (3)  BC:AA53  DE:0000  HL:0041  AF:5302  SP:7FE9  PC:00C8   
00C9  E1        POP H       (3)  BC:AA53  DE:0000  HL:0041  AF:5302  SP:7FEB  PC:00C9   
00CA  D1        POP D       (3)  BC:AA53  DE:0000  HL:0041  AF:5302  SP:7FED  PC:00CA   
00CB  C1        POP B       (3)  BC:AA53  DE:0000  HL:0041  AF:5302  SP:7FEF  PC:00CB   
00CC  C9        RET         (3)  BC:AA86  DE:0000  HL:0041  AF:5302  SP:7FF1  PC:00CC   
00B7  23        INX H       (2)  BC:AA86  DE:0000  HL:0041  AF:5302  SP:7FF3  PC:00B7   
00B8  C3 AD 00  JMP 00AD    (2)  BC:AA86  DE:0000  HL:0042  AF:5302  SP:7FF3  PC:00B8   
00AD  7E        MOV A,M     (2)  BC:AA86  DE:0000  HL:0042  AF:5302  SP:7FF3  PC:00AD   
00AE  FE 24     CPI 24      (2)  BC:AA86  DE:0000  HL:0042  AF:5402  SP:7FF3  PC:00AE   
00B0  CA BB 00  JZ 00BB     (2)  BC:AA86  DE:0000  HL:0042  AF:5416  SP:7FF3  PC:00B0   
00B3  7E        MOV A,M     (2)  BC:AA86  DE:0000  HL:0042  AF:5416  SP:7FF3  PC:00B3   
00B4  CD C0 00  CALL 00C0   (2)  BC:AA86  DE:0000  HL:0042  AF:5416  SP:7FF3  PC:00B4   
00C0  C5        PUSH B      (3)  BC:AA86  DE:0000  HL:0042  AF:5416  SP:7FF1  PC:00C0   
00C1  D5        PUSH D      (3)  BC:AA86  DE:0000  HL:0042  AF:5416  SP:7FEF  PC:00C1   
00C2  E5        PUSH H      (3)  BC:AA86  DE:0000  HL:0042  AF:5416  SP:7FED  PC:00C2   
00C3  F5        PUSH PSW    (3)  BC:AA86  DE:0000  HL:0042  AF:5416  SP:7FEB  PC:00C3   
00C4  4F        MOV C,A     (3)  BC:AA86  DE:0000  HL:0042  AF:5416  SP:7FE9  PC:00C4   
00C5  CD 37 C0  CALL C037   (3)  BC:AA54  DE:0000  HL:0042  AF:5416  SP:7FE9  PC:00C5   
00C8  F1        POP PSW     (3)  BC:AA54  DE:0000  HL:0042  AF:5416  SP:7FE9  PC:00C8   
00C9  E1        POP H       (3)  BC:AA54  DE:0000  HL:0042  AF:5416  SP:7FEB  PC:00C9   
00CA  D1        POP D       (3)  BC:AA54  DE:0000  HL:0042  AF:5416  SP:7FED  PC:00CA   
00CB  C1        POP B       (3)  BC:AA54  DE:0000  HL:0042  AF:5416  SP:7FEF  PC:00CB   
00CC  C9        RET         (3)  BC:AA86  DE:0000  HL:0042  AF:5416  SP:7FF1  PC:00CC   
00B7  23        INX H       (2)  BC:AA86  DE:0000  HL:0042  AF:5416  SP:7FF3  PC:00B7   
00B8  C3 AD 00  JMP 00AD    (2)  BC:AA86  DE:0000  HL:0043  AF:5416  SP:7FF3  PC:00B8   
00AD  7E        MOV A,M     (2)  BC:AA86  DE:0000  HL:0043  AF:5416  SP:7FF3  PC:00AD   
00AE  FE 24     CPI 24      (2)  BC:AA86  DE:0000  HL:0043  AF:5316  SP:7FF3  PC:00AE   
00B0  CA BB 00  JZ 00BB     (2)  BC:AA86  DE:0000  HL:0043  AF:5302  SP:7FF3  PC:00B0   
00B3  7E        MOV A,M     (2)  BC:AA86  DE:0000  HL:0043  AF:5302  SP:7FF3  PC:00B3   
00B4  CD C0 00  CALL 00C0   (2)  BC:AA86  DE:0000  HL:0043  AF:5302  SP:7FF3  PC:00B4   
00C0  C5        PUSH B      (3)  BC:AA86  DE:0000  HL:0043  AF:5302  SP:7FF1  PC:00C0   
00C1  D5        PUSH D      (3)  BC:AA86  DE:0000  HL:0043  AF:5302  SP:7FEF  PC:00C1   
00C2  E5        PUSH H      (3)  BC:AA86  DE:0000  HL:0043  AF:5302  SP:7FED  PC:00C2   
00C3  F5        PUSH PSW    (3)  BC:AA86  DE:0000  HL:0043  AF:5302  SP:7FEB  PC:00C3   
00C4  4F        MOV C,A     (3)  BC:AA86  DE:0000  HL:0043  AF:5302  SP:7FE9  PC:00C4   
00C5  CD 37 C0  CALL C037   (3)  BC:AA53  DE:0000  HL:0043  AF:5302  SP:7FE9  PC:00C5   
00C8  F1        POP PSW     (3)  BC:AA53  DE:0000  HL:0043  AF:5302  SP:7FE9  PC:00C8   
00C9  E1        POP H       (3)  BC:AA53  DE:0000  HL:0043  AF:5302  SP:7FEB  PC:00C9   
00CA  D1        POP D       (3)  BC:AA53  DE:0000  HL:0043  AF:5302  SP:7FED  PC:00CA   
00CB  C1        POP B       (3)  BC:AA53  DE:0000  HL:0043  AF:5302  SP:7FEF  PC:00CB   
00CC  C9        RET         (3)  BC:AA86  DE:0000  HL:0043  AF:5302  SP:7FF1  PC:00CC   
00B7  23        INX H       (2)  BC:AA86  DE:0000  HL:0043  AF:5302  SP:7FF3  PC:00B7   
00B8  C3 AD 00  JMP 00AD    (2)  BC:AA86  DE:0000  HL:0044  AF:5302  SP:7FF3  PC:00B8   
00AD  7E        MOV A,M     (2)  BC:AA86  DE:0000  HL:0044  AF:5302  SP:7FF3  PC:00AD   
00AE  FE 24     CPI 24      (2)  BC:AA86  DE:0000  HL:0044  AF:2002  SP:7FF3  PC:00AE   
00B0  CA BB 00  JZ 00BB     (2)  BC:AA86  DE:0000  HL:0044  AF:2087  SP:7FF3  PC:00B0   
00B3  7E        MOV A,M     (2)  BC:AA86  DE:0000  HL:0044  AF:2087  SP:7FF3  PC:00B3   
00B4  CD C0 00  CALL 00C0   (2)  BC:AA86  DE:0000  HL:0044  AF:2087  SP:7FF3  PC:00B4   
00C0  C5        PUSH B      (3)  BC:AA86  DE:0000  HL:0044  AF:2087  SP:7FF1  PC:00C0   
00C1  D5        PUSH D      (3)  BC:AA86  DE:0000  HL:0044  AF:2087  SP:7FEF  PC:00C1   
00C2  E5        PUSH H      (3)  BC:AA86  DE:0000  HL:0044  AF:2087  SP:7FED  PC:00C2   
00C3  F5        PUSH PSW    (3)  BC:AA86  DE:0000  HL:0044  AF:2087  SP:7FEB  PC:00C3   
00C4  4F        MOV C,A     (3)  BC:AA86  DE:0000  HL:0044  AF:2087  SP:7FE9  PC:00C4   
00C5  CD 37 C0  CALL C037   (3)  BC:AA20  DE:0000  HL:0044  AF:2087  SP:7FE9  PC:00C5   
00C8  F1        POP PSW     (3)  BC:AA20  DE:0000  HL:0044  AF:2087  SP:7FE9  PC:00C8   
00C9  E1        POP H       (3)  BC:AA20  DE:0000  HL:0044  AF:2087  SP:7FEB  PC:00C9   
00CA  D1        POP D       (3)  BC:AA20  DE:0000  HL:0044  AF:2087  SP:7FED  PC:00CA   
00CB  C1        POP B       (3)  BC:AA20  DE:0000  HL:0044  AF:2087  SP:7FEF  PC:00CB   
00CC  C9        RET         (3)  BC:AA86  DE:0000  HL:0044  AF:2087  SP:7FF1  PC:00CC   
00B7  23        INX H       (2)  BC:AA86  DE:0000  HL:0044  AF:2087  SP:7FF3  PC:00B7   
00B8  C3 AD 00  JMP 00AD    (2)  BC:AA86  DE:0000  HL:0045  AF:2087  SP:7FF3  PC:00B8   
00AD  7E        MOV A,M     (2)  BC:AA86  DE:0000  HL:0045  AF:2087  SP:7FF3  PC:00AD   
00AE  FE 24     CPI 24      (2)  BC:AA86  DE:0000  HL:0045  AF:4387  SP:7FF3  PC:00AE   
00B0  CA BB 00  JZ 00BB     (2)  BC:AA86  DE:0000  HL:0045  AF:4302  SP:7FF3  PC:00B0   
00B3  7E        MOV A,M     (2)  BC:AA86  DE:0000  HL:0045  AF:4302  SP:7FF3  PC:00B3   
00B4  CD C0 00  CALL 00C0   (2)  BC:AA86  DE:0000  HL:0045  AF:4302  SP:7FF3  PC:00B4   
00C0  C5        PUSH B      (3)  BC:AA86  DE:0000  HL:0045  AF:4302  SP:7FF1  PC:00C0   
00C1  D5        PUSH D      (3)  BC:AA86  DE:0000  HL:0045  AF:4302  SP:7FEF  PC:00C1   
00C2  E5        PUSH H      (3)  BC:AA86  DE:0000  HL:0045  AF:4302  SP:7FED  PC:00C2   
00C3  F5        PUSH PSW    (3)  BC:AA86  DE:0000  HL:0045  AF:4302  SP:7FEB  PC:00C3   
00C4  4F        MOV C,A     (3)  BC:AA86  DE:0000  HL:0045  AF:4302  SP:7FE9  PC:00C4   
00C5  CD 37 C0  CALL C037   (3)  BC:AA43  DE:0000  HL:0045  AF:4302  SP:7FE9  PC:00C5   
00C8  F1        POP PSW     (3)  BC:AA43  DE:0000  HL:0045  AF:4302  SP:7FE9  PC:00C8   
00C9  E1        POP H       (3)  BC:AA43  DE:0000  HL:0045  AF:4302  SP:7FEB  PC:00C9   
00CA  D1        POP D       (3)  BC:AA43  DE:0000  HL:0045  AF:4302  SP:7FED  PC:00CA   
00CB  C1        POP B       (3)  BC:AA43  DE:0000  HL:0045  AF:4302  SP:7FEF  PC:00CB   
00CC  C9        RET         (3)  BC:AA86  DE:0000  HL:0045  AF:4302  SP:7FF1  PC:00CC   
00B7  23        INX H       (2)  BC:AA86  DE:0000  HL:0045  AF:4302  SP:7FF3  PC:00B7   
00B8  C3 AD 00  JMP 00AD    (2)  BC:AA86  DE:0000  HL:0046  AF:4302  SP:7FF3  PC:00B8   
00AD  7E        MOV A,M     (2)  BC:AA86  DE:0000  HL:0046  AF:4302  SP:7FF3  PC:00AD   
00AE  FE 24     CPI 24      (2)  BC:AA86  DE:0000  HL:0046  AF:4F02  SP:7FF3  PC:00AE   
00B0  CA BB 00  JZ 00BB     (2)  BC:AA86  DE:0000  HL:0046  AF:4F16  SP:7FF3  PC:00B0   
00B3  7E        MOV A,M     (2)  BC:AA86  DE:0000  HL:0046  AF:4F16  SP:7FF3  PC:00B3   
00B4  CD C0 00  CALL 00C0   (2)  BC:AA86  DE:0000  HL:0046  AF:4F16  SP:7FF3  PC:00B4   
00C0  C5        PUSH B      (3)  BC:AA86  DE:0000  HL:0046  AF:4F16  SP:7FF1  PC:00C0   
00C1  D5        PUSH D      (3)  BC:AA86  DE:0000  HL:0046  AF:4F16  SP:7FEF  PC:00C1   
00C2  E5        PUSH H      (3)  BC:AA86  DE:0000  HL:0046  AF:4F16  SP:7FED  PC:00C2   
00C3  F5        PUSH PSW    (3)  BC:AA86  DE:0000  HL:0046  AF:4F16  SP:7FEB  PC:00C3   
00C4  4F        MOV C,A     (3)  BC:AA86  DE:0000  HL:0046  AF:4F16  SP:7FE9  PC:00C4   
00C5  CD 37 C0  CALL C037   (3)  BC:AA4F  DE:0000  HL:0046  AF:4F16  SP:7FE9  PC:00C5   
00C8  F1        POP PSW     (3)  BC:AA4F  DE:0000  HL:0046  AF:4F16  SP:7FE9  PC:00C8   
00C9  E1        POP H       (3)  BC:AA4F  DE:0000  HL:0046  AF:4F16  SP:7FEB  PC:00C9   
00CA  D1        POP D       (3)  BC:AA4F  DE:0000  HL:0046  AF:4F16  SP:7FED  PC:00CA   
00CB  C1        POP B       (3)  BC:AA4F  DE:0000  HL:0046  AF:4F16  SP:7FEF  PC:00CB   
00CC  C9        RET         (3)  BC:AA86  DE:0000  HL:0046  AF:4F16  SP:7FF1  PC:00CC   
00B7  23        INX H       (2)  BC:AA86  DE:0000  HL:0046  AF:4F16  SP:7FF3  PC:00B7   
00B8  C3 AD 00  JMP 00AD    (2)  BC:AA86  DE:0000  HL:0047  AF:4F16  SP:7FF3  PC:00B8   
00AD  7E        MOV A,M     (2)  BC:AA86  DE:0000  HL:0047  AF:4F16  SP:7FF3  PC:00AD   
00AE  FE 24     CPI 24      (2)  BC:AA86  DE:0000  HL:0047  AF:4D16  SP:7FF3  PC:00AE   
00B0  CA BB 00  JZ 00BB     (2)  BC:AA86  DE:0000  HL:0047  AF:4D12  SP:7FF3  PC:00B0   
00B3  7E        MOV A,M     (2)  BC:AA86  DE:0000  HL:0047  AF:4D12  SP:7FF3  PC:00B3   
00B4  CD C0 00  CALL 00C0   (2)  BC:AA86  DE:0000  HL:0047  AF:4D12  SP:7FF3  PC:00B4   
00C0  C5        PUSH B      (3)  BC:AA86  DE:0000  HL:0047  AF:4D12  SP:7FF1  PC:00C0   
00C1  D5        PUSH D      (3)  BC:AA86  DE:0000  HL:0047  AF:4D12  SP:7FEF  PC:00C1   
00C2  E5        PUSH H      (3)  BC:AA86  DE:0000  HL:0047  AF:4D12  SP:7FED  PC:00C2   
00C3  F5        PUSH PSW    (3)  BC:AA86  DE:0000  HL:0047  AF:4D12  SP:7FEB  PC:00C3   
00C4  4F        MOV C,A     (3)  BC:AA86  DE:0000  HL:0047  AF:4D12  SP:7FE9  PC:00C4   
00C5  CD 37 C0  CALL C037   (3)  BC:AA4D  DE:0000  HL:0047  AF:4D12  SP:7FE9  PC:00C5   
00C8  F1        POP PSW     (3)  BC:AA4D  DE:0000  HL:0047  AF:4D12  SP:7FE9  PC:00C8   
00C9  E1        POP H       (3)  BC:AA4D  DE:0000  HL:0047  AF:4D12  SP:7FEB  PC:00C9   
00CA  D1        POP D       (3)  BC:AA4D  DE:0000  HL:0047  AF:4D12  SP:7FED  PC:00CA   
00CB  C1        POP B       (3)  BC:AA4D  DE:0000  HL:0047  AF:4D12  SP:7FEF  PC:00CB   
00CC  C9        RET         (3)  BC:AA86  DE:0000  HL:0047  AF:4D12  SP:7FF1  PC:00CC   
00B7  23        INX H       (2)  BC:AA86  DE:0000  HL:0047  AF:4D12  SP:7FF3  PC:00B7   
00B8  C3 AD 00  JMP 00AD    (2)  BC:AA86  DE:0000  HL:0048  AF:4D12  SP:7FF3  PC:00B8   
00AD  7E        MOV A,M     (2)  BC:AA86  DE:0000  HL:0048  AF:4D12  SP:7FF3  PC:00AD   
00AE  FE 24     CPI 24      (2)  BC:AA86  DE:0000  HL:0048  AF:5012  SP:7FF3  PC:00AE   
00B0  CA BB 00  JZ 00BB     (2)  BC:AA86  DE:0000  HL:0048  AF:5002  SP:7FF3  PC:00B0   
00B3  7E        MOV A,M     (2)  BC:AA86  DE:0000  HL:0048  AF:5002  SP:7FF3  PC:00B3   
00B4  CD C0 00  CALL 00C0   (2)  BC:AA86  DE:0000  HL:0048  AF:5002  SP:7FF3  PC:00B4   
00C0  C5        PUSH B      (3)  BC:AA86  DE:0000  HL:0048  AF:5002  SP:7FF1  PC:00C0   
00C1  D5        PUSH D      (3)  BC:AA86  DE:0000  HL:0048  AF:5002  SP:7FEF  PC:00C1   
00C2  E5        PUSH H      (3)  BC:AA86  DE:0000  HL:0048  AF:5002  SP:7FED  PC:00C2   
00C3  F5        PUSH PSW    (3)  BC:AA86  DE:0000  HL:0048  AF:5002  SP:7FEB  PC:00C3   
00C4  4F        MOV C,A     (3)  BC:AA86  DE:0000  HL:0048  AF:5002  SP:7FE9  PC:00C4   
00C5  CD 37 C0  CALL C037   (3)  BC:AA50  DE:0000  HL:0048  AF:5002  SP:7FE9  PC:00C5   
00C8  F1        POP PSW     (3)  BC:AA50  DE:0000  HL:0048  AF:5002  SP:7FE9  PC:00C8   
00C9  E1        POP H       (3)  BC:AA50  DE:0000  HL:0048  AF:5002  SP:7FEB  PC:00C9   
00CA  D1        POP D       (3)  BC:AA50  DE:0000  HL:0048  AF:5002  SP:7FED  PC:00CA   
00CB  C1        POP B       (3)  BC:AA50  DE:0000  HL:0048  AF:5002  SP:7FEF  PC:00CB   
00CC  C9        RET         (3)  BC:AA86  DE:0000  HL:0048  AF:5002  SP:7FF1  PC:00CC   
00B7  23        INX H       (2)  BC:AA86  DE:0000  HL:0048  AF:5002  SP:7FF3  PC:00B7   
00B8  C3 AD 00  JMP 00AD    (2)  BC:AA86  DE:0000  HL:0049  AF:5002  SP:7FF3  PC:00B8   
00AD  7E        MOV A,M     (2)  BC:AA86  DE:0000  HL:0049  AF:5002  SP:7FF3  PC:00AD   
00AE  FE 24     CPI 24      (2)  BC:AA86  DE:0000  HL:0049  AF:4C02  SP:7FF3  PC:00AE   
00B0  CA BB 00  JZ 00BB     (2)  BC:AA86  DE:0000  HL:0049  AF:4C16  SP:7FF3  PC:00B0   
00B3  7E        MOV A,M     (2)  BC:AA86  DE:0000  HL:0049  AF:4C16  SP:7FF3  PC:00B3   
00B4  CD C0 00  CALL 00C0   (2)  BC:AA86  DE:0000  HL:0049  AF:4C16  SP:7FF3  PC:00B4   
00C0  C5        PUSH B      (3)  BC:AA86  DE:0000  HL:0049  AF:4C16  SP:7FF1  PC:00C0   
00C1  D5        PUSH D      (3)  BC:AA86  DE:0000  HL:0049  AF:4C16  SP:7FEF  PC:00C1   
00C2  E5        PUSH H      (3)  BC:AA86  DE:0000  HL:0049  AF:4C16  SP:7FED  PC:00C2   
00C3  F5        PUSH PSW    (3)  BC:AA86  DE:0000  HL:0049  AF:4C16  SP:7FEB  PC:00C3   
00C4  4F        MOV C,A     (3)  BC:AA86  DE:0000  HL:0049  AF:4C16  SP:7FE9  PC:00C4   
00C5  CD 37 C0  CALL C037   (3)  BC:AA4C  DE:0000  HL:0049  AF:4C16  SP:7FE9  PC:00C5   
00C8  F1        POP PSW     (3)  BC:AA4C  DE:0000  HL:0049  AF:4C16  SP:7FE9  PC:00C8   
00C9  E1        POP H       (3)  BC:AA4C  DE:0000  HL:0049  AF:4C16  SP:7FEB  PC:00C9   
00CA  D1        POP D       (3)  BC:AA4C  DE:0000  HL:0049  AF:4C16  SP:7FED  PC:00CA   
00CB  C1        POP B       (3)  BC:AA4C  DE:0000  HL:0049  AF:4C16  SP:7FEF  PC:00CB   
00CC  C9        RET         (3)  BC:AA86  DE:0000  HL:0049  AF:4C16  SP:7FF1  PC:00CC   
00B7  23        INX H       (2)  BC:AA86  DE:0000  HL:0049  AF:4C16  SP:7FF3  PC:00B7   
00B8  C3 AD 00  JMP 00AD    (2)  BC:AA86  DE:0000  HL:004A  AF:4C16  SP:7FF3  PC:00B8   
00AD  7E        MOV A,M     (2)  BC:AA86  DE:0000  HL:004A  AF:4C16  SP:7FF3  PC:00AD   
00AE  FE 24     CPI 24      (2)  BC:AA86  DE:0000  HL:004A  AF:4516  SP:7FF3  PC:00AE   
00B0  CA BB 00  JZ 00BB     (2)  BC:AA86  DE:0000  HL:004A  AF:4516  SP:7FF3  PC:00B0   
00B3  7E        MOV A,M     (2)  BC:AA86  DE:0000  HL:004A  AF:4516  SP:7FF3  PC:00B3   
00B4  CD C0 00  CALL 00C0   (2)  BC:AA86  DE:0000  HL:004A  AF:4516  SP:7FF3  PC:00B4   
00C0  C5        PUSH B      (3)  BC:AA86  DE:0000  HL:004A  AF:4516  SP:7FF1  PC:00C0   
00C1  D5        PUSH D      (3)  BC:AA86  DE:0000  HL:004A  AF:4516  SP:7FEF  PC:00C1   
00C2  E5        PUSH H      (3)  BC:AA86  DE:0000  HL:004A  AF:4516  SP:7FED  PC:00C2   
00C3  F5        PUSH PSW    (3)  BC:AA86  DE:0000  HL:004A  AF:4516  SP:7FEB  PC:00C3   
00C4  4F        MOV C,A     (3)  BC:AA86  DE:0000  HL:004A  AF:4516  SP:7FE9  PC:00C4   
00C5  CD 37 C0  CALL C037   (3)  BC:AA45  DE:0000  HL:004A  AF:4516  SP:7FE9  PC:00C5   
00C8  F1        POP PSW     (3)  BC:AA45  DE:0000  HL:004A  AF:4516  SP:7FE9  PC:00C8   
00C9  E1        POP H       (3)  BC:AA45  DE:0000  HL:004A  AF:4516  SP:7FEB  PC:00C9   
00CA  D1        POP D       (3)  BC:AA45  DE:0000  HL:004A  AF:4516  SP:7FED  PC:00CA   
00CB  C1        POP B       (3)  BC:AA45  DE:0000  HL:004A  AF:4516  SP:7FEF  PC:00CB   
00CC  C9        RET         (3)  BC:AA86  DE:0000  HL:004A  AF:4516  SP:7FF1  PC:00CC   
00B7  23        INX H       (2)  BC:AA86  DE:0000  HL:004A  AF:4516  SP:7FF3  PC:00B7   
00B8  C3 AD 00  JMP 00AD    (2)  BC:AA86  DE:0000  HL:004B  AF:4516  SP:7FF3  PC:00B8   
00AD  7E        MOV A,M     (2)  BC:AA86  DE:0000  HL:004B  AF:4516  SP:7FF3  PC:00AD   
00AE  FE 24     CPI 24      (2)  BC:AA86  DE:0000  HL:004B  AF:5416  SP:7FF3  PC:00AE   
00B0  CA BB 00  JZ 00BB     (2)  BC:AA86  DE:0000  HL:004B  AF:5416  SP:7FF3  PC:00B0   
00B3  7E        MOV A,M     (2)  BC:AA86  DE:0000  HL:004B  AF:5416  SP:7FF3  PC:00B3   
00B4  CD C0 00  CALL 00C0   (2)  BC:AA86  DE:0000  HL:004B  AF:5416  SP:7FF3  PC:00B4   
00C0  C5        PUSH B      (3)  BC:AA86  DE:0000  HL:004B  AF:5416  SP:7FF1  PC:00C0   
00C1  D5        PUSH D      (3)  BC:AA86  DE:0000  HL:004B  AF:5416  SP:7FEF  PC:00C1   
00C2  E5        PUSH H      (3)  BC:AA86  DE:0000  HL:004B  AF:5416  SP:7FED  PC:00C2   
00C3  F5        PUSH PSW    (3)  BC:AA86  DE:0000  HL:004B  AF:5416  SP:7FEB  PC:00C3   
00C4  4F        MOV C,A     (3)  BC:AA86  DE:0000  HL:004B  AF:5416  SP:7FE9  PC:00C4   
00C5  CD 37 C0  CALL C037   (3)  BC:AA54  DE:0000  HL:004B  AF:5416  SP:7FE9  PC:00C5   
00C8  F1        POP PSW     (3)  BC:AA54  DE:0000  HL:004B  AF:5416  SP:7FE9  PC:00C8   
00C9  E1        POP H       (3)  BC:AA54  DE:0000  HL:004B  AF:5416  SP:7FEB  PC:00C9   
00CA  D1        POP D       (3)  BC:AA54  DE:0000  HL:004B  AF:5416  SP:7FED  PC:00CA   
00CB  C1        POP B       (3)  BC:AA54  DE:0000  HL:004B  AF:5416  SP:7FEF  PC:00CB   
00CC  C9        RET         (3)  BC:AA86  DE:0000  HL:004B  AF:5416  SP:7FF1  PC:00CC   
00B7  23        INX H       (2)  BC:AA86  DE:0000  HL:004B  AF:5416  SP:7FF3  PC:00B7   
00B8  C3 AD 00  JMP 00AD    (2)  BC:AA86  DE:0000  HL:004C  AF:5416  SP:7FF3  PC:00B8   
00AD  7E        MOV A,M     (2)  BC:AA86  DE:0000  HL:004C  AF:5416  SP:7FF3  PC:00AD   
00AE  FE 24     CPI 24      (2)  BC:AA86  DE:0000  HL:004C  AF:4516  SP:7FF3  PC:00AE   
00B0  CA BB 00  JZ 00BB     (2)  BC:AA86  DE:0000  HL:004C  AF:4516  SP:7FF3  PC:00B0   
00B3  7E        MOV A,M     (2)  BC:AA86  DE:0000  HL:004C  AF:4516  SP:7FF3  PC:00B3   
00B4  CD C0 00  CALL 00C0   (2)  BC:AA86  DE:0000  HL:004C  AF:4516  SP:7FF3  PC:00B4   
00C0  C5        PUSH B      (3)  BC:AA86  DE:0000  HL:004C  AF:4516  SP:7FF1  PC:00C0   
00C1  D5        PUSH D      (3)  BC:AA86  DE:0000  HL:004C  AF:4516  SP:7FEF  PC:00C1   
00C2  E5        PUSH H      (3)  BC:AA86  DE:0000  HL:004C  AF:4516  SP:7FED  PC:00C2   
00C3  F5        PUSH PSW    (3)  BC:AA86  DE:0000  HL:004C  AF:4516  SP:7FEB  PC:00C3   
00C4  4F        MOV C,A     (3)  BC:AA86  DE:0000  HL:004C  AF:4516  SP:7FE9  PC:00C4   
00C5  CD 37 C0  CALL C037   (3)  BC:AA45  DE:0000  HL:004C  AF:4516  SP:7FE9  PC:00C5   
00C8  F1        POP PSW     (3)  BC:AA45  DE:0000  HL:004C  AF:4516  SP:7FE9  PC:00C8   
00C9  E1        POP H       (3)  BC:AA45  DE:0000  HL:004C  AF:4516  SP:7FEB  PC:00C9   
00CA  D1        POP D       (3)  BC:AA45  DE:0000  HL:004C  AF:4516  SP:7FED  PC:00CA   
00CB  C1        POP B       (3)  BC:AA45  DE:0000  HL:004C  AF:4516  SP:7FEF  PC:00CB   
00CC  C9        RET         (3)  BC:AA86  DE:0000  HL:004C  AF:4516  SP:7FF1  PC:00CC   
00B7  23        INX H       (2)  BC:AA86  DE:0000  HL:004C  AF:4516  SP:7FF3  PC:00B7   
00B8  C3 AD 00  JMP 00AD    (2)  BC:AA86  DE:0000  HL:004D  AF:4516  SP:7FF3  PC:00B8   
00AD  7E        MOV A,M     (2)  BC:AA86  DE:0000  HL:004D  AF:4516  SP:7FF3  PC:00AD   
00AE  FE 24     CPI 24      (2)  BC:AA86  DE:0000  HL:004D  AF:2416  SP:7FF3  PC:00AE   
00B0  CA BB 00  JZ 00BB     (2)  BC:AA86  DE:0000  HL:004D  AF:2456  SP:7FF3  PC:00B0   
00BB  F1        POP PSW     (2)  BC:AA86  DE:0000  HL:004D  AF:2456  SP:7FF3  PC:00BB   
00BC  E1        POP H       (2)  BC:AA86  DE:0000  HL:004D  AF:5506  SP:7FF5  PC:00BC   
00BD  D1        POP D       (2)  BC:AA86  DE:0000  HL:003F  AF:5506  SP:7FF7  PC:00BD   
00BE  C1        POP B       (2)  BC:AA86  DE:0000  HL:003F  AF:5506  SP:7FF9  PC:00BE   
00BF  C9        RET         (2)  BC:AA86  DE:0000  HL:003F  AF:5506  SP:7FFB  PC:00BF   
0060  C3 07 00  JMP 0007    (1)  BC:AA86  DE:0000  HL:003F  AF:5506  SP:7FFD  PC:0060   
0007  C3 00 C8  JMP C800    (1)  BC:AA86  DE:0000  HL:003F  AF:5506  SP:7FFD  PC:0007   