0004  C3 17 00  JMP 0017    (1)  BC:0000  DE:0000  HL:0004  AF:0046  SP:7FFD  PC:0004   
0017  2A 06 00  LHLD 0006   (1)  BC:0000  DE:0000  HL:0004  AF:0046  SP:7FFD  PC:0017   
001A  F9        SPHL        (1)  BC:0000  DE:0000  HL:0000  AF:0046  SP:7FFD  PC:001A   
001B  21 FF 03  LXI H,03FF  (1)  BC:0000  DE:0000  HL:0000  AF:0046  SP:0000  PC:001B   
001E  CD B4 03  CALL 03B4   (1)  BC:0000  DE:0000  HL:03FF  AF:0046  SP:0000  PC:001E   
03B4  C5        PUSH B      (2)  BC:0000  DE:0000  HL:03FF  AF:0046  SP:FFFE  PC:03B4   
03B5  D5        PUSH D      (2)  BC:0000  DE:0000  HL:03FF  AF:0046  SP:FFFC  PC:03B5   
03B6  E5        PUSH H      (2)  BC:0000  DE:0000  HL:03FF  AF:0046  SP:FFFA  PC:03B6   
03B7  F5        PUSH PSW    (2)  BC:0000  DE:0000  HL:03FF  AF:0046  SP:FFF8  PC:03B7   
03B8  7E        MOV A,M     (2)  BC:0000  DE:0000  HL:03FF  AF:0046  SP:FFF6  PC:03B8   
03B9  FE 24     CPI 24      (2)  BC:0000  DE:0000  HL:03FF  AF:0D46  SP:FFF6  PC:03B9   
03BB  CA C6 03  JZ 03C6     (2)  BC:0000  DE:0000  HL:03FF  AF:0D93  SP:FFF6  PC:03BB   
03BE  7E        MOV A,M     (2)  BC:0000  DE:0000  HL:03FF  AF:0D93  SP:FFF6  PC:03BE   
03BF  CD CB 03  CALL 03CB   (2)  BC:0000  DE:0000  HL:03FF  AF:0D93  SP:FFF6  PC:03BF   
03CB  C5        PUSH B      (3)  BC:0000  DE:0000  HL:03FF  AF:0D93  SP:FFF4  PC:03CB   
03CC  D5        PUSH D      (3)  BC:0000  DE:0000  HL:03FF  AF:0D93  SP:FFF2  PC:03CC   
03CD  E5        PUSH H      (3)  BC:0000  DE:0000  HL:03FF  AF:0D93  SP:FFF0  PC:03CD   
03CE  F5        PUSH PSW    (3)  BC:0000  DE:0000  HL:03FF  AF:0D93  SP:FFEE  PC:03CE   
03CF  4F        MOV C,A     (3)  BC:0000  DE:0000  HL:03FF  AF:0D93  SP:FFEC  PC:03CF   
03D0  CD 37 C0  CALL C037   (3)  BC:000D  DE:0000  HL:03FF  AF:0D93  SP:FFEC  PC:03D0   
03D3  F1        POP PSW     (3)  BC:000D  DE:0000  HL:03FF  AF:0DD3  SP:FFEC  PC:03D3   
03D4  E1        POP H       (3)  BC:000D  DE:0000  HL:03FF  AF:0D93  SP:FFEE  PC:03D4   
03D5  D1        POP D       (3)  BC:000D  DE:0000  HL:03FF  AF:0D93  SP:FFF0  PC:03D5   
03D6  C1        POP B       (3)  BC:000D  DE:0000  HL:03FF  AF:0D93  SP:FFF2  PC:03D6   
03D7  C9        RET         (3)  BC:0000  DE:0000  HL:03FF  AF:0D93  SP:FFF4  PC:03D7   
03C2  23        INX H       (2)  BC:0000  DE:0000  HL:03FF  AF:0D93  SP:FFF6  PC:03C2   
03C3  C3 B8 03  JMP 03B8    (2)  BC:0000  DE:0000  HL:0400  AF:0D93  SP:FFF6  PC:03C3   
03B8  7E        MOV A,M     (2)  BC:0000  DE:0000  HL:0400  AF:0D93  SP:FFF6  PC:03B8   
03B9  FE 24     CPI 24      (2)  BC:0000  DE:0000  HL:0400  AF:0A93  SP:FFF6  PC:03B9   
03BB  CA C6 03  JZ 03C6     (2)  BC:0000  DE:0000  HL:0400  AF:0A93  SP:FFF6  PC:03BB   
03BE  7E        MOV A,M     (2)  BC:0000  DE:0000  HL:0400  AF:0A93  SP:FFF6  PC:03BE   
03BF  CD CB 03  CALL 03CB   (2)  BC:0000  DE:0000  HL:0400  AF:0A93  SP:FFF6  PC:03BF   
03CB  C5        PUSH B      (3)  BC:0000  DE:0000  HL:0400  AF:0A93  SP:FFF4  PC:03CB   
03CC  D5        PUSH D      (3)  BC:0000  DE:0000  HL:0400  AF:0A93  SP:FFF2  PC:03CC   
03CD  E5        PUSH H      (3)  BC:0000  DE:0000  HL:0400  AF:0A93  SP:FFF0  PC:03CD   
03CE  F5        PUSH PSW    (3)  BC:0000  DE:0000  HL:0400  AF:0A93  SP:FFEE  PC:03CE   
03CF  4F        MOV C,A     (3)  BC:0000  DE:0000  HL:0400  AF:0A93  SP:FFEC  PC:03CF   
03D0  CD 37 C0  CALL C037   (3)  BC:000A  DE:0000  HL:0400  AF:0A93  SP:FFEC  PC:03D0   
03D3  F1        POP PSW     (3)  BC:000A  DE:0000  HL:0400  AF:0AD3  SP:FFEC  PC:03D3   
03D4  E1        POP H       (3)  BC:000A  DE:0000  HL:0400  AF:0A93  SP:FFEE  PC:03D4   
03D5  D1        POP D       (3)  BC:000A  DE:0000  HL:0400  AF:0A93  SP:FFF0  PC:03D5   
03D6  C1        POP B       (3)  BC:000A  DE:0000  HL:0400  AF:0A93  SP:FFF2  PC:03D6   
03D7  C9        RET         (3)  BC:0000  DE:0000  HL:0400  AF:0A93  SP:FFF4  PC:03D7   
03C2  23        INX H       (2)  BC:0000  DE:0000  HL:0400  AF:0A93  SP:FFF6  PC:03C2   
03C3  C3 B8 03  JMP 03B8    (2)  BC:0000  DE:0000  HL:0401  AF:0A93  SP:FFF6  PC:03C3   
03B8  7E        MOV A,M     (2)  BC:0000  DE:0000  HL:0401  AF:0A93  SP:FFF6  PC:03B8   
03B9  FE 24     CPI 24      (2)  BC:0000  DE:0000  HL:0401  AF:3893  SP:FFF6  PC:03B9   
03BB  CA C6 03  JZ 03C6     (2)  BC:0000  DE:0000  HL:0401  AF:3816  SP:FFF6  PC:03BB   
03BE  7E        MOV A,M     (2)  BC:0000  DE:0000  HL:0401  AF:3816  SP:FFF6  PC:03BE   
03BF  CD CB 03  CALL 03CB   (2)  BC:0000  DE:0000  HL:0401  AF:3816  SP:FFF6  PC:03BF   
03CB  C5        PUSH B      (3)  BC:0000  DE:0000  HL:0401  AF:3816  SP:FFF4  PC:03CB   
03CC  D5        PUSH D      (3)  BC:0000  DE:0000  HL:0401  AF:3816  SP:FFF2  PC:03CC   
03CD  E5        PUSH H      (3)  BC:0000  DE:0000  HL:0401  AF:3816  SP:FFF0  PC:03CD   
03CE  F5        PUSH PSW    (3)  BC:0000  DE:0000  HL:0401  AF:3816  SP:FFEE  PC:03CE   
03CF  4F        MOV C,A     (3)  BC:0000  DE:0000  HL:0401  AF:3816  SP:FFEC  PC:03CF   
03D0  CD 37 C0  CALL C037   (3)  BC:0038  DE:0000  HL:0401  AF:3816  SP:FFEC  PC:03D0   
0000  00        NOP         (3)  BC:C0F0  DE:0000  HL:C0F0  AF:0002  SP:FFDE  PC:0000   
0001  00        NOP         (3)  BC:C0F0  DE:0000  HL:C0F0  AF:0002  SP:FFDE  PC:0001   
0002  00        NOP         (3)  BC:C0F0  DE:0000  HL:C0F0  AF:0002  SP:FFDE  PC:0002   
0003  00        NOP         (3)  BC:C0F0  DE:0000  HL:C0F0  AF:0002  SP:FFDE  PC:0003   
0004  C3 17 00  JMP 0017    (3)  BC:C0F0  DE:0000  HL:C0F0  AF:0002  SP:FFDE  PC:0004   
0017  2A 06 00  LHLD 0006   (3)  BC:C0F0  DE:0000  HL:C0F0  AF:0002  SP:FFDE  PC:0017   
001A  F9        SPHL        (3)  BC:C0F0  DE:0000  HL:0000  AF:0002  SP:FFDE  PC:001A   
001B  21 FF 03  LXI H,03FF  (3)  BC:C0F0  DE:0000  HL:0000  AF:0002  SP:0000  PC:001B   
001E  CD B4 03  CALL 03B4   (3)  BC:C0F0  DE:0000  HL:03FF  AF:0002  SP:0000  PC:001E   