0004  C3 17 00  JMP 0017    (1)  BC:0000  DE:0000  HL:0004  AF:0046  SP:7FFD  PC:0004   
0017  21 74 00  LXI H,0074  (1)  BC:0000  DE:0000  HL:0004  AF:0046  SP:7FFD  PC:0017   
001A  CD 29 00  CALL 0029   (1)  BC:0000  DE:0000  HL:0074  AF:0046  SP:7FFD  PC:001A   
0029  C5        PUSH B      (2)  BC:0000  DE:0000  HL:0074  AF:0046  SP:7FFB  PC:0029   
002A  D5        PUSH D      (2)  BC:0000  DE:0000  HL:0074  AF:0046  SP:7FF9  PC:002A   
002B  E5        PUSH H      (2)  BC:0000  DE:0000  HL:0074  AF:0046  SP:7FF7  PC:002B   
002C  F5        PUSH PSW    (2)  BC:0000  DE:0000  HL:0074  AF:0046  SP:7FF5  PC:002C   
002D  7E        MOV A,M     (2)  BC:0000  DE:0000  HL:0074  AF:0046  SP:7FF3  PC:002D   
002E  FE 24     CPI 24      (2)  BC:0000  DE:0000  HL:0074  AF:0D46  SP:7FF3  PC:002E   
0030  CA 3B 00  JZ 003B     (2)  BC:0000  DE:0000  HL:0074  AF:0D93  SP:7FF3  PC:0030   
0033  7E        MOV A,M     (2)  BC:0000  DE:0000  HL:0074  AF:0D93  SP:7FF3  PC:0033   
0034  CD 40 00  CALL 0040   (2)  BC:0000  DE:0000  HL:0074  AF:0D93  SP:7FF3  PC:0034   
0040  C5        PUSH B      (3)  BC:0000  DE:0000  HL:0074  AF:0D93  SP:7FF1  PC:0040   
0041  D5        PUSH D      (3)  BC:0000  DE:0000  HL:0074  AF:0D93  SP:7FEF  PC:0041   
0042  E5        PUSH H      (3)  BC:0000  DE:0000  HL:0074  AF:0D93  SP:7FED  PC:0042   
0043  F5        PUSH PSW    (3)  BC:0000  DE:0000  HL:0074  AF:0D93  SP:7FEB  PC:0043   
0044  4F        MOV C,A     (3)  BC:0000  DE:0000  HL:0074  AF:0D93  SP:7FE9  PC:0044   
0045  CD 37 C0  CALL C037   (3)  BC:000D  DE:0000  HL:0074  AF:0D93  SP:7FE9  PC:0045   
0048  F1        POP PSW     (3)  BC:000D  DE:0000  HL:0074  AF:0D93  SP:7FE9  PC:0048   
0049  E1        POP H       (3)  BC:000D  DE:0000  HL:0074  AF:0D93  SP:7FEB  PC:0049   
004A  D1        POP D       (3)  BC:000D  DE:0000  HL:0074  AF:0D93  SP:7FED  PC:004A   
004B  C1        POP B       (3)  BC:000D  DE:0000  HL:0074  AF:0D93  SP:7FEF  PC:004B   
004C  C9        RET         (3)  BC:0000  DE:0000  HL:0074  AF:0D93  SP:7FF1  PC:004C   
0037  23        INX H       (2)  BC:0000  DE:0000  HL:0074  AF:0D93  SP:7FF3  PC:0037   
0038  C3 2D 00  JMP 002D    (2)  BC:0000  DE:0000  HL:0075  AF:0D93  SP:7FF3  PC:0038   
002D  7E        MOV A,M     (2)  BC:0000  DE:0000  HL:0075  AF:0D93  SP:7FF3  PC:002D   
002E  FE 24     CPI 24      (2)  BC:0000  DE:0000  HL:0075  AF:0A93  SP:7FF3  PC:002E   
0030  CA 3B 00  JZ 003B     (2)  BC:0000  DE:0000  HL:0075  AF:0A93  SP:7FF3  PC:0030   
0033  7E        MOV A,M     (2)  BC:0000  DE:0000  HL:0075  AF:0A93  SP:7FF3  PC:0033   
0034  CD 40 00  CALL 0040   (2)  BC:0000  DE:0000  HL:0075  AF:0A93  SP:7FF3  PC:0034   
0040  C5        PUSH B      (3)  BC:0000  DE:0000  HL:0075  AF:0A93  SP:7FF1  PC:0040   
0041  D5        PUSH D      (3)  BC:0000  DE:0000  HL:0075  AF:0A93  SP:7FEF  PC:0041   
0042  E5        PUSH H      (3)  BC:0000  DE:0000  HL:0075  AF:0A93  SP:7FED  PC:0042   
0043  F5        PUSH PSW    (3)  BC:0000  DE:0000  HL:0075  AF:0A93  SP:7FEB  PC:0043   
0044  4F        MOV C,A     (3)  BC:0000  DE:0000  HL:0075  AF:0A93  SP:7FE9  PC:0044   
0045  CD 37 C0  CALL C037   (3)  BC:000A  DE:0000  HL:0075  AF:0A93  SP:7FE9  PC:0045   
0048  F1        POP PSW     (3)  BC:000A  DE:0000  HL:0075  AF:0A93  SP:7FE9  PC:0048   
0049  E1        POP H       (3)  BC:000A  DE:0000  HL:0075  AF:0A93  SP:7FEB  PC:0049   
004A  D1        POP D       (3)  BC:000A  DE:0000  HL:0075  AF:0A93  SP:7FED  PC:004A   
004B  C1        POP B       (3)  BC:000A  DE:0000  HL:0075  AF:0A93  SP:7FEF  PC:004B   
004C  C9        RET         (3)  BC:0000  DE:0000  HL:0075  AF:0A93  SP:7FF1  PC:004C   
0037  23        INX H       (2)  BC:0000  DE:0000  HL:0075  AF:0A93  SP:7FF3  PC:0037   
0038  C3 2D 00  JMP 002D    (2)  BC:0000  DE:0000  HL:0076  AF:0A93  SP:7FF3  PC:0038   
002D  7E        MOV A,M     (2)  BC:0000  DE:0000  HL:0076  AF:0A93  SP:7FF3  PC:002D   
002E  FE 24     CPI 24      (2)  BC:0000  DE:0000  HL:0076  AF:3893  SP:7FF3  PC:002E   
0030  CA 3B 00  JZ 003B     (2)  BC:0000  DE:0000  HL:0076  AF:3816  SP:7FF3  PC:0030   
0033  7E        MOV A,M     (2)  BC:0000  DE:0000  HL:0076  AF:3816  SP:7FF3  PC:0033   
0034  CD 40 00  CALL 0040   (2)  BC:0000  DE:0000  HL:0076  AF:3816  SP:7FF3  PC:0034   
0040  C5        PUSH B      (3)  BC:0000  DE:0000  HL:0076  AF:3816  SP:7FF1  PC:0040   
0041  D5        PUSH D      (3)  BC:0000  DE:0000  HL:0076  AF:3816  SP:7FEF  PC:0041   
0042  E5        PUSH H      (3)  BC:0000  DE:0000  HL:0076  AF:3816  SP:7FED  PC:0042   
0043  F5        PUSH PSW    (3)  BC:0000  DE:0000  HL:0076  AF:3816  SP:7FEB  PC:0043   
0044  4F        MOV C,A     (3)  BC:0000  DE:0000  HL:0076  AF:3816  SP:7FE9  PC:0044   
0045  CD 37 C0  CALL C037   (3)  BC:0038  DE:0000  HL:0076  AF:3816  SP:7FE9  PC:0045   
0048  F1        POP PSW     (3)  BC:0038  DE:0000  HL:0076  AF:3816  SP:7FE9  PC:0048   
0049  E1        POP H       (3)  BC:0038  DE:0000  HL:0076  AF:3816  SP:7FEB  PC:0049   
004A  D1        POP D       (3)  BC:0038  DE:0000  HL:0076  AF:3816  SP:7FED  PC:004A   
004B  C1        POP B       (3)  BC:0038  DE:0000  HL:0076  AF:3816  SP:7FEF  PC:004B   
004C  C9        RET         (3)  BC:0000  DE:0000  HL:0076  AF:3816  SP:7FF1  PC:004C   
0037  23        INX H       (2)  BC:0000  DE:0000  HL:0076  AF:3816  SP:7FF3  PC:0037   
0038  C3 2D 00  JMP 002D    (2)  BC:0000  DE:0000  HL:0077  AF:3816  SP:7FF3  PC:0038   
002D  7E        MOV A,M     (2)  BC:0000  DE:0000  HL:0077  AF:3816  SP:7FF3  PC:002D   
002E  FE 24     CPI 24      (2)  BC:0000  DE:0000  HL:0077  AF:3016  SP:7FF3  PC:002E   
0030  CA 3B 00  JZ 003B     (2)  BC:0000  DE:0000  HL:0077  AF:3006  SP:7FF3  PC:0030   
0033  7E        MOV A,M     (2)  BC:0000  DE:0000  HL:0077  AF:3006  SP:7FF3  PC:0033   
0034  CD 40 00  CALL 0040   (2)  BC:0000  DE:0000  HL:0077  AF:3006  SP:7FF3  PC:0034   
0040  C5        PUSH B      (3)  BC:0000  DE:0000  HL:0077  AF:3006  SP:7FF1  PC:0040   
0041  D5        PUSH D      (3)  BC:0000  DE:0000  HL:0077  AF:3006  SP:7FEF  PC:0041   
0042  E5        PUSH H      (3)  BC:0000  DE:0000  HL:0077  AF:3006  SP:7FED  PC:0042   
0043  F5        PUSH PSW    (3)  BC:0000  DE:0000  HL:0077  AF:3006  SP:7FEB  PC:0043   
0044  4F        MOV C,A     (3)  BC:0000  DE:0000  HL:0077  AF:3006  SP:7FE9  PC:0044   
0045  CD 37 C0  CALL C037   (3)  BC:0030  DE:0000  HL:0077  AF:3006  SP:7FE9  PC:0045   
0048  F1        POP PSW     (3)  BC:0030  DE:0000  HL:0077  AF:3006  SP:7FE9  PC:0048   
0049  E1        POP H       (3)  BC:0030  DE:0000  HL:0077  AF:3006  SP:7FEB  PC:0049   
004A  D1        POP D       (3)  BC:0030  DE:0000  HL:0077  AF:3006  SP:7FED  PC:004A   
004B  C1        POP B       (3)  BC:0030  DE:0000  HL:0077  AF:3006  SP:7FEF  PC:004B   
004C  C9        RET         (3)  BC:0000  DE:0000  HL:0077  AF:3006  SP:7FF1  PC:004C   
0037  23        INX H       (2)  BC:0000  DE:0000  HL:0077  AF:3006  SP:7FF3  PC:0037   
0038  C3 2D 00  JMP 002D    (2)  BC:0000  DE:0000  HL:0078  AF:3006  SP:7FF3  PC:0038   
002D  7E        MOV A,M     (2)  BC:0000  DE:0000  HL:0078  AF:3006  SP:7FF3  PC:002D   
002E  FE 24     CPI 24      (2)  BC:0000  DE:0000  HL:0078  AF:3806  SP:7FF3  PC:002E   
0030  CA 3B 00  JZ 003B     (2)  BC:0000  DE:0000  HL:0078  AF:3816  SP:7FF3  PC:0030   
0033  7E        MOV A,M     (2)  BC:0000  DE:0000  HL:0078  AF:3816  SP:7FF3  PC:0033   
0034  CD 40 00  CALL 0040   (2)  BC:0000  DE:0000  HL:0078  AF:3816  SP:7FF3  PC:0034   
0040  C5        PUSH B      (3)  BC:0000  DE:0000  HL:0078  AF:3816  SP:7FF1  PC:0040   
0041  D5        PUSH D      (3)  BC:0000  DE:0000  HL:0078  AF:3816  SP:7FEF  PC:0041   
0042  E5        PUSH H      (3)  BC:0000  DE:0000  HL:0078  AF:3816  SP:7FED  PC:0042   
0043  F5        PUSH PSW    (3)  BC:0000  DE:0000  HL:0078  AF:3816  SP:7FEB  PC:0043   
0044  4F        MOV C,A     (3)  BC:0000  DE:0000  HL:0078  AF:3816  SP:7FE9  PC:0044   
0045  CD 37 C0  CALL C037   (3)  BC:0038  DE:0000  HL:0078  AF:3816  SP:7FE9  PC:0045   
0048  F1        POP PSW     (3)  BC:0038  DE:0000  HL:0078  AF:3816  SP:7FE9  PC:0048   
0049  E1        POP H       (3)  BC:0038  DE:0000  HL:0078  AF:3816  SP:7FEB  PC:0049   
004A  D1        POP D       (3)  BC:0038  DE:0000  HL:0078  AF:3816  SP:7FED  PC:004A   
004B  C1        POP B       (3)  BC:0038  DE:0000  HL:0078  AF:3816  SP:7FEF  PC:004B   
004C  C9        RET         (3)  BC:0000  DE:0000  HL:0078  AF:3816  SP:7FF1  PC:004C   
0037  23        INX H       (2)  BC:0000  DE:0000  HL:0078  AF:3816  SP:7FF3  PC:0037   
0038  C3 2D 00  JMP 002D    (2)  BC:0000  DE:0000  HL:0079  AF:3816  SP:7FF3  PC:0038   
002D  7E        MOV A,M     (2)  BC:0000  DE:0000  HL:0079  AF:3816  SP:7FF3  PC:002D   
002E  FE 24     CPI 24      (2)  BC:0000  DE:0000  HL:0079  AF:3016  SP:7FF3  PC:002E   
0030  CA 3B 00  JZ 003B     (2)  BC:0000  DE:0000  HL:0079  AF:3006  SP:7FF3  PC:0030   
0033  7E        MOV A,M     (2)  BC:0000  DE:0000  HL:0079  AF:3006  SP:7FF3  PC:0033   
0034  CD 40 00  CALL 0040   (2)  BC:0000  DE:0000  HL:0079  AF:3006  SP:7FF3  PC:0034   
0040  C5        PUSH B      (3)  BC:0000  DE:0000  HL:0079  AF:3006  SP:7FF1  PC:0040   
0041  D5        PUSH D      (3)  BC:0000  DE:0000  HL:0079  AF:3006  SP:7FEF  PC:0041   
0042  E5        PUSH H      (3)  BC:0000  DE:0000  HL:0079  AF:3006  SP:7FED  PC:0042   
0043  F5        PUSH PSW    (3)  BC:0000  DE:0000  HL:0079  AF:3006  SP:7FEB  PC:0043   
0044  4F        MOV C,A     (3)  BC:0000  DE:0000  HL:0079  AF:3006  SP:7FE9  PC:0044   
0045  CD 37 C0  CALL C037   (3)  BC:0030  DE:0000  HL:0079  AF:3006  SP:7FE9  PC:0045   
0048  F1        POP PSW     (3)  BC:0030  DE:0000  HL:0079  AF:3006  SP:7FE9  PC:0048   
0049  E1        POP H       (3)  BC:0030  DE:0000  HL:0079  AF:3006  SP:7FEB  PC:0049   
004A  D1        POP D       (3)  BC:0030  DE:0000  HL:0079  AF:3006  SP:7FED  PC:004A   
004B  C1        POP B       (3)  BC:0030  DE:0000  HL:0079  AF:3006  SP:7FEF  PC:004B   
004C  C9        RET         (3)  BC:0000  DE:0000  HL:0079  AF:3006  SP:7FF1  PC:004C   
0037  23        INX H       (2)  BC:0000  DE:0000  HL:0079  AF:3006  SP:7FF3  PC:0037   
0038  C3 2D 00  JMP 002D    (2)  BC:0000  DE:0000  HL:007A  AF:3006  SP:7FF3  PC:0038   
002D  7E        MOV A,M     (2)  BC:0000  DE:0000  HL:007A  AF:3006  SP:7FF3  PC:002D   
002E  FE 24     CPI 24      (2)  BC:0000  DE:0000  HL:007A  AF:2006  SP:7FF3  PC:002E   
0030  CA 3B 00  JZ 003B     (2)  BC:0000  DE:0000  HL:007A  AF:2087  SP:7FF3  PC:0030   
0033  7E        MOV A,M     (2)  BC:0000  DE:0000  HL:007A  AF:2087  SP:7FF3  PC:0033   
0034  CD 40 00  CALL 0040   (2)  BC:0000  DE:0000  HL:007A  AF:2087  SP:7FF3  PC:0034   
0040  C5        PUSH B      (3)  BC:0000  DE:0000  HL:007A  AF:2087  SP:7FF1  PC:0040   
0041  D5        PUSH D      (3)  BC:0000  DE:0000  HL:007A  AF:2087  SP:7FEF  PC:0041   
0042  E5        PUSH H      (3)  BC:0000  DE:0000  HL:007A  AF:2087  SP:7FED  PC:0042   
0043  F5        PUSH PSW    (3)  BC:0000  DE:0000  HL:007A  AF:2087  SP:7FEB  PC:0043   
0044  4F        MOV C,A     (3)  BC:0000  DE:0000  HL:007A  AF:2087  SP:7FE9  PC:0044   
0045  CD 37 C0  CALL C037   (3)  BC:0020  DE:0000  HL:007A  AF:2087  SP:7FE9  PC:0045   
0048  F1        POP PSW     (3)  BC:0020  DE:0000  HL:007A  AF:2087  SP:7FE9  PC:0048   
0049  E1        POP H       (3)  BC:0020  DE:0000  HL:007A  AF:2087  SP:7FEB  PC:0049   
004A  D1        POP D       (3)  BC:0020  DE:0000  HL:007A  AF:2087  SP:7FED  PC:004A   
004B  C1        POP B       (3)  BC:0020  DE:0000  HL:007A  AF:2087  SP:7FEF  PC:004B   
004C  C9        RET         (3)  BC:0000  DE:0000  HL:007A  AF:2087  SP:7FF1  PC:004C   
0037  23        INX H       (2)  BC:0000  DE:0000  HL:007A  AF:2087  SP:7FF3  PC:0037   
0038  C3 2D 00  JMP 002D    (2)  BC:0000  DE:0000  HL:007B  AF:2087  SP:7FF3  PC:0038   
002D  7E        MOV A,M     (2)  BC:0000  DE:0000  HL:007B  AF:2087  SP:7FF3  PC:002D   
002E  FE 24     CPI 24      (2)  BC:0000  DE:0000  HL:007B  AF:4987  SP:7FF3  PC:002E   
0030  CA 3B 00  JZ 003B     (2)  BC:0000  DE:0000  HL:007B  AF:4912  SP:7FF3  PC:0030   
0033  7E        MOV A,M     (2)  BC:0000  DE:0000  HL:007B  AF:4912  SP:7FF3  PC:0033   
0034  CD 40 00  CALL 0040   (2)  BC:0000  DE:0000  HL:007B  AF:4912  SP:7FF3  PC:0034   
0040  C5        PUSH B      (3)  BC:0000  DE:0000  HL:007B  AF:4912  SP:7FF1  PC:0040   
0041  D5        PUSH D      (3)  BC:0000  DE:0000  HL:007B  AF:4912  SP:7FEF  PC:0041   
0042  E5        PUSH H      (3)  BC:0000  DE:0000  HL:007B  AF:4912  SP:7FED  PC:0042   
0043  F5        PUSH PSW    (3)  BC:0000  DE:0000  HL:007B  AF:4912  SP:7FEB  PC:0043   
0044  4F        MOV C,A     (3)  BC:0000  DE:0000  HL:007B  AF:4912  SP:7FE9  PC:0044   
0045  CD 37 C0  CALL C037   (3)  BC:0049  DE:0000  HL:007B  AF:4912  SP:7FE9  PC:0045   
0048  F1        POP PSW     (3)  BC:0049  DE:0000  HL:007B  AF:4912  SP:7FE9  PC:0048   
0049  E1        POP H       (3)  BC:0049  DE:0000  HL:007B  AF:4912  SP:7FEB  PC:0049   
004A  D1        POP D       (3)  BC:0049  DE:0000  HL:007B  AF:4912  SP:7FED  PC:004A   
004B  C1        POP B       (3)  BC:0049  DE:0000  HL:007B  AF:4912  SP:7FEF  PC:004B   
004C  C9        RET         (3)  BC:0000  DE:0000  HL:007B  AF:4912  SP:7FF1  PC:004C   
0037  23        INX H       (2)  BC:0000  DE:0000  HL:007B  AF:4912  SP:7FF3  PC:0037   
0038  C3 2D 00  JMP 002D    (2)  BC:0000  DE:0000  HL:007C  AF:4912  SP:7FF3  PC:0038   
002D  7E        MOV A,M     (2)  BC:0000  DE:0000  HL:007C  AF:4912  SP:7FF3  PC:002D   
002E  FE 24     CPI 24      (2)  BC:0000  DE:0000  HL:007C  AF:4E12  SP:7FF3  PC:002E   
0030  CA 3B 00  JZ 003B     (2)  BC:0000  DE:0000  HL:007C  AF:4E12  SP:7FF3  PC:0030   
0033  7E        MOV A,M     (2)  BC:0000  DE:0000  HL:007C  AF:4E12  SP:7FF3  PC:0033   
0034  CD 40 00  CALL 0040   (2)  BC:0000  DE:0000  HL:007C  AF:4E12  SP:7FF3  PC:0034   
0040  C5        PUSH B      (3)  BC:0000  DE:0000  HL:007C  AF:4E12  SP:7FF1  PC:0040   
0041  D5        PUSH D      (3)  BC:0000  DE:0000  HL:007C  AF:4E12  SP:7FEF  PC:0041   
0042  E5        PUSH H      (3)  BC:0000  DE:0000  HL:007C  AF:4E12  SP:7FED  PC:0042   
0043  F5        PUSH PSW    (3)  BC:0000  DE:0000  HL:007C  AF:4E12  SP:7FEB  PC:0043   
0044  4F        MOV C,A     (3)  BC:0000  DE:0000  HL:007C  AF:4E12  SP:7FE9  PC:0044   
0045  CD 37 C0  CALL C037   (3)  BC:004E  DE:0000  HL:007C  AF:4E12  SP:7FE9  PC:0045   
0048  F1        POP PSW     (3)  BC:004E  DE:0000  HL:007C  AF:4E12  SP:7FE9  PC:0048   
0049  E1        POP H       (3)  BC:004E  DE:0000  HL:007C  AF:4E12  SP:7FEB  PC:0049   
004A  D1        POP D       (3)  BC:004E  DE:0000  HL:007C  AF:4E12  SP:7FED  PC:004A   
004B  C1        POP B       (3)  BC:004E  DE:0000  HL:007C  AF:4E12  SP:7FEF  PC:004B   
004C  C9        RET         (3)  BC:0000  DE:0000  HL:007C  AF:4E12  SP:7FF1  PC:004C   
0037  23        INX H       (2)  BC:0000  DE:0000  HL:007C  AF:4E12  SP:7FF3  PC:0037   
0038  C3 2D 00  JMP 002D    (2)  BC:0000  DE:0000  HL:007D  AF:4E12  SP:7FF3  PC:0038   
002D  7E        MOV A,M     (2)  BC:0000  DE:0000  HL:007D  AF:4E12  SP:7FF3  PC:002D   
002E  FE 24     CPI 24      (2)  BC:0000  DE:0000  HL:007D  AF:5312  SP:7FF3  PC:002E   
0030  CA 3B 00  JZ 003B     (2)  BC:0000  DE:0000  HL:007D  AF:5302  SP:7FF3  PC:0030   
0033  7E        MOV A,M     (2)  BC:0000  DE:0000  HL:007D  AF:5302  SP:7FF3  PC:0033   
0034  CD 40 00  CALL 0040   (2)  BC:0000  DE:0000  HL:007D  AF:5302  SP:7FF3  PC:0034   
0040  C5        PUSH B      (3)  BC:0000  DE:0000  HL:007D  AF:5302  SP:7FF1  PC:0040   
0041  D5        PUSH D      (3)  BC:0000  DE:0000  HL:007D  AF:5302  SP:7FEF  PC:0041   
0042  E5        PUSH H      (3)  BC:0000  DE:0000  HL:007D  AF:5302  SP:7FED  PC:0042   
0043  F5        PUSH PSW    (3)  BC:0000  DE:0000  HL:007D  AF:5302  SP:7FEB  PC:0043   
0044  4F        MOV C,A     (3)  BC:0000  DE:0000  HL:007D  AF:5302  SP:7FE9  PC:0044   
0045  CD 37 C0  CALL C037   (3)  BC:0053  DE:0000  HL:007D  AF:5302  SP:7FE9  PC:0045   
0048  F1        POP PSW     (3)  BC:0053  DE:0000  HL:007D  AF:5302  SP:7FE9  PC:0048   
0049  E1        POP H       (3)  BC:0053  DE:0000  HL:007D  AF:5302  SP:7FEB  PC:0049   
004A  D1        POP D       (3)  BC:0053  DE:0000  HL:007D  AF:5302  SP:7FED  PC:004A   
004B  C1        POP B       (3)  BC:0053  DE:0000  HL:007D  AF:5302  SP:7FEF  PC:004B   
004C  C9        RET         (3)  BC:0000  DE:0000  HL:007D  AF:5302  SP:7FF1  PC:004C   
0037  23        INX H       (2)  BC:0000  DE:0000  HL:007D  AF:5302  SP:7FF3  PC:0037   
0038  C3 2D 00  JMP 002D    (2)  BC:0000  DE:0000  HL:007E  AF:5302  SP:7FF3  PC:0038   
002D  7E        MOV A,M     (2)  BC:0000  DE:0000  HL:007E  AF:5302  SP:7FF3  PC:002D   
002E  FE 24     CPI 24      (2)  BC:0000  DE:0000  HL:007E  AF:5402  SP:7FF3  PC:002E   
0030  CA 3B 00  JZ 003B     (2)  BC:0000  DE:0000  HL:007E  AF:5416  SP:7FF3  PC:0030   
0033  7E        MOV A,M     (2)  BC:0000  DE:0000  HL:007E  AF:5416  SP:7FF3  PC:0033   
0034  CD 40 00  CALL 0040   (2)  BC:0000  DE:0000  HL:007E  AF:5416  SP:7FF3  PC:0034   
0040  C5        PUSH B      (3)  BC:0000  DE:0000  HL:007E  AF:5416  SP:7FF1  PC:0040   
0041  D5        PUSH D      (3)  BC:0000  DE:0000  HL:007E  AF:5416  SP:7FEF  PC:0041   
0042  E5        PUSH H      (3)  BC:0000  DE:0000  HL:007E  AF:5416  SP:7FED  PC:0042   
0043  F5        PUSH PSW    (3)  BC:0000  DE:0000  HL:007E  AF:5416  SP:7FEB  PC:0043   
0044  4F        MOV C,A     (3)  BC:0000  DE:0000  HL:007E  AF:5416  SP:7FE9  PC:0044   
0045  CD 37 C0  CALL C037   (3)  BC:0054  DE:0000  HL:007E  AF:5416  SP:7FE9  PC:0045   
0048  F1        POP PSW     (3)  BC:0054  DE:0000  HL:007E  AF:5416  SP:7FE9  PC:0048   
0049  E1        POP H       (3)  BC:0054  DE:0000  HL:007E  AF:5416  SP:7FEB  PC:0049   
004A  D1        POP D       (3)  BC:0054  DE:0000  HL:007E  AF:5416  SP:7FED  PC:004A   
004B  C1        POP B       (3)  BC:0054  DE:0000  HL:007E  AF:5416  SP:7FEF  PC:004B   
004C  C9        RET         (3)  BC:0000  DE:0000  HL:007E  AF:5416  SP:7FF1  PC:004C   
0037  23        INX H       (2)  BC:0000  DE:0000  HL:007E  AF:5416  SP:7FF3  PC:0037   
0038  C3 2D 00  JMP 002D    (2)  BC:0000  DE:0000  HL:007F  AF:5416  SP:7FF3  PC:0038   
002D  7E        MOV A,M     (2)  BC:0000  DE:0000  HL:007F  AF:5416  SP:7FF3  PC:002D   
002E  FE 24     CPI 24      (2)  BC:0000  DE:0000  HL:007F  AF:5216  SP:7FF3  PC:002E   
0030  CA 3B 00  JZ 003B     (2)  BC:0000  DE:0000  HL:007F  AF:5206  SP:7FF3  PC:0030   
0033  7E        MOV A,M     (2)  BC:0000  DE:0000  HL:007F  AF:5206  SP:7FF3  PC:0033   
0034  CD 40 00  CALL 0040   (2)  BC:0000  DE:0000  HL:007F  AF:5206  SP:7FF3  PC:0034   
0040  C5        PUSH B      (3)  BC:0000  DE:0000  HL:007F  AF:5206  SP:7FF1  PC:0040   
0041  D5        PUSH D      (3)  BC:0000  DE:0000  HL:007F  AF:5206  SP:7FEF  PC:0041   
0042  E5        PUSH H      (3)  BC:0000  DE:0000  HL:007F  AF:5206  SP:7FED  PC:0042   
0043  F5        PUSH PSW    (3)  BC:0000  DE:0000  HL:007F  AF:5206  SP:7FEB  PC:0043   
0044  4F        MOV C,A     (3)  BC:0000  DE:0000  HL:007F  AF:5206  SP:7FE9  PC:0044   
0045  CD 37 C0  CALL C037   (3)  BC:0052  DE:0000  HL:007F  AF:5206  SP:7FE9  PC:0045   
0048  F1        POP PSW     (3)  BC:0052  DE:0000  HL:007F  AF:5206  SP:7FE9  PC:0048   
0049  E1        POP H       (3)  BC:0052  DE:0000  HL:007F  AF:5206  SP:7FEB  PC:0049   
004A  D1        POP D       (3)  BC:0052  DE:0000  HL:007F  AF:5206  SP:7FED  PC:004A   
004B  C1        POP B       (3)  BC:0052  DE:0000  HL:007F  AF:5206  SP:7FEF  PC:004B   
004C  C9        RET         (3)  BC:0000  DE:0000  HL:007F  AF:5206  SP:7FF1  PC:004C   
0037  23        INX H       (2)  BC:0000  DE:0000  HL:007F  AF:5206  SP:7FF3  PC:0037   
0038  C3 2D 00  JMP 002D    (2)  BC:0000  DE:0000  HL:0080  AF:5206  SP:7FF3  PC:0038   
002D  7E        MOV A,M     (2)  BC:0000  DE:0000  HL:0080  AF:5206  SP:7FF3  PC:002D   
002E  FE 24     CPI 24      (2)  BC:0000  DE:0000  HL:0080  AF:5506  SP:7FF3  PC:002E   
0030  CA 3B 00  JZ 003B     (2)  BC:0000  DE:0000  HL:0080  AF:5512  SP:7FF3  PC:0030   
0033  7E        MOV A,M     (2)  BC:0000  DE:0000  HL:0080  AF:5512  SP:7FF3  PC:0033   
0034  CD 40 00  CALL 0040   (2)  BC:0000  DE:0000  HL:0080  AF:5512  SP:7FF3  PC:0034   
0040  C5        PUSH B      (3)  BC:0000  DE:0000  HL:0080  AF:5512  SP:7FF1  PC:0040   
0041  D5        PUSH D      (3)  BC:0000  DE:0000  HL:0080  AF:5512  SP:7FEF  PC:0041   
0042  E5        PUSH H      (3)  BC:0000  DE:0000  HL:0080  AF:5512  SP:7FED  PC:0042   
0043  F5        PUSH PSW    (3)  BC:0000  DE:0000  HL:0080  AF:5512  SP:7FEB  PC:0043   
0044  4F        MOV C,A     (3)  BC:0000  DE:0000  HL:0080  AF:5512  SP:7FE9  PC:0044   
0045  CD 37 C0  CALL C037   (3)  BC:0055  DE:0000  HL:0080  AF:5512  SP:7FE9  PC:0045   
0048  F1        POP PSW     (3)  BC:0055  DE:0000  HL:0080  AF:5512  SP:7FE9  PC:0048   
0049  E1        POP H       (3)  BC:0055  DE:0000  HL:0080  AF:5512  SP:7FEB  PC:0049   
004A  D1        POP D       (3)  BC:0055  DE:0000  HL:0080  AF:5512  SP:7FED  PC:004A   
004B  C1        POP B       (3)  BC:0055  DE:0000  HL:0080  AF:5512  SP:7FEF  PC:004B   
004C  C9        RET         (3)  BC:0000  DE:0000  HL:0080  AF:5512  SP:7FF1  PC:004C   
0037  23        INX H       (2)  BC:0000  DE:0000  HL:0080  AF:5512  SP:7FF3  PC:0037   
0038  C3 2D 00  JMP 002D    (2)  BC:0000  DE:0000  HL:0081  AF:5512  SP:7FF3  PC:0038   
002D  7E        MOV A,M     (2)  BC:0000  DE:0000  HL:0081  AF:5512  SP:7FF3  PC:002D   
002E  FE 24     CPI 24      (2)  BC:0000  DE:0000  HL:0081  AF:4312  SP:7FF3  PC:002E   
0030  CA 3B 00  JZ 003B     (2)  BC:0000  DE:0000  HL:0081  AF:4302  SP:7FF3  PC:0030   
0033  7E        MOV A,M     (2)  BC:0000  DE:0000  HL:0081  AF:4302  SP:7FF3  PC:0033   
0034  CD 40 00  CALL 0040   (2)  BC:0000  DE:0000  HL:0081  AF:4302  SP:7FF3  PC:0034   
0040  C5        PUSH B      (3)  BC:0000  DE:0000  HL:0081  AF:4302  SP:7FF1  PC:0040   
0041  D5        PUSH D      (3)  BC:0000  DE:0000  HL:0081  AF:4302  SP:7FEF  PC:0041   
0042  E5        PUSH H      (3)  BC:0000  DE:0000  HL:0081  AF:4302  SP:7FED  PC:0042   
0043  F5        PUSH PSW    (3)  BC:0000  DE:0000  HL:0081  AF:4302  SP:7FEB  PC:0043   
0044  4F        MOV C,A     (3)  BC:0000  DE:0000  HL:0081  AF:4302  SP:7FE9  PC:0044   
0045  CD 37 C0  CALL C037   (3)  BC:0043  DE:0000  HL:0081  AF:4302  SP:7FE9  PC:0045   
0048  F1        POP PSW     (3)  BC:0043  DE:0000  HL:0081  AF:4302  SP:7FE9  PC:0048   
0049  E1        POP H       (3)  BC:0043  DE:0000  HL:0081  AF:4302  SP:7FEB  PC:0049   
004A  D1        POP D       (3)  BC:0043  DE:0000  HL:0081  AF:4302  SP:7FED  PC:004A   
004B  C1        POP B       (3)  BC:0043  DE:0000  HL:0081  AF:4302  SP:7FEF  PC:004B   
004C  C9        RET         (3)  BC:0000  DE:0000  HL:0081  AF:4302  SP:7FF1  PC:004C   
0037  23        INX H       (2)  BC:0000  DE:0000  HL:0081  AF:4302  SP:7FF3  PC:0037   
0038  C3 2D 00  JMP 002D    (2)  BC:0000  DE:0000  HL:0082  AF:4302  SP:7FF3  PC:0038   
002D  7E        MOV A,M     (2)  BC:0000  DE:0000  HL:0082  AF:4302  SP:7FF3  PC:002D   
002E  FE 24     CPI 24      (2)  BC:0000  DE:0000  HL:0082  AF:5402  SP:7FF3  PC:002E   
0030  CA 3B 00  JZ 003B     (2)  BC:0000  DE:0000  HL:0082  AF:5416  SP:7FF3  PC:0030   
0033  7E        MOV A,M     (2)  BC:0000  DE:0000  HL:0082  AF:5416  SP:7FF3  PC:0033   
0034  CD 40 00  CALL 0040   (2)  BC:0000  DE:0000  HL:0082  AF:5416  SP:7FF3  PC:0034   
0040  C5        PUSH B      (3)  BC:0000  DE:0000  HL:0082  AF:5416  SP:7FF1  PC:0040   
0041  D5        PUSH D      (3)  BC:0000  DE:0000  HL:0082  AF:5416  SP:7FEF  PC:0041   
0042  E5        PUSH H      (3)  BC:0000  DE:0000  HL:0082  AF:5416  SP:7FED  PC:0042   
0043  F5        PUSH PSW    (3)  BC:0000  DE:0000  HL:0082  AF:5416  SP:7FEB  PC:0043   
0044  4F        MOV C,A     (3)  BC:0000  DE:0000  HL:0082  AF:5416  SP:7FE9  PC:0044   
0045  CD 37 C0  CALL C037   (3)  BC:0054  DE:0000  HL:0082  AF:5416  SP:7FE9  PC:0045   
0048  F1        POP PSW     (3)  BC:0054  DE:0000  HL:0082  AF:5416  SP:7FE9  PC:0048   
0049  E1        POP H       (3)  BC:0054  DE:0000  HL:0082  AF:5416  SP:7FEB  PC:0049   
004A  D1        POP D       (3)  BC:0054  DE:0000  HL:0082  AF:5416  SP:7FED  PC:004A   
004B  C1        POP B       (3)  BC:0054  DE:0000  HL:0082  AF:5416  SP:7FEF  PC:004B   
004C  C9        RET         (3)  BC:0000  DE:0000  HL:0082  AF:5416  SP:7FF1  PC:004C   
0037  23        INX H       (2)  BC:0000  DE:0000  HL:0082  AF:5416  SP:7FF3  PC:0037   
0038  C3 2D 00  JMP 002D    (2)  BC:0000  DE:0000  HL:0083  AF:5416  SP:7FF3  PC:0038   
002D  7E        MOV A,M     (2)  BC:0000  DE:0000  HL:0083  AF:5416  SP:7FF3  PC:002D   
002E  FE 24     CPI 24      (2)  BC:0000  DE:0000  HL:0083  AF:4916  SP:7FF3  PC:002E   
0030  CA 3B 00  JZ 003B     (2)  BC:0000  DE:0000  HL:0083  AF:4912  SP:7FF3  PC:0030   
0033  7E        MOV A,M     (2)  BC:0000  DE:0000  HL:0083  AF:4912  SP:7FF3  PC:0033   
0034  CD 40 00  CALL 0040   (2)  BC:0000  DE:0000  HL:0083  AF:4912  SP:7FF3  PC:0034   
0040  C5        PUSH B      (3)  BC:0000  DE:0000  HL:0083  AF:4912  SP:7FF1  PC:0040   
0041  D5        PUSH D      (3)  BC:0000  DE:0000  HL:0083  AF:4912  SP:7FEF  PC:0041   
0042  E5        PUSH H      (3)  BC:0000  DE:0000  HL:0083  AF:4912  SP:7FED  PC:0042   
0043  F5        PUSH PSW    (3)  BC:0000  DE:0000  HL:0083  AF:4912  SP:7FEB  PC:0043   
0044  4F        MOV C,A     (3)  BC:0000  DE:0000  HL:0083  AF:4912  SP:7FE9  PC:0044   
0045  CD 37 C0  CALL C037   (3)  BC:0049  DE:0000  HL:0083  AF:4912  SP:7FE9  PC:0045   
0048  F1        POP PSW     (3)  BC:0049  DE:0000  HL:0083  AF:4912  SP:7FE9  PC:0048   
0049  E1        POP H       (3)  BC:0049  DE:0000  HL:0083  AF:4912  SP:7FEB  PC:0049   
004A  D1        POP D       (3)  BC:0049  DE:0000  HL:0083  AF:4912  SP:7FED  PC:004A   
004B  C1        POP B       (3)  BC:0049  DE:0000  HL:0083  AF:4912  SP:7FEF  PC:004B   
004C  C9        RET         (3)  BC:0000  DE:0000  HL:0083  AF:4912  SP:7FF1  PC:004C   
0037  23        INX H       (2)  BC:0000  DE:0000  HL:0083  AF:4912  SP:7FF3  PC:0037   
0038  C3 2D 00  JMP 002D    (2)  BC:0000  DE:0000  HL:0084  AF:4912  SP:7FF3  PC:0038   
002D  7E        MOV A,M     (2)  BC:0000  DE:0000  HL:0084  AF:4912  SP:7FF3  PC:002D   
002E  FE 24     CPI 24      (2)  BC:0000  DE:0000  HL:0084  AF:4F12  SP:7FF3  PC:002E   
0030  CA 3B 00  JZ 003B     (2)  BC:0000  DE:0000  HL:0084  AF:4F16  SP:7FF3  PC:0030   
0033  7E        MOV A,M     (2)  BC:0000  DE:0000  HL:0084  AF:4F16  SP:7FF3  PC:0033   
0034  CD 40 00  CALL 0040   (2)  BC:0000  DE:0000  HL:0084  AF:4F16  SP:7FF3  PC:0034   
0040  C5        PUSH B      (3)  BC:0000  DE:0000  HL:0084  AF:4F16  SP:7FF1  PC:0040   
0041  D5        PUSH D      (3)  BC:0000  DE:0000  HL:0084  AF:4F16  SP:7FEF  PC:0041   
0042  E5        PUSH H      (3)  BC:0000  DE:0000  HL:0084  AF:4F16  SP:7FED  PC:0042   
0043  F5        PUSH PSW    (3)  BC:0000  DE:0000  HL:0084  AF:4F16  SP:7FEB  PC:0043   
0044  4F        MOV C,A     (3)  BC:0000  DE:0000  HL:0084  AF:4F16  SP:7FE9  PC:0044   
0045  CD 37 C0  CALL C037   (3)  BC:004F  DE:0000  HL:0084  AF:4F16  SP:7FE9  PC:0045   
0048  F1        POP PSW     (3)  BC:004F  DE:0000  HL:0084  AF:4F16  SP:7FE9  PC:0048   
0049  E1        POP H       (3)  BC:004F  DE:0000  HL:0084  AF:4F16  SP:7FEB  PC:0049   
004A  D1        POP D       (3)  BC:004F  DE:0000  HL:0084  AF:4F16  SP:7FED  PC:004A   
004B  C1        POP B       (3)  BC:004F  DE:0000  HL:0084  AF:4F16  SP:7FEF  PC:004B   
004C  C9        RET         (3)  BC:0000  DE:0000  HL:0084  AF:4F16  SP:7FF1  PC:004C   
0037  23        INX H       (2)  BC:0000  DE:0000  HL:0084  AF:4F16  SP:7FF3  PC:0037   
0038  C3 2D 00  JMP 002D    (2)  BC:0000  DE:0000  HL:0085  AF:4F16  SP:7FF3  PC:0038   
002D  7E        MOV A,M     (2)  BC:0000  DE:0000  HL:0085  AF:4F16  SP:7FF3  PC:002D   
002E  FE 24     CPI 24      (2)  BC:0000  DE:0000  HL:0085  AF:4E16  SP:7FF3  PC:002E   
0030  CA 3B 00  JZ 003B     (2)  BC:0000  DE:0000  HL:0085  AF:4E12  SP:7FF3  PC:0030   
0033  7E        MOV A,M     (2)  BC:0000  DE:0000  HL:0085  AF:4E12  SP:7FF3  PC:0033   
0034  CD 40 00  CALL 0040   (2)  BC:0000  DE:0000  HL:0085  AF:4E12  SP:7FF3  PC:0034   
0040  C5        PUSH B      (3)  BC:0000  DE:0000  HL:0085  AF:4E12  SP:7FF1  PC:0040   
0041  D5        PUSH D      (3)  BC:0000  DE:0000  HL:0085  AF:4E12  SP:7FEF  PC:0041   
0042  E5        PUSH H      (3)  BC:0000  DE:0000  HL:0085  AF:4E12  SP:7FED  PC:0042   
0043  F5        PUSH PSW    (3)  BC:0000  DE:0000  HL:0085  AF:4E12  SP:7FEB  PC:0043   
0044  4F        MOV C,A     (3)  BC:0000  DE:0000  HL:0085  AF:4E12  SP:7FE9  PC:0044   
0045  CD 37 C0  CALL C037   (3)  BC:004E  DE:0000  HL:0085  AF:4E12  SP:7FE9  PC:0045   
0048  F1        POP PSW     (3)  BC:004E  DE:0000  HL:0085  AF:4E12  SP:7FE9  PC:0048   
0049  E1        POP H       (3)  BC:004E  DE:0000  HL:0085  AF:4E12  SP:7FEB  PC:0049   
004A  D1        POP D       (3)  BC:004E  DE:0000  HL:0085  AF:4E12  SP:7FED  PC:004A   
004B  C1        POP B       (3)  BC:004E  DE:0000  HL:0085  AF:4E12  SP:7FEF  PC:004B   
004C  C9        RET         (3)  BC:0000  DE:0000  HL:0085  AF:4E12  SP:7FF1  PC:004C   
0037  23        INX H       (2)  BC:0000  DE:0000  HL:0085  AF:4E12  SP:7FF3  PC:0037   
0038  C3 2D 00  JMP 002D    (2)  BC:0000  DE:0000  HL:0086  AF:4E12  SP:7FF3  PC:0038   
002D  7E        MOV A,M     (2)  BC:0000  DE:0000  HL:0086  AF:4E12  SP:7FF3  PC:002D   
002E  FE 24     CPI 24      (2)  BC:0000  DE:0000  HL:0086  AF:2012  SP:7FF3  PC:002E   
0030  CA 3B 00  JZ 003B     (2)  BC:0000  DE:0000  HL:0086  AF:2087  SP:7FF3  PC:0030   
0033  7E        MOV A,M     (2)  BC:0000  DE:0000  HL:0086  AF:2087  SP:7FF3  PC:0033   
0034  CD 40 00  CALL 0040   (2)  BC:0000  DE:0000  HL:0086  AF:2087  SP:7FF3  PC:0034   
0040  C5        PUSH B      (3)  BC:0000  DE:0000  HL:0086  AF:2087  SP:7FF1  PC:0040   
0041  D5        PUSH D      (3)  BC:0000  DE:0000  HL:0086  AF:2087  SP:7FEF  PC:0041   
0042  E5        PUSH H      (3)  BC:0000  DE:0000  HL:0086  AF:2087  SP:7FED  PC:0042   
0043  F5        PUSH PSW    (3)  BC:0000  DE:0000  HL:0086  AF:2087  SP:7FEB  PC:0043   
0044  4F        MOV C,A     (3)  BC:0000  DE:0000  HL:0086  AF:2087  SP:7FE9  PC:0044   
0045  CD 37 C0  CALL C037   (3)  BC:0020  DE:0000  HL:0086  AF:2087  SP:7FE9  PC:0045   
0048  F1        POP PSW     (3)  BC:0020  DE:0000  HL:0086  AF:2087  SP:7FE9  PC:0048   
0049  E1        POP H       (3)  BC:0020  DE:0000  HL:0086  AF:2087  SP:7FEB  PC:0049   
004A  D1        POP D       (3)  BC:0020  DE:0000  HL:0086  AF:2087  SP:7FED  PC:004A   
004B  C1        POP B       (3)  BC:0020  DE:0000  HL:0086  AF:2087  SP:7FEF  PC:004B   
004C  C9        RET         (3)  BC:0000  DE:0000  HL:0086  AF:2087  SP:7FF1  PC:004C   
0037  23        INX H       (2)  BC:0000  DE:0000  HL:0086  AF:2087  SP:7FF3  PC:0037   
0038  C3 2D 00  JMP 002D    (2)  BC:0000  DE:0000  HL:0087  AF:2087  SP:7FF3  PC:0038   
002D  7E        MOV A,M     (2)  BC:0000  DE:0000  HL:0087  AF:2087  SP:7FF3  PC:002D   
002E  FE 24     CPI 24      (2)  BC:0000  DE:0000  HL:0087  AF:4587  SP:7FF3  PC:002E   
0030  CA 3B 00  JZ 003B     (2)  BC:0000  DE:0000  HL:0087  AF:4516  SP:7FF3  PC:0030   
0033  7E        MOV A,M     (2)  BC:0000  DE:0000  HL:0087  AF:4516  SP:7FF3  PC:0033   
0034  CD 40 00  CALL 0040   (2)  BC:0000  DE:0000  HL:0087  AF:4516  SP:7FF3  PC:0034   
0040  C5        PUSH B      (3)  BC:0000  DE:0000  HL:0087  AF:4516  SP:7FF1  PC:0040   
0041  D5        PUSH D      (3)  BC:0000  DE:0000  HL:0087  AF:4516  SP:7FEF  PC:0041   
0042  E5        PUSH H      (3)  BC:0000  DE:0000  HL:0087  AF:4516  SP:7FED  PC:0042   
0043  F5        PUSH PSW    (3)  BC:0000  DE:0000  HL:0087  AF:4516  SP:7FEB  PC:0043   
0044  4F        MOV C,A     (3)  BC:0000  DE:0000  HL:0087  AF:4516  SP:7FE9  PC:0044   
0045  CD 37 C0  CALL C037   (3)  BC:0045  DE:0000  HL:0087  AF:4516  SP:7FE9  PC:0045   
0048  F1        POP PSW     (3)  BC:0045  DE:0000  HL:0087  AF:4516  SP:7FE9  PC:0048   
0049  E1        POP H       (3)  BC:0045  DE:0000  HL:0087  AF:4516  SP:7FEB  PC:0049   
004A  D1        POP D       (3)  BC:0045  DE:0000  HL:0087  AF:4516  SP:7FED  PC:004A   
004B  C1        POP B       (3)  BC:0045  DE:0000  HL:0087  AF:4516  SP:7FEF  PC:004B   
004C  C9        RET         (3)  BC:0000  DE:0000  HL:0087  AF:4516  SP:7FF1  PC:004C   
0037  23        INX H       (2)  BC:0000  DE:0000  HL:0087  AF:4516  SP:7FF3  PC:0037   
0038  C3 2D 00  JMP 002D    (2)  BC:0000  DE:0000  HL:0088  AF:4516  SP:7FF3  PC:0038   
002D  7E        MOV A,M     (2)  BC:0000  DE:0000  HL:0088  AF:4516  SP:7FF3  PC:002D   
002E  FE 24     CPI 24      (2)  BC:0000  DE:0000  HL:0088  AF:5816  SP:7FF3  PC:002E   
0030  CA 3B 00  JZ 003B     (2)  BC:0000  DE:0000  HL:0088  AF:5812  SP:7FF3  PC:0030   
0033  7E        MOV A,M     (2)  BC:0000  DE:0000  HL:0088  AF:5812  SP:7FF3  PC:0033   
0034  CD 40 00  CALL 0040   (2)  BC:0000  DE:0000  HL:0088  AF:5812  SP:7FF3  PC:0034   
0040  C5        PUSH B      (3)  BC:0000  DE:0000  HL:0088  AF:5812  SP:7FF1  PC:0040   
0041  D5        PUSH D      (3)  BC:0000  DE:0000  HL:0088  AF:5812  SP:7FEF  PC:0041   
0042  E5        PUSH H      (3)  BC:0000  DE:0000  HL:0088  AF:5812  SP:7FED  PC:0042   
0043  F5        PUSH PSW    (3)  BC:0000  DE:0000  HL:0088  AF:5812  SP:7FEB  PC:0043   
0044  4F        MOV C,A     (3)  BC:0000  DE:0000  HL:0088  AF:5812  SP:7FE9  PC:0044   
0045  CD 37 C0  CALL C037   (3)  BC:0058  DE:0000  HL:0088  AF:5812  SP:7FE9  PC:0045   
0048  F1        POP PSW     (3)  BC:0058  DE:0000  HL:0088  AF:5812  SP:7FE9  PC:0048   
0049  E1        POP H       (3)  BC:0058  DE:0000  HL:0088  AF:5812  SP:7FEB  PC:0049   
004A  D1        POP D       (3)  BC:0058  DE:0000  HL:0088  AF:5812  SP:7FED  PC:004A   
004B  C1        POP B       (3)  BC:0058  DE:0000  HL:0088  AF:5812  SP:7FEF  PC:004B   
004C  C9        RET         (3)  BC:0000  DE:0000  HL:0088  AF:5812  SP:7FF1  PC:004C   
0037  23        INX H       (2)  BC:0000  DE:0000  HL:0088  AF:5812  SP:7FF3  PC:0037   
0038  C3 2D 00  JMP 002D    (2)  BC:0000  DE:0000  HL:0089  AF:5812  SP:7FF3  PC:0038   
002D  7E        MOV A,M     (2)  BC:0000  DE:0000  HL:0089  AF:5812  SP:7FF3  PC:002D   
002E  FE 24     CPI 24      (2)  BC:0000  DE:0000  HL:0089  AF:4512  SP:7FF3  PC:002E   
0030  CA 3B 00  JZ 003B     (2)  BC:0000  DE:0000  HL:0089  AF:4516  SP:7FF3  PC:0030   
0033  7E        MOV A,M     (2)  BC:0000  DE:0000  HL:0089  AF:4516  SP:7FF3  PC:0033   
0034  CD 40 00  CALL 0040   (2)  BC:0000  DE:0000  HL:0089  AF:4516  SP:7FF3  PC:0034   
0040  C5        PUSH B      (3)  BC:0000  DE:0000  HL:0089  AF:4516  SP:7FF1  PC:0040   
0041  D5        PUSH D      (3)  BC:0000  DE:0000  HL:0089  AF:4516  SP:7FEF  PC:0041   
0042  E5        PUSH H      (3)  BC:0000  DE:0000  HL:0089  AF:4516  SP:7FED  PC:0042   
0043  F5        PUSH PSW    (3)  BC:0000  DE:0000  HL:0089  AF:4516  SP:7FEB  PC:0043   
0044  4F        MOV C,A     (3)  BC:0000  DE:0000  HL:0089  AF:4516  SP:7FE9  PC:0044   
0045  CD 37 C0  CALL C037   (3)  BC:0045  DE:0000  HL:0089  AF:4516  SP:7FE9  PC:0045   
0048  F1        POP PSW     (3)  BC:0045  DE:0000  HL:0089  AF:4516  SP:7FE9  PC:0048   
0049  E1        POP H       (3)  BC:0045  DE:0000  HL:0089  AF:4516  SP:7FEB  PC:0049   
004A  D1        POP D       (3)  BC:0045  DE:0000  HL:0089  AF:4516  SP:7FED  PC:004A   
004B  C1        POP B       (3)  BC:0045  DE:0000  HL:0089  AF:4516  SP:7FEF  PC:004B   
004C  C9        RET         (3)  BC:0000  DE:0000  HL:0089  AF:4516  SP:7FF1  PC:004C   
0037  23        INX H       (2)  BC:0000  DE:0000  HL:0089  AF:4516  SP:7FF3  PC:0037   
0038  C3 2D 00  JMP 002D    (2)  BC:0000  DE:0000  HL:008A  AF:4516  SP:7FF3  PC:0038   
002D  7E        MOV A,M     (2)  BC:0000  DE:0000  HL:008A  AF:4516  SP:7FF3  PC:002D   
002E  FE 24     CPI 24      (2)  BC:0000  DE:0000  HL:008A  AF:5216  SP:7FF3  PC:002E   
0030  CA 3B 00  JZ 003B     (2)  BC:0000  DE:0000  HL:008A  AF:5206  SP:7FF3  PC:0030   
0033  7E        MOV A,M     (2)  BC:0000  DE:0000  HL:008A  AF:5206  SP:7FF3  PC:0033   
0034  CD 40 00  CALL 0040   (2)  BC:0000  DE:0000  HL:008A  AF:5206  SP:7FF3  PC:0034   
0040  C5        PUSH B      (3)  BC:0000  DE:0000  HL:008A  AF:5206  SP:7FF1  PC:0040   
0041  D5        PUSH D      (3)  BC:0000  DE:0000  HL:008A  AF:5206  SP:7FEF  PC:0041   
0042  E5        PUSH H      (3)  BC:0000  DE:0000  HL:008A  AF:5206  SP:7FED  PC:0042   
0043  F5        PUSH PSW    (3)  BC:0000  DE:0000  HL:008A  AF:5206  SP:7FEB  PC:0043   
0044  4F        MOV C,A     (3)  BC:0000  DE:0000  HL:008A  AF:5206  SP:7FE9  PC:0044   
0045  CD 37 C0  CALL C037   (3)  BC:0052  DE:0000  HL:008A  AF:5206  SP:7FE9  PC:0045   
0048  F1        POP PSW     (3)  BC:0052  DE:0000  HL:008A  AF:5206  SP:7FE9  PC:0048   
0049  E1        POP H       (3)  BC:0052  DE:0000  HL:008A  AF:5206  SP:7FEB  PC:0049   
004A  D1        POP D       (3)  BC:0052  DE:0000  HL:008A  AF:5206  SP:7FED  PC:004A   
004B  C1        POP B       (3)  BC:0052  DE:0000  HL:008A  AF:5206  SP:7FEF  PC:004B   
004C  C9        RET         (3)  BC:0000  DE:0000  HL:008A  AF:5206  SP:7FF1  PC:004C   
0037  23        INX H       (2)  BC:0000  DE:0000  HL:008A  AF:5206  SP:7FF3  PC:0037   
0038  C3 2D 00  JMP 002D    (2)  BC:0000  DE:0000  HL:008B  AF:5206  SP:7FF3  PC:0038   
002D  7E        MOV A,M     (2)  BC:0000  DE:0000  HL:008B  AF:5206  SP:7FF3  PC:002D   
002E  FE 24     CPI 24      (2)  BC:0000  DE:0000  HL:008B  AF:4306  SP:7FF3  PC:002E   
0030  CA 3B 00  JZ 003B     (2)  BC:0000  DE:0000  HL:008B  AF:4302  SP:7FF3  PC:0030   
0033  7E        MOV A,M     (2)  BC:0000  DE:0000  HL:008B  AF:4302  SP:7FF3  PC:0033   
0034  CD 40 00  CALL 0040   (2)  BC:0000  DE:0000  HL:008B  AF:4302  SP:7FF3  PC:0034   
0040  C5        PUSH B      (3)  BC:0000  DE:0000  HL:008B  AF:4302  SP:7FF1  PC:0040   
0041  D5        PUSH D      (3)  BC:0000  DE:0000  HL:008B  AF:4302  SP:7FEF  PC:0041   
0042  E5        PUSH H      (3)  BC:0000  DE:0000  HL:008B  AF:4302  SP:7FED  PC:0042   
0043  F5        PUSH PSW    (3)  BC:0000  DE:0000  HL:008B  AF:4302  SP:7FEB  PC:0043   
0044  4F        MOV C,A     (3)  BC:0000  DE:0000  HL:008B  AF:4302  SP:7FE9  PC:0044   
0045  CD 37 C0  CALL C037   (3)  BC:0043  DE:0000  HL:008B  AF:4302  SP:7FE9  PC:0045   
0048  F1        POP PSW     (3)  BC:0043  DE:0000  HL:008B  AF:4302  SP:7FE9  PC:0048   
0049  E1        POP H       (3)  BC:0043  DE:0000  HL:008B  AF:4302  SP:7FEB  PC:0049   
004A  D1        POP D       (3)  BC:0043  DE:0000  HL:008B  AF:4302  SP:7FED  PC:004A   
004B  C1        POP B       (3)  BC:0043  DE:0000  HL:008B  AF:4302  SP:7FEF  PC:004B   
004C  C9        RET         (3)  BC:0000  DE:0000  HL:008B  AF:4302  SP:7FF1  PC:004C   
0037  23        INX H       (2)  BC:0000  DE:0000  HL:008B  AF:4302  SP:7FF3  PC:0037   
0038  C3 2D 00  JMP 002D    (2)  BC:0000  DE:0000  HL:008C  AF:4302  SP:7FF3  PC:0038   
002D  7E        MOV A,M     (2)  BC:0000  DE:0000  HL:008C  AF:4302  SP:7FF3  PC:002D   
002E  FE 24     CPI 24      (2)  BC:0000  DE:0000  HL:008C  AF:4902  SP:7FF3  PC:002E   
0030  CA 3B 00  JZ 003B     (2)  BC:0000  DE:0000  HL:008C  AF:4912  SP:7FF3  PC:0030   
0033  7E        MOV A,M     (2)  BC:0000  DE:0000  HL:008C  AF:4912  SP:7FF3  PC:0033   
0034  CD 40 00  CALL 0040   (2)  BC:0000  DE:0000  HL:008C  AF:4912  SP:7FF3  PC:0034   
0040  C5        PUSH B      (3)  BC:0000  DE:0000  HL:008C  AF:4912  SP:7FF1  PC:0040   
0041  D5        PUSH D      (3)  BC:0000  DE:0000  HL:008C  AF:4912  SP:7FEF  PC:0041   
0042  E5        PUSH H      (3)  BC:0000  DE:0000  HL:008C  AF:4912  SP:7FED  PC:0042   
0043  F5        PUSH PSW    (3)  BC:0000  DE:0000  HL:008C  AF:4912  SP:7FEB  PC:0043   
0044  4F        MOV C,A     (3)  BC:0000  DE:0000  HL:008C  AF:4912  SP:7FE9  PC:0044   
0045  CD 37 C0  CALL C037   (3)  BC:0049  DE:0000  HL:008C  AF:4912  SP:7FE9  PC:0045   
0048  F1        POP PSW     (3)  BC:0049  DE:0000  HL:008C  AF:4912  SP:7FE9  PC:0048   
0049  E1        POP H       (3)  BC:0049  DE:0000  HL:008C  AF:4912  SP:7FEB  PC:0049   
004A  D1        POP D       (3)  BC:0049  DE:0000  HL:008C  AF:4912  SP:7FED  PC:004A   
004B  C1        POP B       (3)  BC:0049  DE:0000  HL:008C  AF:4912  SP:7FEF  PC:004B   
004C  C9        RET         (3)  BC:0000  DE:0000  HL:008C  AF:4912  SP:7FF1  PC:004C   
0037  23        INX H       (2)  BC:0000  DE:0000  HL:008C  AF:4912  SP:7FF3  PC:0037   
0038  C3 2D 00  JMP 002D    (2)  BC:0000  DE:0000  HL:008D  AF:4912  SP:7FF3  PC:0038   
002D  7E        MOV A,M     (2)  BC:0000  DE:0000  HL:008D  AF:4912  SP:7FF3  PC:002D   
002E  FE 24     CPI 24      (2)  BC:0000  DE:0000  HL:008D  AF:5312  SP:7FF3  PC:002E   
0030  CA 3B 00  JZ 003B     (2)  BC:0000  DE:0000  HL:008D  AF:5302  SP:7FF3  PC:0030   
0033  7E        MOV A,M     (2)  BC:0000  DE:0000  HL:008D  AF:5302  SP:7FF3  PC:0033   
0034  CD 40 00  CALL 0040   (2)  BC:0000  DE:0000  HL:008D  AF:5302  SP:7FF3  PC:0034   
0040  C5        PUSH B      (3)  BC:0000  DE:0000  HL:008D  AF:5302  SP:7FF1  PC:0040   
0041  D5        PUSH D      (3)  BC:0000  DE:0000  HL:008D  AF:5302  SP:7FEF  PC:0041   
0042  E5        PUSH H      (3)  BC:0000  DE:0000  HL:008D  AF:5302  SP:7FED  PC:0042   
0043  F5        PUSH PSW    (3)  BC:0000  DE:0000  HL:008D  AF:5302  SP:7FEB  PC:0043   
0044  4F        MOV C,A     (3)  BC:0000  DE:0000  HL:008D  AF:5302  SP:7FE9  PC:0044   
0045  CD 37 C0  CALL C037   (3)  BC:0053  DE:0000  HL:008D  AF:5302  SP:7FE9  PC:0045   
0048  F1        POP PSW     (3)  BC:0053  DE:0000  HL:008D  AF:5302  SP:7FE9  PC:0048   
0049  E1        POP H       (3)  BC:0053  DE:0000  HL:008D  AF:5302  SP:7FEB  PC:0049   
004A  D1        POP D       (3)  BC:0053  DE:0000  HL:008D  AF:5302  SP:7FED  PC:004A   
004B  C1        POP B       (3)  BC:0053  DE:0000  HL:008D  AF:5302  SP:7FEF  PC:004B   
004C  C9        RET         (3)  BC:0000  DE:0000  HL:008D  AF:5302  SP:7FF1  PC:004C   
0037  23        INX H       (2)  BC:0000  DE:0000  HL:008D  AF:5302  SP:7FF3  PC:0037   
0038  C3 2D 00  JMP 002D    (2)  BC:0000  DE:0000  HL:008E  AF:5302  SP:7FF3  PC:0038   
002D  7E        MOV A,M     (2)  BC:0000  DE:0000  HL:008E  AF:5302  SP:7FF3  PC:002D   
002E  FE 24     CPI 24      (2)  BC:0000  DE:0000  HL:008E  AF:4502  SP:7FF3  PC:002E   
0030  CA 3B 00  JZ 003B     (2)  BC:0000  DE:0000  HL:008E  AF:4516  SP:7FF3  PC:0030   
0033  7E        MOV A,M     (2)  BC:0000  DE:0000  HL:008E  AF:4516  SP:7FF3  PC:0033   
0034  CD 40 00  CALL 0040   (2)  BC:0000  DE:0000  HL:008E  AF:4516  SP:7FF3  PC:0034   
0040  C5        PUSH B      (3)  BC:0000  DE:0000  HL:008E  AF:4516  SP:7FF1  PC:0040   
0041  D5        PUSH D      (3)  BC:0000  DE:0000  HL:008E  AF:4516  SP:7FEF  PC:0041   
0042  E5        PUSH H      (3)  BC:0000  DE:0000  HL:008E  AF:4516  SP:7FED  PC:0042   
0043  F5        PUSH PSW    (3)  BC:0000  DE:0000  HL:008E  AF:4516  SP:7FEB  PC:0043   
0044  4F        MOV C,A     (3)  BC:0000  DE:0000  HL:008E  AF:4516  SP:7FE9  PC:0044   
0045  CD 37 C0  CALL C037   (3)  BC:0045  DE:0000  HL:008E  AF:4516  SP:7FE9  PC:0045   
0048  F1        POP PSW     (3)  BC:0045  DE:0000  HL:008E  AF:4516  SP:7FE9  PC:0048   
0049  E1        POP H       (3)  BC:0045  DE:0000  HL:008E  AF:4516  SP:7FEB  PC:0049   
004A  D1        POP D       (3)  BC:0045  DE:0000  HL:008E  AF:4516  SP:7FED  PC:004A   
004B  C1        POP B       (3)  BC:0045  DE:0000  HL:008E  AF:4516  SP:7FEF  PC:004B   
004C  C9        RET         (3)  BC:0000  DE:0000  HL:008E  AF:4516  SP:7FF1  PC:004C   
0037  23        INX H       (2)  BC:0000  DE:0000  HL:008E  AF:4516  SP:7FF3  PC:0037   
0038  C3 2D 00  JMP 002D    (2)  BC:0000  DE:0000  HL:008F  AF:4516  SP:7FF3  PC:0038   
002D  7E        MOV A,M     (2)  BC:0000  DE:0000  HL:008F  AF:4516  SP:7FF3  PC:002D   
002E  FE 24     CPI 24      (2)  BC:0000  DE:0000  HL:008F  AF:5216  SP:7FF3  PC:002E   
0030  CA 3B 00  JZ 003B     (2)  BC:0000  DE:0000  HL:008F  AF:5206  SP:7FF3  PC:0030   
0033  7E        MOV A,M     (2)  BC:0000  DE:0000  HL:008F  AF:5206  SP:7FF3  PC:0033   
0034  CD 40 00  CALL 0040   (2)  BC:0000  DE:0000  HL:008F  AF:5206  SP:7FF3  PC:0034   
0040  C5        PUSH B      (3)  BC:0000  DE:0000  HL:008F  AF:5206  SP:7FF1  PC:0040   
0041  D5        PUSH D      (3)  BC:0000  DE:0000  HL:008F  AF:5206  SP:7FEF  PC:0041   
0042  E5        PUSH H      (3)  BC:0000  DE:0000  HL:008F  AF:5206  SP:7FED  PC:0042   
0043  F5        PUSH PSW    (3)  BC:0000  DE:0000  HL:008F  AF:5206  SP:7FEB  PC:0043   
0044  4F        MOV C,A     (3)  BC:0000  DE:0000  HL:008F  AF:5206  SP:7FE9  PC:0044   
0045  CD 37 C0  CALL C037   (3)  BC:0052  DE:0000  HL:008F  AF:5206  SP:7FE9  PC:0045   
0048  F1        POP PSW     (3)  BC:0052  DE:0000  HL:008F  AF:5206  SP:7FE9  PC:0048   
0049  E1        POP H       (3)  BC:0052  DE:0000  HL:008F  AF:5206  SP:7FEB  PC:0049   
004A  D1        POP D       (3)  BC:0052  DE:0000  HL:008F  AF:5206  SP:7FED  PC:004A   
004B  C1        POP B       (3)  BC:0052  DE:0000  HL:008F  AF:5206  SP:7FEF  PC:004B   
004C  C9        RET         (3)  BC:0000  DE:0000  HL:008F  AF:5206  SP:7FF1  PC:004C   
0037  23        INX H       (2)  BC:0000  DE:0000  HL:008F  AF:5206  SP:7FF3  PC:0037   
0038  C3 2D 00  JMP 002D    (2)  BC:0000  DE:0000  HL:0090  AF:5206  SP:7FF3  PC:0038   
002D  7E        MOV A,M     (2)  BC:0000  DE:0000  HL:0090  AF:5206  SP:7FF3  PC:002D   
002E  FE 24     CPI 24      (2)  BC:0000  DE:0000  HL:0090  AF:2006  SP:7FF3  PC:002E   
0030  CA 3B 00  JZ 003B     (2)  BC:0000  DE:0000  HL:0090  AF:2087  SP:7FF3  PC:0030   
0033  7E        MOV A,M     (2)  BC:0000  DE:0000  HL:0090  AF:2087  SP:7FF3  PC:0033   
0034  CD 40 00  CALL 0040   (2)  BC:0000  DE:0000  HL:0090  AF:2087  SP:7FF3  PC:0034   
0040  C5        PUSH B      (3)  BC:0000  DE:0000  HL:0090  AF:2087  SP:7FF1  PC:0040   
0041  D5        PUSH D      (3)  BC:0000  DE:0000  HL:0090  AF:2087  SP:7FEF  PC:0041   
0042  E5        PUSH H      (3)  BC:0000  DE:0000  HL:0090  AF:2087  SP:7FED  PC:0042   
0043  F5        PUSH PSW    (3)  BC:0000  DE:0000  HL:0090  AF:2087  SP:7FEB  PC:0043   
0044  4F        MOV C,A     (3)  BC:0000  DE:0000  HL:0090  AF:2087  SP:7FE9  PC:0044   
0045  CD 37 C0  CALL C037   (3)  BC:0020  DE:0000  HL:0090  AF:2087  SP:7FE9  PC:0045   
0048  F1        POP PSW     (3)  BC:0020  DE:0000  HL:0090  AF:2087  SP:7FE9  PC:0048   
0049  E1        POP H       (3)  BC:0020  DE:0000  HL:0090  AF:2087  SP:7FEB  PC:0049   
004A  D1        POP D       (3)  BC:0020  DE:0000  HL:0090  AF:2087  SP:7FED  PC:004A   
004B  C1        POP B       (3)  BC:0020  DE:0000  HL:0090  AF:2087  SP:7FEF  PC:004B   
004C  C9        RET         (3)  BC:0000  DE:0000  HL:0090  AF:2087  SP:7FF1  PC:004C   
0037  23        INX H       (2)  BC:0000  DE:0000  HL:0090  AF:2087  SP:7FF3  PC:0037   
0038  C3 2D 00  JMP 002D    (2)  BC:0000  DE:0000  HL:0091  AF:2087  SP:7FF3  PC:0038   
002D  7E        MOV A,M     (2)  BC:0000  DE:0000  HL:0091  AF:2087  SP:7FF3  PC:002D   
002E  FE 24     CPI 24      (2)  BC:0000  DE:0000  HL:0091  AF:2887  SP:7FF3  PC:002E   
0030  CA 3B 00  JZ 003B     (2)  BC:0000  DE:0000  HL:0091  AF:2812  SP:7FF3  PC:0030   
0033  7E        MOV A,M     (2)  BC:0000  DE:0000  HL:0091  AF:2812  SP:7FF3  PC:0033   
0034  CD 40 00  CALL 0040   (2)  BC:0000  DE:0000  HL:0091  AF:2812  SP:7FF3  PC:0034   
0040  C5        PUSH B      (3)  BC:0000  DE:0000  HL:0091  AF:2812  SP:7FF1  PC:0040   
0041  D5        PUSH D      (3)  BC:0000  DE:0000  HL:0091  AF:2812  SP:7FEF  PC:0041   
0042  E5        PUSH H      (3)  BC:0000  DE:0000  HL:0091  AF:2812  SP:7FED  PC:0042   
0043  F5        PUSH PSW    (3)  BC:0000  DE:0000  HL:0091  AF:2812  SP:7FEB  PC:0043   
0044  4F        MOV C,A     (3)  BC:0000  DE:0000  HL:0091  AF:2812  SP:7FE9  PC:0044   
0045  CD 37 C0  CALL C037   (3)  BC:0028  DE:0000  HL:0091  AF:2812  SP:7FE9  PC:0045   
0048  F1        POP PSW     (3)  BC:0028  DE:0000  HL:0091  AF:2812  SP:7FE9  PC:0048   
0049  E1        POP H       (3)  BC:0028  DE:0000  HL:0091  AF:2812  SP:7FEB  PC:0049   
004A  D1        POP D       (3)  BC:0028  DE:0000  HL:0091  AF:2812  SP:7FED  PC:004A   
004B  C1        POP B       (3)  BC:0028  DE:0000  HL:0091  AF:2812  SP:7FEF  PC:004B   
004C  C9        RET         (3)  BC:0000  DE:0000  HL:0091  AF:2812  SP:7FF1  PC:004C   
0037  23        INX H       (2)  BC:0000  DE:0000  HL:0091  AF:2812  SP:7FF3  PC:0037   
0038  C3 2D 00  JMP 002D    (2)  BC:0000  DE:0000  HL:0092  AF:2812  SP:7FF3  PC:0038   
002D  7E        MOV A,M     (2)  BC:0000  DE:0000  HL:0092  AF:2812  SP:7FF3  PC:002D   
002E  FE 24     CPI 24      (2)  BC:0000  DE:0000  HL:0092  AF:4B12  SP:7FF3  PC:002E   
0030  CA 3B 00  JZ 003B     (2)  BC:0000  DE:0000  HL:0092  AF:4B16  SP:7FF3  PC:0030   
0033  7E        MOV A,M     (2)  BC:0000  DE:0000  HL:0092  AF:4B16  SP:7FF3  PC:0033   
0034  CD 40 00  CALL 0040   (2)  BC:0000  DE:0000  HL:0092  AF:4B16  SP:7FF3  PC:0034   
0040  C5        PUSH B      (3)  BC:0000  DE:0000  HL:0092  AF:4B16  SP:7FF1  PC:0040   
0041  D5        PUSH D      (3)  BC:0000  DE:0000  HL:0092  AF:4B16  SP:7FEF  PC:0041   
0042  E5        PUSH H      (3)  BC:0000  DE:0000  HL:0092  AF:4B16  SP:7FED  PC:0042   
0043  F5        PUSH PSW    (3)  BC:0000  DE:0000  HL:0092  AF:4B16  SP:7FEB  PC:0043   
0044  4F        MOV C,A     (3)  BC:0000  DE:0000  HL:0092  AF:4B16  SP:7FE9  PC:0044   
0045  CD 37 C0  CALL C037   (3)  BC:004B  DE:0000  HL:0092  AF:4B16  SP:7FE9  PC:0045   
0048  F1        POP PSW     (3)  BC:004B  DE:0000  HL:0092  AF:4B16  SP:7FE9  PC:0048   
0049  E1        POP H       (3)  BC:004B  DE:0000  HL:0092  AF:4B16  SP:7FEB  PC:0049   
004A  D1        POP D       (3)  BC:004B  DE:0000  HL:0092  AF:4B16  SP:7FED  PC:004A   
004B  C1        POP B       (3)  BC:004B  DE:0000  HL:0092  AF:4B16  SP:7FEF  PC:004B   
004C  C9        RET         (3)  BC:0000  DE:0000  HL:0092  AF:4B16  SP:7FF1  PC:004C   
0037  23        INX H       (2)  BC:0000  DE:0000  HL:0092  AF:4B16  SP:7FF3  PC:0037   
0038  C3 2D 00  JMP 002D    (2)  BC:0000  DE:0000  HL:0093  AF:4B16  SP:7FF3  PC:0038   
002D  7E        MOV A,M     (2)  BC:0000  DE:0000  HL:0093  AF:4B16  SP:7FF3  PC:002D   
002E  FE 24     CPI 24      (2)  BC:0000  DE:0000  HL:0093  AF:5216  SP:7FF3  PC:002E   
0030  CA 3B 00  JZ 003B     (2)  BC:0000  DE:0000  HL:0093  AF:5206  SP:7FF3  PC:0030   
0033  7E        MOV A,M     (2)  BC:0000  DE:0000  HL:0093  AF:5206  SP:7FF3  PC:0033   
0034  CD 40 00  CALL 0040   (2)  BC:0000  DE:0000  HL:0093  AF:5206  SP:7FF3  PC:0034   
0040  C5        PUSH B      (3)  BC:0000  DE:0000  HL:0093  AF:5206  SP:7FF1  PC:0040   
0041  D5        PUSH D      (3)  BC:0000  DE:0000  HL:0093  AF:5206  SP:7FEF  PC:0041   
0042  E5        PUSH H      (3)  BC:0000  DE:0000  HL:0093  AF:5206  SP:7FED  PC:0042   
0043  F5        PUSH PSW    (3)  BC:0000  DE:0000  HL:0093  AF:5206  SP:7FEB  PC:0043   
0044  4F        MOV C,A     (3)  BC:0000  DE:0000  HL:0093  AF:5206  SP:7FE9  PC:0044   
0045  CD 37 C0  CALL C037   (3)  BC:0052  DE:0000  HL:0093  AF:5206  SP:7FE9  PC:0045   
0048  F1        POP PSW     (3)  BC:0052  DE:0000  HL:0093  AF:5206  SP:7FE9  PC:0048   
0049  E1        POP H       (3)  BC:0052  DE:0000  HL:0093  AF:5206  SP:7FEB  PC:0049   
004A  D1        POP D       (3)  BC:0052  DE:0000  HL:0093  AF:5206  SP:7FED  PC:004A   
004B  C1        POP B       (3)  BC:0052  DE:0000  HL:0093  AF:5206  SP:7FEF  PC:004B   
004C  C9        RET         (3)  BC:0000  DE:0000  HL:0093  AF:5206  SP:7FF1  PC:004C   
0037  23        INX H       (2)  BC:0000  DE:0000  HL:0093  AF:5206  SP:7FF3  PC:0037   
0038  C3 2D 00  JMP 002D    (2)  BC:0000  DE:0000  HL:0094  AF:5206  SP:7FF3  PC:0038   
002D  7E        MOV A,M     (2)  BC:0000  DE:0000  HL:0094  AF:5206  SP:7FF3  PC:002D   
002E  FE 24     CPI 24      (2)  BC:0000  DE:0000  HL:0094  AF:3506  SP:7FF3  PC:002E   
0030  CA 3B 00  JZ 003B     (2)  BC:0000  DE:0000  HL:0094  AF:3516  SP:7FF3  PC:0030   
0033  7E        MOV A,M     (2)  BC:0000  DE:0000  HL:0094  AF:3516  SP:7FF3  PC:0033   
0034  CD 40 00  CALL 0040   (2)  BC:0000  DE:0000  HL:0094  AF:3516  SP:7FF3  PC:0034   
0040  C5        PUSH B      (3)  BC:0000  DE:0000  HL:0094  AF:3516  SP:7FF1  PC:0040   
0041  D5        PUSH D      (3)  BC:0000  DE:0000  HL:0094  AF:3516  SP:7FEF  PC:0041   
0042  E5        PUSH H      (3)  BC:0000  DE:0000  HL:0094  AF:3516  SP:7FED  PC:0042   
0043  F5        PUSH PSW    (3)  BC:0000  DE:0000  HL:0094  AF:3516  SP:7FEB  PC:0043   
0044  4F        MOV C,A     (3)  BC:0000  DE:0000  HL:0094  AF:3516  SP:7FE9  PC:0044   
0045  CD 37 C0  CALL C037   (3)  BC:0035  DE:0000  HL:0094  AF:3516  SP:7FE9  PC:0045   
0048  F1        POP PSW     (3)  BC:0035  DE:0000  HL:0094  AF:3516  SP:7FE9  PC:0048   
0049  E1        POP H       (3)  BC:0035  DE:0000  HL:0094  AF:3516  SP:7FEB  PC:0049   
004A  D1        POP D       (3)  BC:0035  DE:0000  HL:0094  AF:3516  SP:7FED  PC:004A   
004B  C1        POP B       (3)  BC:0035  DE:0000  HL:0094  AF:3516  SP:7FEF  PC:004B   
004C  C9        RET         (3)  BC:0000  DE:0000  HL:0094  AF:3516  SP:7FF1  PC:004C   
0037  23        INX H       (2)  BC:0000  DE:0000  HL:0094  AF:3516  SP:7FF3  PC:0037   
0038  C3 2D 00  JMP 002D    (2)  BC:0000  DE:0000  HL:0095  AF:3516  SP:7FF3  PC:0038   
002D  7E        MOV A,M     (2)  BC:0000  DE:0000  HL:0095  AF:3516  SP:7FF3  PC:002D   
002E  FE 24     CPI 24      (2)  BC:0000  DE:0000  HL:0095  AF:3816  SP:7FF3  PC:002E   
0030  CA 3B 00  JZ 003B     (2)  BC:0000  DE:0000  HL:0095  AF:3816  SP:7FF3  PC:0030   
0033  7E        MOV A,M     (2)  BC:0000  DE:0000  HL:0095  AF:3816  SP:7FF3  PC:0033   
0034  CD 40 00  CALL 0040   (2)  BC:0000  DE:0000  HL:0095  AF:3816  SP:7FF3  PC:0034   
0040  C5        PUSH B      (3)  BC:0000  DE:0000  HL:0095  AF:3816  SP:7FF1  PC:0040   
0041  D5        PUSH D      (3)  BC:0000  DE:0000  HL:0095  AF:3816  SP:7FEF  PC:0041   
0042  E5        PUSH H      (3)  BC:0000  DE:0000  HL:0095  AF:3816  SP:7FED  PC:0042   
0043  F5        PUSH PSW    (3)  BC:0000  DE:0000  HL:0095  AF:3816  SP:7FEB  PC:0043   
0044  4F        MOV C,A     (3)  BC:0000  DE:0000  HL:0095  AF:3816  SP:7FE9  PC:0044   
0045  CD 37 C0  CALL C037   (3)  BC:0038  DE:0000  HL:0095  AF:3816  SP:7FE9  PC:0045   
0048  F1        POP PSW     (3)  BC:0038  DE:0000  HL:0095  AF:3816  SP:7FE9  PC:0048   
0049  E1        POP H       (3)  BC:0038  DE:0000  HL:0095  AF:3816  SP:7FEB  PC:0049   
004A  D1        POP D       (3)  BC:0038  DE:0000  HL:0095  AF:3816  SP:7FED  PC:004A   
004B  C1        POP B       (3)  BC:0038  DE:0000  HL:0095  AF:3816  SP:7FEF  PC:004B   
004C  C9        RET         (3)  BC:0000  DE:0000  HL:0095  AF:3816  SP:7FF1  PC:004C   
0037  23        INX H       (2)  BC:0000  DE:0000  HL:0095  AF:3816  SP:7FF3  PC:0037   
0038  C3 2D 00  JMP 002D    (2)  BC:0000  DE:0000  HL:0096  AF:3816  SP:7FF3  PC:0038   
002D  7E        MOV A,M     (2)  BC:0000  DE:0000  HL:0096  AF:3816  SP:7FF3  PC:002D   
002E  FE 24     CPI 24      (2)  BC:0000  DE:0000  HL:0096  AF:3016  SP:7FF3  PC:002E   
0030  CA 3B 00  JZ 003B     (2)  BC:0000  DE:0000  HL:0096  AF:3006  SP:7FF3  PC:0030   
0033  7E        MOV A,M     (2)  BC:0000  DE:0000  HL:0096  AF:3006  SP:7FF3  PC:0033   
0034  CD 40 00  CALL 0040   (2)  BC:0000  DE:0000  HL:0096  AF:3006  SP:7FF3  PC:0034   
0040  C5        PUSH B      (3)  BC:0000  DE:0000  HL:0096  AF:3006  SP:7FF1  PC:0040   
0041  D5        PUSH D      (3)  BC:0000  DE:0000  HL:0096  AF:3006  SP:7FEF  PC:0041   
0042  E5        PUSH H      (3)  BC:0000  DE:0000  HL:0096  AF:3006  SP:7FED  PC:0042   
0043  F5        PUSH PSW    (3)  BC:0000  DE:0000  HL:0096  AF:3006  SP:7FEB  PC:0043   
0044  4F        MOV C,A     (3)  BC:0000  DE:0000  HL:0096  AF:3006  SP:7FE9  PC:0044   
0045  CD 37 C0  CALL C037   (3)  BC:0030  DE:0000  HL:0096  AF:3006  SP:7FE9  PC:0045   
0048  F1        POP PSW     (3)  BC:0030  DE:0000  HL:0096  AF:3006  SP:7FE9  PC:0048   
0049  E1        POP H       (3)  BC:0030  DE:0000  HL:0096  AF:3006  SP:7FEB  PC:0049   
004A  D1        POP D       (3)  BC:0030  DE:0000  HL:0096  AF:3006  SP:7FED  PC:004A   
004B  C1        POP B       (3)  BC:0030  DE:0000  HL:0096  AF:3006  SP:7FEF  PC:004B   
004C  C9        RET         (3)  BC:0000  DE:0000  HL:0096  AF:3006  SP:7FF1  PC:004C   
0037  23        INX H       (2)  BC:0000  DE:0000  HL:0096  AF:3006  SP:7FF3  PC:0037   
0038  C3 2D 00  JMP 002D    (2)  BC:0000  DE:0000  HL:0097  AF:3006  SP:7FF3  PC:0038   
002D  7E        MOV A,M     (2)  BC:0000  DE:0000  HL:0097  AF:3006  SP:7FF3  PC:002D   
002E  FE 24     CPI 24      (2)  BC:0000  DE:0000  HL:0097  AF:5606  SP:7FF3  PC:002E   
0030  CA 3B 00  JZ 003B     (2)  BC:0000  DE:0000  HL:0097  AF:5612  SP:7FF3  PC:0030   
0033  7E        MOV A,M     (2)  BC:0000  DE:0000  HL:0097  AF:5612  SP:7FF3  PC:0033   
0034  CD 40 00  CALL 0040   (2)  BC:0000  DE:0000  HL:0097  AF:5612  SP:7FF3  PC:0034   
0040  C5        PUSH B      (3)  BC:0000  DE:0000  HL:0097  AF:5612  SP:7FF1  PC:0040   
0041  D5        PUSH D      (3)  BC:0000  DE:0000  HL:0097  AF:5612  SP:7FEF  PC:0041   
0042  E5        PUSH H      (3)  BC:0000  DE:0000  HL:0097  AF:5612  SP:7FED  PC:0042   
0043  F5        PUSH PSW    (3)  BC:0000  DE:0000  HL:0097  AF:5612  SP:7FEB  PC:0043   
0044  4F        MOV C,A     (3)  BC:0000  DE:0000  HL:0097  AF:5612  SP:7FE9  PC:0044   
0045  CD 37 C0  CALL C037   (3)  BC:0056  DE:0000  HL:0097  AF:5612  SP:7FE9  PC:0045   
0048  F1        POP PSW     (3)  BC:0056  DE:0000  HL:0097  AF:5612  SP:7FE9  PC:0048   
0049  E1        POP H       (3)  BC:0056  DE:0000  HL:0097  AF:5612  SP:7FEB  PC:0049   
004A  D1        POP D       (3)  BC:0056  DE:0000  HL:0097  AF:5612  SP:7FED  PC:004A   
004B  C1        POP B       (3)  BC:0056  DE:0000  HL:0097  AF:5612  SP:7FEF  PC:004B   
004C  C9        RET         (3)  BC:0000  DE:0000  HL:0097  AF:5612  SP:7FF1  PC:004C   
0037  23        INX H       (2)  BC:0000  DE:0000  HL:0097  AF:5612  SP:7FF3  PC:0037   
0038  C3 2D 00  JMP 002D    (2)  BC:0000  DE:0000  HL:0098  AF:5612  SP:7FF3  PC:0038   
002D  7E        MOV A,M     (2)  BC:0000  DE:0000  HL:0098  AF:5612  SP:7FF3  PC:002D   
002E  FE 24     CPI 24      (2)  BC:0000  DE:0000  HL:0098  AF:4D12  SP:7FF3  PC:002E   
0030  CA 3B 00  JZ 003B     (2)  BC:0000  DE:0000  HL:0098  AF:4D12  SP:7FF3  PC:0030   
0033  7E        MOV A,M     (2)  BC:0000  DE:0000  HL:0098  AF:4D12  SP:7FF3  PC:0033   
0034  CD 40 00  CALL 0040   (2)  BC:0000  DE:0000  HL:0098  AF:4D12  SP:7FF3  PC:0034   
0040  C5        PUSH B      (3)  BC:0000  DE:0000  HL:0098  AF:4D12  SP:7FF1  PC:0040   
0041  D5        PUSH D      (3)  BC:0000  DE:0000  HL:0098  AF:4D12  SP:7FEF  PC:0041   
0042  E5        PUSH H      (3)  BC:0000  DE:0000  HL:0098  AF:4D12  SP:7FED  PC:0042   
0043  F5        PUSH PSW    (3)  BC:0000  DE:0000  HL:0098  AF:4D12  SP:7FEB  PC:0043   
0044  4F        MOV C,A     (3)  BC:0000  DE:0000  HL:0098  AF:4D12  SP:7FE9  PC:0044   
0045  CD 37 C0  CALL C037   (3)  BC:004D  DE:0000  HL:0098  AF:4D12  SP:7FE9  PC:0045   
0048  F1        POP PSW     (3)  BC:004D  DE:0000  HL:0098  AF:4D12  SP:7FE9  PC:0048   
0049  E1        POP H       (3)  BC:004D  DE:0000  HL:0098  AF:4D12  SP:7FEB  PC:0049   
004A  D1        POP D       (3)  BC:004D  DE:0000  HL:0098  AF:4D12  SP:7FED  PC:004A   
004B  C1        POP B       (3)  BC:004D  DE:0000  HL:0098  AF:4D12  SP:7FEF  PC:004B   
004C  C9        RET         (3)  BC:0000  DE:0000  HL:0098  AF:4D12  SP:7FF1  PC:004C   
0037  23        INX H       (2)  BC:0000  DE:0000  HL:0098  AF:4D12  SP:7FF3  PC:0037   
0038  C3 2D 00  JMP 002D    (2)  BC:0000  DE:0000  HL:0099  AF:4D12  SP:7FF3  PC:0038   
002D  7E        MOV A,M     (2)  BC:0000  DE:0000  HL:0099  AF:4D12  SP:7FF3  PC:002D   
002E  FE 24     CPI 24      (2)  BC:0000  DE:0000  HL:0099  AF:3812  SP:7FF3  PC:002E   
0030  CA 3B 00  JZ 003B     (2)  BC:0000  DE:0000  HL:0099  AF:3816  SP:7FF3  PC:0030   
0033  7E        MOV A,M     (2)  BC:0000  DE:0000  HL:0099  AF:3816  SP:7FF3  PC:0033   
0034  CD 40 00  CALL 0040   (2)  BC:0000  DE:0000  HL:0099  AF:3816  SP:7FF3  PC:0034   
0040  C5        PUSH B      (3)  BC:0000  DE:0000  HL:0099  AF:3816  SP:7FF1  PC:0040   
0041  D5        PUSH D      (3)  BC:0000  DE:0000  HL:0099  AF:3816  SP:7FEF  PC:0041   
0042  E5        PUSH H      (3)  BC:0000  DE:0000  HL:0099  AF:3816  SP:7FED  PC:0042   
0043  F5        PUSH PSW    (3)  BC:0000  DE:0000  HL:0099  AF:3816  SP:7FEB  PC:0043   
0044  4F        MOV C,A     (3)  BC:0000  DE:0000  HL:0099  AF:3816  SP:7FE9  PC:0044   
0045  CD 37 C0  CALL C037   (3)  BC:0038  DE:0000  HL:0099  AF:3816  SP:7FE9  PC:0045   
0048  F1        POP PSW     (3)  BC:0038  DE:0000  HL:0099  AF:3816  SP:7FE9  PC:0048   
0049  E1        POP H       (3)  BC:0038  DE:0000  HL:0099  AF:3816  SP:7FEB  PC:0049   
004A  D1        POP D       (3)  BC:0038  DE:0000  HL:0099  AF:3816  SP:7FED  PC:004A   
004B  C1        POP B       (3)  BC:0038  DE:0000  HL:0099  AF:3816  SP:7FEF  PC:004B   
004C  C9        RET         (3)  BC:0000  DE:0000  HL:0099  AF:3816  SP:7FF1  PC:004C   
0037  23        INX H       (2)  BC:0000  DE:0000  HL:0099  AF:3816  SP:7FF3  PC:0037   
0038  C3 2D 00  JMP 002D    (2)  BC:0000  DE:0000  HL:009A  AF:3816  SP:7FF3  PC:0038   
002D  7E        MOV A,M     (2)  BC:0000  DE:0000  HL:009A  AF:3816  SP:7FF3  PC:002D   
002E  FE 24     CPI 24      (2)  BC:0000  DE:0000  HL:009A  AF:3016  SP:7FF3  PC:002E   
0030  CA 3B 00  JZ 003B     (2)  BC:0000  DE:0000  HL:009A  AF:3006  SP:7FF3  PC:0030   
0033  7E        MOV A,M     (2)  BC:0000  DE:0000  HL:009A  AF:3006  SP:7FF3  PC:0033   
0034  CD 40 00  CALL 0040   (2)  BC:0000  DE:0000  HL:009A  AF:3006  SP:7FF3  PC:0034   
0040  C5        PUSH B      (3)  BC:0000  DE:0000  HL:009A  AF:3006  SP:7FF1  PC:0040   
0041  D5        PUSH D      (3)  BC:0000  DE:0000  HL:009A  AF:3006  SP:7FEF  PC:0041   
0042  E5        PUSH H      (3)  BC:0000  DE:0000  HL:009A  AF:3006  SP:7FED  PC:0042   
0043  F5        PUSH PSW    (3)  BC:0000  DE:0000  HL:009A  AF:3006  SP:7FEB  PC:0043   
0044  4F        MOV C,A     (3)  BC:0000  DE:0000  HL:009A  AF:3006  SP:7FE9  PC:0044   
0045  CD 37 C0  CALL C037   (3)  BC:0030  DE:0000  HL:009A  AF:3006  SP:7FE9  PC:0045   
0048  F1        POP PSW     (3)  BC:0030  DE:0000  HL:009A  AF:3006  SP:7FE9  PC:0048   
0049  E1        POP H       (3)  BC:0030  DE:0000  HL:009A  AF:3006  SP:7FEB  PC:0049   
004A  D1        POP D       (3)  BC:0030  DE:0000  HL:009A  AF:3006  SP:7FED  PC:004A   
004B  C1        POP B       (3)  BC:0030  DE:0000  HL:009A  AF:3006  SP:7FEF  PC:004B   
004C  C9        RET         (3)  BC:0000  DE:0000  HL:009A  AF:3006  SP:7FF1  PC:004C   
0037  23        INX H       (2)  BC:0000  DE:0000  HL:009A  AF:3006  SP:7FF3  PC:0037   
0038  C3 2D 00  JMP 002D    (2)  BC:0000  DE:0000  HL:009B  AF:3006  SP:7FF3  PC:0038   
002D  7E        MOV A,M     (2)  BC:0000  DE:0000  HL:009B  AF:3006  SP:7FF3  PC:002D   
002E  FE 24     CPI 24      (2)  BC:0000  DE:0000  HL:009B  AF:4106  SP:7FF3  PC:002E   
0030  CA 3B 00  JZ 003B     (2)  BC:0000  DE:0000  HL:009B  AF:4106  SP:7FF3  PC:0030   
0033  7E        MOV A,M     (2)  BC:0000  DE:0000  HL:009B  AF:4106  SP:7FF3  PC:0033   
0034  CD 40 00  CALL 0040   (2)  BC:0000  DE:0000  HL:009B  AF:4106  SP:7FF3  PC:0034   
0040  C5        PUSH B      (3)  BC:0000  DE:0000  HL:009B  AF:4106  SP:7FF1  PC:0040   
0041  D5        PUSH D      (3)  BC:0000  DE:0000  HL:009B  AF:4106  SP:7FEF  PC:0041   
0042  E5        PUSH H      (3)  BC:0000  DE:0000  HL:009B  AF:4106  SP:7FED  PC:0042   
0043  F5        PUSH PSW    (3)  BC:0000  DE:0000  HL:009B  AF:4106  SP:7FEB  PC:0043   
0044  4F        MOV C,A     (3)  BC:0000  DE:0000  HL:009B  AF:4106  SP:7FE9  PC:0044   
0045  CD 37 C0  CALL C037   (3)  BC:0041  DE:0000  HL:009B  AF:4106  SP:7FE9  PC:0045   
0048  F1        POP PSW     (3)  BC:0041  DE:0000  HL:009B  AF:4106  SP:7FE9  PC:0048   
0049  E1        POP H       (3)  BC:0041  DE:0000  HL:009B  AF:4106  SP:7FEB  PC:0049   
004A  D1        POP D       (3)  BC:0041  DE:0000  HL:009B  AF:4106  SP:7FED  PC:004A   
004B  C1        POP B       (3)  BC:0041  DE:0000  HL:009B  AF:4106  SP:7FEF  PC:004B   
004C  C9        RET         (3)  BC:0000  DE:0000  HL:009B  AF:4106  SP:7FF1  PC:004C   
0037  23        INX H       (2)  BC:0000  DE:0000  HL:009B  AF:4106  SP:7FF3  PC:0037   
0038  C3 2D 00  JMP 002D    (2)  BC:0000  DE:0000  HL:009C  AF:4106  SP:7FF3  PC:0038   
002D  7E        MOV A,M     (2)  BC:0000  DE:0000  HL:009C  AF:4106  SP:7FF3  PC:002D   
002E  FE 24     CPI 24      (2)  BC:0000  DE:0000  HL:009C  AF:2006  SP:7FF3  PC:002E   
0030  CA 3B 00  JZ 003B     (2)  BC:0000  DE:0000  HL:009C  AF:2087  SP:7FF3  PC:0030   
0033  7E        MOV A,M     (2)  BC:0000  DE:0000  HL:009C  AF:2087  SP:7FF3  PC:0033   
0034  CD 40 00  CALL 0040   (2)  BC:0000  DE:0000  HL:009C  AF:2087  SP:7FF3  PC:0034   
0040  C5        PUSH B      (3)  BC:0000  DE:0000  HL:009C  AF:2087  SP:7FF1  PC:0040   
0041  D5        PUSH D      (3)  BC:0000  DE:0000  HL:009C  AF:2087  SP:7FEF  PC:0041   
0042  E5        PUSH H      (3)  BC:0000  DE:0000  HL:009C  AF:2087  SP:7FED  PC:0042   
0043  F5        PUSH PSW    (3)  BC:0000  DE:0000  HL:009C  AF:2087  SP:7FEB  PC:0043   
0044  4F        MOV C,A     (3)  BC:0000  DE:0000  HL:009C  AF:2087  SP:7FE9  PC:0044   
0045  CD 37 C0  CALL C037   (3)  BC:0020  DE:0000  HL:009C  AF:2087  SP:7FE9  PC:0045   
0048  F1        POP PSW     (3)  BC:0020  DE:0000  HL:009C  AF:2087  SP:7FE9  PC:0048   
0049  E1        POP H       (3)  BC:0020  DE:0000  HL:009C  AF:2087  SP:7FEB  PC:0049   
004A  D1        POP D       (3)  BC:0020  DE:0000  HL:009C  AF:2087  SP:7FED  PC:004A   
004B  C1        POP B       (3)  BC:0020  DE:0000  HL:009C  AF:2087  SP:7FEF  PC:004B   
004C  C9        RET         (3)  BC:0000  DE:0000  HL:009C  AF:2087  SP:7FF1  PC:004C   
0037  23        INX H       (2)  BC:0000  DE:0000  HL:009C  AF:2087  SP:7FF3  PC:0037   
0038  C3 2D 00  JMP 002D    (2)  BC:0000  DE:0000  HL:009D  AF:2087  SP:7FF3  PC:0038   
002D  7E        MOV A,M     (2)  BC:0000  DE:0000  HL:009D  AF:2087  SP:7FF3  PC:002D   
002E  FE 24     CPI 24      (2)  BC:0000  DE:0000  HL:009D  AF:4387  SP:7FF3  PC:002E   
0030  CA 3B 00  JZ 003B     (2)  BC:0000  DE:0000  HL:009D  AF:4302  SP:7FF3  PC:0030   
0033  7E        MOV A,M     (2)  BC:0000  DE:0000  HL:009D  AF:4302  SP:7FF3  PC:0033   
0034  CD 40 00  CALL 0040   (2)  BC:0000  DE:0000  HL:009D  AF:4302  SP:7FF3  PC:0034   
0040  C5        PUSH B      (3)  BC:0000  DE:0000  HL:009D  AF:4302  SP:7FF1  PC:0040   
0041  D5        PUSH D      (3)  BC:0000  DE:0000  HL:009D  AF:4302  SP:7FEF  PC:0041   
0042  E5        PUSH H      (3)  BC:0000  DE:0000  HL:009D  AF:4302  SP:7FED  PC:0042   
0043  F5        PUSH PSW    (3)  BC:0000  DE:0000  HL:009D  AF:4302  SP:7FEB  PC:0043   
0044  4F        MOV C,A     (3)  BC:0000  DE:0000  HL:009D  AF:4302  SP:7FE9  PC:0044   
0045  CD 37 C0  CALL C037   (3)  BC:0043  DE:0000  HL:009D  AF:4302  SP:7FE9  PC:0045   
0048  F1        POP PSW     (3)  BC:0043  DE:0000  HL:009D  AF:4302  SP:7FE9  PC:0048   
0049  E1        POP H       (3)  BC:0043  DE:0000  HL:009D  AF:4302  SP:7FEB  PC:0049   
004A  D1        POP D       (3)  BC:0043  DE:0000  HL:009D  AF:4302  SP:7FED  PC:004A   
004B  C1        POP B       (3)  BC:0043  DE:0000  HL:009D  AF:4302  SP:7FEF  PC:004B   
004C  C9        RET         (3)  BC:0000  DE:0000  HL:009D  AF:4302  SP:7FF1  PC:004C   
0037  23        INX H       (2)  BC:0000  DE:0000  HL:009D  AF:4302  SP:7FF3  PC:0037   
0038  C3 2D 00  JMP 002D    (2)  BC:0000  DE:0000  HL:009E  AF:4302  SP:7FF3  PC:0038   
002D  7E        MOV A,M     (2)  BC:0000  DE:0000  HL:009E  AF:4302  SP:7FF3  PC:002D   
002E  FE 24     CPI 24      (2)  BC:0000  DE:0000  HL:009E  AF:5002  SP:7FF3  PC:002E   
0030  CA 3B 00  JZ 003B     (2)  BC:0000  DE:0000  HL:009E  AF:5002  SP:7FF3  PC:0030   
0033  7E        MOV A,M     (2)  BC:0000  DE:0000  HL:009E  AF:5002  SP:7FF3  PC:0033   
0034  CD 40 00  CALL 0040   (2)  BC:0000  DE:0000  HL:009E  AF:5002  SP:7FF3  PC:0034   
0040  C5        PUSH B      (3)  BC:0000  DE:0000  HL:009E  AF:5002  SP:7FF1  PC:0040   
0041  D5        PUSH D      (3)  BC:0000  DE:0000  HL:009E  AF:5002  SP:7FEF  PC:0041   
0042  E5        PUSH H      (3)  BC:0000  DE:0000  HL:009E  AF:5002  SP:7FED  PC:0042   
0043  F5        PUSH PSW    (3)  BC:0000  DE:0000  HL:009E  AF:5002  SP:7FEB  PC:0043   
0044  4F        MOV C,A     (3)  BC:0000  DE:0000  HL:009E  AF:5002  SP:7FE9  PC:0044   
0045  CD 37 C0  CALL C037   (3)  BC:0050  DE:0000  HL:009E  AF:5002  SP:7FE9  PC:0045   
0048  F1        POP PSW     (3)  BC:0050  DE:0000  HL:009E  AF:5002  SP:7FE9  PC:0048   
0049  E1        POP H       (3)  BC:0050  DE:0000  HL:009E  AF:5002  SP:7FEB  PC:0049   
004A  D1        POP D       (3)  BC:0050  DE:0000  HL:009E  AF:5002  SP:7FED  PC:004A   
004B  C1        POP B       (3)  BC:0050  DE:0000  HL:009E  AF:5002  SP:7FEF  PC:004B   
004C  C9        RET         (3)  BC:0000  DE:0000  HL:009E  AF:5002  SP:7FF1  PC:004C   
0037  23        INX H       (2)  BC:0000  DE:0000  HL:009E  AF:5002  SP:7FF3  PC:0037   
0038  C3 2D 00  JMP 002D    (2)  BC:0000  DE:0000  HL:009F  AF:5002  SP:7FF3  PC:0038   
002D  7E        MOV A,M     (2)  BC:0000  DE:0000  HL:009F  AF:5002  SP:7FF3  PC:002D   
002E  FE 24     CPI 24      (2)  BC:0000  DE:0000  HL:009F  AF:5502  SP:7FF3  PC:002E   
0030  CA 3B 00  JZ 003B     (2)  BC:0000  DE:0000  HL:009F  AF:5512  SP:7FF3  PC:0030   
0033  7E        MOV A,M     (2)  BC:0000  DE:0000  HL:009F  AF:5512  SP:7FF3  PC:0033   
0034  CD 40 00  CALL 0040   (2)  BC:0000  DE:0000  HL:009F  AF:5512  SP:7FF3  PC:0034   
0040  C5        PUSH B      (3)  BC:0000  DE:0000  HL:009F  AF:5512  SP:7FF1  PC:0040   
0041  D5        PUSH D      (3)  BC:0000  DE:0000  HL:009F  AF:5512  SP:7FEF  PC:0041   
0042  E5        PUSH H      (3)  BC:0000  DE:0000  HL:009F  AF:5512  SP:7FED  PC:0042   
0043  F5        PUSH PSW    (3)  BC:0000  DE:0000  HL:009F  AF:5512  SP:7FEB  PC:0043   
0044  4F        MOV C,A     (3)  BC:0000  DE:0000  HL:009F  AF:5512  SP:7FE9  PC:0044   
0045  CD 37 C0  CALL C037   (3)  BC:0055  DE:0000  HL:009F  AF:5512  SP:7FE9  PC:0045   
0048  F1        POP PSW     (3)  BC:0055  DE:0000  HL:009F  AF:5512  SP:7FE9  PC:0048   
0049  E1        POP H       (3)  BC:0055  DE:0000  HL:009F  AF:5512  SP:7FEB  PC:0049   
004A  D1        POP D       (3)  BC:0055  DE:0000  HL:009F  AF:5512  SP:7FED  PC:004A   
004B  C1        POP B       (3)  BC:0055  DE:0000  HL:009F  AF:5512  SP:7FEF  PC:004B   
004C  C9        RET         (3)  BC:0000  DE:0000  HL:009F  AF:5512  SP:7FF1  PC:004C   
0037  23        INX H       (2)  BC:0000  DE:0000  HL:009F  AF:5512  SP:7FF3  PC:0037   
0038  C3 2D 00  JMP 002D    (2)  BC:0000  DE:0000  HL:00A0  AF:5512  SP:7FF3  PC:0038   
002D  7E        MOV A,M     (2)  BC:0000  DE:0000  HL:00A0  AF:5512  SP:7FF3  PC:002D   
002E  FE 24     CPI 24      (2)  BC:0000  DE:0000  HL:00A0  AF:2912  SP:7FF3  PC:002E   
0030  CA 3B 00  JZ 003B     (2)  BC:0000  DE:0000  HL:00A0  AF:2916  SP:7FF3  PC:0030   
0033  7E        MOV A,M     (2)  BC:0000  DE:0000  HL:00A0  AF:2916  SP:7FF3  PC:0033   
0034  CD 40 00  CALL 0040   (2)  BC:0000  DE:0000  HL:00A0  AF:2916  SP:7FF3  PC:0034   
0040  C5        PUSH B      (3)  BC:0000  DE:0000  HL:00A0  AF:2916  SP:7FF1  PC:0040   
0041  D5        PUSH D      (3)  BC:0000  DE:0000  HL:00A0  AF:2916  SP:7FEF  PC:0041   
0042  E5        PUSH H      (3)  BC:0000  DE:0000  HL:00A0  AF:2916  SP:7FED  PC:0042   
0043  F5        PUSH PSW    (3)  BC:0000  DE:0000  HL:00A0  AF:2916  SP:7FEB  PC:0043   
0044  4F        MOV C,A     (3)  BC:0000  DE:0000  HL:00A0  AF:2916  SP:7FE9  PC:0044   
0045  CD 37 C0  CALL C037   (3)  BC:0029  DE:0000  HL:00A0  AF:2916  SP:7FE9  PC:0045   
0048  F1        POP PSW     (3)  BC:0029  DE:0000  HL:00A0  AF:2916  SP:7FE9  PC:0048   
0049  E1        POP H       (3)  BC:0029  DE:0000  HL:00A0  AF:2916  SP:7FEB  PC:0049   
004A  D1        POP D       (3)  BC:0029  DE:0000  HL:00A0  AF:2916  SP:7FED  PC:004A   
004B  C1        POP B       (3)  BC:0029  DE:0000  HL:00A0  AF:2916  SP:7FEF  PC:004B   
004C  C9        RET         (3)  BC:0000  DE:0000  HL:00A0  AF:2916  SP:7FF1  PC:004C   
0037  23        INX H       (2)  BC:0000  DE:0000  HL:00A0  AF:2916  SP:7FF3  PC:0037   
0038  C3 2D 00  JMP 002D    (2)  BC:0000  DE:0000  HL:00A1  AF:2916  SP:7FF3  PC:0038   
002D  7E        MOV A,M     (2)  BC:0000  DE:0000  HL:00A1  AF:2916  SP:7FF3  PC:002D   
002E  FE 24     CPI 24      (2)  BC:0000  DE:0000  HL:00A1  AF:0D16  SP:7FF3  PC:002E   
0030  CA 3B 00  JZ 003B     (2)  BC:0000  DE:0000  HL:00A1  AF:0D93  SP:7FF3  PC:0030   
0033  7E        MOV A,M     (2)  BC:0000  DE:0000  HL:00A1  AF:0D93  SP:7FF3  PC:0033   
0034  CD 40 00  CALL 0040   (2)  BC:0000  DE:0000  HL:00A1  AF:0D93  SP:7FF3  PC:0034   
0040  C5        PUSH B      (3)  BC:0000  DE:0000  HL:00A1  AF:0D93  SP:7FF1  PC:0040   
0041  D5        PUSH D      (3)  BC:0000  DE:0000  HL:00A1  AF:0D93  SP:7FEF  PC:0041   
0042  E5        PUSH H      (3)  BC:0000  DE:0000  HL:00A1  AF:0D93  SP:7FED  PC:0042   
0043  F5        PUSH PSW    (3)  BC:0000  DE:0000  HL:00A1  AF:0D93  SP:7FEB  PC:0043   
0044  4F        MOV C,A     (3)  BC:0000  DE:0000  HL:00A1  AF:0D93  SP:7FE9  PC:0044   
0045  CD 37 C0  CALL C037   (3)  BC:000D  DE:0000  HL:00A1  AF:0D93  SP:7FE9  PC:0045   
0048  F1        POP PSW     (3)  BC:000D  DE:0000  HL:00A1  AF:0D93  SP:7FE9  PC:0048   
0049  E1        POP H       (3)  BC:000D  DE:0000  HL:00A1  AF:0D93  SP:7FEB  PC:0049   
004A  D1        POP D       (3)  BC:000D  DE:0000  HL:00A1  AF:0D93  SP:7FED  PC:004A   
004B  C1        POP B       (3)  BC:000D  DE:0000  HL:00A1  AF:0D93  SP:7FEF  PC:004B   
004C  C9        RET         (3)  BC:0000  DE:0000  HL:00A1  AF:0D93  SP:7FF1  PC:004C   
0037  23        INX H       (2)  BC:0000  DE:0000  HL:00A1  AF:0D93  SP:7FF3  PC:0037   
0038  C3 2D 00  JMP 002D    (2)  BC:0000  DE:0000  HL:00A2  AF:0D93  SP:7FF3  PC:0038   
002D  7E        MOV A,M     (2)  BC:0000  DE:0000  HL:00A2  AF:0D93  SP:7FF3  PC:002D   
002E  FE 24     CPI 24      (2)  BC:0000  DE:0000  HL:00A2  AF:0A93  SP:7FF3  PC:002E   
0030  CA 3B 00  JZ 003B     (2)  BC:0000  DE:0000  HL:00A2  AF:0A93  SP:7FF3  PC:0030   
0033  7E        MOV A,M     (2)  BC:0000  DE:0000  HL:00A2  AF:0A93  SP:7FF3  PC:0033   
0034  CD 40 00  CALL 0040   (2)  BC:0000  DE:0000  HL:00A2  AF:0A93  SP:7FF3  PC:0034   
0040  C5        PUSH B      (3)  BC:0000  DE:0000  HL:00A2  AF:0A93  SP:7FF1  PC:0040   
0041  D5        PUSH D      (3)  BC:0000  DE:0000  HL:00A2  AF:0A93  SP:7FEF  PC:0041   
0042  E5        PUSH H      (3)  BC:0000  DE:0000  HL:00A2  AF:0A93  SP:7FED  PC:0042   
0043  F5        PUSH PSW    (3)  BC:0000  DE:0000  HL:00A2  AF:0A93  SP:7FEB  PC:0043   
0044  4F        MOV C,A     (3)  BC:0000  DE:0000  HL:00A2  AF:0A93  SP:7FE9  PC:0044   
0045  CD 37 C0  CALL C037   (3)  BC:000A  DE:0000  HL:00A2  AF:0A93  SP:7FE9  PC:0045   
0048  F1        POP PSW     (3)  BC:000A  DE:0000  HL:00A2  AF:0A93  SP:7FE9  PC:0048   
0049  E1        POP H       (3)  BC:000A  DE:0000  HL:00A2  AF:0A93  SP:7FEB  PC:0049   
004A  D1        POP D       (3)  BC:000A  DE:0000  HL:00A2  AF:0A93  SP:7FED  PC:004A   
004B  C1        POP B       (3)  BC:000A  DE:0000  HL:00A2  AF:0A93  SP:7FEF  PC:004B   
004C  C9        RET         (3)  BC:0000  DE:0000  HL:00A2  AF:0A93  SP:7FF1  PC:004C   
0037  23        INX H       (2)  BC:0000  DE:0000  HL:00A2  AF:0A93  SP:7FF3  PC:0037   
0038  C3 2D 00  JMP 002D    (2)  BC:0000  DE:0000  HL:00A3  AF:0A93  SP:7FF3  PC:0038   
002D  7E        MOV A,M     (2)  BC:0000  DE:0000  HL:00A3  AF:0A93  SP:7FF3  PC:002D   
002E  FE 24     CPI 24      (2)  BC:0000  DE:0000  HL:00A3  AF:2493  SP:7FF3  PC:002E   
0030  CA 3B 00  JZ 003B     (2)  BC:0000  DE:0000  HL:00A3  AF:2456  SP:7FF3  PC:0030   
003B  F1        POP PSW     (2)  BC:0000  DE:0000  HL:00A3  AF:2456  SP:7FF3  PC:003B   
003C  E1        POP H       (2)  BC:0000  DE:0000  HL:00A3  AF:0046  SP:7FF5  PC:003C   
003D  D1        POP D       (2)  BC:0000  DE:0000  HL:0074  AF:0046  SP:7FF7  PC:003D   
003E  C1        POP B       (2)  BC:0000  DE:0000  HL:0074  AF:0046  SP:7FF9  PC:003E   
003F  C9        RET         (2)  BC:0000  DE:0000  HL:0074  AF:0046  SP:7FFB  PC:003F   
001D  21 A4 00  LXI H,00A4  (1)  BC:0000  DE:0000  HL:0074  AF:0046  SP:7FFD  PC:001D   
0020  CD 29 00  CALL 0029   (1)  BC:0000  DE:0000  HL:00A4  AF:0046  SP:7FFD  PC:0020   
0029  C5        PUSH B      (2)  BC:0000  DE:0000  HL:00A4  AF:0046  SP:7FFB  PC:0029   
002A  D5        PUSH D      (2)  BC:0000  DE:0000  HL:00A4  AF:0046  SP:7FF9  PC:002A   
002B  E5        PUSH H      (2)  BC:0000  DE:0000  HL:00A4  AF:0046  SP:7FF7  PC:002B   
002C  F5        PUSH PSW    (2)  BC:0000  DE:0000  HL:00A4  AF:0046  SP:7FF5  PC:002C   
002D  7E        MOV A,M     (2)  BC:0000  DE:0000  HL:00A4  AF:0046  SP:7FF3  PC:002D   
002E  FE 24     CPI 24      (2)  BC:0000  DE:0000  HL:00A4  AF:5446  SP:7FF3  PC:002E   
0030  CA 3B 00  JZ 003B     (2)  BC:0000  DE:0000  HL:00A4  AF:5416  SP:7FF3  PC:0030   
0033  7E        MOV A,M     (2)  BC:0000  DE:0000  HL:00A4  AF:5416  SP:7FF3  PC:0033   
0034  CD 40 00  CALL 0040   (2)  BC:0000  DE:0000  HL:00A4  AF:5416  SP:7FF3  PC:0034   
0040  C5        PUSH B      (3)  BC:0000  DE:0000  HL:00A4  AF:5416  SP:7FF1  PC:0040   
0041  D5        PUSH D      (3)  BC:0000  DE:0000  HL:00A4  AF:5416  SP:7FEF  PC:0041   
0042  E5        PUSH H      (3)  BC:0000  DE:0000  HL:00A4  AF:5416  SP:7FED  PC:0042   
0043  F5        PUSH PSW    (3)  BC:0000  DE:0000  HL:00A4  AF:5416  SP:7FEB  PC:0043   
0044  4F        MOV C,A     (3)  BC:0000  DE:0000  HL:00A4  AF:5416  SP:7FE9  PC:0044   
0045  CD 37 C0  CALL C037   (3)  BC:0054  DE:0000  HL:00A4  AF:5416  SP:7FE9  PC:0045   
0048  F1        POP PSW     (3)  BC:0054  DE:0000  HL:00A4  AF:5416  SP:7FE9  PC:0048   
0049  E1        POP H       (3)  BC:0054  DE:0000  HL:00A4  AF:5416  SP:7FEB  PC:0049   
004A  D1        POP D       (3)  BC:0054  DE:0000  HL:00A4  AF:5416  SP:7FED  PC:004A   
004B  C1        POP B       (3)  BC:0054  DE:0000  HL:00A4  AF:5416  SP:7FEF  PC:004B   
004C  C9        RET         (3)  BC:0000  DE:0000  HL:00A4  AF:5416  SP:7FF1  PC:004C   
0037  23        INX H       (2)  BC:0000  DE:0000  HL:00A4  AF:5416  SP:7FF3  PC:0037   
0038  C3 2D 00  JMP 002D    (2)  BC:0000  DE:0000  HL:00A5  AF:5416  SP:7FF3  PC:0038   
002D  7E        MOV A,M     (2)  BC:0000  DE:0000  HL:00A5  AF:5416  SP:7FF3  PC:002D   
002E  FE 24     CPI 24      (2)  BC:0000  DE:0000  HL:00A5  AF:4516  SP:7FF3  PC:002E   
0030  CA 3B 00  JZ 003B     (2)  BC:0000  DE:0000  HL:00A5  AF:4516  SP:7FF3  PC:0030   
0033  7E        MOV A,M     (2)  BC:0000  DE:0000  HL:00A5  AF:4516  SP:7FF3  PC:0033   
0034  CD 40 00  CALL 0040   (2)  BC:0000  DE:0000  HL:00A5  AF:4516  SP:7FF3  PC:0034   
0040  C5        PUSH B      (3)  BC:0000  DE:0000  HL:00A5  AF:4516  SP:7FF1  PC:0040   
0041  D5        PUSH D      (3)  BC:0000  DE:0000  HL:00A5  AF:4516  SP:7FEF  PC:0041   
0042  E5        PUSH H      (3)  BC:0000  DE:0000  HL:00A5  AF:4516  SP:7FED  PC:0042   
0043  F5        PUSH PSW    (3)  BC:0000  DE:0000  HL:00A5  AF:4516  SP:7FEB  PC:0043   
0044  4F        MOV C,A     (3)  BC:0000  DE:0000  HL:00A5  AF:4516  SP:7FE9  PC:0044   
0045  CD 37 C0  CALL C037   (3)  BC:0045  DE:0000  HL:00A5  AF:4516  SP:7FE9  PC:0045   
0048  F1        POP PSW     (3)  BC:0045  DE:0000  HL:00A5  AF:4516  SP:7FE9  PC:0048   
0049  E1        POP H       (3)  BC:0045  DE:0000  HL:00A5  AF:4516  SP:7FEB  PC:0049   
004A  D1        POP D       (3)  BC:0045  DE:0000  HL:00A5  AF:4516  SP:7FED  PC:004A   
004B  C1        POP B       (3)  BC:0045  DE:0000  HL:00A5  AF:4516  SP:7FEF  PC:004B   
004C  C9        RET         (3)  BC:0000  DE:0000  HL:00A5  AF:4516  SP:7FF1  PC:004C   
0037  23        INX H       (2)  BC:0000  DE:0000  HL:00A5  AF:4516  SP:7FF3  PC:0037   
0038  C3 2D 00  JMP 002D    (2)  BC:0000  DE:0000  HL:00A6  AF:4516  SP:7FF3  PC:0038   
002D  7E        MOV A,M     (2)  BC:0000  DE:0000  HL:00A6  AF:4516  SP:7FF3  PC:002D   
002E  FE 24     CPI 24      (2)  BC:0000  DE:0000  HL:00A6  AF:5316  SP:7FF3  PC:002E   
0030  CA 3B 00  JZ 003B     (2)  BC:0000  DE:0000  HL:00A6  AF:5302  SP:7FF3  PC:0030   
0033  7E        MOV A,M     (2)  BC:0000  DE:0000  HL:00A6  AF:5302  SP:7FF3  PC:0033   
0034  CD 40 00  CALL 0040   (2)  BC:0000  DE:0000  HL:00A6  AF:5302  SP:7FF3  PC:0034   
0040  C5        PUSH B      (3)  BC:0000  DE:0000  HL:00A6  AF:5302  SP:7FF1  PC:0040   
0041  D5        PUSH D      (3)  BC:0000  DE:0000  HL:00A6  AF:5302  SP:7FEF  PC:0041   
0042  E5        PUSH H      (3)  BC:0000  DE:0000  HL:00A6  AF:5302  SP:7FED  PC:0042   
0043  F5        PUSH PSW    (3)  BC:0000  DE:0000  HL:00A6  AF:5302  SP:7FEB  PC:0043   
0044  4F        MOV C,A     (3)  BC:0000  DE:0000  HL:00A6  AF:5302  SP:7FE9  PC:0044   
0045  CD 37 C0  CALL C037   (3)  BC:0053  DE:0000  HL:00A6  AF:5302  SP:7FE9  PC:0045   
0048  F1        POP PSW     (3)  BC:0053  DE:0000  HL:00A6  AF:5302  SP:7FE9  PC:0048   
0049  E1        POP H       (3)  BC:0053  DE:0000  HL:00A6  AF:5302  SP:7FEB  PC:0049   
004A  D1        POP D       (3)  BC:0053  DE:0000  HL:00A6  AF:5302  SP:7FED  PC:004A   
004B  C1        POP B       (3)  BC:0053  DE:0000  HL:00A6  AF:5302  SP:7FEF  PC:004B   
004C  C9        RET         (3)  BC:0000  DE:0000  HL:00A6  AF:5302  SP:7FF1  PC:004C   
0037  23        INX H       (2)  BC:0000  DE:0000  HL:00A6  AF:5302  SP:7FF3  PC:0037   
0038  C3 2D 00  JMP 002D    (2)  BC:0000  DE:0000  HL:00A7  AF:5302  SP:7FF3  PC:0038   
002D  7E        MOV A,M     (2)  BC:0000  DE:0000  HL:00A7  AF:5302  SP:7FF3  PC:002D   
002E  FE 24     CPI 24      (2)  BC:0000  DE:0000  HL:00A7  AF:5402  SP:7FF3  PC:002E   
0030  CA 3B 00  JZ 003B     (2)  BC:0000  DE:0000  HL:00A7  AF:5416  SP:7FF3  PC:0030   
0033  7E        MOV A,M     (2)  BC:0000  DE:0000  HL:00A7  AF:5416  SP:7FF3  PC:0033   
0034  CD 40 00  CALL 0040   (2)  BC:0000  DE:0000  HL:00A7  AF:5416  SP:7FF3  PC:0034   
0040  C5        PUSH B      (3)  BC:0000  DE:0000  HL:00A7  AF:5416  SP:7FF1  PC:0040   
0041  D5        PUSH D      (3)  BC:0000  DE:0000  HL:00A7  AF:5416  SP:7FEF  PC:0041   
0042  E5        PUSH H      (3)  BC:0000  DE:0000  HL:00A7  AF:5416  SP:7FED  PC:0042   
0043  F5        PUSH PSW    (3)  BC:0000  DE:0000  HL:00A7  AF:5416  SP:7FEB  PC:0043   
0044  4F        MOV C,A     (3)  BC:0000  DE:0000  HL:00A7  AF:5416  SP:7FE9  PC:0044   
0045  CD 37 C0  CALL C037   (3)  BC:0054  DE:0000  HL:00A7  AF:5416  SP:7FE9  PC:0045   
0048  F1        POP PSW     (3)  BC:0054  DE:0000  HL:00A7  AF:5416  SP:7FE9  PC:0048   
0049  E1        POP H       (3)  BC:0054  DE:0000  HL:00A7  AF:5416  SP:7FEB  PC:0049   
004A  D1        POP D       (3)  BC:0054  DE:0000  HL:00A7  AF:5416  SP:7FED  PC:004A   
004B  C1        POP B       (3)  BC:0054  DE:0000  HL:00A7  AF:5416  SP:7FEF  PC:004B   
004C  C9        RET         (3)  BC:0000  DE:0000  HL:00A7  AF:5416  SP:7FF1  PC:004C   
0037  23        INX H       (2)  BC:0000  DE:0000  HL:00A7  AF:5416  SP:7FF3  PC:0037   
0038  C3 2D 00  JMP 002D    (2)  BC:0000  DE:0000  HL:00A8  AF:5416  SP:7FF3  PC:0038   
002D  7E        MOV A,M     (2)  BC:0000  DE:0000  HL:00A8  AF:5416  SP:7FF3  PC:002D   
002E  FE 24     CPI 24      (2)  BC:0000  DE:0000  HL:00A8  AF:5316  SP:7FF3  PC:002E   
0030  CA 3B 00  JZ 003B     (2)  BC:0000  DE:0000  HL:00A8  AF:5302  SP:7FF3  PC:0030   
0033  7E        MOV A,M     (2)  BC:0000  DE:0000  HL:00A8  AF:5302  SP:7FF3  PC:0033   
0034  CD 40 00  CALL 0040   (2)  BC:0000  DE:0000  HL:00A8  AF:5302  SP:7FF3  PC:0034   
0040  C5        PUSH B      (3)  BC:0000  DE:0000  HL:00A8  AF:5302  SP:7FF1  PC:0040   
0041  D5        PUSH D      (3)  BC:0000  DE:0000  HL:00A8  AF:5302  SP:7FEF  PC:0041   
0042  E5        PUSH H      (3)  BC:0000  DE:0000  HL:00A8  AF:5302  SP:7FED  PC:0042   
0043  F5        PUSH PSW    (3)  BC:0000  DE:0000  HL:00A8  AF:5302  SP:7FEB  PC:0043   
0044  4F        MOV C,A     (3)  BC:0000  DE:0000  HL:00A8  AF:5302  SP:7FE9  PC:0044   
0045  CD 37 C0  CALL C037   (3)  BC:0053  DE:0000  HL:00A8  AF:5302  SP:7FE9  PC:0045   
0048  F1        POP PSW     (3)  BC:0053  DE:0000  HL:00A8  AF:5302  SP:7FE9  PC:0048   
0049  E1        POP H       (3)  BC:0053  DE:0000  HL:00A8  AF:5302  SP:7FEB  PC:0049   
004A  D1        POP D       (3)  BC:0053  DE:0000  HL:00A8  AF:5302  SP:7FED  PC:004A   
004B  C1        POP B       (3)  BC:0053  DE:0000  HL:00A8  AF:5302  SP:7FEF  PC:004B   
004C  C9        RET         (3)  BC:0000  DE:0000  HL:00A8  AF:5302  SP:7FF1  PC:004C   
0037  23        INX H       (2)  BC:0000  DE:0000  HL:00A8  AF:5302  SP:7FF3  PC:0037   
0038  C3 2D 00  JMP 002D    (2)  BC:0000  DE:0000  HL:00A9  AF:5302  SP:7FF3  PC:0038   
002D  7E        MOV A,M     (2)  BC:0000  DE:0000  HL:00A9  AF:5302  SP:7FF3  PC:002D   
002E  FE 24     CPI 24      (2)  BC:0000  DE:0000  HL:00A9  AF:2002  SP:7FF3  PC:002E   
0030  CA 3B 00  JZ 003B     (2)  BC:0000  DE:0000  HL:00A9  AF:2087  SP:7FF3  PC:0030   
0033  7E        MOV A,M     (2)  BC:0000  DE:0000  HL:00A9  AF:2087  SP:7FF3  PC:0033   
0034  CD 40 00  CALL 0040   (2)  BC:0000  DE:0000  HL:00A9  AF:2087  SP:7FF3  PC:0034   
0040  C5        PUSH B      (3)  BC:0000  DE:0000  HL:00A9  AF:2087  SP:7FF1  PC:0040   
0041  D5        PUSH D      (3)  BC:0000  DE:0000  HL:00A9  AF:2087  SP:7FEF  PC:0041   
0042  E5        PUSH H      (3)  BC:0000  DE:0000  HL:00A9  AF:2087  SP:7FED  PC:0042   
0043  F5        PUSH PSW    (3)  BC:0000  DE:0000  HL:00A9  AF:2087  SP:7FEB  PC:0043   
0044  4F        MOV C,A     (3)  BC:0000  DE:0000  HL:00A9  AF:2087  SP:7FE9  PC:0044   
0045  CD 37 C0  CALL C037   (3)  BC:0020  DE:0000  HL:00A9  AF:2087  SP:7FE9  PC:0045   
0048  F1        POP PSW     (3)  BC:0020  DE:0000  HL:00A9  AF:2087  SP:7FE9  PC:0048   
0049  E1        POP H       (3)  BC:0020  DE:0000  HL:00A9  AF:2087  SP:7FEB  PC:0049   
004A  D1        POP D       (3)  BC:0020  DE:0000  HL:00A9  AF:2087  SP:7FED  PC:004A   
004B  C1        POP B       (3)  BC:0020  DE:0000  HL:00A9  AF:2087  SP:7FEF  PC:004B   
004C  C9        RET         (3)  BC:0000  DE:0000  HL:00A9  AF:2087  SP:7FF1  PC:004C   
0037  23        INX H       (2)  BC:0000  DE:0000  HL:00A9  AF:2087  SP:7FF3  PC:0037   
0038  C3 2D 00  JMP 002D    (2)  BC:0000  DE:0000  HL:00AA  AF:2087  SP:7FF3  PC:0038   
002D  7E        MOV A,M     (2)  BC:0000  DE:0000  HL:00AA  AF:2087  SP:7FF3  PC:002D   
002E  FE 24     CPI 24      (2)  BC:0000  DE:0000  HL:00AA  AF:4387  SP:7FF3  PC:002E   
0030  CA 3B 00  JZ 003B     (2)  BC:0000  DE:0000  HL:00AA  AF:4302  SP:7FF3  PC:0030   
0033  7E        MOV A,M     (2)  BC:0000  DE:0000  HL:00AA  AF:4302  SP:7FF3  PC:0033   
0034  CD 40 00  CALL 0040   (2)  BC:0000  DE:0000  HL:00AA  AF:4302  SP:7FF3  PC:0034   
0040  C5        PUSH B      (3)  BC:0000  DE:0000  HL:00AA  AF:4302  SP:7FF1  PC:0040   
0041  D5        PUSH D      (3)  BC:0000  DE:0000  HL:00AA  AF:4302  SP:7FEF  PC:0041   
0042  E5        PUSH H      (3)  BC:0000  DE:0000  HL:00AA  AF:4302  SP:7FED  PC:0042   
0043  F5        PUSH PSW    (3)  BC:0000  DE:0000  HL:00AA  AF:4302  SP:7FEB  PC:0043   
0044  4F        MOV C,A     (3)  BC:0000  DE:0000  HL:00AA  AF:4302  SP:7FE9  PC:0044   
0045  CD 37 C0  CALL C037   (3)  BC:0043  DE:0000  HL:00AA  AF:4302  SP:7FE9  PC:0045   
0048  F1        POP PSW     (3)  BC:0043  DE:0000  HL:00AA  AF:4302  SP:7FE9  PC:0048   
0049  E1        POP H       (3)  BC:0043  DE:0000  HL:00AA  AF:4302  SP:7FEB  PC:0049   
004A  D1        POP D       (3)  BC:0043  DE:0000  HL:00AA  AF:4302  SP:7FED  PC:004A   
004B  C1        POP B       (3)  BC:0043  DE:0000  HL:00AA  AF:4302  SP:7FEF  PC:004B   
004C  C9        RET         (3)  BC:0000  DE:0000  HL:00AA  AF:4302  SP:7FF1  PC:004C   
0037  23        INX H       (2)  BC:0000  DE:0000  HL:00AA  AF:4302  SP:7FF3  PC:0037   
0038  C3 2D 00  JMP 002D    (2)  BC:0000  DE:0000  HL:00AB  AF:4302  SP:7FF3  PC:0038   
002D  7E        MOV A,M     (2)  BC:0000  DE:0000  HL:00AB  AF:4302  SP:7FF3  PC:002D   
002E  FE 24     CPI 24      (2)  BC:0000  DE:0000  HL:00AB  AF:4F02  SP:7FF3  PC:002E   
0030  CA 3B 00  JZ 003B     (2)  BC:0000  DE:0000  HL:00AB  AF:4F16  SP:7FF3  PC:0030   
0033  7E        MOV A,M     (2)  BC:0000  DE:0000  HL:00AB  AF:4F16  SP:7FF3  PC:0033   
0034  CD 40 00  CALL 0040   (2)  BC:0000  DE:0000  HL:00AB  AF:4F16  SP:7FF3  PC:0034   
0040  C5        PUSH B      (3)  BC:0000  DE:0000  HL:00AB  AF:4F16  SP:7FF1  PC:0040   
0041  D5        PUSH D      (3)  BC:0000  DE:0000  HL:00AB  AF:4F16  SP:7FEF  PC:0041   
0042  E5        PUSH H      (3)  BC:0000  DE:0000  HL:00AB  AF:4F16  SP:7FED  PC:0042   
0043  F5        PUSH PSW    (3)  BC:0000  DE:0000  HL:00AB  AF:4F16  SP:7FEB  PC:0043   
0044  4F        MOV C,A     (3)  BC:0000  DE:0000  HL:00AB  AF:4F16  SP:7FE9  PC:0044   
0045  CD 37 C0  CALL C037   (3)  BC:004F  DE:0000  HL:00AB  AF:4F16  SP:7FE9  PC:0045   
0048  F1        POP PSW     (3)  BC:004F  DE:0000  HL:00AB  AF:4F16  SP:7FE9  PC:0048   
0049  E1        POP H       (3)  BC:004F  DE:0000  HL:00AB  AF:4F16  SP:7FEB  PC:0049   
004A  D1        POP D       (3)  BC:004F  DE:0000  HL:00AB  AF:4F16  SP:7FED  PC:004A   
004B  C1        POP B       (3)  BC:004F  DE:0000  HL:00AB  AF:4F16  SP:7FEF  PC:004B   
004C  C9        RET         (3)  BC:0000  DE:0000  HL:00AB  AF:4F16  SP:7FF1  PC:004C   
0037  23        INX H       (2)  BC:0000  DE:0000  HL:00AB  AF:4F16  SP:7FF3  PC:0037   
0038  C3 2D 00  JMP 002D    (2)  BC:0000  DE:0000  HL:00AC  AF:4F16  SP:7FF3  PC:0038   
002D  7E        MOV A,M     (2)  BC:0000  DE:0000  HL:00AC  AF:4F16  SP:7FF3  PC:002D   
002E  FE 24     CPI 24      (2)  BC:0000  DE:0000  HL:00AC  AF:4D16  SP:7FF3  PC:002E   
0030  CA 3B 00  JZ 003B     (2)  BC:0000  DE:0000  HL:00AC  AF:4D12  SP:7FF3  PC:0030   
0033  7E        MOV A,M     (2)  BC:0000  DE:0000  HL:00AC  AF:4D12  SP:7FF3  PC:0033   
0034  CD 40 00  CALL 0040   (2)  BC:0000  DE:0000  HL:00AC  AF:4D12  SP:7FF3  PC:0034   
0040  C5        PUSH B      (3)  BC:0000  DE:0000  HL:00AC  AF:4D12  SP:7FF1  PC:0040   
0041  D5        PUSH D      (3)  BC:0000  DE:0000  HL:00AC  AF:4D12  SP:7FEF  PC:0041   
0042  E5        PUSH H      (3)  BC:0000  DE:0000  HL:00AC  AF:4D12  SP:7FED  PC:0042   
0043  F5        PUSH PSW    (3)  BC:0000  DE:0000  HL:00AC  AF:4D12  SP:7FEB  PC:0043   
0044  4F        MOV C,A     (3)  BC:0000  DE:0000  HL:00AC  AF:4D12  SP:7FE9  PC:0044   
0045  CD 37 C0  CALL C037   (3)  BC:004D  DE:0000  HL:00AC  AF:4D12  SP:7FE9  PC:0045   
0048  F1        POP PSW     (3)  BC:004D  DE:0000  HL:00AC  AF:4D12  SP:7FE9  PC:0048   
0049  E1        POP H       (3)  BC:004D  DE:0000  HL:00AC  AF:4D12  SP:7FEB  PC:0049   
004A  D1        POP D       (3)  BC:004D  DE:0000  HL:00AC  AF:4D12  SP:7FED  PC:004A   
004B  C1        POP B       (3)  BC:004D  DE:0000  HL:00AC  AF:4D12  SP:7FEF  PC:004B   
004C  C9        RET         (3)  BC:0000  DE:0000  HL:00AC  AF:4D12  SP:7FF1  PC:004C   
0037  23        INX H       (2)  BC:0000  DE:0000  HL:00AC  AF:4D12  SP:7FF3  PC:0037   
0038  C3 2D 00  JMP 002D    (2)  BC:0000  DE:0000  HL:00AD  AF:4D12  SP:7FF3  PC:0038   
002D  7E        MOV A,M     (2)  BC:0000  DE:0000  HL:00AD  AF:4D12  SP:7FF3  PC:002D   
002E  FE 24     CPI 24      (2)  BC:0000  DE:0000  HL:00AD  AF:5012  SP:7FF3  PC:002E   
0030  CA 3B 00  JZ 003B     (2)  BC:0000  DE:0000  HL:00AD  AF:5002  SP:7FF3  PC:0030   
0033  7E        MOV A,M     (2)  BC:0000  DE:0000  HL:00AD  AF:5002  SP:7FF3  PC:0033   
0034  CD 40 00  CALL 0040   (2)  BC:0000  DE:0000  HL:00AD  AF:5002  SP:7FF3  PC:0034   
0040  C5        PUSH B      (3)  BC:0000  DE:0000  HL:00AD  AF:5002  SP:7FF1  PC:0040   
0041  D5        PUSH D      (3)  BC:0000  DE:0000  HL:00AD  AF:5002  SP:7FEF  PC:0041   
0042  E5        PUSH H      (3)  BC:0000  DE:0000  HL:00AD  AF:5002  SP:7FED  PC:0042   
0043  F5        PUSH PSW    (3)  BC:0000  DE:0000  HL:00AD  AF:5002  SP:7FEB  PC:0043   
0044  4F        MOV C,A     (3)  BC:0000  DE:0000  HL:00AD  AF:5002  SP:7FE9  PC:0044   
0045  CD 37 C0  CALL C037   (3)  BC:0050  DE:0000  HL:00AD  AF:5002  SP:7FE9  PC:0045   
0048  F1        POP PSW     (3)  BC:0050  DE:0000  HL:00AD  AF:5002  SP:7FE9  PC:0048   
0049  E1        POP H       (3)  BC:0050  DE:0000  HL:00AD  AF:5002  SP:7FEB  PC:0049   
004A  D1        POP D       (3)  BC:0050  DE:0000  HL:00AD  AF:5002  SP:7FED  PC:004A   
004B  C1        POP B       (3)  BC:0050  DE:0000  HL:00AD  AF:5002  SP:7FEF  PC:004B   
004C  C9        RET         (3)  BC:0000  DE:0000  HL:00AD  AF:5002  SP:7FF1  PC:004C   
0037  23        INX H       (2)  BC:0000  DE:0000  HL:00AD  AF:5002  SP:7FF3  PC:0037   
0038  C3 2D 00  JMP 002D    (2)  BC:0000  DE:0000  HL:00AE  AF:5002  SP:7FF3  PC:0038   
002D  7E        MOV A,M     (2)  BC:0000  DE:0000  HL:00AE  AF:5002  SP:7FF3  PC:002D   
002E  FE 24     CPI 24      (2)  BC:0000  DE:0000  HL:00AE  AF:4C02  SP:7FF3  PC:002E   
0030  CA 3B 00  JZ 003B     (2)  BC:0000  DE:0000  HL:00AE  AF:4C16  SP:7FF3  PC:0030   
0033  7E        MOV A,M     (2)  BC:0000  DE:0000  HL:00AE  AF:4C16  SP:7FF3  PC:0033   
0034  CD 40 00  CALL 0040   (2)  BC:0000  DE:0000  HL:00AE  AF:4C16  SP:7FF3  PC:0034   
0040  C5        PUSH B      (3)  BC:0000  DE:0000  HL:00AE  AF:4C16  SP:7FF1  PC:0040   
0041  D5        PUSH D      (3)  BC:0000  DE:0000  HL:00AE  AF:4C16  SP:7FEF  PC:0041   
0042  E5        PUSH H      (3)  BC:0000  DE:0000  HL:00AE  AF:4C16  SP:7FED  PC:0042   
0043  F5        PUSH PSW    (3)  BC:0000  DE:0000  HL:00AE  AF:4C16  SP:7FEB  PC:0043   
0044  4F        MOV C,A     (3)  BC:0000  DE:0000  HL:00AE  AF:4C16  SP:7FE9  PC:0044   
0045  CD 37 C0  CALL C037   (3)  BC:004C  DE:0000  HL:00AE  AF:4C16  SP:7FE9  PC:0045   
0048  F1        POP PSW     (3)  BC:004C  DE:0000  HL:00AE  AF:4C16  SP:7FE9  PC:0048   
0049  E1        POP H       (3)  BC:004C  DE:0000  HL:00AE  AF:4C16  SP:7FEB  PC:0049   
004A  D1        POP D       (3)  BC:004C  DE:0000  HL:00AE  AF:4C16  SP:7FED  PC:004A   
004B  C1        POP B       (3)  BC:004C  DE:0000  HL:00AE  AF:4C16  SP:7FEF  PC:004B   
004C  C9        RET         (3)  BC:0000  DE:0000  HL:00AE  AF:4C16  SP:7FF1  PC:004C   
0037  23        INX H       (2)  BC:0000  DE:0000  HL:00AE  AF:4C16  SP:7FF3  PC:0037   
0038  C3 2D 00  JMP 002D    (2)  BC:0000  DE:0000  HL:00AF  AF:4C16  SP:7FF3  PC:0038   
002D  7E        MOV A,M     (2)  BC:0000  DE:0000  HL:00AF  AF:4C16  SP:7FF3  PC:002D   
002E  FE 24     CPI 24      (2)  BC:0000  DE:0000  HL:00AF  AF:4516  SP:7FF3  PC:002E   
0030  CA 3B 00  JZ 003B     (2)  BC:0000  DE:0000  HL:00AF  AF:4516  SP:7FF3  PC:0030   
0033  7E        MOV A,M     (2)  BC:0000  DE:0000  HL:00AF  AF:4516  SP:7FF3  PC:0033   
0034  CD 40 00  CALL 0040   (2)  BC:0000  DE:0000  HL:00AF  AF:4516  SP:7FF3  PC:0034   
0040  C5        PUSH B      (3)  BC:0000  DE:0000  HL:00AF  AF:4516  SP:7FF1  PC:0040   
0041  D5        PUSH D      (3)  BC:0000  DE:0000  HL:00AF  AF:4516  SP:7FEF  PC:0041   
0042  E5        PUSH H      (3)  BC:0000  DE:0000  HL:00AF  AF:4516  SP:7FED  PC:0042   
0043  F5        PUSH PSW    (3)  BC:0000  DE:0000  HL:00AF  AF:4516  SP:7FEB  PC:0043   
0044  4F        MOV C,A     (3)  BC:0000  DE:0000  HL:00AF  AF:4516  SP:7FE9  PC:0044   
0045  CD 37 C0  CALL C037   (3)  BC:0045  DE:0000  HL:00AF  AF:4516  SP:7FE9  PC:0045   
0048  F1        POP PSW     (3)  BC:0045  DE:0000  HL:00AF  AF:4516  SP:7FE9  PC:0048   
0049  E1        POP H       (3)  BC:0045  DE:0000  HL:00AF  AF:4516  SP:7FEB  PC:0049   
004A  D1        POP D       (3)  BC:0045  DE:0000  HL:00AF  AF:4516  SP:7FED  PC:004A   
004B  C1        POP B       (3)  BC:0045  DE:0000  HL:00AF  AF:4516  SP:7FEF  PC:004B   
004C  C9        RET         (3)  BC:0000  DE:0000  HL:00AF  AF:4516  SP:7FF1  PC:004C   
0037  23        INX H       (2)  BC:0000  DE:0000  HL:00AF  AF:4516  SP:7FF3  PC:0037   
0038  C3 2D 00  JMP 002D    (2)  BC:0000  DE:0000  HL:00B0  AF:4516  SP:7FF3  PC:0038   
002D  7E        MOV A,M     (2)  BC:0000  DE:0000  HL:00B0  AF:4516  SP:7FF3  PC:002D   
002E  FE 24     CPI 24      (2)  BC:0000  DE:0000  HL:00B0  AF:5416  SP:7FF3  PC:002E   
0030  CA 3B 00  JZ 003B     (2)  BC:0000  DE:0000  HL:00B0  AF:5416  SP:7FF3  PC:0030   
0033  7E        MOV A,M     (2)  BC:0000  DE:0000  HL:00B0  AF:5416  SP:7FF3  PC:0033   
0034  CD 40 00  CALL 0040   (2)  BC:0000  DE:0000  HL:00B0  AF:5416  SP:7FF3  PC:0034   
0040  C5        PUSH B      (3)  BC:0000  DE:0000  HL:00B0  AF:5416  SP:7FF1  PC:0040   
0041  D5        PUSH D      (3)  BC:0000  DE:0000  HL:00B0  AF:5416  SP:7FEF  PC:0041   
0042  E5        PUSH H      (3)  BC:0000  DE:0000  HL:00B0  AF:5416  SP:7FED  PC:0042   
0043  F5        PUSH PSW    (3)  BC:0000  DE:0000  HL:00B0  AF:5416  SP:7FEB  PC:0043   
0044  4F        MOV C,A     (3)  BC:0000  DE:0000  HL:00B0  AF:5416  SP:7FE9  PC:0044   
0045  CD 37 C0  CALL C037   (3)  BC:0054  DE:0000  HL:00B0  AF:5416  SP:7FE9  PC:0045   
0048  F1        POP PSW     (3)  BC:0054  DE:0000  HL:00B0  AF:5416  SP:7FE9  PC:0048   
0049  E1        POP H       (3)  BC:0054  DE:0000  HL:00B0  AF:5416  SP:7FEB  PC:0049   
004A  D1        POP D       (3)  BC:0054  DE:0000  HL:00B0  AF:5416  SP:7FED  PC:004A   
004B  C1        POP B       (3)  BC:0054  DE:0000  HL:00B0  AF:5416  SP:7FEF  PC:004B   
004C  C9        RET         (3)  BC:0000  DE:0000  HL:00B0  AF:5416  SP:7FF1  PC:004C   
0037  23        INX H       (2)  BC:0000  DE:0000  HL:00B0  AF:5416  SP:7FF3  PC:0037   
0038  C3 2D 00  JMP 002D    (2)  BC:0000  DE:0000  HL:00B1  AF:5416  SP:7FF3  PC:0038   
002D  7E        MOV A,M     (2)  BC:0000  DE:0000  HL:00B1  AF:5416  SP:7FF3  PC:002D   
002E  FE 24     CPI 24      (2)  BC:0000  DE:0000  HL:00B1  AF:4516  SP:7FF3  PC:002E   
0030  CA 3B 00  JZ 003B     (2)  BC:0000  DE:0000  HL:00B1  AF:4516  SP:7FF3  PC:0030   
0033  7E        MOV A,M     (2)  BC:0000  DE:0000  HL:00B1  AF:4516  SP:7FF3  PC:0033   
0034  CD 40 00  CALL 0040   (2)  BC:0000  DE:0000  HL:00B1  AF:4516  SP:7FF3  PC:0034   
0040  C5        PUSH B      (3)  BC:0000  DE:0000  HL:00B1  AF:4516  SP:7FF1  PC:0040   
0041  D5        PUSH D      (3)  BC:0000  DE:0000  HL:00B1  AF:4516  SP:7FEF  PC:0041   
0042  E5        PUSH H      (3)  BC:0000  DE:0000  HL:00B1  AF:4516  SP:7FED  PC:0042   
0043  F5        PUSH PSW    (3)  BC:0000  DE:0000  HL:00B1  AF:4516  SP:7FEB  PC:0043   
0044  4F        MOV C,A     (3)  BC:0000  DE:0000  HL:00B1  AF:4516  SP:7FE9  PC:0044   
0045  CD 37 C0  CALL C037   (3)  BC:0045  DE:0000  HL:00B1  AF:4516  SP:7FE9  PC:0045   
0048  F1        POP PSW     (3)  BC:0045  DE:0000  HL:00B1  AF:4516  SP:7FE9  PC:0048   
0049  E1        POP H       (3)  BC:0045  DE:0000  HL:00B1  AF:4516  SP:7FEB  PC:0049   
004A  D1        POP D       (3)  BC:0045  DE:0000  HL:00B1  AF:4516  SP:7FED  PC:004A   
004B  C1        POP B       (3)  BC:0045  DE:0000  HL:00B1  AF:4516  SP:7FEF  PC:004B   
004C  C9        RET         (3)  BC:0000  DE:0000  HL:00B1  AF:4516  SP:7FF1  PC:004C   
0037  23        INX H       (2)  BC:0000  DE:0000  HL:00B1  AF:4516  SP:7FF3  PC:0037   
0038  C3 2D 00  JMP 002D    (2)  BC:0000  DE:0000  HL:00B2  AF:4516  SP:7FF3  PC:0038   
002D  7E        MOV A,M     (2)  BC:0000  DE:0000  HL:00B2  AF:4516  SP:7FF3  PC:002D   
002E  FE 24     CPI 24      (2)  BC:0000  DE:0000  HL:00B2  AF:2416  SP:7FF3  PC:002E   
0030  CA 3B 00  JZ 003B     (2)  BC:0000  DE:0000  HL:00B2  AF:2456  SP:7FF3  PC:0030   
003B  F1        POP PSW     (2)  BC:0000  DE:0000  HL:00B2  AF:2456  SP:7FF3  PC:003B   
003C  E1        POP H       (2)  BC:0000  DE:0000  HL:00B2  AF:0046  SP:7FF5  PC:003C   
003D  D1        POP D       (2)  BC:0000  DE:0000  HL:00A4  AF:0046  SP:7FF7  PC:003D   
003E  C1        POP B       (2)  BC:0000  DE:0000  HL:00A4  AF:0046  SP:7FF9  PC:003E   
003F  C9        RET         (2)  BC:0000  DE:0000  HL:00A4  AF:0046  SP:7FFB  PC:003F   
0023  C3 26 00  JMP 0026    (1)  BC:0000  DE:0000  HL:00A4  AF:0046  SP:7FFD  PC:0023   
0026  C3 00 C8  JMP C800    (1)  BC:0000  DE:0000  HL:00A4  AF:0046  SP:7FFD  PC:0026   