0000  21 09 00  LXI H,0009  (1)  BC:0000  DE:0000  HL:0000  AF:0046  SP:7FFD  PC:0000   
0003  CD 56 00  CALL 0056   (1)  BC:0000  DE:0000  HL:0009  AF:0046  SP:7FFD  PC:0003   
0056  C5        PUSH B      (2)  BC:0000  DE:0000  HL:0009  AF:0046  SP:7FFB  PC:0056   
0057  D5        PUSH D      (2)  BC:0000  DE:0000  HL:0009  AF:0046  SP:7FF9  PC:0057   
0058  E5        PUSH H      (2)  BC:0000  DE:0000  HL:0009  AF:0046  SP:7FF7  PC:0058   
0059  F5        PUSH PSW    (2)  BC:0000  DE:0000  HL:0009  AF:0046  SP:7FF5  PC:0059   
005A  7E        MOV A,M     (2)  BC:0000  DE:0000  HL:0009  AF:0046  SP:7FF3  PC:005A   
005B  FE 24     CPI 24      (2)  BC:0000  DE:0000  HL:0009  AF:0D46  SP:7FF3  PC:005B   
005D  CA 68 00  JZ 0068     (2)  BC:0000  DE:0000  HL:0009  AF:0D93  SP:7FF3  PC:005D   
0060  7E        MOV A,M     (2)  BC:0000  DE:0000  HL:0009  AF:0D93  SP:7FF3  PC:0060   
0061  CD 6D 00  CALL 006D   (2)  BC:0000  DE:0000  HL:0009  AF:0D93  SP:7FF3  PC:0061   
0064  23        INX H       (2)  BC:0000  DE:0000  HL:0009  AF:0D93  SP:7FF3  PC:0064   
0065  C3 5A 00  JMP 005A    (2)  BC:0000  DE:0000  HL:000A  AF:0D93  SP:7FF3  PC:0065   
005A  7E        MOV A,M     (2)  BC:0000  DE:0000  HL:000A  AF:0D93  SP:7FF3  PC:005A   
005B  FE 24     CPI 24      (2)  BC:0000  DE:0000  HL:000A  AF:0A93  SP:7FF3  PC:005B   
005D  CA 68 00  JZ 0068     (2)  BC:0000  DE:0000  HL:000A  AF:0A93  SP:7FF3  PC:005D   
0060  7E        MOV A,M     (2)  BC:0000  DE:0000  HL:000A  AF:0A93  SP:7FF3  PC:0060   
0061  CD 6D 00  CALL 006D   (2)  BC:0000  DE:0000  HL:000A  AF:0A93  SP:7FF3  PC:0061   
0064  23        INX H       (2)  BC:0000  DE:0000  HL:000A  AF:0A93  SP:7FF3  PC:0064   
0065  C3 5A 00  JMP 005A    (2)  BC:0000  DE:0000  HL:000B  AF:0A93  SP:7FF3  PC:0065   
005A  7E        MOV A,M     (2)  BC:0000  DE:0000  HL:000B  AF:0A93  SP:7FF3  PC:005A   
005B  FE 24     CPI 24      (2)  BC:0000  DE:0000  HL:000B  AF:4D93  SP:7FF3  PC:005B   
005D  CA 68 00  JZ 0068     (2)  BC:0000  DE:0000  HL:000B  AF:4D12  SP:7FF3  PC:005D   
0060  7E        MOV A,M     (2)  BC:0000  DE:0000  HL:000B  AF:4D12  SP:7FF3  PC:0060   
0061  CD 6D 00  CALL 006D   (2)  BC:0000  DE:0000  HL:000B  AF:4D12  SP:7FF3  PC:0061   
0064  23        INX H       (2)  BC:0000  DE:0000  HL:000B  AF:4D12  SP:7FF3  PC:0064   
0065  C3 5A 00  JMP 005A    (2)  BC:0000  DE:0000  HL:000C  AF:4D12  SP:7FF3  PC:0065   
005A  7E        MOV A,M     (2)  BC:0000  DE:0000  HL:000C  AF:4D12  SP:7FF3  PC:005A   
005B  FE 24     CPI 24      (2)  BC:0000  DE:0000  HL:000C  AF:4912  SP:7FF3  PC:005B   
005D  CA 68 00  JZ 0068     (2)  BC:0000  DE:0000  HL:000C  AF:4912  SP:7FF3  PC:005D   
0060  7E        MOV A,M     (2)  BC:0000  DE:0000  HL:000C  AF:4912  SP:7FF3  PC:0060   
0061  CD 6D 00  CALL 006D   (2)  BC:0000  DE:0000  HL:000C  AF:4912  SP:7FF3  PC:0061   
0064  23        INX H       (2)  BC:0000  DE:0000  HL:000C  AF:4912  SP:7FF3  PC:0064   
0065  C3 5A 00  JMP 005A    (2)  BC:0000  DE:0000  HL:000D  AF:4912  SP:7FF3  PC:0065   
005A  7E        MOV A,M     (2)  BC:0000  DE:0000  HL:000D  AF:4912  SP:7FF3  PC:005A   
005B  FE 24     CPI 24      (2)  BC:0000  DE:0000  HL:000D  AF:4312  SP:7FF3  PC:005B   
005D  CA 68 00  JZ 0068     (2)  BC:0000  DE:0000  HL:000D  AF:4302  SP:7FF3  PC:005D   
0060  7E        MOV A,M     (2)  BC:0000  DE:0000  HL:000D  AF:4302  SP:7FF3  PC:0060   
0061  CD 6D 00  CALL 006D   (2)  BC:0000  DE:0000  HL:000D  AF:4302  SP:7FF3  PC:0061   
0064  23        INX H       (2)  BC:0000  DE:0000  HL:000D  AF:4302  SP:7FF3  PC:0064   
0065  C3 5A 00  JMP 005A    (2)  BC:0000  DE:0000  HL:000E  AF:4302  SP:7FF3  PC:0065   
005A  7E        MOV A,M     (2)  BC:0000  DE:0000  HL:000E  AF:4302  SP:7FF3  PC:005A   
005B  FE 24     CPI 24      (2)  BC:0000  DE:0000  HL:000E  AF:5202  SP:7FF3  PC:005B   
005D  CA 68 00  JZ 0068     (2)  BC:0000  DE:0000  HL:000E  AF:5206  SP:7FF3  PC:005D   
0060  7E        MOV A,M     (2)  BC:0000  DE:0000  HL:000E  AF:5206  SP:7FF3  PC:0060   
0061  CD 6D 00  CALL 006D   (2)  BC:0000  DE:0000  HL:000E  AF:5206  SP:7FF3  PC:0061   
0064  23        INX H       (2)  BC:0000  DE:0000  HL:000E  AF:5206  SP:7FF3  PC:0064   
0065  C3 5A 00  JMP 005A    (2)  BC:0000  DE:0000  HL:000F  AF:5206  SP:7FF3  PC:0065   
005A  7E        MOV A,M     (2)  BC:0000  DE:0000  HL:000F  AF:5206  SP:7FF3  PC:005A   
005B  FE 24     CPI 24      (2)  BC:0000  DE:0000  HL:000F  AF:4F06  SP:7FF3  PC:005B   
005D  CA 68 00  JZ 0068     (2)  BC:0000  DE:0000  HL:000F  AF:4F16  SP:7FF3  PC:005D   
0060  7E        MOV A,M     (2)  BC:0000  DE:0000  HL:000F  AF:4F16  SP:7FF3  PC:0060   
0061  CD 6D 00  CALL 006D   (2)  BC:0000  DE:0000  HL:000F  AF:4F16  SP:7FF3  PC:0061   
0064  23        INX H       (2)  BC:0000  DE:0000  HL:000F  AF:4F16  SP:7FF3  PC:0064   
0065  C3 5A 00  JMP 005A    (2)  BC:0000  DE:0000  HL:0010  AF:4F16  SP:7FF3  PC:0065   
005A  7E        MOV A,M     (2)  BC:0000  DE:0000  HL:0010  AF:4F16  SP:7FF3  PC:005A   
005B  FE 24     CPI 24      (2)  BC:0000  DE:0000  HL:0010  AF:4316  SP:7FF3  PC:005B   
005D  CA 68 00  JZ 0068     (2)  BC:0000  DE:0000  HL:0010  AF:4302  SP:7FF3  PC:005D   
0060  7E        MOV A,M     (2)  BC:0000  DE:0000  HL:0010  AF:4302  SP:7FF3  PC:0060   
0061  CD 6D 00  CALL 006D   (2)  BC:0000  DE:0000  HL:0010  AF:4302  SP:7FF3  PC:0061   
0064  23        INX H       (2)  BC:0000  DE:0000  HL:0010  AF:4302  SP:7FF3  PC:0064   
0065  C3 5A 00  JMP 005A    (2)  BC:0000  DE:0000  HL:0011  AF:4302  SP:7FF3  PC:0065   
005A  7E        MOV A,M     (2)  BC:0000  DE:0000  HL:0011  AF:4302  SP:7FF3  PC:005A   
005B  FE 24     CPI 24      (2)  BC:0000  DE:0000  HL:0011  AF:4F02  SP:7FF3  PC:005B   
005D  CA 68 00  JZ 0068     (2)  BC:0000  DE:0000  HL:0011  AF:4F16  SP:7FF3  PC:005D   
0060  7E        MOV A,M     (2)  BC:0000  DE:0000  HL:0011  AF:4F16  SP:7FF3  PC:0060   
0061  CD 6D 00  CALL 006D   (2)  BC:0000  DE:0000  HL:0011  AF:4F16  SP:7FF3  PC:0061   
0064  23        INX H       (2)  BC:0000  DE:0000  HL:0011  AF:4F16  SP:7FF3  PC:0064   
0065  C3 5A 00  JMP 005A    (2)  BC:0000  DE:0000  HL:0012  AF:4F16  SP:7FF3  PC:0065   
005A  7E        MOV A,M     (2)  BC:0000  DE:0000  HL:0012  AF:4F16  SP:7FF3  PC:005A   
005B  FE 24     CPI 24      (2)  BC:0000  DE:0000  HL:0012  AF:5316  SP:7FF3  PC:005B   
005D  CA 68 00  JZ 0068     (2)  BC:0000  DE:0000  HL:0012  AF:5302  SP:7FF3  PC:005D   
0060  7E        MOV A,M     (2)  BC:0000  DE:0000  HL:0012  AF:5302  SP:7FF3  PC:0060   
0061  CD 6D 00  CALL 006D   (2)  BC:0000  DE:0000  HL:0012  AF:5302  SP:7FF3  PC:0061   
0064  23        INX H       (2)  BC:0000  DE:0000  HL:0012  AF:5302  SP:7FF3  PC:0064   
0065  C3 5A 00  JMP 005A    (2)  BC:0000  DE:0000  HL:0013  AF:5302  SP:7FF3  PC:0065   
005A  7E        MOV A,M     (2)  BC:0000  DE:0000  HL:0013  AF:5302  SP:7FF3  PC:005A   
005B  FE 24     CPI 24      (2)  BC:0000  DE:0000  HL:0013  AF:4D02  SP:7FF3  PC:005B   
005D  CA 68 00  JZ 0068     (2)  BC:0000  DE:0000  HL:0013  AF:4D12  SP:7FF3  PC:005D   
0060  7E        MOV A,M     (2)  BC:0000  DE:0000  HL:0013  AF:4D12  SP:7FF3  PC:0060   
0061  CD 6D 00  CALL 006D   (2)  BC:0000  DE:0000  HL:0013  AF:4D12  SP:7FF3  PC:0061   
0064  23        INX H       (2)  BC:0000  DE:0000  HL:0013  AF:4D12  SP:7FF3  PC:0064   
0065  C3 5A 00  JMP 005A    (2)  BC:0000  DE:0000  HL:0014  AF:4D12  SP:7FF3  PC:0065   
005A  7E        MOV A,M     (2)  BC:0000  DE:0000  HL:0014  AF:4D12  SP:7FF3  PC:005A   
005B  FE 24     CPI 24      (2)  BC:0000  DE:0000  HL:0014  AF:2012  SP:7FF3  PC:005B   
005D  CA 68 00  JZ 0068     (2)  BC:0000  DE:0000  HL:0014  AF:2087  SP:7FF3  PC:005D   
0060  7E        MOV A,M     (2)  BC:0000  DE:0000  HL:0014  AF:2087  SP:7FF3  PC:0060   
0061  CD 6D 00  CALL 006D   (2)  BC:0000  DE:0000  HL:0014  AF:2087  SP:7FF3  PC:0061   
0064  23        INX H       (2)  BC:0000  DE:0000  HL:0014  AF:2087  SP:7FF3  PC:0064   
0065  C3 5A 00  JMP 005A    (2)  BC:0000  DE:0000  HL:0015  AF:2087  SP:7FF3  PC:0065   
005A  7E        MOV A,M     (2)  BC:0000  DE:0000  HL:0015  AF:2087  SP:7FF3  PC:005A   
005B  FE 24     CPI 24      (2)  BC:0000  DE:0000  HL:0015  AF:4187  SP:7FF3  PC:005B   
005D  CA 68 00  JZ 0068     (2)  BC:0000  DE:0000  HL:0015  AF:4106  SP:7FF3  PC:005D   
0060  7E        MOV A,M     (2)  BC:0000  DE:0000  HL:0015  AF:4106  SP:7FF3  PC:0060   
0061  CD 6D 00  CALL 006D   (2)  BC:0000  DE:0000  HL:0015  AF:4106  SP:7FF3  PC:0061   
0064  23        INX H       (2)  BC:0000  DE:0000  HL:0015  AF:4106  SP:7FF3  PC:0064   
0065  C3 5A 00  JMP 005A    (2)  BC:0000  DE:0000  HL:0016  AF:4106  SP:7FF3  PC:0065   
005A  7E        MOV A,M     (2)  BC:0000  DE:0000  HL:0016  AF:4106  SP:7FF3  PC:005A   
005B  FE 24     CPI 24      (2)  BC:0000  DE:0000  HL:0016  AF:5306  SP:7FF3  PC:005B   
005D  CA 68 00  JZ 0068     (2)  BC:0000  DE:0000  HL:0016  AF:5302  SP:7FF3  PC:005D   
0060  7E        MOV A,M     (2)  BC:0000  DE:0000  HL:0016  AF:5302  SP:7FF3  PC:0060   
0061  CD 6D 00  CALL 006D   (2)  BC:0000  DE:0000  HL:0016  AF:5302  SP:7FF3  PC:0061   
0064  23        INX H       (2)  BC:0000  DE:0000  HL:0016  AF:5302  SP:7FF3  PC:0064   
0065  C3 5A 00  JMP 005A    (2)  BC:0000  DE:0000  HL:0017  AF:5302  SP:7FF3  PC:0065   
005A  7E        MOV A,M     (2)  BC:0000  DE:0000  HL:0017  AF:5302  SP:7FF3  PC:005A   
005B  FE 24     CPI 24      (2)  BC:0000  DE:0000  HL:0017  AF:5302  SP:7FF3  PC:005B   
005D  CA 68 00  JZ 0068     (2)  BC:0000  DE:0000  HL:0017  AF:5302  SP:7FF3  PC:005D   
0060  7E        MOV A,M     (2)  BC:0000  DE:0000  HL:0017  AF:5302  SP:7FF3  PC:0060   
0061  CD 6D 00  CALL 006D   (2)  BC:0000  DE:0000  HL:0017  AF:5302  SP:7FF3  PC:0061   
0064  23        INX H       (2)  BC:0000  DE:0000  HL:0017  AF:5302  SP:7FF3  PC:0064   
0065  C3 5A 00  JMP 005A    (2)  BC:0000  DE:0000  HL:0018  AF:5302  SP:7FF3  PC:0065   
005A  7E        MOV A,M     (2)  BC:0000  DE:0000  HL:0018  AF:5302  SP:7FF3  PC:005A   
005B  FE 24     CPI 24      (2)  BC:0000  DE:0000  HL:0018  AF:4F02  SP:7FF3  PC:005B   
005D  CA 68 00  JZ 0068     (2)  BC:0000  DE:0000  HL:0018  AF:4F16  SP:7FF3  PC:005D   
0060  7E        MOV A,M     (2)  BC:0000  DE:0000  HL:0018  AF:4F16  SP:7FF3  PC:0060   
0061  CD 6D 00  CALL 006D   (2)  BC:0000  DE:0000  HL:0018  AF:4F16  SP:7FF3  PC:0061   
0064  23        INX H       (2)  BC:0000  DE:0000  HL:0018  AF:4F16  SP:7FF3  PC:0064   
0065  C3 5A 00  JMP 005A    (2)  BC:0000  DE:0000  HL:0019  AF:4F16  SP:7FF3  PC:0065   
005A  7E        MOV A,M     (2)  BC:0000  DE:0000  HL:0019  AF:4F16  SP:7FF3  PC:005A   
005B  FE 24     CPI 24      (2)  BC:0000  DE:0000  HL:0019  AF:4316  SP:7FF3  PC:005B   
005D  CA 68 00  JZ 0068     (2)  BC:0000  DE:0000  HL:0019  AF:4302  SP:7FF3  PC:005D   
0060  7E        MOV A,M     (2)  BC:0000  DE:0000  HL:0019  AF:4302  SP:7FF3  PC:0060   
0061  CD 6D 00  CALL 006D   (2)  BC:0000  DE:0000  HL:0019  AF:4302  SP:7FF3  PC:0061   
0064  23        INX H       (2)  BC:0000  DE:0000  HL:0019  AF:4302  SP:7FF3  PC:0064   
0065  C3 5A 00  JMP 005A    (2)  BC:0000  DE:0000  HL:001A  AF:4302  SP:7FF3  PC:0065   
005A  7E        MOV A,M     (2)  BC:0000  DE:0000  HL:001A  AF:4302  SP:7FF3  PC:005A   
005B  FE 24     CPI 24      (2)  BC:0000  DE:0000  HL:001A  AF:4902  SP:7FF3  PC:005B   
005D  CA 68 00  JZ 0068     (2)  BC:0000  DE:0000  HL:001A  AF:4912  SP:7FF3  PC:005D   
0060  7E        MOV A,M     (2)  BC:0000  DE:0000  HL:001A  AF:4912  SP:7FF3  PC:0060   
0061  CD 6D 00  CALL 006D   (2)  BC:0000  DE:0000  HL:001A  AF:4912  SP:7FF3  PC:0061   
0064  23        INX H       (2)  BC:0000  DE:0000  HL:001A  AF:4912  SP:7FF3  PC:0064   
0065  C3 5A 00  JMP 005A    (2)  BC:0000  DE:0000  HL:001B  AF:4912  SP:7FF3  PC:0065   
005A  7E        MOV A,M     (2)  BC:0000  DE:0000  HL:001B  AF:4912  SP:7FF3  PC:005A   
005B  FE 24     CPI 24      (2)  BC:0000  DE:0000  HL:001B  AF:4112  SP:7FF3  PC:005B   
005D  CA 68 00  JZ 0068     (2)  BC:0000  DE:0000  HL:001B  AF:4106  SP:7FF3  PC:005D   
0060  7E        MOV A,M     (2)  BC:0000  DE:0000  HL:001B  AF:4106  SP:7FF3  PC:0060   
0061  CD 6D 00  CALL 006D   (2)  BC:0000  DE:0000  HL:001B  AF:4106  SP:7FF3  PC:0061   
0064  23        INX H       (2)  BC:0000  DE:0000  HL:001B  AF:4106  SP:7FF3  PC:0064   
0065  C3 5A 00  JMP 005A    (2)  BC:0000  DE:0000  HL:001C  AF:4106  SP:7FF3  PC:0065   
005A  7E        MOV A,M     (2)  BC:0000  DE:0000  HL:001C  AF:4106  SP:7FF3  PC:005A   
005B  FE 24     CPI 24      (2)  BC:0000  DE:0000  HL:001C  AF:5406  SP:7FF3  PC:005B   
005D  CA 68 00  JZ 0068     (2)  BC:0000  DE:0000  HL:001C  AF:5416  SP:7FF3  PC:005D   
0060  7E        MOV A,M     (2)  BC:0000  DE:0000  HL:001C  AF:5416  SP:7FF3  PC:0060   
0061  CD 6D 00  CALL 006D   (2)  BC:0000  DE:0000  HL:001C  AF:5416  SP:7FF3  PC:0061   
0064  23        INX H       (2)  BC:0000  DE:0000  HL:001C  AF:5416  SP:7FF3  PC:0064   
0065  C3 5A 00  JMP 005A    (2)  BC:0000  DE:0000  HL:001D  AF:5416  SP:7FF3  PC:0065   
005A  7E        MOV A,M     (2)  BC:0000  DE:0000  HL:001D  AF:5416  SP:7FF3  PC:005A   
005B  FE 24     CPI 24      (2)  BC:0000  DE:0000  HL:001D  AF:4516  SP:7FF3  PC:005B   
005D  CA 68 00  JZ 0068     (2)  BC:0000  DE:0000  HL:001D  AF:4516  SP:7FF3  PC:005D   
0060  7E        MOV A,M     (2)  BC:0000  DE:0000  HL:001D  AF:4516  SP:7FF3  PC:0060   
0061  CD 6D 00  CALL 006D   (2)  BC:0000  DE:0000  HL:001D  AF:4516  SP:7FF3  PC:0061   
0064  23        INX H       (2)  BC:0000  DE:0000  HL:001D  AF:4516  SP:7FF3  PC:0064   
0065  C3 5A 00  JMP 005A    (2)  BC:0000  DE:0000  HL:001E  AF:4516  SP:7FF3  PC:0065   
005A  7E        MOV A,M     (2)  BC:0000  DE:0000  HL:001E  AF:4516  SP:7FF3  PC:005A   
005B  FE 24     CPI 24      (2)  BC:0000  DE:0000  HL:001E  AF:5316  SP:7FF3  PC:005B   
005D  CA 68 00  JZ 0068     (2)  BC:0000  DE:0000  HL:001E  AF:5302  SP:7FF3  PC:005D   
0060  7E        MOV A,M     (2)  BC:0000  DE:0000  HL:001E  AF:5302  SP:7FF3  PC:0060   
0061  CD 6D 00  CALL 006D   (2)  BC:0000  DE:0000  HL:001E  AF:5302  SP:7FF3  PC:0061   
0064  23        INX H       (2)  BC:0000  DE:0000  HL:001E  AF:5302  SP:7FF3  PC:0064   
0065  C3 5A 00  JMP 005A    (2)  BC:0000  DE:0000  HL:001F  AF:5302  SP:7FF3  PC:0065   
005A  7E        MOV A,M     (2)  BC:0000  DE:0000  HL:001F  AF:5302  SP:7FF3  PC:005A   
005B  FE 24     CPI 24      (2)  BC:0000  DE:0000  HL:001F  AF:0D02  SP:7FF3  PC:005B   
005D  CA 68 00  JZ 0068     (2)  BC:0000  DE:0000  HL:001F  AF:0D93  SP:7FF3  PC:005D   
0060  7E        MOV A,M     (2)  BC:0000  DE:0000  HL:001F  AF:0D93  SP:7FF3  PC:0060   
0061  CD 6D 00  CALL 006D   (2)  BC:0000  DE:0000  HL:001F  AF:0D93  SP:7FF3  PC:0061   
0064  23        INX H       (2)  BC:0000  DE:0000  HL:001F  AF:0D93  SP:7FF3  PC:0064   
0065  C3 5A 00  JMP 005A    (2)  BC:0000  DE:0000  HL:0020  AF:0D93  SP:7FF3  PC:0065   
005A  7E        MOV A,M     (2)  BC:0000  DE:0000  HL:0020  AF:0D93  SP:7FF3  PC:005A   
005B  FE 24     CPI 24      (2)  BC:0000  DE:0000  HL:0020  AF:0A93  SP:7FF3  PC:005B   
005D  CA 68 00  JZ 0068     (2)  BC:0000  DE:0000  HL:0020  AF:0A93  SP:7FF3  PC:005D   
0060  7E        MOV A,M     (2)  BC:0000  DE:0000  HL:0020  AF:0A93  SP:7FF3  PC:0060   
0061  CD 6D 00  CALL 006D   (2)  BC:0000  DE:0000  HL:0020  AF:0A93  SP:7FF3  PC:0061   
0064  23        INX H       (2)  BC:0000  DE:0000  HL:0020  AF:0A93  SP:7FF3  PC:0064   
0065  C3 5A 00  JMP 005A    (2)  BC:0000  DE:0000  HL:0021  AF:0A93  SP:7FF3  PC:0065   
005A  7E        MOV A,M     (2)  BC:0000  DE:0000  HL:0021  AF:0A93  SP:7FF3  PC:005A   
005B  FE 24     CPI 24      (2)  BC:0000  DE:0000  HL:0021  AF:3893  SP:7FF3  PC:005B   
005D  CA 68 00  JZ 0068     (2)  BC:0000  DE:0000  HL:0021  AF:3816  SP:7FF3  PC:005D   
0060  7E        MOV A,M     (2)  BC:0000  DE:0000  HL:0021  AF:3816  SP:7FF3  PC:0060   
0061  CD 6D 00  CALL 006D   (2)  BC:0000  DE:0000  HL:0021  AF:3816  SP:7FF3  PC:0061   
0064  23        INX H       (2)  BC:0000  DE:0000  HL:0021  AF:3816  SP:7FF3  PC:0064   
0065  C3 5A 00  JMP 005A    (2)  BC:0000  DE:0000  HL:0022  AF:3816  SP:7FF3  PC:0065   
005A  7E        MOV A,M     (2)  BC:0000  DE:0000  HL:0022  AF:3816  SP:7FF3  PC:005A   
005B  FE 24     CPI 24      (2)  BC:0000  DE:0000  HL:0022  AF:3016  SP:7FF3  PC:005B   
005D  CA 68 00  JZ 0068     (2)  BC:0000  DE:0000  HL:0022  AF:3006  SP:7FF3  PC:005D   
0060  7E        MOV A,M     (2)  BC:0000  DE:0000  HL:0022  AF:3006  SP:7FF3  PC:0060   
0061  CD 6D 00  CALL 006D   (2)  BC:0000  DE:0000  HL:0022  AF:3006  SP:7FF3  PC:0061   
0064  23        INX H       (2)  BC:0000  DE:0000  HL:0022  AF:3006  SP:7FF3  PC:0064   
0065  C3 5A 00  JMP 005A    (2)  BC:0000  DE:0000  HL:0023  AF:3006  SP:7FF3  PC:0065   
005A  7E        MOV A,M     (2)  BC:0000  DE:0000  HL:0023  AF:3006  SP:7FF3  PC:005A   
005B  FE 24     CPI 24      (2)  BC:0000  DE:0000  HL:0023  AF:3806  SP:7FF3  PC:005B   
005D  CA 68 00  JZ 0068     (2)  BC:0000  DE:0000  HL:0023  AF:3816  SP:7FF3  PC:005D   
0060  7E        MOV A,M     (2)  BC:0000  DE:0000  HL:0023  AF:3816  SP:7FF3  PC:0060   
0061  CD 6D 00  CALL 006D   (2)  BC:0000  DE:0000  HL:0023  AF:3816  SP:7FF3  PC:0061   
0064  23        INX H       (2)  BC:0000  DE:0000  HL:0023  AF:3816  SP:7FF3  PC:0064   
0065  C3 5A 00  JMP 005A    (2)  BC:0000  DE:0000  HL:0024  AF:3816  SP:7FF3  PC:0065   
005A  7E        MOV A,M     (2)  BC:0000  DE:0000  HL:0024  AF:3816  SP:7FF3  PC:005A   
005B  FE 24     CPI 24      (2)  BC:0000  DE:0000  HL:0024  AF:3016  SP:7FF3  PC:005B   
005D  CA 68 00  JZ 0068     (2)  BC:0000  DE:0000  HL:0024  AF:3006  SP:7FF3  PC:005D   
0060  7E        MOV A,M     (2)  BC:0000  DE:0000  HL:0024  AF:3006  SP:7FF3  PC:0060   
0061  CD 6D 00  CALL 006D   (2)  BC:0000  DE:0000  HL:0024  AF:3006  SP:7FF3  PC:0061   
0064  23        INX H       (2)  BC:0000  DE:0000  HL:0024  AF:3006  SP:7FF3  PC:0064   
0065  C3 5A 00  JMP 005A    (2)  BC:0000  DE:0000  HL:0025  AF:3006  SP:7FF3  PC:0065   
005A  7E        MOV A,M     (2)  BC:0000  DE:0000  HL:0025  AF:3006  SP:7FF3  PC:005A   
005B  FE 24     CPI 24      (2)  BC:0000  DE:0000  HL:0025  AF:2F06  SP:7FF3  PC:005B   
005D  CA 68 00  JZ 0068     (2)  BC:0000  DE:0000  HL:0025  AF:2F12  SP:7FF3  PC:005D   
0060  7E        MOV A,M     (2)  BC:0000  DE:0000  HL:0025  AF:2F12  SP:7FF3  PC:0060   
0061  CD 6D 00  CALL 006D   (2)  BC:0000  DE:0000  HL:0025  AF:2F12  SP:7FF3  PC:0061   
0064  23        INX H       (2)  BC:0000  DE:0000  HL:0025  AF:2F12  SP:7FF3  PC:0064   
0065  C3 5A 00  JMP 005A    (2)  BC:0000  DE:0000  HL:0026  AF:2F12  SP:7FF3  PC:0065   
005A  7E        MOV A,M     (2)  BC:0000  DE:0000  HL:0026  AF:2F12  SP:7FF3  PC:005A   
005B  FE 24     CPI 24      (2)  BC:0000  DE:0000  HL:0026  AF:3812  SP:7FF3  PC:005B   
005D  CA 68 00  JZ 0068     (2)  BC:0000  DE:0000  HL:0026  AF:3816  SP:7FF3  PC:005D   
0060  7E        MOV A,M     (2)  BC:0000  DE:0000  HL:0026  AF:3816  SP:7FF3  PC:0060   
0061  CD 6D 00  CALL 006D   (2)  BC:0000  DE:0000  HL:0026  AF:3816  SP:7FF3  PC:0061   
0064  23        INX H       (2)  BC:0000  DE:0000  HL:0026  AF:3816  SP:7FF3  PC:0064   
0065  C3 5A 00  JMP 005A    (2)  BC:0000  DE:0000  HL:0027  AF:3816  SP:7FF3  PC:0065   
005A  7E        MOV A,M     (2)  BC:0000  DE:0000  HL:0027  AF:3816  SP:7FF3  PC:005A   
005B  FE 24     CPI 24      (2)  BC:0000  DE:0000  HL:0027  AF:3016  SP:7FF3  PC:005B   
005D  CA 68 00  JZ 0068     (2)  BC:0000  DE:0000  HL:0027  AF:3006  SP:7FF3  PC:005D   
0060  7E        MOV A,M     (2)  BC:0000  DE:0000  HL:0027  AF:3006  SP:7FF3  PC:0060   
0061  CD 6D 00  CALL 006D   (2)  BC:0000  DE:0000  HL:0027  AF:3006  SP:7FF3  PC:0061   
0064  23        INX H       (2)  BC:0000  DE:0000  HL:0027  AF:3006  SP:7FF3  PC:0064   
0065  C3 5A 00  JMP 005A    (2)  BC:0000  DE:0000  HL:0028  AF:3006  SP:7FF3  PC:0065   
005A  7E        MOV A,M     (2)  BC:0000  DE:0000  HL:0028  AF:3006  SP:7FF3  PC:005A   
005B  FE 24     CPI 24      (2)  BC:0000  DE:0000  HL:0028  AF:3806  SP:7FF3  PC:005B   
005D  CA 68 00  JZ 0068     (2)  BC:0000  DE:0000  HL:0028  AF:3816  SP:7FF3  PC:005D   
0060  7E        MOV A,M     (2)  BC:0000  DE:0000  HL:0028  AF:3816  SP:7FF3  PC:0060   
0061  CD 6D 00  CALL 006D   (2)  BC:0000  DE:0000  HL:0028  AF:3816  SP:7FF3  PC:0061   
0064  23        INX H       (2)  BC:0000  DE:0000  HL:0028  AF:3816  SP:7FF3  PC:0064   
0065  C3 5A 00  JMP 005A    (2)  BC:0000  DE:0000  HL:0029  AF:3816  SP:7FF3  PC:0065   
005A  7E        MOV A,M     (2)  BC:0000  DE:0000  HL:0029  AF:3816  SP:7FF3  PC:005A   
005B  FE 24     CPI 24      (2)  BC:0000  DE:0000  HL:0029  AF:3516  SP:7FF3  PC:005B   
005D  CA 68 00  JZ 0068     (2)  BC:0000  DE:0000  HL:0029  AF:3516  SP:7FF3  PC:005D   
0060  7E        MOV A,M     (2)  BC:0000  DE:0000  HL:0029  AF:3516  SP:7FF3  PC:0060   
0061  CD 6D 00  CALL 006D   (2)  BC:0000  DE:0000  HL:0029  AF:3516  SP:7FF3  PC:0061   
0064  23        INX H       (2)  BC:0000  DE:0000  HL:0029  AF:3516  SP:7FF3  PC:0064   
0065  C3 5A 00  JMP 005A    (2)  BC:0000  DE:0000  HL:002A  AF:3516  SP:7FF3  PC:0065   
005A  7E        MOV A,M     (2)  BC:0000  DE:0000  HL:002A  AF:3516  SP:7FF3  PC:005A   
005B  FE 24     CPI 24      (2)  BC:0000  DE:0000  HL:002A  AF:2016  SP:7FF3  PC:005B   
005D  CA 68 00  JZ 0068     (2)  BC:0000  DE:0000  HL:002A  AF:2087  SP:7FF3  PC:005D   
0060  7E        MOV A,M     (2)  BC:0000  DE:0000  HL:002A  AF:2087  SP:7FF3  PC:0060   
0061  CD 6D 00  CALL 006D   (2)  BC:0000  DE:0000  HL:002A  AF:2087  SP:7FF3  PC:0061   
0064  23        INX H       (2)  BC:0000  DE:0000  HL:002A  AF:2087  SP:7FF3  PC:0064   
0065  C3 5A 00  JMP 005A    (2)  BC:0000  DE:0000  HL:002B  AF:2087  SP:7FF3  PC:0065   
005A  7E        MOV A,M     (2)  BC:0000  DE:0000  HL:002B  AF:2087  SP:7FF3  PC:005A   
005B  FE 24     CPI 24      (2)  BC:0000  DE:0000  HL:002B  AF:4387  SP:7FF3  PC:005B   
005D  CA 68 00  JZ 0068     (2)  BC:0000  DE:0000  HL:002B  AF:4302  SP:7FF3  PC:005D   
0060  7E        MOV A,M     (2)  BC:0000  DE:0000  HL:002B  AF:4302  SP:7FF3  PC:0060   
0061  CD 6D 00  CALL 006D   (2)  BC:0000  DE:0000  HL:002B  AF:4302  SP:7FF3  PC:0061   
0064  23        INX H       (2)  BC:0000  DE:0000  HL:002B  AF:4302  SP:7FF3  PC:0064   
0065  C3 5A 00  JMP 005A    (2)  BC:0000  DE:0000  HL:002C  AF:4302  SP:7FF3  PC:0065   
005A  7E        MOV A,M     (2)  BC:0000  DE:0000  HL:002C  AF:4302  SP:7FF3  PC:005A   
005B  FE 24     CPI 24      (2)  BC:0000  DE:0000  HL:002C  AF:5002  SP:7FF3  PC:005B   
005D  CA 68 00  JZ 0068     (2)  BC:0000  DE:0000  HL:002C  AF:5002  SP:7FF3  PC:005D   
0060  7E        MOV A,M     (2)  BC:0000  DE:0000  HL:002C  AF:5002  SP:7FF3  PC:0060   
0061  CD 6D 00  CALL 006D   (2)  BC:0000  DE:0000  HL:002C  AF:5002  SP:7FF3  PC:0061   
0064  23        INX H       (2)  BC:0000  DE:0000  HL:002C  AF:5002  SP:7FF3  PC:0064   
0065  C3 5A 00  JMP 005A    (2)  BC:0000  DE:0000  HL:002D  AF:5002  SP:7FF3  PC:0065   
005A  7E        MOV A,M     (2)  BC:0000  DE:0000  HL:002D  AF:5002  SP:7FF3  PC:005A   
005B  FE 24     CPI 24      (2)  BC:0000  DE:0000  HL:002D  AF:5502  SP:7FF3  PC:005B   
005D  CA 68 00  JZ 0068     (2)  BC:0000  DE:0000  HL:002D  AF:5512  SP:7FF3  PC:005D   
0060  7E        MOV A,M     (2)  BC:0000  DE:0000  HL:002D  AF:5512  SP:7FF3  PC:0060   
0061  CD 6D 00  CALL 006D   (2)  BC:0000  DE:0000  HL:002D  AF:5512  SP:7FF3  PC:0061   
0064  23        INX H       (2)  BC:0000  DE:0000  HL:002D  AF:5512  SP:7FF3  PC:0064   
0065  C3 5A 00  JMP 005A    (2)  BC:0000  DE:0000  HL:002E  AF:5512  SP:7FF3  PC:0065   
005A  7E        MOV A,M     (2)  BC:0000  DE:0000  HL:002E  AF:5512  SP:7FF3  PC:005A   
005B  FE 24     CPI 24      (2)  BC:0000  DE:0000  HL:002E  AF:2012  SP:7FF3  PC:005B   
005D  CA 68 00  JZ 0068     (2)  BC:0000  DE:0000  HL:002E  AF:2087  SP:7FF3  PC:005D   
0060  7E        MOV A,M     (2)  BC:0000  DE:0000  HL:002E  AF:2087  SP:7FF3  PC:0060   
0061  CD 6D 00  CALL 006D   (2)  BC:0000  DE:0000  HL:002E  AF:2087  SP:7FF3  PC:0061   
0064  23        INX H       (2)  BC:0000  DE:0000  HL:002E  AF:2087  SP:7FF3  PC:0064   
0065  C3 5A 00  JMP 005A    (2)  BC:0000  DE:0000  HL:002F  AF:2087  SP:7FF3  PC:0065   
005A  7E        MOV A,M     (2)  BC:0000  DE:0000  HL:002F  AF:2087  SP:7FF3  PC:005A   
005B  FE 24     CPI 24      (2)  BC:0000  DE:0000  HL:002F  AF:4487  SP:7FF3  PC:005B   
005D  CA 68 00  JZ 0068     (2)  BC:0000  DE:0000  HL:002F  AF:4412  SP:7FF3  PC:005D   
0060  7E        MOV A,M     (2)  BC:0000  DE:0000  HL:002F  AF:4412  SP:7FF3  PC:0060   
0061  CD 6D 00  CALL 006D   (2)  BC:0000  DE:0000  HL:002F  AF:4412  SP:7FF3  PC:0061   
0064  23        INX H       (2)  BC:0000  DE:0000  HL:002F  AF:4412  SP:7FF3  PC:0064   
0065  C3 5A 00  JMP 005A    (2)  BC:0000  DE:0000  HL:0030  AF:4412  SP:7FF3  PC:0065   
005A  7E        MOV A,M     (2)  BC:0000  DE:0000  HL:0030  AF:4412  SP:7FF3  PC:005A   
005B  FE 24     CPI 24      (2)  BC:0000  DE:0000  HL:0030  AF:4912  SP:7FF3  PC:005B   
005D  CA 68 00  JZ 0068     (2)  BC:0000  DE:0000  HL:0030  AF:4912  SP:7FF3  PC:005D   
0060  7E        MOV A,M     (2)  BC:0000  DE:0000  HL:0030  AF:4912  SP:7FF3  PC:0060   
0061  CD 6D 00  CALL 006D   (2)  BC:0000  DE:0000  HL:0030  AF:4912  SP:7FF3  PC:0061   
0064  23        INX H       (2)  BC:0000  DE:0000  HL:0030  AF:4912  SP:7FF3  PC:0064   
0065  C3 5A 00  JMP 005A    (2)  BC:0000  DE:0000  HL:0031  AF:4912  SP:7FF3  PC:0065   
005A  7E        MOV A,M     (2)  BC:0000  DE:0000  HL:0031  AF:4912  SP:7FF3  PC:005A   
005B  FE 24     CPI 24      (2)  BC:0000  DE:0000  HL:0031  AF:4112  SP:7FF3  PC:005B   
005D  CA 68 00  JZ 0068     (2)  BC:0000  DE:0000  HL:0031  AF:4106  SP:7FF3  PC:005D   
0060  7E        MOV A,M     (2)  BC:0000  DE:0000  HL:0031  AF:4106  SP:7FF3  PC:0060   
0061  CD 6D 00  CALL 006D   (2)  BC:0000  DE:0000  HL:0031  AF:4106  SP:7FF3  PC:0061   
0064  23        INX H       (2)  BC:0000  DE:0000  HL:0031  AF:4106  SP:7FF3  PC:0064   
0065  C3 5A 00  JMP 005A    (2)  BC:0000  DE:0000  HL:0032  AF:4106  SP:7FF3  PC:0065   
005A  7E        MOV A,M     (2)  BC:0000  DE:0000  HL:0032  AF:4106  SP:7FF3  PC:005A   
005B  FE 24     CPI 24      (2)  BC:0000  DE:0000  HL:0032  AF:4706  SP:7FF3  PC:005B   
005D  CA 68 00  JZ 0068     (2)  BC:0000  DE:0000  HL:0032  AF:4712  SP:7FF3  PC:005D   
0060  7E        MOV A,M     (2)  BC:0000  DE:0000  HL:0032  AF:4712  SP:7FF3  PC:0060   
0061  CD 6D 00  CALL 006D   (2)  BC:0000  DE:0000  HL:0032  AF:4712  SP:7FF3  PC:0061   
0064  23        INX H       (2)  BC:0000  DE:0000  HL:0032  AF:4712  SP:7FF3  PC:0064   
0065  C3 5A 00  JMP 005A    (2)  BC:0000  DE:0000  HL:0033  AF:4712  SP:7FF3  PC:0065   
005A  7E        MOV A,M     (2)  BC:0000  DE:0000  HL:0033  AF:4712  SP:7FF3  PC:005A   
005B  FE 24     CPI 24      (2)  BC:0000  DE:0000  HL:0033  AF:4E12  SP:7FF3  PC:005B   
005D  CA 68 00  JZ 0068     (2)  BC:0000  DE:0000  HL:0033  AF:4E12  SP:7FF3  PC:005D   
0060  7E        MOV A,M     (2)  BC:0000  DE:0000  HL:0033  AF:4E12  SP:7FF3  PC:0060   
0061  CD 6D 00  CALL 006D   (2)  BC:0000  DE:0000  HL:0033  AF:4E12  SP:7FF3  PC:0061   
0064  23        INX H       (2)  BC:0000  DE:0000  HL:0033  AF:4E12  SP:7FF3  PC:0064   
0065  C3 5A 00  JMP 005A    (2)  BC:0000  DE:0000  HL:0034  AF:4E12  SP:7FF3  PC:0065   
005A  7E        MOV A,M     (2)  BC:0000  DE:0000  HL:0034  AF:4E12  SP:7FF3  PC:005A   
005B  FE 24     CPI 24      (2)  BC:0000  DE:0000  HL:0034  AF:4F12  SP:7FF3  PC:005B   
005D  CA 68 00  JZ 0068     (2)  BC:0000  DE:0000  HL:0034  AF:4F16  SP:7FF3  PC:005D   
0060  7E        MOV A,M     (2)  BC:0000  DE:0000  HL:0034  AF:4F16  SP:7FF3  PC:0060   
0061  CD 6D 00  CALL 006D   (2)  BC:0000  DE:0000  HL:0034  AF:4F16  SP:7FF3  PC:0061   
0064  23        INX H       (2)  BC:0000  DE:0000  HL:0034  AF:4F16  SP:7FF3  PC:0064   
0065  C3 5A 00  JMP 005A    (2)  BC:0000  DE:0000  HL:0035  AF:4F16  SP:7FF3  PC:0065   
005A  7E        MOV A,M     (2)  BC:0000  DE:0000  HL:0035  AF:4F16  SP:7FF3  PC:005A   
005B  FE 24     CPI 24      (2)  BC:0000  DE:0000  HL:0035  AF:5316  SP:7FF3  PC:005B   
005D  CA 68 00  JZ 0068     (2)  BC:0000  DE:0000  HL:0035  AF:5302  SP:7FF3  PC:005D   
0060  7E        MOV A,M     (2)  BC:0000  DE:0000  HL:0035  AF:5302  SP:7FF3  PC:0060   
0061  CD 6D 00  CALL 006D   (2)  BC:0000  DE:0000  HL:0035  AF:5302  SP:7FF3  PC:0061   
0064  23        INX H       (2)  BC:0000  DE:0000  HL:0035  AF:5302  SP:7FF3  PC:0064   
0065  C3 5A 00  JMP 005A    (2)  BC:0000  DE:0000  HL:0036  AF:5302  SP:7FF3  PC:0065   
005A  7E        MOV A,M     (2)  BC:0000  DE:0000  HL:0036  AF:5302  SP:7FF3  PC:005A   
005B  FE 24     CPI 24      (2)  BC:0000  DE:0000  HL:0036  AF:5402  SP:7FF3  PC:005B   
005D  CA 68 00  JZ 0068     (2)  BC:0000  DE:0000  HL:0036  AF:5416  SP:7FF3  PC:005D   
0060  7E        MOV A,M     (2)  BC:0000  DE:0000  HL:0036  AF:5416  SP:7FF3  PC:0060   
0061  CD 6D 00  CALL 006D   (2)  BC:0000  DE:0000  HL:0036  AF:5416  SP:7FF3  PC:0061   
0064  23        INX H       (2)  BC:0000  DE:0000  HL:0036  AF:5416  SP:7FF3  PC:0064   
0065  C3 5A 00  JMP 005A    (2)  BC:0000  DE:0000  HL:0037  AF:5416  SP:7FF3  PC:0065   
005A  7E        MOV A,M     (2)  BC:0000  DE:0000  HL:0037  AF:5416  SP:7FF3  PC:005A   
005B  FE 24     CPI 24      (2)  BC:0000  DE:0000  HL:0037  AF:4916  SP:7FF3  PC:005B   
005D  CA 68 00  JZ 0068     (2)  BC:0000  DE:0000  HL:0037  AF:4912  SP:7FF3  PC:005D   
0060  7E        MOV A,M     (2)  BC:0000  DE:0000  HL:0037  AF:4912  SP:7FF3  PC:0060   
0061  CD 6D 00  CALL 006D   (2)  BC:0000  DE:0000  HL:0037  AF:4912  SP:7FF3  PC:0061   
0064  23        INX H       (2)  BC:0000  DE:0000  HL:0037  AF:4912  SP:7FF3  PC:0064   
0065  C3 5A 00  JMP 005A    (2)  BC:0000  DE:0000  HL:0038  AF:4912  SP:7FF3  PC:0065   
005A  7E        MOV A,M     (2)  BC:0000  DE:0000  HL:0038  AF:4912  SP:7FF3  PC:005A   
005B  FE 24     CPI 24      (2)  BC:0000  DE:0000  HL:0038  AF:4312  SP:7FF3  PC:005B   
005D  CA 68 00  JZ 0068     (2)  BC:0000  DE:0000  HL:0038  AF:4302  SP:7FF3  PC:005D   
0060  7E        MOV A,M     (2)  BC:0000  DE:0000  HL:0038  AF:4302  SP:7FF3  PC:0060   
0061  CD 6D 00  CALL 006D   (2)  BC:0000  DE:0000  HL:0038  AF:4302  SP:7FF3  PC:0061   
0064  23        INX H       (2)  BC:0000  DE:0000  HL:0038  AF:4302  SP:7FF3  PC:0064   
0065  C3 5A 00  JMP 005A    (2)  BC:0000  DE:0000  HL:0039  AF:4302  SP:7FF3  PC:0065   
005A  7E        MOV A,M     (2)  BC:0000  DE:0000  HL:0039  AF:4302  SP:7FF3  PC:005A   
005B  FE 24     CPI 24      (2)  BC:0000  DE:0000  HL:0039  AF:0D02  SP:7FF3  PC:005B   
005D  CA 68 00  JZ 0068     (2)  BC:0000  DE:0000  HL:0039  AF:0D93  SP:7FF3  PC:005D   
0060  7E        MOV A,M     (2)  BC:0000  DE:0000  HL:0039  AF:0D93  SP:7FF3  PC:0060   
0061  CD 6D 00  CALL 006D   (2)  BC:0000  DE:0000  HL:0039  AF:0D93  SP:7FF3  PC:0061   
0064  23        INX H       (2)  BC:0000  DE:0000  HL:0039  AF:0D93  SP:7FF3  PC:0064   
0065  C3 5A 00  JMP 005A    (2)  BC:0000  DE:0000  HL:003A  AF:0D93  SP:7FF3  PC:0065   
005A  7E        MOV A,M     (2)  BC:0000  DE:0000  HL:003A  AF:0D93  SP:7FF3  PC:005A   
005B  FE 24     CPI 24      (2)  BC:0000  DE:0000  HL:003A  AF:0A93  SP:7FF3  PC:005B   
005D  CA 68 00  JZ 0068     (2)  BC:0000  DE:0000  HL:003A  AF:0A93  SP:7FF3  PC:005D   
0060  7E        MOV A,M     (2)  BC:0000  DE:0000  HL:003A  AF:0A93  SP:7FF3  PC:0060   
0061  CD 6D 00  CALL 006D   (2)  BC:0000  DE:0000  HL:003A  AF:0A93  SP:7FF3  PC:0061   
0064  23        INX H       (2)  BC:0000  DE:0000  HL:003A  AF:0A93  SP:7FF3  PC:0064   
0065  C3 5A 00  JMP 005A    (2)  BC:0000  DE:0000  HL:003B  AF:0A93  SP:7FF3  PC:0065   
005A  7E        MOV A,M     (2)  BC:0000  DE:0000  HL:003B  AF:0A93  SP:7FF3  PC:005A   
005B  FE 24     CPI 24      (2)  BC:0000  DE:0000  HL:003B  AF:5693  SP:7FF3  PC:005B   
005D  CA 68 00  JZ 0068     (2)  BC:0000  DE:0000  HL:003B  AF:5612  SP:7FF3  PC:005D   
0060  7E        MOV A,M     (2)  BC:0000  DE:0000  HL:003B  AF:5612  SP:7FF3  PC:0060   
0061  CD 6D 00  CALL 006D   (2)  BC:0000  DE:0000  HL:003B  AF:5612  SP:7FF3  PC:0061   
0064  23        INX H       (2)  BC:0000  DE:0000  HL:003B  AF:5612  SP:7FF3  PC:0064   
0065  C3 5A 00  JMP 005A    (2)  BC:0000  DE:0000  HL:003C  AF:5612  SP:7FF3  PC:0065   
005A  7E        MOV A,M     (2)  BC:0000  DE:0000  HL:003C  AF:5612  SP:7FF3  PC:005A   
005B  FE 24     CPI 24      (2)  BC:0000  DE:0000  HL:003C  AF:4512  SP:7FF3  PC:005B   
005D  CA 68 00  JZ 0068     (2)  BC:0000  DE:0000  HL:003C  AF:4516  SP:7FF3  PC:005D   
0060  7E        MOV A,M     (2)  BC:0000  DE:0000  HL:003C  AF:4516  SP:7FF3  PC:0060   
0061  CD 6D 00  CALL 006D   (2)  BC:0000  DE:0000  HL:003C  AF:4516  SP:7FF3  PC:0061   
0064  23        INX H       (2)  BC:0000  DE:0000  HL:003C  AF:4516  SP:7FF3  PC:0064   
0065  C3 5A 00  JMP 005A    (2)  BC:0000  DE:0000  HL:003D  AF:4516  SP:7FF3  PC:0065   
005A  7E        MOV A,M     (2)  BC:0000  DE:0000  HL:003D  AF:4516  SP:7FF3  PC:005A   
005B  FE 24     CPI 24      (2)  BC:0000  DE:0000  HL:003D  AF:5216  SP:7FF3  PC:005B   
005D  CA 68 00  JZ 0068     (2)  BC:0000  DE:0000  HL:003D  AF:5206  SP:7FF3  PC:005D   
0060  7E        MOV A,M     (2)  BC:0000  DE:0000  HL:003D  AF:5206  SP:7FF3  PC:0060   
0061  CD 6D 00  CALL 006D   (2)  BC:0000  DE:0000  HL:003D  AF:5206  SP:7FF3  PC:0061   
0064  23        INX H       (2)  BC:0000  DE:0000  HL:003D  AF:5206  SP:7FF3  PC:0064   
0065  C3 5A 00  JMP 005A    (2)  BC:0000  DE:0000  HL:003E  AF:5206  SP:7FF3  PC:0065   
005A  7E        MOV A,M     (2)  BC:0000  DE:0000  HL:003E  AF:5206  SP:7FF3  PC:005A   
005B  FE 24     CPI 24      (2)  BC:0000  DE:0000  HL:003E  AF:5306  SP:7FF3  PC:005B   
005D  CA 68 00  JZ 0068     (2)  BC:0000  DE:0000  HL:003E  AF:5302  SP:7FF3  PC:005D   
0060  7E        MOV A,M     (2)  BC:0000  DE:0000  HL:003E  AF:5302  SP:7FF3  PC:0060   
0061  CD 6D 00  CALL 006D   (2)  BC:0000  DE:0000  HL:003E  AF:5302  SP:7FF3  PC:0061   
0064  23        INX H       (2)  BC:0000  DE:0000  HL:003E  AF:5302  SP:7FF3  PC:0064   
0065  C3 5A 00  JMP 005A    (2)  BC:0000  DE:0000  HL:003F  AF:5302  SP:7FF3  PC:0065   
005A  7E        MOV A,M     (2)  BC:0000  DE:0000  HL:003F  AF:5302  SP:7FF3  PC:005A   
005B  FE 24     CPI 24      (2)  BC:0000  DE:0000  HL:003F  AF:4902  SP:7FF3  PC:005B   
005D  CA 68 00  JZ 0068     (2)  BC:0000  DE:0000  HL:003F  AF:4912  SP:7FF3  PC:005D   
0060  7E        MOV A,M     (2)  BC:0000  DE:0000  HL:003F  AF:4912  SP:7FF3  PC:0060   
0061  CD 6D 00  CALL 006D   (2)  BC:0000  DE:0000  HL:003F  AF:4912  SP:7FF3  PC:0061   
0064  23        INX H       (2)  BC:0000  DE:0000  HL:003F  AF:4912  SP:7FF3  PC:0064   
0065  C3 5A 00  JMP 005A    (2)  BC:0000  DE:0000  HL:0040  AF:4912  SP:7FF3  PC:0065   
005A  7E        MOV A,M     (2)  BC:0000  DE:0000  HL:0040  AF:4912  SP:7FF3  PC:005A   
005B  FE 24     CPI 24      (2)  BC:0000  DE:0000  HL:0040  AF:4F12  SP:7FF3  PC:005B   
005D  CA 68 00  JZ 0068     (2)  BC:0000  DE:0000  HL:0040  AF:4F16  SP:7FF3  PC:005D   
0060  7E        MOV A,M     (2)  BC:0000  DE:0000  HL:0040  AF:4F16  SP:7FF3  PC:0060   
0061  CD 6D 00  CALL 006D   (2)  BC:0000  DE:0000  HL:0040  AF:4F16  SP:7FF3  PC:0061   
0064  23        INX H       (2)  BC:0000  DE:0000  HL:0040  AF:4F16  SP:7FF3  PC:0064   
0065  C3 5A 00  JMP 005A    (2)  BC:0000  DE:0000  HL:0041  AF:4F16  SP:7FF3  PC:0065   
005A  7E        MOV A,M     (2)  BC:0000  DE:0000  HL:0041  AF:4F16  SP:7FF3  PC:005A   
005B  FE 24     CPI 24      (2)  BC:0000  DE:0000  HL:0041  AF:4E16  SP:7FF3  PC:005B   
005D  CA 68 00  JZ 0068     (2)  BC:0000  DE:0000  HL:0041  AF:4E12  SP:7FF3  PC:005D   
0060  7E        MOV A,M     (2)  BC:0000  DE:0000  HL:0041  AF:4E12  SP:7FF3  PC:0060   
0061  CD 6D 00  CALL 006D   (2)  BC:0000  DE:0000  HL:0041  AF:4E12  SP:7FF3  PC:0061   
0064  23        INX H       (2)  BC:0000  DE:0000  HL:0041  AF:4E12  SP:7FF3  PC:0064   
0065  C3 5A 00  JMP 005A    (2)  BC:0000  DE:0000  HL:0042  AF:4E12  SP:7FF3  PC:0065   
005A  7E        MOV A,M     (2)  BC:0000  DE:0000  HL:0042  AF:4E12  SP:7FF3  PC:005A   
005B  FE 24     CPI 24      (2)  BC:0000  DE:0000  HL:0042  AF:2012  SP:7FF3  PC:005B   
005D  CA 68 00  JZ 0068     (2)  BC:0000  DE:0000  HL:0042  AF:2087  SP:7FF3  PC:005D   
0060  7E        MOV A,M     (2)  BC:0000  DE:0000  HL:0042  AF:2087  SP:7FF3  PC:0060   
0061  CD 6D 00  CALL 006D   (2)  BC:0000  DE:0000  HL:0042  AF:2087  SP:7FF3  PC:0061   
0064  23        INX H       (2)  BC:0000  DE:0000  HL:0042  AF:2087  SP:7FF3  PC:0064   
0065  C3 5A 00  JMP 005A    (2)  BC:0000  DE:0000  HL:0043  AF:2087  SP:7FF3  PC:0065   
005A  7E        MOV A,M     (2)  BC:0000  DE:0000  HL:0043  AF:2087  SP:7FF3  PC:005A   
005B  FE 24     CPI 24      (2)  BC:0000  DE:0000  HL:0043  AF:3187  SP:7FF3  PC:005B   
005D  CA 68 00  JZ 0068     (2)  BC:0000  DE:0000  HL:0043  AF:3102  SP:7FF3  PC:005D   
0060  7E        MOV A,M     (2)  BC:0000  DE:0000  HL:0043  AF:3102  SP:7FF3  PC:0060   
0061  CD 6D 00  CALL 006D   (2)  BC:0000  DE:0000  HL:0043  AF:3102  SP:7FF3  PC:0061   
0064  23        INX H       (2)  BC:0000  DE:0000  HL:0043  AF:3102  SP:7FF3  PC:0064   
0065  C3 5A 00  JMP 005A    (2)  BC:0000  DE:0000  HL:0044  AF:3102  SP:7FF3  PC:0065   
005A  7E        MOV A,M     (2)  BC:0000  DE:0000  HL:0044  AF:3102  SP:7FF3  PC:005A   
005B  FE 24     CPI 24      (2)  BC:0000  DE:0000  HL:0044  AF:2E02  SP:7FF3  PC:005B   
005D  CA 68 00  JZ 0068     (2)  BC:0000  DE:0000  HL:0044  AF:2E16  SP:7FF3  PC:005D   
0060  7E        MOV A,M     (2)  BC:0000  DE:0000  HL:0044  AF:2E16  SP:7FF3  PC:0060   
0061  CD 6D 00  CALL 006D   (2)  BC:0000  DE:0000  HL:0044  AF:2E16  SP:7FF3  PC:0061   
0064  23        INX H       (2)  BC:0000  DE:0000  HL:0044  AF:2E16  SP:7FF3  PC:0064   
0065  C3 5A 00  JMP 005A    (2)  BC:0000  DE:0000  HL:0045  AF:2E16  SP:7FF3  PC:0065   
005A  7E        MOV A,M     (2)  BC:0000  DE:0000  HL:0045  AF:2E16  SP:7FF3  PC:005A   
005B  FE 24     CPI 24      (2)  BC:0000  DE:0000  HL:0045  AF:3016  SP:7FF3  PC:005B   
005D  CA 68 00  JZ 0068     (2)  BC:0000  DE:0000  HL:0045  AF:3006  SP:7FF3  PC:005D   
0060  7E        MOV A,M     (2)  BC:0000  DE:0000  HL:0045  AF:3006  SP:7FF3  PC:0060   
0061  CD 6D 00  CALL 006D   (2)  BC:0000  DE:0000  HL:0045  AF:3006  SP:7FF3  PC:0061   
0064  23        INX H       (2)  BC:0000  DE:0000  HL:0045  AF:3006  SP:7FF3  PC:0064   
0065  C3 5A 00  JMP 005A    (2)  BC:0000  DE:0000  HL:0046  AF:3006  SP:7FF3  PC:0065   
005A  7E        MOV A,M     (2)  BC:0000  DE:0000  HL:0046  AF:3006  SP:7FF3  PC:005A   
005B  FE 24     CPI 24      (2)  BC:0000  DE:0000  HL:0046  AF:2006  SP:7FF3  PC:005B   
005D  CA 68 00  JZ 0068     (2)  BC:0000  DE:0000  HL:0046  AF:2087  SP:7FF3  PC:005D   
0060  7E        MOV A,M     (2)  BC:0000  DE:0000  HL:0046  AF:2087  SP:7FF3  PC:0060   
0061  CD 6D 00  CALL 006D   (2)  BC:0000  DE:0000  HL:0046  AF:2087  SP:7FF3  PC:0061   
0064  23        INX H       (2)  BC:0000  DE:0000  HL:0046  AF:2087  SP:7FF3  PC:0064   
0065  C3 5A 00  JMP 005A    (2)  BC:0000  DE:0000  HL:0047  AF:2087  SP:7FF3  PC:0065   
005A  7E        MOV A,M     (2)  BC:0000  DE:0000  HL:0047  AF:2087  SP:7FF3  PC:005A   
005B  FE 24     CPI 24      (2)  BC:0000  DE:0000  HL:0047  AF:2087  SP:7FF3  PC:005B   
005D  CA 68 00  JZ 0068     (2)  BC:0000  DE:0000  HL:0047  AF:2087  SP:7FF3  PC:005D   
0060  7E        MOV A,M     (2)  BC:0000  DE:0000  HL:0047  AF:2087  SP:7FF3  PC:0060   
0061  CD 6D 00  CALL 006D   (2)  BC:0000  DE:0000  HL:0047  AF:2087  SP:7FF3  PC:0061   
0064  23        INX H       (2)  BC:0000  DE:0000  HL:0047  AF:2087  SP:7FF3  PC:0064   
0065  C3 5A 00  JMP 005A    (2)  BC:0000  DE:0000  HL:0048  AF:2087  SP:7FF3  PC:0065   
005A  7E        MOV A,M     (2)  BC:0000  DE:0000  HL:0048  AF:2087  SP:7FF3  PC:005A   
005B  FE 24     CPI 24      (2)  BC:0000  DE:0000  HL:0048  AF:2887  SP:7FF3  PC:005B   
005D  CA 68 00  JZ 0068     (2)  BC:0000  DE:0000  HL:0048  AF:2812  SP:7FF3  PC:005D   
0060  7E        MOV A,M     (2)  BC:0000  DE:0000  HL:0048  AF:2812  SP:7FF3  PC:0060   
0061  CD 6D 00  CALL 006D   (2)  BC:0000  DE:0000  HL:0048  AF:2812  SP:7FF3  PC:0061   
0064  23        INX H       (2)  BC:0000  DE:0000  HL:0048  AF:2812  SP:7FF3  PC:0064   
0065  C3 5A 00  JMP 005A    (2)  BC:0000  DE:0000  HL:0049  AF:2812  SP:7FF3  PC:0065   
005A  7E        MOV A,M     (2)  BC:0000  DE:0000  HL:0049  AF:2812  SP:7FF3  PC:005A   
005B  FE 24     CPI 24      (2)  BC:0000  DE:0000  HL:0049  AF:4312  SP:7FF3  PC:005B   
005D  CA 68 00  JZ 0068     (2)  BC:0000  DE:0000  HL:0049  AF:4302  SP:7FF3  PC:005D   
0060  7E        MOV A,M     (2)  BC:0000  DE:0000  HL:0049  AF:4302  SP:7FF3  PC:0060   
0061  CD 6D 00  CALL 006D   (2)  BC:0000  DE:0000  HL:0049  AF:4302  SP:7FF3  PC:0061   
0064  23        INX H       (2)  BC:0000  DE:0000  HL:0049  AF:4302  SP:7FF3  PC:0064   
0065  C3 5A 00  JMP 005A    (2)  BC:0000  DE:0000  HL:004A  AF:4302  SP:7FF3  PC:0065   
005A  7E        MOV A,M     (2)  BC:0000  DE:0000  HL:004A  AF:4302  SP:7FF3  PC:005A   
005B  FE 24     CPI 24      (2)  BC:0000  DE:0000  HL:004A  AF:2902  SP:7FF3  PC:005B   
005D  CA 68 00  JZ 0068     (2)  BC:0000  DE:0000  HL:004A  AF:2916  SP:7FF3  PC:005D   
0060  7E        MOV A,M     (2)  BC:0000  DE:0000  HL:004A  AF:2916  SP:7FF3  PC:0060   
0061  CD 6D 00  CALL 006D   (2)  BC:0000  DE:0000  HL:004A  AF:2916  SP:7FF3  PC:0061   
0064  23        INX H       (2)  BC:0000  DE:0000  HL:004A  AF:2916  SP:7FF3  PC:0064   
0065  C3 5A 00  JMP 005A    (2)  BC:0000  DE:0000  HL:004B  AF:2916  SP:7FF3  PC:0065   
005A  7E        MOV A,M     (2)  BC:0000  DE:0000  HL:004B  AF:2916  SP:7FF3  PC:005A   
005B  FE 24     CPI 24      (2)  BC:0000  DE:0000  HL:004B  AF:2016  SP:7FF3  PC:005B   
005D  CA 68 00  JZ 0068     (2)  BC:0000  DE:0000  HL:004B  AF:2087  SP:7FF3  PC:005D   
0060  7E        MOV A,M     (2)  BC:0000  DE:0000  HL:004B  AF:2087  SP:7FF3  PC:0060   
0061  CD 6D 00  CALL 006D   (2)  BC:0000  DE:0000  HL:004B  AF:2087  SP:7FF3  PC:0061   
0064  23        INX H       (2)  BC:0000  DE:0000  HL:004B  AF:2087  SP:7FF3  PC:0064   
0065  C3 5A 00  JMP 005A    (2)  BC:0000  DE:0000  HL:004C  AF:2087  SP:7FF3  PC:0065   
005A  7E        MOV A,M     (2)  BC:0000  DE:0000  HL:004C  AF:2087  SP:7FF3  PC:005A   
005B  FE 24     CPI 24      (2)  BC:0000  DE:0000  HL:004C  AF:3187  SP:7FF3  PC:005B   
005D  CA 68 00  JZ 0068     (2)  BC:0000  DE:0000  HL:004C  AF:3102  SP:7FF3  PC:005D   
0060  7E        MOV A,M     (2)  BC:0000  DE:0000  HL:004C  AF:3102  SP:7FF3  PC:0060   
0061  CD 6D 00  CALL 006D   (2)  BC:0000  DE:0000  HL:004C  AF:3102  SP:7FF3  PC:0061   
0064  23        INX H       (2)  BC:0000  DE:0000  HL:004C  AF:3102  SP:7FF3  PC:0064   
0065  C3 5A 00  JMP 005A    (2)  BC:0000  DE:0000  HL:004D  AF:3102  SP:7FF3  PC:0065   
005A  7E        MOV A,M     (2)  BC:0000  DE:0000  HL:004D  AF:3102  SP:7FF3  PC:005A   
005B  FE 24     CPI 24      (2)  BC:0000  DE:0000  HL:004D  AF:3902  SP:7FF3  PC:005B   
005D  CA 68 00  JZ 0068     (2)  BC:0000  DE:0000  HL:004D  AF:3912  SP:7FF3  PC:005D   
0060  7E        MOV A,M     (2)  BC:0000  DE:0000  HL:004D  AF:3912  SP:7FF3  PC:0060   
0061  CD 6D 00  CALL 006D   (2)  BC:0000  DE:0000  HL:004D  AF:3912  SP:7FF3  PC:0061   
0064  23        INX H       (2)  BC:0000  DE:0000  HL:004D  AF:3912  SP:7FF3  PC:0064   
0065  C3 5A 00  JMP 005A    (2)  BC:0000  DE:0000  HL:004E  AF:3912  SP:7FF3  PC:0065   
005A  7E        MOV A,M     (2)  BC:0000  DE:0000  HL:004E  AF:3912  SP:7FF3  PC:005A   
005B  FE 24     CPI 24      (2)  BC:0000  DE:0000  HL:004E  AF:3812  SP:7FF3  PC:005B   
005D  CA 68 00  JZ 0068     (2)  BC:0000  DE:0000  HL:004E  AF:3816  SP:7FF3  PC:005D   
0060  7E        MOV A,M     (2)  BC:0000  DE:0000  HL:004E  AF:3816  SP:7FF3  PC:0060   
0061  CD 6D 00  CALL 006D   (2)  BC:0000  DE:0000  HL:004E  AF:3816  SP:7FF3  PC:0061   
0064  23        INX H       (2)  BC:0000  DE:0000  HL:004E  AF:3816  SP:7FF3  PC:0064   
0065  C3 5A 00  JMP 005A    (2)  BC:0000  DE:0000  HL:004F  AF:3816  SP:7FF3  PC:0065   
005A  7E        MOV A,M     (2)  BC:0000  DE:0000  HL:004F  AF:3816  SP:7FF3  PC:005A   
005B  FE 24     CPI 24      (2)  BC:0000  DE:0000  HL:004F  AF:3016  SP:7FF3  PC:005B   
005D  CA 68 00  JZ 0068     (2)  BC:0000  DE:0000  HL:004F  AF:3006  SP:7FF3  PC:005D   
0060  7E        MOV A,M     (2)  BC:0000  DE:0000  HL:004F  AF:3006  SP:7FF3  PC:0060   
0061  CD 6D 00  CALL 006D   (2)  BC:0000  DE:0000  HL:004F  AF:3006  SP:7FF3  PC:0061   
0064  23        INX H       (2)  BC:0000  DE:0000  HL:004F  AF:3006  SP:7FF3  PC:0064   
0065  C3 5A 00  JMP 005A    (2)  BC:0000  DE:0000  HL:0050  AF:3006  SP:7FF3  PC:0065   
005A  7E        MOV A,M     (2)  BC:0000  DE:0000  HL:0050  AF:3006  SP:7FF3  PC:005A   
005B  FE 24     CPI 24      (2)  BC:0000  DE:0000  HL:0050  AF:0D06  SP:7FF3  PC:005B   
005D  CA 68 00  JZ 0068     (2)  BC:0000  DE:0000  HL:0050  AF:0D93  SP:7FF3  PC:005D   
0060  7E        MOV A,M     (2)  BC:0000  DE:0000  HL:0050  AF:0D93  SP:7FF3  PC:0060   
0061  CD 6D 00  CALL 006D   (2)  BC:0000  DE:0000  HL:0050  AF:0D93  SP:7FF3  PC:0061   
0064  23        INX H       (2)  BC:0000  DE:0000  HL:0050  AF:0D93  SP:7FF3  PC:0064   
0065  C3 5A 00  JMP 005A    (2)  BC:0000  DE:0000  HL:0051  AF:0D93  SP:7FF3  PC:0065   
005A  7E        MOV A,M     (2)  BC:0000  DE:0000  HL:0051  AF:0D93  SP:7FF3  PC:005A   
005B  FE 24     CPI 24      (2)  BC:0000  DE:0000  HL:0051  AF:0A93  SP:7FF3  PC:005B   
005D  CA 68 00  JZ 0068     (2)  BC:0000  DE:0000  HL:0051  AF:0A93  SP:7FF3  PC:005D   
0060  7E        MOV A,M     (2)  BC:0000  DE:0000  HL:0051  AF:0A93  SP:7FF3  PC:0060   
0061  CD 6D 00  CALL 006D   (2)  BC:0000  DE:0000  HL:0051  AF:0A93  SP:7FF3  PC:0061   
0064  23        INX H       (2)  BC:0000  DE:0000  HL:0051  AF:0A93  SP:7FF3  PC:0064   
0065  C3 5A 00  JMP 005A    (2)  BC:0000  DE:0000  HL:0052  AF:0A93  SP:7FF3  PC:0065   
005A  7E        MOV A,M     (2)  BC:0000  DE:0000  HL:0052  AF:0A93  SP:7FF3  PC:005A   
005B  FE 24     CPI 24      (2)  BC:0000  DE:0000  HL:0052  AF:2493  SP:7FF3  PC:005B   
005D  CA 68 00  JZ 0068     (2)  BC:0000  DE:0000  HL:0052  AF:2456  SP:7FF3  PC:005D   
0068  F1        POP PSW     (2)  BC:0000  DE:0000  HL:0052  AF:2456  SP:7FF3  PC:0068   
0069  E1        POP H       (2)  BC:0000  DE:0000  HL:0052  AF:0046  SP:7FF5  PC:0069   
006A  D1        POP D       (2)  BC:0000  DE:0000  HL:0009  AF:0046  SP:7FF7  PC:006A   
006B  C1        POP B       (2)  BC:0000  DE:0000  HL:0009  AF:0046  SP:7FF9  PC:006B   
006C  C9        RET         (2)  BC:0000  DE:0000  HL:0009  AF:0046  SP:7FFB  PC:006C   
0006  C3 D5 00  JMP 00D5    (1)  BC:0000  DE:0000  HL:0009  AF:0046  SP:7FFD  PC:0006   
00D5  31 D1 06  LXI SP,06D1 (1)  BC:0000  DE:0000  HL:0009  AF:0046  SP:7FFD  PC:00D5   
00D8  E6 00     ANI 00      (1)  BC:0000  DE:0000  HL:0009  AF:0046  SP:06D1  PC:00D8   
00DA  CA E0 00  JZ 00E0     (1)  BC:0000  DE:0000  HL:0009  AF:0046  SP:06D1  PC:00DA   
00E0  D2 E6 00  JNC 00E6    (1)  BC:0000  DE:0000  HL:0009  AF:0046  SP:06D1  PC:00E0   
00E6  EA EC 00  JPE 00EC    (1)  BC:0000  DE:0000  HL:0009  AF:0046  SP:06D1  PC:00E6   
00EC  F2 F2 00  JP 00F2     (1)  BC:0000  DE:0000  HL:0009  AF:0046  SP:06D1  PC:00EC   
00F2  C2 01 01  JNZ 0101    (1)  BC:0000  DE:0000  HL:0009  AF:0046  SP:06D1  PC:00F2   
00F5  DA 01 01  JC 0101     (1)  BC:0000  DE:0000  HL:0009  AF:0046  SP:06D1  PC:00F5   
00F8  E2 01 01  JPO 0101    (1)  BC:0000  DE:0000  HL:0009  AF:0046  SP:06D1  PC:00F8   
00FB  FA 01 01  JM 0101     (1)  BC:0000  DE:0000  HL:0009  AF:0046  SP:06D1  PC:00FB   
00FE  C3 04 01  JMP 0104    (1)  BC:0000  DE:0000  HL:0009  AF:0046  SP:06D1  PC:00FE   
0104  C6 06     ADI 06      (1)  BC:0000  DE:0000  HL:0009  AF:0046  SP:06D1  PC:0104   
0106  C2 0C 01  JNZ 010C    (1)  BC:0000  DE:0000  HL:0009  AF:0606  SP:06D1  PC:0106   
010C  DA 15 01  JC 0115     (1)  BC:0000  DE:0000  HL:0009  AF:0606  SP:06D1  PC:010C   
010F  E2 15 01  JPO 0115    (1)  BC:0000  DE:0000  HL:0009  AF:0606  SP:06D1  PC:010F   
0112  F2 18 01  JP 0118     (1)  BC:0000  DE:0000  HL:0009  AF:0606  SP:06D1  PC:0112   
0118  C6 70     ADI 70      (1)  BC:0000  DE:0000  HL:0009  AF:0606  SP:06D1  PC:0118   
011A  E2 20 01  JPO 0120    (1)  BC:0000  DE:0000  HL:0009  AF:7602  SP:06D1  PC:011A   
0120  FA 29 01  JM 0129     (1)  BC:0000  DE:0000  HL:0009  AF:7602  SP:06D1  PC:0120   
0123  CA 29 01  JZ 0129     (1)  BC:0000  DE:0000  HL:0009  AF:7602  SP:06D1  PC:0123   
0126  D2 2C 01  JNC 012C    (1)  BC:0000  DE:0000  HL:0009  AF:7602  SP:06D1  PC:0126   
012C  C6 81     ADI 81      (1)  BC:0000  DE:0000  HL:0009  AF:7602  SP:06D1  PC:012C   
012E  FA 34 01  JM 0134     (1)  BC:0000  DE:0000  HL:0009  AF:F782  SP:06D1  PC:012E   
0134  CA 3D 01  JZ 013D     (1)  BC:0000  DE:0000  HL:0009  AF:F782  SP:06D1  PC:0134   
0137  DA 3D 01  JC 013D     (1)  BC:0000  DE:0000  HL:0009  AF:F782  SP:06D1  PC:0137   
013A  E2 40 01  JPO 0140    (1)  BC:0000  DE:0000  HL:0009  AF:F782  SP:06D1  PC:013A   
0140  C6 FE     ADI FE      (1)  BC:0000  DE:0000  HL:0009  AF:F782  SP:06D1  PC:0140   
0142  DA 48 01  JC 0148     (1)  BC:0000  DE:0000  HL:0009  AF:F597  SP:06D1  PC:0142   
0148  CA 51 01  JZ 0151     (1)  BC:0000  DE:0000  HL:0009  AF:F597  SP:06D1  PC:0148   
014B  E2 51 01  JPO 0151    (1)  BC:0000  DE:0000  HL:0009  AF:F597  SP:06D1  PC:014B   
014E  FA 54 01  JM 0154     (1)  BC:0000  DE:0000  HL:0009  AF:F597  SP:06D1  PC:014E   
0154  FE 00     CPI 00      (1)  BC:0000  DE:0000  HL:0009  AF:F597  SP:06D1  PC:0154   
0156  DA 6C 01  JC 016C     (1)  BC:0000  DE:0000  HL:0009  AF:F596  SP:06D1  PC:0156   
0159  CA 6C 01  JZ 016C     (1)  BC:0000  DE:0000  HL:0009  AF:F596  SP:06D1  PC:0159   
015C  FE F5     CPI F5      (1)  BC:0000  DE:0000  HL:0009  AF:F596  SP:06D1  PC:015C   
015E  DA 6C 01  JC 016C     (1)  BC:0000  DE:0000  HL:0009  AF:F556  SP:06D1  PC:015E   
0161  C2 6C 01  JNZ 016C    (1)  BC:0000  DE:0000  HL:0009  AF:F556  SP:06D1  PC:0161   
0164  FE FF     CPI FF      (1)  BC:0000  DE:0000  HL:0009  AF:F556  SP:06D1  PC:0164   
0166  CA 6C 01  JZ 016C     (1)  BC:0000  DE:0000  HL:0009  AF:F587  SP:06D1  PC:0166   
0169  DA 6F 01  JC 016F     (1)  BC:0000  DE:0000  HL:0009  AF:F587  SP:06D1  PC:0169   
016F  CE 0A     ACI 0A      (1)  BC:0000  DE:0000  HL:0009  AF:F587  SP:06D1  PC:016F   
0171  CE 0A     ACI 0A      (1)  BC:0000  DE:0000  HL:0009  AF:0057  SP:06D1  PC:0171   
0173  FE 0B     CPI 0B      (1)  BC:0000  DE:0000  HL:0009  AF:0B02  SP:06D1  PC:0173   
0175  CA 7B 01  JZ 017B     (1)  BC:0000  DE:0000  HL:0009  AF:0B56  SP:06D1  PC:0175   
017B  D6 0C     SUI 0C      (1)  BC:0000  DE:0000  HL:0009  AF:0B56  SP:06D1  PC:017B   
017D  D6 0F     SUI 0F      (1)  BC:0000  DE:0000  HL:0009  AF:FF87  SP:06D1  PC:017D   
017F  FE F0     CPI F0      (1)  BC:0000  DE:0000  HL:0009  AF:F096  SP:06D1  PC:017F   
0181  CA 87 01  JZ 0187     (1)  BC:0000  DE:0000  HL:0009  AF:F056  SP:06D1  PC:0181   
0187  DE F1     SBI F1      (1)  BC:0000  DE:0000  HL:0009  AF:F056  SP:06D1  PC:0187   
0189  DE 0E     SBI 0E      (1)  BC:0000  DE:0000  HL:0009  AF:FF87  SP:06D1  PC:0189   
018B  FE F0     CPI F0      (1)  BC:0000  DE:0000  HL:0009  AF:F096  SP:06D1  PC:018B   
018D  CA 93 01  JZ 0193     (1)  BC:0000  DE:0000  HL:0009  AF:F056  SP:06D1  PC:018D   
0193  E6 55     ANI 55      (1)  BC:0000  DE:0000  HL:0009  AF:F056  SP:06D1  PC:0193   
0195  FE 50     CPI 50      (1)  BC:0000  DE:0000  HL:0009  AF:5006  SP:06D1  PC:0195   
0197  CA 9D 01  JZ 019D     (1)  BC:0000  DE:0000  HL:0009  AF:5056  SP:06D1  PC:0197   
019D  F6 3A     ORI 3A      (1)  BC:0000  DE:0000  HL:0009  AF:5056  SP:06D1  PC:019D   
019F  FE 7A     CPI 7A      (1)  BC:0000  DE:0000  HL:0009  AF:7A02  SP:06D1  PC:019F   
01A1  CA A7 01  JZ 01A7     (1)  BC:0000  DE:0000  HL:0009  AF:7A56  SP:06D1  PC:01A1   
01A7  EE 0F     XRI 0F      (1)  BC:0000  DE:0000  HL:0009  AF:7A56  SP:06D1  PC:01A7   
01A9  FE 75     CPI 75      (1)  BC:0000  DE:0000  HL:0009  AF:7502  SP:06D1  PC:01A9   
01AB  CA B1 01  JZ 01B1     (1)  BC:0000  DE:0000  HL:0009  AF:7556  SP:06D1  PC:01AB   
01B1  E6 00     ANI 00      (1)  BC:0000  DE:0000  HL:0009  AF:7556  SP:06D1  PC:01B1   
01B3  DC B3 05  CC 05B3     (1)  BC:0000  DE:0000  HL:0009  AF:0046  SP:06D1  PC:01B3   
01B6  E4 B3 05  CPO 05B3    (1)  BC:0000  DE:0000  HL:0009  AF:0046  SP:06D1  PC:01B6   
01B9  FC B3 05  CM 05B3     (1)  BC:0000  DE:0000  HL:0009  AF:0046  SP:06D1  PC:01B9   
01BC  C4 B3 05  CNZ 05B3    (1)  BC:0000  DE:0000  HL:0009  AF:0046  SP:06D1  PC:01BC   
01BF  FE 00     CPI 00      (1)  BC:0000  DE:0000  HL:0009  AF:0046  SP:06D1  PC:01BF   
01C1  CA C7 01  JZ 01C7     (1)  BC:0000  DE:0000  HL:0009  AF:0056  SP:06D1  PC:01C1   
01C7  D6 77     SUI 77      (1)  BC:0000  DE:0000  HL:0009  AF:0056  SP:06D1  PC:01C7   
01C9  D4 B3 05  CNC 05B3    (1)  BC:0000  DE:0000  HL:0009  AF:8983  SP:06D1  PC:01C9   
01CC  EC B3 05  CPE 05B3    (1)  BC:0000  DE:0000  HL:0009  AF:8983  SP:06D1  PC:01CC   
01CF  F4 B3 05  CP 05B3     (1)  BC:0000  DE:0000  HL:0009  AF:8983  SP:06D1  PC:01CF   
01D2  CC B3 05  CZ 05B3     (1)  BC:0000  DE:0000  HL:0009  AF:8983  SP:06D1  PC:01D2   
01D5  FE 89     CPI 89      (1)  BC:0000  DE:0000  HL:0009  AF:8983  SP:06D1  PC:01D5   
01D7  CA DD 01  JZ 01DD     (1)  BC:0000  DE:0000  HL:0009  AF:8956  SP:06D1  PC:01D7   
01DD  E6 FF     ANI FF      (1)  BC:0000  DE:0000  HL:0009  AF:8956  SP:06D1  PC:01DD   
01DF  E4 EA 01  CPO 01EA    (1)  BC:0000  DE:0000  HL:0009  AF:8992  SP:06D1  PC:01DF   
01EA  E8        RPE         (2)  BC:0000  DE:0000  HL:0009  AF:8992  SP:06CF  PC:01EA   
01EB  C6 10     ADI 10      (2)  BC:0000  DE:0000  HL:0009  AF:8992  SP:06CF  PC:01EB   
01ED  EC F6 01  CPE 01F6    (2)  BC:0000  DE:0000  HL:0009  AF:9986  SP:06CF  PC:01ED   
01F0  C6 02     ADI 02      (2)  BC:0000  DE:0000  HL:0009  AF:D786  SP:06CF  PC:01F0   
01F2  E0        RPO         (2)  BC:0000  DE:0000  HL:0009  AF:D982  SP:06CF  PC:01F2   
01E2  FE D9     CPI D9      (1)  BC:0000  DE:0000  HL:0009  AF:D982  SP:06D1  PC:01E2   
01E4  CA 47 02  JZ 0247     (1)  BC:0000  DE:0000  HL:0009  AF:D956  SP:06D1  PC:01E4   
0247  3E 77     MVI A,77    (1)  BC:0000  DE:0000  HL:0009  AF:D956  SP:06D1  PC:0247   
0249  3C        INR A       (1)  BC:0000  DE:0000  HL:0009  AF:7756  SP:06D1  PC:0249   
024A  47        MOV B,A     (1)  BC:0000  DE:0000  HL:0009  AF:7806  SP:06D1  PC:024A   
024B  04        INR B       (1)  BC:7800  DE:0000  HL:0009  AF:7806  SP:06D1  PC:024B   
024C  48        MOV C,B     (1)  BC:7900  DE:0000  HL:0009  AF:7802  SP:06D1  PC:024C   
024D  0D        DCR C       (1)  BC:7979  DE:0000  HL:0009  AF:7802  SP:06D1  PC:024D   
024E  51        MOV D,C     (1)  BC:7978  DE:0000  HL:0009  AF:7816  SP:06D1  PC:024E   
024F  5A        MOV E,D     (1)  BC:7978  DE:7800  HL:0009  AF:7816  SP:06D1  PC:024F   
0250  63        MOV H,E     (1)  BC:7978  DE:7878  HL:0009  AF:7816  SP:06D1  PC:0250   
0251  6C        MOV L,H     (1)  BC:7978  DE:7878  HL:7809  AF:7816  SP:06D1  PC:0251   
0252  7D        MOV A,L     (1)  BC:7978  DE:7878  HL:7878  AF:7816  SP:06D1  PC:0252   
0253  3D        DCR A       (1)  BC:7978  DE:7878  HL:7878  AF:7816  SP:06D1  PC:0253   
0254  4F        MOV C,A     (1)  BC:7978  DE:7878  HL:7878  AF:7716  SP:06D1  PC:0254   
0255  59        MOV E,C     (1)  BC:7977  DE:7878  HL:7878  AF:7716  SP:06D1  PC:0255   
0256  6B        MOV L,E     (1)  BC:7977  DE:7877  HL:7878  AF:7716  SP:06D1  PC:0256   
0257  45        MOV B,L     (1)  BC:7977  DE:7877  HL:7877  AF:7716  SP:06D1  PC:0257   
0258  50        MOV D,B     (1)  BC:7777  DE:7877  HL:7877  AF:7716  SP:06D1  PC:0258   
0259  62        MOV H,D     (1)  BC:7777  DE:7777  HL:7877  AF:7716  SP:06D1  PC:0259   
025A  7C        MOV A,H     (1)  BC:7777  DE:7777  HL:7777  AF:7716  SP:06D1  PC:025A   
025B  57        MOV D,A     (1)  BC:7777  DE:7777  HL:7777  AF:7716  SP:06D1  PC:025B   
025C  14        INR D       (1)  BC:7777  DE:7777  HL:7777  AF:7716  SP:06D1  PC:025C   
025D  6A        MOV L,D     (1)  BC:7777  DE:7877  HL:7777  AF:7706  SP:06D1  PC:025D   
025E  4D        MOV C,L     (1)  BC:7777  DE:7877  HL:7778  AF:7706  SP:06D1  PC:025E   
025F  0C        INR C       (1)  BC:7778  DE:7877  HL:7778  AF:7706  SP:06D1  PC:025F   
0260  61        MOV H,C     (1)  BC:7779  DE:7877  HL:7778  AF:7702  SP:06D1  PC:0260   
0261  44        MOV B,H     (1)  BC:7779  DE:7877  HL:7978  AF:7702  SP:06D1  PC:0261   
0262  05        DCR B       (1)  BC:7979  DE:7877  HL:7978  AF:7702  SP:06D1  PC:0262   
0263  58        MOV E,B     (1)  BC:7879  DE:7877  HL:7978  AF:7716  SP:06D1  PC:0263   
0264  7B        MOV A,E     (1)  BC:7879  DE:7878  HL:7978  AF:7716  SP:06D1  PC:0264   
0265  5F        MOV E,A     (1)  BC:7879  DE:7878  HL:7978  AF:7816  SP:06D1  PC:0265   
0266  1C        INR E       (1)  BC:7879  DE:7878  HL:7978  AF:7816  SP:06D1  PC:0266   
0267  43        MOV B,E     (1)  BC:7879  DE:7879  HL:7978  AF:7802  SP:06D1  PC:0267   
0268  60        MOV H,B     (1)  BC:7979  DE:7879  HL:7978  AF:7802  SP:06D1  PC:0268   
0269  24        INR H       (1)  BC:7979  DE:7879  HL:7978  AF:7802  SP:06D1  PC:0269   
026A  4C        MOV C,H     (1)  BC:7979  DE:7879  HL:7A78  AF:7802  SP:06D1  PC:026A   
026B  69        MOV L,C     (1)  BC:797A  DE:7879  HL:7A78  AF:7802  SP:06D1  PC:026B   
026C  55        MOV D,L     (1)  BC:797A  DE:7879  HL:7A7A  AF:7802  SP:06D1  PC:026C   
026D  15        DCR D       (1)  BC:797A  DE:7A79  HL:7A7A  AF:7802  SP:06D1  PC:026D   
026E  7A        MOV A,D     (1)  BC:797A  DE:7979  HL:7A7A  AF:7812  SP:06D1  PC:026E   
026F  67        MOV H,A     (1)  BC:797A  DE:7979  HL:7A7A  AF:7912  SP:06D1  PC:026F   
0270  25        DCR H       (1)  BC:797A  DE:7979  HL:797A  AF:7912  SP:06D1  PC:0270   
0271  54        MOV D,H     (1)  BC:797A  DE:7979  HL:787A  AF:7916  SP:06D1  PC:0271   
0272  42        MOV B,D     (1)  BC:797A  DE:7879  HL:787A  AF:7916  SP:06D1  PC:0272   
0273  68        MOV L,B     (1)  BC:787A  DE:7879  HL:787A  AF:7916  SP:06D1  PC:0273   
0274  2C        INR L       (1)  BC:787A  DE:7879  HL:7878  AF:7916  SP:06D1  PC:0274   
0275  5D        MOV E,L     (1)  BC:787A  DE:7879  HL:7879  AF:7902  SP:06D1  PC:0275   
0276  1D        DCR E       (1)  BC:787A  DE:7879  HL:7879  AF:7902  SP:06D1  PC:0276   
0277  4B        MOV C,E     (1)  BC:787A  DE:7878  HL:7879  AF:7916  SP:06D1  PC:0277   
0278  79        MOV A,C     (1)  BC:7878  DE:7878  HL:7879  AF:7916  SP:06D1  PC:0278   
0279  6F        MOV L,A     (1)  BC:7878  DE:7878  HL:7879  AF:7816  SP:06D1  PC:0279   
027A  2D        DCR L       (1)  BC:7878  DE:7878  HL:7878  AF:7816  SP:06D1  PC:027A   
027B  65        MOV H,L     (1)  BC:7878  DE:7878  HL:7877  AF:7816  SP:06D1  PC:027B   
027C  5C        MOV E,H     (1)  BC:7878  DE:7878  HL:7777  AF:7816  SP:06D1  PC:027C   
027D  53        MOV D,E     (1)  BC:7878  DE:7877  HL:7777  AF:7816  SP:06D1  PC:027D   
027E  4A        MOV C,D     (1)  BC:7878  DE:7777  HL:7777  AF:7816  SP:06D1  PC:027E   
027F  41        MOV B,C     (1)  BC:7877  DE:7777  HL:7777  AF:7816  SP:06D1  PC:027F   
0280  78        MOV A,B     (1)  BC:7777  DE:7777  HL:7777  AF:7816  SP:06D1  PC:0280   
0281  FE 77     CPI 77      (1)  BC:7777  DE:7777  HL:7777  AF:7716  SP:06D1  PC:0281   
0283  C4 B3 05  CNZ 05B3    (1)  BC:7777  DE:7777  HL:7777  AF:7756  SP:06D1  PC:0283   
0286  AF        XRA A       (1)  BC:7777  DE:7777  HL:7777  AF:7756  SP:06D1  PC:0286   
0287  06 01     MVI B,01    (1)  BC:7777  DE:7777  HL:7777  AF:0046  SP:06D1  PC:0287   
0289  0E 03     MVI C,03    (1)  BC:0177  DE:7777  HL:7777  AF:0046  SP:06D1  PC:0289   
028B  16 07     MVI D,07    (1)  BC:0103  DE:7777  HL:7777  AF:0046  SP:06D1  PC:028B   
028D  1E 0F     MVI E,0F    (1)  BC:0103  DE:0777  HL:7777  AF:0046  SP:06D1  PC:028D   
028F  26 1F     MVI H,1F    (1)  BC:0103  DE:070F  HL:7777  AF:0046  SP:06D1  PC:028F   
0291  2E 3F     MVI L,3F    (1)  BC:0103  DE:070F  HL:1F77  AF:0046  SP:06D1  PC:0291   
0293  80        ADD B       (1)  BC:0103  DE:070F  HL:1F3F  AF:0046  SP:06D1  PC:0293   
0294  81        ADD C       (1)  BC:0103  DE:070F  HL:1F3F  AF:0102  SP:06D1  PC:0294   
0295  82        ADD D       (1)  BC:0103  DE:070F  HL:1F3F  AF:0402  SP:06D1  PC:0295   
0296  83        ADD E       (1)  BC:0103  DE:070F  HL:1F3F  AF:0B02  SP:06D1  PC:0296   
0297  84        ADD H       (1)  BC:0103  DE:070F  HL:1F3F  AF:1A12  SP:06D1  PC:0297   
0298  85        ADD L       (1)  BC:0103  DE:070F  HL:1F3F  AF:3916  SP:06D1  PC:0298   
0299  87        ADD A       (1)  BC:0103  DE:070F  HL:1F3F  AF:7816  SP:06D1  PC:0299   
029A  FE F0     CPI F0      (1)  BC:0103  DE:070F  HL:1F3F  AF:F096  SP:06D1  PC:029A   
029C  C4 B3 05  CNZ 05B3    (1)  BC:0103  DE:070F  HL:1F3F  AF:F056  SP:06D1  PC:029C   
029F  90        SUB B       (1)  BC:0103  DE:070F  HL:1F3F  AF:F056  SP:06D1  PC:029F   
02A0  91        SUB C       (1)  BC:0103  DE:070F  HL:1F3F  AF:EF82  SP:06D1  PC:02A0   
02A1  92        SUB D       (1)  BC:0103  DE:070F  HL:1F3F  AF:EC92  SP:06D1  PC:02A1   
02A2  93        SUB E       (1)  BC:0103  DE:070F  HL:1F3F  AF:E592  SP:06D1  PC:02A2   
02A3  94        SUB H       (1)  BC:0103  DE:070F  HL:1F3F  AF:D682  SP:06D1  PC:02A3   
02A4  95        SUB L       (1)  BC:0103  DE:070F  HL:1F3F  AF:B786  SP:06D1  PC:02A4   
02A5  FE 78     CPI 78      (1)  BC:0103  DE:070F  HL:1F3F  AF:7806  SP:06D1  PC:02A5   
02A7  C4 B3 05  CNZ 05B3    (1)  BC:0103  DE:070F  HL:1F3F  AF:7856  SP:06D1  PC:02A7   
02AA  97        SUB A       (1)  BC:0103  DE:070F  HL:1F3F  AF:7856  SP:06D1  PC:02AA   
02AB  C4 B3 05  CNZ 05B3    (1)  BC:0103  DE:070F  HL:1F3F  AF:0056  SP:06D1  PC:02AB   
02AE  3E 80     MVI A,80    (1)  BC:0103  DE:070F  HL:1F3F  AF:0056  SP:06D1  PC:02AE   
02B0  87        ADD A       (1)  BC:0103  DE:070F  HL:1F3F  AF:8056  SP:06D1  PC:02B0   
02B1  06 01     MVI B,01    (1)  BC:0103  DE:070F  HL:1F3F  AF:0047  SP:06D1  PC:02B1   
02B3  0E 02     MVI C,02    (1)  BC:0103  DE:070F  HL:1F3F  AF:0047  SP:06D1  PC:02B3   
02B5  16 03     MVI D,03    (1)  BC:0102  DE:070F  HL:1F3F  AF:0047  SP:06D1  PC:02B5   
02B7  1E 04     MVI E,04    (1)  BC:0102  DE:030F  HL:1F3F  AF:0047  SP:06D1  PC:02B7   
02B9  26 05     MVI H,05    (1)  BC:0102  DE:0304  HL:1F3F  AF:0047  SP:06D1  PC:02B9   
02BB  2E 06     MVI L,06    (1)  BC:0102  DE:0304  HL:053F  AF:0047  SP:06D1  PC:02BB   
02BD  88        ADC B       (1)  BC:0102  DE:0304  HL:0506  AF:0047  SP:06D1  PC:02BD   
02BE  06 80     MVI B,80    (1)  BC:0102  DE:0304  HL:0506  AF:0202  SP:06D1  PC:02BE   
02C0  80        ADD B       (1)  BC:8002  DE:0304  HL:0506  AF:0202  SP:06D1  PC:02C0   
02C1  80        ADD B       (1)  BC:8002  DE:0304  HL:0506  AF:8286  SP:06D1  PC:02C1   
02C2  89        ADC C       (1)  BC:8002  DE:0304  HL:0506  AF:0203  SP:06D1  PC:02C2   
02C3  80        ADD B       (1)  BC:8002  DE:0304  HL:0506  AF:0506  SP:06D1  PC:02C3   
02C4  80        ADD B       (1)  BC:8002  DE:0304  HL:0506  AF:8582  SP:06D1  PC:02C4   
02C5  8A        ADC D       (1)  BC:8002  DE:0304  HL:0506  AF:0507  SP:06D1  PC:02C5   
02C6  80        ADD B       (1)  BC:8002  DE:0304  HL:0506  AF:0906  SP:06D1  PC:02C6   
02C7  80        ADD B       (1)  BC:8002  DE:0304  HL:0506  AF:8982  SP:06D1  PC:02C7   
02C8  8B        ADC E       (1)  BC:8002  DE:0304  HL:0506  AF:0907  SP:06D1  PC:02C8   
02C9  80        ADD B       (1)  BC:8002  DE:0304  HL:0506  AF:0E02  SP:06D1  PC:02C9   
02CA  80        ADD B       (1)  BC:8002  DE:0304  HL:0506  AF:8E86  SP:06D1  PC:02CA   
02CB  8C        ADC H       (1)  BC:8002  DE:0304  HL:0506  AF:0E03  SP:06D1  PC:02CB   
02CC  80        ADD B       (1)  BC:8002  DE:0304  HL:0506  AF:1416  SP:06D1  PC:02CC   
02CD  80        ADD B       (1)  BC:8002  DE:0304  HL:0506  AF:9482  SP:06D1  PC:02CD   
02CE  8D        ADC L       (1)  BC:8002  DE:0304  HL:0506  AF:1407  SP:06D1  PC:02CE   
02CF  80        ADD B       (1)  BC:8002  DE:0304  HL:0506  AF:1B06  SP:06D1  PC:02CF   
02D0  80        ADD B       (1)  BC:8002  DE:0304  HL:0506  AF:9B82  SP:06D1  PC:02D0   
02D1  8F        ADC A       (1)  BC:8002  DE:0304  HL:0506  AF:1B07  SP:06D1  PC:02D1   
02D2  FE 37     CPI 37      (1)  BC:8002  DE:0304  HL:0506  AF:3712  SP:06D1  PC:02D2   
02D4  C4 B3 05  CNZ 05B3    (1)  BC:8002  DE:0304  HL:0506  AF:3756  SP:06D1  PC:02D4   
02D7  3E 80     MVI A,80    (1)  BC:8002  DE:0304  HL:0506  AF:3756  SP:06D1  PC:02D7   
02D9  87        ADD A       (1)  BC:8002  DE:0304  HL:0506  AF:8056  SP:06D1  PC:02D9   
02DA  06 01     MVI B,01    (1)  BC:8002  DE:0304  HL:0506  AF:0047  SP:06D1  PC:02DA   
02DC  98        SBB B       (1)  BC:0102  DE:0304  HL:0506  AF:0047  SP:06D1  PC:02DC   
02DD  06 FF     MVI B,FF    (1)  BC:0102  DE:0304  HL:0506  AF:FE83  SP:06D1  PC:02DD   
02DF  80        ADD B       (1)  BC:FF02  DE:0304  HL:0506  AF:FE83  SP:06D1  PC:02DF   
02E0  99        SBB C       (1)  BC:FF02  DE:0304  HL:0506  AF:FD93  SP:06D1  PC:02E0   
02E1  80        ADD B       (1)  BC:FF02  DE:0304  HL:0506  AF:FA96  SP:06D1  PC:02E1   
02E2  9A        SBB D       (1)  BC:FF02  DE:0304  HL:0506  AF:F997  SP:06D1  PC:02E2   
02E3  80        ADD B       (1)  BC:FF02  DE:0304  HL:0506  AF:F596  SP:06D1  PC:02E3   
02E4  9B        SBB E       (1)  BC:FF02  DE:0304  HL:0506  AF:F493  SP:06D1  PC:02E4   
02E5  80        ADD B       (1)  BC:FF02  DE:0304  HL:0506  AF:EF82  SP:06D1  PC:02E5   
02E6  9C        SBB H       (1)  BC:FF02  DE:0304  HL:0506  AF:EE97  SP:06D1  PC:02E6   
02E7  80        ADD B       (1)  BC:FF02  DE:0304  HL:0506  AF:E896  SP:06D1  PC:02E7   
02E8  9D        SBB L       (1)  BC:FF02  DE:0304  HL:0506  AF:E797  SP:06D1  PC:02E8   
02E9  FE E0     CPI E0      (1)  BC:FF02  DE:0304  HL:0506  AF:E092  SP:06D1  PC:02E9   
02EB  C4 B3 05  CNZ 05B3    (1)  BC:FF02  DE:0304  HL:0506  AF:E056  SP:06D1  PC:02EB   
02EE  3E 80     MVI A,80    (1)  BC:FF02  DE:0304  HL:0506  AF:E056  SP:06D1  PC:02EE   
02F0  87        ADD A       (1)  BC:FF02  DE:0304  HL:0506  AF:8056  SP:06D1  PC:02F0   
02F1  9F        SBB A       (1)  BC:FF02  DE:0304  HL:0506  AF:0047  SP:06D1  PC:02F1   
02F2  FE FF     CPI FF      (1)  BC:FF02  DE:0304  HL:0506  AF:FF87  SP:06D1  PC:02F2   
02F4  C4 B3 05  CNZ 05B3    (1)  BC:FF02  DE:0304  HL:0506  AF:FF56  SP:06D1  PC:02F4   
02F7  3E FF     MVI A,FF    (1)  BC:FF02  DE:0304  HL:0506  AF:FF56  SP:06D1  PC:02F7   
02F9  06 FE     MVI B,FE    (1)  BC:FF02  DE:0304  HL:0506  AF:FF56  SP:06D1  PC:02F9   
02FB  0E FC     MVI C,FC    (1)  BC:FE02  DE:0304  HL:0506  AF:FF56  SP:06D1  PC:02FB   
02FD  16 EF     MVI D,EF    (1)  BC:FEFC  DE:0304  HL:0506  AF:FF56  SP:06D1  PC:02FD   
02FF  1E 7F     MVI E,7F    (1)  BC:FEFC  DE:EF04  HL:0506  AF:FF56  SP:06D1  PC:02FF   
0301  26 F4     MVI H,F4    (1)  BC:FEFC  DE:EF7F  HL:0506  AF:FF56  SP:06D1  PC:0301   
0303  2E BF     MVI L,BF    (1)  BC:FEFC  DE:EF7F  HL:F406  AF:FF56  SP:06D1  PC:0303   
0305  A7        ANA A       (1)  BC:FEFC  DE:EF7F  HL:F4BF  AF:FF56  SP:06D1  PC:0305   
0306  A1        ANA C       (1)  BC:FEFC  DE:EF7F  HL:F4BF  AF:FF96  SP:06D1  PC:0306   
0307  A2        ANA D       (1)  BC:FEFC  DE:EF7F  HL:F4BF  AF:FC96  SP:06D1  PC:0307   
0308  A3        ANA E       (1)  BC:FEFC  DE:EF7F  HL:F4BF  AF:EC92  SP:06D1  PC:0308   
0309  A4        ANA H       (1)  BC:FEFC  DE:EF7F  HL:F4BF  AF:6C16  SP:06D1  PC:0309   
030A  A5        ANA L       (1)  BC:FEFC  DE:EF7F  HL:F4BF  AF:6412  SP:06D1  PC:030A   
030B  A7        ANA A       (1)  BC:FEFC  DE:EF7F  HL:F4BF  AF:2416  SP:06D1  PC:030B   
030C  FE 24     CPI 24      (1)  BC:FEFC  DE:EF7F  HL:F4BF  AF:2406  SP:06D1  PC:030C   
030E  C4 B3 05  CNZ 05B3    (1)  BC:FEFC  DE:EF7F  HL:F4BF  AF:2456  SP:06D1  PC:030E   
0311  AF        XRA A       (1)  BC:FEFC  DE:EF7F  HL:F4BF  AF:2456  SP:06D1  PC:0311   
0312  06 01     MVI B,01    (1)  BC:FEFC  DE:EF7F  HL:F4BF  AF:0046  SP:06D1  PC:0312   
0314  0E 02     MVI C,02    (1)  BC:01FC  DE:EF7F  HL:F4BF  AF:0046  SP:06D1  PC:0314   
0316  16 04     MVI D,04    (1)  BC:0102  DE:EF7F  HL:F4BF  AF:0046  SP:06D1  PC:0316   
0318  1E 08     MVI E,08    (1)  BC:0102  DE:047F  HL:F4BF  AF:0046  SP:06D1  PC:0318   
031A  26 10     MVI H,10    (1)  BC:0102  DE:0408  HL:F4BF  AF:0046  SP:06D1  PC:031A   
031C  2E 20     MVI L,20    (1)  BC:0102  DE:0408  HL:10BF  AF:0046  SP:06D1  PC:031C   
031E  B0        ORA B       (1)  BC:0102  DE:0408  HL:1020  AF:0046  SP:06D1  PC:031E   
031F  B1        ORA C       (1)  BC:0102  DE:0408  HL:1020  AF:0102  SP:06D1  PC:031F   
0320  B2        ORA D       (1)  BC:0102  DE:0408  HL:1020  AF:0306  SP:06D1  PC:0320   
0321  B3        ORA E       (1)  BC:0102  DE:0408  HL:1020  AF:0702  SP:06D1  PC:0321   
0322  B4        ORA H       (1)  BC:0102  DE:0408  HL:1020  AF:0F06  SP:06D1  PC:0322   
0323  B5        ORA L       (1)  BC:0102  DE:0408  HL:1020  AF:1F02  SP:06D1  PC:0323   
0324  B7        ORA A       (1)  BC:0102  DE:0408  HL:1020  AF:3F06  SP:06D1  PC:0324   
0325  FE 3F     CPI 3F      (1)  BC:0102  DE:0408  HL:1020  AF:3F06  SP:06D1  PC:0325   
0327  C4 B3 05  CNZ 05B3    (1)  BC:0102  DE:0408  HL:1020  AF:3F56  SP:06D1  PC:0327   
032A  3E 00     MVI A,00    (1)  BC:0102  DE:0408  HL:1020  AF:3F56  SP:06D1  PC:032A   
032C  26 8F     MVI H,8F    (1)  BC:0102  DE:0408  HL:1020  AF:0056  SP:06D1  PC:032C   
032E  2E 4F     MVI L,4F    (1)  BC:0102  DE:0408  HL:8F20  AF:0056  SP:06D1  PC:032E   
0330  A8        XRA B       (1)  BC:0102  DE:0408  HL:8F4F  AF:0056  SP:06D1  PC:0330   
0331  A9        XRA C       (1)  BC:0102  DE:0408  HL:8F4F  AF:0102  SP:06D1  PC:0331   
0332  AA        XRA D       (1)  BC:0102  DE:0408  HL:8F4F  AF:0306  SP:06D1  PC:0332   
0333  AB        XRA E       (1)  BC:0102  DE:0408  HL:8F4F  AF:0702  SP:06D1  PC:0333   
0334  AC        XRA H       (1)  BC:0102  DE:0408  HL:8F4F  AF:0F06  SP:06D1  PC:0334   
0335  AD        XRA L       (1)  BC:0102  DE:0408  HL:8F4F  AF:8082  SP:06D1  PC:0335   
0336  FE CF     CPI CF      (1)  BC:0102  DE:0408  HL:8F4F  AF:CF86  SP:06D1  PC:0336   
0338  C4 B3 05  CNZ 05B3    (1)  BC:0102  DE:0408  HL:8F4F  AF:CF56  SP:06D1  PC:0338   
033B  AF        XRA A       (1)  BC:0102  DE:0408  HL:8F4F  AF:CF56  SP:06D1  PC:033B   
033C  C4 B3 05  CNZ 05B3    (1)  BC:0102  DE:0408  HL:8F4F  AF:0046  SP:06D1  PC:033C   
033F  06 44     MVI B,44    (1)  BC:0102  DE:0408  HL:8F4F  AF:0046  SP:06D1  PC:033F   
0341  0E 45     MVI C,45    (1)  BC:4402  DE:0408  HL:8F4F  AF:0046  SP:06D1  PC:0341   
0343  16 46     MVI D,46    (1)  BC:4445  DE:0408  HL:8F4F  AF:0046  SP:06D1  PC:0343   
0345  1E 47     MVI E,47    (1)  BC:4445  DE:4608  HL:8F4F  AF:0046  SP:06D1  PC:0345   
0347  26 05     MVI H,05    (1)  BC:4445  DE:4647  HL:8F4F  AF:0046  SP:06D1  PC:0347   
0349  2E D3     MVI L,D3    (1)  BC:4445  DE:4647  HL:054F  AF:0046  SP:06D1  PC:0349   
034B  70        MOV M,B     (1)  BC:4445  DE:4647  HL:05D3  AF:0046  SP:06D1  PC:034B   
034C  06 00     MVI B,00    (1)  BC:4445  DE:4647  HL:05D3  AF:0046  SP:06D1  PC:034C   
034E  46        MOV B,M     (1)  BC:0045  DE:4647  HL:05D3  AF:0046  SP:06D1  PC:034E   
034F  3E 44     MVI A,44    (1)  BC:4445  DE:4647  HL:05D3  AF:0046  SP:06D1  PC:034F   
0351  B8        CMP B       (1)  BC:4445  DE:4647  HL:05D3  AF:4446  SP:06D1  PC:0351   
0352  C4 B3 05  CNZ 05B3    (1)  BC:4445  DE:4647  HL:05D3  AF:4456  SP:06D1  PC:0352   
0355  72        MOV M,D     (1)  BC:4445  DE:4647  HL:05D3  AF:4456  SP:06D1  PC:0355   
0356  16 00     MVI D,00    (1)  BC:4445  DE:4647  HL:05D3  AF:4456  SP:06D1  PC:0356   
0358  56        MOV D,M     (1)  BC:4445  DE:0047  HL:05D3  AF:4456  SP:06D1  PC:0358   
0359  3E 46     MVI A,46    (1)  BC:4445  DE:4647  HL:05D3  AF:4456  SP:06D1  PC:0359   
035B  BA        CMP D       (1)  BC:4445  DE:4647  HL:05D3  AF:4656  SP:06D1  PC:035B   
035C  C4 B3 05  CNZ 05B3    (1)  BC:4445  DE:4647  HL:05D3  AF:4656  SP:06D1  PC:035C   
035F  73        MOV M,E     (1)  BC:4445  DE:4647  HL:05D3  AF:4656  SP:06D1  PC:035F   
0360  1E 00     MVI E,00    (1)  BC:4445  DE:4647  HL:05D3  AF:4656  SP:06D1  PC:0360   
0362  5E        MOV E,M     (1)  BC:4445  DE:4600  HL:05D3  AF:4656  SP:06D1  PC:0362   
0363  3E 47     MVI A,47    (1)  BC:4445  DE:4647  HL:05D3  AF:4656  SP:06D1  PC:0363   
0365  BB        CMP E       (1)  BC:4445  DE:4647  HL:05D3  AF:4756  SP:06D1  PC:0365   
0366  C4 B3 05  CNZ 05B3    (1)  BC:4445  DE:4647  HL:05D3  AF:4756  SP:06D1  PC:0366   
0369  74        MOV M,H     (1)  BC:4445  DE:4647  HL:05D3  AF:4756  SP:06D1  PC:0369   
036A  26 05     MVI H,05    (1)  BC:4445  DE:4647  HL:05D3  AF:4756  SP:06D1  PC:036A   
036C  2E D3     MVI L,D3    (1)  BC:4445  DE:4647  HL:05D3  AF:4756  SP:06D1  PC:036C   
036E  66        MOV H,M     (1)  BC:4445  DE:4647  HL:05D3  AF:4756  SP:06D1  PC:036E   
036F  3E 05     MVI A,05    (1)  BC:4445  DE:4647  HL:05D3  AF:4756  SP:06D1  PC:036F   
0371  BC        CMP H       (1)  BC:4445  DE:4647  HL:05D3  AF:0556  SP:06D1  PC:0371   
0372  C4 B3 05  CNZ 05B3    (1)  BC:4445  DE:4647  HL:05D3  AF:0556  SP:06D1  PC:0372   
0375  75        MOV M,L     (1)  BC:4445  DE:4647  HL:05D3  AF:0556  SP:06D1  PC:0375   
0376  26 05     MVI H,05    (1)  BC:4445  DE:4647  HL:05D3  AF:0556  SP:06D1  PC:0376   
0378  2E D3     MVI L,D3    (1)  BC:4445  DE:4647  HL:05D3  AF:0556  SP:06D1  PC:0378   
037A  6E        MOV L,M     (1)  BC:4445  DE:4647  HL:05D3  AF:0556  SP:06D1  PC:037A   
037B  3E D3     MVI A,D3    (1)  BC:4445  DE:4647  HL:05D3  AF:0556  SP:06D1  PC:037B   
037D  BD        CMP L       (1)  BC:4445  DE:4647  HL:05D3  AF:D356  SP:06D1  PC:037D   
037E  C4 B3 05  CNZ 05B3    (1)  BC:4445  DE:4647  HL:05D3  AF:D356  SP:06D1  PC:037E   
0381  26 05     MVI H,05    (1)  BC:4445  DE:4647  HL:05D3  AF:D356  SP:06D1  PC:0381   
0383  2E D3     MVI L,D3    (1)  BC:4445  DE:4647  HL:05D3  AF:D356  SP:06D1  PC:0383   
0385  3E 32     MVI A,32    (1)  BC:4445  DE:4647  HL:05D3  AF:D356  SP:06D1  PC:0385   
0387  77        MOV M,A     (1)  BC:4445  DE:4647  HL:05D3  AF:3256  SP:06D1  PC:0387   
0388  BE        CMP M       (1)  BC:4445  DE:4647  HL:05D3  AF:3256  SP:06D1  PC:0388   
0389  C4 B3 05  CNZ 05B3    (1)  BC:4445  DE:4647  HL:05D3  AF:3256  SP:06D1  PC:0389   
038C  86        ADD M       (1)  BC:4445  DE:4647  HL:05D3  AF:3256  SP:06D1  PC:038C   
038D  FE 64     CPI 64      (1)  BC:4445  DE:4647  HL:05D3  AF:6402  SP:06D1  PC:038D   
038F  C4 B3 05  CNZ 05B3    (1)  BC:4445  DE:4647  HL:05D3  AF:6456  SP:06D1  PC:038F   
0392  AF        XRA A       (1)  BC:4445  DE:4647  HL:05D3  AF:6456  SP:06D1  PC:0392   
0393  7E        MOV A,M     (1)  BC:4445  DE:4647  HL:05D3  AF:0046  SP:06D1  PC:0393   
0394  FE 32     CPI 32      (1)  BC:4445  DE:4647  HL:05D3  AF:3246  SP:06D1  PC:0394   
0396  C4 B3 05  CNZ 05B3    (1)  BC:4445  DE:4647  HL:05D3  AF:3256  SP:06D1  PC:0396   
0399  26 05     MVI H,05    (1)  BC:4445  DE:4647  HL:05D3  AF:3256  SP:06D1  PC:0399   
039B  2E D3     MVI L,D3    (1)  BC:4445  DE:4647  HL:05D3  AF:3256  SP:06D1  PC:039B   
039D  7E        MOV A,M     (1)  BC:4445  DE:4647  HL:05D3  AF:3256  SP:06D1  PC:039D   
039E  96        SUB M       (1)  BC:4445  DE:4647  HL:05D3  AF:3256  SP:06D1  PC:039E   
039F  C4 B3 05  CNZ 05B3    (1)  BC:4445  DE:4647  HL:05D3  AF:0056  SP:06D1  PC:039F   
03A2  3E 80     MVI A,80    (1)  BC:4445  DE:4647  HL:05D3  AF:0056  SP:06D1  PC:03A2   
03A4  87        ADD A       (1)  BC:4445  DE:4647  HL:05D3  AF:8056  SP:06D1  PC:03A4   
03A5  8E        ADC M       (1)  BC:4445  DE:4647  HL:05D3  AF:0047  SP:06D1  PC:03A5   
03A6  FE 33     CPI 33      (1)  BC:4445  DE:4647  HL:05D3  AF:3306  SP:06D1  PC:03A6   
03A8  C4 B3 05  CNZ 05B3    (1)  BC:4445  DE:4647  HL:05D3  AF:3356  SP:06D1  PC:03A8   
03AB  3E 80     MVI A,80    (1)  BC:4445  DE:4647  HL:05D3  AF:3356  SP:06D1  PC:03AB   
03AD  87        ADD A       (1)  BC:4445  DE:4647  HL:05D3  AF:8056  SP:06D1  PC:03AD   
03AE  9E        SBB M       (1)  BC:4445  DE:4647  HL:05D3  AF:0047  SP:06D1  PC:03AE   
03AF  FE CD     CPI CD      (1)  BC:4445  DE:4647  HL:05D3  AF:CD83  SP:06D1  PC:03AF   
03B1  C4 B3 05  CNZ 05B3    (1)  BC:4445  DE:4647  HL:05D3  AF:CD56  SP:06D1  PC:03B1   
03B4  A6        ANA M       (1)  BC:4445  DE:4647  HL:05D3  AF:CD56  SP:06D1  PC:03B4   
03B5  C4 B3 05  CNZ 05B3    (1)  BC:4445  DE:4647  HL:05D3  AF:0056  SP:06D1  PC:03B5   
03B8  3E 25     MVI A,25    (1)  BC:4445  DE:4647  HL:05D3  AF:0056  SP:06D1  PC:03B8   
03BA  B6        ORA M       (1)  BC:4445  DE:4647  HL:05D3  AF:2556  SP:06D1  PC:03BA   
03BB  FE 37     CPI 37      (1)  BC:4445  DE:4647  HL:05D3  AF:3702  SP:06D1  PC:03BB   
03BD  C4 B3 05  CNZ 05B3    (1)  BC:4445  DE:4647  HL:05D3  AF:3756  SP:06D1  PC:03BD   
03C0  AE        XRA M       (1)  BC:4445  DE:4647  HL:05D3  AF:3756  SP:06D1  PC:03C0   
03C1  FE 05     CPI 05      (1)  BC:4445  DE:4647  HL:05D3  AF:0506  SP:06D1  PC:03C1   
03C3  C4 B3 05  CNZ 05B3    (1)  BC:4445  DE:4647  HL:05D3  AF:0556  SP:06D1  PC:03C3   
03C6  36 55     MVI M,55    (1)  BC:4445  DE:4647  HL:05D3  AF:0556  SP:06D1  PC:03C6   
03C8  34        INR M       (1)  BC:4445  DE:4647  HL:05D3  AF:0556  SP:06D1  PC:03C8   
03C9  35        DCR M       (1)  BC:4445  DE:4647  HL:05D3  AF:0506  SP:06D1  PC:03C9   
03CA  86        ADD M       (1)  BC:4445  DE:4647  HL:05D3  AF:0516  SP:06D1  PC:03CA   
03CB  FE 5A     CPI 5A      (1)  BC:4445  DE:4647  HL:05D3  AF:5A06  SP:06D1  PC:03CB   
03CD  C4 B3 05  CNZ 05B3    (1)  BC:4445  DE:4647  HL:05D3  AF:5A56  SP:06D1  PC:03CD   
03D0  01 FF 12  LXI B,12FF  (1)  BC:4445  DE:4647  HL:05D3  AF:5A56  SP:06D1  PC:03D0   
03D3  11 FF 12  LXI D,12FF  (1)  BC:12FF  DE:4647  HL:05D3  AF:5A56  SP:06D1  PC:03D3   
03D6  21 FF 12  LXI H,12FF  (1)  BC:12FF  DE:12FF  HL:05D3  AF:5A56  SP:06D1  PC:03D6   
03D9  03        INX B       (1)  BC:12FF  DE:12FF  HL:12FF  AF:5A56  SP:06D1  PC:03D9   
03DA  13        INX D       (1)  BC:1300  DE:12FF  HL:12FF  AF:5A56  SP:06D1  PC:03DA   
03DB  23        INX H       (1)  BC:1300  DE:1300  HL:12FF  AF:5A56  SP:06D1  PC:03DB   
03DC  3E 13     MVI A,13    (1)  BC:1300  DE:1300  HL:1300  AF:5A56  SP:06D1  PC:03DC   
03DE  B8        CMP B       (1)  BC:1300  DE:1300  HL:1300  AF:1356  SP:06D1  PC:03DE   
03DF  C4 B3 05  CNZ 05B3    (1)  BC:1300  DE:1300  HL:1300  AF:1356  SP:06D1  PC:03DF   
03E2  BA        CMP D       (1)  BC:1300  DE:1300  HL:1300  AF:1356  SP:06D1  PC:03E2   
03E3  C4 B3 05  CNZ 05B3    (1)  BC:1300  DE:1300  HL:1300  AF:1356  SP:06D1  PC:03E3   
03E6  BC        CMP H       (1)  BC:1300  DE:1300  HL:1300  AF:1356  SP:06D1  PC:03E6   
03E7  C4 B3 05  CNZ 05B3    (1)  BC:1300  DE:1300  HL:1300  AF:1356  SP:06D1  PC:03E7   
03EA  3E 00     MVI A,00    (1)  BC:1300  DE:1300  HL:1300  AF:1356  SP:06D1  PC:03EA   
03EC  B9        CMP C       (1)  BC:1300  DE:1300  HL:1300  AF:0056  SP:06D1  PC:03EC   
03ED  C4 B3 05  CNZ 05B3    (1)  BC:1300  DE:1300  HL:1300  AF:0056  SP:06D1  PC:03ED   
03F0  BB        CMP E       (1)  BC:1300  DE:1300  HL:1300  AF:0056  SP:06D1  PC:03F0   
03F1  C4 B3 05  CNZ 05B3    (1)  BC:1300  DE:1300  HL:1300  AF:0056  SP:06D1  PC:03F1   
03F4  BD        CMP L       (1)  BC:1300  DE:1300  HL:1300  AF:0056  SP:06D1  PC:03F4   
03F5  C4 B3 05  CNZ 05B3    (1)  BC:1300  DE:1300  HL:1300  AF:0056  SP:06D1  PC:03F5   
03F8  0B        DCX B       (1)  BC:1300  DE:1300  HL:1300  AF:0056  SP:06D1  PC:03F8   
03F9  1B        DCX D       (1)  BC:12FF  DE:1300  HL:1300  AF:0056  SP:06D1  PC:03F9   
03FA  2B        DCX H       (1)  BC:12FF  DE:12FF  HL:1300  AF:0056  SP:06D1  PC:03FA   
03FB  3E 12     MVI A,12    (1)  BC:12FF  DE:12FF  HL:12FF  AF:0056  SP:06D1  PC:03FB   
03FD  B8        CMP B       (1)  BC:12FF  DE:12FF  HL:12FF  AF:1256  SP:06D1  PC:03FD   
03FE  C4 B3 05  CNZ 05B3    (1)  BC:12FF  DE:12FF  HL:12FF  AF:1256  SP:06D1  PC:03FE   
0401  BA        CMP D       (1)  BC:12FF  DE:12FF  HL:12FF  AF:1256  SP:06D1  PC:0401   
0402  C4 B3 05  CNZ 05B3    (1)  BC:12FF  DE:12FF  HL:12FF  AF:1256  SP:06D1  PC:0402   
0405  BC        CMP H       (1)  BC:12FF  DE:12FF  HL:12FF  AF:1256  SP:06D1  PC:0405   
0406  C4 B3 05  CNZ 05B3    (1)  BC:12FF  DE:12FF  HL:12FF  AF:1256  SP:06D1  PC:0406   
0409  3E FF     MVI A,FF    (1)  BC:12FF  DE:12FF  HL:12FF  AF:1256  SP:06D1  PC:0409   
040B  B9        CMP C       (1)  BC:12FF  DE:12FF  HL:12FF  AF:FF56  SP:06D1  PC:040B   
040C  C4 B3 05  CNZ 05B3    (1)  BC:12FF  DE:12FF  HL:12FF  AF:FF56  SP:06D1  PC:040C   
040F  BB        CMP E       (1)  BC:12FF  DE:12FF  HL:12FF  AF:FF56  SP:06D1  PC:040F   
0410  C4 B3 05  CNZ 05B3    (1)  BC:12FF  DE:12FF  HL:12FF  AF:FF56  SP:06D1  PC:0410   
0413  BD        CMP L       (1)  BC:12FF  DE:12FF  HL:12FF  AF:FF56  SP:06D1  PC:0413   
0414  C4 B3 05  CNZ 05B3    (1)  BC:12FF  DE:12FF  HL:12FF  AF:FF56  SP:06D1  PC:0414   
0417  32 D3 05  STA 05D3    (1)  BC:12FF  DE:12FF  HL:12FF  AF:FF56  SP:06D1  PC:0417   
041A  AF        XRA A       (1)  BC:12FF  DE:12FF  HL:12FF  AF:FF56  SP:06D1  PC:041A   
041B  3A D3 05  LDA 05D3    (1)  BC:12FF  DE:12FF  HL:12FF  AF:0046  SP:06D1  PC:041B   
041E  FE FF     CPI FF      (1)  BC:12FF  DE:12FF  HL:12FF  AF:FF46  SP:06D1  PC:041E   
0420  C4 B3 05  CNZ 05B3    (1)  BC:12FF  DE:12FF  HL:12FF  AF:FF56  SP:06D1  PC:0420   
0423  2A D1 05  LHLD 05D1   (1)  BC:12FF  DE:12FF  HL:12FF  AF:FF56  SP:06D1  PC:0423   
0426  22 D3 05  SHLD 05D3   (1)  BC:12FF  DE:12FF  HL:05D3  AF:FF56  SP:06D1  PC:0426   
0429  3A D1 05  LDA 05D1    (1)  BC:12FF  DE:12FF  HL:05D3  AF:FF56  SP:06D1  PC:0429   
042C  47        MOV B,A     (1)  BC:12FF  DE:12FF  HL:05D3  AF:D356  SP:06D1  PC:042C   
042D  3A D3 05  LDA 05D3    (1)  BC:D3FF  DE:12FF  HL:05D3  AF:D356  SP:06D1  PC:042D   
0430  B8        CMP B       (1)  BC:D3FF  DE:12FF  HL:05D3  AF:D356  SP:06D1  PC:0430   
0431  C4 B3 05  CNZ 05B3    (1)  BC:D3FF  DE:12FF  HL:05D3  AF:D356  SP:06D1  PC:0431   
0434  3A D2 05  LDA 05D2    (1)  BC:D3FF  DE:12FF  HL:05D3  AF:D356  SP:06D1  PC:0434   
0437  47        MOV B,A     (1)  BC:D3FF  DE:12FF  HL:05D3  AF:0556  SP:06D1  PC:0437   
0438  3A D4 05  LDA 05D4    (1)  BC:05FF  DE:12FF  HL:05D3  AF:0556  SP:06D1  PC:0438   
043B  B8        CMP B       (1)  BC:05FF  DE:12FF  HL:05D3  AF:0556  SP:06D1  PC:043B   
043C  C4 B3 05  CNZ 05B3    (1)  BC:05FF  DE:12FF  HL:05D3  AF:0556  SP:06D1  PC:043C   
043F  3E AA     MVI A,AA    (1)  BC:05FF  DE:12FF  HL:05D3  AF:0556  SP:06D1  PC:043F   
0441  32 D3 05  STA 05D3    (1)  BC:05FF  DE:12FF  HL:05D3  AF:AA56  SP:06D1  PC:0441   
0444  44        MOV B,H     (1)  BC:05FF  DE:12FF  HL:05D3  AF:AA56  SP:06D1  PC:0444   
0445  4D        MOV C,L     (1)  BC:05FF  DE:12FF  HL:05D3  AF:AA56  SP:06D1  PC:0445   
0446  AF        XRA A       (1)  BC:05D3  DE:12FF  HL:05D3  AF:AA56  SP:06D1  PC:0446   
0447  0A        LDAX B      (1)  BC:05D3  DE:12FF  HL:05D3  AF:0046  SP:06D1  PC:0447   
0448  FE AA     CPI AA      (1)  BC:05D3  DE:12FF  HL:05D3  AF:AA46  SP:06D1  PC:0448   
044A  C4 B3 05  CNZ 05B3    (1)  BC:05D3  DE:12FF  HL:05D3  AF:AA56  SP:06D1  PC:044A   
044D  3C        INR A       (1)  BC:05D3  DE:12FF  HL:05D3  AF:AA56  SP:06D1  PC:044D   
044E  02        STAX B      (1)  BC:05D3  DE:12FF  HL:05D3  AF:AB82  SP:06D1  PC:044E   
044F  3A D3 05  LDA 05D3    (1)  BC:05D3  DE:12FF  HL:05D3  AF:AB82  SP:06D1  PC:044F   
0452  FE AB     CPI AB      (1)  BC:05D3  DE:12FF  HL:05D3  AF:AB82  SP:06D1  PC:0452   
0454  C4 B3 05  CNZ 05B3    (1)  BC:05D3  DE:12FF  HL:05D3  AF:AB56  SP:06D1  PC:0454   
0457  3E 77     MVI A,77    (1)  BC:05D3  DE:12FF  HL:05D3  AF:AB56  SP:06D1  PC:0457   
0459  32 D3 05  STA 05D3    (1)  BC:05D3  DE:12FF  HL:05D3  AF:7756  SP:06D1  PC:0459   
045C  2A D1 05  LHLD 05D1   (1)  BC:05D3  DE:12FF  HL:05D3  AF:7756  SP:06D1  PC:045C   
045F  11 00 00  LXI D,0000  (1)  BC:05D3  DE:12FF  HL:05D3  AF:7756  SP:06D1  PC:045F   
0462  EB        XCHG        (1)  BC:05D3  DE:0000  HL:05D3  AF:7756  SP:06D1  PC:0462   
0463  AF        XRA A       (1)  BC:05D3  DE:05D3  HL:0000  AF:7756  SP:06D1  PC:0463   
0464  1A        LDAX D      (1)  BC:05D3  DE:05D3  HL:0000  AF:0046  SP:06D1  PC:0464   
0465  FE 77     CPI 77      (1)  BC:05D3  DE:05D3  HL:0000  AF:7746  SP:06D1  PC:0465   
0467  C4 B3 05  CNZ 05B3    (1)  BC:05D3  DE:05D3  HL:0000  AF:7756  SP:06D1  PC:0467   
046A  AF        XRA A       (1)  BC:05D3  DE:05D3  HL:0000  AF:7756  SP:06D1  PC:046A   
046B  84        ADD H       (1)  BC:05D3  DE:05D3  HL:0000  AF:0046  SP:06D1  PC:046B   
046C  85        ADD L       (1)  BC:05D3  DE:05D3  HL:0000  AF:0046  SP:06D1  PC:046C   
046D  C4 B3 05  CNZ 05B3    (1)  BC:05D3  DE:05D3  HL:0000  AF:0046  SP:06D1  PC:046D   
0470  3E CC     MVI A,CC    (1)  BC:05D3  DE:05D3  HL:0000  AF:0046  SP:06D1  PC:0470   
0472  12        STAX D      (1)  BC:05D3  DE:05D3  HL:0000  AF:CC46  SP:06D1  PC:0472   
0473  3A D3 05  LDA 05D3    (1)  BC:05D3  DE:05D3  HL:0000  AF:CC46  SP:06D1  PC:0473   
0476  FE CC     CPI CC      (1)  BC:05D3  DE:05D3  HL:0000  AF:CC46  SP:06D1  PC:0476   
0478  12        STAX D      (1)  BC:05D3  DE:05D3  HL:0000  AF:CC56  SP:06D1  PC:0478   
0479  3A D3 05  LDA 05D3    (1)  BC:05D3  DE:05D3  HL:0000  AF:CC56  SP:06D1  PC:0479   
047C  FE CC     CPI CC      (1)  BC:05D3  DE:05D3  HL:0000  AF:CC56  SP:06D1  PC:047C   
047E  C4 B3 05  CNZ 05B3    (1)  BC:05D3  DE:05D3  HL:0000  AF:CC56  SP:06D1  PC:047E   
0481  21 77 77  LXI H,7777  (1)  BC:05D3  DE:05D3  HL:0000  AF:CC56  SP:06D1  PC:0481   
0484  29        DAD H       (1)  BC:05D3  DE:05D3  HL:7777  AF:CC56  SP:06D1  PC:0484   
0485  3E EE     MVI A,EE    (1)  BC:05D3  DE:05D3  HL:EEEE  AF:CC56  SP:06D1  PC:0485   
0487  BC        CMP H       (1)  BC:05D3  DE:05D3  HL:EEEE  AF:EE56  SP:06D1  PC:0487   
0488  C4 B3 05  CNZ 05B3    (1)  BC:05D3  DE:05D3  HL:EEEE  AF:EE56  SP:06D1  PC:0488   
048B  BD        CMP L       (1)  BC:05D3  DE:05D3  HL:EEEE  AF:EE56  SP:06D1  PC:048B   
048C  C4 B3 05  CNZ 05B3    (1)  BC:05D3  DE:05D3  HL:EEEE  AF:EE56  SP:06D1  PC:048C   
048F  21 55 55  LXI H,5555  (1)  BC:05D3  DE:05D3  HL:EEEE  AF:EE56  SP:06D1  PC:048F   
0492  01 FF FF  LXI B,FFFF  (1)  BC:05D3  DE:05D3  HL:5555  AF:EE56  SP:06D1  PC:0492   
0495  09        DAD B       (1)  BC:FFFF  DE:05D3  HL:5555  AF:EE56  SP:06D1  PC:0495   
0496  3E 55     MVI A,55    (1)  BC:FFFF  DE:05D3  HL:5554  AF:EE57  SP:06D1  PC:0496   
0498  D4 B3 05  CNC 05B3    (1)  BC:FFFF  DE:05D3  HL:5554  AF:5557  SP:06D1  PC:0498   
049B  BC        CMP H       (1)  BC:FFFF  DE:05D3  HL:5554  AF:5557  SP:06D1  PC:049B   
049C  C4 B3 05  CNZ 05B3    (1)  BC:FFFF  DE:05D3  HL:5554  AF:5556  SP:06D1  PC:049C   
049F  3E 54     MVI A,54    (1)  BC:FFFF  DE:05D3  HL:5554  AF:5556  SP:06D1  PC:049F   
04A1  BD        CMP L       (1)  BC:FFFF  DE:05D3  HL:5554  AF:5456  SP:06D1  PC:04A1   
04A2  C4 B3 05  CNZ 05B3    (1)  BC:FFFF  DE:05D3  HL:5554  AF:5456  SP:06D1  PC:04A2   
04A5  21 AA AA  LXI H,AAAA  (1)  BC:FFFF  DE:05D3  HL:5554  AF:5456  SP:06D1  PC:04A5   
04A8  11 33 33  LXI D,3333  (1)  BC:FFFF  DE:05D3  HL:AAAA  AF:5456  SP:06D1  PC:04A8   
04AB  19        DAD D       (1)  BC:FFFF  DE:3333  HL:AAAA  AF:5456  SP:06D1  PC:04AB   
04AC  3E DD     MVI A,DD    (1)  BC:FFFF  DE:3333  HL:DDDD  AF:5456  SP:06D1  PC:04AC   
04AE  BC        CMP H       (1)  BC:FFFF  DE:3333  HL:DDDD  AF:DD56  SP:06D1  PC:04AE   
04AF  C4 B3 05  CNZ 05B3    (1)  BC:FFFF  DE:3333  HL:DDDD  AF:DD56  SP:06D1  PC:04AF   
04B2  BD        CMP L       (1)  BC:FFFF  DE:3333  HL:DDDD  AF:DD56  SP:06D1  PC:04B2   
04B3  C4 B3 05  CNZ 05B3    (1)  BC:FFFF  DE:3333  HL:DDDD  AF:DD56  SP:06D1  PC:04B3   
04B6  37        STC         (1)  BC:FFFF  DE:3333  HL:DDDD  AF:DD56  SP:06D1  PC:04B6   
04B7  D4 B3 05  CNC 05B3    (1)  BC:FFFF  DE:3333  HL:DDDD  AF:DD57  SP:06D1  PC:04B7   
04BA  3F        CMC         (1)  BC:FFFF  DE:3333  HL:DDDD  AF:DD57  SP:06D1  PC:04BA   
04BB  DC B3 05  CC 05B3     (1)  BC:FFFF  DE:3333  HL:DDDD  AF:DD56  SP:06D1  PC:04BB   
04BE  3E AA     MVI A,AA    (1)  BC:FFFF  DE:3333  HL:DDDD  AF:DD56  SP:06D1  PC:04BE   
04C0  2F        CMA         (1)  BC:FFFF  DE:3333  HL:DDDD  AF:AA56  SP:06D1  PC:04C0   
04C1  FE 55     CPI 55      (1)  BC:FFFF  DE:3333  HL:DDDD  AF:5556  SP:06D1  PC:04C1   
04C3  C4 B3 05  CNZ 05B3    (1)  BC:FFFF  DE:3333  HL:DDDD  AF:5556  SP:06D1  PC:04C3   
04C6  B7        ORA A       (1)  BC:FFFF  DE:3333  HL:DDDD  AF:5556  SP:06D1  PC:04C6   
04C7  27        DAA         (1)  BC:FFFF  DE:3333  HL:DDDD  AF:5506  SP:06D1  PC:04C7   
04C8  FE 55     CPI 55      (1)  BC:FFFF  DE:3333  HL:DDDD  AF:5506  SP:06D1  PC:04C8   
04CA  C4 B3 05  CNZ 05B3    (1)  BC:FFFF  DE:3333  HL:DDDD  AF:5556  SP:06D1  PC:04CA   
04CD  3E 88     MVI A,88    (1)  BC:FFFF  DE:3333  HL:DDDD  AF:5556  SP:06D1  PC:04CD   
04CF  87        ADD A       (1)  BC:FFFF  DE:3333  HL:DDDD  AF:8856  SP:06D1  PC:04CF   
04D0  27        DAA         (1)  BC:FFFF  DE:3333  HL:DDDD  AF:1013  SP:06D1  PC:04D0   
04D1  FE 76     CPI 76      (1)  BC:FFFF  DE:3333  HL:DDDD  AF:7603  SP:06D1  PC:04D1   
04D3  C4 B3 05  CNZ 05B3    (1)  BC:FFFF  DE:3333  HL:DDDD  AF:7656  SP:06D1  PC:04D3   
04D6  AF        XRA A       (1)  BC:FFFF  DE:3333  HL:DDDD  AF:7656  SP:06D1  PC:04D6   
04D7  3E AA     MVI A,AA    (1)  BC:FFFF  DE:3333  HL:DDDD  AF:0046  SP:06D1  PC:04D7   
04D9  27        DAA         (1)  BC:FFFF  DE:3333  HL:DDDD  AF:AA46  SP:06D1  PC:04D9   
04DA  D4 B3 05  CNC 05B3    (1)  BC:FFFF  DE:3333  HL:DDDD  AF:1013  SP:06D1  PC:04DA   
04DD  FE 10     CPI 10      (1)  BC:FFFF  DE:3333  HL:DDDD  AF:1013  SP:06D1  PC:04DD   
04DF  C4 B3 05  CNZ 05B3    (1)  BC:FFFF  DE:3333  HL:DDDD  AF:1056  SP:06D1  PC:04DF   
04E2  AF        XRA A       (1)  BC:FFFF  DE:3333  HL:DDDD  AF:1056  SP:06D1  PC:04E2   
04E3  3E 9A     MVI A,9A    (1)  BC:FFFF  DE:3333  HL:DDDD  AF:0046  SP:06D1  PC:04E3   
04E5  27        DAA         (1)  BC:FFFF  DE:3333  HL:DDDD  AF:9A46  SP:06D1  PC:04E5   
04E6  D4 B3 05  CNC 05B3    (1)  BC:FFFF  DE:3333  HL:DDDD  AF:0057  SP:06D1  PC:04E6   
04E9  C4 B3 05  CNZ 05B3    (1)  BC:FFFF  DE:3333  HL:DDDD  AF:0057  SP:06D1  PC:04E9   
04EC  37        STC         (1)  BC:FFFF  DE:3333  HL:DDDD  AF:0057  SP:06D1  PC:04EC   
04ED  3E 42     MVI A,42    (1)  BC:FFFF  DE:3333  HL:DDDD  AF:0057  SP:06D1  PC:04ED   
04EF  07        RLC         (1)  BC:FFFF  DE:3333  HL:DDDD  AF:4257  SP:06D1  PC:04EF   
04F0  DC B3 05  CC 05B3     (1)  BC:FFFF  DE:3333  HL:DDDD  AF:8456  SP:06D1  PC:04F0   
04F3  07        RLC         (1)  BC:FFFF  DE:3333  HL:DDDD  AF:8456  SP:06D1  PC:04F3   
04F4  D4 B3 05  CNC 05B3    (1)  BC:FFFF  DE:3333  HL:DDDD  AF:0957  SP:06D1  PC:04F4   
04F7  FE 09     CPI 09      (1)  BC:FFFF  DE:3333  HL:DDDD  AF:0957  SP:06D1  PC:04F7   
04F9  C4 B3 05  CNZ 05B3    (1)  BC:FFFF  DE:3333  HL:DDDD  AF:0956  SP:06D1  PC:04F9   
04FC  0F        RRC         (1)  BC:FFFF  DE:3333  HL:DDDD  AF:0956  SP:06D1  PC:04FC   
04FD  D4 B3 05  CNC 05B3    (1)  BC:FFFF  DE:3333  HL:DDDD  AF:8457  SP:06D1  PC:04FD   
0500  0F        RRC         (1)  BC:FFFF  DE:3333  HL:DDDD  AF:8457  SP:06D1  PC:0500   
0501  FE 42     CPI 42      (1)  BC:FFFF  DE:3333  HL:DDDD  AF:4256  SP:06D1  PC:0501   
0503  C4 B3 05  CNZ 05B3    (1)  BC:FFFF  DE:3333  HL:DDDD  AF:4256  SP:06D1  PC:0503   
0506  17        RAL         (1)  BC:FFFF  DE:3333  HL:DDDD  AF:4256  SP:06D1  PC:0506   
0507  17        RAL         (1)  BC:FFFF  DE:3333  HL:DDDD  AF:8456  SP:06D1  PC:0507   
0508  D4 B3 05  CNC 05B3    (1)  BC:FFFF  DE:3333  HL:DDDD  AF:0857  SP:06D1  PC:0508   
050B  FE 08     CPI 08      (1)  BC:FFFF  DE:3333  HL:DDDD  AF:0857  SP:06D1  PC:050B   
050D  C4 B3 05  CNZ 05B3    (1)  BC:FFFF  DE:3333  HL:DDDD  AF:0856  SP:06D1  PC:050D   
0510  1F        RAR         (1)  BC:FFFF  DE:3333  HL:DDDD  AF:0856  SP:06D1  PC:0510   
0511  1F        RAR         (1)  BC:FFFF  DE:3333  HL:DDDD  AF:0456  SP:06D1  PC:0511   
0512  DC B3 05  CC 05B3     (1)  BC:FFFF  DE:3333  HL:DDDD  AF:0256  SP:06D1  PC:0512   
0515  FE 02     CPI 02      (1)  BC:FFFF  DE:3333  HL:DDDD  AF:0256  SP:06D1  PC:0515   
0517  C4 B3 05  CNZ 05B3    (1)  BC:FFFF  DE:3333  HL:DDDD  AF:0256  SP:06D1  PC:0517   
051A  01 34 12  LXI B,1234  (1)  BC:FFFF  DE:3333  HL:DDDD  AF:0256  SP:06D1  PC:051A   
051D  11 AA AA  LXI D,AAAA  (1)  BC:1234  DE:3333  HL:DDDD  AF:0256  SP:06D1  PC:051D   
0520  21 55 55  LXI H,5555  (1)  BC:1234  DE:AAAA  HL:DDDD  AF:0256  SP:06D1  PC:0520   
0523  AF        XRA A       (1)  BC:1234  DE:AAAA  HL:5555  AF:0256  SP:06D1  PC:0523   
0524  C5        PUSH B      (1)  BC:1234  DE:AAAA  HL:5555  AF:0046  SP:06D1  PC:0524   
0525  D5        PUSH D      (1)  BC:1234  DE:AAAA  HL:5555  AF:0046  SP:06CF  PC:0525   
0526  E5        PUSH H      (1)  BC:1234  DE:AAAA  HL:5555  AF:0046  SP:06CD  PC:0526   
0527  F5        PUSH PSW    (1)  BC:1234  DE:AAAA  HL:5555  AF:0046  SP:06CB  PC:0527   
0528  01 00 00  LXI B,0000  (1)  BC:1234  DE:AAAA  HL:5555  AF:0046  SP:06C9  PC:0528   
052B  11 00 00  LXI D,0000  (1)  BC:0000  DE:AAAA  HL:5555  AF:0046  SP:06C9  PC:052B   
052E  21 00 00  LXI H,0000  (1)  BC:0000  DE:0000  HL:5555  AF:0046  SP:06C9  PC:052E   
0531  3E C0     MVI A,C0    (1)  BC:0000  DE:0000  HL:0000  AF:0046  SP:06C9  PC:0531   
0533  C6 F0     ADI F0      (1)  BC:0000  DE:0000  HL:0000  AF:C046  SP:06C9  PC:0533   
0535  F1        POP PSW     (1)  BC:0000  DE:0000  HL:0000  AF:B083  SP:06C9  PC:0535   
0536  E1        POP H       (1)  BC:0000  DE:0000  HL:0000  AF:0046  SP:06CB  PC:0536   
0537  D1        POP D       (1)  BC:0000  DE:0000  HL:5555  AF:0046  SP:06CD  PC:0537   
0538  C1        POP B       (1)  BC:0000  DE:AAAA  HL:5555  AF:0046  SP:06CF  PC:0538   
0539  DC B3 05  CC 05B3     (1)  BC:1234  DE:AAAA  HL:5555  AF:0046  SP:06D1  PC:0539   
053C  C4 B3 05  CNZ 05B3    (1)  BC:1234  DE:AAAA  HL:5555  AF:0046  SP:06D1  PC:053C   
053F  E4 B3 05  CPO 05B3    (1)  BC:1234  DE:AAAA  HL:5555  AF:0046  SP:06D1  PC:053F   
0542  FC B3 05  CM 05B3     (1)  BC:1234  DE:AAAA  HL:5555  AF:0046  SP:06D1  PC:0542   
0545  3E 12     MVI A,12    (1)  BC:1234  DE:AAAA  HL:5555  AF:0046  SP:06D1  PC:0545   
0547  B8        CMP B       (1)  BC:1234  DE:AAAA  HL:5555  AF:1246  SP:06D1  PC:0547   
0548  C4 B3 05  CNZ 05B3    (1)  BC:1234  DE:AAAA  HL:5555  AF:1256  SP:06D1  PC:0548   
054B  3E 34     MVI A,34    (1)  BC:1234  DE:AAAA  HL:5555  AF:1256  SP:06D1  PC:054B   
054D  B9        CMP C       (1)  BC:1234  DE:AAAA  HL:5555  AF:3456  SP:06D1  PC:054D   
054E  C4 B3 05  CNZ 05B3    (1)  BC:1234  DE:AAAA  HL:5555  AF:3456  SP:06D1  PC:054E   
0551  3E AA     MVI A,AA    (1)  BC:1234  DE:AAAA  HL:5555  AF:3456  SP:06D1  PC:0551   
0553  BA        CMP D       (1)  BC:1234  DE:AAAA  HL:5555  AF:AA56  SP:06D1  PC:0553   
0554  C4 B3 05  CNZ 05B3    (1)  BC:1234  DE:AAAA  HL:5555  AF:AA56  SP:06D1  PC:0554   
0557  BB        CMP E       (1)  BC:1234  DE:AAAA  HL:5555  AF:AA56  SP:06D1  PC:0557   
0558  C4 B3 05  CNZ 05B3    (1)  BC:1234  DE:AAAA  HL:5555  AF:AA56  SP:06D1  PC:0558   
055B  3E 55     MVI A,55    (1)  BC:1234  DE:AAAA  HL:5555  AF:AA56  SP:06D1  PC:055B   
055D  BC        CMP H       (1)  BC:1234  DE:AAAA  HL:5555  AF:5556  SP:06D1  PC:055D   
055E  C4 B3 05  CNZ 05B3    (1)  BC:1234  DE:AAAA  HL:5555  AF:5556  SP:06D1  PC:055E   
0561  BD        CMP L       (1)  BC:1234  DE:AAAA  HL:5555  AF:5556  SP:06D1  PC:0561   
0562  C4 B3 05  CNZ 05B3    (1)  BC:1234  DE:AAAA  HL:5555  AF:5556  SP:06D1  PC:0562   
0565  21 00 00  LXI H,0000  (1)  BC:1234  DE:AAAA  HL:5555  AF:5556  SP:06D1  PC:0565   
0568  39        DAD SP      (1)  BC:1234  DE:AAAA  HL:0000  AF:5556  SP:06D1  PC:0568   
0569  22 D8 05  SHLD 05D8   (1)  BC:1234  DE:AAAA  HL:06D1  AF:5556  SP:06D1  PC:0569   
056C  31 D7 05  LXI SP,05D7 (1)  BC:1234  DE:AAAA  HL:06D1  AF:5556  SP:06D1  PC:056C   
056F  3B        DCX SP      (1)  BC:1234  DE:AAAA  HL:06D1  AF:5556  SP:05D7  PC:056F   
0570  3B        DCX SP      (1)  BC:1234  DE:AAAA  HL:06D1  AF:5556  SP:05D6  PC:0570   
0571  33        INX SP      (1)  BC:1234  DE:AAAA  HL:06D1  AF:5556  SP:05D5  PC:0571   
0572  3B        DCX SP      (1)  BC:1234  DE:AAAA  HL:06D1  AF:5556  SP:05D6  PC:0572   
0573  3E 55     MVI A,55    (1)  BC:1234  DE:AAAA  HL:06D1  AF:5556  SP:05D5  PC:0573   
0575  32 D5 05  STA 05D5    (1)  BC:1234  DE:AAAA  HL:06D1  AF:5556  SP:05D5  PC:0575   
0578  2F        CMA         (1)  BC:1234  DE:AAAA  HL:06D1  AF:5556  SP:05D5  PC:0578   
0579  32 D6 05  STA 05D6    (1)  BC:1234  DE:AAAA  HL:06D1  AF:AA56  SP:05D5  PC:0579   
057C  C1        POP B       (1)  BC:1234  DE:AAAA  HL:06D1  AF:AA56  SP:05D5  PC:057C   
057D  B8        CMP B       (1)  BC:AA55  DE:AAAA  HL:06D1  AF:AA56  SP:05D7  PC:057D   
057E  C4 B3 05  CNZ 05B3    (1)  BC:AA55  DE:AAAA  HL:06D1  AF:AA56  SP:05D7  PC:057E   
0581  2F        CMA         (1)  BC:AA55  DE:AAAA  HL:06D1  AF:AA56  SP:05D7  PC:0581   
0582  B9        CMP C       (1)  BC:AA55  DE:AAAA  HL:06D1  AF:5556  SP:05D7  PC:0582   
0583  C4 B3 05  CNZ 05B3    (1)  BC:AA55  DE:AAAA  HL:06D1  AF:5556  SP:05D7  PC:0583   
0586  21 D7 05  LXI H,05D7  (1)  BC:AA55  DE:AAAA  HL:06D1  AF:5556  SP:05D7  PC:0586   
0589  F9        SPHL        (1)  BC:AA55  DE:AAAA  HL:05D7  AF:5556  SP:05D7  PC:0589   
058A  21 33 77  LXI H,7733  (1)  BC:AA55  DE:AAAA  HL:05D7  AF:5556  SP:05D7  PC:058A   
058D  3B        DCX SP      (1)  BC:AA55  DE:AAAA  HL:7733  AF:5556  SP:05D7  PC:058D   
058E  3B        DCX SP      (1)  BC:AA55  DE:AAAA  HL:7733  AF:5556  SP:05D6  PC:058E   
058F  E3        XTHL        (1)  BC:AA55  DE:AAAA  HL:7733  AF:5556  SP:05D5  PC:058F   
0590  3A D6 05  LDA 05D6    (1)  BC:AA55  DE:AAAA  HL:AA55  AF:5556  SP:05D5  PC:0590   
0593  FE 77     CPI 77      (1)  BC:AA55  DE:AAAA  HL:AA55  AF:7756  SP:05D5  PC:0593   
0595  C4 B3 05  CNZ 05B3    (1)  BC:AA55  DE:AAAA  HL:AA55  AF:7756  SP:05D5  PC:0595   
0598  3A D5 05  LDA 05D5    (1)  BC:AA55  DE:AAAA  HL:AA55  AF:7756  SP:05D5  PC:0598   
059B  FE 33     CPI 33      (1)  BC:AA55  DE:AAAA  HL:AA55  AF:3356  SP:05D5  PC:059B   
059D  C4 B3 05  CNZ 05B3    (1)  BC:AA55  DE:AAAA  HL:AA55  AF:3356  SP:05D5  PC:059D   
05A0  3E 55     MVI A,55    (1)  BC:AA55  DE:AAAA  HL:AA55  AF:3356  SP:05D5  PC:05A0   
05A2  BD        CMP L       (1)  BC:AA55  DE:AAAA  HL:AA55  AF:5556  SP:05D5  PC:05A2   
05A3  C4 B3 05  CNZ 05B3    (1)  BC:AA55  DE:AAAA  HL:AA55  AF:5556  SP:05D5  PC:05A3   
05A6  2F        CMA         (1)  BC:AA55  DE:AAAA  HL:AA55  AF:5556  SP:05D5  PC:05A6   
05A7  BC        CMP H       (1)  BC:AA55  DE:AAAA  HL:AA55  AF:AA56  SP:05D5  PC:05A7   
05A8  C4 B3 05  CNZ 05B3    (1)  BC:AA55  DE:AAAA  HL:AA55  AF:AA56  SP:05D5  PC:05A8   
05AB  2A D8 05  LHLD 05D8   (1)  BC:AA55  DE:AAAA  HL:AA55  AF:AA56  SP:05D5  PC:05AB   
05AE  F9        SPHL        (1)  BC:AA55  DE:AAAA  HL:06D1  AF:AA56  SP:05D5  PC:05AE   
05AF  21 C8 05  LXI H,05C8  (1)  BC:AA55  DE:AAAA  HL:06D1  AF:AA56  SP:06D1  PC:05AF   
05B2  E9        PCHL        (1)  BC:AA55  DE:AAAA  HL:05C8  AF:AA56  SP:06D1  PC:05B2   
05C8  21 A1 00  LXI H,00A1  (1)  BC:AA55  DE:AAAA  HL:05C8  AF:AA56  SP:06D1  PC:05C8   
05CB  CD 56 00  CALL 0056   (1)  BC:AA55  DE:AAAA  HL:00A1  AF:AA56  SP:06D1  PC:05CB   
0056  C5        PUSH B      (2)  BC:AA55  DE:AAAA  HL:00A1  AF:AA56  SP:06CF  PC:0056   
0057  D5        PUSH D      (2)  BC:AA55  DE:AAAA  HL:00A1  AF:AA56  SP:06CD  PC:0057   
0058  E5        PUSH H      (2)  BC:AA55  DE:AAAA  HL:00A1  AF:AA56  SP:06CB  PC:0058   
0059  F5        PUSH PSW    (2)  BC:AA55  DE:AAAA  HL:00A1  AF:AA56  SP:06C9  PC:0059   
005A  7E        MOV A,M     (2)  BC:AA55  DE:AAAA  HL:00A1  AF:AA56  SP:06C7  PC:005A   
005B  FE 24     CPI 24      (2)  BC:AA55  DE:AAAA  HL:00A1  AF:0D56  SP:06C7  PC:005B   
005D  CA 68 00  JZ 0068     (2)  BC:AA55  DE:AAAA  HL:00A1  AF:0D93  SP:06C7  PC:005D   
0060  7E        MOV A,M     (2)  BC:AA55  DE:AAAA  HL:00A1  AF:0D93  SP:06C7  PC:0060   
0061  CD 6D 00  CALL 006D   (2)  BC:AA55  DE:AAAA  HL:00A1  AF:0D93  SP:06C7  PC:0061   
0064  23        INX H       (2)  BC:AA55  DE:AAAA  HL:00A1  AF:0D93  SP:06C7  PC:0064   
0065  C3 5A 00  JMP 005A    (2)  BC:AA55  DE:AAAA  HL:00A2  AF:0D93  SP:06C7  PC:0065   
005A  7E        MOV A,M     (2)  BC:AA55  DE:AAAA  HL:00A2  AF:0D93  SP:06C7  PC:005A   
005B  FE 24     CPI 24      (2)  BC:AA55  DE:AAAA  HL:00A2  AF:0A93  SP:06C7  PC:005B   
005D  CA 68 00  JZ 0068     (2)  BC:AA55  DE:AAAA  HL:00A2  AF:0A93  SP:06C7  PC:005D   
0060  7E        MOV A,M     (2)  BC:AA55  DE:AAAA  HL:00A2  AF:0A93  SP:06C7  PC:0060   
0061  CD 6D 00  CALL 006D   (2)  BC:AA55  DE:AAAA  HL:00A2  AF:0A93  SP:06C7  PC:0061   
0064  23        INX H       (2)  BC:AA55  DE:AAAA  HL:00A2  AF:0A93  SP:06C7  PC:0064   
0065  C3 5A 00  JMP 005A    (2)  BC:AA55  DE:AAAA  HL:00A3  AF:0A93  SP:06C7  PC:0065   
005A  7E        MOV A,M     (2)  BC:AA55  DE:AAAA  HL:00A3  AF:0A93  SP:06C7  PC:005A   
005B  FE 24     CPI 24      (2)  BC:AA55  DE:AAAA  HL:00A3  AF:4393  SP:06C7  PC:005B   
005D  CA 68 00  JZ 0068     (2)  BC:AA55  DE:AAAA  HL:00A3  AF:4302  SP:06C7  PC:005D   
0060  7E        MOV A,M     (2)  BC:AA55  DE:AAAA  HL:00A3  AF:4302  SP:06C7  PC:0060   
0061  CD 6D 00  CALL 006D   (2)  BC:AA55  DE:AAAA  HL:00A3  AF:4302  SP:06C7  PC:0061   
0064  23        INX H       (2)  BC:AA55  DE:AAAA  HL:00A3  AF:4302  SP:06C7  PC:0064   
0065  C3 5A 00  JMP 005A    (2)  BC:AA55  DE:AAAA  HL:00A4  AF:4302  SP:06C7  PC:0065   
005A  7E        MOV A,M     (2)  BC:AA55  DE:AAAA  HL:00A4  AF:4302  SP:06C7  PC:005A   
005B  FE 24     CPI 24      (2)  BC:AA55  DE:AAAA  HL:00A4  AF:5002  SP:06C7  PC:005B   
005D  CA 68 00  JZ 0068     (2)  BC:AA55  DE:AAAA  HL:00A4  AF:5002  SP:06C7  PC:005D   
0060  7E        MOV A,M     (2)  BC:AA55  DE:AAAA  HL:00A4  AF:5002  SP:06C7  PC:0060   
0061  CD 6D 00  CALL 006D   (2)  BC:AA55  DE:AAAA  HL:00A4  AF:5002  SP:06C7  PC:0061   
0064  23        INX H       (2)  BC:AA55  DE:AAAA  HL:00A4  AF:5002  SP:06C7  PC:0064   
0065  C3 5A 00  JMP 005A    (2)  BC:AA55  DE:AAAA  HL:00A5  AF:5002  SP:06C7  PC:0065   
005A  7E        MOV A,M     (2)  BC:AA55  DE:AAAA  HL:00A5  AF:5002  SP:06C7  PC:005A   
005B  FE 24     CPI 24      (2)  BC:AA55  DE:AAAA  HL:00A5  AF:5502  SP:06C7  PC:005B   
005D  CA 68 00  JZ 0068     (2)  BC:AA55  DE:AAAA  HL:00A5  AF:5512  SP:06C7  PC:005D   
0060  7E        MOV A,M     (2)  BC:AA55  DE:AAAA  HL:00A5  AF:5512  SP:06C7  PC:0060   
0061  CD 6D 00  CALL 006D   (2)  BC:AA55  DE:AAAA  HL:00A5  AF:5512  SP:06C7  PC:0061   
0064  23        INX H       (2)  BC:AA55  DE:AAAA  HL:00A5  AF:5512  SP:06C7  PC:0064   
0065  C3 5A 00  JMP 005A    (2)  BC:AA55  DE:AAAA  HL:00A6  AF:5512  SP:06C7  PC:0065   
005A  7E        MOV A,M     (2)  BC:AA55  DE:AAAA  HL:00A6  AF:5512  SP:06C7  PC:005A   
005B  FE 24     CPI 24      (2)  BC:AA55  DE:AAAA  HL:00A6  AF:2012  SP:06C7  PC:005B   
005D  CA 68 00  JZ 0068     (2)  BC:AA55  DE:AAAA  HL:00A6  AF:2087  SP:06C7  PC:005D   
0060  7E        MOV A,M     (2)  BC:AA55  DE:AAAA  HL:00A6  AF:2087  SP:06C7  PC:0060   
0061  CD 6D 00  CALL 006D   (2)  BC:AA55  DE:AAAA  HL:00A6  AF:2087  SP:06C7  PC:0061   
0064  23        INX H       (2)  BC:AA55  DE:AAAA  HL:00A6  AF:2087  SP:06C7  PC:0064   
0065  C3 5A 00  JMP 005A    (2)  BC:AA55  DE:AAAA  HL:00A7  AF:2087  SP:06C7  PC:0065   
005A  7E        MOV A,M     (2)  BC:AA55  DE:AAAA  HL:00A7  AF:2087  SP:06C7  PC:005A   
005B  FE 24     CPI 24      (2)  BC:AA55  DE:AAAA  HL:00A7  AF:4987  SP:06C7  PC:005B   
005D  CA 68 00  JZ 0068     (2)  BC:AA55  DE:AAAA  HL:00A7  AF:4912  SP:06C7  PC:005D   
0060  7E        MOV A,M     (2)  BC:AA55  DE:AAAA  HL:00A7  AF:4912  SP:06C7  PC:0060   
0061  CD 6D 00  CALL 006D   (2)  BC:AA55  DE:AAAA  HL:00A7  AF:4912  SP:06C7  PC:0061   
0064  23        INX H       (2)  BC:AA55  DE:AAAA  HL:00A7  AF:4912  SP:06C7  PC:0064   
0065  C3 5A 00  JMP 005A    (2)  BC:AA55  DE:AAAA  HL:00A8  AF:4912  SP:06C7  PC:0065   
005A  7E        MOV A,M     (2)  BC:AA55  DE:AAAA  HL:00A8  AF:4912  SP:06C7  PC:005A   
005B  FE 24     CPI 24      (2)  BC:AA55  DE:AAAA  HL:00A8  AF:5312  SP:06C7  PC:005B   
005D  CA 68 00  JZ 0068     (2)  BC:AA55  DE:AAAA  HL:00A8  AF:5302  SP:06C7  PC:005D   
0060  7E        MOV A,M     (2)  BC:AA55  DE:AAAA  HL:00A8  AF:5302  SP:06C7  PC:0060   
0061  CD 6D 00  CALL 006D   (2)  BC:AA55  DE:AAAA  HL:00A8  AF:5302  SP:06C7  PC:0061   
0064  23        INX H       (2)  BC:AA55  DE:AAAA  HL:00A8  AF:5302  SP:06C7  PC:0064   
0065  C3 5A 00  JMP 005A    (2)  BC:AA55  DE:AAAA  HL:00A9  AF:5302  SP:06C7  PC:0065   
005A  7E        MOV A,M     (2)  BC:AA55  DE:AAAA  HL:00A9  AF:5302  SP:06C7  PC:005A   
005B  FE 24     CPI 24      (2)  BC:AA55  DE:AAAA  HL:00A9  AF:2002  SP:06C7  PC:005B   
005D  CA 68 00  JZ 0068     (2)  BC:AA55  DE:AAAA  HL:00A9  AF:2087  SP:06C7  PC:005D   
0060  7E        MOV A,M     (2)  BC:AA55  DE:AAAA  HL:00A9  AF:2087  SP:06C7  PC:0060   
0061  CD 6D 00  CALL 006D   (2)  BC:AA55  DE:AAAA  HL:00A9  AF:2087  SP:06C7  PC:0061   
0064  23        INX H       (2)  BC:AA55  DE:AAAA  HL:00A9  AF:2087  SP:06C7  PC:0064   
0065  C3 5A 00  JMP 005A    (2)  BC:AA55  DE:AAAA  HL:00AA  AF:2087  SP:06C7  PC:0065   
005A  7E        MOV A,M     (2)  BC:AA55  DE:AAAA  HL:00AA  AF:2087  SP:06C7  PC:005A   
005B  FE 24     CPI 24      (2)  BC:AA55  DE:AAAA  HL:00AA  AF:4F87  SP:06C7  PC:005B   
005D  CA 68 00  JZ 0068     (2)  BC:AA55  DE:AAAA  HL:00AA  AF:4F16  SP:06C7  PC:005D   
0060  7E        MOV A,M     (2)  BC:AA55  DE:AAAA  HL:00AA  AF:4F16  SP:06C7  PC:0060   
0061  CD 6D 00  CALL 006D   (2)  BC:AA55  DE:AAAA  HL:00AA  AF:4F16  SP:06C7  PC:0061   
0064  23        INX H       (2)  BC:AA55  DE:AAAA  HL:00AA  AF:4F16  SP:06C7  PC:0064   
0065  C3 5A 00  JMP 005A    (2)  BC:AA55  DE:AAAA  HL:00AB  AF:4F16  SP:06C7  PC:0065   
005A  7E        MOV A,M     (2)  BC:AA55  DE:AAAA  HL:00AB  AF:4F16  SP:06C7  PC:005A   
005B  FE 24     CPI 24      (2)  BC:AA55  DE:AAAA  HL:00AB  AF:5016  SP:06C7  PC:005B   
005D  CA 68 00  JZ 0068     (2)  BC:AA55  DE:AAAA  HL:00AB  AF:5002  SP:06C7  PC:005D   
0060  7E        MOV A,M     (2)  BC:AA55  DE:AAAA  HL:00AB  AF:5002  SP:06C7  PC:0060   
0061  CD 6D 00  CALL 006D   (2)  BC:AA55  DE:AAAA  HL:00AB  AF:5002  SP:06C7  PC:0061   
0064  23        INX H       (2)  BC:AA55  DE:AAAA  HL:00AB  AF:5002  SP:06C7  PC:0064   
0065  C3 5A 00  JMP 005A    (2)  BC:AA55  DE:AAAA  HL:00AC  AF:5002  SP:06C7  PC:0065   
005A  7E        MOV A,M     (2)  BC:AA55  DE:AAAA  HL:00AC  AF:5002  SP:06C7  PC:005A   
005B  FE 24     CPI 24      (2)  BC:AA55  DE:AAAA  HL:00AC  AF:4502  SP:06C7  PC:005B   
005D  CA 68 00  JZ 0068     (2)  BC:AA55  DE:AAAA  HL:00AC  AF:4516  SP:06C7  PC:005D   
0060  7E        MOV A,M     (2)  BC:AA55  DE:AAAA  HL:00AC  AF:4516  SP:06C7  PC:0060   
0061  CD 6D 00  CALL 006D   (2)  BC:AA55  DE:AAAA  HL:00AC  AF:4516  SP:06C7  PC:0061   
0064  23        INX H       (2)  BC:AA55  DE:AAAA  HL:00AC  AF:4516  SP:06C7  PC:0064   
0065  C3 5A 00  JMP 005A    (2)  BC:AA55  DE:AAAA  HL:00AD  AF:4516  SP:06C7  PC:0065   
005A  7E        MOV A,M     (2)  BC:AA55  DE:AAAA  HL:00AD  AF:4516  SP:06C7  PC:005A   
005B  FE 24     CPI 24      (2)  BC:AA55  DE:AAAA  HL:00AD  AF:5216  SP:06C7  PC:005B   
005D  CA 68 00  JZ 0068     (2)  BC:AA55  DE:AAAA  HL:00AD  AF:5206  SP:06C7  PC:005D   
0060  7E        MOV A,M     (2)  BC:AA55  DE:AAAA  HL:00AD  AF:5206  SP:06C7  PC:0060   
0061  CD 6D 00  CALL 006D   (2)  BC:AA55  DE:AAAA  HL:00AD  AF:5206  SP:06C7  PC:0061   
0064  23        INX H       (2)  BC:AA55  DE:AAAA  HL:00AD  AF:5206  SP:06C7  PC:0064   
0065  C3 5A 00  JMP 005A    (2)  BC:AA55  DE:AAAA  HL:00AE  AF:5206  SP:06C7  PC:0065   
005A  7E        MOV A,M     (2)  BC:AA55  DE:AAAA  HL:00AE  AF:5206  SP:06C7  PC:005A   
005B  FE 24     CPI 24      (2)  BC:AA55  DE:AAAA  HL:00AE  AF:4106  SP:06C7  PC:005B   
005D  CA 68 00  JZ 0068     (2)  BC:AA55  DE:AAAA  HL:00AE  AF:4106  SP:06C7  PC:005D   
0060  7E        MOV A,M     (2)  BC:AA55  DE:AAAA  HL:00AE  AF:4106  SP:06C7  PC:0060   
0061  CD 6D 00  CALL 006D   (2)  BC:AA55  DE:AAAA  HL:00AE  AF:4106  SP:06C7  PC:0061   
0064  23        INX H       (2)  BC:AA55  DE:AAAA  HL:00AE  AF:4106  SP:06C7  PC:0064   
0065  C3 5A 00  JMP 005A    (2)  BC:AA55  DE:AAAA  HL:00AF  AF:4106  SP:06C7  PC:0065   
005A  7E        MOV A,M     (2)  BC:AA55  DE:AAAA  HL:00AF  AF:4106  SP:06C7  PC:005A   
005B  FE 24     CPI 24      (2)  BC:AA55  DE:AAAA  HL:00AF  AF:5406  SP:06C7  PC:005B   
005D  CA 68 00  JZ 0068     (2)  BC:AA55  DE:AAAA  HL:00AF  AF:5416  SP:06C7  PC:005D   
0060  7E        MOV A,M     (2)  BC:AA55  DE:AAAA  HL:00AF  AF:5416  SP:06C7  PC:0060   
0061  CD 6D 00  CALL 006D   (2)  BC:AA55  DE:AAAA  HL:00AF  AF:5416  SP:06C7  PC:0061   
0064  23        INX H       (2)  BC:AA55  DE:AAAA  HL:00AF  AF:5416  SP:06C7  PC:0064   
0065  C3 5A 00  JMP 005A    (2)  BC:AA55  DE:AAAA  HL:00B0  AF:5416  SP:06C7  PC:0065   
005A  7E        MOV A,M     (2)  BC:AA55  DE:AAAA  HL:00B0  AF:5416  SP:06C7  PC:005A   
005B  FE 24     CPI 24      (2)  BC:AA55  DE:AAAA  HL:00B0  AF:4916  SP:06C7  PC:005B   
005D  CA 68 00  JZ 0068     (2)  BC:AA55  DE:AAAA  HL:00B0  AF:4912  SP:06C7  PC:005D   
0060  7E        MOV A,M     (2)  BC:AA55  DE:AAAA  HL:00B0  AF:4912  SP:06C7  PC:0060   
0061  CD 6D 00  CALL 006D   (2)  BC:AA55  DE:AAAA  HL:00B0  AF:4912  SP:06C7  PC:0061   
0064  23        INX H       (2)  BC:AA55  DE:AAAA  HL:00B0  AF:4912  SP:06C7  PC:0064   
0065  C3 5A 00  JMP 005A    (2)  BC:AA55  DE:AAAA  HL:00B1  AF:4912  SP:06C7  PC:0065   
005A  7E        MOV A,M     (2)  BC:AA55  DE:AAAA  HL:00B1  AF:4912  SP:06C7  PC:005A   
005B  FE 24     CPI 24      (2)  BC:AA55  DE:AAAA  HL:00B1  AF:4F12  SP:06C7  PC:005B   
005D  CA 68 00  JZ 0068     (2)  BC:AA55  DE:AAAA  HL:00B1  AF:4F16  SP:06C7  PC:005D   
0060  7E        MOV A,M     (2)  BC:AA55  DE:AAAA  HL:00B1  AF:4F16  SP:06C7  PC:0060   
0061  CD 6D 00  CALL 006D   (2)  BC:AA55  DE:AAAA  HL:00B1  AF:4F16  SP:06C7  PC:0061   
0064  23        INX H       (2)  BC:AA55  DE:AAAA  HL:00B1  AF:4F16  SP:06C7  PC:0064   
0065  C3 5A 00  JMP 005A    (2)  BC:AA55  DE:AAAA  HL:00B2  AF:4F16  SP:06C7  PC:0065   
005A  7E        MOV A,M     (2)  BC:AA55  DE:AAAA  HL:00B2  AF:4F16  SP:06C7  PC:005A   
005B  FE 24     CPI 24      (2)  BC:AA55  DE:AAAA  HL:00B2  AF:4E16  SP:06C7  PC:005B   
005D  CA 68 00  JZ 0068     (2)  BC:AA55  DE:AAAA  HL:00B2  AF:4E12  SP:06C7  PC:005D   
0060  7E        MOV A,M     (2)  BC:AA55  DE:AAAA  HL:00B2  AF:4E12  SP:06C7  PC:0060   
0061  CD 6D 00  CALL 006D   (2)  BC:AA55  DE:AAAA  HL:00B2  AF:4E12  SP:06C7  PC:0061   
0064  23        INX H       (2)  BC:AA55  DE:AAAA  HL:00B2  AF:4E12  SP:06C7  PC:0064   
0065  C3 5A 00  JMP 005A    (2)  BC:AA55  DE:AAAA  HL:00B3  AF:4E12  SP:06C7  PC:0065   
005A  7E        MOV A,M     (2)  BC:AA55  DE:AAAA  HL:00B3  AF:4E12  SP:06C7  PC:005A   
005B  FE 24     CPI 24      (2)  BC:AA55  DE:AAAA  HL:00B3  AF:4112  SP:06C7  PC:005B   
005D  CA 68 00  JZ 0068     (2)  BC:AA55  DE:AAAA  HL:00B3  AF:4106  SP:06C7  PC:005D   
0060  7E        MOV A,M     (2)  BC:AA55  DE:AAAA  HL:00B3  AF:4106  SP:06C7  PC:0060   
0061  CD 6D 00  CALL 006D   (2)  BC:AA55  DE:AAAA  HL:00B3  AF:4106  SP:06C7  PC:0061   
0064  23        INX H       (2)  BC:AA55  DE:AAAA  HL:00B3  AF:4106  SP:06C7  PC:0064   
0065  C3 5A 00  JMP 005A    (2)  BC:AA55  DE:AAAA  HL:00B4  AF:4106  SP:06C7  PC:0065   
005A  7E        MOV A,M     (2)  BC:AA55  DE:AAAA  HL:00B4  AF:4106  SP:06C7  PC:005A   
005B  FE 24     CPI 24      (2)  BC:AA55  DE:AAAA  HL:00B4  AF:4C06  SP:06C7  PC:005B   
005D  CA 68 00  JZ 0068     (2)  BC:AA55  DE:AAAA  HL:00B4  AF:4C16  SP:06C7  PC:005D   
0060  7E        MOV A,M     (2)  BC:AA55  DE:AAAA  HL:00B4  AF:4C16  SP:06C7  PC:0060   
0061  CD 6D 00  CALL 006D   (2)  BC:AA55  DE:AAAA  HL:00B4  AF:4C16  SP:06C7  PC:0061   
0064  23        INX H       (2)  BC:AA55  DE:AAAA  HL:00B4  AF:4C16  SP:06C7  PC:0064   
0065  C3 5A 00  JMP 005A    (2)  BC:AA55  DE:AAAA  HL:00B5  AF:4C16  SP:06C7  PC:0065   
005A  7E        MOV A,M     (2)  BC:AA55  DE:AAAA  HL:00B5  AF:4C16  SP:06C7  PC:005A   
005B  FE 24     CPI 24      (2)  BC:AA55  DE:AAAA  HL:00B5  AF:2416  SP:06C7  PC:005B   
005D  CA 68 00  JZ 0068     (2)  BC:AA55  DE:AAAA  HL:00B5  AF:2456  SP:06C7  PC:005D   
0068  F1        POP PSW     (2)  BC:AA55  DE:AAAA  HL:00B5  AF:2456  SP:06C7  PC:0068   
0069  E1        POP H       (2)  BC:AA55  DE:AAAA  HL:00B5  AF:AA56  SP:06C9  PC:0069   
006A  D1        POP D       (2)  BC:AA55  DE:AAAA  HL:00A1  AF:AA56  SP:06CB  PC:006A   
006B  C1        POP B       (2)  BC:AA55  DE:AAAA  HL:00A1  AF:AA56  SP:06CD  PC:006B   
006C  C9        RET         (2)  BC:AA55  DE:AAAA  HL:00A1  AF:AA56  SP:06CF  PC:006C   
05CE  C3 53 00  JMP 0053    (1)  BC:AA55  DE:AAAA  HL:00A1  AF:AA56  SP:06D1  PC:05CE   
0053  C3 00 C8  JMP C800    (1)  BC:AA55  DE:AAAA  HL:00A1  AF:AA56  SP:06D1  PC:0053   