0004  21 0D 00  LXI H,000D  (1)  BC:0000  DE:0000  HL:0004  AF:0056  SP:7FFD  PC:0004   
0007  CD 5A 00  CALL 005A   (1)  BC:0000  DE:0000  HL:000D  AF:0056  SP:7FFD  PC:0007   
005A  C5        PUSH B      (2)  BC:0000  DE:0000  HL:000D  AF:0056  SP:7FFB  PC:005A   
005B  D5        PUSH D      (2)  BC:0000  DE:0000  HL:000D  AF:0056  SP:7FF9  PC:005B   
005C  E5        PUSH H      (2)  BC:0000  DE:0000  HL:000D  AF:0056  SP:7FF7  PC:005C   
005D  F5        PUSH PSW    (2)  BC:0000  DE:0000  HL:000D  AF:0056  SP:7FF5  PC:005D   
005E  7E        MOV A,M     (2)  BC:0000  DE:0000  HL:000D  AF:0056  SP:7FF3  PC:005E   
005F  FE 24     CPI 24      (2)  BC:0000  DE:0000  HL:000D  AF:0D56  SP:7FF3  PC:005F   
0061  CA 6C 00  JZ 006C     (2)  BC:0000  DE:0000  HL:000D  AF:0D83  SP:7FF3  PC:0061   
0064  7E        MOV A,M     (2)  BC:0000  DE:0000  HL:000D  AF:0D83  SP:7FF3  PC:0064   
0065  CD 71 00  CALL 0071   (2)  BC:0000  DE:0000  HL:000D  AF:0D83  SP:7FF3  PC:0065   
0068  23        INX H       (2)  BC:0000  DE:0000  HL:000D  AF:0D83  SP:7FF3  PC:0068   
0069  C3 5E 00  JMP 005E    (2)  BC:0000  DE:0000  HL:000E  AF:0D83  SP:7FF3  PC:0069   
005E  7E        MOV A,M     (2)  BC:0000  DE:0000  HL:000E  AF:0D83  SP:7FF3  PC:005E   
005F  FE 24     CPI 24      (2)  BC:0000  DE:0000  HL:000E  AF:0A83  SP:7FF3  PC:005F   
0061  CA 6C 00  JZ 006C     (2)  BC:0000  DE:0000  HL:000E  AF:0A83  SP:7FF3  PC:0061   
0064  7E        MOV A,M     (2)  BC:0000  DE:0000  HL:000E  AF:0A83  SP:7FF3  PC:0064   
0065  CD 71 00  CALL 0071   (2)  BC:0000  DE:0000  HL:000E  AF:0A83  SP:7FF3  PC:0065   
0068  23        INX H       (2)  BC:0000  DE:0000  HL:000E  AF:0A83  SP:7FF3  PC:0068   
0069  C3 5E 00  JMP 005E    (2)  BC:0000  DE:0000  HL:000F  AF:0A83  SP:7FF3  PC:0069   
005E  7E        MOV A,M     (2)  BC:0000  DE:0000  HL:000F  AF:0A83  SP:7FF3  PC:005E   
005F  FE 24     CPI 24      (2)  BC:0000  DE:0000  HL:000F  AF:4D83  SP:7FF3  PC:005F   
0061  CA 6C 00  JZ 006C     (2)  BC:0000  DE:0000  HL:000F  AF:4D02  SP:7FF3  PC:0061   
0064  7E        MOV A,M     (2)  BC:0000  DE:0000  HL:000F  AF:4D02  SP:7FF3  PC:0064   
0065  CD 71 00  CALL 0071   (2)  BC:0000  DE:0000  HL:000F  AF:4D02  SP:7FF3  PC:0065   
0068  23        INX H       (2)  BC:0000  DE:0000  HL:000F  AF:4D02  SP:7FF3  PC:0068   
0069  C3 5E 00  JMP 005E    (2)  BC:0000  DE:0000  HL:0010  AF:4D02  SP:7FF3  PC:0069   
005E  7E        MOV A,M     (2)  BC:0000  DE:0000  HL:0010  AF:4D02  SP:7FF3  PC:005E   
005F  FE 24     CPI 24      (2)  BC:0000  DE:0000  HL:0010  AF:4902  SP:7FF3  PC:005F   
0061  CA 6C 00  JZ 006C     (2)  BC:0000  DE:0000  HL:0010  AF:4902  SP:7FF3  PC:0061   
0064  7E        MOV A,M     (2)  BC:0000  DE:0000  HL:0010  AF:4902  SP:7FF3  PC:0064   
0065  CD 71 00  CALL 0071   (2)  BC:0000  DE:0000  HL:0010  AF:4902  SP:7FF3  PC:0065   
0068  23        INX H       (2)  BC:0000  DE:0000  HL:0010  AF:4902  SP:7FF3  PC:0068   
0069  C3 5E 00  JMP 005E    (2)  BC:0000  DE:0000  HL:0011  AF:4902  SP:7FF3  PC:0069   
005E  7E        MOV A,M     (2)  BC:0000  DE:0000  HL:0011  AF:4902  SP:7FF3  PC:005E   
005F  FE 24     CPI 24      (2)  BC:0000  DE:0000  HL:0011  AF:4302  SP:7FF3  PC:005F   
0061  CA 6C 00  JZ 006C     (2)  BC:0000  DE:0000  HL:0011  AF:4312  SP:7FF3  PC:0061   
0064  7E        MOV A,M     (2)  BC:0000  DE:0000  HL:0011  AF:4312  SP:7FF3  PC:0064   
0065  CD 71 00  CALL 0071   (2)  BC:0000  DE:0000  HL:0011  AF:4312  SP:7FF3  PC:0065   
0068  23        INX H       (2)  BC:0000  DE:0000  HL:0011  AF:4312  SP:7FF3  PC:0068   
0069  C3 5E 00  JMP 005E    (2)  BC:0000  DE:0000  HL:0012  AF:4312  SP:7FF3  PC:0069   
005E  7E        MOV A,M     (2)  BC:0000  DE:0000  HL:0012  AF:4312  SP:7FF3  PC:005E   
005F  FE 24     CPI 24      (2)  BC:0000  DE:0000  HL:0012  AF:5212  SP:7FF3  PC:005F   
0061  CA 6C 00  JZ 006C     (2)  BC:0000  DE:0000  HL:0012  AF:5216  SP:7FF3  PC:0061   
0064  7E        MOV A,M     (2)  BC:0000  DE:0000  HL:0012  AF:5216  SP:7FF3  PC:0064   
0065  CD 71 00  CALL 0071   (2)  BC:0000  DE:0000  HL:0012  AF:5216  SP:7FF3  PC:0065   
0068  23        INX H       (2)  BC:0000  DE:0000  HL:0012  AF:5216  SP:7FF3  PC:0068   
0069  C3 5E 00  JMP 005E    (2)  BC:0000  DE:0000  HL:0013  AF:5216  SP:7FF3  PC:0069   
005E  7E        MOV A,M     (2)  BC:0000  DE:0000  HL:0013  AF:5216  SP:7FF3  PC:005E   
005F  FE 24     CPI 24      (2)  BC:0000  DE:0000  HL:0013  AF:4F16  SP:7FF3  PC:005F   
0061  CA 6C 00  JZ 006C     (2)  BC:0000  DE:0000  HL:0013  AF:4F06  SP:7FF3  PC:0061   
0064  7E        MOV A,M     (2)  BC:0000  DE:0000  HL:0013  AF:4F06  SP:7FF3  PC:0064   
0065  CD 71 00  CALL 0071   (2)  BC:0000  DE:0000  HL:0013  AF:4F06  SP:7FF3  PC:0065   
0068  23        INX H       (2)  BC:0000  DE:0000  HL:0013  AF:4F06  SP:7FF3  PC:0068   
0069  C3 5E 00  JMP 005E    (2)  BC:0000  DE:0000  HL:0014  AF:4F06  SP:7FF3  PC:0069   
005E  7E        MOV A,M     (2)  BC:0000  DE:0000  HL:0014  AF:4F06  SP:7FF3  PC:005E   
005F  FE 24     CPI 24      (2)  BC:0000  DE:0000  HL:0014  AF:4306  SP:7FF3  PC:005F   
0061  CA 6C 00  JZ 006C     (2)  BC:0000  DE:0000  HL:0014  AF:4312  SP:7FF3  PC:0061   
0064  7E        MOV A,M     (2)  BC:0000  DE:0000  HL:0014  AF:4312  SP:7FF3  PC:0064   
0065  CD 71 00  CALL 0071   (2)  BC:0000  DE:0000  HL:0014  AF:4312  SP:7FF3  PC:0065   
0068  23        INX H       (2)  BC:0000  DE:0000  HL:0014  AF:4312  SP:7FF3  PC:0068   
0069  C3 5E 00  JMP 005E    (2)  BC:0000  DE:0000  HL:0015  AF:4312  SP:7FF3  PC:0069   
005E  7E        MOV A,M     (2)  BC:0000  DE:0000  HL:0015  AF:4312  SP:7FF3  PC:005E   
005F  FE 24     CPI 24      (2)  BC:0000  DE:0000  HL:0015  AF:4F12  SP:7FF3  PC:005F   
0061  CA 6C 00  JZ 006C     (2)  BC:0000  DE:0000  HL:0015  AF:4F06  SP:7FF3  PC:0061   
0064  7E        MOV A,M     (2)  BC:0000  DE:0000  HL:0015  AF:4F06  SP:7FF3  PC:0064   
0065  CD 71 00  CALL 0071   (2)  BC:0000  DE:0000  HL:0015  AF:4F06  SP:7FF3  PC:0065   
0068  23        INX H       (2)  BC:0000  DE:0000  HL:0015  AF:4F06  SP:7FF3  PC:0068   
0069  C3 5E 00  JMP 005E    (2)  BC:0000  DE:0000  HL:0016  AF:4F06  SP:7FF3  PC:0069   
005E  7E        MOV A,M     (2)  BC:0000  DE:0000  HL:0016  AF:4F06  SP:7FF3  PC:005E   
005F  FE 24     CPI 24      (2)  BC:0000  DE:0000  HL:0016  AF:5306  SP:7FF3  PC:005F   
0061  CA 6C 00  JZ 006C     (2)  BC:0000  DE:0000  HL:0016  AF:5312  SP:7FF3  PC:0061   
0064  7E        MOV A,M     (2)  BC:0000  DE:0000  HL:0016  AF:5312  SP:7FF3  PC:0064   
0065  CD 71 00  CALL 0071   (2)  BC:0000  DE:0000  HL:0016  AF:5312  SP:7FF3  PC:0065   
0068  23        INX H       (2)  BC:0000  DE:0000  HL:0016  AF:5312  SP:7FF3  PC:0068   
0069  C3 5E 00  JMP 005E    (2)  BC:0000  DE:0000  HL:0017  AF:5312  SP:7FF3  PC:0069   
005E  7E        MOV A,M     (2)  BC:0000  DE:0000  HL:0017  AF:5312  SP:7FF3  PC:005E   
005F  FE 24     CPI 24      (2)  BC:0000  DE:0000  HL:0017  AF:4D12  SP:7FF3  PC:005F   
0061  CA 6C 00  JZ 006C     (2)  BC:0000  DE:0000  HL:0017  AF:4D02  SP:7FF3  PC:0061   
0064  7E        MOV A,M     (2)  BC:0000  DE:0000  HL:0017  AF:4D02  SP:7FF3  PC:0064   
0065  CD 71 00  CALL 0071   (2)  BC:0000  DE:0000  HL:0017  AF:4D02  SP:7FF3  PC:0065   
0068  23        INX H       (2)  BC:0000  DE:0000  HL:0017  AF:4D02  SP:7FF3  PC:0068   
0069  C3 5E 00  JMP 005E    (2)  BC:0000  DE:0000  HL:0018  AF:4D02  SP:7FF3  PC:0069   
005E  7E        MOV A,M     (2)  BC:0000  DE:0000  HL:0018  AF:4D02  SP:7FF3  PC:005E   
005F  FE 24     CPI 24      (2)  BC:0000  DE:0000  HL:0018  AF:2002  SP:7FF3  PC:005F   
0061  CA 6C 00  JZ 006C     (2)  BC:0000  DE:0000  HL:0018  AF:2097  SP:7FF3  PC:0061   
0064  7E        MOV A,M     (2)  BC:0000  DE:0000  HL:0018  AF:2097  SP:7FF3  PC:0064   
0065  CD 71 00  CALL 0071   (2)  BC:0000  DE:0000  HL:0018  AF:2097  SP:7FF3  PC:0065   
0068  23        INX H       (2)  BC:0000  DE:0000  HL:0018  AF:2097  SP:7FF3  PC:0068   
0069  C3 5E 00  JMP 005E    (2)  BC:0000  DE:0000  HL:0019  AF:2097  SP:7FF3  PC:0069   
005E  7E        MOV A,M     (2)  BC:0000  DE:0000  HL:0019  AF:2097  SP:7FF3  PC:005E   
005F  FE 24     CPI 24      (2)  BC:0000  DE:0000  HL:0019  AF:4197  SP:7FF3  PC:005F   
0061  CA 6C 00  JZ 006C     (2)  BC:0000  DE:0000  HL:0019  AF:4116  SP:7FF3  PC:0061   
0064  7E        MOV A,M     (2)  BC:0000  DE:0000  HL:0019  AF:4116  SP:7FF3  PC:0064   
0065  CD 71 00  CALL 0071   (2)  BC:0000  DE:0000  HL:0019  AF:4116  SP:7FF3  PC:0065   
0068  23        INX H       (2)  BC:0000  DE:0000  HL:0019  AF:4116  SP:7FF3  PC:0068   
0069  C3 5E 00  JMP 005E    (2)  BC:0000  DE:0000  HL:001A  AF:4116  SP:7FF3  PC:0069   
005E  7E        MOV A,M     (2)  BC:0000  DE:0000  HL:001A  AF:4116  SP:7FF3  PC:005E   
005F  FE 24     CPI 24      (2)  BC:0000  DE:0000  HL:001A  AF:5316  SP:7FF3  PC:005F   
0061  CA 6C 00  JZ 006C     (2)  BC:0000  DE:0000  HL:001A  AF:5312  SP:7FF3  PC:0061   
0064  7E        MOV A,M     (2)  BC:0000  DE:0000  HL:001A  AF:5312  SP:7FF3  PC:0064   
0065  CD 71 00  CALL 0071   (2)  BC:0000  DE:0000  HL:001A  AF:5312  SP:7FF3  PC:0065   
0068  23        INX H       (2)  BC:0000  DE:0000  HL:001A  AF:5312  SP:7FF3  PC:0068   
0069  C3 5E 00  JMP 005E    (2)  BC:0000  DE:0000  HL:001B  AF:5312  SP:7FF3  PC:0069   
005E  7E        MOV A,M     (2)  BC:0000  DE:0000  HL:001B  AF:5312  SP:7FF3  PC:005E   
005F  FE 24     CPI 24      (2)  BC:0000  DE:0000  HL:001B  AF:5312  SP:7FF3  PC:005F   
0061  CA 6C 00  JZ 006C     (2)  BC:0000  DE:0000  HL:001B  AF:5312  SP:7FF3  PC:0061   
0064  7E        MOV A,M     (2)  BC:0000  DE:0000  HL:001B  AF:5312  SP:7FF3  PC:0064   
0065  CD 71 00  CALL 0071   (2)  BC:0000  DE:0000  HL:001B  AF:5312  SP:7FF3  PC:0065   
0068  23        INX H       (2)  BC:0000  DE:0000  HL:001B  AF:5312  SP:7FF3  PC:0068   
0069  C3 5E 00  JMP 005E    (2)  BC:0000  DE:0000  HL:001C  AF:5312  SP:7FF3  PC:0069   
005E  7E        MOV A,M     (2)  BC:0000  DE:0000  HL:001C  AF:5312  SP:7FF3  PC:005E   
005F  FE 24     CPI 24      (2)  BC:0000  DE:0000  HL:001C  AF:4F12  SP:7FF3  PC:005F   
0061  CA 6C 00  JZ 006C     (2)  BC:0000  DE:0000  HL:001C  AF:4F06  SP:7FF3  PC:0061   
0064  7E        MOV A,M     (2)  BC:0000  DE:0000  HL:001C  AF:4F06  SP:7FF3  PC:0064   
0065  CD 71 00  CALL 0071   (2)  BC:0000  DE:0000  HL:001C  AF:4F06  SP:7FF3  PC:0065   
0068  23        INX H       (2)  BC:0000  DE:0000  HL:001C  AF:4F06  SP:7FF3  PC:0068   
0069  C3 5E 00  JMP 005E    (2)  BC:0000  DE:0000  HL:001D  AF:4F06  SP:7FF3  PC:0069   
005E  7E        MOV A,M     (2)  BC:0000  DE:0000  HL:001D  AF:4F06  SP:7FF3  PC:005E   
005F  FE 24     CPI 24      (2)  BC:0000  DE:0000  HL:001D  AF:4306  SP:7FF3  PC:005F   
0061  CA 6C 00  JZ 006C     (2)  BC:0000  DE:0000  HL:001D  AF:4312  SP:7FF3  PC:0061   
0064  7E        MOV A,M     (2)  BC:0000  DE:0000  HL:001D  AF:4312  SP:7FF3  PC:0064   
0065  CD 71 00  CALL 0071   (2)  BC:0000  DE:0000  HL:001D  AF:4312  SP:7FF3  PC:0065   
0068  23        INX H       (2)  BC:0000  DE:0000  HL:001D  AF:4312  SP:7FF3  PC:0068   
0069  C3 5E 00  JMP 005E    (2)  BC:0000  DE:0000  HL:001E  AF:4312  SP:7FF3  PC:0069   
005E  7E        MOV A,M     (2)  BC:0000  DE:0000  HL:001E  AF:4312  SP:7FF3  PC:005E   
005F  FE 24     CPI 24      (2)  BC:0000  DE:0000  HL:001E  AF:4912  SP:7FF3  PC:005F   
0061  CA 6C 00  JZ 006C     (2)  BC:0000  DE:0000  HL:001E  AF:4902  SP:7FF3  PC:0061   
0064  7E        MOV A,M     (2)  BC:0000  DE:0000  HL:001E  AF:4902  SP:7FF3  PC:0064   
0065  CD 71 00  CALL 0071   (2)  BC:0000  DE:0000  HL:001E  AF:4902  SP:7FF3  PC:0065   
0068  23        INX H       (2)  BC:0000  DE:0000  HL:001E  AF:4902  SP:7FF3  PC:0068   
0069  C3 5E 00  JMP 005E    (2)  BC:0000  DE:0000  HL:001F  AF:4902  SP:7FF3  PC:0069   
005E  7E        MOV A,M     (2)  BC:0000  DE:0000  HL:001F  AF:4902  SP:7FF3  PC:005E   
005F  FE 24     CPI 24      (2)  BC:0000  DE:0000  HL:001F  AF:4102  SP:7FF3  PC:005F   
0061  CA 6C 00  JZ 006C     (2)  BC:0000  DE:0000  HL:001F  AF:4116  SP:7FF3  PC:0061   
0064  7E        MOV A,M     (2)  BC:0000  DE:0000  HL:001F  AF:4116  SP:7FF3  PC:0064   
0065  CD 71 00  CALL 0071   (2)  BC:0000  DE:0000  HL:001F  AF:4116  SP:7FF3  PC:0065   
0068  23        INX H       (2)  BC:0000  DE:0000  HL:001F  AF:4116  SP:7FF3  PC:0068   
0069  C3 5E 00  JMP 005E    (2)  BC:0000  DE:0000  HL:0020  AF:4116  SP:7FF3  PC:0069   
005E  7E        MOV A,M     (2)  BC:0000  DE:0000  HL:0020  AF:4116  SP:7FF3  PC:005E   
005F  FE 24     CPI 24      (2)  BC:0000  DE:0000  HL:0020  AF:5416  SP:7FF3  PC:005F   
0061  CA 6C 00  JZ 006C     (2)  BC:0000  DE:0000  HL:0020  AF:5406  SP:7FF3  PC:0061   
0064  7E        MOV A,M     (2)  BC:0000  DE:0000  HL:0020  AF:5406  SP:7FF3  PC:0064   
0065  CD 71 00  CALL 0071   (2)  BC:0000  DE:0000  HL:0020  AF:5406  SP:7FF3  PC:0065   
0068  23        INX H       (2)  BC:0000  DE:0000  HL:0020  AF:5406  SP:7FF3  PC:0068   
0069  C3 5E 00  JMP 005E    (2)  BC:0000  DE:0000  HL:0021  AF:5406  SP:7FF3  PC:0069   
005E  7E        MOV A,M     (2)  BC:0000  DE:0000  HL:0021  AF:5406  SP:7FF3  PC:005E   
005F  FE 24     CPI 24      (2)  BC:0000  DE:0000  HL:0021  AF:4506  SP:7FF3  PC:005F   
0061  CA 6C 00  JZ 006C     (2)  BC:0000  DE:0000  HL:0021  AF:4506  SP:7FF3  PC:0061   
0064  7E        MOV A,M     (2)  BC:0000  DE:0000  HL:0021  AF:4506  SP:7FF3  PC:0064   
0065  CD 71 00  CALL 0071   (2)  BC:0000  DE:0000  HL:0021  AF:4506  SP:7FF3  PC:0065   
0068  23        INX H       (2)  BC:0000  DE:0000  HL:0021  AF:4506  SP:7FF3  PC:0068   
0069  C3 5E 00  JMP 005E    (2)  BC:0000  DE:0000  HL:0022  AF:4506  SP:7FF3  PC:0069   
005E  7E        MOV A,M     (2)  BC:0000  DE:0000  HL:0022  AF:4506  SP:7FF3  PC:005E   
005F  FE 24     CPI 24      (2)  BC:0000  DE:0000  HL:0022  AF:5306  SP:7FF3  PC:005F   
0061  CA 6C 00  JZ 006C     (2)  BC:0000  DE:0000  HL:0022  AF:5312  SP:7FF3  PC:0061   
0064  7E        MOV A,M     (2)  BC:0000  DE:0000  HL:0022  AF:5312  SP:7FF3  PC:0064   
0065  CD 71 00  CALL 0071   (2)  BC:0000  DE:0000  HL:0022  AF:5312  SP:7FF3  PC:0065   
0068  23        INX H       (2)  BC:0000  DE:0000  HL:0022  AF:5312  SP:7FF3  PC:0068   
0069  C3 5E 00  JMP 005E    (2)  BC:0000  DE:0000  HL:0023  AF:5312  SP:7FF3  PC:0069   
005E  7E        MOV A,M     (2)  BC:0000  DE:0000  HL:0023  AF:5312  SP:7FF3  PC:005E   
005F  FE 24     CPI 24      (2)  BC:0000  DE:0000  HL:0023  AF:0D12  SP:7FF3  PC:005F   
0061  CA 6C 00  JZ 006C     (2)  BC:0000  DE:0000  HL:0023  AF:0D83  SP:7FF3  PC:0061   
0064  7E        MOV A,M     (2)  BC:0000  DE:0000  HL:0023  AF:0D83  SP:7FF3  PC:0064   
0065  CD 71 00  CALL 0071   (2)  BC:0000  DE:0000  HL:0023  AF:0D83  SP:7FF3  PC:0065   
0068  23        INX H       (2)  BC:0000  DE:0000  HL:0023  AF:0D83  SP:7FF3  PC:0068   
0069  C3 5E 00  JMP 005E    (2)  BC:0000  DE:0000  HL:0024  AF:0D83  SP:7FF3  PC:0069   
005E  7E        MOV A,M     (2)  BC:0000  DE:0000  HL:0024  AF:0D83  SP:7FF3  PC:005E   
005F  FE 24     CPI 24      (2)  BC:0000  DE:0000  HL:0024  AF:0A83  SP:7FF3  PC:005F   
0061  CA 6C 00  JZ 006C     (2)  BC:0000  DE:0000  HL:0024  AF:0A83  SP:7FF3  PC:0061   
0064  7E        MOV A,M     (2)  BC:0000  DE:0000  HL:0024  AF:0A83  SP:7FF3  PC:0064   
0065  CD 71 00  CALL 0071   (2)  BC:0000  DE:0000  HL:0024  AF:0A83  SP:7FF3  PC:0065   
0068  23        INX H       (2)  BC:0000  DE:0000  HL:0024  AF:0A83  SP:7FF3  PC:0068   
0069  C3 5E 00  JMP 005E    (2)  BC:0000  DE:0000  HL:0025  AF:0A83  SP:7FF3  PC:0069   
005E  7E        MOV A,M     (2)  BC:0000  DE:0000  HL:0025  AF:0A83  SP:7FF3  PC:005E   
005F  FE 24     CPI 24      (2)  BC:0000  DE:0000  HL:0025  AF:3883  SP:7FF3  PC:005F   
0061  CA 6C 00  JZ 006C     (2)  BC:0000  DE:0000  HL:0025  AF:3806  SP:7FF3  PC:0061   
0064  7E        MOV A,M     (2)  BC:0000  DE:0000  HL:0025  AF:3806  SP:7FF3  PC:0064   
0065  CD 71 00  CALL 0071   (2)  BC:0000  DE:0000  HL:0025  AF:3806  SP:7FF3  PC:0065   
0068  23        INX H       (2)  BC:0000  DE:0000  HL:0025  AF:3806  SP:7FF3  PC:0068   
0069  C3 5E 00  JMP 005E    (2)  BC:0000  DE:0000  HL:0026  AF:3806  SP:7FF3  PC:0069   
005E  7E        MOV A,M     (2)  BC:0000  DE:0000  HL:0026  AF:3806  SP:7FF3  PC:005E   
005F  FE 24     CPI 24      (2)  BC:0000  DE:0000  HL:0026  AF:3006  SP:7FF3  PC:005F   
0061  CA 6C 00  JZ 006C     (2)  BC:0000  DE:0000  HL:0026  AF:3016  SP:7FF3  PC:0061   
0064  7E        MOV A,M     (2)  BC:0000  DE:0000  HL:0026  AF:3016  SP:7FF3  PC:0064   
0065  CD 71 00  CALL 0071   (2)  BC:0000  DE:0000  HL:0026  AF:3016  SP:7FF3  PC:0065   
0068  23        INX H       (2)  BC:0000  DE:0000  HL:0026  AF:3016  SP:7FF3  PC:0068   
0069  C3 5E 00  JMP 005E    (2)  BC:0000  DE:0000  HL:0027  AF:3016  SP:7FF3  PC:0069   
005E  7E        MOV A,M     (2)  BC:0000  DE:0000  HL:0027  AF:3016  SP:7FF3  PC:005E   
005F  FE 24     CPI 24      (2)  BC:0000  DE:0000  HL:0027  AF:3816  SP:7FF3  PC:005F   
0061  CA 6C 00  JZ 006C     (2)  BC:0000  DE:0000  HL:0027  AF:3806  SP:7FF3  PC:0061   
0064  7E        MOV A,M     (2)  BC:0000  DE:0000  HL:0027  AF:3806  SP:7FF3  PC:0064   
0065  CD 71 00  CALL 0071   (2)  BC:0000  DE:0000  HL:0027  AF:3806  SP:7FF3  PC:0065   
0068  23        INX H       (2)  BC:0000  DE:0000  HL:0027  AF:3806  SP:7FF3  PC:0068   
0069  C3 5E 00  JMP 005E    (2)  BC:0000  DE:0000  HL:0028  AF:3806  SP:7FF3  PC:0069   
005E  7E        MOV A,M     (2)  BC:0000  DE:0000  HL:0028  AF:3806  SP:7FF3  PC:005E   
005F  FE 24     CPI 24      (2)  BC:0000  DE:0000  HL:0028  AF:3006  SP:7FF3  PC:005F   
0061  CA 6C 00  JZ 006C     (2)  BC:0000  DE:0000  HL:0028  AF:3016  SP:7FF3  PC:0061   
0064  7E        MOV A,M     (2)  BC:0000  DE:0000  HL:0028  AF:3016  SP:7FF3  PC:0064   
0065  CD 71 00  CALL 0071   (2)  BC:0000  DE:0000  HL:0028  AF:3016  SP:7FF3  PC:0065   
0068  23        INX H       (2)  BC:0000  DE:0000  HL:0028  AF:3016  SP:7FF3  PC:0068   
0069  C3 5E 00  JMP 005E    (2)  BC:0000  DE:0000  HL:0029  AF:3016  SP:7FF3  PC:0069   
005E  7E        MOV A,M     (2)  BC:0000  DE:0000  HL:0029  AF:3016  SP:7FF3  PC:005E   
005F  FE 24     CPI 24      (2)  BC:0000  DE:0000  HL:0029  AF:2F16  SP:7FF3  PC:005F   
0061  CA 6C 00  JZ 006C     (2)  BC:0000  DE:0000  HL:0029  AF:2F02  SP:7FF3  PC:0061   
0064  7E        MOV A,M     (2)  BC:0000  DE:0000  HL:0029  AF:2F02  SP:7FF3  PC:0064   
0065  CD 71 00  CALL 0071   (2)  BC:0000  DE:0000  HL:0029  AF:2F02  SP:7FF3  PC:0065   
0068  23        INX H       (2)  BC:0000  DE:0000  HL:0029  AF:2F02  SP:7FF3  PC:0068   
0069  C3 5E 00  JMP 005E    (2)  BC:0000  DE:0000  HL:002A  AF:2F02  SP:7FF3  PC:0069   
005E  7E        MOV A,M     (2)  BC:0000  DE:0000  HL:002A  AF:2F02  SP:7FF3  PC:005E   
005F  FE 24     CPI 24      (2)  BC:0000  DE:0000  HL:002A  AF:3802  SP:7FF3  PC:005F   
0061  CA 6C 00  JZ 006C     (2)  BC:0000  DE:0000  HL:002A  AF:3806  SP:7FF3  PC:0061   
0064  7E        MOV A,M     (2)  BC:0000  DE:0000  HL:002A  AF:3806  SP:7FF3  PC:0064   
0065  CD 71 00  CALL 0071   (2)  BC:0000  DE:0000  HL:002A  AF:3806  SP:7FF3  PC:0065   
0068  23        INX H       (2)  BC:0000  DE:0000  HL:002A  AF:3806  SP:7FF3  PC:0068   
0069  C3 5E 00  JMP 005E    (2)  BC:0000  DE:0000  HL:002B  AF:3806  SP:7FF3  PC:0069   
005E  7E        MOV A,M     (2)  BC:0000  DE:0000  HL:002B  AF:3806  SP:7FF3  PC:005E   
005F  FE 24     CPI 24      (2)  BC:0000  DE:0000  HL:002B  AF:3006  SP:7FF3  PC:005F   
0061  CA 6C 00  JZ 006C     (2)  BC:0000  DE:0000  HL:002B  AF:3016  SP:7FF3  PC:0061   
0064  7E        MOV A,M     (2)  BC:0000  DE:0000  HL:002B  AF:3016  SP:7FF3  PC:0064   
0065  CD 71 00  CALL 0071   (2)  BC:0000  DE:0000  HL:002B  AF:3016  SP:7FF3  PC:0065   
0068  23        INX H       (2)  BC:0000  DE:0000  HL:002B  AF:3016  SP:7FF3  PC:0068   
0069  C3 5E 00  JMP 005E    (2)  BC:0000  DE:0000  HL:002C  AF:3016  SP:7FF3  PC:0069   
005E  7E        MOV A,M     (2)  BC:0000  DE:0000  HL:002C  AF:3016  SP:7FF3  PC:005E   
005F  FE 24     CPI 24      (2)  BC:0000  DE:0000  HL:002C  AF:3816  SP:7FF3  PC:005F   
0061  CA 6C 00  JZ 006C     (2)  BC:0000  DE:0000  HL:002C  AF:3806  SP:7FF3  PC:0061   
0064  7E        MOV A,M     (2)  BC:0000  DE:0000  HL:002C  AF:3806  SP:7FF3  PC:0064   
0065  CD 71 00  CALL 0071   (2)  BC:0000  DE:0000  HL:002C  AF:3806  SP:7FF3  PC:0065   
0068  23        INX H       (2)  BC:0000  DE:0000  HL:002C  AF:3806  SP:7FF3  PC:0068   
0069  C3 5E 00  JMP 005E    (2)  BC:0000  DE:0000  HL:002D  AF:3806  SP:7FF3  PC:0069   
005E  7E        MOV A,M     (2)  BC:0000  DE:0000  HL:002D  AF:3806  SP:7FF3  PC:005E   
005F  FE 24     CPI 24      (2)  BC:0000  DE:0000  HL:002D  AF:3506  SP:7FF3  PC:005F   
0061  CA 6C 00  JZ 006C     (2)  BC:0000  DE:0000  HL:002D  AF:3506  SP:7FF3  PC:0061   
0064  7E        MOV A,M     (2)  BC:0000  DE:0000  HL:002D  AF:3506  SP:7FF3  PC:0064   
0065  CD 71 00  CALL 0071   (2)  BC:0000  DE:0000  HL:002D  AF:3506  SP:7FF3  PC:0065   
0068  23        INX H       (2)  BC:0000  DE:0000  HL:002D  AF:3506  SP:7FF3  PC:0068   
0069  C3 5E 00  JMP 005E    (2)  BC:0000  DE:0000  HL:002E  AF:3506  SP:7FF3  PC:0069   
005E  7E        MOV A,M     (2)  BC:0000  DE:0000  HL:002E  AF:3506  SP:7FF3  PC:005E   
005F  FE 24     CPI 24      (2)  BC:0000  DE:0000  HL:002E  AF:2006  SP:7FF3  PC:005F   
0061  CA 6C 00  JZ 006C     (2)  BC:0000  DE:0000  HL:002E  AF:2097  SP:7FF3  PC:0061   
0064  7E        MOV A,M     (2)  BC:0000  DE:0000  HL:002E  AF:2097  SP:7FF3  PC:0064   
0065  CD 71 00  CALL 0071   (2)  BC:0000  DE:0000  HL:002E  AF:2097  SP:7FF3  PC:0065   
0068  23        INX H       (2)  BC:0000  DE:0000  HL:002E  AF:2097  SP:7FF3  PC:0068   
0069  C3 5E 00  JMP 005E    (2)  BC:0000  DE:0000  HL:002F  AF:2097  SP:7FF3  PC:0069   
005E  7E        MOV A,M     (2)  BC:0000  DE:0000  HL:002F  AF:2097  SP:7FF3  PC:005E   
005F  FE 24     CPI 24      (2)  BC:0000  DE:0000  HL:002F  AF:4397  SP:7FF3  PC:005F   
0061  CA 6C 00  JZ 006C     (2)  BC:0000  DE:0000  HL:002F  AF:4312  SP:7FF3  PC:0061   
0064  7E        MOV A,M     (2)  BC:0000  DE:0000  HL:002F  AF:4312  SP:7FF3  PC:0064   
0065  CD 71 00  CALL 0071   (2)  BC:0000  DE:0000  HL:002F  AF:4312  SP:7FF3  PC:0065   
0068  23        INX H       (2)  BC:0000  DE:0000  HL:002F  AF:4312  SP:7FF3  PC:0068   
0069  C3 5E 00  JMP 005E    (2)  BC:0000  DE:0000  HL:0030  AF:4312  SP:7FF3  PC:0069   
005E  7E        MOV A,M     (2)  BC:0000  DE:0000  HL:0030  AF:4312  SP:7FF3  PC:005E   
005F  FE 24     CPI 24      (2)  BC:0000  DE:0000  HL:0030  AF:5012  SP:7FF3  PC:005F   
0061  CA 6C 00  JZ 006C     (2)  BC:0000  DE:0000  HL:0030  AF:5012  SP:7FF3  PC:0061   
0064  7E        MOV A,M     (2)  BC:0000  DE:0000  HL:0030  AF:5012  SP:7FF3  PC:0064   
0065  CD 71 00  CALL 0071   (2)  BC:0000  DE:0000  HL:0030  AF:5012  SP:7FF3  PC:0065   
0068  23        INX H       (2)  BC:0000  DE:0000  HL:0030  AF:5012  SP:7FF3  PC:0068   
0069  C3 5E 00  JMP 005E    (2)  BC:0000  DE:0000  HL:0031  AF:5012  SP:7FF3  PC:0069   
005E  7E        MOV A,M     (2)  BC:0000  DE:0000  HL:0031  AF:5012  SP:7FF3  PC:005E   
005F  FE 24     CPI 24      (2)  BC:0000  DE:0000  HL:0031  AF:5512  SP:7FF3  PC:005F   
0061  CA 6C 00  JZ 006C     (2)  BC:0000  DE:0000  HL:0031  AF:5502  SP:7FF3  PC:0061   
0064  7E        MOV A,M     (2)  BC:0000  DE:0000  HL:0031  AF:5502  SP:7FF3  PC:0064   
0065  CD 71 00  CALL 0071   (2)  BC:0000  DE:0000  HL:0031  AF:5502  SP:7FF3  PC:0065   
0068  23        INX H       (2)  BC:0000  DE:0000  HL:0031  AF:5502  SP:7FF3  PC:0068   
0069  C3 5E 00  JMP 005E    (2)  BC:0000  DE:0000  HL:0032  AF:5502  SP:7FF3  PC:0069   
005E  7E        MOV A,M     (2)  BC:0000  DE:0000  HL:0032  AF:5502  SP:7FF3  PC:005E   
005F  FE 24     CPI 24      (2)  BC:0000  DE:0000  HL:0032  AF:2002  SP:7FF3  PC:005F   
0061  CA 6C 00  JZ 006C     (2)  BC:0000  DE:0000  HL:0032  AF:2097  SP:7FF3  PC:0061   
0064  7E        MOV A,M     (2)  BC:0000  DE:0000  HL:0032  AF:2097  SP:7FF3  PC:0064   
0065  CD 71 00  CALL 0071   (2)  BC:0000  DE:0000  HL:0032  AF:2097  SP:7FF3  PC:0065   
0068  23        INX H       (2)  BC:0000  DE:0000  HL:0032  AF:2097  SP:7FF3  PC:0068   
0069  C3 5E 00  JMP 005E    (2)  BC:0000  DE:0000  HL:0033  AF:2097  SP:7FF3  PC:0069   
005E  7E        MOV A,M     (2)  BC:0000  DE:0000  HL:0033  AF:2097  SP:7FF3  PC:005E   
005F  FE 24     CPI 24      (2)  BC:0000  DE:0000  HL:0033  AF:4497  SP:7FF3  PC:005F   
0061  CA 6C 00  JZ 006C     (2)  BC:0000  DE:0000  HL:0033  AF:4402  SP:7FF3  PC:0061   
0064  7E        MOV A,M     (2)  BC:0000  DE:0000  HL:0033  AF:4402  SP:7FF3  PC:0064   
0065  CD 71 00  CALL 0071   (2)  BC:0000  DE:0000  HL:0033  AF:4402  SP:7FF3  PC:0065   
0068  23        INX H       (2)  BC:0000  DE:0000  HL:0033  AF:4402  SP:7FF3  PC:0068   
0069  C3 5E 00  JMP 005E    (2)  BC:0000  DE:0000  HL:0034  AF:4402  SP:7FF3  PC:0069   
005E  7E        MOV A,M     (2)  BC:0000  DE:0000  HL:0034  AF:4402  SP:7FF3  PC:005E   
005F  FE 24     CPI 24      (2)  BC:0000  DE:0000  HL:0034  AF:4902  SP:7FF3  PC:005F   
0061  CA 6C 00  JZ 006C     (2)  BC:0000  DE:0000  HL:0034  AF:4902  SP:7FF3  PC:0061   
0064  7E        MOV A,M     (2)  BC:0000  DE:0000  HL:0034  AF:4902  SP:7FF3  PC:0064   
0065  CD 71 00  CALL 0071   (2)  BC:0000  DE:0000  HL:0034  AF:4902  SP:7FF3  PC:0065   
0068  23        INX H       (2)  BC:0000  DE:0000  HL:0034  AF:4902  SP:7FF3  PC:0068   
0069  C3 5E 00  JMP 005E    (2)  BC:0000  DE:0000  HL:0035  AF:4902  SP:7FF3  PC:0069   
005E  7E        MOV A,M     (2)  BC:0000  DE:0000  HL:0035  AF:4902  SP:7FF3  PC:005E   
005F  FE 24     CPI 24      (2)  BC:0000  DE:0000  HL:0035  AF:4102  SP:7FF3  PC:005F   
0061  CA 6C 00  JZ 006C     (2)  BC:0000  DE:0000  HL:0035  AF:4116  SP:7FF3  PC:0061   
0064  7E        MOV A,M     (2)  BC:0000  DE:0000  HL:0035  AF:4116  SP:7FF3  PC:0064   
0065  CD 71 00  CALL 0071   (2)  BC:0000  DE:0000  HL:0035  AF:4116  SP:7FF3  PC:0065   
0068  23        INX H       (2)  BC:0000  DE:0000  HL:0035  AF:4116  SP:7FF3  PC:0068   
0069  C3 5E 00  JMP 005E    (2)  BC:0000  DE:0000  HL:0036  AF:4116  SP:7FF3  PC:0069   
005E  7E        MOV A,M     (2)  BC:0000  DE:0000  HL:0036  AF:4116  SP:7FF3  PC:005E   
005F  FE 24     CPI 24      (2)  BC:0000  DE:0000  HL:0036  AF:4716  SP:7FF3  PC:005F   
0061  CA 6C 00  JZ 006C     (2)  BC:0000  DE:0000  HL:0036  AF:4702  SP:7FF3  PC:0061   
0064  7E        MOV A,M     (2)  BC:0000  DE:0000  HL:0036  AF:4702  SP:7FF3  PC:0064   
0065  CD 71 00  CALL 0071   (2)  BC:0000  DE:0000  HL:0036  AF:4702  SP:7FF3  PC:0065   
0068  23        INX H       (2)  BC:0000  DE:0000  HL:0036  AF:4702  SP:7FF3  PC:0068   
0069  C3 5E 00  JMP 005E    (2)  BC:0000  DE:0000  HL:0037  AF:4702  SP:7FF3  PC:0069   
005E  7E        MOV A,M     (2)  BC:0000  DE:0000  HL:0037  AF:4702  SP:7FF3  PC:005E   
005F  FE 24     CPI 24      (2)  BC:0000  DE:0000  HL:0037  AF:4E02  SP:7FF3  PC:005F   
0061  CA 6C 00  JZ 006C     (2)  BC:0000  DE:0000  HL:0037  AF:4E02  SP:7FF3  PC:0061   
0064  7E        MOV A,M     (2)  BC:0000  DE:0000  HL:0037  AF:4E02  SP:7FF3  PC:0064   
0065  CD 71 00  CALL 0071   (2)  BC:0000  DE:0000  HL:0037  AF:4E02  SP:7FF3  PC:0065   
0068  23        INX H       (2)  BC:0000  DE:0000  HL:0037  AF:4E02  SP:7FF3  PC:0068   
0069  C3 5E 00  JMP 005E    (2)  BC:0000  DE:0000  HL:0038  AF:4E02  SP:7FF3  PC:0069   
005E  7E        MOV A,M     (2)  BC:0000  DE:0000  HL:0038  AF:4E02  SP:7FF3  PC:005E   
005F  FE 24     CPI 24      (2)  BC:0000  DE:0000  HL:0038  AF:4F02  SP:7FF3  PC:005F   
0061  CA 6C 00  JZ 006C     (2)  BC:0000  DE:0000  HL:0038  AF:4F06  SP:7FF3  PC:0061   
0064  7E        MOV A,M     (2)  BC:0000  DE:0000  HL:0038  AF:4F06  SP:7FF3  PC:0064   
0065  CD 71 00  CALL 0071   (2)  BC:0000  DE:0000  HL:0038  AF:4F06  SP:7FF3  PC:0065   
0068  23        INX H       (2)  BC:0000  DE:0000  HL:0038  AF:4F06  SP:7FF3  PC:0068   
0069  C3 5E 00  JMP 005E    (2)  BC:0000  DE:0000  HL:0039  AF:4F06  SP:7FF3  PC:0069   
005E  7E        MOV A,M     (2)  BC:0000  DE:0000  HL:0039  AF:4F06  SP:7FF3  PC:005E   
005F  FE 24     CPI 24      (2)  BC:0000  DE:0000  HL:0039  AF:5306  SP:7FF3  PC:005F   
0061  CA 6C 00  JZ 006C     (2)  BC:0000  DE:0000  HL:0039  AF:5312  SP:7FF3  PC:0061   
0064  7E        MOV A,M     (2)  BC:0000  DE:0000  HL:0039  AF:5312  SP:7FF3  PC:0064   
0065  CD 71 00  CALL 0071   (2)  BC:0000  DE:0000  HL:0039  AF:5312  SP:7FF3  PC:0065   
0068  23        INX H       (2)  BC:0000  DE:0000  HL:0039  AF:5312  SP:7FF3  PC:0068   
0069  C3 5E 00  JMP 005E    (2)  BC:0000  DE:0000  HL:003A  AF:5312  SP:7FF3  PC:0069   
005E  7E        MOV A,M     (2)  BC:0000  DE:0000  HL:003A  AF:5312  SP:7FF3  PC:005E   
005F  FE 24     CPI 24      (2)  BC:0000  DE:0000  HL:003A  AF:5412  SP:7FF3  PC:005F   
0061  CA 6C 00  JZ 006C     (2)  BC:0000  DE:0000  HL:003A  AF:5406  SP:7FF3  PC:0061   
0064  7E        MOV A,M     (2)  BC:0000  DE:0000  HL:003A  AF:5406  SP:7FF3  PC:0064   
0065  CD 71 00  CALL 0071   (2)  BC:0000  DE:0000  HL:003A  AF:5406  SP:7FF3  PC:0065   
0068  23        INX H       (2)  BC:0000  DE:0000  HL:003A  AF:5406  SP:7FF3  PC:0068   
0069  C3 5E 00  JMP 005E    (2)  BC:0000  DE:0000  HL:003B  AF:5406  SP:7FF3  PC:0069   
005E  7E        MOV A,M     (2)  BC:0000  DE:0000  HL:003B  AF:5406  SP:7FF3  PC:005E   
005F  FE 24     CPI 24      (2)  BC:0000  DE:0000  HL:003B  AF:4906  SP:7FF3  PC:005F   
0061  CA 6C 00  JZ 006C     (2)  BC:0000  DE:0000  HL:003B  AF:4902  SP:7FF3  PC:0061   
0064  7E        MOV A,M     (2)  BC:0000  DE:0000  HL:003B  AF:4902  SP:7FF3  PC:0064   
0065  CD 71 00  CALL 0071   (2)  BC:0000  DE:0000  HL:003B  AF:4902  SP:7FF3  PC:0065   
0068  23        INX H       (2)  BC:0000  DE:0000  HL:003B  AF:4902  SP:7FF3  PC:0068   
0069  C3 5E 00  JMP 005E    (2)  BC:0000  DE:0000  HL:003C  AF:4902  SP:7FF3  PC:0069   
005E  7E        MOV A,M     (2)  BC:0000  DE:0000  HL:003C  AF:4902  SP:7FF3  PC:005E   
005F  FE 24     CPI 24      (2)  BC:0000  DE:0000  HL:003C  AF:4302  SP:7FF3  PC:005F   
0061  CA 6C 00  JZ 006C     (2)  BC:0000  DE:0000  HL:003C  AF:4312  SP:7FF3  PC:0061   
0064  7E        MOV A,M     (2)  BC:0000  DE:0000  HL:003C  AF:4312  SP:7FF3  PC:0064   
0065  CD 71 00  CALL 0071   (2)  BC:0000  DE:0000  HL:003C  AF:4312  SP:7FF3  PC:0065   
0068  23        INX H       (2)  BC:0000  DE:0000  HL:003C  AF:4312  SP:7FF3  PC:0068   
0069  C3 5E 00  JMP 005E    (2)  BC:0000  DE:0000  HL:003D  AF:4312  SP:7FF3  PC:0069   
005E  7E        MOV A,M     (2)  BC:0000  DE:0000  HL:003D  AF:4312  SP:7FF3  PC:005E   
005F  FE 24     CPI 24      (2)  BC:0000  DE:0000  HL:003D  AF:0D12  SP:7FF3  PC:005F   
0061  CA 6C 00  JZ 006C     (2)  BC:0000  DE:0000  HL:003D  AF:0D83  SP:7FF3  PC:0061   
0064  7E        MOV A,M     (2)  BC:0000  DE:0000  HL:003D  AF:0D83  SP:7FF3  PC:0064   
0065  CD 71 00  CALL 0071   (2)  BC:0000  DE:0000  HL:003D  AF:0D83  SP:7FF3  PC:0065   
0068  23        INX H       (2)  BC:0000  DE:0000  HL:003D  AF:0D83  SP:7FF3  PC:0068   
0069  C3 5E 00  JMP 005E    (2)  BC:0000  DE:0000  HL:003E  AF:0D83  SP:7FF3  PC:0069   
005E  7E        MOV A,M     (2)  BC:0000  DE:0000  HL:003E  AF:0D83  SP:7FF3  PC:005E   
005F  FE 24     CPI 24      (2)  BC:0000  DE:0000  HL:003E  AF:0A83  SP:7FF3  PC:005F   
0061  CA 6C 00  JZ 006C     (2)  BC:0000  DE:0000  HL:003E  AF:0A83  SP:7FF3  PC:0061   
0064  7E        MOV A,M     (2)  BC:0000  DE:0000  HL:003E  AF:0A83  SP:7FF3  PC:0064   
0065  CD 71 00  CALL 0071   (2)  BC:0000  DE:0000  HL:003E  AF:0A83  SP:7FF3  PC:0065   
0068  23        INX H       (2)  BC:0000  DE:0000  HL:003E  AF:0A83  SP:7FF3  PC:0068   
0069  C3 5E 00  JMP 005E    (2)  BC:0000  DE:0000  HL:003F  AF:0A83  SP:7FF3  PC:0069   
005E  7E        MOV A,M     (2)  BC:0000  DE:0000  HL:003F  AF:0A83  SP:7FF3  PC:005E   
005F  FE 24     CPI 24      (2)  BC:0000  DE:0000  HL:003F  AF:5683  SP:7FF3  PC:005F   
0061  CA 6C 00  JZ 006C     (2)  BC:0000  DE:0000  HL:003F  AF:5602  SP:7FF3  PC:0061   
0064  7E        MOV A,M     (2)  BC:0000  DE:0000  HL:003F  AF:5602  SP:7FF3  PC:0064   
0065  CD 71 00  CALL 0071   (2)  BC:0000  DE:0000  HL:003F  AF:5602  SP:7FF3  PC:0065   
0068  23        INX H       (2)  BC:0000  DE:0000  HL:003F  AF:5602  SP:7FF3  PC:0068   
0069  C3 5E 00  JMP 005E    (2)  BC:0000  DE:0000  HL:0040  AF:5602  SP:7FF3  PC:0069   
005E  7E        MOV A,M     (2)  BC:0000  DE:0000  HL:0040  AF:5602  SP:7FF3  PC:005E   
005F  FE 24     CPI 24      (2)  BC:0000  DE:0000  HL:0040  AF:4502  SP:7FF3  PC:005F   
0061  CA 6C 00  JZ 006C     (2)  BC:0000  DE:0000  HL:0040  AF:4506  SP:7FF3  PC:0061   
0064  7E        MOV A,M     (2)  BC:0000  DE:0000  HL:0040  AF:4506  SP:7FF3  PC:0064   
0065  CD 71 00  CALL 0071   (2)  BC:0000  DE:0000  HL:0040  AF:4506  SP:7FF3  PC:0065   
0068  23        INX H       (2)  BC:0000  DE:0000  HL:0040  AF:4506  SP:7FF3  PC:0068   
0069  C3 5E 00  JMP 005E    (2)  BC:0000  DE:0000  HL:0041  AF:4506  SP:7FF3  PC:0069   
005E  7E        MOV A,M     (2)  BC:0000  DE:0000  HL:0041  AF:4506  SP:7FF3  PC:005E   
005F  FE 24     CPI 24      (2)  BC:0000  DE:0000  HL:0041  AF:5206  SP:7FF3  PC:005F   
0061  CA 6C 00  JZ 006C     (2)  BC:0000  DE:0000  HL:0041  AF:5216  SP:7FF3  PC:0061   
0064  7E        MOV A,M     (2)  BC:0000  DE:0000  HL:0041  AF:5216  SP:7FF3  PC:0064   
0065  CD 71 00  CALL 0071   (2)  BC:0000  DE:0000  HL:0041  AF:5216  SP:7FF3  PC:0065   
0068  23        INX H       (2)  BC:0000  DE:0000  HL:0041  AF:5216  SP:7FF3  PC:0068   
0069  C3 5E 00  JMP 005E    (2)  BC:0000  DE:0000  HL:0042  AF:5216  SP:7FF3  PC:0069   
005E  7E        MOV A,M     (2)  BC:0000  DE:0000  HL:0042  AF:5216  SP:7FF3  PC:005E   
005F  FE 24     CPI 24      (2)  BC:0000  DE:0000  HL:0042  AF:5316  SP:7FF3  PC:005F   
0061  CA 6C 00  JZ 006C     (2)  BC:0000  DE:0000  HL:0042  AF:5312  SP:7FF3  PC:0061   
0064  7E        MOV A,M     (2)  BC:0000  DE:0000  HL:0042  AF:5312  SP:7FF3  PC:0064   
0065  CD 71 00  CALL 0071   (2)  BC:0000  DE:0000  HL:0042  AF:5312  SP:7FF3  PC:0065   
0068  23        INX H       (2)  BC:0000  DE:0000  HL:0042  AF:5312  SP:7FF3  PC:0068   
0069  C3 5E 00  JMP 005E    (2)  BC:0000  DE:0000  HL:0043  AF:5312  SP:7FF3  PC:0069   
005E  7E        MOV A,M     (2)  BC:0000  DE:0000  HL:0043  AF:5312  SP:7FF3  PC:005E   
005F  FE 24     CPI 24      (2)  BC:0000  DE:0000  HL:0043  AF:4912  SP:7FF3  PC:005F   
0061  CA 6C 00  JZ 006C     (2)  BC:0000  DE:0000  HL:0043  AF:4902  SP:7FF3  PC:0061   
0064  7E        MOV A,M     (2)  BC:0000  DE:0000  HL:0043  AF:4902  SP:7FF3  PC:0064   
0065  CD 71 00  CALL 0071   (2)  BC:0000  DE:0000  HL:0043  AF:4902  SP:7FF3  PC:0065   
0068  23        INX H       (2)  BC:0000  DE:0000  HL:0043  AF:4902  SP:7FF3  PC:0068   
0069  C3 5E 00  JMP 005E    (2)  BC:0000  DE:0000  HL:0044  AF:4902  SP:7FF3  PC:0069   
005E  7E        MOV A,M     (2)  BC:0000  DE:0000  HL:0044  AF:4902  SP:7FF3  PC:005E   
005F  FE 24     CPI 24      (2)  BC:0000  DE:0000  HL:0044  AF:4F02  SP:7FF3  PC:005F   
0061  CA 6C 00  JZ 006C     (2)  BC:0000  DE:0000  HL:0044  AF:4F06  SP:7FF3  PC:0061   
0064  7E        MOV A,M     (2)  BC:0000  DE:0000  HL:0044  AF:4F06  SP:7FF3  PC:0064   
0065  CD 71 00  CALL 0071   (2)  BC:0000  DE:0000  HL:0044  AF:4F06  SP:7FF3  PC:0065   
0068  23        INX H       (2)  BC:0000  DE:0000  HL:0044  AF:4F06  SP:7FF3  PC:0068   
0069  C3 5E 00  JMP 005E    (2)  BC:0000  DE:0000  HL:0045  AF:4F06  SP:7FF3  PC:0069   
005E  7E        MOV A,M     (2)  BC:0000  DE:0000  HL:0045  AF:4F06  SP:7FF3  PC:005E   
005F  FE 24     CPI 24      (2)  BC:0000  DE:0000  HL:0045  AF:4E06  SP:7FF3  PC:005F   
0061  CA 6C 00  JZ 006C     (2)  BC:0000  DE:0000  HL:0045  AF:4E02  SP:7FF3  PC:0061   
0064  7E        MOV A,M     (2)  BC:0000  DE:0000  HL:0045  AF:4E02  SP:7FF3  PC:0064   
0065  CD 71 00  CALL 0071   (2)  BC:0000  DE:0000  HL:0045  AF:4E02  SP:7FF3  PC:0065   
0068  23        INX H       (2)  BC:0000  DE:0000  HL:0045  AF:4E02  SP:7FF3  PC:0068   
0069  C3 5E 00  JMP 005E    (2)  BC:0000  DE:0000  HL:0046  AF:4E02  SP:7FF3  PC:0069   
005E  7E        MOV A,M     (2)  BC:0000  DE:0000  HL:0046  AF:4E02  SP:7FF3  PC:005E   
005F  FE 24     CPI 24      (2)  BC:0000  DE:0000  HL:0046  AF:2002  SP:7FF3  PC:005F   
0061  CA 6C 00  JZ 006C     (2)  BC:0000  DE:0000  HL:0046  AF:2097  SP:7FF3  PC:0061   
0064  7E        MOV A,M     (2)  BC:0000  DE:0000  HL:0046  AF:2097  SP:7FF3  PC:0064   
0065  CD 71 00  CALL 0071   (2)  BC:0000  DE:0000  HL:0046  AF:2097  SP:7FF3  PC:0065   
0068  23        INX H       (2)  BC:0000  DE:0000  HL:0046  AF:2097  SP:7FF3  PC:0068   
0069  C3 5E 00  JMP 005E    (2)  BC:0000  DE:0000  HL:0047  AF:2097  SP:7FF3  PC:0069   
005E  7E        MOV A,M     (2)  BC:0000  DE:0000  HL:0047  AF:2097  SP:7FF3  PC:005E   
005F  FE 24     CPI 24      (2)  BC:0000  DE:0000  HL:0047  AF:3197  SP:7FF3  PC:005F   
0061  CA 6C 00  JZ 006C     (2)  BC:0000  DE:0000  HL:0047  AF:3112  SP:7FF3  PC:0061   
0064  7E        MOV A,M     (2)  BC:0000  DE:0000  HL:0047  AF:3112  SP:7FF3  PC:0064   
0065  CD 71 00  CALL 0071   (2)  BC:0000  DE:0000  HL:0047  AF:3112  SP:7FF3  PC:0065   
0068  23        INX H       (2)  BC:0000  DE:0000  HL:0047  AF:3112  SP:7FF3  PC:0068   
0069  C3 5E 00  JMP 005E    (2)  BC:0000  DE:0000  HL:0048  AF:3112  SP:7FF3  PC:0069   
005E  7E        MOV A,M     (2)  BC:0000  DE:0000  HL:0048  AF:3112  SP:7FF3  PC:005E   
005F  FE 24     CPI 24      (2)  BC:0000  DE:0000  HL:0048  AF:2E12  SP:7FF3  PC:005F   
0061  CA 6C 00  JZ 006C     (2)  BC:0000  DE:0000  HL:0048  AF:2E06  SP:7FF3  PC:0061   
0064  7E        MOV A,M     (2)  BC:0000  DE:0000  HL:0048  AF:2E06  SP:7FF3  PC:0064   
0065  CD 71 00  CALL 0071   (2)  BC:0000  DE:0000  HL:0048  AF:2E06  SP:7FF3  PC:0065   
0068  23        INX H       (2)  BC:0000  DE:0000  HL:0048  AF:2E06  SP:7FF3  PC:0068   
0069  C3 5E 00  JMP 005E    (2)  BC:0000  DE:0000  HL:0049  AF:2E06  SP:7FF3  PC:0069   
005E  7E        MOV A,M     (2)  BC:0000  DE:0000  HL:0049  AF:2E06  SP:7FF3  PC:005E   
005F  FE 24     CPI 24      (2)  BC:0000  DE:0000  HL:0049  AF:3006  SP:7FF3  PC:005F   
0061  CA 6C 00  JZ 006C     (2)  BC:0000  DE:0000  HL:0049  AF:3016  SP:7FF3  PC:0061   
0064  7E        MOV A,M     (2)  BC:0000  DE:0000  HL:0049  AF:3016  SP:7FF3  PC:0064   
0065  CD 71 00  CALL 0071   (2)  BC:0000  DE:0000  HL:0049  AF:3016  SP:7FF3  PC:0065   
0068  23        INX H       (2)  BC:0000  DE:0000  HL:0049  AF:3016  SP:7FF3  PC:0068   
0069  C3 5E 00  JMP 005E    (2)  BC:0000  DE:0000  HL:004A  AF:3016  SP:7FF3  PC:0069   
005E  7E        MOV A,M     (2)  BC:0000  DE:0000  HL:004A  AF:3016  SP:7FF3  PC:005E   
005F  FE 24     CPI 24      (2)  BC:0000  DE:0000  HL:004A  AF:2016  SP:7FF3  PC:005F   
0061  CA 6C 00  JZ 006C     (2)  BC:0000  DE:0000  HL:004A  AF:2097  SP:7FF3  PC:0061   
0064  7E        MOV A,M     (2)  BC:0000  DE:0000  HL:004A  AF:2097  SP:7FF3  PC:0064   
0065  CD 71 00  CALL 0071   (2)  BC:0000  DE:0000  HL:004A  AF:2097  SP:7FF3  PC:0065   
0068  23        INX H       (2)  BC:0000  DE:0000  HL:004A  AF:2097  SP:7FF3  PC:0068   
0069  C3 5E 00  JMP 005E    (2)  BC:0000  DE:0000  HL:004B  AF:2097  SP:7FF3  PC:0069   
005E  7E        MOV A,M     (2)  BC:0000  DE:0000  HL:004B  AF:2097  SP:7FF3  PC:005E   
005F  FE 24     CPI 24      (2)  BC:0000  DE:0000  HL:004B  AF:2097  SP:7FF3  PC:005F   
0061  CA 6C 00  JZ 006C     (2)  BC:0000  DE:0000  HL:004B  AF:2097  SP:7FF3  PC:0061   
0064  7E        MOV A,M     (2)  BC:0000  DE:0000  HL:004B  AF:2097  SP:7FF3  PC:0064   
0065  CD 71 00  CALL 0071   (2)  BC:0000  DE:0000  HL:004B  AF:2097  SP:7FF3  PC:0065   
0068  23        INX H       (2)  BC:0000  DE:0000  HL:004B  AF:2097  SP:7FF3  PC:0068   
0069  C3 5E 00  JMP 005E    (2)  BC:0000  DE:0000  HL:004C  AF:2097  SP:7FF3  PC:0069   
005E  7E        MOV A,M     (2)  BC:0000  DE:0000  HL:004C  AF:2097  SP:7FF3  PC:005E   
005F  FE 24     CPI 24      (2)  BC:0000  DE:0000  HL:004C  AF:2897  SP:7FF3  PC:005F   
0061  CA 6C 00  JZ 006C     (2)  BC:0000  DE:0000  HL:004C  AF:2802  SP:7FF3  PC:0061   
0064  7E        MOV A,M     (2)  BC:0000  DE:0000  HL:004C  AF:2802  SP:7FF3  PC:0064   
0065  CD 71 00  CALL 0071   (2)  BC:0000  DE:0000  HL:004C  AF:2802  SP:7FF3  PC:0065   
0068  23        INX H       (2)  BC:0000  DE:0000  HL:004C  AF:2802  SP:7FF3  PC:0068   
0069  C3 5E 00  JMP 005E    (2)  BC:0000  DE:0000  HL:004D  AF:2802  SP:7FF3  PC:0069   
005E  7E        MOV A,M     (2)  BC:0000  DE:0000  HL:004D  AF:2802  SP:7FF3  PC:005E   
005F  FE 24     CPI 24      (2)  BC:0000  DE:0000  HL:004D  AF:4302  SP:7FF3  PC:005F   
0061  CA 6C 00  JZ 006C     (2)  BC:0000  DE:0000  HL:004D  AF:4312  SP:7FF3  PC:0061   
0064  7E        MOV A,M     (2)  BC:0000  DE:0000  HL:004D  AF:4312  SP:7FF3  PC:0064   
0065  CD 71 00  CALL 0071   (2)  BC:0000  DE:0000  HL:004D  AF:4312  SP:7FF3  PC:0065   
0068  23        INX H       (2)  BC:0000  DE:0000  HL:004D  AF:4312  SP:7FF3  PC:0068   
0069  C3 5E 00  JMP 005E    (2)  BC:0000  DE:0000  HL:004E  AF:4312  SP:7FF3  PC:0069   
005E  7E        MOV A,M     (2)  BC:0000  DE:0000  HL:004E  AF:4312  SP:7FF3  PC:005E   
005F  FE 24     CPI 24      (2)  BC:0000  DE:0000  HL:004E  AF:2912  SP:7FF3  PC:005F   
0061  CA 6C 00  JZ 006C     (2)  BC:0000  DE:0000  HL:004E  AF:2906  SP:7FF3  PC:0061   
0064  7E        MOV A,M     (2)  BC:0000  DE:0000  HL:004E  AF:2906  SP:7FF3  PC:0064   
0065  CD 71 00  CALL 0071   (2)  BC:0000  DE:0000  HL:004E  AF:2906  SP:7FF3  PC:0065   
0068  23        INX H       (2)  BC:0000  DE:0000  HL:004E  AF:2906  SP:7FF3  PC:0068   
0069  C3 5E 00  JMP 005E    (2)  BC:0000  DE:0000  HL:004F  AF:2906  SP:7FF3  PC:0069   
005E  7E        MOV A,M     (2)  BC:0000  DE:0000  HL:004F  AF:2906  SP:7FF3  PC:005E   
005F  FE 24     CPI 24      (2)  BC:0000  DE:0000  HL:004F  AF:2006  SP:7FF3  PC:005F   
0061  CA 6C 00  JZ 006C     (2)  BC:0000  DE:0000  HL:004F  AF:2097  SP:7FF3  PC:0061   
0064  7E        MOV A,M     (2)  BC:0000  DE:0000  HL:004F  AF:2097  SP:7FF3  PC:0064   
0065  CD 71 00  CALL 0071   (2)  BC:0000  DE:0000  HL:004F  AF:2097  SP:7FF3  PC:0065   
0068  23        INX H       (2)  BC:0000  DE:0000  HL:004F  AF:2097  SP:7FF3  PC:0068   
0069  C3 5E 00  JMP 005E    (2)  BC:0000  DE:0000  HL:0050  AF:2097  SP:7FF3  PC:0069   
005E  7E        MOV A,M     (2)  BC:0000  DE:0000  HL:0050  AF:2097  SP:7FF3  PC:005E   
005F  FE 24     CPI 24      (2)  BC:0000  DE:0000  HL:0050  AF:3197  SP:7FF3  PC:005F   
0061  CA 6C 00  JZ 006C     (2)  BC:0000  DE:0000  HL:0050  AF:3112  SP:7FF3  PC:0061   
0064  7E        MOV A,M     (2)  BC:0000  DE:0000  HL:0050  AF:3112  SP:7FF3  PC:0064   
0065  CD 71 00  CALL 0071   (2)  BC:0000  DE:0000  HL:0050  AF:3112  SP:7FF3  PC:0065   
0068  23        INX H       (2)  BC:0000  DE:0000  HL:0050  AF:3112  SP:7FF3  PC:0068   
0069  C3 5E 00  JMP 005E    (2)  BC:0000  DE:0000  HL:0051  AF:3112  SP:7FF3  PC:0069   
005E  7E        MOV A,M     (2)  BC:0000  DE:0000  HL:0051  AF:3112  SP:7FF3  PC:005E   
005F  FE 24     CPI 24      (2)  BC:0000  DE:0000  HL:0051  AF:3912  SP:7FF3  PC:005F   
0061  CA 6C 00  JZ 006C     (2)  BC:0000  DE:0000  HL:0051  AF:3902  SP:7FF3  PC:0061   
0064  7E        MOV A,M     (2)  BC:0000  DE:0000  HL:0051  AF:3902  SP:7FF3  PC:0064   
0065  CD 71 00  CALL 0071   (2)  BC:0000  DE:0000  HL:0051  AF:3902  SP:7FF3  PC:0065   
0068  23        INX H       (2)  BC:0000  DE:0000  HL:0051  AF:3902  SP:7FF3  PC:0068   
0069  C3 5E 00  JMP 005E    (2)  BC:0000  DE:0000  HL:0052  AF:3902  SP:7FF3  PC:0069   
005E  7E        MOV A,M     (2)  BC:0000  DE:0000  HL:0052  AF:3902  SP:7FF3  PC:005E   
005F  FE 24     CPI 24      (2)  BC:0000  DE:0000  HL:0052  AF:3802  SP:7FF3  PC:005F   
0061  CA 6C 00  JZ 006C     (2)  BC:0000  DE:0000  HL:0052  AF:3806  SP:7FF3  PC:0061   
0064  7E        MOV A,M     (2)  BC:0000  DE:0000  HL:0052  AF:3806  SP:7FF3  PC:0064   
0065  CD 71 00  CALL 0071   (2)  BC:0000  DE:0000  HL:0052  AF:3806  SP:7FF3  PC:0065   
0068  23        INX H       (2)  BC:0000  DE:0000  HL:0052  AF:3806  SP:7FF3  PC:0068   
0069  C3 5E 00  JMP 005E    (2)  BC:0000  DE:0000  HL:0053  AF:3806  SP:7FF3  PC:0069   
005E  7E        MOV A,M     (2)  BC:0000  DE:0000  HL:0053  AF:3806  SP:7FF3  PC:005E   
005F  FE 24     CPI 24      (2)  BC:0000  DE:0000  HL:0053  AF:3006  SP:7FF3  PC:005F   
0061  CA 6C 00  JZ 006C     (2)  BC:0000  DE:0000  HL:0053  AF:3016  SP:7FF3  PC:0061   
0064  7E        MOV A,M     (2)  BC:0000  DE:0000  HL:0053  AF:3016  SP:7FF3  PC:0064   
0065  CD 71 00  CALL 0071   (2)  BC:0000  DE:0000  HL:0053  AF:3016  SP:7FF3  PC:0065   
0068  23        INX H       (2)  BC:0000  DE:0000  HL:0053  AF:3016  SP:7FF3  PC:0068   
0069  C3 5E 00  JMP 005E    (2)  BC:0000  DE:0000  HL:0054  AF:3016  SP:7FF3  PC:0069   
005E  7E        MOV A,M     (2)  BC:0000  DE:0000  HL:0054  AF:3016  SP:7FF3  PC:005E   
005F  FE 24     CPI 24      (2)  BC:0000  DE:0000  HL:0054  AF:0D16  SP:7FF3  PC:005F   
0061  CA 6C 00  JZ 006C     (2)  BC:0000  DE:0000  HL:0054  AF:0D83  SP:7FF3  PC:0061   
0064  7E        MOV A,M     (2)  BC:0000  DE:0000  HL:0054  AF:0D83  SP:7FF3  PC:0064   
0065  CD 71 00  CALL 0071   (2)  BC:0000  DE:0000  HL:0054  AF:0D83  SP:7FF3  PC:0065   
0068  23        INX H       (2)  BC:0000  DE:0000  HL:0054  AF:0D83  SP:7FF3  PC:0068   
0069  C3 5E 00  JMP 005E    (2)  BC:0000  DE:0000  HL:0055  AF:0D83  SP:7FF3  PC:0069   
005E  7E        MOV A,M     (2)  BC:0000  DE:0000  HL:0055  AF:0D83  SP:7FF3  PC:005E   
005F  FE 24     CPI 24      (2)  BC:0000  DE:0000  HL:0055  AF:0A83  SP:7FF3  PC:005F   
0061  CA 6C 00  JZ 006C     (2)  BC:0000  DE:0000  HL:0055  AF:0A83  SP:7FF3  PC:0061   
0064  7E        MOV A,M     (2)  BC:0000  DE:0000  HL:0055  AF:0A83  SP:7FF3  PC:0064   
0065  CD 71 00  CALL 0071   (2)  BC:0000  DE:0000  HL:0055  AF:0A83  SP:7FF3  PC:0065   
0068  23        INX H       (2)  BC:0000  DE:0000  HL:0055  AF:0A83  SP:7FF3  PC:0068   
0069  C3 5E 00  JMP 005E    (2)  BC:0000  DE:0000  HL:0056  AF:0A83  SP:7FF3  PC:0069   
005E  7E        MOV A,M     (2)  BC:0000  DE:0000  HL:0056  AF:0A83  SP:7FF3  PC:005E   
005F  FE 24     CPI 24      (2)  BC:0000  DE:0000  HL:0056  AF:2483  SP:7FF3  PC:005F   
0061  CA 6C 00  JZ 006C     (2)  BC:0000  DE:0000  HL:0056  AF:2446  SP:7FF3  PC:0061   
006C  F1        POP PSW     (2)  BC:0000  DE:0000  HL:0056  AF:2446  SP:7FF3  PC:006C   
006D  E1        POP H       (2)  BC:0000  DE:0000  HL:0056  AF:0056  SP:7FF5  PC:006D   
006E  D1        POP D       (2)  BC:0000  DE:0000  HL:000D  AF:0056  SP:7FF7  PC:006E   
006F  C1        POP B       (2)  BC:0000  DE:0000  HL:000D  AF:0056  SP:7FF9  PC:006F   
0070  C9        RET         (2)  BC:0000  DE:0000  HL:000D  AF:0056  SP:7FFB  PC:0070   
000A  C3 D9 00  JMP 00D9    (1)  BC:0000  DE:0000  HL:000D  AF:0056  SP:7FFD  PC:000A   
00D9  31 D5 06  LXI SP,06D5 (1)  BC:0000  DE:0000  HL:000D  AF:0056  SP:7FFD  PC:00D9   
00DC  E6 00     ANI 00      (1)  BC:0000  DE:0000  HL:000D  AF:0056  SP:06D5  PC:00DC   
00DE  CA E4 00  JZ 00E4     (1)  BC:0000  DE:0000  HL:000D  AF:0056  SP:06D5  PC:00DE   
00E4  D2 EA 00  JNC 00EA    (1)  BC:0000  DE:0000  HL:000D  AF:0056  SP:06D5  PC:00E4   
00EA  EA F0 00  JPE 00F0    (1)  BC:0000  DE:0000  HL:000D  AF:0056  SP:06D5  PC:00EA   
00F0  F2 F6 00  JP 00F6     (1)  BC:0000  DE:0000  HL:000D  AF:0056  SP:06D5  PC:00F0   
00F6  C2 05 01  JNZ 0105    (1)  BC:0000  DE:0000  HL:000D  AF:0056  SP:06D5  PC:00F6   
00F9  DA 05 01  JC 0105     (1)  BC:0000  DE:0000  HL:000D  AF:0056  SP:06D5  PC:00F9   
00FC  E2 05 01  JPO 0105    (1)  BC:0000  DE:0000  HL:000D  AF:0056  SP:06D5  PC:00FC   
00FF  FA 05 01  JM 0105     (1)  BC:0000  DE:0000  HL:000D  AF:0056  SP:06D5  PC:00FF   
0102  C3 08 01  JMP 0108    (1)  BC:0000  DE:0000  HL:000D  AF:0056  SP:06D5  PC:0102   
0108  C6 06     ADI 06      (1)  BC:0000  DE:0000  HL:000D  AF:0056  SP:06D5  PC:0108   
010A  C2 10 01  JNZ 0110    (1)  BC:0000  DE:0000  HL:000D  AF:0606  SP:06D5  PC:010A   
0110  DA 19 01  JC 0119     (1)  BC:0000  DE:0000  HL:000D  AF:0606  SP:06D5  PC:0110   
0113  E2 19 01  JPO 0119    (1)  BC:0000  DE:0000  HL:000D  AF:0606  SP:06D5  PC:0113   
0116  F2 1C 01  JP 011C     (1)  BC:0000  DE:0000  HL:000D  AF:0606  SP:06D5  PC:0116   
011C  C6 70     ADI 70      (1)  BC:0000  DE:0000  HL:000D  AF:0606  SP:06D5  PC:011C   
011E  E2 24 01  JPO 0124    (1)  BC:0000  DE:0000  HL:000D  AF:7602  SP:06D5  PC:011E   
0124  FA 2D 01  JM 012D     (1)  BC:0000  DE:0000  HL:000D  AF:7602  SP:06D5  PC:0124   
0127  CA 2D 01  JZ 012D     (1)  BC:0000  DE:0000  HL:000D  AF:7602  SP:06D5  PC:0127   
012A  D2 30 01  JNC 0130    (1)  BC:0000  DE:0000  HL:000D  AF:7602  SP:06D5  PC:012A   
0130  C6 81     ADI 81      (1)  BC:0000  DE:0000  HL:000D  AF:7602  SP:06D5  PC:0130   
0132  FA 38 01  JM 0138     (1)  BC:0000  DE:0000  HL:000D  AF:F782  SP:06D5  PC:0132   
0138  CA 41 01  JZ 0141     (1)  BC:0000  DE:0000  HL:000D  AF:F782  SP:06D5  PC:0138   
013B  DA 41 01  JC 0141     (1)  BC:0000  DE:0000  HL:000D  AF:F782  SP:06D5  PC:013B   
013E  E2 44 01  JPO 0144    (1)  BC:0000  DE:0000  HL:000D  AF:F782  SP:06D5  PC:013E   
0144  C6 FE     ADI FE      (1)  BC:0000  DE:0000  HL:000D  AF:F782  SP:06D5  PC:0144   
0146  DA 4C 01  JC 014C     (1)  BC:0000  DE:0000  HL:000D  AF:F597  SP:06D5  PC:0146   
014C  CA 55 01  JZ 0155     (1)  BC:0000  DE:0000  HL:000D  AF:F597  SP:06D5  PC:014C   
014F  E2 55 01  JPO 0155    (1)  BC:0000  DE:0000  HL:000D  AF:F597  SP:06D5  PC:014F   
0152  FA 58 01  JM 0158     (1)  BC:0000  DE:0000  HL:000D  AF:F597  SP:06D5  PC:0152   
0158  FE 00     CPI 00      (1)  BC:0000  DE:0000  HL:000D  AF:F597  SP:06D5  PC:0158   
015A  DA 70 01  JC 0170     (1)  BC:0000  DE:0000  HL:000D  AF:F586  SP:06D5  PC:015A   
015D  CA 70 01  JZ 0170     (1)  BC:0000  DE:0000  HL:000D  AF:F586  SP:06D5  PC:015D   
0160  FE F5     CPI F5      (1)  BC:0000  DE:0000  HL:000D  AF:F586  SP:06D5  PC:0160   
0162  DA 70 01  JC 0170     (1)  BC:0000  DE:0000  HL:000D  AF:F546  SP:06D5  PC:0162   
0165  C2 70 01  JNZ 0170    (1)  BC:0000  DE:0000  HL:000D  AF:F546  SP:06D5  PC:0165   
0168  FE FF     CPI FF      (1)  BC:0000  DE:0000  HL:000D  AF:F546  SP:06D5  PC:0168   
016A  CA 70 01  JZ 0170     (1)  BC:0000  DE:0000  HL:000D  AF:F597  SP:06D5  PC:016A   
016D  DA 73 01  JC 0173     (1)  BC:0000  DE:0000  HL:000D  AF:F597  SP:06D5  PC:016D   
0173  CE 0A     ACI 0A      (1)  BC:0000  DE:0000  HL:000D  AF:F597  SP:06D5  PC:0173   
0175  CE 0A     ACI 0A      (1)  BC:0000  DE:0000  HL:000D  AF:0057  SP:06D5  PC:0175   
0177  FE 0B     CPI 0B      (1)  BC:0000  DE:0000  HL:000D  AF:0B02  SP:06D5  PC:0177   
0179  CA 7F 01  JZ 017F     (1)  BC:0000  DE:0000  HL:000D  AF:0B46  SP:06D5  PC:0179   
017F  D6 0C     SUI 0C      (1)  BC:0000  DE:0000  HL:000D  AF:0B46  SP:06D5  PC:017F   
0181  D6 0F     SUI 0F      (1)  BC:0000  DE:0000  HL:000D  AF:FF97  SP:06D5  PC:0181   
0183  FE F0     CPI F0      (1)  BC:0000  DE:0000  HL:000D  AF:F086  SP:06D5  PC:0183   
0185  CA 8B 01  JZ 018B     (1)  BC:0000  DE:0000  HL:000D  AF:F046  SP:06D5  PC:0185   
018B  DE F1     SBI F1      (1)  BC:0000  DE:0000  HL:000D  AF:F046  SP:06D5  PC:018B   
018D  DE 0E     SBI 0E      (1)  BC:0000  DE:0000  HL:000D  AF:FF97  SP:06D5  PC:018D   
018F  FE F0     CPI F0      (1)  BC:0000  DE:0000  HL:000D  AF:F086  SP:06D5  PC:018F   
0191  CA 97 01  JZ 0197     (1)  BC:0000  DE:0000  HL:000D  AF:F046  SP:06D5  PC:0191   
0197  E6 55     ANI 55      (1)  BC:0000  DE:0000  HL:000D  AF:F046  SP:06D5  PC:0197   
0199  FE 50     CPI 50      (1)  BC:0000  DE:0000  HL:000D  AF:5016  SP:06D5  PC:0199   
019B  CA A1 01  JZ 01A1     (1)  BC:0000  DE:0000  HL:000D  AF:5046  SP:06D5  PC:019B   
01A1  F6 3A     ORI 3A      (1)  BC:0000  DE:0000  HL:000D  AF:5046  SP:06D5  PC:01A1   
01A3  FE 7A     CPI 7A      (1)  BC:0000  DE:0000  HL:000D  AF:7A12  SP:06D5  PC:01A3   
01A5  CA AB 01  JZ 01AB     (1)  BC:0000  DE:0000  HL:000D  AF:7A46  SP:06D5  PC:01A5   
01AB  EE 0F     XRI 0F      (1)  BC:0000  DE:0000  HL:000D  AF:7A46  SP:06D5  PC:01AB   
01AD  FE 75     CPI 75      (1)  BC:0000  DE:0000  HL:000D  AF:7512  SP:06D5  PC:01AD   
01AF  CA B5 01  JZ 01B5     (1)  BC:0000  DE:0000  HL:000D  AF:7546  SP:06D5  PC:01AF   
01B5  E6 00     ANI 00      (1)  BC:0000  DE:0000  HL:000D  AF:7546  SP:06D5  PC:01B5   
01B7  DC B7 05  CC 05B7     (1)  BC:0000  DE:0000  HL:000D  AF:0056  SP:06D5  PC:01B7   
01BA  E4 B7 05  CPO 05B7    (1)  BC:0000  DE:0000  HL:000D  AF:0056  SP:06D5  PC:01BA   
01BD  FC B7 05  CM 05B7     (1)  BC:0000  DE:0000  HL:000D  AF:0056  SP:06D5  PC:01BD   
01C0  C4 B7 05  CNZ 05B7    (1)  BC:0000  DE:0000  HL:000D  AF:0056  SP:06D5  PC:01C0   
01C3  FE 00     CPI 00      (1)  BC:0000  DE:0000  HL:000D  AF:0056  SP:06D5  PC:01C3   
01C5  CA CB 01  JZ 01CB     (1)  BC:0000  DE:0000  HL:000D  AF:0046  SP:06D5  PC:01C5   
01CB  D6 77     SUI 77      (1)  BC:0000  DE:0000  HL:000D  AF:0046  SP:06D5  PC:01CB   
01CD  D4 B7 05  CNC 05B7    (1)  BC:0000  DE:0000  HL:000D  AF:8993  SP:06D5  PC:01CD   
01D0  EC B7 05  CPE 05B7    (1)  BC:0000  DE:0000  HL:000D  AF:8993  SP:06D5  PC:01D0   
01D3  F4 B7 05  CP 05B7     (1)  BC:0000  DE:0000  HL:000D  AF:8993  SP:06D5  PC:01D3   
01D6  CC B7 05  CZ 05B7     (1)  BC:0000  DE:0000  HL:000D  AF:8993  SP:06D5  PC:01D6   
01D9  FE 89     CPI 89      (1)  BC:0000  DE:0000  HL:000D  AF:8993  SP:06D5  PC:01D9   
01DB  CA E1 01  JZ 01E1     (1)  BC:0000  DE:0000  HL:000D  AF:8946  SP:06D5  PC:01DB   
01E1  E6 FF     ANI FF      (1)  BC:0000  DE:0000  HL:000D  AF:8946  SP:06D5  PC:01E1   
01E3  E4 EE 01  CPO 01EE    (1)  BC:0000  DE:0000  HL:000D  AF:8992  SP:06D5  PC:01E3   
01EE  E8        RPE         (2)  BC:0000  DE:0000  HL:000D  AF:8992  SP:06D3  PC:01EE   
01EF  C6 10     ADI 10      (2)  BC:0000  DE:0000  HL:000D  AF:8992  SP:06D3  PC:01EF   
01F1  EC FA 01  CPE 01FA    (2)  BC:0000  DE:0000  HL:000D  AF:9986  SP:06D3  PC:01F1   
01F4  C6 02     ADI 02      (2)  BC:0000  DE:0000  HL:000D  AF:D786  SP:06D3  PC:01F4   
01F6  E0        RPO         (2)  BC:0000  DE:0000  HL:000D  AF:D982  SP:06D3  PC:01F6   
01E6  FE D9     CPI D9      (1)  BC:0000  DE:0000  HL:000D  AF:D982  SP:06D5  PC:01E6   
01E8  CA 4B 02  JZ 024B     (1)  BC:0000  DE:0000  HL:000D  AF:D946  SP:06D5  PC:01E8   
024B  3E 77     MVI A,77    (1)  BC:0000  DE:0000  HL:000D  AF:D946  SP:06D5  PC:024B   
024D  3C        INR A       (1)  BC:0000  DE:0000  HL:000D  AF:7746  SP:06D5  PC:024D   
024E  47        MOV B,A     (1)  BC:0000  DE:0000  HL:000D  AF:7806  SP:06D5  PC:024E   
024F  04        INR B       (1)  BC:7800  DE:0000  HL:000D  AF:7806  SP:06D5  PC:024F   
0250  48        MOV C,B     (1)  BC:7900  DE:0000  HL:000D  AF:7802  SP:06D5  PC:0250   
0251  0D        DCR C       (1)  BC:7979  DE:0000  HL:000D  AF:7802  SP:06D5  PC:0251   
0252  51        MOV D,C     (1)  BC:7978  DE:0000  HL:000D  AF:7816  SP:06D5  PC:0252   
0253  5A        MOV E,D     (1)  BC:7978  DE:7800  HL:000D  AF:7816  SP:06D5  PC:0253   
0254  63        MOV H,E     (1)  BC:7978  DE:7878  HL:000D  AF:7816  SP:06D5  PC:0254   
0255  6C        MOV L,H     (1)  BC:7978  DE:7878  HL:780D  AF:7816  SP:06D5  PC:0255   
0256  7D        MOV A,L     (1)  BC:7978  DE:7878  HL:7878  AF:7816  SP:06D5  PC:0256   
0257  3D        DCR A       (1)  BC:7978  DE:7878  HL:7878  AF:7816  SP:06D5  PC:0257   
0258  4F        MOV C,A     (1)  BC:7978  DE:7878  HL:7878  AF:7716  SP:06D5  PC:0258   
0259  59        MOV E,C     (1)  BC:7977  DE:7878  HL:7878  AF:7716  SP:06D5  PC:0259   
025A  6B        MOV L,E     (1)  BC:7977  DE:7877  HL:7878  AF:7716  SP:06D5  PC:025A   
025B  45        MOV B,L     (1)  BC:7977  DE:7877  HL:7877  AF:7716  SP:06D5  PC:025B   
025C  50        MOV D,B     (1)  BC:7777  DE:7877  HL:7877  AF:7716  SP:06D5  PC:025C   
025D  62        MOV H,D     (1)  BC:7777  DE:7777  HL:7877  AF:7716  SP:06D5  PC:025D   
025E  7C        MOV A,H     (1)  BC:7777  DE:7777  HL:7777  AF:7716  SP:06D5  PC:025E   
025F  57        MOV D,A     (1)  BC:7777  DE:7777  HL:7777  AF:7716  SP:06D5  PC:025F   
0260  14        INR D       (1)  BC:7777  DE:7777  HL:7777  AF:7716  SP:06D5  PC:0260   
0261  6A        MOV L,D     (1)  BC:7777  DE:7877  HL:7777  AF:7706  SP:06D5  PC:0261   
0262  4D        MOV C,L     (1)  BC:7777  DE:7877  HL:7778  AF:7706  SP:06D5  PC:0262   
0263  0C        INR C       (1)  BC:7778  DE:7877  HL:7778  AF:7706  SP:06D5  PC:0263   
0264  61        MOV H,C     (1)  BC:7779  DE:7877  HL:7778  AF:7702  SP:06D5  PC:0264   
0265  44        MOV B,H     (1)  BC:7779  DE:7877  HL:7978  AF:7702  SP:06D5  PC:0265   
0266  05        DCR B       (1)  BC:7979  DE:7877  HL:7978  AF:7702  SP:06D5  PC:0266   
0267  58        MOV E,B     (1)  BC:7879  DE:7877  HL:7978  AF:7716  SP:06D5  PC:0267   
0268  7B        MOV A,E     (1)  BC:7879  DE:7878  HL:7978  AF:7716  SP:06D5  PC:0268   
0269  5F        MOV E,A     (1)  BC:7879  DE:7878  HL:7978  AF:7816  SP:06D5  PC:0269   
026A  1C        INR E       (1)  BC:7879  DE:7878  HL:7978  AF:7816  SP:06D5  PC:026A   
026B  43        MOV B,E     (1)  BC:7879  DE:7879  HL:7978  AF:7802  SP:06D5  PC:026B   
026C  60        MOV H,B     (1)  BC:7979  DE:7879  HL:7978  AF:7802  SP:06D5  PC:026C   
026D  24        INR H       (1)  BC:7979  DE:7879  HL:7978  AF:7802  SP:06D5  PC:026D   
026E  4C        MOV C,H     (1)  BC:7979  DE:7879  HL:7A78  AF:7802  SP:06D5  PC:026E   
026F  69        MOV L,C     (1)  BC:797A  DE:7879  HL:7A78  AF:7802  SP:06D5  PC:026F   
0270  55        MOV D,L     (1)  BC:797A  DE:7879  HL:7A7A  AF:7802  SP:06D5  PC:0270   
0271  15        DCR D       (1)  BC:797A  DE:7A79  HL:7A7A  AF:7802  SP:06D5  PC:0271   
0272  7A        MOV A,D     (1)  BC:797A  DE:7979  HL:7A7A  AF:7812  SP:06D5  PC:0272   
0273  67        MOV H,A     (1)  BC:797A  DE:7979  HL:7A7A  AF:7912  SP:06D5  PC:0273   
0274  25        DCR H       (1)  BC:797A  DE:7979  HL:797A  AF:7912  SP:06D5  PC:0274   
0275  54        MOV D,H     (1)  BC:797A  DE:7979  HL:787A  AF:7916  SP:06D5  PC:0275   
0276  42        MOV B,D     (1)  BC:797A  DE:7879  HL:787A  AF:7916  SP:06D5  PC:0276   
0277  68        MOV L,B     (1)  BC:787A  DE:7879  HL:787A  AF:7916  SP:06D5  PC:0277   
0278  2C        INR L       (1)  BC:787A  DE:7879  HL:7878  AF:7916  SP:06D5  PC:0278   
0279  5D        MOV E,L     (1)  BC:787A  DE:7879  HL:7879  AF:7902  SP:06D5  PC:0279   
027A  1D        DCR E       (1)  BC:787A  DE:7879  HL:7879  AF:7902  SP:06D5  PC:027A   
027B  4B        MOV C,E     (1)  BC:787A  DE:7878  HL:7879  AF:7916  SP:06D5  PC:027B   
027C  79        MOV A,C     (1)  BC:7878  DE:7878  HL:7879  AF:7916  SP:06D5  PC:027C   
027D  6F        MOV L,A     (1)  BC:7878  DE:7878  HL:7879  AF:7816  SP:06D5  PC:027D   
027E  2D        DCR L       (1)  BC:7878  DE:7878  HL:7878  AF:7816  SP:06D5  PC:027E   
027F  65        MOV H,L     (1)  BC:7878  DE:7878  HL:7877  AF:7816  SP:06D5  PC:027F   
0280  5C        MOV E,H     (1)  BC:7878  DE:7878  HL:7777  AF:7816  SP:06D5  PC:0280   
0281  53        MOV D,E     (1)  BC:7878  DE:7877  HL:7777  AF:7816  SP:06D5  PC:0281   
0282  4A        MOV C,D     (1)  BC:7878  DE:7777  HL:7777  AF:7816  SP:06D5  PC:0282   
0283  41        MOV B,C     (1)  BC:7877  DE:7777  HL:7777  AF:7816  SP:06D5  PC:0283   
0284  78        MOV A,B     (1)  BC:7777  DE:7777  HL:7777  AF:7816  SP:06D5  PC:0284   
0285  FE 77     CPI 77      (1)  BC:7777  DE:7777  HL:7777  AF:7716  SP:06D5  PC:0285   
0287  C4 B7 05  CNZ 05B7    (1)  BC:7777  DE:7777  HL:7777  AF:7746  SP:06D5  PC:0287   
028A  AF        XRA A       (1)  BC:7777  DE:7777  HL:7777  AF:7746  SP:06D5  PC:028A   
028B  06 01     MVI B,01    (1)  BC:7777  DE:7777  HL:7777  AF:0056  SP:06D5  PC:028B   
028D  0E 03     MVI C,03    (1)  BC:0177  DE:7777  HL:7777  AF:0056  SP:06D5  PC:028D   
028F  16 07     MVI D,07    (1)  BC:0103  DE:7777  HL:7777  AF:0056  SP:06D5  PC:028F   
0291  1E 0F     MVI E,0F    (1)  BC:0103  DE:0777  HL:7777  AF:0056  SP:06D5  PC:0291   
0293  26 1F     MVI H,1F    (1)  BC:0103  DE:070F  HL:7777  AF:0056  SP:06D5  PC:0293   
0295  2E 3F     MVI L,3F    (1)  BC:0103  DE:070F  HL:1F77  AF:0056  SP:06D5  PC:0295   
0297  80        ADD B       (1)  BC:0103  DE:070F  HL:1F3F  AF:0056  SP:06D5  PC:0297   
0298  81        ADD C       (1)  BC:0103  DE:070F  HL:1F3F  AF:0102  SP:06D5  PC:0298   
0299  82        ADD D       (1)  BC:0103  DE:070F  HL:1F3F  AF:0402  SP:06D5  PC:0299   
029A  83        ADD E       (1)  BC:0103  DE:070F  HL:1F3F  AF:0B02  SP:06D5  PC:029A   
029B  84        ADD H       (1)  BC:0103  DE:070F  HL:1F3F  AF:1A12  SP:06D5  PC:029B   
029C  85        ADD L       (1)  BC:0103  DE:070F  HL:1F3F  AF:3916  SP:06D5  PC:029C   
029D  87        ADD A       (1)  BC:0103  DE:070F  HL:1F3F  AF:7816  SP:06D5  PC:029D   
029E  FE F0     CPI F0      (1)  BC:0103  DE:070F  HL:1F3F  AF:F096  SP:06D5  PC:029E   
02A0  C4 B7 05  CNZ 05B7    (1)  BC:0103  DE:070F  HL:1F3F  AF:F046  SP:06D5  PC:02A0   
02A3  90        SUB B       (1)  BC:0103  DE:070F  HL:1F3F  AF:F046  SP:06D5  PC:02A3   
02A4  91        SUB C       (1)  BC:0103  DE:070F  HL:1F3F  AF:EF92  SP:06D5  PC:02A4   
02A5  92        SUB D       (1)  BC:0103  DE:070F  HL:1F3F  AF:EC82  SP:06D5  PC:02A5   
02A6  93        SUB E       (1)  BC:0103  DE:070F  HL:1F3F  AF:E582  SP:06D5  PC:02A6   
02A7  94        SUB H       (1)  BC:0103  DE:070F  HL:1F3F  AF:D692  SP:06D5  PC:02A7   
02A8  95        SUB L       (1)  BC:0103  DE:070F  HL:1F3F  AF:B796  SP:06D5  PC:02A8   
02A9  FE 78     CPI 78      (1)  BC:0103  DE:070F  HL:1F3F  AF:7816  SP:06D5  PC:02A9   
02AB  C4 B7 05  CNZ 05B7    (1)  BC:0103  DE:070F  HL:1F3F  AF:7846  SP:06D5  PC:02AB   
02AE  97        SUB A       (1)  BC:0103  DE:070F  HL:1F3F  AF:7846  SP:06D5  PC:02AE   
02AF  C4 B7 05  CNZ 05B7    (1)  BC:0103  DE:070F  HL:1F3F  AF:0046  SP:06D5  PC:02AF   
02B2  3E 80     MVI A,80    (1)  BC:0103  DE:070F  HL:1F3F  AF:0046  SP:06D5  PC:02B2   
02B4  87        ADD A       (1)  BC:0103  DE:070F  HL:1F3F  AF:8046  SP:06D5  PC:02B4   
02B5  06 01     MVI B,01    (1)  BC:0103  DE:070F  HL:1F3F  AF:0047  SP:06D5  PC:02B5   
02B7  0E 02     MVI C,02    (1)  BC:0103  DE:070F  HL:1F3F  AF:0047  SP:06D5  PC:02B7   
02B9  16 03     MVI D,03    (1)  BC:0102  DE:070F  HL:1F3F  AF:0047  SP:06D5  PC:02B9   
02BB  1E 04     MVI E,04    (1)  BC:0102  DE:030F  HL:1F3F  AF:0047  SP:06D5  PC:02BB   
02BD  26 05     MVI H,05    (1)  BC:0102  DE:0304  HL:1F3F  AF:0047  SP:06D5  PC:02BD   
02BF  2E 06     MVI L,06    (1)  BC:0102  DE:0304  HL:053F  AF:0047  SP:06D5  PC:02BF   
02C1  88        ADC B       (1)  BC:0102  DE:0304  HL:0506  AF:0047  SP:06D5  PC:02C1   
02C2  06 80     MVI B,80    (1)  BC:0102  DE:0304  HL:0506  AF:0202  SP:06D5  PC:02C2   
02C4  80        ADD B       (1)  BC:8002  DE:0304  HL:0506  AF:0202  SP:06D5  PC:02C4   
02C5  80        ADD B       (1)  BC:8002  DE:0304  HL:0506  AF:8286  SP:06D5  PC:02C5   
02C6  89        ADC C       (1)  BC:8002  DE:0304  HL:0506  AF:0203  SP:06D5  PC:02C6   
02C7  80        ADD B       (1)  BC:8002  DE:0304  HL:0506  AF:0506  SP:06D5  PC:02C7   
02C8  80        ADD B       (1)  BC:8002  DE:0304  HL:0506  AF:8582  SP:06D5  PC:02C8   
02C9  8A        ADC D       (1)  BC:8002  DE:0304  HL:0506  AF:0507  SP:06D5  PC:02C9   
02CA  80        ADD B       (1)  BC:8002  DE:0304  HL:0506  AF:0906  SP:06D5  PC:02CA   
02CB  80        ADD B       (1)  BC:8002  DE:0304  HL:0506  AF:8982  SP:06D5  PC:02CB   
02CC  8B        ADC E       (1)  BC:8002  DE:0304  HL:0506  AF:0907  SP:06D5  PC:02CC   
02CD  80        ADD B       (1)  BC:8002  DE:0304  HL:0506  AF:0E02  SP:06D5  PC:02CD   
02CE  80        ADD B       (1)  BC:8002  DE:0304  HL:0506  AF:8E86  SP:06D5  PC:02CE   
02CF  8C        ADC H       (1)  BC:8002  DE:0304  HL:0506  AF:0E03  SP:06D5  PC:02CF   
02D0  80        ADD B       (1)  BC:8002  DE:0304  HL:0506  AF:1416  SP:06D5  PC:02D0   
02D1  80        ADD B       (1)  BC:8002  DE:0304  HL:0506  AF:9482  SP:06D5  PC:02D1   
02D2  8D        ADC L       (1)  BC:8002  DE:0304  HL:0506  AF:1407  SP:06D5  PC:02D2   
02D3  80        ADD B       (1)  BC:8002  DE:0304  HL:0506  AF:1B06  SP:06D5  PC:02D3   
02D4  80        ADD B       (1)  BC:8002  DE:0304  HL:0506  AF:9B82  SP:06D5  PC:02D4   
02D5  8F        ADC A       (1)  BC:8002  DE:0304  HL:0506  AF:1B07  SP:06D5  PC:02D5   
02D6  FE 37     CPI 37      (1)  BC:8002  DE:0304  HL:0506  AF:3712  SP:06D5  PC:02D6   
02D8  C4 B7 05  CNZ 05B7    (1)  BC:8002  DE:0304  HL:0506  AF:3746  SP:06D5  PC:02D8   
02DB  3E 80     MVI A,80    (1)  BC:8002  DE:0304  HL:0506  AF:3746  SP:06D5  PC:02DB   
02DD  87        ADD A       (1)  BC:8002  DE:0304  HL:0506  AF:8046  SP:06D5  PC:02DD   
02DE  06 01     MVI B,01    (1)  BC:8002  DE:0304  HL:0506  AF:0047  SP:06D5  PC:02DE   
02E0  98        SBB B       (1)  BC:0102  DE:0304  HL:0506  AF:0047  SP:06D5  PC:02E0   
02E1  06 FF     MVI B,FF    (1)  BC:0102  DE:0304  HL:0506  AF:FE93  SP:06D5  PC:02E1   
02E3  80        ADD B       (1)  BC:FF02  DE:0304  HL:0506  AF:FE93  SP:06D5  PC:02E3   
02E4  99        SBB C       (1)  BC:FF02  DE:0304  HL:0506  AF:FD93  SP:06D5  PC:02E4   
02E5  80        ADD B       (1)  BC:FF02  DE:0304  HL:0506  AF:FA86  SP:06D5  PC:02E5   
02E6  9A        SBB D       (1)  BC:FF02  DE:0304  HL:0506  AF:F997  SP:06D5  PC:02E6   
02E7  80        ADD B       (1)  BC:FF02  DE:0304  HL:0506  AF:F586  SP:06D5  PC:02E7   
02E8  9B        SBB E       (1)  BC:FF02  DE:0304  HL:0506  AF:F493  SP:06D5  PC:02E8   
02E9  80        ADD B       (1)  BC:FF02  DE:0304  HL:0506  AF:EF92  SP:06D5  PC:02E9   
02EA  9C        SBB H       (1)  BC:FF02  DE:0304  HL:0506  AF:EE97  SP:06D5  PC:02EA   
02EB  80        ADD B       (1)  BC:FF02  DE:0304  HL:0506  AF:E886  SP:06D5  PC:02EB   
02EC  9D        SBB L       (1)  BC:FF02  DE:0304  HL:0506  AF:E797  SP:06D5  PC:02EC   
02ED  FE E0     CPI E0      (1)  BC:FF02  DE:0304  HL:0506  AF:E082  SP:06D5  PC:02ED   
02EF  C4 B7 05  CNZ 05B7    (1)  BC:FF02  DE:0304  HL:0506  AF:E046  SP:06D5  PC:02EF   
02F2  3E 80     MVI A,80    (1)  BC:FF02  DE:0304  HL:0506  AF:E046  SP:06D5  PC:02F2   
02F4  87        ADD A       (1)  BC:FF02  DE:0304  HL:0506  AF:8046  SP:06D5  PC:02F4   
02F5  9F        SBB A       (1)  BC:FF02  DE:0304  HL:0506  AF:0047  SP:06D5  PC:02F5   
02F6  FE FF     CPI FF      (1)  BC:FF02  DE:0304  HL:0506  AF:FF97  SP:06D5  PC:02F6   
02F8  C4 B7 05  CNZ 05B7    (1)  BC:FF02  DE:0304  HL:0506  AF:FF46  SP:06D5  PC:02F8   
02FB  3E FF     MVI A,FF    (1)  BC:FF02  DE:0304  HL:0506  AF:FF46  SP:06D5  PC:02FB   
02FD  06 FE     MVI B,FE    (1)  BC:FF02  DE:0304  HL:0506  AF:FF46  SP:06D5  PC:02FD   
02FF  0E FC     MVI C,FC    (1)  BC:FE02  DE:0304  HL:0506  AF:FF46  SP:06D5  PC:02FF   
0301  16 EF     MVI D,EF    (1)  BC:FEFC  DE:0304  HL:0506  AF:FF46  SP:06D5  PC:0301   
0303  1E 7F     MVI E,7F    (1)  BC:FEFC  DE:EF04  HL:0506  AF:FF46  SP:06D5  PC:0303   
0305  26 F4     MVI H,F4    (1)  BC:FEFC  DE:EF7F  HL:0506  AF:FF46  SP:06D5  PC:0305   
0307  2E BF     MVI L,BF    (1)  BC:FEFC  DE:EF7F  HL:F406  AF:FF46  SP:06D5  PC:0307   
0309  A7        ANA A       (1)  BC:FEFC  DE:EF7F  HL:F4BF  AF:FF46  SP:06D5  PC:0309   
030A  A1        ANA C       (1)  BC:FEFC  DE:EF7F  HL:F4BF  AF:FF96  SP:06D5  PC:030A   
030B  A2        ANA D       (1)  BC:FEFC  DE:EF7F  HL:F4BF  AF:FC96  SP:06D5  PC:030B   
030C  A3        ANA E       (1)  BC:FEFC  DE:EF7F  HL:F4BF  AF:EC92  SP:06D5  PC:030C   
030D  A4        ANA H       (1)  BC:FEFC  DE:EF7F  HL:F4BF  AF:6C16  SP:06D5  PC:030D   
030E  A5        ANA L       (1)  BC:FEFC  DE:EF7F  HL:F4BF  AF:6412  SP:06D5  PC:030E   
030F  A7        ANA A       (1)  BC:FEFC  DE:EF7F  HL:F4BF  AF:2416  SP:06D5  PC:030F   
0310  FE 24     CPI 24      (1)  BC:FEFC  DE:EF7F  HL:F4BF  AF:2416  SP:06D5  PC:0310   
0312  C4 B7 05  CNZ 05B7    (1)  BC:FEFC  DE:EF7F  HL:F4BF  AF:2446  SP:06D5  PC:0312   
0315  AF        XRA A       (1)  BC:FEFC  DE:EF7F  HL:F4BF  AF:2446  SP:06D5  PC:0315   
0316  06 01     MVI B,01    (1)  BC:FEFC  DE:EF7F  HL:F4BF  AF:0056  SP:06D5  PC:0316   
0318  0E 02     MVI C,02    (1)  BC:01FC  DE:EF7F  HL:F4BF  AF:0056  SP:06D5  PC:0318   
031A  16 04     MVI D,04    (1)  BC:0102  DE:EF7F  HL:F4BF  AF:0056  SP:06D5  PC:031A   
031C  1E 08     MVI E,08    (1)  BC:0102  DE:047F  HL:F4BF  AF:0056  SP:06D5  PC:031C   
031E  26 10     MVI H,10    (1)  BC:0102  DE:0408  HL:F4BF  AF:0056  SP:06D5  PC:031E   
0320  2E 20     MVI L,20    (1)  BC:0102  DE:0408  HL:10BF  AF:0056  SP:06D5  PC:0320   
0322  B0        ORA B       (1)  BC:0102  DE:0408  HL:1020  AF:0056  SP:06D5  PC:0322   
0323  B1        ORA C       (1)  BC:0102  DE:0408  HL:1020  AF:0112  SP:06D5  PC:0323   
0324  B2        ORA D       (1)  BC:0102  DE:0408  HL:1020  AF:0316  SP:06D5  PC:0324   
0325  B3        ORA E       (1)  BC:0102  DE:0408  HL:1020  AF:0712  SP:06D5  PC:0325   
0326  B4        ORA H       (1)  BC:0102  DE:0408  HL:1020  AF:0F16  SP:06D5  PC:0326   
0327  B5        ORA L       (1)  BC:0102  DE:0408  HL:1020  AF:1F12  SP:06D5  PC:0327   
0328  B7        ORA A       (1)  BC:0102  DE:0408  HL:1020  AF:3F16  SP:06D5  PC:0328   
0329  FE 3F     CPI 3F      (1)  BC:0102  DE:0408  HL:1020  AF:3F16  SP:06D5  PC:0329   
032B  C4 B7 05  CNZ 05B7    (1)  BC:0102  DE:0408  HL:1020  AF:3F46  SP:06D5  PC:032B   
032E  3E 00     MVI A,00    (1)  BC:0102  DE:0408  HL:1020  AF:3F46  SP:06D5  PC:032E   
0330  26 8F     MVI H,8F    (1)  BC:0102  DE:0408  HL:1020  AF:0046  SP:06D5  PC:0330   
0332  2E 4F     MVI L,4F    (1)  BC:0102  DE:0408  HL:8F20  AF:0046  SP:06D5  PC:0332   
0334  A8        XRA B       (1)  BC:0102  DE:0408  HL:8F4F  AF:0046  SP:06D5  PC:0334   
0335  A9        XRA C       (1)  BC:0102  DE:0408  HL:8F4F  AF:0112  SP:06D5  PC:0335   
0336  AA        XRA D       (1)  BC:0102  DE:0408  HL:8F4F  AF:0316  SP:06D5  PC:0336   
0337  AB        XRA E       (1)  BC:0102  DE:0408  HL:8F4F  AF:0712  SP:06D5  PC:0337   
0338  AC        XRA H       (1)  BC:0102  DE:0408  HL:8F4F  AF:0F16  SP:06D5  PC:0338   
0339  AD        XRA L       (1)  BC:0102  DE:0408  HL:8F4F  AF:8092  SP:06D5  PC:0339   
033A  FE CF     CPI CF      (1)  BC:0102  DE:0408  HL:8F4F  AF:CF96  SP:06D5  PC:033A   
033C  C4 B7 05  CNZ 05B7    (1)  BC:0102  DE:0408  HL:8F4F  AF:CF46  SP:06D5  PC:033C   
033F  AF        XRA A       (1)  BC:0102  DE:0408  HL:8F4F  AF:CF46  SP:06D5  PC:033F   
0340  C4 B7 05  CNZ 05B7    (1)  BC:0102  DE:0408  HL:8F4F  AF:0056  SP:06D5  PC:0340   
0343  06 44     MVI B,44    (1)  BC:0102  DE:0408  HL:8F4F  AF:0056  SP:06D5  PC:0343   
0345  0E 45     MVI C,45    (1)  BC:4402  DE:0408  HL:8F4F  AF:0056  SP:06D5  PC:0345   
0347  16 46     MVI D,46    (1)  BC:4445  DE:0408  HL:8F4F  AF:0056  SP:06D5  PC:0347   
0349  1E 47     MVI E,47    (1)  BC:4445  DE:4608  HL:8F4F  AF:0056  SP:06D5  PC:0349   
034B  26 05     MVI H,05    (1)  BC:4445  DE:4647  HL:8F4F  AF:0056  SP:06D5  PC:034B   
034D  2E D7     MVI L,D7    (1)  BC:4445  DE:4647  HL:054F  AF:0056  SP:06D5  PC:034D   
034F  70        MOV M,B     (1)  BC:4445  DE:4647  HL:05D7  AF:0056  SP:06D5  PC:034F   
0350  06 00     MVI B,00    (1)  BC:4445  DE:4647  HL:05D7  AF:0056  SP:06D5  PC:0350   
0352  46        MOV B,M     (1)  BC:0045  DE:4647  HL:05D7  AF:0056  SP:06D5  PC:0352   
0353  3E 44     MVI A,44    (1)  BC:4445  DE:4647  HL:05D7  AF:0056  SP:06D5  PC:0353   
0355  B8        CMP B       (1)  BC:4445  DE:4647  HL:05D7  AF:4456  SP:06D5  PC:0355   
0356  C4 B7 05  CNZ 05B7    (1)  BC:4445  DE:4647  HL:05D7  AF:4446  SP:06D5  PC:0356   
0359  72        MOV M,D     (1)  BC:4445  DE:4647  HL:05D7  AF:4446  SP:06D5  PC:0359   
035A  16 00     MVI D,00    (1)  BC:4445  DE:4647  HL:05D7  AF:4446  SP:06D5  PC:035A   
035C  56        MOV D,M     (1)  BC:4445  DE:0047  HL:05D7  AF:4446  SP:06D5  PC:035C   
035D  3E 46     MVI A,46    (1)  BC:4445  DE:4647  HL:05D7  AF:4446  SP:06D5  PC:035D   
035F  BA        CMP D       (1)  BC:4445  DE:4647  HL:05D7  AF:4646  SP:06D5  PC:035F   
0360  C4 B7 05  CNZ 05B7    (1)  BC:4445  DE:4647  HL:05D7  AF:4646  SP:06D5  PC:0360   
0363  73        MOV M,E     (1)  BC:4445  DE:4647  HL:05D7  AF:4646  SP:06D5  PC:0363   
0364  1E 00     MVI E,00    (1)  BC:4445  DE:4647  HL:05D7  AF:4646  SP:06D5  PC:0364   
0366  5E        MOV E,M     (1)  BC:4445  DE:4600  HL:05D7  AF:4646  SP:06D5  PC:0366   
0367  3E 47     MVI A,47    (1)  BC:4445  DE:4647  HL:05D7  AF:4646  SP:06D5  PC:0367   
0369  BB        CMP E       (1)  BC:4445  DE:4647  HL:05D7  AF:4746  SP:06D5  PC:0369   
036A  C4 B7 05  CNZ 05B7    (1)  BC:4445  DE:4647  HL:05D7  AF:4746  SP:06D5  PC:036A   
036D  74        MOV M,H     (1)  BC:4445  DE:4647  HL:05D7  AF:4746  SP:06D5  PC:036D   
036E  26 05     MVI H,05    (1)  BC:4445  DE:4647  HL:05D7  AF:4746  SP:06D5  PC:036E   
0370  2E D7     MVI L,D7    (1)  BC:4445  DE:4647  HL:05D7  AF:4746  SP:06D5  PC:0370   
0372  66        MOV H,M     (1)  BC:4445  DE:4647  HL:05D7  AF:4746  SP:06D5  PC:0372   
0373  3E 05     MVI A,05    (1)  BC:4445  DE:4647  HL:05D7  AF:4746  SP:06D5  PC:0373   
0375  BC        CMP H       (1)  BC:4445  DE:4647  HL:05D7  AF:0546  SP:06D5  PC:0375   
0376  C4 B7 05  CNZ 05B7    (1)  BC:4445  DE:4647  HL:05D7  AF:0546  SP:06D5  PC:0376   
0379  75        MOV M,L     (1)  BC:4445  DE:4647  HL:05D7  AF:0546  SP:06D5  PC:0379   
037A  26 05     MVI H,05    (1)  BC:4445  DE:4647  HL:05D7  AF:0546  SP:06D5  PC:037A   
037C  2E D7     MVI L,D7    (1)  BC:4445  DE:4647  HL:05D7  AF:0546  SP:06D5  PC:037C   
037E  6E        MOV L,M     (1)  BC:4445  DE:4647  HL:05D7  AF:0546  SP:06D5  PC:037E   
037F  3E D7     MVI A,D7    (1)  BC:4445  DE:4647  HL:05D7  AF:0546  SP:06D5  PC:037F   
0381  BD        CMP L       (1)  BC:4445  DE:4647  HL:05D7  AF:D746  SP:06D5  PC:0381   
0382  C4 B7 05  CNZ 05B7    (1)  BC:4445  DE:4647  HL:05D7  AF:D746  SP:06D5  PC:0382   
0385  26 05     MVI H,05    (1)  BC:4445  DE:4647  HL:05D7  AF:D746  SP:06D5  PC:0385   
0387  2E D7     MVI L,D7    (1)  BC:4445  DE:4647  HL:05D7  AF:D746  SP:06D5  PC:0387   
0389  3E 32     MVI A,32    (1)  BC:4445  DE:4647  HL:05D7  AF:D746  SP:06D5  PC:0389   
038B  77        MOV M,A     (1)  BC:4445  DE:4647  HL:05D7  AF:3246  SP:06D5  PC:038B   
038C  BE        CMP M       (1)  BC:4445  DE:4647  HL:05D7  AF:3246  SP:06D5  PC:038C   
038D  C4 B7 05  CNZ 05B7    (1)  BC:4445  DE:4647  HL:05D7  AF:3246  SP:06D5  PC:038D   
0390  86        ADD M       (1)  BC:4445  DE:4647  HL:05D7  AF:3246  SP:06D5  PC:0390   
0391  FE 64     CPI 64      (1)  BC:4445  DE:4647  HL:05D7  AF:6402  SP:06D5  PC:0391   
0393  C4 B7 05  CNZ 05B7    (1)  BC:4445  DE:4647  HL:05D7  AF:6446  SP:06D5  PC:0393   
0396  AF        XRA A       (1)  BC:4445  DE:4647  HL:05D7  AF:6446  SP:06D5  PC:0396   
0397  7E        MOV A,M     (1)  BC:4445  DE:4647  HL:05D7  AF:0056  SP:06D5  PC:0397   
0398  FE 32     CPI 32      (1)  BC:4445  DE:4647  HL:05D7  AF:3256  SP:06D5  PC:0398   
039A  C4 B7 05  CNZ 05B7    (1)  BC:4445  DE:4647  HL:05D7  AF:3246  SP:06D5  PC:039A   
039D  26 05     MVI H,05    (1)  BC:4445  DE:4647  HL:05D7  AF:3246  SP:06D5  PC:039D   
039F  2E D7     MVI L,D7    (1)  BC:4445  DE:4647  HL:05D7  AF:3246  SP:06D5  PC:039F   
03A1  7E        MOV A,M     (1)  BC:4445  DE:4647  HL:05D7  AF:3246  SP:06D5  PC:03A1   
03A2  96        SUB M       (1)  BC:4445  DE:4647  HL:05D7  AF:3246  SP:06D5  PC:03A2   
03A3  C4 B7 05  CNZ 05B7    (1)  BC:4445  DE:4647  HL:05D7  AF:0046  SP:06D5  PC:03A3   
03A6  3E 80     MVI A,80    (1)  BC:4445  DE:4647  HL:05D7  AF:0046  SP:06D5  PC:03A6   
03A8  87        ADD A       (1)  BC:4445  DE:4647  HL:05D7  AF:8046  SP:06D5  PC:03A8   
03A9  8E        ADC M       (1)  BC:4445  DE:4647  HL:05D7  AF:0047  SP:06D5  PC:03A9   
03AA  FE 33     CPI 33      (1)  BC:4445  DE:4647  HL:05D7  AF:3306  SP:06D5  PC:03AA   
03AC  C4 B7 05  CNZ 05B7    (1)  BC:4445  DE:4647  HL:05D7  AF:3346  SP:06D5  PC:03AC   
03AF  3E 80     MVI A,80    (1)  BC:4445  DE:4647  HL:05D7  AF:3346  SP:06D5  PC:03AF   
03B1  87        ADD A       (1)  BC:4445  DE:4647  HL:05D7  AF:8046  SP:06D5  PC:03B1   
03B2  9E        SBB M       (1)  BC:4445  DE:4647  HL:05D7  AF:0047  SP:06D5  PC:03B2   
03B3  FE CD     CPI CD      (1)  BC:4445  DE:4647  HL:05D7  AF:CD93  SP:06D5  PC:03B3   
03B5  C4 B7 05  CNZ 05B7    (1)  BC:4445  DE:4647  HL:05D7  AF:CD46  SP:06D5  PC:03B5   
03B8  A6        ANA M       (1)  BC:4445  DE:4647  HL:05D7  AF:CD46  SP:06D5  PC:03B8   
03B9  C4 B7 05  CNZ 05B7    (1)  BC:4445  DE:4647  HL:05D7  AF:0056  SP:06D5  PC:03B9   
03BC  3E 25     MVI A,25    (1)  BC:4445  DE:4647  HL:05D7  AF:0056  SP:06D5  PC:03BC   
03BE  B6        ORA M       (1)  BC:4445  DE:4647  HL:05D7  AF:2556  SP:06D5  PC:03BE   
03BF  FE 37     CPI 37      (1)  BC:4445  DE:4647  HL:05D7  AF:3712  SP:06D5  PC:03BF   
03C1  C4 B7 05  CNZ 05B7    (1)  BC:4445  DE:4647  HL:05D7  AF:3746  SP:06D5  PC:03C1   
03C4  AE        XRA M       (1)  BC:4445  DE:4647  HL:05D7  AF:3746  SP:06D5  PC:03C4   
03C5  FE 05     CPI 05      (1)  BC:4445  DE:4647  HL:05D7  AF:0516  SP:06D5  PC:03C5   
03C7  C4 B7 05  CNZ 05B7    (1)  BC:4445  DE:4647  HL:05D7  AF:0546  SP:06D5  PC:03C7   
03CA  36 55     MVI M,55    (1)  BC:4445  DE:4647  HL:05D7  AF:0546  SP:06D5  PC:03CA   
03CC  34        INR M       (1)  BC:4445  DE:4647  HL:05D7  AF:0546  SP:06D5  PC:03CC   
03CD  35        DCR M       (1)  BC:4445  DE:4647  HL:05D7  AF:0506  SP:06D5  PC:03CD   
03CE  86        ADD M       (1)  BC:4445  DE:4647  HL:05D7  AF:0516  SP:06D5  PC:03CE   
03CF  FE 5A     CPI 5A      (1)  BC:4445  DE:4647  HL:05D7  AF:5A06  SP:06D5  PC:03CF   
03D1  C4 B7 05  CNZ 05B7    (1)  BC:4445  DE:4647  HL:05D7  AF:5A46  SP:06D5  PC:03D1   
03D4  01 FF 12  LXI B,12FF  (1)  BC:4445  DE:4647  HL:05D7  AF:5A46  SP:06D5  PC:03D4   
03D7  11 FF 12  LXI D,12FF  (1)  BC:12FF  DE:4647  HL:05D7  AF:5A46  SP:06D5  PC:03D7   
03DA  21 FF 12  LXI H,12FF  (1)  BC:12FF  DE:12FF  HL:05D7  AF:5A46  SP:06D5  PC:03DA   
03DD  03        INX B       (1)  BC:12FF  DE:12FF  HL:12FF  AF:5A46  SP:06D5  PC:03DD   
03DE  13        INX D       (1)  BC:1300  DE:12FF  HL:12FF  AF:5A46  SP:06D5  PC:03DE   
03DF  23        INX H       (1)  BC:1300  DE:1300  HL:12FF  AF:5A46  SP:06D5  PC:03DF   
03E0  3E 13     MVI A,13    (1)  BC:1300  DE:1300  HL:1300  AF:5A46  SP:06D5  PC:03E0   
03E2  B8        CMP B       (1)  BC:1300  DE:1300  HL:1300  AF:1346  SP:06D5  PC:03E2   
03E3  C4 B7 05  CNZ 05B7    (1)  BC:1300  DE:1300  HL:1300  AF:1346  SP:06D5  PC:03E3   
03E6  BA        CMP D       (1)  BC:1300  DE:1300  HL:1300  AF:1346  SP:06D5  PC:03E6   
03E7  C4 B7 05  CNZ 05B7    (1)  BC:1300  DE:1300  HL:1300  AF:1346  SP:06D5  PC:03E7   
03EA  BC        CMP H       (1)  BC:1300  DE:1300  HL:1300  AF:1346  SP:06D5  PC:03EA   
03EB  C4 B7 05  CNZ 05B7    (1)  BC:1300  DE:1300  HL:1300  AF:1346  SP:06D5  PC:03EB   
03EE  3E 00     MVI A,00    (1)  BC:1300  DE:1300  HL:1300  AF:1346  SP:06D5  PC:03EE   
03F0  B9        CMP C       (1)  BC:1300  DE:1300  HL:1300  AF:0046  SP:06D5  PC:03F0   
03F1  C4 B7 05  CNZ 05B7    (1)  BC:1300  DE:1300  HL:1300  AF:0046  SP:06D5  PC:03F1   
03F4  BB        CMP E       (1)  BC:1300  DE:1300  HL:1300  AF:0046  SP:06D5  PC:03F4   
03F5  C4 B7 05  CNZ 05B7    (1)  BC:1300  DE:1300  HL:1300  AF:0046  SP:06D5  PC:03F5   
03F8  BD        CMP L       (1)  BC:1300  DE:1300  HL:1300  AF:0046  SP:06D5  PC:03F8   
03F9  C4 B7 05  CNZ 05B7    (1)  BC:1300  DE:1300  HL:1300  AF:0046  SP:06D5  PC:03F9   
03FC  0B        DCX B       (1)  BC:1300  DE:1300  HL:1300  AF:0046  SP:06D5  PC:03FC   
03FD  1B        DCX D       (1)  BC:12FF  DE:1300  HL:1300  AF:0046  SP:06D5  PC:03FD   
03FE  2B        DCX H       (1)  BC:12FF  DE:12FF  HL:1300  AF:0046  SP:06D5  PC:03FE   
03FF  3E 12     MVI A,12    (1)  BC:12FF  DE:12FF  HL:12FF  AF:0046  SP:06D5  PC:03FF   
0401  B8        CMP B       (1)  BC:12FF  DE:12FF  HL:12FF  AF:1246  SP:06D5  PC:0401   
0402  C4 B7 05  CNZ 05B7    (1)  BC:12FF  DE:12FF  HL:12FF  AF:1246  SP:06D5  PC:0402   
0405  BA        CMP D       (1)  BC:12FF  DE:12FF  HL:12FF  AF:1246  SP:06D5  PC:0405   
0406  C4 B7 05  CNZ 05B7    (1)  BC:12FF  DE:12FF  HL:12FF  AF:1246  SP:06D5  PC:0406   
0409  BC        CMP H       (1)  BC:12FF  DE:12FF  HL:12FF  AF:1246  SP:06D5  PC:0409   
040A  C4 B7 05  CNZ 05B7    (1)  BC:12FF  DE:12FF  HL:12FF  AF:1246  SP:06D5  PC:040A   
040D  3E FF     MVI A,FF    (1)  BC:12FF  DE:12FF  HL:12FF  AF:1246  SP:06D5  PC:040D   
040F  B9        CMP C       (1)  BC:12FF  DE:12FF  HL:12FF  AF:FF46  SP:06D5  PC:040F   
0410  C4 B7 05  CNZ 05B7    (1)  BC:12FF  DE:12FF  HL:12FF  AF:FF46  SP:06D5  PC:0410   
0413  BB        CMP E       (1)  BC:12FF  DE:12FF  HL:12FF  AF:FF46  SP:06D5  PC:0413   
0414  C4 B7 05  CNZ 05B7    (1)  BC:12FF  DE:12FF  HL:12FF  AF:FF46  SP:06D5  PC:0414   
0417  BD        CMP L       (1)  BC:12FF  DE:12FF  HL:12FF  AF:FF46  SP:06D5  PC:0417   
0418  C4 B7 05  CNZ 05B7    (1)  BC:12FF  DE:12FF  HL:12FF  AF:FF46  SP:06D5  PC:0418   
041B  32 D7 05  STA 05D7    (1)  BC:12FF  DE:12FF  HL:12FF  AF:FF46  SP:06D5  PC:041B   
041E  AF        XRA A       (1)  BC:12FF  DE:12FF  HL:12FF  AF:FF46  SP:06D5  PC:041E   
041F  3A D7 05  LDA 05D7    (1)  BC:12FF  DE:12FF  HL:12FF  AF:0056  SP:06D5  PC:041F   
0422  FE FF     CPI FF      (1)  BC:12FF  DE:12FF  HL:12FF  AF:FF56  SP:06D5  PC:0422   
0424  C4 B7 05  CNZ 05B7    (1)  BC:12FF  DE:12FF  HL:12FF  AF:FF46  SP:06D5  PC:0424   
0427  2A D5 05  LHLD 05D5   (1)  BC:12FF  DE:12FF  HL:12FF  AF:FF46  SP:06D5  PC:0427   
042A  22 D7 05  SHLD 05D7   (1)  BC:12FF  DE:12FF  HL:05D7  AF:FF46  SP:06D5  PC:042A   
042D  3A D5 05  LDA 05D5    (1)  BC:12FF  DE:12FF  HL:05D7  AF:FF46  SP:06D5  PC:042D   
0430  47        MOV B,A     (1)  BC:12FF  DE:12FF  HL:05D7  AF:D746  SP:06D5  PC:0430   
0431  3A D7 05  LDA 05D7    (1)  BC:D7FF  DE:12FF  HL:05D7  AF:D746  SP:06D5  PC:0431   
0434  B8        CMP B       (1)  BC:D7FF  DE:12FF  HL:05D7  AF:D746  SP:06D5  PC:0434   
0435  C4 B7 05  CNZ 05B7    (1)  BC:D7FF  DE:12FF  HL:05D7  AF:D746  SP:06D5  PC:0435   
0438  3A D6 05  LDA 05D6    (1)  BC:D7FF  DE:12FF  HL:05D7  AF:D746  SP:06D5  PC:0438   
043B  47        MOV B,A     (1)  BC:D7FF  DE:12FF  HL:05D7  AF:0546  SP:06D5  PC:043B   
043C  3A D8 05  LDA 05D8    (1)  BC:05FF  DE:12FF  HL:05D7  AF:0546  SP:06D5  PC:043C   
043F  B8        CMP B       (1)  BC:05FF  DE:12FF  HL:05D7  AF:0546  SP:06D5  PC:043F   
0440  C4 B7 05  CNZ 05B7    (1)  BC:05FF  DE:12FF  HL:05D7  AF:0546  SP:06D5  PC:0440   
0443  3E AA     MVI A,AA    (1)  BC:05FF  DE:12FF  HL:05D7  AF:0546  SP:06D5  PC:0443   
0445  32 D7 05  STA 05D7    (1)  BC:05FF  DE:12FF  HL:05D7  AF:AA46  SP:06D5  PC:0445   
0448  44        MOV B,H     (1)  BC:05FF  DE:12FF  HL:05D7  AF:AA46  SP:06D5  PC:0448   
0449  4D        MOV C,L     (1)  BC:05FF  DE:12FF  HL:05D7  AF:AA46  SP:06D5  PC:0449   
044A  AF        XRA A       (1)  BC:05D7  DE:12FF  HL:05D7  AF:AA46  SP:06D5  PC:044A   
044B  0A        LDAX B      (1)  BC:05D7  DE:12FF  HL:05D7  AF:0056  SP:06D5  PC:044B   
044C  FE AA     CPI AA      (1)  BC:05D7  DE:12FF  HL:05D7  AF:AA56  SP:06D5  PC:044C   
044E  C4 B7 05  CNZ 05B7    (1)  BC:05D7  DE:12FF  HL:05D7  AF:AA46  SP:06D5  PC:044E   
0451  3C        INR A       (1)  BC:05D7  DE:12FF  HL:05D7  AF:AA46  SP:06D5  PC:0451   
0452  02        STAX B      (1)  BC:05D7  DE:12FF  HL:05D7  AF:AB82  SP:06D5  PC:0452   
0453  3A D7 05  LDA 05D7    (1)  BC:05D7  DE:12FF  HL:05D7  AF:AB82  SP:06D5  PC:0453   
0456  FE AB     CPI AB      (1)  BC:05D7  DE:12FF  HL:05D7  AF:AB82  SP:06D5  PC:0456   
0458  C4 B7 05  CNZ 05B7    (1)  BC:05D7  DE:12FF  HL:05D7  AF:AB46  SP:06D5  PC:0458   
045B  3E 77     MVI A,77    (1)  BC:05D7  DE:12FF  HL:05D7  AF:AB46  SP:06D5  PC:045B   
045D  32 D7 05  STA 05D7    (1)  BC:05D7  DE:12FF  HL:05D7  AF:7746  SP:06D5  PC:045D   
0460  2A D5 05  LHLD 05D5   (1)  BC:05D7  DE:12FF  HL:05D7  AF:7746  SP:06D5  PC:0460   
0463  11 00 00  LXI D,0000  (1)  BC:05D7  DE:12FF  HL:05D7  AF:7746  SP:06D5  PC:0463   
0466  EB        XCHG        (1)  BC:05D7  DE:0000  HL:05D7  AF:7746  SP:06D5  PC:0466   
0467  AF        XRA A       (1)  BC:05D7  DE:05D7  HL:0000  AF:7746  SP:06D5  PC:0467   
0468  1A        LDAX D      (1)  BC:05D7  DE:05D7  HL:0000  AF:0056  SP:06D5  PC:0468   
0469  FE 77     CPI 77      (1)  BC:05D7  DE:05D7  HL:0000  AF:7756  SP:06D5  PC:0469   
046B  C4 B7 05  CNZ 05B7    (1)  BC:05D7  DE:05D7  HL:0000  AF:7746  SP:06D5  PC:046B   
046E  AF        XRA A       (1)  BC:05D7  DE:05D7  HL:0000  AF:7746  SP:06D5  PC:046E   
046F  84        ADD H       (1)  BC:05D7  DE:05D7  HL:0000  AF:0056  SP:06D5  PC:046F   
0470  85        ADD L       (1)  BC:05D7  DE:05D7  HL:0000  AF:0046  SP:06D5  PC:0470   
0471  C4 B7 05  CNZ 05B7    (1)  BC:05D7  DE:05D7  HL:0000  AF:0046  SP:06D5  PC:0471   
0474  3E CC     MVI A,CC    (1)  BC:05D7  DE:05D7  HL:0000  AF:0046  SP:06D5  PC:0474   
0476  12        STAX D      (1)  BC:05D7  DE:05D7  HL:0000  AF:CC46  SP:06D5  PC:0476   
0477  3A D7 05  LDA 05D7    (1)  BC:05D7  DE:05D7  HL:0000  AF:CC46  SP:06D5  PC:0477   
047A  FE CC     CPI CC      (1)  BC:05D7  DE:05D7  HL:0000  AF:CC46  SP:06D5  PC:047A   
047C  12        STAX D      (1)  BC:05D7  DE:05D7  HL:0000  AF:CC46  SP:06D5  PC:047C   
047D  3A D7 05  LDA 05D7    (1)  BC:05D7  DE:05D7  HL:0000  AF:CC46  SP:06D5  PC:047D   
0480  FE CC     CPI CC      (1)  BC:05D7  DE:05D7  HL:0000  AF:CC46  SP:06D5  PC:0480   
0482  C4 B7 05  CNZ 05B7    (1)  BC:05D7  DE:05D7  HL:0000  AF:CC46  SP:06D5  PC:0482   
0485  21 77 77  LXI H,7777  (1)  BC:05D7  DE:05D7  HL:0000  AF:CC46  SP:06D5  PC:0485   
0488  29        DAD H       (1)  BC:05D7  DE:05D7  HL:7777  AF:CC46  SP:06D5  PC:0488   
0489  3E EE     MVI A,EE    (1)  BC:05D7  DE:05D7  HL:EEEE  AF:CC46  SP:06D5  PC:0489   
048B  BC        CMP H       (1)  BC:05D7  DE:05D7  HL:EEEE  AF:EE46  SP:06D5  PC:048B   
048C  C4 B7 05  CNZ 05B7    (1)  BC:05D7  DE:05D7  HL:EEEE  AF:EE46  SP:06D5  PC:048C   
048F  BD        CMP L       (1)  BC:05D7  DE:05D7  HL:EEEE  AF:EE46  SP:06D5  PC:048F   
0490  C4 B7 05  CNZ 05B7    (1)  BC:05D7  DE:05D7  HL:EEEE  AF:EE46  SP:06D5  PC:0490   
0493  21 55 55  LXI H,5555  (1)  BC:05D7  DE:05D7  HL:EEEE  AF:EE46  SP:06D5  PC:0493   
0496  01 FF FF  LXI B,FFFF  (1)  BC:05D7  DE:05D7  HL:5555  AF:EE46  SP:06D5  PC:0496   
0499  09        DAD B       (1)  BC:FFFF  DE:05D7  HL:5555  AF:EE46  SP:06D5  PC:0499   
049A  3E 55     MVI A,55    (1)  BC:FFFF  DE:05D7  HL:5554  AF:EE47  SP:06D5  PC:049A   
049C  D4 B7 05  CNC 05B7    (1)  BC:FFFF  DE:05D7  HL:5554  AF:5547  SP:06D5  PC:049C   
049F  BC        CMP H       (1)  BC:FFFF  DE:05D7  HL:5554  AF:5547  SP:06D5  PC:049F   
04A0  C4 B7 05  CNZ 05B7    (1)  BC:FFFF  DE:05D7  HL:5554  AF:5546  SP:06D5  PC:04A0   
04A3  3E 54     MVI A,54    (1)  BC:FFFF  DE:05D7  HL:5554  AF:5546  SP:06D5  PC:04A3   
04A5  BD        CMP L       (1)  BC:FFFF  DE:05D7  HL:5554  AF:5446  SP:06D5  PC:04A5   
04A6  C4 B7 05  CNZ 05B7    (1)  BC:FFFF  DE:05D7  HL:5554  AF:5446  SP:06D5  PC:04A6   
04A9  21 AA AA  LXI H,AAAA  (1)  BC:FFFF  DE:05D7  HL:5554  AF:5446  SP:06D5  PC:04A9   
04AC  11 33 33  LXI D,3333  (1)  BC:FFFF  DE:05D7  HL:AAAA  AF:5446  SP:06D5  PC:04AC   
04AF  19        DAD D       (1)  BC:FFFF  DE:3333  HL:AAAA  AF:5446  SP:06D5  PC:04AF   
04B0  3E DD     MVI A,DD    (1)  BC:FFFF  DE:3333  HL:DDDD  AF:5446  SP:06D5  PC:04B0   
04B2  BC        CMP H       (1)  BC:FFFF  DE:3333  HL:DDDD  AF:DD46  SP:06D5  PC:04B2   
04B3  C4 B7 05  CNZ 05B7    (1)  BC:FFFF  DE:3333  HL:DDDD  AF:DD46  SP:06D5  PC:04B3   
04B6  BD        CMP L       (1)  BC:FFFF  DE:3333  HL:DDDD  AF:DD46  SP:06D5  PC:04B6   
04B7  C4 B7 05  CNZ 05B7    (1)  BC:FFFF  DE:3333  HL:DDDD  AF:DD46  SP:06D5  PC:04B7   
04BA  37        STC         (1)  BC:FFFF  DE:3333  HL:DDDD  AF:DD46  SP:06D5  PC:04BA   
04BB  D4 B7 05  CNC 05B7    (1)  BC:FFFF  DE:3333  HL:DDDD  AF:DD47  SP:06D5  PC:04BB   
04BE  3F        CMC         (1)  BC:FFFF  DE:3333  HL:DDDD  AF:DD47  SP:06D5  PC:04BE   
04BF  DC B7 05  CC 05B7     (1)  BC:FFFF  DE:3333  HL:DDDD  AF:DD46  SP:06D5  PC:04BF   
04C2  3E AA     MVI A,AA    (1)  BC:FFFF  DE:3333  HL:DDDD  AF:DD46  SP:06D5  PC:04C2   
04C4  2F        CMA         (1)  BC:FFFF  DE:3333  HL:DDDD  AF:AA46  SP:06D5  PC:04C4   
04C5  FE 55     CPI 55      (1)  BC:FFFF  DE:3333  HL:DDDD  AF:5556  SP:06D5  PC:04C5   
04C7  C4 B7 05  CNZ 05B7    (1)  BC:FFFF  DE:3333  HL:DDDD  AF:5546  SP:06D5  PC:04C7   
04CA  B7        ORA A       (1)  BC:FFFF  DE:3333  HL:DDDD  AF:5546  SP:06D5  PC:04CA   
04CB  27        DAA         (1)  BC:FFFF  DE:3333  HL:DDDD  AF:5516  SP:06D5  PC:04CB   
04CC  FE 55     CPI 55      (1)  BC:FFFF  DE:3333  HL:DDDD  AF:5B02  SP:06D5  PC:04CC   
04CE  C4 B7 05  CNZ 05B7    (1)  BC:FFFF  DE:3333  HL:DDDD  AF:5B06  SP:06D5  PC:04CE   
05B7  21 BA 00  LXI H,00BA  (2)  BC:FFFF  DE:3333  HL:DDDD  AF:5B06  SP:06D3  PC:05B7   
05BA  CD 5A 00  CALL 005A   (2)  BC:FFFF  DE:3333  HL:00BA  AF:5B06  SP:06D3  PC:05BA   
05BD  E3        XTHL        (2)  BC:FFFF  DE:3333  HL:00BA  AF:5B06  SP:06D3  PC:05BD   
05BE  2B        DCX H       (2)  BC:FFFF  DE:3333  HL:04D1  AF:5B06  SP:06D3  PC:05BE   
05BF  2B        DCX H       (2)  BC:FFFF  DE:3333  HL:04D0  AF:5B06  SP:06D3  PC:05BF   
05C0  2B        DCX H       (2)  BC:FFFF  DE:3333  HL:04CF  AF:5B06  SP:06D3  PC:05C0   
05C1  7C        MOV A,H     (2)  BC:FFFF  DE:3333  HL:04CE  AF:5B06  SP:06D3  PC:05C1   
05C2  CD 7E 00  CALL 007E   (2)  BC:FFFF  DE:3333  HL:04CE  AF:0406  SP:06D3  PC:05C2   
05C5  7D        MOV A,L     (2)  BC:FFFF  DE:3333  HL:04CE  AF:0406  SP:06D3  PC:05C5   
05C6  CD 7E 00  CALL 007E   (2)  BC:FFFF  DE:3333  HL:04CE  AF:CE06  SP:06D3  PC:05C6   
05C9  C3 57 00  JMP 0057    (2)  BC:FFFF  DE:3333  HL:04CE  AF:CE06  SP:06D3  PC:05C9   
0057  C3 00 C8  JMP C800    (2)  BC:FFFF  DE:3333  HL:04CE  AF:CE06  SP:06D3  PC:0057   