0004  21 0D 00  LXI H,000D  (1)  BC:0000  DE:0000  HL:0004  AF:0056  SP:7FFD  PC:0004   
0007  CD 5A 00  CALL 005A   (1)  BC:0000  DE:0000  HL:000D  AF:0056  SP:7FFD  PC:0007   
005A  C5        PUSH B      (2)  BC:0000  DE:0000  HL:000D  AF:0056  SP:7FFB  PC:005A   
005B  D5        PUSH D      (2)  BC:0000  DE:0000  HL:000D  AF:0056  SP:7FF9  PC:005B   
005C  E5        PUSH H      (2)  BC:0000  DE:0000  HL:000D  AF:0056  SP:7FF7  PC:005C   
005D  F5        PUSH PSW    (2)  BC:0000  DE:0000  HL:000D  AF:0056  SP:7FF5  PC:005D   
005E  7E        MOV A,M     (2)  BC:0000  DE:0000  HL:000D  AF:0056  SP:7FF3  PC:005E   
005F  FE 24     CPI 24      (2)  BC:0000  DE:0000  HL:000D  AF:0D56  SP:7FF3  PC:005F   
0061  CA 6C 00  JZ 006C     (2)  BC:0000  DE:0000  HL:000D  AF:0D83  SP:7FF3  PC:0061   
0064  7E        MOV A,M     (2)  BC:0000  DE:0000  HL:000D  AF:0D83  SP:7FF3  PC:0064   
0065  CD 71 00  CALL 0071   (2)  BC:0000  DE:0000  HL:000D  AF:0D83  SP:7FF3  PC:0065   
0068  23        INX H       (2)  BC:0000  DE:0000  HL:000D  AF:0D83  SP:7FF3  PC:0068   
0069  C3 5E 00  JMP 005E    (2)  BC:0000  DE:0000  HL:000E  AF:0D83  SP:7FF3  PC:0069   
005E  7E        MOV A,M     (2)  BC:0000  DE:0000  HL:000E  AF:0D83  SP:7FF3  PC:005E   
005F  FE 24     CPI 24      (2)  BC:0000  DE:0000  HL:000E  AF:0A83  SP:7FF3  PC:005F   
0061  CA 6C 00  JZ 006C     (2)  BC:0000  DE:0000  HL:000E  AF:0A83  SP:7FF3  PC:0061   
0064  7E        MOV A,M     (2)  BC:0000  DE:0000  HL:000E  AF:0A83  SP:7FF3  PC:0064   
0065  CD 71 00  CALL 0071   (2)  BC:0000  DE:0000  HL:000E  AF:0A83  SP:7FF3  PC:0065   
0068  23        INX H       (2)  BC:0000  DE:0000  HL:000E  AF:0A83  SP:7FF3  PC:0068   
0069  C3 5E 00  JMP 005E    (2)  BC:0000  DE:0000  HL:000F  AF:0A83  SP:7FF3  PC:0069   
005E  7E        MOV A,M     (2)  BC:0000  DE:0000  HL:000F  AF:0A83  SP:7FF3  PC:005E   
005F  FE 24     CPI 24      (2)  BC:0000  DE:0000  HL:000F  AF:4D83  SP:7FF3  PC:005F   
0061  CA 6C 00  JZ 006C     (2)  BC:0000  DE:0000  HL:000F  AF:4D02  SP:7FF3  PC:0061   
0064  7E        MOV A,M     (2)  BC:0000  DE:0000  HL:000F  AF:4D02  SP:7FF3  PC:0064   
0065  CD 71 00  CALL 0071   (2)  BC:0000  DE:0000  HL:000F  AF:4D02  SP:7FF3  PC:0065   
0068  23        INX H       (2)  BC:0000  DE:0000  HL:000F  AF:4D02  SP:7FF3  PC:0068   
0069  C3 5E 00  JMP 005E    (2)  BC:0000  DE:0000  HL:0010  AF:4D02  SP:7FF3  PC:0069   
005E  7E        MOV A,M     (2)  BC:0000  DE:0000  HL:0010  AF:4D02  SP:7FF3  PC:005E   
005F  FE 24     CPI 24      (2)  BC:0000  DE:0000  HL:0010  AF:4902  SP:7FF3  PC:005F   
0061  CA 6C 00  JZ 006C     (2)  BC:0000  DE:0000  HL:0010  AF:4902  SP:7FF3  PC:0061   
0064  7E        MOV A,M     (2)  BC:0000  DE:0000  HL:0010  AF:4902  SP:7FF3  PC:0064   
0065  CD 71 00  CALL 0071   (2)  BC:0000  DE:0000  HL:0010  AF:4902  SP:7FF3  PC:0065   
0068  23        INX H       (2)  BC:0000  DE:0000  HL:0010  AF:4902  SP:7FF3  PC:0068   
0069  C3 5E 00  JMP 005E    (2)  BC:0000  DE:0000  HL:0011  AF:4902  SP:7FF3  PC:0069   
005E  7E        MOV A,M     (2)  BC:0000  DE:0000  HL:0011  AF:4902  SP:7FF3  PC:005E   
005F  FE 24     CPI 24      (2)  BC:0000  DE:0000  HL:0011  AF:4302  SP:7FF3  PC:005F   
0061  CA 6C 00  JZ 006C     (2)  BC:0000  DE:0000  HL:0011  AF:4312  SP:7FF3  PC:0061   
0064  7E        MOV A,M     (2)  BC:0000  DE:0000  HL:0011  AF:4312  SP:7FF3  PC:0064   
0065  CD 71 00  CALL 0071   (2)  BC:0000  DE:0000  HL:0011  AF:4312  SP:7FF3  PC:0065   
0068  23        INX H       (2)  BC:0000  DE:0000  HL:0011  AF:4312  SP:7FF3  PC:0068   
0069  C3 5E 00  JMP 005E    (2)  BC:0000  DE:0000  HL:0012  AF:4312  SP:7FF3  PC:0069   
005E  7E        MOV A,M     (2)  BC:0000  DE:0000  HL:0012  AF:4312  SP:7FF3  PC:005E   
005F  FE 24     CPI 24      (2)  BC:0000  DE:0000  HL:0012  AF:5212  SP:7FF3  PC:005F   
0061  CA 6C 00  JZ 006C     (2)  BC:0000  DE:0000  HL:0012  AF:5216  SP:7FF3  PC:0061   
0064  7E        MOV A,M     (2)  BC:0000  DE:0000  HL:0012  AF:5216  SP:7FF3  PC:0064   
0065  CD 71 00  CALL 0071   (2)  BC:0000  DE:0000  HL:0012  AF:5216  SP:7FF3  PC:0065   
0068  23        INX H       (2)  BC:0000  DE:0000  HL:0012  AF:5216  SP:7FF3  PC:0068   
0069  C3 5E 00  JMP 005E    (2)  BC:0000  DE:0000  HL:0013  AF:5216  SP:7FF3  PC:0069   
005E  7E        MOV A,M     (2)  BC:0000  DE:0000  HL:0013  AF:5216  SP:7FF3  PC:005E   
005F  FE 24     CPI 24      (2)  BC:0000  DE:0000  HL:0013  AF:4F16  SP:7FF3  PC:005F   
0061  CA 6C 00  JZ 006C     (2)  BC:0000  DE:0000  HL:0013  AF:4F06  SP:7FF3  PC:0061   
0064  7E        MOV A,M     (2)  BC:0000  DE:0000  HL:0013  AF:4F06  SP:7FF3  PC:0064   
0065  CD 71 00  CALL 0071   (2)  BC:0000  DE:0000  HL:0013  AF:4F06  SP:7FF3  PC:0065   
0068  23        INX H       (2)  BC:0000  DE:0000  HL:0013  AF:4F06  SP:7FF3  PC:0068   
0069  C3 5E 00  JMP 005E    (2)  BC:0000  DE:0000  HL:0014  AF:4F06  SP:7FF3  PC:0069   
005E  7E        MOV A,M     (2)  BC:0000  DE:0000  HL:0014  AF:4F06  SP:7FF3  PC:005E   
005F  FE 24     CPI 24      (2)  BC:0000  DE:0000  HL:0014  AF:4306  SP:7FF3  PC:005F   
0061  CA 6C 00  JZ 006C     (2)  BC:0000  DE:0000  HL:0014  AF:4312  SP:7FF3  PC:0061   
0064  7E        MOV A,M     (2)  BC:0000  DE:0000  HL:0014  AF:4312  SP:7FF3  PC:0064   
0065  CD 71 00  CALL 0071   (2)  BC:0000  DE:0000  HL:0014  AF:4312  SP:7FF3  PC:0065   
0068  23        INX H       (2)  BC:0000  DE:0000  HL:0014  AF:4312  SP:7FF3  PC:0068   
0069  C3 5E 00  JMP 005E    (2)  BC:0000  DE:0000  HL:0015  AF:4312  SP:7FF3  PC:0069   
005E  7E        MOV A,M     (2)  BC:0000  DE:0000  HL:0015  AF:4312  SP:7FF3  PC:005E   
005F  FE 24     CPI 24      (2)  BC:0000  DE:0000  HL:0015  AF:4F12  SP:7FF3  PC:005F   
0061  CA 6C 00  JZ 006C     (2)  BC:0000  DE:0000  HL:0015  AF:4F06  SP:7FF3  PC:0061   
0064  7E        MOV A,M     (2)  BC:0000  DE:0000  HL:0015  AF:4F06  SP:7FF3  PC:0064   
0065  CD 71 00  CALL 0071   (2)  BC:0000  DE:0000  HL:0015  AF:4F06  SP:7FF3  PC:0065   
0068  23        INX H       (2)  BC:0000  DE:0000  HL:0015  AF:4F06  SP:7FF3  PC:0068   
0069  C3 5E 00  JMP 005E    (2)  BC:0000  DE:0000  HL:0016  AF:4F06  SP:7FF3  PC:0069   
005E  7E        MOV A,M     (2)  BC:0000  DE:0000  HL:0016  AF:4F06  SP:7FF3  PC:005E   
005F  FE 24     CPI 24      (2)  BC:0000  DE:0000  HL:0016  AF:5306  SP:7FF3  PC:005F   
0061  CA 6C 00  JZ 006C     (2)  BC:0000  DE:0000  HL:0016  AF:5312  SP:7FF3  PC:0061   
0064  7E        MOV A,M     (2)  BC:0000  DE:0000  HL:0016  AF:5312  SP:7FF3  PC:0064   
0065  CD 71 00  CALL 0071   (2)  BC:0000  DE:0000  HL:0016  AF:5312  SP:7FF3  PC:0065   
0068  23        INX H       (2)  BC:0000  DE:0000  HL:0016  AF:5312  SP:7FF3  PC:0068   
0069  C3 5E 00  JMP 005E    (2)  BC:0000  DE:0000  HL:0017  AF:5312  SP:7FF3  PC:0069   
005E  7E        MOV A,M     (2)  BC:0000  DE:0000  HL:0017  AF:5312  SP:7FF3  PC:005E   
005F  FE 24     CPI 24      (2)  BC:0000  DE:0000  HL:0017  AF:4D12  SP:7FF3  PC:005F   
0061  CA 6C 00  JZ 006C     (2)  BC:0000  DE:0000  HL:0017  AF:4D02  SP:7FF3  PC:0061   
0064  7E        MOV A,M     (2)  BC:0000  DE:0000  HL:0017  AF:4D02  SP:7FF3  PC:0064   
0065  CD 71 00  CALL 0071   (2)  BC:0000  DE:0000  HL:0017  AF:4D02  SP:7FF3  PC:0065   
0068  23        INX H       (2)  BC:0000  DE:0000  HL:0017  AF:4D02  SP:7FF3  PC:0068   
0069  C3 5E 00  JMP 005E    (2)  BC:0000  DE:0000  HL:0018  AF:4D02  SP:7FF3  PC:0069   
005E  7E        MOV A,M     (2)  BC:0000  DE:0000  HL:0018  AF:4D02  SP:7FF3  PC:005E   
005F  FE 24     CPI 24      (2)  BC:0000  DE:0000  HL:0018  AF:2002  SP:7FF3  PC:005F   
0061  CA 6C 00  JZ 006C     (2)  BC:0000  DE:0000  HL:0018  AF:2097  SP:7FF3  PC:0061   
0064  7E        MOV A,M     (2)  BC:0000  DE:0000  HL:0018  AF:2097  SP:7FF3  PC:0064   
0065  CD 71 00  CALL 0071   (2)  BC:0000  DE:0000  HL:0018  AF:2097  SP:7FF3  PC:0065   
0068  23        INX H       (2)  BC:0000  DE:0000  HL:0018  AF:2097  SP:7FF3  PC:0068   
0069  C3 5E 00  JMP 005E    (2)  BC:0000  DE:0000  HL:0019  AF:2097  SP:7FF3  PC:0069   
005E  7E        MOV A,M     (2)  BC:0000  DE:0000  HL:0019  AF:2097  SP:7FF3  PC:005E   
005F  FE 24     CPI 24      (2)  BC:0000  DE:0000  HL:0019  AF:4197  SP:7FF3  PC:005F   
0061  CA 6C 00  JZ 006C     (2)  BC:0000  DE:0000  HL:0019  AF:4116  SP:7FF3  PC:0061   
0064  7E        MOV A,M     (2)  BC:0000  DE:0000  HL:0019  AF:4116  SP:7FF3  PC:0064   
0065  CD 71 00  CALL 0071   (2)  BC:0000  DE:0000  HL:0019  AF:4116  SP:7FF3  PC:0065   
0068  23        INX H       (2)  BC:0000  DE:0000  HL:0019  AF:4116  SP:7FF3  PC:0068   
0069  C3 5E 00  JMP 005E    (2)  BC:0000  DE:0000  HL:001A  AF:4116  SP:7FF3  PC:0069   
005E  7E        MOV A,M     (2)  BC:0000  DE:0000  HL:001A  AF:4116  SP:7FF3  PC:005E   
005F  FE 24     CPI 24      (2)  BC:0000  DE:0000  HL:001A  AF:5316  SP:7FF3  PC:005F   
0061  CA 6C 00  JZ 006C     (2)  BC:0000  DE:0000  HL:001A  AF:5312  SP:7FF3  PC:0061   
0064  7E        MOV A,M     (2)  BC:0000  DE:0000  HL:001A  AF:5312  SP:7FF3  PC:0064   
0065  CD 71 00  CALL 0071   (2)  BC:0000  DE:0000  HL:001A  AF:5312  SP:7FF3  PC:0065   
0068  23        INX H       (2)  BC:0000  DE:0000  HL:001A  AF:5312  SP:7FF3  PC:0068   
0069  C3 5E 00  JMP 005E    (2)  BC:0000  DE:0000  HL:001B  AF:5312  SP:7FF3  PC:0069   
005E  7E        MOV A,M     (2)  BC:0000  DE:0000  HL:001B  AF:5312  SP:7FF3  PC:005E   
005F  FE 24     CPI 24      (2)  BC:0000  DE:0000  HL:001B  AF:5312  SP:7FF3  PC:005F   
0061  CA 6C 00  JZ 006C     (2)  BC:0000  DE:0000  HL:001B  AF:5312  SP:7FF3  PC:0061   
0064  7E        MOV A,M     (2)  BC:0000  DE:0000  HL:001B  AF:5312  SP:7FF3  PC:0064   
0065  CD 71 00  CALL 0071   (2)  BC:0000  DE:0000  HL:001B  AF:5312  SP:7FF3  PC:0065   
0068  23        INX H       (2)  BC:0000  DE:0000  HL:001B  AF:5312  SP:7FF3  PC:0068   
0069  C3 5E 00  JMP 005E    (2)  BC:0000  DE:0000  HL:001C  AF:5312  SP:7FF3  PC:0069   
005E  7E        MOV A,M     (2)  BC:0000  DE:0000  HL:001C  AF:5312  SP:7FF3  PC:005E   
005F  FE 24     CPI 24      (2)  BC:0000  DE:0000  HL:001C  AF:4F12  SP:7FF3  PC:005F   
0061  CA 6C 00  JZ 006C     (2)  BC:0000  DE:0000  HL:001C  AF:4F06  SP:7FF3  PC:0061   
0064  7E        MOV A,M     (2)  BC:0000  DE:0000  HL:001C  AF:4F06  SP:7FF3  PC:0064   
0065  CD 71 00  CALL 0071   (2)  BC:0000  DE:0000  HL:001C  AF:4F06  SP:7FF3  PC:0065   
0068  23        INX H       (2)  BC:0000  DE:0000  HL:001C  AF:4F06  SP:7FF3  PC:0068   
0069  C3 5E 00  JMP 005E    (2)  BC:0000  DE:0000  HL:001D  AF:4F06  SP:7FF3  PC:0069   
005E  7E        MOV A,M     (2)  BC:0000  DE:0000  HL:001D  AF:4F06  SP:7FF3  PC:005E   
005F  FE 24     CPI 24      (2)  BC:0000  DE:0000  HL:001D  AF:4306  SP:7FF3  PC:005F   
0061  CA 6C 00  JZ 006C     (2)  BC:0000  DE:0000  HL:001D  AF:4312  SP:7FF3  PC:0061   
0064  7E        MOV A,M     (2)  BC:0000  DE:0000  HL:001D  AF:4312  SP:7FF3  PC:0064   
0065  CD 71 00  CALL 0071   (2)  BC:0000  DE:0000  HL:001D  AF:4312  SP:7FF3  PC:0065   
0068  23        INX H       (2)  BC:0000  DE:0000  HL:001D  AF:4312  SP:7FF3  PC:0068   
0069  C3 5E 00  JMP 005E    (2)  BC:0000  DE:0000  HL:001E  AF:4312  SP:7FF3  PC:0069   
005E  7E        MOV A,M     (2)  BC:0000  DE:0000  HL:001E  AF:4312  SP:7FF3  PC:005E   
005F  FE 24     CPI 24      (2)  BC:0000  DE:0000  HL:001E  AF:4912  SP:7FF3  PC:005F   
0061  CA 6C 00  JZ 006C     (2)  BC:0000  DE:0000  HL:001E  AF:4902  SP:7FF3  PC:0061   
0064  7E        MOV A,M     (2)  BC:0000  DE:0000  HL:001E  AF:4902  SP:7FF3  PC:0064   
0065  CD 71 00  CALL 0071   (2)  BC:0000  DE:0000  HL:001E  AF:4902  SP:7FF3  PC:0065   
0068  23        INX H       (2)  BC:0000  DE:0000  HL:001E  AF:4902  SP:7FF3  PC:0068   
0069  C3 5E 00  JMP 005E    (2)  BC:0000  DE:0000  HL:001F  AF:4902  SP:7FF3  PC:0069   
005E  7E        MOV A,M     (2)  BC:0000  DE:0000  HL:001F  AF:4902  SP:7FF3  PC:005E   
005F  FE 24     CPI 24      (2)  BC:0000  DE:0000  HL:001F  AF:4102  SP:7FF3  PC:005F   
0061  CA 6C 00  JZ 006C     (2)  BC:0000  DE:0000  HL:001F  AF:4116  SP:7FF3  PC:0061   
0064  7E        MOV A,M     (2)  BC:0000  DE:0000  HL:001F  AF:4116  SP:7FF3  PC:0064   
0065  CD 71 00  CALL 0071   (2)  BC:0000  DE:0000  HL:001F  AF:4116  SP:7FF3  PC:0065   
0068  23        INX H       (2)  BC:0000  DE:0000  HL:001F  AF:4116  SP:7FF3  PC:0068   
0069  C3 5E 00  JMP 005E    (2)  BC:0000  DE:0000  HL:0020  AF:4116  SP:7FF3  PC:0069   
005E  7E        MOV A,M     (2)  BC:0000  DE:0000  HL:0020  AF:4116  SP:7FF3  PC:005E   
005F  FE 24     CPI 24      (2)  BC:0000  DE:0000  HL:0020  AF:5416  SP:7FF3  PC:005F   
0061  CA 6C 00  JZ 006C     (2)  BC:0000  DE:0000  HL:0020  AF:5406  SP:7FF3  PC:0061   
0064  7E        MOV A,M     (2)  BC:0000  DE:0000  HL:0020  AF:5406  SP:7FF3  PC:0064   
0065  CD 71 00  CALL 0071   (2)  BC:0000  DE:0000  HL:0020  AF:5406  SP:7FF3  PC:0065   
0068  23        INX H       (2)  BC:0000  DE:0000  HL:0020  AF:5406  SP:7FF3  PC:0068   
0069  C3 5E 00  JMP 005E    (2)  BC:0000  DE:0000  HL:0021  AF:5406  SP:7FF3  PC:0069   
005E  7E        MOV A,M     (2)  BC:0000  DE:0000  HL:0021  AF:5406  SP:7FF3  PC:005E   
005F  FE 24     CPI 24      (2)  BC:0000  DE:0000  HL:0021  AF:4506  SP:7FF3  PC:005F   
0061  CA 6C 00  JZ 006C     (2)  BC:0000  DE:0000  HL:0021  AF:4506  SP:7FF3  PC:0061   
0064  7E        MOV A,M     (2)  BC:0000  DE:0000  HL:0021  AF:4506  SP:7FF3  PC:0064   
0065  CD 71 00  CALL 0071   (2)  BC:0000  DE:0000  HL:0021  AF:4506  SP:7FF3  PC:0065   
0068  23        INX H       (2)  BC:0000  DE:0000  HL:0021  AF:4506  SP:7FF3  PC:0068   
0069  C3 5E 00  JMP 005E    (2)  BC:0000  DE:0000  HL:0022  AF:4506  SP:7FF3  PC:0069   
005E  7E        MOV A,M     (2)  BC:0000  DE:0000  HL:0022  AF:4506  SP:7FF3  PC:005E   
005F  FE 24     CPI 24      (2)  BC:0000  DE:0000  HL:0022  AF:5306  SP:7FF3  PC:005F   
0061  CA 6C 00  JZ 006C     (2)  BC:0000  DE:0000  HL:0022  AF:5312  SP:7FF3  PC:0061   
0064  7E        MOV A,M     (2)  BC:0000  DE:0000  HL:0022  AF:5312  SP:7FF3  PC:0064   
0065  CD 71 00  CALL 0071   (2)  BC:0000  DE:0000  HL:0022  AF:5312  SP:7FF3  PC:0065   
0068  23        INX H       (2)  BC:0000  DE:0000  HL:0022  AF:5312  SP:7FF3  PC:0068   
0069  C3 5E 00  JMP 005E    (2)  BC:0000  DE:0000  HL:0023  AF:5312  SP:7FF3  PC:0069   
005E  7E        MOV A,M     (2)  BC:0000  DE:0000  HL:0023  AF:5312  SP:7FF3  PC:005E   
005F  FE 24     CPI 24      (2)  BC:0000  DE:0000  HL:0023  AF:0D12  SP:7FF3  PC:005F   
0061  CA 6C 00  JZ 006C     (2)  BC:0000  DE:0000  HL:0023  AF:0D83  SP:7FF3  PC:0061   
0064  7E        MOV A,M     (2)  BC:0000  DE:0000  HL:0023  AF:0D83  SP:7FF3  PC:0064   
0065  CD 71 00  CALL 0071   (2)  BC:0000  DE:0000  HL:0023  AF:0D83  SP:7FF3  PC:0065   
0068  23        INX H       (2)  BC:0000  DE:0000  HL:0023  AF:0D83  SP:7FF3  PC:0068   
0069  C3 5E 00  JMP 005E    (2)  BC:0000  DE:0000  HL:0024  AF:0D83  SP:7FF3  PC:0069   
005E  7E        MOV A,M     (2)  BC:0000  DE:0000  HL:0024  AF:0D83  SP:7FF3  PC:005E   
005F  FE 24     CPI 24      (2)  BC:0000  DE:0000  HL:0024  AF:0A83  SP:7FF3  PC:005F   
0061  CA 6C 00  JZ 006C     (2)  BC:0000  DE:0000  HL:0024  AF:0A83  SP:7FF3  PC:0061   
0064  7E        MOV A,M     (2)  BC:0000  DE:0000  HL:0024  AF:0A83  SP:7FF3  PC:0064   
0065  CD 71 00  CALL 0071   (2)  BC:0000  DE:0000  HL:0024  AF:0A83  SP:7FF3  PC:0065   
0068  23        INX H       (2)  BC:0000  DE:0000  HL:0024  AF:0A83  SP:7FF3  PC:0068   
0069  C3 5E 00  JMP 005E    (2)  BC:0000  DE:0000  HL:0025  AF:0A83  SP:7FF3  PC:0069   
005E  7E        MOV A,M     (2)  BC:0000  DE:0000  HL:0025  AF:0A83  SP:7FF3  PC:005E   
005F  FE 24     CPI 24      (2)  BC:0000  DE:0000  HL:0025  AF:3883  SP:7FF3  PC:005F   
0061  CA 6C 00  JZ 006C     (2)  BC:0000  DE:0000  HL:0025  AF:3806  SP:7FF3  PC:0061   
0064  7E        MOV A,M     (2)  BC:0000  DE:0000  HL:0025  AF:3806  SP:7FF3  PC:0064   
0065  CD 71 00  CALL 0071   (2)  BC:0000  DE:0000  HL:0025  AF:3806  SP:7FF3  PC:0065   
0068  23        INX H       (2)  BC:0000  DE:0000  HL:0025  AF:3806  SP:7FF3  PC:0068   
0069  C3 5E 00  JMP 005E    (2)  BC:0000  DE:0000  HL:0026  AF:3806  SP:7FF3  PC:0069   
005E  7E        MOV A,M     (2)  BC:0000  DE:0000  HL:0026  AF:3806  SP:7FF3  PC:005E   
005F  FE 24     CPI 24      (2)  BC:0000  DE:0000  HL:0026  AF:3006  SP:7FF3  PC:005F   
0061  CA 6C 00  JZ 006C     (2)  BC:0000  DE:0000  HL:0026  AF:3016  SP:7FF3  PC:0061   
0064  7E        MOV A,M     (2)  BC:0000  DE:0000  HL:0026  AF:3016  SP:7FF3  PC:0064   
0065  CD 71 00  CALL 0071   (2)  BC:0000  DE:0000  HL:0026  AF:3016  SP:7FF3  PC:0065   
0068  23        INX H       (2)  BC:0000  DE:0000  HL:0026  AF:3016  SP:7FF3  PC:0068   
0069  C3 5E 00  JMP 005E    (2)  BC:0000  DE:0000  HL:0027  AF:3016  SP:7FF3  PC:0069   
005E  7E        MOV A,M     (2)  BC:0000  DE:0000  HL:0027  AF:3016  SP:7FF3  PC:005E   
005F  FE 24     CPI 24      (2)  BC:0000  DE:0000  HL:0027  AF:3816  SP:7FF3  PC:005F   
0061  CA 6C 00  JZ 006C     (2)  BC:0000  DE:0000  HL:0027  AF:3806  SP:7FF3  PC:0061   
0064  7E        MOV A,M     (2)  BC:0000  DE:0000  HL:0027  AF:3806  SP:7FF3  PC:0064   
0065  CD 71 00  CALL 0071   (2)  BC:0000  DE:0000  HL:0027  AF:3806  SP:7FF3  PC:0065   
0068  23        INX H       (2)  BC:0000  DE:0000  HL:0027  AF:3806  SP:7FF3  PC:0068   
0069  C3 5E 00  JMP 005E    (2)  BC:0000  DE:0000  HL:0028  AF:3806  SP:7FF3  PC:0069   
005E  7E        MOV A,M     (2)  BC:0000  DE:0000  HL:0028  AF:3806  SP:7FF3  PC:005E   
005F  FE 24     CPI 24      (2)  BC:0000  DE:0000  HL:0028  AF:3006  SP:7FF3  PC:005F   
0061  CA 6C 00  JZ 006C     (2)  BC:0000  DE:0000  HL:0028  AF:3016  SP:7FF3  PC:0061   
0064  7E        MOV A,M     (2)  BC:0000  DE:0000  HL:0028  AF:3016  SP:7FF3  PC:0064   
0065  CD 71 00  CALL 0071   (2)  BC:0000  DE:0000  HL:0028  AF:3016  SP:7FF3  PC:0065   
0068  23        INX H       (2)  BC:0000  DE:0000  HL:0028  AF:3016  SP:7FF3  PC:0068   
0069  C3 5E 00  JMP 005E    (2)  BC:0000  DE:0000  HL:0029  AF:3016  SP:7FF3  PC:0069   
005E  7E        MOV A,M     (2)  BC:0000  DE:0000  HL:0029  AF:3016  SP:7FF3  PC:005E   
005F  FE 24     CPI 24      (2)  BC:0000  DE:0000  HL:0029  AF:2F16  SP:7FF3  PC:005F   
0061  CA 6C 00  JZ 006C     (2)  BC:0000  DE:0000  HL:0029  AF:2F02  SP:7FF3  PC:0061   
0064  7E        MOV A,M     (2)  BC:0000  DE:0000  HL:0029  AF:2F02  SP:7FF3  PC:0064   
0065  CD 71 00  CALL 0071   (2)  BC:0000  DE:0000  HL:0029  AF:2F02  SP:7FF3  PC:0065   
0068  23        INX H       (2)  BC:0000  DE:0000  HL:0029  AF:2F02  SP:7FF3  PC:0068   
0069  C3 5E 00  JMP 005E    (2)  BC:0000  DE:0000  HL:002A  AF:2F02  SP:7FF3  PC:0069   
005E  7E        MOV A,M     (2)  BC:0000  DE:0000  HL:002A  AF:2F02  SP:7FF3  PC:005E   
005F  FE 24     CPI 24      (2)  BC:0000  DE:0000  HL:002A  AF:3802  SP:7FF3  PC:005F   
0061  CA 6C 00  JZ 006C     (2)  BC:0000  DE:0000  HL:002A  AF:3806  SP:7FF3  PC:0061   
0064  7E        MOV A,M     (2)  BC:0000  DE:0000  HL:002A  AF:3806  SP:7FF3  PC:0064   
0065  CD 71 00  CALL 0071   (2)  BC:0000  DE:0000  HL:002A  AF:3806  SP:7FF3  PC:0065   
0068  23        INX H       (2)  BC:0000  DE:0000  HL:002A  AF:3806  SP:7FF3  PC:0068   
0069  C3 5E 00  JMP 005E    (2)  BC:0000  DE:0000  HL:002B  AF:3806  SP:7FF3  PC:0069   
005E  7E        MOV A,M     (2)  BC:0000  DE:0000  HL:002B  AF:3806  SP:7FF3  PC:005E   
005F  FE 24     CPI 24      (2)  BC:0000  DE:0000  HL:002B  AF:3006  SP:7FF3  PC:005F   
0061  CA 6C 00  JZ 006C     (2)  BC:0000  DE:0000  HL:002B  AF:3016  SP:7FF3  PC:0061   
0064  7E        MOV A,M     (2)  BC:0000  DE:0000  HL:002B  AF:3016  SP:7FF3  PC:0064   
0065  CD 71 00  CALL 0071   (2)  BC:0000  DE:0000  HL:002B  AF:3016  SP:7FF3  PC:0065   
0068  23        INX H       (2)  BC:0000  DE:0000  HL:002B  AF:3016  SP:7FF3  PC:0068   
0069  C3 5E 00  JMP 005E    (2)  BC:0000  DE:0000  HL:002C  AF:3016  SP:7FF3  PC:0069   
005E  7E        MOV A,M     (2)  BC:0000  DE:0000  HL:002C  AF:3016  SP:7FF3  PC:005E   
005F  FE 24     CPI 24      (2)  BC:0000  DE:0000  HL:002C  AF:3816  SP:7FF3  PC:005F   
0061  CA 6C 00  JZ 006C     (2)  BC:0000  DE:0000  HL:002C  AF:3806  SP:7FF3  PC:0061   
0064  7E        MOV A,M     (2)  BC:0000  DE:0000  HL:002C  AF:3806  SP:7FF3  PC:0064   
0065  CD 71 00  CALL 0071   (2)  BC:0000  DE:0000  HL:002C  AF:3806  SP:7FF3  PC:0065   
0068  23        INX H       (2)  BC:0000  DE:0000  HL:002C  AF:3806  SP:7FF3  PC:0068   
0069  C3 5E 00  JMP 005E    (2)  BC:0000  DE:0000  HL:002D  AF:3806  SP:7FF3  PC:0069   
005E  7E        MOV A,M     (2)  BC:0000  DE:0000  HL:002D  AF:3806  SP:7FF3  PC:005E   
005F  FE 24     CPI 24      (2)  BC:0000  DE:0000  HL:002D  AF:3506  SP:7FF3  PC:005F   
0061  CA 6C 00  JZ 006C     (2)  BC:0000  DE:0000  HL:002D  AF:3506  SP:7FF3  PC:0061   
0064  7E        MOV A,M     (2)  BC:0000  DE:0000  HL:002D  AF:3506  SP:7FF3  PC:0064   
0065  CD 71 00  CALL 0071   (2)  BC:0000  DE:0000  HL:002D  AF:3506  SP:7FF3  PC:0065   
0068  23        INX H       (2)  BC:0000  DE:0000  HL:002D  AF:3506  SP:7FF3  PC:0068   
0069  C3 5E 00  JMP 005E    (2)  BC:0000  DE:0000  HL:002E  AF:3506  SP:7FF3  PC:0069   
005E  7E        MOV A,M     (2)  BC:0000  DE:0000  HL:002E  AF:3506  SP:7FF3  PC:005E   
005F  FE 24     CPI 24      (2)  BC:0000  DE:0000  HL:002E  AF:2006  SP:7FF3  PC:005F   
0061  CA 6C 00  JZ 006C     (2)  BC:0000  DE:0000  HL:002E  AF:2097  SP:7FF3  PC:0061   
0064  7E        MOV A,M     (2)  BC:0000  DE:0000  HL:002E  AF:2097  SP:7FF3  PC:0064   
0065  CD 71 00  CALL 0071   (2)  BC:0000  DE:0000  HL:002E  AF:2097  SP:7FF3  PC:0065   
0068  23        INX H       (2)  BC:0000  DE:0000  HL:002E  AF:2097  SP:7FF3  PC:0068   
0069  C3 5E 00  JMP 005E    (2)  BC:0000  DE:0000  HL:002F  AF:2097  SP:7FF3  PC:0069   
005E  7E        MOV A,M     (2)  BC:0000  DE:0000  HL:002F  AF:2097  SP:7FF3  PC:005E   
005F  FE 24     CPI 24      (2)  BC:0000  DE:0000  HL:002F  AF:4397  SP:7FF3  PC:005F   
0061  CA 6C 00  JZ 006C     (2)  BC:0000  DE:0000  HL:002F  AF:4312  SP:7FF3  PC:0061   
0064  7E        MOV A,M     (2)  BC:0000  DE:0000  HL:002F  AF:4312  SP:7FF3  PC:0064   
0065  CD 71 00  CALL 0071   (2)  BC:0000  DE:0000  HL:002F  AF:4312  SP:7FF3  PC:0065   
0068  23        INX H       (2)  BC:0000  DE:0000  HL:002F  AF:4312  SP:7FF3  PC:0068   
0069  C3 5E 00  JMP 005E    (2)  BC:0000  DE:0000  HL:0030  AF:4312  SP:7FF3  PC:0069   
005E  7E        MOV A,M     (2)  BC:0000  DE:0000  HL:0030  AF:4312  SP:7FF3  PC:005E   
005F  FE 24     CPI 24      (2)  BC:0000  DE:0000  HL:0030  AF:5012  SP:7FF3  PC:005F   
0061  CA 6C 00  JZ 006C     (2)  BC:0000  DE:0000  HL:0030  AF:5012  SP:7FF3  PC:0061   
0064  7E        MOV A,M     (2)  BC:0000  DE:0000  HL:0030  AF:5012  SP:7FF3  PC:0064   
0065  CD 71 00  CALL 0071   (2)  BC:0000  DE:0000  HL:0030  AF:5012  SP:7FF3  PC:0065   
0068  23        INX H       (2)  BC:0000  DE:0000  HL:0030  AF:5012  SP:7FF3  PC:0068   
0069  C3 5E 00  JMP 005E    (2)  BC:0000  DE:0000  HL:0031  AF:5012  SP:7FF3  PC:0069   
005E  7E        MOV A,M     (2)  BC:0000  DE:0000  HL:0031  AF:5012  SP:7FF3  PC:005E   
005F  FE 24     CPI 24      (2)  BC:0000  DE:0000  HL:0031  AF:5512  SP:7FF3  PC:005F   
0061  CA 6C 00  JZ 006C     (2)  BC:0000  DE:0000  HL:0031  AF:5502  SP:7FF3  PC:0061   
0064  7E        MOV A,M     (2)  BC:0000  DE:0000  HL:0031  AF:5502  SP:7FF3  PC:0064   
0065  CD 71 00  CALL 0071   (2)  BC:0000  DE:0000  HL:0031  AF:5502  SP:7FF3  PC:0065   
0068  23        INX H       (2)  BC:0000  DE:0000  HL:0031  AF:5502  SP:7FF3  PC:0068   
0069  C3 5E 00  JMP 005E    (2)  BC:0000  DE:0000  HL:0032  AF:5502  SP:7FF3  PC:0069   
005E  7E        MOV A,M     (2)  BC:0000  DE:0000  HL:0032  AF:5502  SP:7FF3  PC:005E   
005F  FE 24     CPI 24      (2)  BC:0000  DE:0000  HL:0032  AF:2002  SP:7FF3  PC:005F   
0061  CA 6C 00  JZ 006C     (2)  BC:0000  DE:0000  HL:0032  AF:2097  SP:7FF3  PC:0061   
0064  7E        MOV A,M     (2)  BC:0000  DE:0000  HL:0032  AF:2097  SP:7FF3  PC:0064   
0065  CD 71 00  CALL 0071   (2)  BC:0000  DE:0000  HL:0032  AF:2097  SP:7FF3  PC:0065   
0068  23        INX H       (2)  BC:0000  DE:0000  HL:0032  AF:2097  SP:7FF3  PC:0068   
0069  C3 5E 00  JMP 005E    (2)  BC:0000  DE:0000  HL:0033  AF:2097  SP:7FF3  PC:0069   
005E  7E        MOV A,M     (2)  BC:0000  DE:0000  HL:0033  AF:2097  SP:7FF3  PC:005E   
005F  FE 24     CPI 24      (2)  BC:0000  DE:0000  HL:0033  AF:4497  SP:7FF3  PC:005F   
0061  CA 6C 00  JZ 006C     (2)  BC:0000  DE:0000  HL:0033  AF:4402  SP:7FF3  PC:0061   
0064  7E        MOV A,M     (2)  BC:0000  DE:0000  HL:0033  AF:4402  SP:7FF3  PC:0064   
0065  CD 71 00  CALL 0071   (2)  BC:0000  DE:0000  HL:0033  AF:4402  SP:7FF3  PC:0065   
0068  23        INX H       (2)  BC:0000  DE:0000  HL:0033  AF:4402  SP:7FF3  PC:0068   
0069  C3 5E 00  JMP 005E    (2)  BC:0000  DE:0000  HL:0034  AF:4402  SP:7FF3  PC:0069   
005E  7E        MOV A,M     (2)  BC:0000  DE:0000  HL:0034  AF:4402  SP:7FF3  PC:005E   
005F  FE 24     CPI 24      (2)  BC:0000  DE:0000  HL:0034  AF:4902  SP:7FF3  PC:005F   
0061  CA 6C 00  JZ 006C     (2)  BC:0000  DE:0000  HL:0034  AF:4902  SP:7FF3  PC:0061   
0064  7E        MOV A,M     (2)  BC:0000  DE:0000  HL:0034  AF:4902  SP:7FF3  PC:0064   
0065  CD 71 00  CALL 0071   (2)  BC:0000  DE:0000  HL:0034  AF:4902  SP:7FF3  PC:0065   
0068  23        INX H       (2)  BC:0000  DE:0000  HL:0034  AF:4902  SP:7FF3  PC:0068   
0069  C3 5E 00  JMP 005E    (2)  BC:0000  DE:0000  HL:0035  AF:4902  SP:7FF3  PC:0069   
005E  7E        MOV A,M     (2)  BC:0000  DE:0000  HL:0035  AF:4902  SP:7FF3  PC:005E   
005F  FE 24     CPI 24      (2)  BC:0000  DE:0000  HL:0035  AF:4102  SP:7FF3  PC:005F   
0061  CA 6C 00  JZ 006C     (2)  BC:0000  DE:0000  HL:0035  AF:4116  SP:7FF3  PC:0061   
0064  7E        MOV A,M     (2)  BC:0000  DE:0000  HL:0035  AF:4116  SP:7FF3  PC:0064   
0065  CD 71 00  CALL 0071   (2)  BC:0000  DE:0000  HL:0035  AF:4116  SP:7FF3  PC:0065   
0068  23        INX H       (2)  BC:0000  DE:0000  HL:0035  AF:4116  SP:7FF3  PC:0068   
0069  C3 5E 00  JMP 005E    (2)  BC:0000  DE:0000  HL:0036  AF:4116  SP:7FF3  PC:0069   
005E  7E        MOV A,M     (2)  BC:0000  DE:0000  HL:0036  AF:4116  SP:7FF3  PC:005E   
005F  FE 24     CPI 24      (2)  BC:0000  DE:0000  HL:0036  AF:4716  SP:7FF3  PC:005F   
0061  CA 6C 00  JZ 006C     (2)  BC:0000  DE:0000  HL:0036  AF:4702  SP:7FF3  PC:0061   
0064  7E        MOV A,M     (2)  BC:0000  DE:0000  HL:0036  AF:4702  SP:7FF3  PC:0064   
0065  CD 71 00  CALL 0071   (2)  BC:0000  DE:0000  HL:0036  AF:4702  SP:7FF3  PC:0065   
0068  23        INX H       (2)  BC:0000  DE:0000  HL:0036  AF:4702  SP:7FF3  PC:0068   
0069  C3 5E 00  JMP 005E    (2)  BC:0000  DE:0000  HL:0037  AF:4702  SP:7FF3  PC:0069   
005E  7E        MOV A,M     (2)  BC:0000  DE:0000  HL:0037  AF:4702  SP:7FF3  PC:005E   
005F  FE 24     CPI 24      (2)  BC:0000  DE:0000  HL:0037  AF:4E02  SP:7FF3  PC:005F   
0061  CA 6C 00  JZ 006C     (2)  BC:0000  DE:0000  HL:0037  AF:4E02  SP:7FF3  PC:0061   
0064  7E        MOV A,M     (2)  BC:0000  DE:0000  HL:0037  AF:4E02  SP:7FF3  PC:0064   
0065  CD 71 00  CALL 0071   (2)  BC:0000  DE:0000  HL:0037  AF:4E02  SP:7FF3  PC:0065   
0068  23        INX H       (2)  BC:0000  DE:0000  HL:0037  AF:4E02  SP:7FF3  PC:0068   
0069  C3 5E 00  JMP 005E    (2)  BC:0000  DE:0000  HL:0038  AF:4E02  SP:7FF3  PC:0069   
005E  7E        MOV A,M     (2)  BC:0000  DE:0000  HL:0038  AF:4E02  SP:7FF3  PC:005E   
005F  FE 24     CPI 24      (2)  BC:0000  DE:0000  HL:0038  AF:4F02  SP:7FF3  PC:005F   
0061  CA 6C 00  JZ 006C     (2)  BC:0000  DE:0000  HL:0038  AF:4F06  SP:7FF3  PC:0061   
0064  7E        MOV A,M     (2)  BC:0000  DE:0000  HL:0038  AF:4F06  SP:7FF3  PC:0064   
0065  CD 71 00  CALL 0071   (2)  BC:0000  DE:0000  HL:0038  AF:4F06  SP:7FF3  PC:0065   
0068  23        INX H       (2)  BC:0000  DE:0000  HL:0038  AF:4F06  SP:7FF3  PC:0068   
0069  C3 5E 00  JMP 005E    (2)  BC:0000  DE:0000  HL:0039  AF:4F06  SP:7FF3  PC:0069   
005E  7E        MOV A,M     (2)  BC:0000  DE:0000  HL:0039  AF:4F06  SP:7FF3  PC:005E   
005F  FE 24     CPI 24      (2)  BC:0000  DE:0000  HL:0039  AF:5306  SP:7FF3  PC:005F   
0061  CA 6C 00  JZ 006C     (2)  BC:0000  DE:0000  HL:0039  AF:5312  SP:7FF3  PC:0061   
0064  7E        MOV A,M     (2)  BC:0000  DE:0000  HL:0039  AF:5312  SP:7FF3  PC:0064   
0065  CD 71 00  CALL 0071   (2)  BC:0000  DE:0000  HL:0039  AF:5312  SP:7FF3  PC:0065   
0068  23        INX H       (2)  BC:0000  DE:0000  HL:0039  AF:5312  SP:7FF3  PC:0068   
0069  C3 5E 00  JMP 005E    (2)  BC:0000  DE:0000  HL:003A  AF:5312  SP:7FF3  PC:0069   
005E  7E        MOV A,M     (2)  BC:0000  DE:0000  HL:003A  AF:5312  SP:7FF3  PC:005E   
005F  FE 24     CPI 24      (2)  BC:0000  DE:0000  HL:003A  AF:5412  SP:7FF3  PC:005F   
0061  CA 6C 00  JZ 006C     (2)  BC:0000  DE:0000  HL:003A  AF:5406  SP:7FF3  PC:0061   
0064  7E        MOV A,M     (2)  BC:0000  DE:0000  HL:003A  AF:5406  SP:7FF3  PC:0064   
0065  CD 71 00  CALL 0071   (2)  BC:0000  DE:0000  HL:003A  AF:5406  SP:7FF3  PC:0065   
0068  23        INX H       (2)  BC:0000  DE:0000  HL:003A  AF:5406  SP:7FF3  PC:0068   
0069  C3 5E 00  JMP 005E    (2)  BC:0000  DE:0000  HL:003B  AF:5406  SP:7FF3  PC:0069   
005E  7E        MOV A,M     (2)  BC:0000  DE:0000  HL:003B  AF:5406  SP:7FF3  PC:005E   
005F  FE 24     CPI 24      (2)  BC:0000  DE:0000  HL:003B  AF:4906  SP:7FF3  PC:005F   
0061  CA 6C 00  JZ 006C     (2)  BC:0000  DE:0000  HL:003B  AF:4902  SP:7FF3  PC:0061   
0064  7E        MOV A,M     (2)  BC:0000  DE:0000  HL:003B  AF:4902  SP:7FF3  PC:0064   
0065  CD 71 00  CALL 0071   (2)  BC:0000  DE:0000  HL:003B  AF:4902  SP:7FF3  PC:0065   
0068  23        INX H       (2)  BC:0000  DE:0000  HL:003B  AF:4902  SP:7FF3  PC:0068   
0069  C3 5E 00  JMP 005E    (2)  BC:0000  DE:0000  HL:003C  AF:4902  SP:7FF3  PC:0069   
005E  7E        MOV A,M     (2)  BC:0000  DE:0000  HL:003C  AF:4902  SP:7FF3  PC:005E   
005F  FE 24     CPI 24      (2)  BC:0000  DE:0000  HL:003C  AF:4302  SP:7FF3  PC:005F   
0061  CA 6C 00  JZ 006C     (2)  BC:0000  DE:0000  HL:003C  AF:4312  SP:7FF3  PC:0061   
0064  7E        MOV A,M     (2)  BC:0000  DE:0000  HL:003C  AF:4312  SP:7FF3  PC:0064   
0065  CD 71 00  CALL 0071   (2)  BC:0000  DE:0000  HL:003C  AF:4312  SP:7FF3  PC:0065   
0068  23        INX H       (2)  BC:0000  DE:0000  HL:003C  AF:4312  SP:7FF3  PC:0068   
0069  C3 5E 00  JMP 005E    (2)  BC:0000  DE:0000  HL:003D  AF:4312  SP:7FF3  PC:0069   
005E  7E        MOV A,M     (2)  BC:0000  DE:0000  HL:003D  AF:4312  SP:7FF3  PC:005E   
005F  FE 24     CPI 24      (2)  BC:0000  DE:0000  HL:003D  AF:0D12  SP:7FF3  PC:005F   
0061  CA 6C 00  JZ 006C     (2)  BC:0000  DE:0000  HL:003D  AF:0D83  SP:7FF3  PC:0061   
0064  7E        MOV A,M     (2)  BC:0000  DE:0000  HL:003D  AF:0D83  SP:7FF3  PC:0064   
0065  CD 71 00  CALL 0071   (2)  BC:0000  DE:0000  HL:003D  AF:0D83  SP:7FF3  PC:0065   
0068  23        INX H       (2)  BC:0000  DE:0000  HL:003D  AF:0D83  SP:7FF3  PC:0068   
0069  C3 5E 00  JMP 005E    (2)  BC:0000  DE:0000  HL:003E  AF:0D83  SP:7FF3  PC:0069   
005E  7E        MOV A,M     (2)  BC:0000  DE:0000  HL:003E  AF:0D83  SP:7FF3  PC:005E   
005F  FE 24     CPI 24      (2)  BC:0000  DE:0000  HL:003E  AF:0A83  SP:7FF3  PC:005F   
0061  CA 6C 00  JZ 006C     (2)  BC:0000  DE:0000  HL:003E  AF:0A83  SP:7FF3  PC:0061   
0064  7E        MOV A,M     (2)  BC:0000  DE:0000  HL:003E  AF:0A83  SP:7FF3  PC:0064   
0065  CD 71 00  CALL 0071   (2)  BC:0000  DE:0000  HL:003E  AF:0A83  SP:7FF3  PC:0065   
0068  23        INX H       (2)  BC:0000  DE:0000  HL:003E  AF:0A83  SP:7FF3  PC:0068   
0069  C3 5E 00  JMP 005E    (2)  BC:0000  DE:0000  HL:003F  AF:0A83  SP:7FF3  PC:0069   
005E  7E        MOV A,M     (2)  BC:0000  DE:0000  HL:003F  AF:0A83  SP:7FF3  PC:005E   
005F  FE 24     CPI 24      (2)  BC:0000  DE:0000  HL:003F  AF:5683  SP:7FF3  PC:005F   
0061  CA 6C 00  JZ 006C     (2)  BC:0000  DE:0000  HL:003F  AF:5602  SP:7FF3  PC:0061   
0064  7E        MOV A,M     (2)  BC:0000  DE:0000  HL:003F  AF:5602  SP:7FF3  PC:0064   
0065  CD 71 00  CALL 0071   (2)  BC:0000  DE:0000  HL:003F  AF:5602  SP:7FF3  PC:0065   
0068  23        INX H       (2)  BC:0000  DE:0000  HL:003F  AF:5602  SP:7FF3  PC:0068   
0069  C3 5E 00  JMP 005E    (2)  BC:0000  DE:0000  HL:0040  AF:5602  SP:7FF3  PC:0069   
005E  7E        MOV A,M     (2)  BC:0000  DE:0000  HL:0040  AF:5602  SP:7FF3  PC:005E   
005F  FE 24     CPI 24      (2)  BC:0000  DE:0000  HL:0040  AF:4502  SP:7FF3  PC:005F   
0061  CA 6C 00  JZ 006C     (2)  BC:0000  DE:0000  HL:0040  AF:4506  SP:7FF3  PC:0061   
0064  7E        MOV A,M     (2)  BC:0000  DE:0000  HL:0040  AF:4506  SP:7FF3  PC:0064   
0065  CD 71 00  CALL 0071   (2)  BC:0000  DE:0000  HL:0040  AF:4506  SP:7FF3  PC:0065   
0068  23        INX H       (2)  BC:0000  DE:0000  HL:0040  AF:4506  SP:7FF3  PC:0068   
0069  C3 5E 00  JMP 005E    (2)  BC:0000  DE:0000  HL:0041  AF:4506  SP:7FF3  PC:0069   
005E  7E        MOV A,M     (2)  BC:0000  DE:0000  HL:0041  AF:4506  SP:7FF3  PC:005E   
005F  FE 24     CPI 24      (2)  BC:0000  DE:0000  HL:0041  AF:5206  SP:7FF3  PC:005F   
0061  CA 6C 00  JZ 006C     (2)  BC:0000  DE:0000  HL:0041  AF:5216  SP:7FF3  PC:0061   
0064  7E        MOV A,M     (2)  BC:0000  DE:0000  HL:0041  AF:5216  SP:7FF3  PC:0064   
0065  CD 71 00  CALL 0071   (2)  BC:0000  DE:0000  HL:0041  AF:5216  SP:7FF3  PC:0065   
0068  23        INX H       (2)  BC:0000  DE:0000  HL:0041  AF:5216  SP:7FF3  PC:0068   
0069  C3 5E 00  JMP 005E    (2)  BC:0000  DE:0000  HL:0042  AF:5216  SP:7FF3  PC:0069   
005E  7E        MOV A,M     (2)  BC:0000  DE:0000  HL:0042  AF:5216  SP:7FF3  PC:005E   
005F  FE 24     CPI 24      (2)  BC:0000  DE:0000  HL:0042  AF:5316  SP:7FF3  PC:005F   
0061  CA 6C 00  JZ 006C     (2)  BC:0000  DE:0000  HL:0042  AF:5312  SP:7FF3  PC:0061   
0064  7E        MOV A,M     (2)  BC:0000  DE:0000  HL:0042  AF:5312  SP:7FF3  PC:0064   
0065  CD 71 00  CALL 0071   (2)  BC:0000  DE:0000  HL:0042  AF:5312  SP:7FF3  PC:0065   
0068  23        INX H       (2)  BC:0000  DE:0000  HL:0042  AF:5312  SP:7FF3  PC:0068   
0069  C3 5E 00  JMP 005E    (2)  BC:0000  DE:0000  HL:0043  AF:5312  SP:7FF3  PC:0069   
005E  7E        MOV A,M     (2)  BC:0000  DE:0000  HL:0043  AF:5312  SP:7FF3  PC:005E   
005F  FE 24     CPI 24      (2)  BC:0000  DE:0000  HL:0043  AF:4912  SP:7FF3  PC:005F   
0061  CA 6C 00  JZ 006C     (2)  BC:0000  DE:0000  HL:0043  AF:4902  SP:7FF3  PC:0061   
0064  7E        MOV A,M     (2)  BC:0000  DE:0000  HL:0043  AF:4902  SP:7FF3  PC:0064   
0065  CD 71 00  CALL 0071   (2)  BC:0000  DE:0000  HL:0043  AF:4902  SP:7FF3  PC:0065   
0068  23        INX H       (2)  BC:0000  DE:0000  HL:0043  AF:4902  SP:7FF3  PC:0068   
0069  C3 5E 00  JMP 005E    (2)  BC:0000  DE:0000  HL:0044  AF:4902  SP:7FF3  PC:0069   
005E  7E        MOV A,M     (2)  BC:0000  DE:0000  HL:0044  AF:4902  SP:7FF3  PC:005E   
005F  FE 24     CPI 24      (2)  BC:0000  DE:0000  HL:0044  AF:4F02  SP:7FF3  PC:005F   
0061  CA 6C 00  JZ 006C     (2)  BC:0000  DE:0000  HL:0044  AF:4F06  SP:7FF3  PC:0061   
0064  7E        MOV A,M     (2)  BC:0000  DE:0000  HL:0044  AF:4F06  SP:7FF3  PC:0064   
0065  CD 71 00  CALL 0071   (2)  BC:0000  DE:0000  HL:0044  AF:4F06  SP:7FF3  PC:0065   
0068  23        INX H       (2)  BC:0000  DE:0000  HL:0044  AF:4F06  SP:7FF3  PC:0068   
0069  C3 5E 00  JMP 005E    (2)  BC:0000  DE:0000  HL:0045  AF:4F06  SP:7FF3  PC:0069   
005E  7E        MOV A,M     (2)  BC:0000  DE:0000  HL:0045  AF:4F06  SP:7FF3  PC:005E   
005F  FE 24     CPI 24      (2)  BC:0000  DE:0000  HL:0045  AF:4E06  SP:7FF3  PC:005F   
0061  CA 6C 00  JZ 006C     (2)  BC:0000  DE:0000  HL:0045  AF:4E02  SP:7FF3  PC:0061   
0064  7E        MOV A,M     (2)  BC:0000  DE:0000  HL:0045  AF:4E02  SP:7FF3  PC:0064   
0065  CD 71 00  CALL 0071   (2)  BC:0000  DE:0000  HL:0045  AF:4E02  SP:7FF3  PC:0065   
0068  23        INX H       (2)  BC:0000  DE:0000  HL:0045  AF:4E02  SP:7FF3  PC:0068   
0069  C3 5E 00  JMP 005E    (2)  BC:0000  DE:0000  HL:0046  AF:4E02  SP:7FF3  PC:0069   
005E  7E        MOV A,M     (2)  BC:0000  DE:0000  HL:0046  AF:4E02  SP:7FF3  PC:005E   
005F  FE 24     CPI 24      (2)  BC:0000  DE:0000  HL:0046  AF:2002  SP:7FF3  PC:005F   
0061  CA 6C 00  JZ 006C     (2)  BC:0000  DE:0000  HL:0046  AF:2097  SP:7FF3  PC:0061   
0064  7E        MOV A,M     (2)  BC:0000  DE:0000  HL:0046  AF:2097  SP:7FF3  PC:0064   
0065  CD 71 00  CALL 0071   (2)  BC:0000  DE:0000  HL:0046  AF:2097  SP:7FF3  PC:0065   
0068  23        INX H       (2)  BC:0000  DE:0000  HL:0046  AF:2097  SP:7FF3  PC:0068   
0069  C3 5E 00  JMP 005E    (2)  BC:0000  DE:0000  HL:0047  AF:2097  SP:7FF3  PC:0069   
005E  7E        MOV A,M     (2)  BC:0000  DE:0000  HL:0047  AF:2097  SP:7FF3  PC:005E   
005F  FE 24     CPI 24      (2)  BC:0000  DE:0000  HL:0047  AF:3197  SP:7FF3  PC:005F   
0061  CA 6C 00  JZ 006C     (2)  BC:0000  DE:0000  HL:0047  AF:3112  SP:7FF3  PC:0061   
0064  7E        MOV A,M     (2)  BC:0000  DE:0000  HL:0047  AF:3112  SP:7FF3  PC:0064   
0065  CD 71 00  CALL 0071   (2)  BC:0000  DE:0000  HL:0047  AF:3112  SP:7FF3  PC:0065   
0068  23        INX H       (2)  BC:0000  DE:0000  HL:0047  AF:3112  SP:7FF3  PC:0068   
0069  C3 5E 00  JMP 005E    (2)  BC:0000  DE:0000  HL:0048  AF:3112  SP:7FF3  PC:0069   
005E  7E        MOV A,M     (2)  BC:0000  DE:0000  HL:0048  AF:3112  SP:7FF3  PC:005E   
005F  FE 24     CPI 24      (2)  BC:0000  DE:0000  HL:0048  AF:2E12  SP:7FF3  PC:005F   
0061  CA 6C 00  JZ 006C     (2)  BC:0000  DE:0000  HL:0048  AF:2E06  SP:7FF3  PC:0061   
0064  7E        MOV A,M     (2)  BC:0000  DE:0000  HL:0048  AF:2E06  SP:7FF3  PC:0064   
0065  CD 71 00  CALL 0071   (2)  BC:0000  DE:0000  HL:0048  AF:2E06  SP:7FF3  PC:0065   
0068  23        INX H       (2)  BC:0000  DE:0000  HL:0048  AF:2E06  SP:7FF3  PC:0068   
0069  C3 5E 00  JMP 005E    (2)  BC:0000  DE:0000  HL:0049  AF:2E06  SP:7FF3  PC:0069   
005E  7E        MOV A,M     (2)  BC:0000  DE:0000  HL:0049  AF:2E06  SP:7FF3  PC:005E   
005F  FE 24     CPI 24      (2)  BC:0000  DE:0000  HL:0049  AF:3006  SP:7FF3  PC:005F   
0061  CA 6C 00  JZ 006C     (2)  BC:0000  DE:0000  HL:0049  AF:3016  SP:7FF3  PC:0061   
0064  7E        MOV A,M     (2)  BC:0000  DE:0000  HL:0049  AF:3016  SP:7FF3  PC:0064   
0065  CD 71 00  CALL 0071   (2)  BC:0000  DE:0000  HL:0049  AF:3016  SP:7FF3  PC:0065   
0068  23        INX H       (2)  BC:0000  DE:0000  HL:0049  AF:3016  SP:7FF3  PC:0068   
0069  C3 5E 00  JMP 005E    (2)  BC:0000  DE:0000  HL:004A  AF:3016  SP:7FF3  PC:0069   
005E  7E        MOV A,M     (2)  BC:0000  DE:0000  HL:004A  AF:3016  SP:7FF3  PC:005E   
005F  FE 24     CPI 24      (2)  BC:0000  DE:0000  HL:004A  AF:2016  SP:7FF3  PC:005F   
0061  CA 6C 00  JZ 006C     (2)  BC:0000  DE:0000  HL:004A  AF:2097  SP:7FF3  PC:0061   
0064  7E        MOV A,M     (2)  BC:0000  DE:0000  HL:004A  AF:2097  SP:7FF3  PC:0064   
0065  CD 71 00  CALL 0071   (2)  BC:0000  DE:0000  HL:004A  AF:2097  SP:7FF3  PC:0065   
0068  23        INX H       (2)  BC:0000  DE:0000  HL:004A  AF:2097  SP:7FF3  PC:0068   
0069  C3 5E 00  JMP 005E    (2)  BC:0000  DE:0000  HL:004B  AF:2097  SP:7FF3  PC:0069   
005E  7E        MOV A,M     (2)  BC:0000  DE:0000  HL:004B  AF:2097  SP:7FF3  PC:005E   
005F  FE 24     CPI 24      (2)  BC:0000  DE:0000  HL:004B  AF:2097  SP:7FF3  PC:005F   
0061  CA 6C 00  JZ 006C     (2)  BC:0000  DE:0000  HL:004B  AF:2097  SP:7FF3  PC:0061   
0064  7E        MOV A,M     (2)  BC:0000  DE:0000  HL:004B  AF:2097  SP:7FF3  PC:0064   
0065  CD 71 00  CALL 0071   (2)  BC:0000  DE:0000  HL:004B  AF:2097  SP:7FF3  PC:0065   
0068  23        INX H       (2)  BC:0000  DE:0000  HL:004B  AF:2097  SP:7FF3  PC:0068   
0069  C3 5E 00  JMP 005E    (2)  BC:0000  DE:0000  HL:004C  AF:2097  SP:7FF3  PC:0069   
005E  7E        MOV A,M     (2)  BC:0000  DE:0000  HL:004C  AF:2097  SP:7FF3  PC:005E   
005F  FE 24     CPI 24      (2)  BC:0000  DE:0000  HL:004C  AF:2897  SP:7FF3  PC:005F   
0061  CA 6C 00  JZ 006C     (2)  BC:0000  DE:0000  HL:004C  AF:2802  SP:7FF3  PC:0061   
0064  7E        MOV A,M     (2)  BC:0000  DE:0000  HL:004C  AF:2802  SP:7FF3  PC:0064   
0065  CD 71 00  CALL 0071   (2)  BC:0000  DE:0000  HL:004C  AF:2802  SP:7FF3  PC:0065   
0068  23        INX H       (2)  BC:0000  DE:0000  HL:004C  AF:2802  SP:7FF3  PC:0068   
0069  C3 5E 00  JMP 005E    (2)  BC:0000  DE:0000  HL:004D  AF:2802  SP:7FF3  PC:0069   
005E  7E        MOV A,M     (2)  BC:0000  DE:0000  HL:004D  AF:2802  SP:7FF3  PC:005E   
005F  FE 24     CPI 24      (2)  BC:0000  DE:0000  HL:004D  AF:4302  SP:7FF3  PC:005F   
0061  CA 6C 00  JZ 006C     (2)  BC:0000  DE:0000  HL:004D  AF:4312  SP:7FF3  PC:0061   
0064  7E        MOV A,M     (2)  BC:0000  DE:0000  HL:004D  AF:4312  SP:7FF3  PC:0064   
0065  CD 71 00  CALL 0071   (2)  BC:0000  DE:0000  HL:004D  AF:4312  SP:7FF3  PC:0065   
0068  23        INX H       (2)  BC:0000  DE:0000  HL:004D  AF:4312  SP:7FF3  PC:0068   
0069  C3 5E 00  JMP 005E    (2)  BC:0000  DE:0000  HL:004E  AF:4312  SP:7FF3  PC:0069   
005E  7E        MOV A,M     (2)  BC:0000  DE:0000  HL:004E  AF:4312  SP:7FF3  PC:005E   
005F  FE 24     CPI 24      (2)  BC:0000  DE:0000  HL:004E  AF:2912  SP:7FF3  PC:005F   
0061  CA 6C 00  JZ 006C     (2)  BC:0000  DE:0000  HL:004E  AF:2906  SP:7FF3  PC:0061   
0064  7E        MOV A,M     (2)  BC:0000  DE:0000  HL:004E  AF:2906  SP:7FF3  PC:0064   
0065  CD 71 00  CALL 0071   (2)  BC:0000  DE:0000  HL:004E  AF:2906  SP:7FF3  PC:0065   
0068  23        INX H       (2)  BC:0000  DE:0000  HL:004E  AF:2906  SP:7FF3  PC:0068   
0069  C3 5E 00  JMP 005E    (2)  BC:0000  DE:0000  HL:004F  AF:2906  SP:7FF3  PC:0069   
005E  7E        MOV A,M     (2)  BC:0000  DE:0000  HL:004F  AF:2906  SP:7FF3  PC:005E   
005F  FE 24     CPI 24      (2)  BC:0000  DE:0000  HL:004F  AF:2006  SP:7FF3  PC:005F   
0061  CA 6C 00  JZ 006C     (2)  BC:0000  DE:0000  HL:004F  AF:2097  SP:7FF3  PC:0061   
0064  7E        MOV A,M     (2)  BC:0000  DE:0000  HL:004F  AF:2097  SP:7FF3  PC:0064   
0065  CD 71 00  CALL 0071   (2)  BC:0000  DE:0000  HL:004F  AF:2097  SP:7FF3  PC:0065   
0068  23        INX H       (2)  BC:0000  DE:0000  HL:004F  AF:2097  SP:7FF3  PC:0068   
0069  C3 5E 00  JMP 005E    (2)  BC:0000  DE:0000  HL:0050  AF:2097  SP:7FF3  PC:0069   
005E  7E        MOV A,M     (2)  BC:0000  DE:0000  HL:0050  AF:2097  SP:7FF3  PC:005E   
005F  FE 24     CPI 24      (2)  BC:0000  DE:0000  HL:0050  AF:3197  SP:7FF3  PC:005F   
0061  CA 6C 00  JZ 006C     (2)  BC:0000  DE:0000  HL:0050  AF:3112  SP:7FF3  PC:0061   
0064  7E        MOV A,M     (2)  BC:0000  DE:0000  HL:0050  AF:3112  SP:7FF3  PC:0064   
0065  CD 71 00  CALL 0071   (2)  BC:0000  DE:0000  HL:0050  AF:3112  SP:7FF3  PC:0065   
0068  23        INX H       (2)  BC:0000  DE:0000  HL:0050  AF:3112  SP:7FF3  PC:0068   
0069  C3 5E 00  JMP 005E    (2)  BC:0000  DE:0000  HL:0051  AF:3112  SP:7FF3  PC:0069   
005E  7E        MOV A,M     (2)  BC:0000  DE:0000  HL:0051  AF:3112  SP:7FF3  PC:005E   
005F  FE 24     CPI 24      (2)  BC:0000  DE:0000  HL:0051  AF:3912  SP:7FF3  PC:005F   
0061  CA 6C 00  JZ 006C     (2)  BC:0000  DE:0000  HL:0051  AF:3902  SP:7FF3  PC:0061   
0064  7E        MOV A,M     (2)  BC:0000  DE:0000  HL:0051  AF:3902  SP:7FF3  PC:0064   
0065  CD 71 00  CALL 0071   (2)  BC:0000  DE:0000  HL:0051  AF:3902  SP:7FF3  PC:0065   
0068  23        INX H       (2)  BC:0000  DE:0000  HL:0051  AF:3902  SP:7FF3  PC:0068   
0069  C3 5E 00  JMP 005E    (2)  BC:0000  DE:0000  HL:0052  AF:3902  SP:7FF3  PC:0069   
005E  7E        MOV A,M     (2)  BC:0000  DE:0000  HL:0052  AF:3902  SP:7FF3  PC:005E   
005F  FE 24     CPI 24      (2)  BC:0000  DE:0000  HL:0052  AF:3802  SP:7FF3  PC:005F   
0061  CA 6C 00  JZ 006C     (2)  BC:0000  DE:0000  HL:0052  AF:3806  SP:7FF3  PC:0061   
0064  7E        MOV A,M     (2)  BC:0000  DE:0000  HL:0052  AF:3806  SP:7FF3  PC:0064   
0065  CD 71 00  CALL 0071   (2)  BC:0000  DE:0000  HL:0052  AF:3806  SP:7FF3  PC:0065   
0068  23        INX H       (2)  BC:0000  DE:0000  HL:0052  AF:3806  SP:7FF3  PC:0068   
0069  C3 5E 00  JMP 005E    (2)  BC:0000  DE:0000  HL:0053  AF:3806  SP:7FF3  PC:0069   
005E  7E        MOV A,M     (2)  BC:0000  DE:0000  HL:0053  AF:3806  SP:7FF3  PC:005E   
005F  FE 24     CPI 24      (2)  BC:0000  DE:0000  HL:0053  AF:3006  SP:7FF3  PC:005F   
0061  CA 6C 00  JZ 006C     (2)  BC:0000  DE:0000  HL:0053  AF:3016  SP:7FF3  PC:0061   
0064  7E        MOV A,M     (2)  BC:0000  DE:0000  HL:0053  AF:3016  SP:7FF3  PC:0064   
0065  CD 71 00  CALL 0071   (2)  BC:0000  DE:0000  HL:0053  AF:3016  SP:7FF3  PC:0065   
0068  23        INX H       (2)  BC:0000  DE:0000  HL:0053  AF:3016  SP:7FF3  PC:0068   
0069  C3 5E 00  JMP 005E    (2)  BC:0000  DE:0000  HL:0054  AF:3016  SP:7FF3  PC:0069   
005E  7E        MOV A,M     (2)  BC:0000  DE:0000  HL:0054  AF:3016  SP:7FF3  PC:005E   
005F  FE 24     CPI 24      (2)  BC:0000  DE:0000  HL:0054  AF:0D16  SP:7FF3  PC:005F   
0061  CA 6C 00  JZ 006C     (2)  BC:0000  DE:0000  HL:0054  AF:0D83  SP:7FF3  PC:0061   
0064  7E        MOV A,M     (2)  BC:0000  DE:0000  HL:0054  AF:0D83  SP:7FF3  PC:0064   
0065  CD 71 00  CALL 0071   (2)  BC:0000  DE:0000  HL:0054  AF:0D83  SP:7FF3  PC:0065   
0068  23        INX H       (2)  BC:0000  DE:0000  HL:0054  AF:0D83  SP:7FF3  PC:0068   
0069  C3 5E 00  JMP 005E    (2)  BC:0000  DE:0000  HL:0055  AF:0D83  SP:7FF3  PC:0069   
005E  7E        MOV A,M     (2)  BC:0000  DE:0000  HL:0055  AF:0D83  SP:7FF3  PC:005E   
005F  FE 24     CPI 24      (2)  BC:0000  DE:0000  HL:0055  AF:0A83  SP:7FF3  PC:005F   
0061  CA 6C 00  JZ 006C     (2)  BC:0000  DE:0000  HL:0055  AF:0A83  SP:7FF3  PC:0061   
0064  7E        MOV A,M     (2)  BC:0000  DE:0000  HL:0055  AF:0A83  SP:7FF3  PC:0064   
0065  CD 71 00  CALL 0071   (2)  BC:0000  DE:0000  HL:0055  AF:0A83  SP:7FF3  PC:0065   
0068  23        INX H       (2)  BC:0000  DE:0000  HL:0055  AF:0A83  SP:7FF3  PC:0068   
0069  C3 5E 00  JMP 005E    (2)  BC:0000  DE:0000  HL:0056  AF:0A83  SP:7FF3  PC:0069   
005E  7E        MOV A,M     (2)  BC:0000  DE:0000  HL:0056  AF:0A83  SP:7FF3  PC:005E   
005F  FE 24     CPI 24      (2)  BC:0000  DE:0000  HL:0056  AF:2483  SP:7FF3  PC:005F   
0061  CA 6C 00  JZ 006C     (2)  BC:0000  DE:0000  HL:0056  AF:2446  SP:7FF3  PC:0061   
006C  F1        POP PSW     (2)  BC:0000  DE:0000  HL:0056  AF:2446  SP:7FF3  PC:006C   
006D  E1        POP H       (2)  BC:0000  DE:0000  HL:0056  AF:0056  SP:7FF5  PC:006D   
006E  D1        POP D       (2)  BC:0000  DE:0000  HL:000D  AF:0056  SP:7FF7  PC:006E   
006F  C1        POP B       (2)  BC:0000  DE:0000  HL:000D  AF:0056  SP:7FF9  PC:006F   
0070  C9        RET         (2)  BC:0000  DE:0000  HL:000D  AF:0056  SP:7FFB  PC:0070   
000A  C3 D9 00  JMP 00D9    (1)  BC:0000  DE:0000  HL:000D  AF:0056  SP:7FFD  PC:000A   
00D9  31 D5 06  LXI SP,06D5 (1)  BC:0000  DE:0000  HL:000D  AF:0056  SP:7FFD  PC:00D9   
00DC  E6 00     ANI 00      (1)  BC:0000  DE:0000  HL:000D  AF:0056  SP:06D5  PC:00DC   
00DE  CA E4 00  JZ 00E4     (1)  BC:0000  DE:0000  HL:000D  AF:0056  SP:06D5  PC:00DE   
00E4  D2 EA 00  JNC 00EA    (1)  BC:0000  DE:0000  HL:000D  AF:0056  SP:06D5  PC:00E4   
00EA  EA F0 00  JPE 00F0    (1)  BC:0000  DE:0000  HL:000D  AF:0056  SP:06D5  PC:00EA   
00F0  F2 F6 00  JP 00F6     (1)  BC:0000  DE:0000  HL:000D  AF:0056  SP:06D5  PC:00F0   
00F6  C2 05 01  JNZ 0105    (1)  BC:0000  DE:0000  HL:000D  AF:0056  SP:06D5  PC:00F6   
00F9  DA 05 01  JC 0105     (1)  BC:0000  DE:0000  HL:000D  AF:0056  SP:06D5  PC:00F9   
00FC  E2 05 01  JPO 0105    (1)  BC:0000  DE:0000  HL:000D  AF:0056  SP:06D5  PC:00FC   
00FF  FA 05 01  JM 0105     (1)  BC:0000  DE:0000  HL:000D  AF:0056  SP:06D5  PC:00FF   
0057  C3 00 C8  JMP C800    (2)  BC:FFFF  DE:3333  HL:04CE  AF:CE06  SP:06D3  PC:0057   